#
# A fatal error has been detected by the Java Runtime Environment:
#
#  SIGSEGV (0xb) at pc=0x00007f78105efc3d, pid=201571, tid=201598
#
# JRE version: OpenJDK Runtime Environment Temurin-17.0.1+12 (17.0.1+12) (build 17.0.1+12)
# Java VM: OpenJDK 64-Bit Server VM Temurin-17.0.1+12 (17.0.1+12, mixed mode, tiered, compressed oops, compressed class ptrs, parallel gc, linux-amd64)
# Problematic frame:
# V  [libjvm.so+0xae2c3d]  MachNode::in_RegMask(unsigned int) const+0x7d
#
# Core dump will be written. Default location: Core dumps may be processed with "/usr/share/apport/apport %p %s %c %d %P %E" (or dumping to /home/artur/Desktop/3ano/IES/medical-management-system/Project/core.201571)
#
# If you would like to submit a bug report, please visit:
#   https://github.com/adoptium/adoptium-support/issues
#

---------------  S U M M A R Y ------------

Command Line: --add-modules=ALL-SYSTEM --add-opens=java.base/java.util=ALL-UNNAMED --add-opens=java.base/java.lang=ALL-UNNAMED -Declipse.application=org.eclipse.jdt.ls.core.id1 -Dosgi.bundles.defaultStartLevel=4 -Declipse.product=org.eclipse.jdt.ls.core.product -Djava.import.generatesMetadataFilesAtProjectRoot=false -Dfile.encoding=utf8 -XX:+UseParallelGC -XX:GCTimeRatio=4 -XX:AdaptiveSizePolicyWeight=90 -Dsun.zip.disableMemoryMapping=true -Xmx2G -Xms100m -XX:+HeapDumpOnOutOfMemoryError -XX:HeapDumpPath=/home/artur/.config/Code/User/workspaceStorage/68e882bbe0e19ee7d9ce481bef1e990f/redhat.java /home/artur/.vscode/extensions/redhat.java-1.2.0/server/plugins/org.eclipse.equinox.launcher_1.6.400.v20210924-0641.jar -configuration /home/artur/.config/Code/User/globalStorage/redhat.java/1.2.0/config_linux -data /home/artur/.config/Code/User/workspaceStorage/68e882bbe0e19ee7d9ce481bef1e990f/redhat.java/jdt_ws

Host: Intel(R) Core(TM) i7-9750H CPU @ 2.60GHz, 12 cores, 15G, Ubuntu 20.04.3 LTS
Time: Thu Jan 13 00:34:44 2022 WET elapsed time: 4.577715 seconds (0d 0h 0m 4s)

---------------  T H R E A D  ---------------

Current thread (0x00007f77c823c350):  JavaThread "C2 CompilerThread1" daemon [_thread_in_native, id=201598, stack(0x00007f77ec53f000,0x00007f77ec640000)]


Current CompileTask:
C2:   4577 8499  s    4       jdk.internal.jimage.ImageReader$SharedImageReader::findNode (36 bytes)

Stack: [0x00007f77ec53f000,0x00007f77ec640000],  sp=0x00007f77ec63b560,  free space=1009k
Native frames: (J=compiled Java code, j=interpreted, Vv=VM code, C=native code)
V  [libjvm.so+0xae2c3d]  MachNode::in_RegMask(unsigned int) const+0x7d
V  [libjvm.so+0x539e1c]  PhaseChaitin::gather_lrg_masks(bool)+0x18c
V  [libjvm.so+0x53e475]  PhaseChaitin::Register_Allocate()+0x515
V  [libjvm.so+0x5d8c2f]  Compile::Code_Gen()+0x28f
V  [libjvm.so+0x5dff92]  Compile::Compile(ciEnv*, ciMethod*, int, bool, bool, bool, bool, bool, DirectiveSet*)+0xe72
V  [libjvm.so+0x51162a]  C2Compiler::compile_method(ciEnv*, ciMethod*, int, bool, DirectiveSet*)+0xba
V  [libjvm.so+0x5e9f4c]  CompileBroker::invoke_compiler_on_method(CompileTask*)+0xedc
V  [libjvm.so+0x5eac68]  CompileBroker::compiler_thread_loop()+0x4c8
V  [libjvm.so+0xefe6f0]  JavaThread::thread_main_inner()+0x180
V  [libjvm.so+0xf01b62]  Thread::call_run()+0xe2
V  [libjvm.so+0xc3ccd1]  thread_native_entry(Thread*)+0xe1


siginfo: si_signo: 11 (SIGSEGV), si_code: 1 (SEGV_MAPERR), si_addr: 0x0000001000007f80

Register to memory mapping:

RAX=0x0000001000007f78 is an unknown value
RBX=0x0000000000000002 is an unknown value
RCX=0x00007f780fe1dd90: <offset 0x0000000000310d90> in /home/artur/.vscode/extensions/redhat.java-1.2.0/jre/17.0.1-linux-x86_64/lib/server/libjvm.so at 0x00007f780fb0d000
RDX=0x0000000000007428 is an unknown value
RSP=0x00007f77ec63b560 is pointing into the stack for thread: 0x00007f77c823c350
RBP=0x00007f77ec63b5a0 is pointing into the stack for thread: 0x00007f77c823c350
RSI=0x0000000000000002 is an unknown value
RDI=0x00007f77b0dcdff4 points into unknown readable memory: 78 7f 00 00
R8 =0x0000000005555455 is an unknown value
R9 =0x5555555555555555 is an unknown value
R10=0x0 is NULL
R11=0x0000000000000001 is an unknown value
R12=0x00007f77b0f573b0 points into unknown readable memory: 0x0000000000000000 | 00 00 00 00 00 00 00 00
R13=0x0000000000000002 is an unknown value
R14=0x0000000000000010 is an unknown value
R15=0x00007f77b0dcdf70 points into unknown readable memory: 0x00007f78110100c8 | c8 00 01 11 78 7f 00 00


Registers:
RAX=0x0000001000007f78, RBX=0x0000000000000002, RCX=0x00007f780fe1dd90, RDX=0x0000000000007428
RSP=0x00007f77ec63b560, RBP=0x00007f77ec63b5a0, RSI=0x0000000000000002, RDI=0x00007f77b0dcdff4
R8 =0x0000000005555455, R9 =0x5555555555555555, R10=0x0000000000000000, R11=0x0000000000000001
R12=0x00007f77b0f573b0, R13=0x0000000000000002, R14=0x0000000000000010, R15=0x00007f77b0dcdf70
RIP=0x00007f78105efc3d, EFLAGS=0x0000000000010246, CSGSFS=0x002b000000000033, ERR=0x0000000000000004
  TRAPNO=0x000000000000000e

Top of Stack: (sp=0x00007f77ec63b560)
0x00007f77ec63b560:   00007f77ec63ba10 00007f78110d9e00
0x00007f77ec63b570:   00007f77ec63b5a0 0000000000000002
0x00007f77ec63b580:   00007f77b0f573b0 00007f77ec63ba10
0x00007f77ec63b590:   0000000000000010 00007f77b0dcdf70 

Instructions: (pc=0x00007f78105efc3d)
0x00007f78105efb3d:   c3 66 90 48 8b 07 49 89 f5 49 89 fc ff 90 c0 00
0x00007f78105efb4d:   00 00 41 89 c6 49 8b 45 00 4c 89 ef ff 90 c0 00
0x00007f78105efb5d:   00 00 41 39 c6 75 cf 85 db 74 48 8d 43 ff 31 db
0x00007f78105efb6d:   4c 8d 34 c5 08 00 00 00 eb 12 66 0f 1f 84 00 00
0x00007f78105efb7d:   00 00 00 48 83 c3 08 49 39 de 74 27 49 8b 44 24
0x00007f78105efb8d:   40 48 8b 3c 18 49 8b 45 40 48 8b 34 18 48 8b 07
0x00007f78105efb9d:   ff 90 c8 00 00 00 84 c0 75 d9 eb 8a 0f 1f 80 00
0x00007f78105efbad:   00 00 00 b8 01 00 00 00 e9 7b ff ff ff 66 0f 1f
0x00007f78105efbbd:   44 00 00 55 48 89 e5 41 57 41 56 41 55 41 54 41
0x00007f78105efbcd:   89 f5 53 49 89 ff 48 83 ec 18 48 8b 07 ff 90 c8
0x00007f78105efbdd:   00 00 00 44 39 e8 76 4b 66 48 8d 3d f3 42 ab 00
0x00007f78105efbed:   66 66 48 e8 5b dc 76 ff 48 8b 00 48 8b 80 70 05
0x00007f78105efbfd:   00 00 48 8b 80 80 00 00 00 48 8b 80 50 08 00 00
0x00007f78105efc0d:   48 8b 90 b8 0a 00 00 48 83 c4 18 48 89 d0 5b 41
0x00007f78105efc1d:   5c 41 5d 41 5e 41 5f 5d c3 66 2e 0f 1f 84 00 00
0x00007f78105efc2d:   00 00 00 89 c3 49 8b 47 40 48 8b 78 08 48 8b 07
0x00007f78105efc3d:   ff 50 08 44 8d 24 03 45 39 e5 0f 82 8b 00 00 00
0x00007f78105efc4d:   bb 01 00 00 00 eb 07 0f 1f 40 00 41 89 c4 49 8b
0x00007f78105efc5d:   57 40 8d 43 01 48 89 c3 4c 8d 34 c5 00 00 00 00
0x00007f78105efc6d:   48 8b 3c c2 48 8b 07 ff 50 08 44 01 e0 44 39 e8
0x00007f78105efc7d:   76 d9 49 8b 07 4c 89 ff ff 90 e8 00 00 00 48 85
0x00007f78105efc8d:   c0 74 1c 48 89 45 c8 49 8b 07 4c 89 ff ff 90 b0
0x00007f78105efc9d:   00 00 00 39 d8 48 8b 55 c8 0f 84 68 ff ff ff 49
0x00007f78105efcad:   8b 47 40 44 89 ee 44 29 e6 4a 8b 3c 30 48 8b 07
0x00007f78105efcbd:   48 8b 40 10 48 83 c4 18 5b 41 5c 41 5d 41 5e 41
0x00007f78105efccd:   5f 5d ff e0 0f 1f 80 00 00 00 00 41 89 dc 41 be
0x00007f78105efcdd:   08 00 00 00 bb 01 00 00 00 eb 97 0f 1f 84 00 00
0x00007f78105efced:   00 00 00 55 31 c0 48 89 e5 5d c3 0f 1f 84 00 00
0x00007f78105efcfd:   00 00 00 81 bf a0 00 00 00 e7 03 00 00 74 54 55
0x00007f78105efd0d:   48 89 e5 53 48 89 fb 48 83 ec 08 48 8b 47 08 48
0x00007f78105efd1d:   8b 38 48 8b 07 ff 50 28 83 78 10 08 74 1d 8b 93
0x00007f78105efd2d:   a0 00 00 00 48 8d 05 08 8c b3 00 48 8b 04 d0 48 


Stack slot to memory mapping:
stack at sp + 0 slots: 0x00007f77ec63ba10 is pointing into the stack for thread: 0x00007f77c823c350
stack at sp + 1 slots: 0x00007f78110d9e00: <offset 0x00000000015cce00> in /home/artur/.vscode/extensions/redhat.java-1.2.0/jre/17.0.1-linux-x86_64/lib/server/libjvm.so at 0x00007f780fb0d000
stack at sp + 2 slots: 0x00007f77ec63b5a0 is pointing into the stack for thread: 0x00007f77c823c350
stack at sp + 3 slots: 0x0000000000000002 is an unknown value
stack at sp + 4 slots: 0x00007f77b0f573b0 points into unknown readable memory: 0x0000000000000000 | 00 00 00 00 00 00 00 00
stack at sp + 5 slots: 0x00007f77ec63ba10 is pointing into the stack for thread: 0x00007f77c823c350
stack at sp + 6 slots: 0x0000000000000010 is an unknown value
stack at sp + 7 slots: 0x00007f77b0dcdf70 points into unknown readable memory: 0x00007f78110100c8 | c8 00 01 11 78 7f 00 00


---------------  P R O C E S S  ---------------

Threads class SMR info:
_java_thread_list=0x00007f774001bb90, length=39, elements={
0x00007f7808026160, 0x00007f7808227a60, 0x00007f7808228fd0, 0x00007f7808251580,
0x00007f7808254e90, 0x00007f7808255de0, 0x00007f7808257430, 0x00007f78082588e0,
0x00007f7808261d10, 0x00007f78082cf0d0, 0x00007f780832a6e0, 0x00007f780845f210,
0x00007f77c823c350, 0x00007f7808589560, 0x00007f78085da720, 0x00007f78085e2640,
0x00007f77a802fea0, 0x00007f77a80b2830, 0x00007f77a8263e70, 0x00007f77a83101a0,
0x00007f7780000f50, 0x00007f77a854ebf0, 0x00007f7780006af0, 0x00007f77c83e6db0,
0x00007f778027f310, 0x00007f78085f7b10, 0x00007f780874df40, 0x00007f7768000e70,
0x00007f77581b0700, 0x00007f77581b14f0, 0x00007f77581bb040, 0x00007f77581bb8d0,
0x00007f77581bc2a0, 0x00007f77581bd3c0, 0x00007f77581bdf90, 0x00007f77581bec00,
0x00007f77581bf810, 0x00007f771c001fd0, 0x00007f7740001010
}

Java Threads: ( => current thread )
  0x00007f7808026160 JavaThread "main" [_thread_blocked, id=201572, stack(0x00007f780f8b2000,0x00007f780f9b3000)]
  0x00007f7808227a60 JavaThread "Reference Handler" daemon [_thread_blocked, id=201575, stack(0x00007f77ed9e5000,0x00007f77edae6000)]
  0x00007f7808228fd0 JavaThread "Finalizer" daemon [_thread_blocked, id=201576, stack(0x00007f77ed8e4000,0x00007f77ed9e5000)]
  0x00007f7808251580 JavaThread "Signal Dispatcher" daemon [_thread_blocked, id=201578, stack(0x00007f77ed272000,0x00007f77ed373000)]
  0x00007f7808254e90 JavaThread "Service Thread" daemon [_thread_blocked, id=201579, stack(0x00007f77ed171000,0x00007f77ed272000)]
  0x00007f7808255de0 JavaThread "Monitor Deflation Thread" daemon [_thread_blocked, id=201580, stack(0x00007f77ed070000,0x00007f77ed171000)]
  0x00007f7808257430 JavaThread "C2 CompilerThread0" daemon [_thread_in_native, id=201581, stack(0x00007f77ecf6f000,0x00007f77ed070000)]
  0x00007f78082588e0 JavaThread "C1 CompilerThread0" daemon [_thread_blocked, id=201582, stack(0x00007f77ece6e000,0x00007f77ecf6f000)]
  0x00007f7808261d10 JavaThread "Sweeper thread" daemon [_thread_blocked, id=201584, stack(0x00007f77ecd6d000,0x00007f77ece6e000)]
  0x00007f78082cf0d0 JavaThread "Common-Cleaner" daemon [_thread_blocked, id=201587, stack(0x00007f77ecc6c000,0x00007f77ecd6d000)]
  0x00007f780832a6e0 JavaThread "Notification Thread" daemon [_thread_blocked, id=201588, stack(0x00007f77ecb6b000,0x00007f77ecc6c000)]
  0x00007f780845f210 JavaThread "process reaper" daemon [_thread_blocked, id=201597, stack(0x00007f780c056000,0x00007f780c078000)]
=>0x00007f77c823c350 JavaThread "C2 CompilerThread1" daemon [_thread_in_native, id=201598, stack(0x00007f77ec53f000,0x00007f77ec640000)]
  0x00007f7808589560 JavaThread "Active Thread: Equinox Container: 36ad921c-a168-4028-99dc-c94db65376c3" [_thread_blocked, id=201599, stack(0x00007f77ec43e000,0x00007f77ec53f000)]
  0x00007f78085da720 JavaThread "Framework Event Dispatcher: Equinox Container: 36ad921c-a168-4028-99dc-c94db65376c3" daemon [_thread_blocked, id=201600, stack(0x00007f77ec33d000,0x00007f77ec43e000)]
  0x00007f78085e2640 JavaThread "Start Level: Equinox Container: 36ad921c-a168-4028-99dc-c94db65376c3" daemon [_thread_blocked, id=201601, stack(0x00007f77ec23c000,0x00007f77ec33d000)]
  0x00007f77a802fea0 JavaThread "SCR Component Actor" daemon [_thread_blocked, id=201608, stack(0x00007f77b70e6000,0x00007f77b71e7000)]
  0x00007f77a80b2830 JavaThread "Timer-0" [_thread_blocked, id=201609, stack(0x00007f77b6fe5000,0x00007f77b70e6000)]
  0x00007f77a8263e70 JavaThread "Worker-JM" [_thread_blocked, id=201610, stack(0x00007f77b6ee4000,0x00007f77b6fe5000)]
  0x00007f77a83101a0 JavaThread "Worker-0: Publish Diagnostics" [_thread_blocked, id=201611, stack(0x00007f77b6de3000,0x00007f77b6ee4000)]
  0x00007f7780000f50 JavaThread "Worker-1" [_thread_blocked, id=201612, stack(0x00007f77b6ce2000,0x00007f77b6de3000)]
  0x00007f77a854ebf0 JavaThread "Java indexing" daemon [_thread_blocked, id=201616, stack(0x00007f77b5ff9000,0x00007f77b60fa000)]
  0x00007f7780006af0 JavaThread "Worker-2" [_thread_blocked, id=201617, stack(0x00007f77b5ef8000,0x00007f77b5ff9000)]
  0x00007f77c83e6db0 JavaThread "C2 CompilerThread2" daemon [_thread_in_native, id=201625, stack(0x00007f77b52ff000,0x00007f77b5400000)]
  0x00007f778027f310 JavaThread "Bundle File Closer" daemon [_thread_blocked, id=201626, stack(0x00007f77b51fe000,0x00007f77b52ff000)]
  0x00007f78085f7b10 JavaThread "pool-3-thread-1" [_thread_blocked, id=201627, stack(0x00007f77b50fd000,0x00007f77b51fe000)]
  0x00007f780874df40 JavaThread "pool-2-thread-1" [_thread_in_native, id=201630, stack(0x00007f77b46ff000,0x00007f77b4800000)]
  0x00007f7768000e70 JavaThread "Worker-3" [_thread_blocked, id=201631, stack(0x00007f77b45fe000,0x00007f77b46ff000)]
  0x00007f77581b0700 JavaThread "ForkJoinPool.commonPool-worker-1" daemon [_thread_in_Java, id=201648, stack(0x00007f774ad01000,0x00007f774ae02000)]
  0x00007f77581b14f0 JavaThread "ForkJoinPool.commonPool-worker-2" daemon [_thread_in_Java, id=201649, stack(0x00007f774a5fa000,0x00007f774a6fb000)]
  0x00007f77581bb040 JavaThread "ForkJoinPool.commonPool-worker-3" daemon [_thread_in_Java, id=201650, stack(0x00007f774ac00000,0x00007f774ad01000)]
  0x00007f77581bb8d0 JavaThread "ForkJoinPool.commonPool-worker-4" daemon [_thread_in_Java, id=201651, stack(0x00007f774a4f9000,0x00007f774a5fa000)]
  0x00007f77581bc2a0 JavaThread "ForkJoinPool.commonPool-worker-5" daemon [_thread_in_Java, id=201652, stack(0x00007f774a2f7000,0x00007f774a3f8000)]
  0x00007f77581bd3c0 JavaThread "ForkJoinPool.commonPool-worker-6" daemon [_thread_blocked, id=201653, stack(0x00007f774a6fb000,0x00007f774a7fc000)]
  0x00007f77581bdf90 JavaThread "ForkJoinPool.commonPool-worker-7" daemon [_thread_blocked, id=201654, stack(0x00007f774a7fc000,0x00007f774a8fd000)]
  0x00007f77581bec00 JavaThread "ForkJoinPool.commonPool-worker-8" daemon [_thread_blocked, id=201662, stack(0x00007f774a3f8000,0x00007f774a4f9000)]
  0x00007f77581bf810 JavaThread "ForkJoinPool.commonPool-worker-9" daemon [_thread_blocked, id=201663, stack(0x00007f774aaff000,0x00007f774ac00000)]
  0x00007f771c001fd0 JavaThread "ForkJoinPool.commonPool-worker-10" daemon [_thread_blocked, id=201671, stack(0x00007f774a1f6000,0x00007f774a2f7000)]
  0x00007f7740001010 JavaThread "ForkJoinPool.commonPool-worker-11" daemon [_thread_blocked, id=201672, stack(0x00007f774a8fd000,0x00007f774a9fe000)]

Other Threads:
  0x00007f7808217a10 VMThread "VM Thread" [stack: 0x00007f77edae8000,0x00007f77edbe8000] [id=201574]
  0x00007f7808070540 WatcherThread [stack: 0x00007f77eca6b000,0x00007f77ecb6b000] [id=201589]
  0x00007f780803ce90 GCTaskThread "GC Thread#0" [stack: 0x00007f780c13e000,0x00007f780c23e000] [id=201573]
  0x00007f77e80010f0 GCTaskThread "GC Thread#1" [stack: 0x00007f77ec13c000,0x00007f77ec23c000] [id=201602]
  0x00007f77e8001af0 GCTaskThread "GC Thread#2" [stack: 0x00007f77ec03a000,0x00007f77ec13a000] [id=201603]
  0x00007f77e80024f0 GCTaskThread "GC Thread#3" [stack: 0x00007f77b7700000,0x00007f77b7800000] [id=201604]
  0x00007f77e80041b0 GCTaskThread "GC Thread#4" [stack: 0x00007f77b75fe000,0x00007f77b76fe000] [id=201605]
  0x00007f77e8004bb0 GCTaskThread "GC Thread#5" [stack: 0x00007f77b74fc000,0x00007f77b75fc000] [id=201606]
  0x00007f77e80055b0 GCTaskThread "GC Thread#6" [stack: 0x00007f77b73fa000,0x00007f77b74fa000] [id=201607]
  0x00007f77e8003630 GCTaskThread "GC Thread#7" [stack: 0x00007f77b6300000,0x00007f77b6400000] [id=201613]
  0x00007f77e80061b0 GCTaskThread "GC Thread#8" [stack: 0x00007f77b61fe000,0x00007f77b62fe000] [id=201614]
  0x00007f77e8006760 GCTaskThread "GC Thread#9" [stack: 0x00007f77b60fc000,0x00007f77b61fc000] [id=201615]

Threads with active compile tasks:
C2 CompilerThread0     4584 8378       4       org.eclipse.jdt.internal.core.JarPackageFragmentRoot::initRawPackageInfo (349 bytes)
C1 CompilerThread0     4584 8578       2       org.eclipse.jdt.internal.core.util.Util::isExcluded (165 bytes)
C2 CompilerThread1     4584 8499  s    4       jdk.internal.jimage.ImageReader$SharedImageReader::findNode (36 bytes)
C2 CompilerThread2     4584 8503       4       jdk.internal.jrtfs.JrtFileSystem::checkNode (40 bytes)

VM state: not at safepoint (normal execution)

VM Mutex/Monitor currently owned by a thread: None

Heap address: 0x0000000080000000, size: 2048 MB, Compressed Oops mode: 32-bit

CDS archive(s) not mapped
Compressed class space mapped at: 0x0000000100000000-0x0000000140000000, reserved size: 1073741824
Narrow klass base: 0x0000000000000000, Narrow klass shift: 3, Narrow klass range: 0x140000000

GC Precious Log:
 CPUs: 12 total, 12 available
 Memory: 15855M
 Large Page Support: Disabled
 NUMA Support: Disabled
 Compressed Oops: Enabled (32-bit)
 Alignments: Space 512K, Generation 512K, Heap 2M
 Heap Min Capacity: 100M
 Heap Initial Capacity: 100M
 Heap Max Capacity: 2G
 Pre-touch: Disabled
 Parallel Workers: 10

Heap:
 PSYoungGen      total 13824K, used 2029K [0x00000000d5580000, 0x00000000d6700000, 0x0000000100000000)
  eden space 12800K, 7% used [0x00000000d5580000,0x00000000d567b7f0,0x00000000d6200000)
  from space 1024K, 100% used [0x00000000d6200000,0x00000000d6300000,0x00000000d6300000)
  to   space 2560K, 0% used [0x00000000d6480000,0x00000000d6480000,0x00000000d6700000)
 ParOldGen       total 68608K, used 65070K [0x0000000080000000, 0x0000000084300000, 0x00000000d5580000)
  object space 68608K, 94% used [0x0000000080000000,0x0000000083f8bbe8,0x0000000084300000)
 Metaspace       used 63906K, committed 64832K, reserved 1114112K
  class space    used 6819K, committed 7232K, reserved 1048576K

Card table byte_map: [0x00007f780c23e000,0x00007f780c63f000] _byte_map_base: 0x00007f780be3e000

Marking Bits: (ParMarkBitMap*) 0x00007f781110a460
 Begin Bits: [0x00007f77f0000000, 0x00007f77f2000000)
 End Bits:   [0x00007f77f2000000, 0x00007f77f4000000)

Polling page: 0x00007f7811596000

Metaspace:

Usage:
  Non-class:     55,75 MB used.
      Class:      6,66 MB used.
       Both:     62,41 MB used.

Virtual space:
  Non-class space:       64,00 MB reserved,      56,25 MB ( 88%) committed,  8 nodes.
      Class space:        1,00 GB reserved,       7,06 MB ( <1%) committed,  1 nodes.
             Both:        1,06 GB reserved,      63,31 MB (  6%) committed. 

Chunk freelists:
   Non-Class:  3,53 MB
       Class:  832,00 KB
        Both:  4,34 MB

MaxMetaspaceSize: unlimited
CompressedClassSpaceSize: 1,00 GB
Initial GC threshold: 21,00 MB
Current GC threshold: 97,31 MB
CDS: off
MetaspaceReclaimPolicy: balanced
 - commit_granule_bytes: 65536.
 - commit_granule_words: 8192.
 - virtual_space_node_default_size: 1048576.
 - enlarge_chunks_in_place: 1.
 - new_chunks_are_fully_committed: 0.
 - uncommit_free_chunks: 1.
 - use_allocation_guard: 0.
 - handle_deallocations: 1.


Internal statistics:

num_allocs_failed_limit: 9.
num_arena_births: 476.
num_arena_deaths: 0.
num_vsnodes_births: 9.
num_vsnodes_deaths: 0.
num_space_committed: 1013.
num_space_uncommitted: 0.
num_chunks_returned_to_freelist: 9.
num_chunks_taken_from_freelist: 2986.
num_chunk_merges: 9.
num_chunk_splits: 1894.
num_chunks_enlarged: 1146.
num_purges: 0.
num_inconsistent_stats: 0.

CodeHeap 'non-profiled nmethods': size=120028Kb used=4013Kb max_used=4013Kb free=116014Kb
 bounds [0x00007f7800ac9000, 0x00007f7800eb9000, 0x00007f7808000000]
CodeHeap 'profiled nmethods': size=120028Kb used=16027Kb max_used=16027Kb free=104000Kb
 bounds [0x00007f77f9592000, 0x00007f77fa542000, 0x00007f7800ac9000]
CodeHeap 'non-nmethods': size=5704Kb used=1342Kb max_used=1419Kb free=4361Kb
 bounds [0x00007f77f9000000, 0x00007f77f9270000, 0x00007f77f9592000]
 total_blobs=8413 nmethods=7724 adapters=602
 compilation: enabled
              stopped_count=0, restarted_count=0
 full_count=0

Compilation events (20 events):
Event: 4,533 Thread 0x00007f78082588e0 8538       2       org.eclipse.jdt.internal.core.PackageFragmentRootInfo::<init> (25 bytes)
Event: 4,533 Thread 0x00007f78082588e0 nmethod 8538 0x00007f77fa529410 code [0x00007f77fa5295a0, 0x00007f77fa5296f0]
Event: 4,533 Thread 0x00007f78082588e0 8537       2       org.eclipse.jdt.internal.core.JarPackageFragmentRootInfo::<init> (5 bytes)
Event: 4,533 Thread 0x00007f78082588e0 nmethod 8537 0x00007f77fa529790 code [0x00007f77fa529920, 0x00007f77fa529a70]
Event: 4,533 Thread 0x00007f78082588e0 8539       2       java.util.RegularEnumSet$EnumSetIterator::hasNext (15 bytes)
Event: 4,534 Thread 0x00007f78082588e0 nmethod 8539 0x00007f77fa529b10 code [0x00007f77fa529ca0, 0x00007f77fa529dd0]
Event: 4,537 Thread 0x00007f78082588e0 8540       2       org.eclipse.jdt.internal.core.Openable::getResource (37 bytes)
Event: 4,538 Thread 0x00007f78082588e0 nmethod 8540 0x00007f77fa529e90 code [0x00007f77fa52a080, 0x00007f77fa52a3e0]
Event: 4,539 Thread 0x00007f78082588e0 8542       2       java.util.RegularEnumSet$EnumSetIterator::<init> (23 bytes)
Event: 4,539 Thread 0x00007f78082588e0 nmethod 8542 0x00007f77fa52a610 code [0x00007f77fa52a7a0, 0x00007f77fa52a8d0]
Event: 4,539 Thread 0x00007f78082588e0 8543       2       java.util.RegularEnumSet::iterator (9 bytes)
Event: 4,539 Thread 0x00007f78082588e0 nmethod 8543 0x00007f77fa52a990 code [0x00007f77fa52ab20, 0x00007f77fa52ac90]
Event: 4,540 Thread 0x00007f78082588e0 8544       2       org.eclipse.jdt.internal.compiler.util.JRTUtil::getClassfileContent (10 bytes)
Event: 4,540 Thread 0x00007f78082588e0 nmethod 8544 0x00007f77fa52ad10 code [0x00007f77fa52aec0, 0x00007f77fa52aff0]
Event: 4,540 Thread 0x00007f78082588e0 8545       2       org.eclipse.jdt.internal.compiler.util.JrtFileSystem::getClassfileContent (71 bytes)
Event: 4,540 Thread 0x00007f78082588e0 nmethod 8545 0x00007f77fa52b110 code [0x00007f77fa52b2e0, 0x00007f77fa52b540]
Event: 4,546 Thread 0x00007f78082588e0 8546       2       org.eclipse.jdt.internal.core.PackageFragment::hashCode (43 bytes)
Event: 4,546 Thread 0x00007f78082588e0 nmethod 8546 0x00007f77fa52b710 code [0x00007f77fa52b8e0, 0x00007f77fa52bb30]
Event: 4,549 Thread 0x00007f78082588e0 8547       2       org.eclipse.jdt.internal.core.ClasspathEntry::isModular (60 bytes)
Event: 4,550 Thread 0x00007f78082588e0 nmethod 8547 0x00007f77fa52bd10 code [0x00007f77fa52bee0, 0x00007f77fa52c1b0]

GC Heap History (20 events):
Event: 4,405 GC heap before
{Heap before GC invocations=52 (full 3):
 PSYoungGen      total 14336K, used 13824K [0x00000000d5580000, 0x00000000d6500000, 0x0000000100000000)
  eden space 12800K, 100% used [0x00000000d5580000,0x00000000d6200000,0x00000000d6200000)
  from space 1536K, 66% used [0x00000000d6380000,0x00000000d6480000,0x00000000d6500000)
  to   space 1536K, 0% used [0x00000000d6200000,0x00000000d6200000,0x00000000d6380000)
 ParOldGen       total 68608K, used 55619K [0x0000000080000000, 0x0000000084300000, 0x00000000d5580000)
  object space 68608K, 81% used [0x0000000080000000,0x0000000083650f88,0x0000000084300000)
 Metaspace       used 63829K, committed 64768K, reserved 1114112K
  class space    used 6804K, committed 7232K, reserved 1048576K
}
Event: 4,406 GC heap after
{Heap after GC invocations=52 (full 3):
 PSYoungGen      total 14336K, used 1088K [0x00000000d5580000, 0x00000000d6500000, 0x0000000100000000)
  eden space 12800K, 0% used [0x00000000d5580000,0x00000000d5580000,0x00000000d6200000)
  from space 1536K, 70% used [0x00000000d6200000,0x00000000d6310000,0x00000000d6380000)
  to   space 1536K, 0% used [0x00000000d6380000,0x00000000d6380000,0x00000000d6500000)
 ParOldGen       total 68608K, used 56539K [0x0000000080000000, 0x0000000084300000, 0x00000000d5580000)
  object space 68608K, 82% used [0x0000000080000000,0x0000000083736f88,0x0000000084300000)
 Metaspace       used 63829K, committed 64768K, reserved 1114112K
  class space    used 6804K, committed 7232K, reserved 1048576K
}
Event: 4,420 GC heap before
{Heap before GC invocations=53 (full 3):
 PSYoungGen      total 14336K, used 13887K [0x00000000d5580000, 0x00000000d6500000, 0x0000000100000000)
  eden space 12800K, 99% used [0x00000000d5580000,0x00000000d61ffff8,0x00000000d6200000)
  from space 1536K, 70% used [0x00000000d6200000,0x00000000d6310000,0x00000000d6380000)
  to   space 1536K, 0% used [0x00000000d6380000,0x00000000d6380000,0x00000000d6500000)
 ParOldGen       total 68608K, used 56539K [0x0000000080000000, 0x0000000084300000, 0x00000000d5580000)
  object space 68608K, 82% used [0x0000000080000000,0x0000000083736f88,0x0000000084300000)
 Metaspace       used 63829K, committed 64768K, reserved 1114112K
  class space    used 6804K, committed 7232K, reserved 1048576K
}
Event: 4,421 GC heap after
{Heap after GC invocations=53 (full 3):
 PSYoungGen      total 13824K, used 960K [0x00000000d5580000, 0x00000000d6480000, 0x0000000100000000)
  eden space 12800K, 0% used [0x00000000d5580000,0x00000000d5580000,0x00000000d6200000)
  from space 1024K, 93% used [0x00000000d6380000,0x00000000d6470000,0x00000000d6480000)
  to   space 1024K, 0% used [0x00000000d6280000,0x00000000d6280000,0x00000000d6380000)
 ParOldGen       total 68608K, used 57385K [0x0000000080000000, 0x0000000084300000, 0x00000000d5580000)
  object space 68608K, 83% used [0x0000000080000000,0x000000008380a408,0x0000000084300000)
 Metaspace       used 63829K, committed 64768K, reserved 1114112K
  class space    used 6804K, committed 7232K, reserved 1048576K
}
Event: 4,436 GC heap before
{Heap before GC invocations=54 (full 3):
 PSYoungGen      total 13824K, used 13760K [0x00000000d5580000, 0x00000000d6480000, 0x0000000100000000)
  eden space 12800K, 100% used [0x00000000d5580000,0x00000000d6200000,0x00000000d6200000)
  from space 1024K, 93% used [0x00000000d6380000,0x00000000d6470000,0x00000000d6480000)
  to   space 1024K, 0% used [0x00000000d6280000,0x00000000d6280000,0x00000000d6380000)
 ParOldGen       total 68608K, used 57385K [0x0000000080000000, 0x0000000084300000, 0x00000000d5580000)
  object space 68608K, 83% used [0x0000000080000000,0x000000008380a408,0x0000000084300000)
 Metaspace       used 63842K, committed 64768K, reserved 1114112K
  class space    used 6807K, committed 7232K, reserved 1048576K
}
Event: 4,437 GC heap after
{Heap after GC invocations=54 (full 3):
 PSYoungGen      total 13824K, used 942K [0x00000000d5580000, 0x00000000d6400000, 0x0000000100000000)
  eden space 12800K, 0% used [0x00000000d5580000,0x00000000d5580000,0x00000000d6200000)
  from space 1024K, 92% used [0x00000000d6280000,0x00000000d636bb00,0x00000000d6380000)
  to   space 512K, 0% used [0x00000000d6380000,0x00000000d6380000,0x00000000d6400000)
 ParOldGen       total 68608K, used 58038K [0x0000000080000000, 0x0000000084300000, 0x00000000d5580000)
  object space 68608K, 84% used [0x0000000080000000,0x00000000838ad888,0x0000000084300000)
 Metaspace       used 63842K, committed 64768K, reserved 1114112K
  class space    used 6807K, committed 7232K, reserved 1048576K
}
Event: 4,455 GC heap before
{Heap before GC invocations=55 (full 3):
 PSYoungGen      total 13824K, used 13742K [0x00000000d5580000, 0x00000000d6400000, 0x0000000100000000)
  eden space 12800K, 100% used [0x00000000d5580000,0x00000000d6200000,0x00000000d6200000)
  from space 1024K, 92% used [0x00000000d6280000,0x00000000d636bb00,0x00000000d6380000)
  to   space 512K, 0% used [0x00000000d6380000,0x00000000d6380000,0x00000000d6400000)
 ParOldGen       total 68608K, used 58038K [0x0000000080000000, 0x0000000084300000, 0x00000000d5580000)
  object space 68608K, 84% used [0x0000000080000000,0x00000000838ad888,0x0000000084300000)
 Metaspace       used 63848K, committed 64768K, reserved 1114112K
  class space    used 6809K, committed 7232K, reserved 1048576K
}
Event: 4,456 GC heap after
{Heap after GC invocations=55 (full 3):
 PSYoungGen      total 13312K, used 494K [0x00000000d5580000, 0x00000000d6500000, 0x0000000100000000)
  eden space 12800K, 0% used [0x00000000d5580000,0x00000000d5580000,0x00000000d6200000)
  from space 512K, 96% used [0x00000000d6380000,0x00000000d63fbb00,0x00000000d6400000)
  to   space 1536K, 0% used [0x00000000d6200000,0x00000000d6200000,0x00000000d6380000)
 ParOldGen       total 68608K, used 58613K [0x0000000080000000, 0x0000000084300000, 0x00000000d5580000)
  object space 68608K, 85% used [0x0000000080000000,0x000000008393d488,0x0000000084300000)
 Metaspace       used 63848K, committed 64768K, reserved 1114112K
  class space    used 6809K, committed 7232K, reserved 1048576K
}
Event: 4,472 GC heap before
{Heap before GC invocations=56 (full 3):
 PSYoungGen      total 13312K, used 13294K [0x00000000d5580000, 0x00000000d6500000, 0x0000000100000000)
  eden space 12800K, 100% used [0x00000000d5580000,0x00000000d6200000,0x00000000d6200000)
  from space 512K, 96% used [0x00000000d6380000,0x00000000d63fbb00,0x00000000d6400000)
  to   space 1536K, 0% used [0x00000000d6200000,0x00000000d6200000,0x00000000d6380000)
 ParOldGen       total 68608K, used 58613K [0x0000000080000000, 0x0000000084300000, 0x00000000d5580000)
  object space 68608K, 85% used [0x0000000080000000,0x000000008393d488,0x0000000084300000)
 Metaspace       used 63850K, committed 64768K, reserved 1114112K
  class space    used 6809K, committed 7232K, reserved 1048576K
}
Event: 4,473 GC heap after
{Heap after GC invocations=56 (full 3):
 PSYoungGen      total 14336K, used 1452K [0x00000000d5580000, 0x00000000d6500000, 0x0000000100000000)
  eden space 12800K, 0% used [0x00000000d5580000,0x00000000d5580000,0x00000000d6200000)
  from space 1536K, 94% used [0x00000000d6200000,0x00000000d636b100,0x00000000d6380000)
  to   space 1536K, 0% used [0x00000000d6380000,0x00000000d6380000,0x00000000d6500000)
 ParOldGen       total 68608K, used 58987K [0x0000000080000000, 0x0000000084300000, 0x00000000d5580000)
  object space 68608K, 85% used [0x0000000080000000,0x000000008399af88,0x0000000084300000)
 Metaspace       used 63850K, committed 64768K, reserved 1114112K
  class space    used 6809K, committed 7232K, reserved 1048576K
}
Event: 4,487 GC heap before
{Heap before GC invocations=57 (full 3):
 PSYoungGen      total 14336K, used 14252K [0x00000000d5580000, 0x00000000d6500000, 0x0000000100000000)
  eden space 12800K, 99% used [0x00000000d5580000,0x00000000d61ffff8,0x00000000d6200000)
  from space 1536K, 94% used [0x00000000d6200000,0x00000000d636b100,0x00000000d6380000)
  to   space 1536K, 0% used [0x00000000d6380000,0x00000000d6380000,0x00000000d6500000)
 ParOldGen       total 68608K, used 58987K [0x0000000080000000, 0x0000000084300000, 0x00000000d5580000)
  object space 68608K, 85% used [0x0000000080000000,0x000000008399af88,0x0000000084300000)
 Metaspace       used 63850K, committed 64768K, reserved 1114112K
  class space    used 6809K, committed 7232K, reserved 1048576K
}
Event: 4,489 GC heap after
{Heap after GC invocations=57 (full 3):
 PSYoungGen      total 14336K, used 1088K [0x00000000d5580000, 0x00000000d6500000, 0x0000000100000000)
  eden space 12800K, 0% used [0x00000000d5580000,0x00000000d5580000,0x00000000d6200000)
  from space 1536K, 70% used [0x00000000d6380000,0x00000000d6490000,0x00000000d6500000)
  to   space 1536K, 0% used [0x00000000d6200000,0x00000000d6200000,0x00000000d6380000)
 ParOldGen       total 68608K, used 60294K [0x0000000080000000, 0x0000000084300000, 0x00000000d5580000)
  object space 68608K, 87% used [0x0000000080000000,0x0000000083ae1be8,0x0000000084300000)
 Metaspace       used 63850K, committed 64768K, reserved 1114112K
  class space    used 6809K, committed 7232K, reserved 1048576K
}
Event: 4,503 GC heap before
{Heap before GC invocations=58 (full 3):
 PSYoungGen      total 14336K, used 13888K [0x00000000d5580000, 0x00000000d6500000, 0x0000000100000000)
  eden space 12800K, 100% used [0x00000000d5580000,0x00000000d6200000,0x00000000d6200000)
  from space 1536K, 70% used [0x00000000d6380000,0x00000000d6490000,0x00000000d6500000)
  to   space 1536K, 0% used [0x00000000d6200000,0x00000000d6200000,0x00000000d6380000)
 ParOldGen       total 68608K, used 60294K [0x0000000080000000, 0x0000000084300000, 0x00000000d5580000)
  object space 68608K, 87% used [0x0000000080000000,0x0000000083ae1be8,0x0000000084300000)
 Metaspace       used 63851K, committed 64768K, reserved 1114112K
  class space    used 6809K, committed 7232K, reserved 1048576K
}
Event: 4,505 GC heap after
{Heap after GC invocations=58 (full 3):
 PSYoungGen      total 14336K, used 1056K [0x00000000d5580000, 0x00000000d6500000, 0x0000000100000000)
  eden space 12800K, 0% used [0x00000000d5580000,0x00000000d5580000,0x00000000d6200000)
  from space 1536K, 68% used [0x00000000d6200000,0x00000000d6308000,0x00000000d6380000)
  to   space 1536K, 0% used [0x00000000d6380000,0x00000000d6380000,0x00000000d6500000)
 ParOldGen       total 68608K, used 61246K [0x0000000080000000, 0x0000000084300000, 0x00000000d5580000)
  object space 68608K, 89% used [0x0000000080000000,0x0000000083bcfbe8,0x0000000084300000)
 Metaspace       used 63851K, committed 64768K, reserved 1114112K
  class space    used 6809K, committed 7232K, reserved 1048576K
}
Event: 4,519 GC heap before
{Heap before GC invocations=59 (full 3):
 PSYoungGen      total 14336K, used 13856K [0x00000000d5580000, 0x00000000d6500000, 0x0000000100000000)
  eden space 12800K, 100% used [0x00000000d5580000,0x00000000d6200000,0x00000000d6200000)
  from space 1536K, 68% used [0x00000000d6200000,0x00000000d6308000,0x00000000d6380000)
  to   space 1536K, 0% used [0x00000000d6380000,0x00000000d6380000,0x00000000d6500000)
 ParOldGen       total 68608K, used 61246K [0x0000000080000000, 0x0000000084300000, 0x00000000d5580000)
  object space 68608K, 89% used [0x0000000080000000,0x0000000083bcfbe8,0x0000000084300000)
 Metaspace       used 63851K, committed 64768K, reserved 1114112K
  class space    used 6809K, committed 7232K, reserved 1048576K
}
Event: 4,521 GC heap after
{Heap after GC invocations=59 (full 3):
 PSYoungGen      total 14336K, used 1024K [0x00000000d5580000, 0x00000000d6500000, 0x0000000100000000)
  eden space 12800K, 0% used [0x00000000d5580000,0x00000000d5580000,0x00000000d6200000)
  from space 1536K, 66% used [0x00000000d6380000,0x00000000d6480000,0x00000000d6500000)
  to   space 1536K, 0% used [0x00000000d6200000,0x00000000d6200000,0x00000000d6380000)
 ParOldGen       total 68608K, used 62174K [0x0000000080000000, 0x0000000084300000, 0x00000000d5580000)
  object space 68608K, 90% used [0x0000000080000000,0x0000000083cb7be8,0x0000000084300000)
 Metaspace       used 63851K, committed 64768K, reserved 1114112K
  class space    used 6809K, committed 7232K, reserved 1048576K
}
Event: 4,535 GC heap before
{Heap before GC invocations=60 (full 3):
 PSYoungGen      total 14336K, used 13823K [0x00000000d5580000, 0x00000000d6500000, 0x0000000100000000)
  eden space 12800K, 99% used [0x00000000d5580000,0x00000000d61ffff8,0x00000000d6200000)
  from space 1536K, 66% used [0x00000000d6380000,0x00000000d6480000,0x00000000d6500000)
  to   space 1536K, 0% used [0x00000000d6200000,0x00000000d6200000,0x00000000d6380000)
 ParOldGen       total 68608K, used 62174K [0x0000000080000000, 0x0000000084300000, 0x00000000d5580000)
  object space 68608K, 90% used [0x0000000080000000,0x0000000083cb7be8,0x0000000084300000)
 Metaspace       used 63851K, committed 64768K, reserved 1114112K
  class space    used 6809K, committed 7232K, reserved 1048576K
}
Event: 4,537 GC heap after
{Heap after GC invocations=60 (full 3):
 PSYoungGen      total 13824K, used 992K [0x00000000d5580000, 0x00000000d6400000, 0x0000000100000000)
  eden space 12800K, 0% used [0x00000000d5580000,0x00000000d5580000,0x00000000d6200000)
  from space 1024K, 96% used [0x00000000d6200000,0x00000000d62f8000,0x00000000d6300000)
  to   space 1024K, 0% used [0x00000000d6300000,0x00000000d6300000,0x00000000d6400000)
 ParOldGen       total 68608K, used 63118K [0x0000000080000000, 0x0000000084300000, 0x00000000d5580000)
  object space 68608K, 91% used [0x0000000080000000,0x0000000083da3be8,0x0000000084300000)
 Metaspace       used 63851K, committed 64768K, reserved 1114112K
  class space    used 6809K, committed 7232K, reserved 1048576K
}
Event: 4,552 GC heap before
{Heap before GC invocations=61 (full 3):
 PSYoungGen      total 13824K, used 13792K [0x00000000d5580000, 0x00000000d6400000, 0x0000000100000000)
  eden space 12800K, 100% used [0x00000000d5580000,0x00000000d6200000,0x00000000d6200000)
  from space 1024K, 96% used [0x00000000d6200000,0x00000000d62f8000,0x00000000d6300000)
  to   space 1024K, 0% used [0x00000000d6300000,0x00000000d6300000,0x00000000d6400000)
 ParOldGen       total 68608K, used 63118K [0x0000000080000000, 0x0000000084300000, 0x00000000d5580000)
  object space 68608K, 91% used [0x0000000080000000,0x0000000083da3be8,0x0000000084300000)
 Metaspace       used 63855K, committed 64768K, reserved 1114112K
  class space    used 6809K, committed 7232K, reserved 1048576K
}
Event: 4,554 GC heap after
{Heap after GC invocations=61 (full 3):
 PSYoungGen      total 13824K, used 997K [0x00000000d5580000, 0x00000000d6400000, 0x0000000100000000)
  eden space 12800K, 0% used [0x00000000d5580000,0x00000000d5580000,0x00000000d6200000)
  from space 1024K, 97% used [0x00000000d6300000,0x00000000d63f95a0,0x00000000d6400000)
  to   space 1024K, 0% used [0x00000000d6200000,0x00000000d6200000,0x00000000d6300000)
 ParOldGen       total 68608K, used 64006K [0x0000000080000000, 0x0000000084300000, 0x00000000d5580000)
  object space 68608K, 93% used [0x0000000080000000,0x0000000083e81be8,0x0000000084300000)
 Metaspace       used 63855K, committed 64768K, reserved 1114112K
  class space    used 6809K, committed 7232K, reserved 1048576K
}

Deoptimization events (20 events):
Event: 4,441 Thread 0x00007f77581bb8d0 DEOPT PACKING pc=0x00007f77fa4bcda5 sp=0x00007f774a5f7b20
Event: 4,441 Thread 0x00007f77581bb8d0 DEOPT UNPACKING pc=0x00007f77f905252f sp=0x00007f774a5f6fe0 mode 0
Event: 4,540 Thread 0x00007f77581bb8d0 Uncommon trap: trap_request=0xffffffc6 fr.pc=0x00007f7800d10ea0 relative=0x00000000000007c0
Event: 4,540 Thread 0x00007f77581bb8d0 Uncommon trap: reason=bimorphic_or_optimized_type_check action=maybe_recompile pc=0x00007f7800d10ea0 method=org.eclipse.jdt.internal.core.PackageFragment.hashCode()I @ 4 c2
Event: 4,540 Thread 0x00007f77581bb8d0 DEOPT PACKING pc=0x00007f7800d10ea0 sp=0x00007f774a5f7570
Event: 4,540 Thread 0x00007f77581bb8d0 DEOPT UNPACKING pc=0x00007f77f9051d99 sp=0x00007f774a5f7530 mode 2
Event: 4,540 Thread 0x00007f77581b0700 Uncommon trap: trap_request=0xffffffc6 fr.pc=0x00007f7800d10ea0 relative=0x00000000000007c0
Event: 4,540 Thread 0x00007f77581b0700 Uncommon trap: reason=bimorphic_or_optimized_type_check action=maybe_recompile pc=0x00007f7800d10ea0 method=org.eclipse.jdt.internal.core.PackageFragment.hashCode()I @ 4 c2
Event: 4,540 Thread 0x00007f77581b0700 DEOPT PACKING pc=0x00007f7800d10ea0 sp=0x00007f774adff4a0
Event: 4,540 Thread 0x00007f77581b0700 DEOPT UNPACKING pc=0x00007f77f9051d99 sp=0x00007f774adff460 mode 2
Event: 4,541 Thread 0x00007f77581bb8d0 Uncommon trap: trap_request=0xffffffc6 fr.pc=0x00007f7800d10ea0 relative=0x00000000000007c0
Event: 4,541 Thread 0x00007f77581bb8d0 Uncommon trap: reason=bimorphic_or_optimized_type_check action=maybe_recompile pc=0x00007f7800d10ea0 method=org.eclipse.jdt.internal.core.PackageFragment.hashCode()I @ 4 c2
Event: 4,541 Thread 0x00007f77581bb8d0 DEOPT PACKING pc=0x00007f7800d10ea0 sp=0x00007f774a5f7570
Event: 4,541 Thread 0x00007f77581bb8d0 DEOPT UNPACKING pc=0x00007f77f9051d99 sp=0x00007f774a5f7530 mode 2
Event: 4,541 Thread 0x00007f77581b0700 Uncommon trap: trap_request=0xffffffc6 fr.pc=0x00007f7800d10ea0 relative=0x00000000000007c0
Event: 4,541 Thread 0x00007f77581b0700 Uncommon trap: reason=bimorphic_or_optimized_type_check action=maybe_recompile pc=0x00007f7800d10ea0 method=org.eclipse.jdt.internal.core.PackageFragment.hashCode()I @ 4 c2
Event: 4,541 Thread 0x00007f77581b0700 DEOPT PACKING pc=0x00007f7800d10ea0 sp=0x00007f774adff4a0
Event: 4,541 Thread 0x00007f77581b0700 DEOPT UNPACKING pc=0x00007f77f9051d99 sp=0x00007f774adff460 mode 2
Event: 4,552 Thread 0x00007f77581b0700 DEOPT PACKING pc=0x00007f77fa4dfcf5 sp=0x00007f774adff170
Event: 4,552 Thread 0x00007f77581b0700 DEOPT UNPACKING pc=0x00007f77f905252f sp=0x00007f774adfe6f8 mode 0

Classes unloaded (0 events):
No events

Classes redefined (0 events):
No events

Internal exceptions (20 events):
Event: 3,068 Thread 0x00007f7780006af0 Exception <a 'java/lang/ArrayIndexOutOfBoundsException'{0x00000000d5aabc60}> (0x00000000d5aabc60) 
thrown [src/hotspot/share/runtime/sharedRuntime.cpp, line 628]
Event: 3,072 Thread 0x00007f7780006af0 Exception <a 'java/lang/ArrayIndexOutOfBoundsException'{0x00000000d5b33578}> (0x00000000d5b33578) 
thrown [src/hotspot/share/runtime/sharedRuntime.cpp, line 628]
Event: 3,075 Thread 0x00007f7780006af0 Exception <a 'java/lang/ArrayIndexOutOfBoundsException'{0x00000000d5b8c590}> (0x00000000d5b8c590) 
thrown [src/hotspot/share/runtime/sharedRuntime.cpp, line 628]
Event: 3,080 Thread 0x00007f7780006af0 Exception <a 'java/lang/ArrayIndexOutOfBoundsException'{0x00000000d5c02310}> (0x00000000d5c02310) 
thrown [src/hotspot/share/runtime/sharedRuntime.cpp, line 628]
Event: 3,151 Thread 0x00007f77a83101a0 Exception <a 'java/lang/NoSuchMethodError'{0x00000000d566d810}: 'java.lang.Object java.lang.invoke.DirectMethodHandle$Holder.newInvokeSpecial(java.lang.Object, java.lang.Object, int, java.lang.Object, java.lang.Object)'> (0x00000000d566d810) 
thrown [src/hotspot/share/interpreter/linkResolver.cpp, line 766]
Event: 3,151 Thread 0x00007f77a83101a0 Exception <a 'java/lang/NoSuchMethodError'{0x00000000d5671a50}: 'java.lang.Object java.lang.invoke.DirectMethodHandle$Holder.invokeSpecial(java.lang.Object, java.lang.Object, java.lang.Object, int, java.lang.Object, java.lang.Object)'> (0x00000000d5671a50) 
thrown [src/hotspot/share/interpreter/linkResolver.cpp, line 766]
Event: 3,397 Thread 0x00007f77a83101a0 Implicit null exception at 0x00007f7800d711ec to 0x00007f7800d712a0
Event: 3,702 Thread 0x00007f77581bec00 Exception <a 'java/lang/NoSuchMethodError'{0x00000000d62d9ef0}: 'java.lang.Object java.lang.invoke.DirectMethodHandle$Holder.invokeStatic(java.lang.Object, int, java.lang.Object)'> (0x00000000d62d9ef0) 
thrown [src/hotspot/share/interpreter/linkResolver.cpp, line 766]
Event: 3,706 Thread 0x00007f77581bec00 Exception <a 'java/lang/ClassNotFoundException'{0x00000000d632d930}: sun/util/logging/resources/spi/loggingProvider> (0x00000000d632d930) 
thrown [src/hotspot/share/classfile/systemDictionary.cpp, line 256]
Event: 3,760 Thread 0x00007f77a83101a0 Exception <a 'java/io/FileNotFoundException'{0x00000000d5c1bfa0}> (0x00000000d5c1bfa0) 
thrown [src/hotspot/share/prims/jni.cpp, line 516]
Event: 3,760 Thread 0x00007f77a83101a0 Exception <a 'java/io/FileNotFoundException'{0x00000000d5c1d330}> (0x00000000d5c1d330) 
thrown [src/hotspot/share/prims/jni.cpp, line 516]
Event: 4,099 Thread 0x00007f77581bdf90 Exception <a 'java/lang/ArrayIndexOutOfBoundsException'{0x00000000d59a8da8}: Index 2124 out of bounds for length 2124> (0x00000000d59a8da8) 
thrown [src/hotspot/share/interpreter/interpreterRuntime.cpp, line 428]
Event: 4,099 Thread 0x00007f77581bdf90 Exception <a 'java/lang/ArrayIndexOutOfBoundsException'{0x00000000d59a90c8}: Index 2125 out of bounds for length 2124> (0x00000000d59a90c8) 
thrown [src/hotspot/share/interpreter/interpreterRuntime.cpp, line 428]
Event: 4,099 Thread 0x00007f77581bd3c0 Exception <a 'java/lang/ArrayIndexOutOfBoundsException'{0x00000000d5aa2a20}: Index 2786 out of bounds for length 2786> (0x00000000d5aa2a20) 
thrown [src/hotspot/share/interpreter/interpreterRuntime.cpp, line 428]
Event: 4,099 Thread 0x00007f77581bd3c0 Exception <a 'java/lang/ArrayIndexOutOfBoundsException'{0x00000000d5aa2d40}: Index 2787 out of bounds for length 2786> (0x00000000d5aa2d40) 
thrown [src/hotspot/share/interpreter/interpreterRuntime.cpp, line 428]
Event: 4,436 Thread 0x00007f77581b0700 Exception <a 'java/lang/ArrayIndexOutOfBoundsException'{0x00000000d61467b0}> (0x00000000d61467b0) 
thrown [src/hotspot/share/runtime/sharedRuntime.cpp, line 628]
Event: 4,443 Thread 0x00007f77581bb8d0 Exception <a 'java/lang/ArrayIndexOutOfBoundsException'{0x00000000d59d8728}> (0x00000000d59d8728) 
thrown [src/hotspot/share/runtime/sharedRuntime.cpp, line 628]
Event: 4,464 Thread 0x00007f77581bc2a0 Exception <a 'java/lang/ArrayIndexOutOfBoundsException'{0x00000000d5acd6e8}> (0x00000000d5acd6e8) 
thrown [src/hotspot/share/runtime/sharedRuntime.cpp, line 628]
Event: 4,466 Thread 0x00007f77581bb040 Exception <a 'java/lang/ArrayIndexOutOfBoundsException'{0x00000000d5c6dbc0}> (0x00000000d5c6dbc0) 
thrown [src/hotspot/share/runtime/sharedRuntime.cpp, line 628]
Event: 4,467 Thread 0x00007f77581b14f0 Exception <a 'java/lang/ArrayIndexOutOfBoundsException'{0x00000000d5cca3c0}> (0x00000000d5cca3c0) 
thrown [src/hotspot/share/runtime/sharedRuntime.cpp, line 628]

VM Operations (20 events):
Event: 4,405 Executing VM operation: ParallelGCFailedAllocation
Event: 4,406 Executing VM operation: ParallelGCFailedAllocation done
Event: 4,420 Executing VM operation: ParallelGCFailedAllocation
Event: 4,421 Executing VM operation: ParallelGCFailedAllocation done
Event: 4,436 Executing VM operation: ParallelGCFailedAllocation
Event: 4,437 Executing VM operation: ParallelGCFailedAllocation done
Event: 4,455 Executing VM operation: ParallelGCFailedAllocation
Event: 4,456 Executing VM operation: ParallelGCFailedAllocation done
Event: 4,472 Executing VM operation: ParallelGCFailedAllocation
Event: 4,473 Executing VM operation: ParallelGCFailedAllocation done
Event: 4,487 Executing VM operation: ParallelGCFailedAllocation
Event: 4,489 Executing VM operation: ParallelGCFailedAllocation done
Event: 4,503 Executing VM operation: ParallelGCFailedAllocation
Event: 4,505 Executing VM operation: ParallelGCFailedAllocation done
Event: 4,519 Executing VM operation: ParallelGCFailedAllocation
Event: 4,521 Executing VM operation: ParallelGCFailedAllocation done
Event: 4,535 Executing VM operation: ParallelGCFailedAllocation
Event: 4,537 Executing VM operation: ParallelGCFailedAllocation done
Event: 4,552 Executing VM operation: ParallelGCFailedAllocation
Event: 4,554 Executing VM operation: ParallelGCFailedAllocation done

Events (20 events):
Event: 3,708 Thread 0x00007f7808261d10 flushing nmethod 0x00007f77f9d59790
Event: 3,708 loading class java/time/ZonedDateTime$1
Event: 3,708 loading class java/time/ZonedDateTime$1 done
Event: 3,708 loading class java/time/LocalTime$1
Event: 3,708 loading class java/time/LocalTime$1 done
Event: 3,708 Thread 0x00007f7808261d10 flushing nmethod 0x00007f77f9e7c490
Event: 3,919 loading class sun/nio/fs/UnixFileModeAttribute$1
Event: 3,919 loading class sun/nio/fs/UnixFileModeAttribute$1 done
Event: 3,981 loading class java/util/AbstractList$ListItr
Event: 3,981 loading class java/util/AbstractList$ListItr done
Event: 4,090 loading class java/util/concurrent/CompletableFuture$Signaller
Event: 4,090 loading class java/util/concurrent/CompletableFuture$Signaller done
Event: 4,091 Thread 0x00007f771c001fd0 Thread added: 0x00007f771c001fd0
Event: 4,091 Protecting memory [0x00007f774a1f6000,0x00007f774a1fa000] with protection modes 0
Event: 4,091 Thread 0x00007f7740001010 Thread added: 0x00007f7740001010
Event: 4,091 Protecting memory [0x00007f774a8fd000,0x00007f774a901000] with protection modes 0
Event: 4,101 loading class java/lang/UnsupportedClassVersionError
Event: 4,102 loading class java/lang/UnsupportedClassVersionError done
Event: 4,107 loading class jdk/internal/reflect/UnsafeQualifiedStaticIntegerFieldAccessorImpl
Event: 4,107 loading class jdk/internal/reflect/UnsafeQualifiedStaticIntegerFieldAccessorImpl done


Dynamic libraries:
80000000-84300000 rw-p 00000000 00:00 0 
84300000-d5580000 ---p 00000000 00:00 0 
d5580000-d6700000 rw-p 00000000 00:00 0 
d6700000-100000000 ---p 00000000 00:00 0 
100000000-100020000 rw-p 00000000 00:00 0 
100020000-100040000 rw-p 00000000 00:00 0 
100040000-100100000 rw-p 00000000 00:00 0 
100100000-100180000 rw-p 00000000 00:00 0 
100180000-100240000 rw-p 00000000 00:00 0 
100240000-100280000 rw-p 00000000 00:00 0 
100280000-100380000 rw-p 00000000 00:00 0 
100380000-1005c0000 rw-p 00000000 00:00 0 
1005c0000-1005e0000 rw-p 00000000 00:00 0 
1005e0000-100600000 ---p 00000000 00:00 0 
100600000-100730000 rw-p 00000000 00:00 0 
100730000-140000000 ---p 00000000 00:00 0 
55d6ca9bf000-55d6ca9c0000 r-xp 00000000 103:06 1923779                   /home/artur/.vscode/extensions/redhat.java-1.2.0/jre/17.0.1-linux-x86_64/bin/java
55d6cabc0000-55d6cabc1000 r--p 00001000 103:06 1923779                   /home/artur/.vscode/extensions/redhat.java-1.2.0/jre/17.0.1-linux-x86_64/bin/java
55d6cabc1000-55d6cabc2000 rw-p 00002000 103:06 1923779                   /home/artur/.vscode/extensions/redhat.java-1.2.0/jre/17.0.1-linux-x86_64/bin/java
55d6cb7a7000-55d6cb7c8000 rw-p 00000000 00:00 0                          [heap]
7f770c000000-7f770c021000 rw-p 00000000 00:00 0 
7f770c021000-7f7710000000 ---p 00000000 00:00 0 
7f7714000000-7f7714053000 rw-p 00000000 00:00 0 
7f7714053000-7f7718000000 ---p 00000000 00:00 0 
7f7718000000-7f7718021000 rw-p 00000000 00:00 0 
7f7718021000-7f771c000000 ---p 00000000 00:00 0 
7f771c000000-7f771c021000 rw-p 00000000 00:00 0 
7f771c021000-7f7720000000 ---p 00000000 00:00 0 
7f7720000000-7f7720039000 rw-p 00000000 00:00 0 
7f7720039000-7f7724000000 ---p 00000000 00:00 0 
7f7724000000-7f7724021000 rw-p 00000000 00:00 0 
7f7724021000-7f7728000000 ---p 00000000 00:00 0 
7f7728000000-7f7728027000 rw-p 00000000 00:00 0 
7f7728027000-7f772c000000 ---p 00000000 00:00 0 
7f772c000000-7f772c021000 rw-p 00000000 00:00 0 
7f772c021000-7f7730000000 ---p 00000000 00:00 0 
7f7730000000-7f7730021000 rw-p 00000000 00:00 0 
7f7730021000-7f7734000000 ---p 00000000 00:00 0 
7f7734000000-7f773402a000 rw-p 00000000 00:00 0 
7f773402a000-7f7738000000 ---p 00000000 00:00 0 
7f7738000000-7f7738021000 rw-p 00000000 00:00 0 
7f7738021000-7f773c000000 ---p 00000000 00:00 0 
7f773c000000-7f773c021000 rw-p 00000000 00:00 0 
7f773c021000-7f7740000000 ---p 00000000 00:00 0 
7f7740000000-7f77400a6000 rw-p 00000000 00:00 0 
7f77400a6000-7f7744000000 ---p 00000000 00:00 0 
7f7744000000-7f77440ef000 rw-p 00000000 00:00 0 
7f77440ef000-7f7748000000 ---p 00000000 00:00 0 
7f7748d6b000-7f7749080000 rw-p 00000000 00:00 0 
7f7749080000-7f7749800000 ---p 00000000 00:00 0 
7f7749800000-7f7749d00000 rw-p 00000000 00:00 0 
7f7749d00000-7f7749dc0000 rw-p 00000000 00:00 0 
7f7749dc0000-7f7749e00000 ---p 00000000 00:00 0 
7f7749e00000-7f774a000000 rw-p 00000000 00:00 0 
7f774a1f6000-7f774a1fa000 ---p 00000000 00:00 0 
7f774a1fa000-7f774a2f7000 rw-p 00000000 00:00 0 
7f774a2f7000-7f774a2fb000 ---p 00000000 00:00 0 
7f774a2fb000-7f774a3f8000 rw-p 00000000 00:00 0 
7f774a3f8000-7f774a3fc000 ---p 00000000 00:00 0 
7f774a3fc000-7f774a4f9000 rw-p 00000000 00:00 0 
7f774a4f9000-7f774a4fd000 ---p 00000000 00:00 0 
7f774a4fd000-7f774a5fa000 rw-p 00000000 00:00 0 
7f774a5fa000-7f774a5fe000 ---p 00000000 00:00 0 
7f774a5fe000-7f774a6fb000 rw-p 00000000 00:00 0 
7f774a6fb000-7f774a6ff000 ---p 00000000 00:00 0 
7f774a6ff000-7f774a7fc000 rw-p 00000000 00:00 0 
7f774a7fc000-7f774a800000 ---p 00000000 00:00 0 
7f774a800000-7f774a8fd000 rw-p 00000000 00:00 0 
7f774a8fd000-7f774a901000 ---p 00000000 00:00 0 
7f774a901000-7f774a9fe000 rw-p 00000000 00:00 0 
7f774a9fe000-7f774aa02000 ---p 00000000 00:00 0 
7f774aa02000-7f774aaff000 rw-p 00000000 00:00 0 
7f774aaff000-7f774ab03000 ---p 00000000 00:00 0 
7f774ab03000-7f774ac00000 rw-p 00000000 00:00 0 
7f774ac00000-7f774ac04000 ---p 00000000 00:00 0 
7f774ac04000-7f774ad01000 rw-p 00000000 00:00 0 
7f774ad01000-7f774ad05000 ---p 00000000 00:00 0 
7f774ad05000-7f774ae02000 rw-p 00000000 00:00 0 
7f774b000000-7f774b5c0000 rw-p 00000000 00:00 0 
7f774b5c0000-7f774b600000 rw-p 00000000 00:00 0 
7f774b600000-7f774b800000 rw-p 00000000 00:00 0 
7f774b878000-7f7754000000 r--s 00000000 103:06 2889069                   /usr/lib/jvm/java-11-openjdk-amd64/lib/modules
7f7754000000-7f7754021000 rw-p 00000000 00:00 0 
7f7754021000-7f7758000000 ---p 00000000 00:00 0 
7f7758000000-7f77581c4000 rw-p 00000000 00:00 0 
7f77581c4000-7f775c000000 ---p 00000000 00:00 0 
7f775c000000-7f775d136000 rw-p 00000000 00:00 0 
7f775d136000-7f7760000000 ---p 00000000 00:00 0 
7f7760000000-7f7760021000 rw-p 00000000 00:00 0 
7f7760021000-7f7764000000 ---p 00000000 00:00 0 
7f7764000000-7f7764021000 rw-p 00000000 00:00 0 
7f7764021000-7f7768000000 ---p 00000000 00:00 0 
7f7768000000-7f7768050000 rw-p 00000000 00:00 0 
7f7768050000-7f776c000000 ---p 00000000 00:00 0 
7f776c000000-7f776c021000 rw-p 00000000 00:00 0 
7f776c021000-7f7770000000 ---p 00000000 00:00 0 
7f7770000000-7f7770021000 rw-p 00000000 00:00 0 
7f7770021000-7f7774000000 ---p 00000000 00:00 0 
7f7774000000-7f7774021000 rw-p 00000000 00:00 0 
7f7774021000-7f7778000000 ---p 00000000 00:00 0 
7f7778000000-7f7778021000 rw-p 00000000 00:00 0 
7f7778021000-7f777c000000 ---p 00000000 00:00 0 
7f777c000000-7f777c021000 rw-p 00000000 00:00 0 
7f777c021000-7f7780000000 ---p 00000000 00:00 0 
7f7780000000-7f7780b71000 rw-p 00000000 00:00 0 
7f7780b71000-7f7784000000 ---p 00000000 00:00 0 
7f7784000000-7f7784021000 rw-p 00000000 00:00 0 
7f7784021000-7f7788000000 ---p 00000000 00:00 0 
7f7788000000-7f7788021000 rw-p 00000000 00:00 0 
7f7788021000-7f778c000000 ---p 00000000 00:00 0 
7f778c000000-7f778c021000 rw-p 00000000 00:00 0 
7f778c021000-7f7790000000 ---p 00000000 00:00 0 
7f7790000000-7f7790021000 rw-p 00000000 00:00 0 
7f7790021000-7f7794000000 ---p 00000000 00:00 0 
7f7794000000-7f7794021000 rw-p 00000000 00:00 0 
7f7794021000-7f7798000000 ---p 00000000 00:00 0 
7f7798000000-7f7798021000 rw-p 00000000 00:00 0 
7f7798021000-7f779c000000 ---p 00000000 00:00 0 
7f779c000000-7f779c021000 rw-p 00000000 00:00 0 
7f779c021000-7f77a0000000 ---p 00000000 00:00 0 
7f77a0000000-7f77a0021000 rw-p 00000000 00:00 0 
7f77a0021000-7f77a4000000 ---p 00000000 00:00 0 
7f77a4000000-7f77a4021000 rw-p 00000000 00:00 0 
7f77a4021000-7f77a8000000 ---p 00000000 00:00 0 
7f77a8000000-7f77a8a84000 rw-p 00000000 00:00 0 
7f77a8a84000-7f77ac000000 ---p 00000000 00:00 0 
7f77ac000000-7f77ac021000 rw-p 00000000 00:00 0 
7f77ac021000-7f77b0000000 ---p 00000000 00:00 0 
7f77b0000000-7f77b1629000 rw-p 00000000 00:00 0 
7f77b1629000-7f77b4000000 ---p 00000000 00:00 0 
7f77b40f1000-7f77b40f5000 ---p 00000000 00:00 0 
7f77b40f5000-7f77b41f2000 rw-p 00000000 00:00 0 
7f77b41f2000-7f77b41f7000 r-xp 00000000 103:06 1924390                   /home/artur/.vscode/extensions/redhat.java-1.2.0/jre/17.0.1-linux-x86_64/lib/libmanagement_ext.so
7f77b41f7000-7f77b43f7000 ---p 00005000 103:06 1924390                   /home/artur/.vscode/extensions/redhat.java-1.2.0/jre/17.0.1-linux-x86_64/lib/libmanagement_ext.so
7f77b43f7000-7f77b43f8000 r--p 00005000 103:06 1924390                   /home/artur/.vscode/extensions/redhat.java-1.2.0/jre/17.0.1-linux-x86_64/lib/libmanagement_ext.so
7f77b43f8000-7f77b43f9000 rw-p 00006000 103:06 1924390                   /home/artur/.vscode/extensions/redhat.java-1.2.0/jre/17.0.1-linux-x86_64/lib/libmanagement_ext.so
7f77b43f9000-7f77b43fd000 r-xp 00000000 103:06 1924391                   /home/artur/.vscode/extensions/redhat.java-1.2.0/jre/17.0.1-linux-x86_64/lib/libmanagement.so
7f77b43fd000-7f77b45fc000 ---p 00004000 103:06 1924391                   /home/artur/.vscode/extensions/redhat.java-1.2.0/jre/17.0.1-linux-x86_64/lib/libmanagement.so
7f77b45fc000-7f77b45fd000 r--p 00003000 103:06 1924391                   /home/artur/.vscode/extensions/redhat.java-1.2.0/jre/17.0.1-linux-x86_64/lib/libmanagement.so
7f77b45fd000-7f77b45fe000 rw-p 00004000 103:06 1924391                   /home/artur/.vscode/extensions/redhat.java-1.2.0/jre/17.0.1-linux-x86_64/lib/libmanagement.so
7f77b45fe000-7f77b4602000 ---p 00000000 00:00 0 
7f77b4602000-7f77b46ff000 rw-p 00000000 00:00 0 
7f77b46ff000-7f77b4703000 ---p 00000000 00:00 0 
7f77b4703000-7f77b4d00000 rw-p 00000000 00:00 0 
7f77b4d00000-7f77b4e00000 rw-p 00000000 00:00 0 
7f77b4e00000-7f77b5000000 rw-p 00000000 00:00 0 
7f77b50fd000-7f77b5101000 ---p 00000000 00:00 0 
7f77b5101000-7f77b51fe000 rw-p 00000000 00:00 0 
7f77b51fe000-7f77b5202000 ---p 00000000 00:00 0 
7f77b5202000-7f77b52ff000 rw-p 00000000 00:00 0 
7f77b52ff000-7f77b5303000 ---p 00000000 00:00 0 
7f77b5303000-7f77b5500000 rw-p 00000000 00:00 0 
7f77b5500000-7f77b5600000 rw-p 00000000 00:00 0 
7f77b5600000-7f77b5a00000 rw-p 00000000 00:00 0 
7f77b5a00000-7f77b5bc0000 rw-p 00000000 00:00 0 
7f77b5bc0000-7f77b5c00000 rw-p 00000000 00:00 0 
7f77b5ce9000-7f77b5cf6000 r-xp 00000000 103:06 1924404                   /home/artur/.vscode/extensions/redhat.java-1.2.0/jre/17.0.1-linux-x86_64/lib/libverify.so
7f77b5cf6000-7f77b5ef5000 ---p 0000d000 103:06 1924404                   /home/artur/.vscode/extensions/redhat.java-1.2.0/jre/17.0.1-linux-x86_64/lib/libverify.so
7f77b5ef5000-7f77b5ef7000 r--p 0000c000 103:06 1924404                   /home/artur/.vscode/extensions/redhat.java-1.2.0/jre/17.0.1-linux-x86_64/lib/libverify.so
7f77b5ef7000-7f77b5ef8000 rw-p 0000e000 103:06 1924404                   /home/artur/.vscode/extensions/redhat.java-1.2.0/jre/17.0.1-linux-x86_64/lib/libverify.so
7f77b5ef8000-7f77b5efc000 ---p 00000000 00:00 0 
7f77b5efc000-7f77b5ff9000 rw-p 00000000 00:00 0 
7f77b5ff9000-7f77b5ffd000 ---p 00000000 00:00 0 
7f77b5ffd000-7f77b60fa000 rw-p 00000000 00:00 0 
7f77b60fa000-7f77b60fb000 ---p 00000000 00:00 0 
7f77b60fb000-7f77b61fc000 rw-p 00000000 00:00 0 
7f77b61fc000-7f77b61fd000 ---p 00000000 00:00 0 
7f77b61fd000-7f77b62fe000 rw-p 00000000 00:00 0 
7f77b62fe000-7f77b62ff000 ---p 00000000 00:00 0 
7f77b62ff000-7f77b6b00000 rw-p 00000000 00:00 0 
7f77b6b00000-7f77b6c00000 rw-p 00000000 00:00 0 
7f77b6ce2000-7f77b6ce6000 ---p 00000000 00:00 0 
7f77b6ce6000-7f77b6de3000 rw-p 00000000 00:00 0 
7f77b6de3000-7f77b6de7000 ---p 00000000 00:00 0 
7f77b6de7000-7f77b6ee4000 rw-p 00000000 00:00 0 
7f77b6ee4000-7f77b6ee8000 ---p 00000000 00:00 0 
7f77b6ee8000-7f77b6fe5000 rw-p 00000000 00:00 0 
7f77b6fe5000-7f77b6fe9000 ---p 00000000 00:00 0 
7f77b6fe9000-7f77b70e6000 rw-p 00000000 00:00 0 
7f77b70e6000-7f77b70ea000 ---p 00000000 00:00 0 
7f77b70ea000-7f77b71e7000 rw-p 00000000 00:00 0 
7f77b71e7000-7f77b71f7000 r-xp 00000000 103:06 2625853                   /home/artur/.config/Code/User/globalStorage/redhat.java/1.2.0/config_linux/org.eclipse.equinox.launcher/org.eclipse.equinox.launcher.gtk.linux.x86_64_1.2.400.v20211117-0650/eclipse_11600.so
7f77b71f7000-7f77b73f6000 ---p 00010000 103:06 2625853                   /home/artur/.config/Code/User/globalStorage/redhat.java/1.2.0/config_linux/org.eclipse.equinox.launcher/org.eclipse.equinox.launcher.gtk.linux.x86_64_1.2.400.v20211117-0650/eclipse_11600.so
7f77b73f6000-7f77b73f7000 r--p 0000f000 103:06 2625853                   /home/artur/.config/Code/User/globalStorage/redhat.java/1.2.0/config_linux/org.eclipse.equinox.launcher/org.eclipse.equinox.launcher.gtk.linux.x86_64_1.2.400.v20211117-0650/eclipse_11600.so
7f77b73f7000-7f77b73f8000 rw-p 00010000 103:06 2625853                   /home/artur/.config/Code/User/globalStorage/redhat.java/1.2.0/config_linux/org.eclipse.equinox.launcher/org.eclipse.equinox.launcher.gtk.linux.x86_64_1.2.400.v20211117-0650/eclipse_11600.so
7f77b73f8000-7f77b73f9000 ---p 00000000 00:00 0 
7f77b73f9000-7f77b74fa000 rw-p 00000000 00:00 0 
7f77b74fa000-7f77b74fb000 ---p 00000000 00:00 0 
7f77b74fb000-7f77b75fc000 rw-p 00000000 00:00 0 
7f77b75fc000-7f77b75fd000 ---p 00000000 00:00 0 
7f77b75fd000-7f77b76fe000 rw-p 00000000 00:00 0 
7f77b76fe000-7f77b76ff000 ---p 00000000 00:00 0 
7f77b76ff000-7f77b7900000 rw-p 00000000 00:00 0 
7f77b7900000-7f77b7b00000 rw-p 00000000 00:00 0 
7f77b7b00000-7f77b7c00000 rw-p 00000000 00:00 0 
7f77b7c00000-7f77b7d00000 rw-p 00000000 00:00 0 
7f77b7d00000-7f77b7e00000 rw-p 00000000 00:00 0 
7f77b7e00000-7f77b7fc0000 rw-p 00000000 00:00 0 
7f77b7fc0000-7f77b8000000 rw-p 00000000 00:00 0 
7f77b8000000-7f77b8021000 rw-p 00000000 00:00 0 
7f77b8021000-7f77bc000000 ---p 00000000 00:00 0 
7f77bc000000-7f77bc021000 rw-p 00000000 00:00 0 
7f77bc021000-7f77c0000000 ---p 00000000 00:00 0 
7f77c0000000-7f77c0021000 rw-p 00000000 00:00 0 
7f77c0021000-7f77c4000000 ---p 00000000 00:00 0 
7f77c4000000-7f77c4021000 rw-p 00000000 00:00 0 
7f77c4021000-7f77c8000000 ---p 00000000 00:00 0 
7f77c8000000-7f77c8ddd000 rw-p 00000000 00:00 0 
7f77c8ddd000-7f77cc000000 ---p 00000000 00:00 0 
7f77cc000000-7f77cc021000 rw-p 00000000 00:00 0 
7f77cc021000-7f77d0000000 ---p 00000000 00:00 0 
7f77d0000000-7f77d0021000 rw-p 00000000 00:00 0 
7f77d0021000-7f77d4000000 ---p 00000000 00:00 0 
7f77d4000000-7f77d5823000 rw-p 00000000 00:00 0 
7f77d5823000-7f77d8000000 ---p 00000000 00:00 0 
7f77d8000000-7f77d8021000 rw-p 00000000 00:00 0 
7f77d8021000-7f77dc000000 ---p 00000000 00:00 0 
7f77dc000000-7f77dc021000 rw-p 00000000 00:00 0 
7f77dc021000-7f77e0000000 ---p 00000000 00:00 0 
7f77e0000000-7f77e0021000 rw-p 00000000 00:00 0 
7f77e0021000-7f77e4000000 ---p 00000000 00:00 0 
7f77e4000000-7f77e4021000 rw-p 00000000 00:00 0 
7f77e4021000-7f77e8000000 ---p 00000000 00:00 0 
7f77e8000000-7f77e8021000 rw-p 00000000 00:00 0 
7f77e8021000-7f77ec000000 ---p 00000000 00:00 0 
7f77ec038000-7f77ec039000 ---p 00000000 00:00 0 
7f77ec039000-7f77ec13a000 rw-p 00000000 00:00 0 
7f77ec13a000-7f77ec13b000 ---p 00000000 00:00 0 
7f77ec13b000-7f77ec23c000 rw-p 00000000 00:00 0 
7f77ec23c000-7f77ec240000 ---p 00000000 00:00 0 
7f77ec240000-7f77ec33d000 rw-p 00000000 00:00 0 
7f77ec33d000-7f77ec341000 ---p 00000000 00:00 0 
7f77ec341000-7f77ec43e000 rw-p 00000000 00:00 0 
7f77ec43e000-7f77ec442000 ---p 00000000 00:00 0 
7f77ec442000-7f77ec53f000 rw-p 00000000 00:00 0 
7f77ec53f000-7f77ec543000 ---p 00000000 00:00 0 
7f77ec543000-7f77ec640000 rw-p 00000000 00:00 0 
7f77ec640000-7f77ec655000 r-xp 00000000 103:06 1924394                   /home/artur/.vscode/extensions/redhat.java-1.2.0/jre/17.0.1-linux-x86_64/lib/libnet.so
7f77ec655000-7f77ec854000 ---p 00015000 103:06 1924394                   /home/artur/.vscode/extensions/redhat.java-1.2.0/jre/17.0.1-linux-x86_64/lib/libnet.so
7f77ec854000-7f77ec855000 r--p 00014000 103:06 1924394                   /home/artur/.vscode/extensions/redhat.java-1.2.0/jre/17.0.1-linux-x86_64/lib/libnet.so
7f77ec855000-7f77ec856000 rw-p 00015000 103:06 1924394                   /home/artur/.vscode/extensions/redhat.java-1.2.0/jre/17.0.1-linux-x86_64/lib/libnet.so
7f77ec856000-7f77ec868000 r-xp 00000000 103:06 1924395                   /home/artur/.vscode/extensions/redhat.java-1.2.0/jre/17.0.1-linux-x86_64/lib/libnio.so
7f77ec868000-7f77eca67000 ---p 00012000 103:06 1924395                   /home/artur/.vscode/extensions/redhat.java-1.2.0/jre/17.0.1-linux-x86_64/lib/libnio.so
7f77eca67000-7f77eca68000 r--p 00011000 103:06 1924395                   /home/artur/.vscode/extensions/redhat.java-1.2.0/jre/17.0.1-linux-x86_64/lib/libnio.so
7f77eca68000-7f77eca69000 rw-p 00012000 103:06 1924395                   /home/artur/.vscode/extensions/redhat.java-1.2.0/jre/17.0.1-linux-x86_64/lib/libnio.so
7f77eca69000-7f77eca6a000 ---p 00000000 00:00 0 
7f77eca6a000-7f77ecb6b000 rw-p 00000000 00:00 0 
7f77ecb6b000-7f77ecb6f000 ---p 00000000 00:00 0 
7f77ecb6f000-7f77ecc6c000 rw-p 00000000 00:00 0 
7f77ecc6c000-7f77ecc70000 ---p 00000000 00:00 0 
7f77ecc70000-7f77ecd6d000 rw-p 00000000 00:00 0 
7f77ecd6d000-7f77ecd71000 ---p 00000000 00:00 0 
7f77ecd71000-7f77ece6e000 rw-p 00000000 00:00 0 
7f77ece6e000-7f77ece72000 ---p 00000000 00:00 0 
7f77ece72000-7f77ecf6f000 rw-p 00000000 00:00 0 
7f77ecf6f000-7f77ecf73000 ---p 00000000 00:00 0 
7f77ecf73000-7f77ed070000 rw-p 00000000 00:00 0 
7f77ed070000-7f77ed074000 ---p 00000000 00:00 0 
7f77ed074000-7f77ed171000 rw-p 00000000 00:00 0 
7f77ed171000-7f77ed175000 ---p 00000000 00:00 0 
7f77ed175000-7f77ed272000 rw-p 00000000 00:00 0 
7f77ed272000-7f77ed276000 ---p 00000000 00:00 0 
7f77ed276000-7f77ed373000 rw-p 00000000 00:00 0 
7f77ed373000-7f77ed8e4000 r--p 00000000 103:06 2889157                   /usr/lib/locale/locale-archive
7f77ed8e4000-7f77ed8e8000 ---p 00000000 00:00 0 
7f77ed8e8000-7f77ed9e5000 rw-p 00000000 00:00 0 
7f77ed9e5000-7f77ed9e9000 ---p 00000000 00:00 0 
7f77ed9e9000-7f77edae6000 rw-p 00000000 00:00 0 
7f77edae6000-7f77edae7000 ---p 00000000 00:00 0 
7f77edae7000-7f77ef800000 rw-p 00000000 00:00 0 
7f77ef800000-7f77ef820000 rw-p 00000000 00:00 0 
7f77ef820000-7f77ef840000 rw-p 00000000 00:00 0 
7f77ef840000-7f77ef880000 rw-p 00000000 00:00 0 
7f77ef880000-7f77ef900000 rw-p 00000000 00:00 0 
7f77ef900000-7f77efb00000 rw-p 00000000 00:00 0 
7f77efb00000-7f77efb40000 rw-p 00000000 00:00 0 
7f77efb40000-7f77efb80000 rw-p 00000000 00:00 0 
7f77efb80000-7f77efc00000 rw-p 00000000 00:00 0 
7f77efcfd000-7f77f4000000 rw-p 00000000 00:00 0 
7f77f4000000-7f77f4021000 rw-p 00000000 00:00 0 
7f77f4021000-7f77f8000000 ---p 00000000 00:00 0 
7f77f80c5000-7f77f86cb000 rw-p 00000000 00:00 0 
7f77f86cb000-7f77f86d2000 r-xp 00000000 103:06 1924405                   /home/artur/.vscode/extensions/redhat.java-1.2.0/jre/17.0.1-linux-x86_64/lib/libzip.so
7f77f86d2000-7f77f88d2000 ---p 00007000 103:06 1924405                   /home/artur/.vscode/extensions/redhat.java-1.2.0/jre/17.0.1-linux-x86_64/lib/libzip.so
7f77f88d2000-7f77f88d3000 r--p 00007000 103:06 1924405                   /home/artur/.vscode/extensions/redhat.java-1.2.0/jre/17.0.1-linux-x86_64/lib/libzip.so
7f77f88d3000-7f77f88d4000 rw-p 00008000 103:06 1924405                   /home/artur/.vscode/extensions/redhat.java-1.2.0/jre/17.0.1-linux-x86_64/lib/libzip.so
7f77f88d4000-7f77f8d77000 rw-p 00000000 00:00 0 
7f77f8d77000-7f77f9000000 ---p 00000000 00:00 0 
7f77f9000000-7f77f9270000 rwxp 00000000 00:00 0 
7f77f9270000-7f77f9592000 ---p 00000000 00:00 0 
7f77f9592000-7f77fa542000 rwxp 00000000 00:00 0 
7f77fa542000-7f7800ac9000 ---p 00000000 00:00 0 
7f7800ac9000-7f7800eb9000 rwxp 00000000 00:00 0 
7f7800eb9000-7f7808000000 ---p 00000000 00:00 0 
7f7808000000-7f780875c000 rw-p 00000000 00:00 0 
7f780875c000-7f780c000000 ---p 00000000 00:00 0 
7f780c056000-7f780c05a000 ---p 00000000 00:00 0 
7f780c05a000-7f780c13c000 rw-p 00000000 00:00 0 
7f780c13c000-7f780c13d000 ---p 00000000 00:00 0 
7f780c13d000-7f780c260000 rw-p 00000000 00:00 0 
7f780c260000-7f780c4e8000 ---p 00000000 00:00 0 
7f780c4e8000-7f780c4f2000 rw-p 00000000 00:00 0 
7f780c4f2000-7f780c63e000 ---p 00000000 00:00 0 
7f780c63e000-7f780c647000 rw-p 00000000 00:00 0 
7f780c647000-7f780c72a000 ---p 00000000 00:00 0 
7f780c72a000-7f780c74a000 rw-p 00000000 00:00 0 
7f780c74a000-7f780c815000 ---p 00000000 00:00 0 
7f780c815000-7f780c839000 r-xp 00000000 103:06 1924362                   /home/artur/.vscode/extensions/redhat.java-1.2.0/jre/17.0.1-linux-x86_64/lib/libjava.so
7f780c839000-7f780ca39000 ---p 00024000 103:06 1924362                   /home/artur/.vscode/extensions/redhat.java-1.2.0/jre/17.0.1-linux-x86_64/lib/libjava.so
7f780ca39000-7f780ca3a000 r--p 00024000 103:06 1924362                   /home/artur/.vscode/extensions/redhat.java-1.2.0/jre/17.0.1-linux-x86_64/lib/libjava.so
7f780ca3a000-7f780ca3b000 rw-p 00025000 103:06 1924362                   /home/artur/.vscode/extensions/redhat.java-1.2.0/jre/17.0.1-linux-x86_64/lib/libjava.so
7f780ca3b000-7f780ca3c000 rw-p 00000000 00:00 0 
7f780ca3c000-7f780ca3f000 r--p 00000000 103:06 3674023                   /lib/x86_64-linux-gnu/libnss_files-2.31.so
7f780ca3f000-7f780ca46000 r-xp 00003000 103:06 3674023                   /lib/x86_64-linux-gnu/libnss_files-2.31.so
7f780ca46000-7f780ca48000 r--p 0000a000 103:06 3674023                   /lib/x86_64-linux-gnu/libnss_files-2.31.so
7f780ca48000-7f780ca49000 r--p 0000b000 103:06 3674023                   /lib/x86_64-linux-gnu/libnss_files-2.31.so
7f780ca49000-7f780ca4a000 rw-p 0000c000 103:06 3674023                   /lib/x86_64-linux-gnu/libnss_files-2.31.so
7f780ca4a000-7f780ca50000 rw-p 00000000 00:00 0 
7f780ca50000-7f780ca55000 r--p 00000000 103:06 3674009                   /lib/x86_64-linux-gnu/libnsl-2.31.so
7f780ca55000-7f780ca65000 r-xp 00005000 103:06 3674009                   /lib/x86_64-linux-gnu/libnsl-2.31.so
7f780ca65000-7f780ca69000 r--p 00015000 103:06 3674009                   /lib/x86_64-linux-gnu/libnsl-2.31.so
7f780ca69000-7f780ca6a000 r--p 00018000 103:06 3674009                   /lib/x86_64-linux-gnu/libnsl-2.31.so
7f780ca6a000-7f780ca6b000 rw-p 00019000 103:06 3674009                   /lib/x86_64-linux-gnu/libnsl-2.31.so
7f780ca6b000-7f780ca6d000 rw-p 00000000 00:00 0 
7f780ca6d000-7f780ca70000 r--p 00000000 103:06 3674031                   /lib/x86_64-linux-gnu/libnss_nis-2.31.so
7f780ca70000-7f780ca78000 r-xp 00003000 103:06 3674031                   /lib/x86_64-linux-gnu/libnss_nis-2.31.so
7f780ca78000-7f780ca7a000 r--p 0000b000 103:06 3674031                   /lib/x86_64-linux-gnu/libnss_nis-2.31.so
7f780ca7a000-7f780ca7b000 r--p 0000c000 103:06 3674031                   /lib/x86_64-linux-gnu/libnss_nis-2.31.so
7f780ca7b000-7f780ca7c000 rw-p 0000d000 103:06 3674031                   /lib/x86_64-linux-gnu/libnss_nis-2.31.so
7f780ca7c000-7f780ca83000 r--s 00000000 103:06 3148538                   /usr/lib/x86_64-linux-gnu/gconv/gconv-modules.cache
7f780ca83000-7f780ca84000 r--s 00000000 103:06 1979736                   /home/artur/.config/Code/User/workspaceStorage/68e882bbe0e19ee7d9ce481bef1e990f/redhat.java/jdt_ws/.metadata/.plugins/org.eclipse.m2e.core/nexus/05b0fe8524860bd73cbb07ef30fb34cc/_7.cfs
7f780ca84000-7f780ca85000 r--s 00000000 103:06 1980356                   /home/artur/.config/Code/User/workspaceStorage/68e882bbe0e19ee7d9ce481bef1e990f/redhat.java/jdt_ws/.metadata/.plugins/org.eclipse.m2e.core/nexus/05b0fe8524860bd73cbb07ef30fb34cc/_6.cfs
7f780ca85000-7f780ca86000 r--s 00000000 103:06 1980337                   /home/artur/.config/Code/User/workspaceStorage/68e882bbe0e19ee7d9ce481bef1e990f/redhat.java/jdt_ws/.metadata/.plugins/org.eclipse.m2e.core/nexus/3c133827929a58a5192ae1988ebeded4/_l.cfs
7f780ca86000-7f780ca87000 r--s 00000000 103:06 1985637                   /home/artur/.config/Code/User/workspaceStorage/68e882bbe0e19ee7d9ce481bef1e990f/redhat.java/jdt_ws/.metadata/.plugins/org.eclipse.m2e.core/nexus/3c133827929a58a5192ae1988ebeded4/_k.cfs
7f780ca87000-7f780ca88000 r--s 00000000 103:06 1979464                   /home/artur/.config/Code/User/workspaceStorage/68e882bbe0e19ee7d9ce481bef1e990f/redhat.java/jdt_ws/.metadata/.plugins/org.eclipse.m2e.core/nexus/3c133827929a58a5192ae1988ebeded4/_g.cfs
7f780ca88000-7f780ca89000 r--s 00000000 103:06 1978772                   /home/artur/.config/Code/User/workspaceStorage/68e882bbe0e19ee7d9ce481bef1e990f/redhat.java/jdt_ws/.metadata/.plugins/org.eclipse.m2e.core/nexus/3c133827929a58a5192ae1988ebeded4/_f.fdt
7f780ca89000-7f780ca8a000 r--s 00000000 103:06 1978903                   /home/artur/.config/Code/User/workspaceStorage/68e882bbe0e19ee7d9ce481bef1e990f/redhat.java/jdt_ws/.metadata/.plugins/org.eclipse.m2e.core/nexus/3c133827929a58a5192ae1988ebeded4/_f.nvd
7f780ca8a000-7f780ca8b000 r--s 00000000 103:06 1978830                   /home/artur/.config/Code/User/workspaceStorage/68e882bbe0e19ee7d9ce481bef1e990f/redhat.java/jdt_ws/.metadata/.plugins/org.eclipse.m2e.core/nexus/3c133827929a58a5192ae1988ebeded4/_f_Lucene50_0.tim
7f780ca8b000-7f780ca8c000 r--s 00000000 103:06 1978781                   /home/artur/.config/Code/User/workspaceStorage/68e882bbe0e19ee7d9ce481bef1e990f/redhat.java/jdt_ws/.metadata/.plugins/org.eclipse.m2e.core/nexus/3c133827929a58a5192ae1988ebeded4/_f_Lucene50_0.pos
7f780ca8c000-7f780ca91000 rw-p 00000000 00:00 0 
7f780ca91000-7f780ca98000 ---p 00000000 00:00 0 
7f780ca98000-7f780f695000 r--s 00000000 103:06 1924413                   /home/artur/.vscode/extensions/redhat.java-1.2.0/jre/17.0.1-linux-x86_64/lib/modules
7f780f695000-7f780f6b0000 r-xp 00000000 103:06 1924374                   /home/artur/.vscode/extensions/redhat.java-1.2.0/jre/17.0.1-linux-x86_64/lib/libjimage.so
7f780f6b0000-7f780f8af000 ---p 0001b000 103:06 1924374                   /home/artur/.vscode/extensions/redhat.java-1.2.0/jre/17.0.1-linux-x86_64/lib/libjimage.so
7f780f8af000-7f780f8b1000 r--p 0001a000 103:06 1924374                   /home/artur/.vscode/extensions/redhat.java-1.2.0/jre/17.0.1-linux-x86_64/lib/libjimage.so
7f780f8b1000-7f780f8b2000 rw-p 0001c000 103:06 1924374                   /home/artur/.vscode/extensions/redhat.java-1.2.0/jre/17.0.1-linux-x86_64/lib/libjimage.so
7f780f8b2000-7f780f8b6000 ---p 00000000 00:00 0 
7f780f8b6000-7f780f9b3000 rw-p 00000000 00:00 0 
7f780f9b3000-7f780f9c2000 r--p 00000000 103:06 3673997                   /lib/x86_64-linux-gnu/libm-2.31.so
7f780f9c2000-7f780fa69000 r-xp 0000f000 103:06 3673997                   /lib/x86_64-linux-gnu/libm-2.31.so
7f780fa69000-7f780fb00000 r--p 000b6000 103:06 3673997                   /lib/x86_64-linux-gnu/libm-2.31.so
7f780fb00000-7f780fb01000 r--p 0014c000 103:06 3673997                   /lib/x86_64-linux-gnu/libm-2.31.so
7f780fb01000-7f780fb02000 rw-p 0014d000 103:06 3673997                   /lib/x86_64-linux-gnu/libm-2.31.so
7f780fb02000-7f780fb05000 r--p 00000000 103:06 3674043                   /lib/x86_64-linux-gnu/librt-2.31.so
7f780fb05000-7f780fb09000 r-xp 00003000 103:06 3674043                   /lib/x86_64-linux-gnu/librt-2.31.so
7f780fb09000-7f780fb0a000 r--p 00007000 103:06 3674043                   /lib/x86_64-linux-gnu/librt-2.31.so
7f780fb0a000-7f780fb0b000 ---p 00008000 103:06 3674043                   /lib/x86_64-linux-gnu/librt-2.31.so
7f780fb0b000-7f780fb0c000 r--p 00008000 103:06 3674043                   /lib/x86_64-linux-gnu/librt-2.31.so
7f780fb0c000-7f780fb0d000 rw-p 00009000 103:06 3674043                   /lib/x86_64-linux-gnu/librt-2.31.so
7f780fb0d000-7f7810dec000 r-xp 00000000 103:06 1924435                   /home/artur/.vscode/extensions/redhat.java-1.2.0/jre/17.0.1-linux-x86_64/lib/server/libjvm.so
7f7810dec000-7f7810feb000 ---p 012df000 103:06 1924435                   /home/artur/.vscode/extensions/redhat.java-1.2.0/jre/17.0.1-linux-x86_64/lib/server/libjvm.so
7f7810feb000-7f78110a4000 r--p 012de000 103:06 1924435                   /home/artur/.vscode/extensions/redhat.java-1.2.0/jre/17.0.1-linux-x86_64/lib/server/libjvm.so
7f78110a4000-7f78110d8000 rw-p 01397000 103:06 1924435                   /home/artur/.vscode/extensions/redhat.java-1.2.0/jre/17.0.1-linux-x86_64/lib/server/libjvm.so
7f78110d8000-7f7811134000 rw-p 00000000 00:00 0 
7f7811134000-7f7811159000 r--p 00000000 103:06 3673989                   /lib/x86_64-linux-gnu/libc-2.31.so
7f7811159000-7f78112d1000 r-xp 00025000 103:06 3673989                   /lib/x86_64-linux-gnu/libc-2.31.so
7f78112d1000-7f781131b000 r--p 0019d000 103:06 3673989                   /lib/x86_64-linux-gnu/libc-2.31.so
7f781131b000-7f781131c000 ---p 001e7000 103:06 3673989                   /lib/x86_64-linux-gnu/libc-2.31.so
7f781131c000-7f781131f000 r--p 001e7000 103:06 3673989                   /lib/x86_64-linux-gnu/libc-2.31.so
7f781131f000-7f7811322000 rw-p 001ea000 103:06 3673989                   /lib/x86_64-linux-gnu/libc-2.31.so
7f7811322000-7f7811326000 rw-p 00000000 00:00 0 
7f7811326000-7f7811327000 r--p 00000000 103:06 3673993                   /lib/x86_64-linux-gnu/libdl-2.31.so
7f7811327000-7f7811329000 r-xp 00001000 103:06 3673993                   /lib/x86_64-linux-gnu/libdl-2.31.so
7f7811329000-7f781132a000 r--p 00003000 103:06 3673993                   /lib/x86_64-linux-gnu/libdl-2.31.so
7f781132a000-7f781132b000 r--p 00003000 103:06 3673993                   /lib/x86_64-linux-gnu/libdl-2.31.so
7f781132b000-7f781132c000 rw-p 00004000 103:06 3673993                   /lib/x86_64-linux-gnu/libdl-2.31.so
7f781132c000-7f7811333000 r--p 00000000 103:06 3674039                   /lib/x86_64-linux-gnu/libpthread-2.31.so
7f7811333000-7f7811344000 r-xp 00007000 103:06 3674039                   /lib/x86_64-linux-gnu/libpthread-2.31.so
7f7811344000-7f7811349000 r--p 00018000 103:06 3674039                   /lib/x86_64-linux-gnu/libpthread-2.31.so
7f7811349000-7f781134a000 r--p 0001c000 103:06 3674039                   /lib/x86_64-linux-gnu/libpthread-2.31.so
7f781134a000-7f781134b000 rw-p 0001d000 103:06 3674039                   /lib/x86_64-linux-gnu/libpthread-2.31.so
7f781134b000-7f781134f000 rw-p 00000000 00:00 0 
7f781134f000-7f781135e000 r-xp 00000000 103:06 1924377                   /home/artur/.vscode/extensions/redhat.java-1.2.0/jre/17.0.1-linux-x86_64/lib/libjli.so
7f781135e000-7f781155e000 ---p 0000f000 103:06 1924377                   /home/artur/.vscode/extensions/redhat.java-1.2.0/jre/17.0.1-linux-x86_64/lib/libjli.so
7f781155e000-7f781155f000 r--p 0000f000 103:06 1924377                   /home/artur/.vscode/extensions/redhat.java-1.2.0/jre/17.0.1-linux-x86_64/lib/libjli.so
7f781155f000-7f7811560000 rw-p 00010000 103:06 1924377                   /home/artur/.vscode/extensions/redhat.java-1.2.0/jre/17.0.1-linux-x86_64/lib/libjli.so
7f7811560000-7f7811562000 r--p 00000000 103:06 3672661                   /lib/x86_64-linux-gnu/libz.so.1.2.11
7f7811562000-7f7811573000 r-xp 00002000 103:06 3672661                   /lib/x86_64-linux-gnu/libz.so.1.2.11
7f7811573000-7f7811579000 r--p 00013000 103:06 3672661                   /lib/x86_64-linux-gnu/libz.so.1.2.11
7f7811579000-7f781157a000 ---p 00019000 103:06 3672661                   /lib/x86_64-linux-gnu/libz.so.1.2.11
7f781157a000-7f781157b000 r--p 00019000 103:06 3672661                   /lib/x86_64-linux-gnu/libz.so.1.2.11
7f781157b000-7f781157c000 rw-p 0001a000 103:06 3672661                   /lib/x86_64-linux-gnu/libz.so.1.2.11
7f781157c000-7f781157d000 r--s 00000000 103:06 1978780                   /home/artur/.config/Code/User/workspaceStorage/68e882bbe0e19ee7d9ce481bef1e990f/redhat.java/jdt_ws/.metadata/.plugins/org.eclipse.m2e.core/nexus/3c133827929a58a5192ae1988ebeded4/_f_Lucene50_0.doc
7f781157d000-7f781157e000 r--s 00000000 103:06 1980344                   /home/artur/.config/Code/User/workspaceStorage/68e882bbe0e19ee7d9ce481bef1e990f/redhat.java/jdt_ws/.metadata/.plugins/org.eclipse.m2e.core/nexus/830bc118332e77292949ed1e6d2fabe0/_a.cfs
7f781157e000-7f781157f000 r--s 00000000 103:06 1985653                   /home/artur/.config/Code/User/workspaceStorage/68e882bbe0e19ee7d9ce481bef1e990f/redhat.java/jdt_ws/.metadata/.plugins/org.eclipse.m2e.core/nexus/830bc118332e77292949ed1e6d2fabe0/_9.cfs
7f781157f000-7f7811580000 r--s 00000000 103:06 1978144                   /home/artur/.config/Code/User/workspaceStorage/68e882bbe0e19ee7d9ce481bef1e990f/redhat.java/jdt_ws/.metadata/.plugins/org.eclipse.m2e.core/nexus/830bc118332e77292949ed1e6d2fabe0/_5.cfs
7f7811580000-7f7811581000 r--s 00000000 103:06 1978141                   /home/artur/.config/Code/User/workspaceStorage/68e882bbe0e19ee7d9ce481bef1e990f/redhat.java/jdt_ws/.metadata/.plugins/org.eclipse.m2e.core/nexus/830bc118332e77292949ed1e6d2fabe0/_4.cfs
7f7811581000-7f7811582000 r--s 00000000 103:06 1977991                   /home/artur/.config/Code/User/workspaceStorage/68e882bbe0e19ee7d9ce481bef1e990f/redhat.java/jdt_ws/.metadata/.plugins/org.eclipse.m2e.core/nexus/830bc118332e77292949ed1e6d2fabe0/_3.cfs
7f7811582000-7f781158a000 rw-s 00000000 103:06 3809707                   /tmp/hsperfdata_artur/201571
7f781158a000-7f781158c000 r--p 00000000 103:06 3674013                   /lib/x86_64-linux-gnu/libnss_compat-2.31.so
7f781158c000-7f7811593000 r-xp 00002000 103:06 3674013                   /lib/x86_64-linux-gnu/libnss_compat-2.31.so
7f7811593000-7f7811594000 r--p 00009000 103:06 3674013                   /lib/x86_64-linux-gnu/libnss_compat-2.31.so
7f7811594000-7f7811595000 r--p 00009000 103:06 3674013                   /lib/x86_64-linux-gnu/libnss_compat-2.31.so
7f7811595000-7f7811596000 rw-p 0000a000 103:06 3674013                   /lib/x86_64-linux-gnu/libnss_compat-2.31.so
7f7811596000-7f7811597000 ---p 00000000 00:00 0 
7f7811597000-7f7811598000 r--p 00000000 00:00 0 
7f7811598000-7f781159a000 rw-p 00000000 00:00 0 
7f781159a000-7f781159b000 r--p 00000000 103:06 3673973                   /lib/x86_64-linux-gnu/ld-2.31.so
7f781159b000-7f78115be000 r-xp 00001000 103:06 3673973                   /lib/x86_64-linux-gnu/ld-2.31.so
7f78115be000-7f78115c6000 r--p 00024000 103:06 3673973                   /lib/x86_64-linux-gnu/ld-2.31.so
7f78115c6000-7f78115c7000 ---p 00000000 00:00 0 
7f78115c7000-7f78115c8000 r--p 0002c000 103:06 3673973                   /lib/x86_64-linux-gnu/ld-2.31.so
7f78115c8000-7f78115c9000 rw-p 0002d000 103:06 3673973                   /lib/x86_64-linux-gnu/ld-2.31.so
7f78115c9000-7f78115ca000 rw-p 00000000 00:00 0 
7ffe3df57000-7ffe3df79000 rw-p 00000000 00:00 0                          [stack]
7ffe3dfcb000-7ffe3dfce000 r--p 00000000 00:00 0                          [vvar]
7ffe3dfce000-7ffe3dfcf000 r-xp 00000000 00:00 0                          [vdso]
ffffffffff600000-ffffffffff601000 --xp 00000000 00:00 0                  [vsyscall]


VM Arguments:
jvm_args: --add-modules=ALL-SYSTEM --add-opens=java.base/java.util=ALL-UNNAMED --add-opens=java.base/java.lang=ALL-UNNAMED -Declipse.application=org.eclipse.jdt.ls.core.id1 -Dosgi.bundles.defaultStartLevel=4 -Declipse.product=org.eclipse.jdt.ls.core.product -Djava.import.generatesMetadataFilesAtProjectRoot=false -Dfile.encoding=utf8 -XX:+UseParallelGC -XX:GCTimeRatio=4 -XX:AdaptiveSizePolicyWeight=90 -Dsun.zip.disableMemoryMapping=true -Xmx2G -Xms100m -XX:+HeapDumpOnOutOfMemoryError -XX:HeapDumpPath=/home/artur/.config/Code/User/workspaceStorage/68e882bbe0e19ee7d9ce481bef1e990f/redhat.java 
java_command: /home/artur/.vscode/extensions/redhat.java-1.2.0/server/plugins/org.eclipse.equinox.launcher_1.6.400.v20210924-0641.jar -configuration /home/artur/.config/Code/User/globalStorage/redhat.java/1.2.0/config_linux -data /home/artur/.config/Code/User/workspaceStorage/68e882bbe0e19ee7d9ce481bef1e990f/redhat.java/jdt_ws
java_class_path (initial): /home/artur/.vscode/extensions/redhat.java-1.2.0/server/plugins/org.eclipse.equinox.launcher_1.6.400.v20210924-0641.jar
Launcher Type: SUN_STANDARD

[Global flags]
    uintx AdaptiveSizePolicyWeight                 = 90                                        {product} {command line}
     intx CICompilerCount                          = 4                                         {product} {ergonomic}
    uintx GCTimeRatio                              = 4                                         {product} {command line}
     bool HeapDumpOnOutOfMemoryError               = true                                   {manageable} {command line}
    ccstr HeapDumpPath                             = /home/artur/.config/Code/User/workspaceStorage/68e882bbe0e19ee7d9ce481bef1e990f/redhat.java         {manageable} {command line}
   size_t InitialHeapSize                          = 104857600                                 {product} {command line}
   size_t MaxHeapSize                              = 2147483648                                {product} {command line}
   size_t MaxNewSize                               = 715653120                                 {product} {ergonomic}
   size_t MinHeapDeltaBytes                        = 524288                                    {product} {ergonomic}
   size_t MinHeapSize                              = 104857600                                 {product} {command line}
   size_t NewSize                                  = 34603008                                  {product} {ergonomic}
    uintx NonNMethodCodeHeapSize                   = 5839372                                {pd product} {ergonomic}
    uintx NonProfiledCodeHeapSize                  = 122909434                              {pd product} {ergonomic}
   size_t OldSize                                  = 70254592                                  {product} {ergonomic}
    uintx ProfiledCodeHeapSize                     = 122909434                              {pd product} {ergonomic}
    uintx ReservedCodeCacheSize                    = 251658240                              {pd product} {ergonomic}
     bool SegmentedCodeCache                       = true                                      {product} {ergonomic}
   size_t SoftMaxHeapSize                          = 2147483648                             {manageable} {ergonomic}
     bool UseCompressedClassPointers               = true                           {product lp64_product} {ergonomic}
     bool UseCompressedOops                        = true                           {product lp64_product} {ergonomic}
     bool UseParallelGC                            = true                                      {product} {command line}

Logging:
Log output configuration:
 #0: stdout all=warning uptime,level,tags
 #1: stderr all=off uptime,level,tags

Environment Variables:
JAVA_HOME=/usr/lib/jvm/java-11-openjdk-amd64
CLASSPATH=.:/usr/local/lib/antlr-4.9.2-complete.jar:/usr/local/lib/ST-4.3.1.jar:
PATH=/home/artur/.nvm/versions/node/v14.17.0/bin:/home/artur/.local/bin:/usr/local/sbin:/usr/local/bin:/usr/sbin:/usr/bin:/sbin:/bin:/usr/games:/usr/local/games:/snap/bin:/usr/lib/jvm/java-16-oracle/bin:/usr/lib/jvm/java-16-oracle/db/bin:/opt/bin:.:
USERNAME=artur
SHELL=/bin/bash
DISPLAY=:0
LANG=en_US.UTF-8
LC_CTYPE=pt_PT.UTF-8

Signal Handlers:
   SIGSEGV: crash_handler in libjvm.so, mask=11100100010111111101111111111110, flags=SA_RESTART|SA_SIGINFO
    SIGBUS: crash_handler in libjvm.so, mask=11100100010111111101111111111110, flags=SA_RESTART|SA_SIGINFO
    SIGFPE: crash_handler in libjvm.so, mask=11100100010111111101111111111110, flags=SA_RESTART|SA_SIGINFO
   SIGPIPE: javaSignalHandler in libjvm.so, mask=11100100010111111101111111111110, flags=SA_RESTART|SA_SIGINFO
   SIGXFSZ: javaSignalHandler in libjvm.so, mask=11100100010111111101111111111110, flags=SA_RESTART|SA_SIGINFO
    SIGILL: crash_handler in libjvm.so, mask=11100100010111111101111111111110, flags=SA_RESTART|SA_SIGINFO
   SIGUSR2: SR_handler in libjvm.so, mask=00000000000000000000000000000000, flags=SA_RESTART|SA_SIGINFO
    SIGHUP: UserHandler in libjvm.so, mask=11100100010111111101111111111110, flags=SA_RESTART|SA_SIGINFO
    SIGINT: UserHandler in libjvm.so, mask=11100100010111111101111111111110, flags=SA_RESTART|SA_SIGINFO
   SIGTERM: UserHandler in libjvm.so, mask=11100100010111111101111111111110, flags=SA_RESTART|SA_SIGINFO
   SIGQUIT: UserHandler in libjvm.so, mask=11100100010111111101111111111110, flags=SA_RESTART|SA_SIGINFO
   SIGTRAP: crash_handler in libjvm.so, mask=11100100010111111101111111111110, flags=SA_RESTART|SA_SIGINFO


---------------  S Y S T E M  ---------------

OS:
DISTRIB_ID=Ubuntu
DISTRIB_RELEASE=20.04
DISTRIB_CODENAME=focal
DISTRIB_DESCRIPTION="Ubuntu 20.04.3 LTS"
uname: Linux 5.4.0-90-generic #101-Ubuntu SMP Fri Oct 15 20:00:55 UTC 2021 x86_64
OS uptime: 1 days 2:27 hours
libc: glibc 2.31 NPTL 2.31 
rlimit (soft/hard): STACK 8192k/infinity , CORE 0k/infinity , NPROC 63176/63176 , NOFILE 1048576/1048576 , AS infinity/infinity , CPU infinity/infinity , DATA infinity/infinity , FSIZE infinity/infinity , MEMLOCK 65536k/65536k
load average: 2,31 0,90 0,62

/proc/meminfo:
MemTotal:       16235992 kB
MemFree:         1641296 kB
MemAvailable:    6346852 kB
Buffers:          691392 kB
Cached:          4958092 kB
SwapCached:         2316 kB
Active:         10319300 kB
Inactive:        3249148 kB
Active(anon):    7364940 kB
Inactive(anon):  1477820 kB
Active(file):    2954360 kB
Inactive(file):  1771328 kB
Unevictable:      167000 kB
Mlocked:             160 kB
SwapTotal:       2097148 kB
SwapFree:        2034880 kB
Dirty:             21620 kB
Writeback:             0 kB
AnonPages:       8084580 kB
Mapped:          1553964 kB
Shmem:            929472 kB
KReclaimable:     321920 kB
Slab:             607424 kB
SReclaimable:     321920 kB
SUnreclaim:       285504 kB
KernelStack:       33408 kB
PageTables:        90648 kB
NFS_Unstable:          0 kB
Bounce:                0 kB
WritebackTmp:          0 kB
CommitLimit:    10215144 kB
Committed_AS:   28097788 kB
VmallocTotal:   34359738367 kB
VmallocUsed:       59332 kB
VmallocChunk:          0 kB
Percpu:            17728 kB
HardwareCorrupted:     0 kB
AnonHugePages:         0 kB
ShmemHugePages:        0 kB
ShmemPmdMapped:        0 kB
FileHugePages:         0 kB
FilePmdMapped:         0 kB
CmaTotal:              0 kB
CmaFree:               0 kB
HugePages_Total:       0
HugePages_Free:        0
HugePages_Rsvd:        0
HugePages_Surp:        0
Hugepagesize:       2048 kB
Hugetlb:               0 kB
DirectMap4k:      750176 kB
DirectMap2M:    15867904 kB
DirectMap1G:           0 kB

/sys/kernel/mm/transparent_hugepage/enabled: always [madvise] never
/sys/kernel/mm/transparent_hugepage/defrag (defrag/compaction efforts parameter): always defer defer+madvise [madvise] never

Process Memory:
Virtual Size: 7338192K (peak: 7386712K)
Resident Set Size: 315676K (peak: 315676K) (anon: 280664K, file: 35012K, shmem: 0K)
Swapped out: 0K
C-Heap outstanding allocations: 105210K

/proc/sys/kernel/threads-max (system-wide limit on the number of threads): 126352
/proc/sys/vm/max_map_count (maximum number of memory map areas a process may have): 1048575
/proc/sys/kernel/pid_max (system-wide limit on number of process identifiers): 4194304

container (cgroup) information:
container_type: cgroupv1
cpu_cpuset_cpus: 0-11
cpu_memory_nodes: 0
active_processor_count: 12
cpu_quota: no quota
cpu_period: 100000
cpu_shares: no shares
memory_limit_in_bytes: unlimited
memory_and_swap_limit_in_bytes: not supported
memory_soft_limit_in_bytes: unlimited
memory_usage_in_bytes: 11108671488
memory_max_usage_in_bytes: 12831219712

Steal ticks since vm start: 0
Steal ticks percentage since vm start:  0,000

CPU: total 12 (initial active 12) (6 cores per cpu, 2 threads per core) family 6 model 158 stepping 13 microcode 0xea, cx8, cmov, fxsr, ht, mmx, 3dnowpref, sse, sse2, sse3, ssse3, sse4.1, sse4.2, popcnt, lzcnt, tsc, tscinvbit, avx, avx2, aes, erms, clmul, bmi1, bmi2, adx, fma, vzeroupper, clflush, clflushopt
CPU Model and flags from /proc/cpuinfo:
model name	: Intel(R) Core(TM) i7-9750H CPU @ 2.60GHz
flags		: fpu vme de pse tsc msr pae mce cx8 apic sep mtrr pge mca cmov pat pse36 clflush dts acpi mmx fxsr sse sse2 ss ht tm pbe syscall nx pdpe1gb rdtscp lm constant_tsc art arch_perfmon pebs bts rep_good nopl xtopology nonstop_tsc cpuid aperfmperf pni pclmulqdq dtes64 monitor ds_cpl vmx est tm2 ssse3 sdbg fma cx16 xtpr pdcm pcid sse4_1 sse4_2 x2apic movbe popcnt tsc_deadline_timer aes xsave avx f16c rdrand lahf_lm abm 3dnowprefetch cpuid_fault epb invpcid_single ssbd ibrs ibpb stibp ibrs_enhanced tpr_shadow vnmi flexpriority ept vpid ept_ad fsgsbase tsc_adjust bmi1 avx2 smep bmi2 erms invpcid mpx rdseed adx smap clflushopt intel_pt xsaveopt xsavec xgetbv1 xsaves dtherm ida arat pln pts hwp hwp_notify hwp_act_window hwp_epp md_clear flush_l1d arch_capabilities

Online cpus: 0-11
Offline cpus: 
BIOS frequency limitation: <Not Available>
Frequency switch latency (ns): 0
Available cpu frequencies: <Not Available>
Current governor: powersave
Core performance/turbo boost: <Not Available>

Memory: 4k page, physical 16235992k(1640540k free), swap 2097148k(2034880k free)
Page Sizes: 4k

vm_info: OpenJDK 64-Bit Server VM (17.0.1+12) for linux-amd64 JRE (17.0.1+12), built on Oct 20 2021 12:00:24 by "" with gcc 7.5.0

END.
