#
# A fatal error has been detected by the Java Runtime Environment:
#
#  SIGSEGV (0xb) at pc=0x00007fe83dd50c8d, pid=186526, tid=186551
#
# JRE version: OpenJDK Runtime Environment Temurin-17.0.1+12 (17.0.1+12) (build 17.0.1+12)
# Java VM: OpenJDK 64-Bit Server VM Temurin-17.0.1+12 (17.0.1+12, mixed mode, tiered, compressed oops, compressed class ptrs, parallel gc, linux-amd64)
# Problematic frame:
# V  [libjvm.so+0xc99c8d]  PSCardTable::scavenge_contents_parallel(ObjectStartArray*, MutableSpace*, HeapWordImpl**, PSPromotionManager*, unsigned int, unsigned int)+0x80d
#
# Core dump will be written. Default location: Core dumps may be processed with "/usr/share/apport/apport %p %s %c %d %P %E" (or dumping to /home/artur/Desktop/3ano/IES/medical-management-system/Project/core.186526)
#
# If you would like to submit a bug report, please visit:
#   https://github.com/adoptium/adoptium-support/issues
#

---------------  S U M M A R Y ------------

Command Line: --add-modules=ALL-SYSTEM --add-opens=java.base/java.util=ALL-UNNAMED --add-opens=java.base/java.lang=ALL-UNNAMED -Declipse.application=org.eclipse.jdt.ls.core.id1 -Dosgi.bundles.defaultStartLevel=4 -Declipse.product=org.eclipse.jdt.ls.core.product -Djava.import.generatesMetadataFilesAtProjectRoot=false -Dfile.encoding=utf8 -XX:+UseParallelGC -XX:GCTimeRatio=4 -XX:AdaptiveSizePolicyWeight=90 -Dsun.zip.disableMemoryMapping=true -Xmx1G -Xms100m -XX:+HeapDumpOnOutOfMemoryError -XX:HeapDumpPath=/home/artur/.config/Code/User/workspaceStorage/68e882bbe0e19ee7d9ce481bef1e990f/redhat.java /home/artur/.vscode/extensions/redhat.java-1.2.0/server/plugins/org.eclipse.equinox.launcher_1.6.400.v20210924-0641.jar -configuration /home/artur/.config/Code/User/globalStorage/redhat.java/1.2.0/config_linux -data /home/artur/.config/Code/User/workspaceStorage/68e882bbe0e19ee7d9ce481bef1e990f/redhat.java/jdt_ws

Host: Intel(R) Core(TM) i7-9750H CPU @ 2.60GHz, 12 cores, 15G, Ubuntu 20.04.3 LTS
Time: Wed Jan 12 23:39:50 2022 WET elapsed time: 2.156065 seconds (0d 0h 0m 2s)

---------------  T H R E A D  ---------------

Current thread (0x00007fe8180059a0):  GCTaskThread "GC Thread#6" [stack: 0x00007fe7e70f5000,0x00007fe7e71f5000] [id=186551]

Stack: [0x00007fe7e70f5000,0x00007fe7e71f5000],  sp=0x00007fe7e71f3c00,  free space=1019k
Native frames: (J=compiled Java code, j=interpreted, Vv=VM code, C=native code)
V  [libjvm.so+0xc99c8d]  PSCardTable::scavenge_contents_parallel(ObjectStartArray*, MutableSpace*, HeapWordImpl**, PSPromotionManager*, unsigned int, unsigned int)+0x80d
V  [libjvm.so+0xcbb394]  ScavengeRootsTask::work(unsigned int)+0xd4
V  [libjvm.so+0xfab56c]  GangWorker::loop()+0x5c
V  [libjvm.so+0xfab5be]
V  [libjvm.so+0xf01b62]  Thread::call_run()+0xe2
V  [libjvm.so+0xc3ccd1]  thread_native_entry(Thread*)+0xe1


siginfo: si_signo: 11 (SIGSEGV), si_code: 128 (SI_KERNEL), si_addr: 0x0000000000000000

Register to memory mapping:

RAX=0x0000000000007fe8 is an unknown value
RBX=0x0000000000000240 is an unknown value
RCX=0x00007fe83e6b42c0: <offset 0x00000000015fd2c0> in /home/artur/.vscode/extensions/redhat.java-1.2.0/jre/17.0.1-linux-x86_64/lib/server/libjvm.so at 0x00007fe83d0b7000
RDX=0x00000001000405e0 is pointing into metadata
RSP=0x00007fe7e71f3c00 points into unknown readable memory: 0x00007fe83803e680 | 80 e6 03 38 e8 7f 00 00
RBP=0x00007fe7e71f3cd0 points into unknown readable memory: 0x00007fe7e71f3df0 | f0 3d 1f e7 e7 7f 00 00
RSI=0x00000000c18c88b8 points into unknown readable memory: 0x0000000000000009 | 09 00 00 00 00 00 00 00
RDI=0x00007fe7e71f3c80 points into unknown readable memory: 0x00007fe83e5aa4a0 | a0 a4 5a 3e e8 7f 00 00
R8 =0x00007fe7e71f3c80 points into unknown readable memory: 0x00007fe83e5aa4a0 | a0 a4 5a 3e e8 7f 00 00
R9 =0x0 is NULL
R10=0x0000000100041e60 is pointing into metadata
R11=0x00000000c18c88a0 is an oop: java.lang.String 
{0x00000000c18c88a0} - klass: 'java/lang/String'
 - ---- fields (total size 3 words):
 - private 'hash' 'I' @12  -1807689677 (9440d833)
 - private final 'coder' 'B' @16  0
 - private 'hashIsZero' 'Z' @17  false
 - private final synchronized 'value' '[B' @20  
[error occurred during error reporting (printing register info), id 0xb, SIGSEGV (0xb) at pc=0x00007fe81f8000c0]

Registers:
RAX=0x0000000000007fe8, RBX=0x0000000000000240, RCX=0x00007fe83e6b42c0, RDX=0x00000001000405e0
RSP=0x00007fe7e71f3c00, RBP=0x00007fe7e71f3cd0, RSI=0x00000000c18c88b8, RDI=0x00007fe7e71f3c80
R8 =0x00007fe7e71f3c80, R9 =0x0000000000000000, R10=0x0000000100041e60, R11=0x00000000c18c88a0
R12=0x00000000c18c88b8, R13=0x00007fe7e71f3c80, R14=0x00007fe838213000, R15=0x00000000c18c8a00
RIP=0x00007fe83dd50c8d, EFLAGS=0x0000000000010213, CSGSFS=0x002b000000000033, ERR=0x0000000000000000
  TRAPNO=0x000000000000000d

Top of Stack: (sp=0x00007fe7e71f3c00)
0x00007fe7e71f3c00:   00007fe83803e680 00007fe83c5f1645
0x00007fe7e71f3c10:   00007fe838213000 00007fe83c5e5300
0x00007fe7e71f3c20:   0000000000000300 00007fe83c5e5000
0x00007fe7e71f3c30:   00000000c18c8800 00000000c192f6e8 

Instructions: (pc=0x00007fe83dd50c8d)
0x00007fe83dd50b8d:   f8 4c 0f 43 f8 4c 89 e8 48 2b 46 40 48 8b b5 70
0x00007fe83dd50b9d:   ff ff ff 4c 89 bd 60 ff ff ff 48 c1 e0 09 49 89
0x00007fe83dd50bad:   f7 48 39 c6 72 11 48 8b 95 68 ff ff ff 48 39 c2
0x00007fe83dd50bbd:   48 0f 46 c2 49 89 c7 48 8b 45 88 49 8d 54 24 ff
0x00007fe83dd50bcd:   48 8d 78 01 48 39 fb 48 0f 47 fb 49 39 d5 49 0f
0x00007fe83dd50bdd:   42 d5 48 39 d7 73 0d 48 29 fa be ff 00 00 00 e8
0x00007fe83dd50bed:   77 6b 5b ff 48 8d 05 68 22 90 00 48 8b 00 85 c0
0x00007fe83dd50bfd:   0f 84 bf 01 00 00 48 8b b5 60 ff ff ff 49 39 f7
0x00007fe83dd50c0d:   0f 86 2d 01 00 00 48 63 d8 48 8d 45 b0 4c 89 65
0x00007fe83dd50c1d:   a0 4c 89 ad 38 ff ff ff 4c 89 b5 30 ff ff ff 49
0x00007fe83dd50c2d:   89 f4 49 89 c5 4c 8b b5 40 ff ff ff e9 9b 00 00
0x00007fe83dd50c3d:   00 48 8d 05 bb 16 90 00 41 8b 74 24 08 8b 48 08
0x00007fe83dd50c4d:   48 89 f2 48 d3 e2 48 03 10 81 7a 08 ff ff ff bf
0x00007fe83dd50c5d:   77 50 48 8d 05 62 3d 96 00 4c 89 75 c0 48 8d 0d
0x00007fe83dd50c6d:   4f 36 96 00 4c 89 e6 4c 89 ef 48 8b 00 48 89 45
0x00007fe83dd50c7d:   b8 48 8d 05 1b 98 85 00 48 89 45 b0 48 63 42 0c
0x00007fe83dd50c8d:   ff 14 c1 48 8d 05 56 83 94 00 80 38 00 0f 84 f1
0x00007fe83dd50c9d:   00 00 00 48 8d 05 59 16 90 00 41 8b 74 24 08 8b
0x00007fe83dd50cad:   48 08 48 d3 e6 48 03 30 8b 4e 08 48 89 f2 83 f9
0x00007fe83dd50cbd:   00 0f 8e 76 02 00 00 f6 c1 01 75 44 89 c8 c1 f8
0x00007fe83dd50ccd:   03 48 98 4d 8d 24 c4 4d 39 e7 76 4e 41 0f 18 0c
0x00007fe83dd50cdd:   1c 48 8d 05 08 83 94 00 80 38 00 0f 85 50 ff ff
0x00007fe83dd50ced:   ff 49 8b 54 24 08 8b 4a 08 81 f9 ff ff ff bf 0f
0x00007fe83dd50cfd:   86 5d ff ff ff 83 f9 00 7f bd 0f 85 a1 04 00 00
0x00007fe83dd50d0d:   48 8b 02 4c 89 e6 48 89 d7 ff 90 00 01 00 00 48
0x00007fe83dd50d1d:   98 4d 8d 24 c4 4d 39 e7 77 b2 4c 89 a5 60 ff ff
0x00007fe83dd50d2d:   ff 4c 8b ad 38 ff ff ff 4c 8b 65 a0 4c 8b b5 30
0x00007fe83dd50d3d:   ff ff ff 48 8b b5 40 ff ff ff 8b 96 60 01 00 00
0x00007fe83dd50d4d:   8b 86 e0 00 00 00 48 89 f7 29 d0 25 ff ff 01 00
0x00007fe83dd50d5d:   3d ff ff 01 00 0f 84 3b fa ff ff 3b 86 f4 05 00
0x00007fe83dd50d6d:   00 0f 86 2f fa ff ff 31 f6 e8 c5 c0 01 00 e9 23
0x00007fe83dd50d7d:   fa ff ff 48 8b 07 4c 89 fe ff 90 00 01 00 00 e9 


Stack slot to memory mapping:
stack at sp + 0 slots: 0x00007fe83803e680 points into unknown readable memory: 0x0000000000000000 | 00 00 00 00 00 00 00 00
stack at sp + 1 slots: 0x00007fe83c5f1645 points into unknown readable memory: ff ff ff
stack at sp + 2 slots: 0x00007fe838213000 points into unknown readable memory: 0x00007fe83e649408 | 08 94 64 3e e8 7f 00 00
stack at sp + 3 slots: 0x00007fe83c5e5300 points into unknown readable memory: 0xffffffffffffffff | ff ff ff ff ff ff ff ff
stack at sp + 4 slots: 0x0000000000000300 is an unknown value
stack at sp + 5 slots: 0x00007fe83c5e5000 points into unknown readable memory: 0xffffffffffffffff | ff ff ff ff ff ff ff ff
stack at sp + 6 slots: 0x00000000c18c8800 is an oop: java.util.HashMap$Node 
{0x00000000c18c8800} - klass: 'java/util/HashMap$Node'
 - ---- fields (total size 4 words):
 - final 'hash' 'I' @12  -792638574 (d0c14b92)
 - final 'key' 'Ljava/lang/Object;' @16  "/modules/java.base/jdk/internal/reflect/ClassFileAssembler.class"{0x00000000c1796998} (c1796998)
 - 'value' 'Ljava/lang/Object;' @20  a 'jdk/internal/jimage/ImageReader$Resource'{0x00000000c1796978} (c1796978)
 - 'next' 'Ljava/util/HashMap$Node;' @24  NULL (0)
stack at sp + 7 slots: 0x00000000c192f6e8 is an oop: java.util.concurrent.ConcurrentHashMap$Node 
{0x00000000c192f6e8} - klass: 'java/util/concurrent/ConcurrentHashMap$Node'
 - ---- fields (total size 4 words):
 - final 'hash' 'I' @12  1083263039 (4091483f)
 - final 'key' 'Ljava/lang/Object;' @16  "org.codehaus.plexus.context"{0x00000000c192f708} (c192f708)
 - volatile 'val' 'Ljava/lang/Object;' @20  a 'java/lang/Package'{0x00000000c192f750} (c192f750)
 - volatile 'next' 'Ljava/util/concurrent/ConcurrentHashMap$Node;' @24  NULL (0)


---------------  P R O C E S S  ---------------

Threads class SMR info:
_java_thread_list=0x00007fe7f847e5f0, length=26, elements={
0x00007fe838026160, 0x00007fe838227a60, 0x00007fe838228fd0, 0x00007fe838251580,
0x00007fe838254e90, 0x00007fe838255de0, 0x00007fe838257430, 0x00007fe8382588e0,
0x00007fe838261d10, 0x00007fe8382d6f90, 0x00007fe838332900, 0x00007fe83845f3e0,
0x00007fe7f8235670, 0x00007fe838580dc0, 0x00007fe8385b9a70, 0x00007fe8385d9600,
0x00007fe7c002fe00, 0x00007fe7c00b2b30, 0x00007fe7c0264f30, 0x00007fe7c030e0a0,
0x00007fe7b0000f50, 0x00007fe7c054ddf0, 0x00007fe7a4000e70, 0x00007fe838621760,
0x00007fe8386b3a30, 0x00007fe7f847d630
}

Java Threads: ( => current thread )
  0x00007fe838026160 JavaThread "main" [_thread_blocked, id=186527, stack(0x00007fe83ce5c000,0x00007fe83cf5d000)]
  0x00007fe838227a60 JavaThread "Reference Handler" daemon [_thread_blocked, id=186530, stack(0x00007fe81d5dd000,0x00007fe81d6de000)]
  0x00007fe838228fd0 JavaThread "Finalizer" daemon [_thread_blocked, id=186531, stack(0x00007fe81d4dc000,0x00007fe81d5dd000)]
  0x00007fe838251580 JavaThread "Signal Dispatcher" daemon [_thread_blocked, id=186532, stack(0x00007fe81ce6a000,0x00007fe81cf6b000)]
  0x00007fe838254e90 JavaThread "Service Thread" daemon [_thread_blocked, id=186533, stack(0x00007fe81cd69000,0x00007fe81ce6a000)]
  0x00007fe838255de0 JavaThread "Monitor Deflation Thread" daemon [_thread_blocked, id=186534, stack(0x00007fe81cc68000,0x00007fe81cd69000)]
  0x00007fe838257430 JavaThread "C2 CompilerThread0" daemon [_thread_blocked, id=186535, stack(0x00007fe81cb67000,0x00007fe81cc68000)]
  0x00007fe8382588e0 JavaThread "C1 CompilerThread0" daemon [_thread_blocked, id=186536, stack(0x00007fe81ca66000,0x00007fe81cb67000)]
  0x00007fe838261d10 JavaThread "Sweeper thread" daemon [_thread_blocked, id=186537, stack(0x00007fe81c965000,0x00007fe81ca66000)]
  0x00007fe8382d6f90 JavaThread "Common-Cleaner" daemon [_thread_blocked, id=186538, stack(0x00007fe81c864000,0x00007fe81c965000)]
  0x00007fe838332900 JavaThread "Notification Thread" daemon [_thread_blocked, id=186539, stack(0x00007fe81c763000,0x00007fe81c864000)]
  0x00007fe83845f3e0 JavaThread "process reaper" daemon [_thread_blocked, id=186542, stack(0x00007fe83c03a000,0x00007fe83c05c000)]
  0x00007fe7f8235670 JavaThread "C2 CompilerThread1" daemon [_thread_blocked, id=186543, stack(0x00007fe81c137000,0x00007fe81c238000)]
  0x00007fe838580dc0 JavaThread "Active Thread: Equinox Container: daf93d20-e6d1-417d-b589-4fac155dca57" [_thread_blocked, id=186544, stack(0x00007fe81c036000,0x00007fe81c137000)]
  0x00007fe8385b9a70 JavaThread "Framework Event Dispatcher: Equinox Container: daf93d20-e6d1-417d-b589-4fac155dca57" daemon [_thread_blocked, id=186545, stack(0x00007fe7e76ff000,0x00007fe7e7800000)]
  0x00007fe8385d9600 JavaThread "Start Level: Equinox Container: daf93d20-e6d1-417d-b589-4fac155dca57" daemon [_thread_blocked, id=186552, stack(0x00007fe7e6ff2000,0x00007fe7e70f3000)]
  0x00007fe7c002fe00 JavaThread "SCR Component Actor" daemon [_thread_blocked, id=186553, stack(0x00007fe7e6ce0000,0x00007fe7e6de1000)]
  0x00007fe7c00b2b30 JavaThread "Timer-0" [_thread_blocked, id=186554, stack(0x00007fe7e6bdf000,0x00007fe7e6ce0000)]
  0x00007fe7c0264f30 JavaThread "Worker-JM" [_thread_blocked, id=186555, stack(0x00007fe7e6ade000,0x00007fe7e6bdf000)]
  0x00007fe7c030e0a0 JavaThread "Worker-0: Initialize Workspace" [_thread_blocked, id=186556, stack(0x00007fe7e69dd000,0x00007fe7e6ade000)]
  0x00007fe7b0000f50 JavaThread "Worker-1" [_thread_blocked, id=186557, stack(0x00007fe7e68dc000,0x00007fe7e69dd000)]
  0x00007fe7c054ddf0 JavaThread "Java indexing" daemon [_thread_blocked, id=186563, stack(0x00007fe7e5bf9000,0x00007fe7e5cfa000)]
  0x00007fe7a4000e70 JavaThread "Worker-2: Repository registry initialization" [_thread_blocked, id=186564, stack(0x00007fe7e5af8000,0x00007fe7e5bf9000)]
  0x00007fe838621760 JavaThread "pool-3-thread-1" [_thread_blocked, id=186571, stack(0x00007fe7e4eff000,0x00007fe7e5000000)]
  0x00007fe8386b3a30 JavaThread "pool-2-thread-1" [_thread_blocked, id=186573, stack(0x00007fe7e4dfe000,0x00007fe7e4eff000)]
  0x00007fe7f847d630 JavaThread "C2 CompilerThread2" daemon [_thread_in_native, id=186574, stack(0x00007fe7e4cfd000,0x00007fe7e4dfe000)]

Other Threads:
  0x00007fe838217a10 VMThread "VM Thread" [stack: 0x00007fe81d6e0000,0x00007fe81d7e0000] [id=186529]
  0x00007fe838070540 WatcherThread [stack: 0x00007fe81c663000,0x00007fe81c763000] [id=186540]
  0x00007fe83803ce90 GCTaskThread "GC Thread#0" [stack: 0x00007fe83c4e5000,0x00007fe83c5e5000] [id=186528]
  0x00007fe8180010f0 GCTaskThread "GC Thread#1" [stack: 0x00007fe7e75ff000,0x00007fe7e76ff000] [id=186546]
  0x00007fe818001af0 GCTaskThread "GC Thread#2" [stack: 0x00007fe7e74fd000,0x00007fe7e75fd000] [id=186547]
  0x00007fe8180024f0 GCTaskThread "GC Thread#3" [stack: 0x00007fe7e73fb000,0x00007fe7e74fb000] [id=186548]
  0x00007fe8180045a0 GCTaskThread "GC Thread#4" [stack: 0x00007fe7e72f9000,0x00007fe7e73f9000] [id=186549]
  0x00007fe818004fa0 GCTaskThread "GC Thread#5" [stack: 0x00007fe7e71f7000,0x00007fe7e72f7000] [id=186550]
=>0x00007fe8180059a0 GCTaskThread "GC Thread#6" [stack: 0x00007fe7e70f5000,0x00007fe7e71f5000] [id=186551]
  0x00007fe818003a20 GCTaskThread "GC Thread#7" [stack: 0x00007fe7e5f00000,0x00007fe7e6000000] [id=186558]
  0x00007fe818006990 GCTaskThread "GC Thread#8" [stack: 0x00007fe7e5dfe000,0x00007fe7e5efe000] [id=186559]
  0x00007fe818006f40 GCTaskThread "GC Thread#9" [stack: 0x00007fe7e5cfc000,0x00007fe7e5dfc000] [id=186560]

Threads with active compile tasks:
C2 CompilerThread0     2159 3833       4       java.lang.reflect.Method::getAnnotation (6 bytes)
C2 CompilerThread1     2159 3805   !   4       org.eclipse.osgi.internal.loader.classpath.ClasspathManager::defineClass (636 bytes)
C2 CompilerThread2     2159 3764       4       jdk.internal.org.objectweb.asm.Frame::execute (2318 bytes)

VM state: at safepoint (normal execution)

VM Mutex/Monitor currently owned by a thread:  ([mutex/lock_event])
[0x00007fe838021210] Threads_lock - owner thread: 0x00007fe838217a10
[0x00007fe8380219c0] Heap_lock - owner thread: 0x00007fe7c030e0a0

Heap address: 0x00000000c0000000, size: 1024 MB, Compressed Oops mode: 32-bit

CDS archive(s) not mapped
Compressed class space mapped at: 0x0000000100000000-0x0000000140000000, reserved size: 1073741824
Narrow klass base: 0x0000000000000000, Narrow klass shift: 3, Narrow klass range: 0x140000000

GC Precious Log:
 CPUs: 12 total, 12 available
 Memory: 15855M
 Large Page Support: Disabled
 NUMA Support: Disabled
 Compressed Oops: Enabled (32-bit)
 Alignments: Space 512K, Generation 512K, Heap 2M
 Heap Min Capacity: 100M
 Heap Initial Capacity: 100M
 Heap Max Capacity: 1G
 Pre-touch: Disabled
 Parallel Workers: 10

Heap:
 PSYoungGen      total 25088K, used 24608K [0x00000000eab00000, 0x00000000ec880000, 0x0000000100000000)
  eden space 22016K, 100% used [0x00000000eab00000,0x00000000ec080000,0x00000000ec080000)
  from space 3072K, 84% used [0x00000000ec580000,0x00000000ec808000,0x00000000ec880000)
  to   space 3072K, 37% used [0x00000000ec280000,0x00000000ec3a0000,0x00000000ec580000)
 ParOldGen       total 68608K, used 28237K [0x00000000c0000000, 0x00000000c4300000, 0x00000000eab00000)
  object space 68608K, 41% used [0x00000000c0000000,0x00000000c1b936e8,0x00000000c4300000)
 Metaspace       used 42379K, committed 43008K, reserved 1089536K
  class space    used 4648K, committed 4928K, reserved 1048576K

Card table byte_map: [0x00007fe83c5e5000,0x00007fe83c7e6000] _byte_map_base: 0x00007fe83bfe5000

Marking Bits: (ParMarkBitMap*) 0x00007fe83e6b4460
 Begin Bits: [0x00007fe824403000, 0x00007fe825403000)
 End Bits:   [0x00007fe825403000, 0x00007fe826403000)

Polling page: 0x00007fe83eb40000

Metaspace:

Usage:
  Non-class:     36,85 MB used.
      Class:      4,54 MB used.
       Both:     41,39 MB used.

Virtual space:
  Non-class space:       40,00 MB reserved,      37,19 MB ( 93%) committed,  5 nodes.
      Class space:        1,00 GB reserved,       4,81 MB ( <1%) committed,  1 nodes.
             Both:        1,04 GB reserved,      42,00 MB (  4%) committed. 

Chunk freelists:
   Non-Class:  2,44 MB
       Class:  3,20 MB
        Both:  5,64 MB

MaxMetaspaceSize: unlimited
CompressedClassSpaceSize: 1,00 GB
Initial GC threshold: 21,00 MB
Current GC threshold: 58,38 MB
CDS: off
MetaspaceReclaimPolicy: balanced
 - commit_granule_bytes: 65536.
 - commit_granule_words: 8192.
 - virtual_space_node_default_size: 1048576.
 - enlarge_chunks_in_place: 1.
 - new_chunks_are_fully_committed: 0.
 - uncommit_free_chunks: 1.
 - use_allocation_guard: 0.
 - handle_deallocations: 1.


Internal statistics:

num_allocs_failed_limit: 8.
num_arena_births: 334.
num_arena_deaths: 0.
num_vsnodes_births: 6.
num_vsnodes_deaths: 0.
num_space_committed: 672.
num_space_uncommitted: 0.
num_chunks_returned_to_freelist: 8.
num_chunks_taken_from_freelist: 1736.
num_chunk_merges: 5.
num_chunk_splits: 1152.
num_chunks_enlarged: 769.
num_purges: 0.
num_inconsistent_stats: 0.

CodeHeap 'non-profiled nmethods': size=120028Kb used=1811Kb max_used=1811Kb free=118216Kb
 bounds [0x00007fe82decc000, 0x00007fe82e13c000, 0x00007fe835403000]
CodeHeap 'profiled nmethods': size=120028Kb used=7557Kb max_used=7557Kb free=112470Kb
 bounds [0x00007fe826995000, 0x00007fe827105000, 0x00007fe82decc000]
CodeHeap 'non-nmethods': size=5704Kb used=1265Kb max_used=1338Kb free=4438Kb
 bounds [0x00007fe826403000, 0x00007fe826673000, 0x00007fe826995000]
 total_blobs=4379 nmethods=3808 adapters=483
 compilation: enabled
              stopped_count=0, restarted_count=0
 full_count=0

Compilation events (20 events):
Event: 2,130 Thread 0x00007fe8382588e0 3837       3       sun.reflect.generics.reflectiveObjects.ParameterizedTypeImpl::getRawType (5 bytes)
Event: 2,131 Thread 0x00007fe8382588e0 nmethod 3837 0x00007fe8270f2c90 code [0x00007fe8270f2e20, 0x00007fe8270f2f50]
Event: 2,131 Thread 0x00007fe8382588e0 3839       3       com.google.inject.internal.Annotations::findBindingAnnotation (76 bytes)
Event: 2,132 Thread 0x00007fe8382588e0 nmethod 3839 0x00007fe8270f3010 code [0x00007fe8270f3260, 0x00007fe8270f3c10]
Event: 2,132 Thread 0x00007fe8382588e0 3838       3       sun.reflect.annotation.AnnotationParser::toArray (18 bytes)
Event: 2,132 Thread 0x00007fe8382588e0 nmethod 3838 0x00007fe8270f4110 code [0x00007fe8270f42e0, 0x00007fe8270f4650]
Event: 2,132 Thread 0x00007fe838257430 nmethod 3828 0x00007fe82e090110 code [0x00007fe82e0902e0, 0x00007fe82e0907f8]
Event: 2,132 Thread 0x00007fe838257430 3833       4       java.lang.reflect.Method::getAnnotation (6 bytes)
Event: 2,133 Thread 0x00007fe8382588e0 3840       1       com.google.inject.internal.ProviderInstanceBindingImpl::getUserSuppliedProvider (5 bytes)
Event: 2,133 Thread 0x00007fe8382588e0 nmethod 3840 0x00007fe82e090b90 code [0x00007fe82e090d20, 0x00007fe82e090df0]
Event: 2,133 Thread 0x00007fe8382588e0 3841       3       java.lang.Class::getEnclosingClass (70 bytes)
Event: 2,133 Thread 0x00007fe8382588e0 nmethod 3841 0x00007fe8270f4790 code [0x00007fe8270f49e0, 0x00007fe8270f50e0]
Event: 2,133 Thread 0x00007fe8382588e0 3842       3       java.lang.Class::getEnclosingMethodInfo (20 bytes)
Event: 2,133 Thread 0x00007fe8382588e0 nmethod 3842 0x00007fe8270f5390 code [0x00007fe8270f5560, 0x00007fe8270f5770]
Event: 2,134 Thread 0x00007fe8382588e0 3843       3       java.lang.reflect.AccessibleObject::getAnnotations (5 bytes)
Event: 2,134 Thread 0x00007fe8382588e0 nmethod 3843 0x00007fe8270f5890 code [0x00007fe8270f5a40, 0x00007fe8270f5c00]
Event: 2,135 Thread 0x00007fe8382588e0 3844       3       org.codehaus.plexus.classworlds.realm.ClassRealm::loadClass (7 bytes)
Event: 2,135 Thread 0x00007fe8382588e0 nmethod 3844 0x00007fe8270f5c90 code [0x00007fe8270f5e40, 0x00007fe8270f6000]
Event: 2,135 Thread 0x00007fe8382588e0 3845   !   3       org.codehaus.plexus.classworlds.realm.ClassRealm::loadClass (33 bytes)
Event: 2,135 Thread 0x00007fe8382588e0 nmethod 3845 0x00007fe8270f6090 code [0x00007fe8270f6260, 0x00007fe8270f64f0]

GC Heap History (20 events):
Event: 1,341 GC heap after
{Heap after GC invocations=5 (full 1):
 PSYoungGen      total 29696K, used 4094K [0x00000000eab00000, 0x00000000ecc00000, 0x0000000100000000)
  eden space 25600K, 0% used [0x00000000eab00000,0x00000000eab00000,0x00000000ec400000)
  from space 4096K, 99% used [0x00000000ec800000,0x00000000ecbffae0,0x00000000ecc00000)
  to   space 4096K, 0% used [0x00000000ec400000,0x00000000ec400000,0x00000000ec800000)
 ParOldGen       total 68608K, used 8557K [0x00000000c0000000, 0x00000000c4300000, 0x00000000eab00000)
  object space 68608K, 12% used [0x00000000c0000000,0x00000000c085b400,0x00000000c4300000)
 Metaspace       used 34859K, committed 35520K, reserved 1081344K
  class space    used 3687K, committed 3968K, reserved 1048576K
}
Event: 1,348 GC heap before
{Heap before GC invocations=6 (full 1):
 PSYoungGen      total 29696K, used 5213K [0x00000000eab00000, 0x00000000ecc00000, 0x0000000100000000)
  eden space 25600K, 4% used [0x00000000eab00000,0x00000000eac17a58,0x00000000ec400000)
  from space 4096K, 99% used [0x00000000ec800000,0x00000000ecbffae0,0x00000000ecc00000)
  to   space 4096K, 0% used [0x00000000ec400000,0x00000000ec400000,0x00000000ec800000)
 ParOldGen       total 68608K, used 8557K [0x00000000c0000000, 0x00000000c4300000, 0x00000000eab00000)
  object space 68608K, 12% used [0x00000000c0000000,0x00000000c085b400,0x00000000c4300000)
 Metaspace       used 35194K, committed 35840K, reserved 1089536K
  class space    used 3738K, committed 4032K, reserved 1048576K
}
Event: 1,349 GC heap after
{Heap after GC invocations=6 (full 1):
 PSYoungGen      total 29696K, used 4089K [0x00000000eab00000, 0x00000000ecd00000, 0x0000000100000000)
  eden space 25600K, 0% used [0x00000000eab00000,0x00000000eab00000,0x00000000ec400000)
  from space 4096K, 99% used [0x00000000ec400000,0x00000000ec7fe638,0x00000000ec800000)
  to   space 4608K, 0% used [0x00000000ec880000,0x00000000ec880000,0x00000000ecd00000)
 ParOldGen       total 68608K, used 8849K [0x00000000c0000000, 0x00000000c4300000, 0x00000000eab00000)
  object space 68608K, 12% used [0x00000000c0000000,0x00000000c08a47f0,0x00000000c4300000)
 Metaspace       used 35194K, committed 35840K, reserved 1089536K
  class space    used 3738K, committed 4032K, reserved 1048576K
}
Event: 1,349 GC heap before
{Heap before GC invocations=7 (full 2):
 PSYoungGen      total 29696K, used 4089K [0x00000000eab00000, 0x00000000ecd00000, 0x0000000100000000)
  eden space 25600K, 0% used [0x00000000eab00000,0x00000000eab00000,0x00000000ec400000)
  from space 4096K, 99% used [0x00000000ec400000,0x00000000ec7fe638,0x00000000ec800000)
  to   space 4608K, 0% used [0x00000000ec880000,0x00000000ec880000,0x00000000ecd00000)
 ParOldGen       total 68608K, used 8849K [0x00000000c0000000, 0x00000000c4300000, 0x00000000eab00000)
  object space 68608K, 12% used [0x00000000c0000000,0x00000000c08a47f0,0x00000000c4300000)
 Metaspace       used 35194K, committed 35840K, reserved 1089536K
  class space    used 3738K, committed 4032K, reserved 1048576K
}
Event: 1,361 GC heap after
{Heap after GC invocations=7 (full 2):
 PSYoungGen      total 29696K, used 0K [0x00000000eab00000, 0x00000000ecd00000, 0x0000000100000000)
  eden space 25600K, 0% used [0x00000000eab00000,0x00000000eab00000,0x00000000ec400000)
  from space 4096K, 0% used [0x00000000ec400000,0x00000000ec400000,0x00000000ec800000)
  to   space 4608K, 0% used [0x00000000ec880000,0x00000000ec880000,0x00000000ecd00000)
 ParOldGen       total 68608K, used 12466K [0x00000000c0000000, 0x00000000c4300000, 0x00000000eab00000)
  object space 68608K, 18% used [0x00000000c0000000,0x00000000c0c2c8e0,0x00000000c4300000)
 Metaspace       used 35194K, committed 35840K, reserved 1089536K
  class space    used 3738K, committed 4032K, reserved 1048576K
}
Event: 1,515 GC heap before
{Heap before GC invocations=8 (full 2):
 PSYoungGen      total 29696K, used 25600K [0x00000000eab00000, 0x00000000ecd00000, 0x0000000100000000)
  eden space 25600K, 100% used [0x00000000eab00000,0x00000000ec400000,0x00000000ec400000)
  from space 4096K, 0% used [0x00000000ec400000,0x00000000ec400000,0x00000000ec800000)
  to   space 4608K, 0% used [0x00000000ec880000,0x00000000ec880000,0x00000000ecd00000)
 ParOldGen       total 68608K, used 12466K [0x00000000c0000000, 0x00000000c4300000, 0x00000000eab00000)
  object space 68608K, 18% used [0x00000000c0000000,0x00000000c0c2c8e0,0x00000000c4300000)
 Metaspace       used 37255K, committed 37888K, reserved 1089536K
  class space    used 3981K, committed 4288K, reserved 1048576K
}
Event: 1,516 GC heap after
{Heap after GC invocations=8 (full 2):
 PSYoungGen      total 28160K, used 2960K [0x00000000eab00000, 0x00000000ecb80000, 0x0000000100000000)
  eden space 25088K, 0% used [0x00000000eab00000,0x00000000eab00000,0x00000000ec380000)
  from space 3072K, 96% used [0x00000000ec880000,0x00000000ecb64030,0x00000000ecb80000)
  to   space 3584K, 0% used [0x00000000ec480000,0x00000000ec480000,0x00000000ec800000)
 ParOldGen       total 68608K, used 12474K [0x00000000c0000000, 0x00000000c4300000, 0x00000000eab00000)
  object space 68608K, 18% used [0x00000000c0000000,0x00000000c0c2e8e0,0x00000000c4300000)
 Metaspace       used 37255K, committed 37888K, reserved 1089536K
  class space    used 3981K, committed 4288K, reserved 1048576K
}
Event: 1,560 GC heap before
{Heap before GC invocations=9 (full 2):
 PSYoungGen      total 28160K, used 28048K [0x00000000eab00000, 0x00000000ecb80000, 0x0000000100000000)
  eden space 25088K, 100% used [0x00000000eab00000,0x00000000ec380000,0x00000000ec380000)
  from space 3072K, 96% used [0x00000000ec880000,0x00000000ecb64030,0x00000000ecb80000)
  to   space 3584K, 0% used [0x00000000ec480000,0x00000000ec480000,0x00000000ec800000)
 ParOldGen       total 68608K, used 12474K [0x00000000c0000000, 0x00000000c4300000, 0x00000000eab00000)
  object space 68608K, 18% used [0x00000000c0000000,0x00000000c0c2e8e0,0x00000000c4300000)
 Metaspace       used 37336K, committed 38016K, reserved 1089536K
  class space    used 3985K, committed 4288K, reserved 1048576K
}
Event: 1,563 GC heap after
{Heap after GC invocations=9 (full 2):
 PSYoungGen      total 28160K, used 3568K [0x00000000eab00000, 0x00000000ecd00000, 0x0000000100000000)
  eden space 24576K, 0% used [0x00000000eab00000,0x00000000eab00000,0x00000000ec300000)
  from space 3584K, 99% used [0x00000000ec480000,0x00000000ec7fc030,0x00000000ec800000)
  to   space 5120K, 0% used [0x00000000ec800000,0x00000000ec800000,0x00000000ecd00000)
 ParOldGen       total 68608K, used 13690K [0x00000000c0000000, 0x00000000c4300000, 0x00000000eab00000)
  object space 68608K, 19% used [0x00000000c0000000,0x00000000c0d5e8e0,0x00000000c4300000)
 Metaspace       used 37336K, committed 38016K, reserved 1089536K
  class space    used 3985K, committed 4288K, reserved 1048576K
}
Event: 1,600 GC heap before
{Heap before GC invocations=10 (full 2):
 PSYoungGen      total 28160K, used 28144K [0x00000000eab00000, 0x00000000ecd00000, 0x0000000100000000)
  eden space 24576K, 100% used [0x00000000eab00000,0x00000000ec300000,0x00000000ec300000)
  from space 3584K, 99% used [0x00000000ec480000,0x00000000ec7fc030,0x00000000ec800000)
  to   space 5120K, 0% used [0x00000000ec800000,0x00000000ec800000,0x00000000ecd00000)
 ParOldGen       total 68608K, used 13690K [0x00000000c0000000, 0x00000000c4300000, 0x00000000eab00000)
  object space 68608K, 19% used [0x00000000c0000000,0x00000000c0d5e8e0,0x00000000c4300000)
 Metaspace       used 37414K, committed 38080K, reserved 1089536K
  class space    used 3988K, committed 4288K, reserved 1048576K
}
Event: 1,603 GC heap after
{Heap after GC invocations=10 (full 2):
 PSYoungGen      total 28672K, used 5104K [0x00000000eab00000, 0x00000000ece80000, 0x0000000100000000)
  eden space 23552K, 0% used [0x00000000eab00000,0x00000000eab00000,0x00000000ec200000)
  from space 5120K, 99% used [0x00000000ec800000,0x00000000eccfc030,0x00000000ecd00000)
  to   space 6144K, 0% used [0x00000000ec200000,0x00000000ec200000,0x00000000ec800000)
 ParOldGen       total 68608K, used 14186K [0x00000000c0000000, 0x00000000c4300000, 0x00000000eab00000)
  object space 68608K, 20% used [0x00000000c0000000,0x00000000c0dda8f0,0x00000000c4300000)
 Metaspace       used 37414K, committed 38080K, reserved 1089536K
  class space    used 3988K, committed 4288K, reserved 1048576K
}
Event: 1,648 GC heap before
{Heap before GC invocations=11 (full 2):
 PSYoungGen      total 28672K, used 28656K [0x00000000eab00000, 0x00000000ece80000, 0x0000000100000000)
  eden space 23552K, 100% used [0x00000000eab00000,0x00000000ec200000,0x00000000ec200000)
  from space 5120K, 99% used [0x00000000ec800000,0x00000000eccfc030,0x00000000ecd00000)
  to   space 6144K, 0% used [0x00000000ec200000,0x00000000ec200000,0x00000000ec800000)
 ParOldGen       total 68608K, used 14186K [0x00000000c0000000, 0x00000000c4300000, 0x00000000eab00000)
  object space 68608K, 20% used [0x00000000c0000000,0x00000000c0dda8f0,0x00000000c4300000)
 Metaspace       used 37466K, committed 38144K, reserved 1089536K
  class space    used 3998K, committed 4288K, reserved 1048576K
}
Event: 1,653 GC heap after
{Heap after GC invocations=11 (full 2):
 PSYoungGen      total 29184K, used 5714K [0x00000000eab00000, 0x00000000ecd80000, 0x0000000100000000)
  eden space 23040K, 0% used [0x00000000eab00000,0x00000000eab00000,0x00000000ec180000)
  from space 6144K, 93% used [0x00000000ec200000,0x00000000ec794b38,0x00000000ec800000)
  to   space 5632K, 0% used [0x00000000ec800000,0x00000000ec800000,0x00000000ecd80000)
 ParOldGen       total 68608K, used 16142K [0x00000000c0000000, 0x00000000c4300000, 0x00000000eab00000)
  object space 68608K, 23% used [0x00000000c0000000,0x00000000c0fc3930,0x00000000c4300000)
 Metaspace       used 37466K, committed 38144K, reserved 1089536K
  class space    used 3998K, committed 4288K, reserved 1048576K
}
Event: 1,707 GC heap before
{Heap before GC invocations=12 (full 2):
 PSYoungGen      total 29184K, used 28754K [0x00000000eab00000, 0x00000000ecd80000, 0x0000000100000000)
  eden space 23040K, 100% used [0x00000000eab00000,0x00000000ec180000,0x00000000ec180000)
  from space 6144K, 93% used [0x00000000ec200000,0x00000000ec794b38,0x00000000ec800000)
  to   space 5632K, 0% used [0x00000000ec800000,0x00000000ec800000,0x00000000ecd80000)
 ParOldGen       total 68608K, used 16142K [0x00000000c0000000, 0x00000000c4300000, 0x00000000eab00000)
  object space 68608K, 23% used [0x00000000c0000000,0x00000000c0fc3930,0x00000000c4300000)
 Metaspace       used 37467K, committed 38144K, reserved 1089536K
  class space    used 3998K, committed 4288K, reserved 1048576K
}
Event: 1,713 GC heap after
{Heap after GC invocations=12 (full 2):
 PSYoungGen      total 27648K, used 4736K [0x00000000eab00000, 0x00000000ecd00000, 0x0000000100000000)
  eden space 22528K, 0% used [0x00000000eab00000,0x00000000eab00000,0x00000000ec100000)
  from space 5120K, 92% used [0x00000000ec800000,0x00000000ecca0020,0x00000000ecd00000)
  to   space 5120K, 0% used [0x00000000ec300000,0x00000000ec300000,0x00000000ec800000)
 ParOldGen       total 68608K, used 19241K [0x00000000c0000000, 0x00000000c4300000, 0x00000000eab00000)
  object space 68608K, 28% used [0x00000000c0000000,0x00000000c12ca448,0x00000000c4300000)
 Metaspace       used 37467K, committed 38144K, reserved 1089536K
  class space    used 3998K, committed 4288K, reserved 1048576K
}
Event: 1,754 GC heap before
{Heap before GC invocations=13 (full 2):
 PSYoungGen      total 27648K, used 27264K [0x00000000eab00000, 0x00000000ecd00000, 0x0000000100000000)
  eden space 22528K, 100% used [0x00000000eab00000,0x00000000ec100000,0x00000000ec100000)
  from space 5120K, 92% used [0x00000000ec800000,0x00000000ecca0020,0x00000000ecd00000)
  to   space 5120K, 0% used [0x00000000ec300000,0x00000000ec300000,0x00000000ec800000)
 ParOldGen       total 68608K, used 19241K [0x00000000c0000000, 0x00000000c4300000, 0x00000000eab00000)
  object space 68608K, 28% used [0x00000000c0000000,0x00000000c12ca448,0x00000000c4300000)
 Metaspace       used 37467K, committed 38144K, reserved 1089536K
  class space    used 3998K, committed 4288K, reserved 1048576K
}
Event: 1,759 GC heap after
{Heap after GC invocations=13 (full 2):
 PSYoungGen      total 24576K, used 2176K [0x00000000eab00000, 0x00000000ec880000, 0x0000000100000000)
  eden space 22016K, 0% used [0x00000000eab00000,0x00000000eab00000,0x00000000ec080000)
  from space 2560K, 85% used [0x00000000ec300000,0x00000000ec520000,0x00000000ec580000)
  to   space 3072K, 0% used [0x00000000ec580000,0x00000000ec580000,0x00000000ec880000)
 ParOldGen       total 68608K, used 23791K [0x00000000c0000000, 0x00000000c4300000, 0x00000000eab00000)
  object space 68608K, 34% used [0x00000000c0000000,0x00000000c173be68,0x00000000c4300000)
 Metaspace       used 37467K, committed 38144K, reserved 1089536K
  class space    used 3998K, committed 4288K, reserved 1048576K
}
Event: 1,869 GC heap before
{Heap before GC invocations=14 (full 2):
 PSYoungGen      total 24576K, used 24192K [0x00000000eab00000, 0x00000000ec880000, 0x0000000100000000)
  eden space 22016K, 100% used [0x00000000eab00000,0x00000000ec080000,0x00000000ec080000)
  from space 2560K, 85% used [0x00000000ec300000,0x00000000ec520000,0x00000000ec580000)
  to   space 3072K, 0% used [0x00000000ec580000,0x00000000ec580000,0x00000000ec880000)
 ParOldGen       total 68608K, used 23791K [0x00000000c0000000, 0x00000000c4300000, 0x00000000eab00000)
  object space 68608K, 34% used [0x00000000c0000000,0x00000000c173be68,0x00000000c4300000)
 Metaspace       used 38428K, committed 39104K, reserved 1089536K
  class space    used 4132K, committed 4416K, reserved 1048576K
}
Event: 1,874 GC heap after
{Heap after GC invocations=14 (full 2):
 PSYoungGen      total 25088K, used 2592K [0x00000000eab00000, 0x00000000ec880000, 0x0000000100000000)
  eden space 22016K, 0% used [0x00000000eab00000,0x00000000eab00000,0x00000000ec080000)
  from space 3072K, 84% used [0x00000000ec580000,0x00000000ec808000,0x00000000ec880000)
  to   space 3072K, 0% used [0x00000000ec280000,0x00000000ec280000,0x00000000ec580000)
 ParOldGen       total 68608K, used 25789K [0x00000000c0000000, 0x00000000c4300000, 0x00000000eab00000)
  object space 68608K, 37% used [0x00000000c0000000,0x00000000c192f6e8,0x00000000c4300000)
 Metaspace       used 38428K, committed 39104K, reserved 1089536K
  class space    used 4132K, committed 4416K, reserved 1048576K
}
Event: 2,135 GC heap before
{Heap before GC invocations=15 (full 2):
 PSYoungGen      total 25088K, used 24608K [0x00000000eab00000, 0x00000000ec880000, 0x0000000100000000)
  eden space 22016K, 100% used [0x00000000eab00000,0x00000000ec080000,0x00000000ec080000)
  from space 3072K, 84% used [0x00000000ec580000,0x00000000ec808000,0x00000000ec880000)
  to   space 3072K, 0% used [0x00000000ec280000,0x00000000ec280000,0x00000000ec580000)
 ParOldGen       total 68608K, used 25789K [0x00000000c0000000, 0x00000000c4300000, 0x00000000eab00000)
  object space 68608K, 37% used [0x00000000c0000000,0x00000000c192f6e8,0x00000000c4300000)
 Metaspace       used 42379K, committed 43008K, reserved 1089536K
  class space    used 4648K, committed 4928K, reserved 1048576K
}

Deoptimization events (20 events):
Event: 2,020 Thread 0x00007fe7c030e0a0 Uncommon trap: trap_request=0xffffff45 fr.pc=0x00007fe82e067a3c relative=0x0000000000001bdc
Event: 2,020 Thread 0x00007fe7c030e0a0 Uncommon trap: reason=unstable_if action=reinterpret pc=0x00007fe82e067a3c method=java.nio.charset.CharsetDecoder.decode(Ljava/nio/ByteBuffer;Ljava/nio/CharBuffer;Z)Ljava/nio/charset/CoderResult; @ 15 c2
Event: 2,020 Thread 0x00007fe7c030e0a0 DEOPT PACKING pc=0x00007fe82e067a3c sp=0x00007fe7e6adb330
Event: 2,020 Thread 0x00007fe7c030e0a0 DEOPT UNPACKING pc=0x00007fe826454d99 sp=0x00007fe7e6adb220 mode 2
Event: 2,024 Thread 0x00007fe7c030e0a0 Uncommon trap: trap_request=0xffffffde fr.pc=0x00007fe82df682a4 relative=0x0000000000000284
Event: 2,024 Thread 0x00007fe7c030e0a0 Uncommon trap: reason=class_check action=maybe_recompile pc=0x00007fe82df682a4 method=java.io.FilterInputStream.read()I @ 4 c2
Event: 2,024 Thread 0x00007fe7c030e0a0 DEOPT PACKING pc=0x00007fe82df682a4 sp=0x00007fe7e6adb550
Event: 2,024 Thread 0x00007fe7c030e0a0 DEOPT UNPACKING pc=0x00007fe826454d99 sp=0x00007fe7e6adb510 mode 2
Event: 2,027 Thread 0x00007fe7c030e0a0 Uncommon trap: trap_request=0xffffffde fr.pc=0x00007fe82df682a4 relative=0x0000000000000284
Event: 2,027 Thread 0x00007fe7c030e0a0 Uncommon trap: reason=class_check action=maybe_recompile pc=0x00007fe82df682a4 method=java.io.FilterInputStream.read()I @ 4 c2
Event: 2,027 Thread 0x00007fe7c030e0a0 DEOPT PACKING pc=0x00007fe82df682a4 sp=0x00007fe7e6adb550
Event: 2,027 Thread 0x00007fe7c030e0a0 DEOPT UNPACKING pc=0x00007fe826454d99 sp=0x00007fe7e6adb510 mode 2
Event: 2,029 Thread 0x00007fe7c030e0a0 Uncommon trap: trap_request=0xffffffde fr.pc=0x00007fe82df682a4 relative=0x0000000000000284
Event: 2,029 Thread 0x00007fe7c030e0a0 Uncommon trap: reason=class_check action=maybe_recompile pc=0x00007fe82df682a4 method=java.io.FilterInputStream.read()I @ 4 c2
Event: 2,029 Thread 0x00007fe7c030e0a0 DEOPT PACKING pc=0x00007fe82df682a4 sp=0x00007fe7e6adb550
Event: 2,029 Thread 0x00007fe7c030e0a0 DEOPT UNPACKING pc=0x00007fe826454d99 sp=0x00007fe7e6adb510 mode 2
Event: 2,030 Thread 0x00007fe7c030e0a0 Uncommon trap: trap_request=0xffffffde fr.pc=0x00007fe82df682a4 relative=0x0000000000000284
Event: 2,030 Thread 0x00007fe7c030e0a0 Uncommon trap: reason=class_check action=maybe_recompile pc=0x00007fe82df682a4 method=java.io.FilterInputStream.read()I @ 4 c2
Event: 2,030 Thread 0x00007fe7c030e0a0 DEOPT PACKING pc=0x00007fe82df682a4 sp=0x00007fe7e6adb550
Event: 2,030 Thread 0x00007fe7c030e0a0 DEOPT UNPACKING pc=0x00007fe826454d99 sp=0x00007fe7e6adb510 mode 2

Classes unloaded (0 events):
No events

Classes redefined (0 events):
No events

Internal exceptions (20 events):
Event: 0,816 Thread 0x00007fe8385d9600 Exception <a 'java/lang/ClassNotFoundException'{0x00000000ebc8d4e8}: com/sun/org/apache/xerces/internal/impl/msg/spi/XMLMessagesProvider> (0x00000000ebc8d4e8) 
thrown [src/hotspot/share/classfile/systemDictionary.cpp, line 256]
Event: 0,845 Thread 0x00007fe8385d9600 Exception <a 'sun/nio/fs/UnixException'{0x00000000ebf1fab8}> (0x00000000ebf1fab8) 
thrown [src/hotspot/share/prims/jni.cpp, line 516]
Event: 0,875 Thread 0x00007fe8385d9600 Exception <a 'java/lang/ClassNotFoundException'{0x00000000ec062ac8}: com/sun/org/apache/xml/internal/serializer/spi/XMLEntitiesProvider> (0x00000000ec062ac8) 
thrown [src/hotspot/share/classfile/systemDictionary.cpp, line 256]
Event: 0,981 Thread 0x00007fe8385d9600 Exception <a 'java/lang/NoSuchMethodError'{0x00000000eb055d38}: 'void java.lang.invoke.DirectMethodHandle$Holder.invokeSpecial(java.lang.Object, java.lang.Object, java.lang.Object, int)'> (0x00000000eb055d38) 
thrown [src/hotspot/share/interpreter/linkResolver.cpp, line 766]
Event: 1,033 Thread 0x00007fe8385d9600 Exception <a 'java/lang/NoSuchMethodError'{0x00000000eb239b50}: static Lorg/eclipse/m2e/core/internal/lifecyclemapping/model/PluginExecutionMetadata;.<clinit>()V> (0x00000000eb239b50) 
thrown [src/hotspot/share/prims/jni.cpp, line 1107]
Event: 1,037 Thread 0x00007fe8385d9600 Exception <a 'java/lang/NoSuchMethodError'{0x00000000eb264820}: static Lorg/eclipse/m2e/core/internal/lifecyclemapping/model/PluginExecutionFilter;.<clinit>()V> (0x00000000eb264820) 
thrown [src/hotspot/share/prims/jni.cpp, line 1107]
Event: 1,085 Thread 0x00007fe8385d9600 Exception <a 'java/io/FileNotFoundException'{0x00000000eb4767e0}> (0x00000000eb4767e0) 
thrown [src/hotspot/share/prims/jni.cpp, line 516]
Event: 1,091 Thread 0x00007fe8385d9600 Exception <a 'java/io/FileNotFoundException'{0x00000000eb4e4578}> (0x00000000eb4e4578) 
thrown [src/hotspot/share/prims/jni.cpp, line 516]
Event: 1,095 Thread 0x00007fe8385d9600 Exception <a 'java/io/FileNotFoundException'{0x00000000eb511660}> (0x00000000eb511660) 
thrown [src/hotspot/share/prims/jni.cpp, line 516]
Event: 1,135 Thread 0x00007fe8385d9600 Implicit null exception at 0x00007fe82df891cc to 0x00007fe82df89ed4
Event: 1,247 Thread 0x00007fe838026160 Exception <a 'java/lang/NoSuchMethodError'{0x00000000ebdb5a18}: 'java.lang.Object java.lang.invoke.DirectMethodHandle$Holder.newInvokeSpecial(java.lang.Object, java.lang.Object, java.lang.Object, java.lang.Object, java.lang.Object)'> (0x00000000ebdb5a18) 
thrown [src/hotspot/share/interpreter/linkResolver.cpp, line 766]
Event: 1,295 Thread 0x00007fe8386b3a30 Exception <a 'java/io/FileNotFoundException'{0x00000000ebff8ba0}> (0x00000000ebff8ba0) 
thrown [src/hotspot/share/prims/jni.cpp, line 516]
Event: 1,314 Thread 0x00007fe8386b3a30 Exception <a 'java/lang/NoSuchMethodError'{0x00000000ec26c440}: 'void java.lang.invoke.DirectMethodHandle$Holder.invokeStatic(java.lang.Object, java.lang.Object, java.lang.Object, java.lang.Object, java.lang.Object, java.lang.Object)'> (0x00000000ec26c440) 
thrown [src/hotspot/share/interpreter/linkResolver.cpp, line 766]
Event: 1,345 Thread 0x00007fe7b0000f50 Exception <a 'java/lang/NoSuchMethodError'{0x00000000eab8e880}: 'org.slf4j.impl.StaticMDCBinder org.slf4j.impl.StaticMDCBinder.getSingleton()'> (0x00000000eab8e880) 
thrown [src/hotspot/share/interpreter/linkResolver.cpp, line 766]
Event: 1,383 Thread 0x00007fe7c030e0a0 Exception <a 'java/lang/NoSuchMethodError'{0x00000000ead52f50}: 'int java.lang.invoke.DirectMethodHandle$Holder.invokeInterface(java.lang.Object, java.lang.Object)'> (0x00000000ead52f50) 
thrown [src/hotspot/share/interpreter/linkResolver.cpp, line 766]
Event: 1,383 Thread 0x00007fe7c030e0a0 Exception <a 'java/lang/IncompatibleClassChangeError'{0x00000000ead56238}: Found class java.lang.Object, but interface was expected> (0x00000000ead56238) 
thrown [src/hotspot/share/interpreter/linkResolver.cpp, line 833]
Event: 1,410 Thread 0x00007fe7c030e0a0 Exception <a 'java/lang/NoSuchMethodError'{0x00000000eaf4fe70}: 'java.lang.Object java.lang.invoke.Invokers$Holder.invoke_MT(java.lang.Object, java.lang.Object, java.lang.Object)'> (0x00000000eaf4fe70) 
thrown [src/hotspot/share/interpreter/linkResolver.cpp, line 766]
Event: 1,505 Thread 0x00007fe7c030e0a0 Exception <a 'java/io/FileNotFoundException'{0x00000000ebf21758}> (0x00000000ebf21758) 
thrown [src/hotspot/share/prims/jni.cpp, line 516]
Event: 1,505 Thread 0x00007fe7c030e0a0 Exception <a 'java/io/FileNotFoundException'{0x00000000ebf231c8}> (0x00000000ebf231c8) 
thrown [src/hotspot/share/prims/jni.cpp, line 516]
Event: 1,506 Thread 0x00007fe7c030e0a0 Exception <a 'java/lang/NoSuchMethodError'{0x00000000ebf2ad60}: 'void java.lang.invoke.DirectMethodHandle$Holder.invokeStaticInit(java.lang.Object, java.lang.Object, java.lang.Object)'> (0x00000000ebf2ad60) 
thrown [src/hotspot/share/interpreter/linkResolver.cpp, line 766]

VM Operations (20 events):
Event: 1,713 Executing VM operation: ParallelGCFailedAllocation done
Event: 1,754 Executing VM operation: ParallelGCFailedAllocation
Event: 1,759 Executing VM operation: ParallelGCFailedAllocation done
Event: 1,822 Executing VM operation: HandshakeAllThreads
Event: 1,823 Executing VM operation: HandshakeAllThreads done
Event: 1,824 Executing VM operation: HandshakeAllThreads
Event: 1,824 Executing VM operation: HandshakeAllThreads done
Event: 1,838 Executing VM operation: HandshakeAllThreads
Event: 1,838 Executing VM operation: HandshakeAllThreads done
Event: 1,844 Executing VM operation: HandshakeAllThreads
Event: 1,844 Executing VM operation: HandshakeAllThreads done
Event: 1,869 Executing VM operation: ParallelGCFailedAllocation
Event: 1,874 Executing VM operation: ParallelGCFailedAllocation done
Event: 1,926 Executing VM operation: HandshakeAllThreads
Event: 1,926 Executing VM operation: HandshakeAllThreads done
Event: 1,926 Executing VM operation: HandshakeAllThreads
Event: 1,926 Executing VM operation: HandshakeAllThreads done
Event: 2,089 Executing VM operation: HandshakeAllThreads
Event: 2,089 Executing VM operation: HandshakeAllThreads done
Event: 2,135 Executing VM operation: ParallelGCFailedAllocation

Events (20 events):
Event: 1,824 loading class sun/nio/fs/Globs
Event: 1,824 loading class sun/nio/fs/Globs done
Event: 1,824 loading class sun/nio/fs/UnixFileSystem$3
Event: 1,824 loading class java/nio/file/PathMatcher
Event: 1,824 loading class java/nio/file/PathMatcher done
Event: 1,824 loading class sun/nio/fs/UnixFileSystem$3 done
Event: 1,841 loading class java/lang/TypeNotPresentException
Event: 1,841 loading class java/lang/TypeNotPresentException done
Event: 1,857 loading class java/io/FilterReader
Event: 1,857 loading class java/io/FilterReader done
Event: 1,897 loading class java/lang/annotation/ElementType
Event: 1,898 loading class java/lang/annotation/ElementType done
Event: 1,903 loading class java/util/concurrent/TimeoutException
Event: 1,903 loading class java/util/concurrent/TimeoutException done
Event: 1,928 loading class java/lang/Short$ShortCache
Event: 1,928 loading class java/lang/Short$ShortCache done
Event: 1,945 loading class java/lang/annotation/IncompleteAnnotationException
Event: 1,945 loading class java/lang/annotation/IncompleteAnnotationException done
Event: 2,098 loading class java/lang/InheritableThreadLocal
Event: 2,098 loading class java/lang/InheritableThreadLocal done


Dynamic libraries:
c0000000-c4300000 rw-p 00000000 00:00 0 
c4300000-eab00000 ---p 00000000 00:00 0 
eab00000-ec880000 rw-p 00000000 00:00 0 
ec880000-100000000 ---p 00000000 00:00 0 
100000000-100020000 rw-p 00000000 00:00 0 
100020000-100040000 rw-p 00000000 00:00 0 
100040000-100100000 rw-p 00000000 00:00 0 
100100000-100180000 rw-p 00000000 00:00 0 
100180000-100240000 rw-p 00000000 00:00 0 
100240000-100280000 rw-p 00000000 00:00 0 
100280000-100360000 rw-p 00000000 00:00 0 
100360000-100380000 rw-p 00000000 00:00 0 
100380000-1004d0000 rw-p 00000000 00:00 0 
1004d0000-140000000 ---p 00000000 00:00 0 
558eaafb1000-558eaafb2000 r-xp 00000000 103:06 1923779                   /home/artur/.vscode/extensions/redhat.java-1.2.0/jre/17.0.1-linux-x86_64/bin/java
558eab1b2000-558eab1b3000 r--p 00001000 103:06 1923779                   /home/artur/.vscode/extensions/redhat.java-1.2.0/jre/17.0.1-linux-x86_64/bin/java
558eab1b3000-558eab1b4000 rw-p 00002000 103:06 1923779                   /home/artur/.vscode/extensions/redhat.java-1.2.0/jre/17.0.1-linux-x86_64/bin/java
558eabd70000-558eabd91000 rw-p 00000000 00:00 0                          [heap]
7fe77b878000-7fe784000000 r--s 00000000 103:06 2889069                   /usr/lib/jvm/java-11-openjdk-amd64/lib/modules
7fe784000000-7fe78522c000 rw-p 00000000 00:00 0 
7fe78522c000-7fe788000000 ---p 00000000 00:00 0 
7fe78c000000-7fe78c021000 rw-p 00000000 00:00 0 
7fe78c021000-7fe790000000 ---p 00000000 00:00 0 
7fe790000000-7fe790141000 rw-p 00000000 00:00 0 
7fe790141000-7fe794000000 ---p 00000000 00:00 0 
7fe794000000-7fe794021000 rw-p 00000000 00:00 0 
7fe794021000-7fe798000000 ---p 00000000 00:00 0 
7fe798000000-7fe798021000 rw-p 00000000 00:00 0 
7fe798021000-7fe79c000000 ---p 00000000 00:00 0 
7fe79c000000-7fe79c021000 rw-p 00000000 00:00 0 
7fe79c021000-7fe7a0000000 ---p 00000000 00:00 0 
7fe7a0000000-7fe7a0021000 rw-p 00000000 00:00 0 
7fe7a0021000-7fe7a4000000 ---p 00000000 00:00 0 
7fe7a4000000-7fe7a4082000 rw-p 00000000 00:00 0 
7fe7a4082000-7fe7a8000000 ---p 00000000 00:00 0 
7fe7a8000000-7fe7a8021000 rw-p 00000000 00:00 0 
7fe7a8021000-7fe7ac000000 ---p 00000000 00:00 0 
7fe7ac000000-7fe7ac021000 rw-p 00000000 00:00 0 
7fe7ac021000-7fe7b0000000 ---p 00000000 00:00 0 
7fe7b0000000-7fe7b03a6000 rw-p 00000000 00:00 0 
7fe7b03a6000-7fe7b4000000 ---p 00000000 00:00 0 
7fe7b4000000-7fe7b4021000 rw-p 00000000 00:00 0 
7fe7b4021000-7fe7b8000000 ---p 00000000 00:00 0 
7fe7b8000000-7fe7b8021000 rw-p 00000000 00:00 0 
7fe7b8021000-7fe7bc000000 ---p 00000000 00:00 0 
7fe7bc000000-7fe7bc3f3000 rw-p 00000000 00:00 0 
7fe7bc3f3000-7fe7c0000000 ---p 00000000 00:00 0 
7fe7c0000000-7fe7c096c000 rw-p 00000000 00:00 0 
7fe7c096c000-7fe7c4000000 ---p 00000000 00:00 0 
7fe7c4000000-7fe7c4021000 rw-p 00000000 00:00 0 
7fe7c4021000-7fe7c8000000 ---p 00000000 00:00 0 
7fe7c8000000-7fe7c8021000 rw-p 00000000 00:00 0 
7fe7c8021000-7fe7cc000000 ---p 00000000 00:00 0 
7fe7cc000000-7fe7cc021000 rw-p 00000000 00:00 0 
7fe7cc021000-7fe7d0000000 ---p 00000000 00:00 0 
7fe7d0000000-7fe7d0021000 rw-p 00000000 00:00 0 
7fe7d0021000-7fe7d4000000 ---p 00000000 00:00 0 
7fe7d4000000-7fe7d4021000 rw-p 00000000 00:00 0 
7fe7d4021000-7fe7d8000000 ---p 00000000 00:00 0 
7fe7d8000000-7fe7d8021000 rw-p 00000000 00:00 0 
7fe7d8021000-7fe7dc000000 ---p 00000000 00:00 0 
7fe7dc000000-7fe7dc021000 rw-p 00000000 00:00 0 
7fe7dc021000-7fe7e0000000 ---p 00000000 00:00 0 
7fe7e0000000-7fe7e1718000 rw-p 00000000 00:00 0 
7fe7e1718000-7fe7e4000000 ---p 00000000 00:00 0 
7fe7e4400000-7fe7e4990000 rw-p 00000000 00:00 0 
7fe7e4990000-7fe7e4c00000 ---p 00000000 00:00 0 
7fe7e4cfd000-7fe7e4d01000 ---p 00000000 00:00 0 
7fe7e4d01000-7fe7e4dfe000 rw-p 00000000 00:00 0 
7fe7e4dfe000-7fe7e4e02000 ---p 00000000 00:00 0 
7fe7e4e02000-7fe7e4eff000 rw-p 00000000 00:00 0 
7fe7e4eff000-7fe7e4f03000 ---p 00000000 00:00 0 
7fe7e4f03000-7fe7e5100000 rw-p 00000000 00:00 0 
7fe7e5100000-7fe7e5200000 rw-p 00000000 00:00 0 
7fe7e5200000-7fe7e5380000 rw-p 00000000 00:00 0 
7fe7e5380000-7fe7e5400000 rw-p 00000000 00:00 0 
7fe7e5400000-7fe7e5700000 rw-p 00000000 00:00 0 
7fe7e5700000-7fe7e57a0000 rw-p 00000000 00:00 0 
7fe7e57a0000-7fe7e5800000 ---p 00000000 00:00 0 
7fe7e58e9000-7fe7e58f6000 r-xp 00000000 103:06 1924404                   /home/artur/.vscode/extensions/redhat.java-1.2.0/jre/17.0.1-linux-x86_64/lib/libverify.so
7fe7e58f6000-7fe7e5af5000 ---p 0000d000 103:06 1924404                   /home/artur/.vscode/extensions/redhat.java-1.2.0/jre/17.0.1-linux-x86_64/lib/libverify.so
7fe7e5af5000-7fe7e5af7000 r--p 0000c000 103:06 1924404                   /home/artur/.vscode/extensions/redhat.java-1.2.0/jre/17.0.1-linux-x86_64/lib/libverify.so
7fe7e5af7000-7fe7e5af8000 rw-p 0000e000 103:06 1924404                   /home/artur/.vscode/extensions/redhat.java-1.2.0/jre/17.0.1-linux-x86_64/lib/libverify.so
7fe7e5af8000-7fe7e5afc000 ---p 00000000 00:00 0 
7fe7e5afc000-7fe7e5bf9000 rw-p 00000000 00:00 0 
7fe7e5bf9000-7fe7e5bfd000 ---p 00000000 00:00 0 
7fe7e5bfd000-7fe7e5cfa000 rw-p 00000000 00:00 0 
7fe7e5cfa000-7fe7e5cfb000 ---p 00000000 00:00 0 
7fe7e5cfb000-7fe7e5dfc000 rw-p 00000000 00:00 0 
7fe7e5dfc000-7fe7e5dfd000 ---p 00000000 00:00 0 
7fe7e5dfd000-7fe7e5efe000 rw-p 00000000 00:00 0 
7fe7e5efe000-7fe7e5eff000 ---p 00000000 00:00 0 
7fe7e5eff000-7fe7e6100000 rw-p 00000000 00:00 0 
7fe7e6100000-7fe7e6200000 rw-p 00000000 00:00 0 
7fe7e6200000-7fe7e6800000 rw-p 00000000 00:00 0 
7fe7e68dc000-7fe7e68e0000 ---p 00000000 00:00 0 
7fe7e68e0000-7fe7e69dd000 rw-p 00000000 00:00 0 
7fe7e69dd000-7fe7e69e1000 ---p 00000000 00:00 0 
7fe7e69e1000-7fe7e6ade000 rw-p 00000000 00:00 0 
7fe7e6ade000-7fe7e6ae2000 ---p 00000000 00:00 0 
7fe7e6ae2000-7fe7e6bdf000 rw-p 00000000 00:00 0 
7fe7e6bdf000-7fe7e6be3000 ---p 00000000 00:00 0 
7fe7e6be3000-7fe7e6ce0000 rw-p 00000000 00:00 0 
7fe7e6ce0000-7fe7e6ce4000 ---p 00000000 00:00 0 
7fe7e6ce4000-7fe7e6de1000 rw-p 00000000 00:00 0 
7fe7e6de1000-7fe7e6df1000 r-xp 00000000 103:06 2625853                   /home/artur/.config/Code/User/globalStorage/redhat.java/1.2.0/config_linux/org.eclipse.equinox.launcher/org.eclipse.equinox.launcher.gtk.linux.x86_64_1.2.400.v20211117-0650/eclipse_11600.so
7fe7e6df1000-7fe7e6ff0000 ---p 00010000 103:06 2625853                   /home/artur/.config/Code/User/globalStorage/redhat.java/1.2.0/config_linux/org.eclipse.equinox.launcher/org.eclipse.equinox.launcher.gtk.linux.x86_64_1.2.400.v20211117-0650/eclipse_11600.so
7fe7e6ff0000-7fe7e6ff1000 r--p 0000f000 103:06 2625853                   /home/artur/.config/Code/User/globalStorage/redhat.java/1.2.0/config_linux/org.eclipse.equinox.launcher/org.eclipse.equinox.launcher.gtk.linux.x86_64_1.2.400.v20211117-0650/eclipse_11600.so
7fe7e6ff1000-7fe7e6ff2000 rw-p 00010000 103:06 2625853                   /home/artur/.config/Code/User/globalStorage/redhat.java/1.2.0/config_linux/org.eclipse.equinox.launcher/org.eclipse.equinox.launcher.gtk.linux.x86_64_1.2.400.v20211117-0650/eclipse_11600.so
7fe7e6ff2000-7fe7e6ff6000 ---p 00000000 00:00 0 
7fe7e6ff6000-7fe7e70f3000 rw-p 00000000 00:00 0 
7fe7e70f3000-7fe7e70f4000 ---p 00000000 00:00 0 
7fe7e70f4000-7fe7e71f5000 rw-p 00000000 00:00 0 
7fe7e71f5000-7fe7e71f6000 ---p 00000000 00:00 0 
7fe7e71f6000-7fe7e72f7000 rw-p 00000000 00:00 0 
7fe7e72f7000-7fe7e72f8000 ---p 00000000 00:00 0 
7fe7e72f8000-7fe7e73f9000 rw-p 00000000 00:00 0 
7fe7e73f9000-7fe7e73fa000 ---p 00000000 00:00 0 
7fe7e73fa000-7fe7e74fb000 rw-p 00000000 00:00 0 
7fe7e74fb000-7fe7e74fc000 ---p 00000000 00:00 0 
7fe7e74fc000-7fe7e75fd000 rw-p 00000000 00:00 0 
7fe7e75fd000-7fe7e75fe000 ---p 00000000 00:00 0 
7fe7e75fe000-7fe7e76ff000 rw-p 00000000 00:00 0 
7fe7e76ff000-7fe7e7703000 ---p 00000000 00:00 0 
7fe7e7703000-7fe7e7900000 rw-p 00000000 00:00 0 
7fe7e7900000-7fe7e7b00000 rw-p 00000000 00:00 0 
7fe7e7b00000-7fe7e7c00000 rw-p 00000000 00:00 0 
7fe7e7c00000-7fe7e7d00000 rw-p 00000000 00:00 0 
7fe7e7d00000-7fe7e7e00000 rw-p 00000000 00:00 0 
7fe7e7e00000-7fe7e7fe0000 rw-p 00000000 00:00 0 
7fe7e7fe0000-7fe7e8000000 rw-p 00000000 00:00 0 
7fe7e8000000-7fe7e8021000 rw-p 00000000 00:00 0 
7fe7e8021000-7fe7ec000000 ---p 00000000 00:00 0 
7fe7ec000000-7fe7ec021000 rw-p 00000000 00:00 0 
7fe7ec021000-7fe7f0000000 ---p 00000000 00:00 0 
7fe7f0000000-7fe7f0021000 rw-p 00000000 00:00 0 
7fe7f0021000-7fe7f4000000 ---p 00000000 00:00 0 
7fe7f4000000-7fe7f4021000 rw-p 00000000 00:00 0 
7fe7f4021000-7fe7f8000000 ---p 00000000 00:00 0 
7fe7f8000000-7fe7f8de9000 rw-p 00000000 00:00 0 
7fe7f8de9000-7fe7fc000000 ---p 00000000 00:00 0 
7fe7fc000000-7fe7fc021000 rw-p 00000000 00:00 0 
7fe7fc021000-7fe800000000 ---p 00000000 00:00 0 
7fe800000000-7fe800021000 rw-p 00000000 00:00 0 
7fe800021000-7fe804000000 ---p 00000000 00:00 0 
7fe804000000-7fe8053fe000 rw-p 00000000 00:00 0 
7fe8053fe000-7fe808000000 ---p 00000000 00:00 0 
7fe808000000-7fe808021000 rw-p 00000000 00:00 0 
7fe808021000-7fe80c000000 ---p 00000000 00:00 0 
7fe80c000000-7fe80c021000 rw-p 00000000 00:00 0 
7fe80c021000-7fe810000000 ---p 00000000 00:00 0 
7fe810000000-7fe810021000 rw-p 00000000 00:00 0 
7fe810021000-7fe814000000 ---p 00000000 00:00 0 
7fe814000000-7fe814021000 rw-p 00000000 00:00 0 
7fe814021000-7fe818000000 ---p 00000000 00:00 0 
7fe818000000-7fe818021000 rw-p 00000000 00:00 0 
7fe818021000-7fe81c000000 ---p 00000000 00:00 0 
7fe81c036000-7fe81c03a000 ---p 00000000 00:00 0 
7fe81c03a000-7fe81c137000 rw-p 00000000 00:00 0 
7fe81c137000-7fe81c13b000 ---p 00000000 00:00 0 
7fe81c13b000-7fe81c238000 rw-p 00000000 00:00 0 
7fe81c238000-7fe81c24d000 r-xp 00000000 103:06 1924394                   /home/artur/.vscode/extensions/redhat.java-1.2.0/jre/17.0.1-linux-x86_64/lib/libnet.so
7fe81c24d000-7fe81c44c000 ---p 00015000 103:06 1924394                   /home/artur/.vscode/extensions/redhat.java-1.2.0/jre/17.0.1-linux-x86_64/lib/libnet.so
7fe81c44c000-7fe81c44d000 r--p 00014000 103:06 1924394                   /home/artur/.vscode/extensions/redhat.java-1.2.0/jre/17.0.1-linux-x86_64/lib/libnet.so
7fe81c44d000-7fe81c44e000 rw-p 00015000 103:06 1924394                   /home/artur/.vscode/extensions/redhat.java-1.2.0/jre/17.0.1-linux-x86_64/lib/libnet.so
7fe81c44e000-7fe81c460000 r-xp 00000000 103:06 1924395                   /home/artur/.vscode/extensions/redhat.java-1.2.0/jre/17.0.1-linux-x86_64/lib/libnio.so
7fe81c460000-7fe81c65f000 ---p 00012000 103:06 1924395                   /home/artur/.vscode/extensions/redhat.java-1.2.0/jre/17.0.1-linux-x86_64/lib/libnio.so
7fe81c65f000-7fe81c660000 r--p 00011000 103:06 1924395                   /home/artur/.vscode/extensions/redhat.java-1.2.0/jre/17.0.1-linux-x86_64/lib/libnio.so
7fe81c660000-7fe81c661000 rw-p 00012000 103:06 1924395                   /home/artur/.vscode/extensions/redhat.java-1.2.0/jre/17.0.1-linux-x86_64/lib/libnio.so
7fe81c661000-7fe81c662000 ---p 00000000 00:00 0 
7fe81c662000-7fe81c763000 rw-p 00000000 00:00 0 
7fe81c763000-7fe81c767000 ---p 00000000 00:00 0 
7fe81c767000-7fe81c864000 rw-p 00000000 00:00 0 
7fe81c864000-7fe81c868000 ---p 00000000 00:00 0 
7fe81c868000-7fe81c965000 rw-p 00000000 00:00 0 
7fe81c965000-7fe81c969000 ---p 00000000 00:00 0 
7fe81c969000-7fe81ca66000 rw-p 00000000 00:00 0 
7fe81ca66000-7fe81ca6a000 ---p 00000000 00:00 0 
7fe81ca6a000-7fe81cb67000 rw-p 00000000 00:00 0 
7fe81cb67000-7fe81cb6b000 ---p 00000000 00:00 0 
7fe81cb6b000-7fe81cc68000 rw-p 00000000 00:00 0 
7fe81cc68000-7fe81cc6c000 ---p 00000000 00:00 0 
7fe81cc6c000-7fe81cd69000 rw-p 00000000 00:00 0 
7fe81cd69000-7fe81cd6d000 ---p 00000000 00:00 0 
7fe81cd6d000-7fe81ce6a000 rw-p 00000000 00:00 0 
7fe81ce6a000-7fe81ce6e000 ---p 00000000 00:00 0 
7fe81ce6e000-7fe81cf6b000 rw-p 00000000 00:00 0 
7fe81cf6b000-7fe81d4dc000 r--p 00000000 103:06 2889157                   /usr/lib/locale/locale-archive
7fe81d4dc000-7fe81d4e0000 ---p 00000000 00:00 0 
7fe81d4e0000-7fe81d5dd000 rw-p 00000000 00:00 0 
7fe81d5dd000-7fe81d5e1000 ---p 00000000 00:00 0 
7fe81d5e1000-7fe81d6de000 rw-p 00000000 00:00 0 
7fe81d6de000-7fe81d6df000 ---p 00000000 00:00 0 
7fe81d6df000-7fe81fc00000 rw-p 00000000 00:00 0 
7fe81fc00000-7fe81fc20000 rw-p 00000000 00:00 0 
7fe81fc20000-7fe81fc40000 rw-p 00000000 00:00 0 
7fe81fc40000-7fe81fc80000 rw-p 00000000 00:00 0 
7fe81fc80000-7fe81fd00000 rw-p 00000000 00:00 0 
7fe81fd00000-7fe81ff00000 rw-p 00000000 00:00 0 
7fe81ff00000-7fe81ff40000 rw-p 00000000 00:00 0 
7fe81ff40000-7fe81ff80000 rw-p 00000000 00:00 0 
7fe81ff80000-7fe820000000 rw-p 00000000 00:00 0 
7fe820000000-7fe820021000 rw-p 00000000 00:00 0 
7fe820021000-7fe824000000 ---p 00000000 00:00 0 
7fe8240f9000-7fe8241fa000 rw-p 00000000 00:00 0 
7fe8241fa000-7fe824201000 r-xp 00000000 103:06 1924405                   /home/artur/.vscode/extensions/redhat.java-1.2.0/jre/17.0.1-linux-x86_64/lib/libzip.so
7fe824201000-7fe824401000 ---p 00007000 103:06 1924405                   /home/artur/.vscode/extensions/redhat.java-1.2.0/jre/17.0.1-linux-x86_64/lib/libzip.so
7fe824401000-7fe824402000 r--p 00007000 103:06 1924405                   /home/artur/.vscode/extensions/redhat.java-1.2.0/jre/17.0.1-linux-x86_64/lib/libzip.so
7fe824402000-7fe824403000 rw-p 00008000 103:06 1924405                   /home/artur/.vscode/extensions/redhat.java-1.2.0/jre/17.0.1-linux-x86_64/lib/libzip.so
7fe824403000-7fe826403000 rw-p 00000000 00:00 0 
7fe826403000-7fe826673000 rwxp 00000000 00:00 0 
7fe826673000-7fe826995000 ---p 00000000 00:00 0 
7fe826995000-7fe827105000 rwxp 00000000 00:00 0 
7fe827105000-7fe82decc000 ---p 00000000 00:00 0 
7fe82decc000-7fe82e13c000 rwxp 00000000 00:00 0 
7fe82e13c000-7fe835403000 ---p 00000000 00:00 0 
7fe835403000-7fe838000000 r--s 00000000 103:06 1924413                   /home/artur/.vscode/extensions/redhat.java-1.2.0/jre/17.0.1-linux-x86_64/lib/modules
7fe838000000-7fe8386b8000 rw-p 00000000 00:00 0 
7fe8386b8000-7fe83c000000 ---p 00000000 00:00 0 
7fe83c03a000-7fe83c03e000 ---p 00000000 00:00 0 
7fe83c03e000-7fe83c3af000 rw-p 00000000 00:00 0 
7fe83c3af000-7fe83c4e3000 ---p 00000000 00:00 0 
7fe83c4e3000-7fe83c4e4000 ---p 00000000 00:00 0 
7fe83c4e4000-7fe83c607000 rw-p 00000000 00:00 0 
7fe83c607000-7fe83c73a000 ---p 00000000 00:00 0 
7fe83c73a000-7fe83c74a000 rw-p 00000000 00:00 0 
7fe83c74a000-7fe83c7e5000 ---p 00000000 00:00 0 
7fe83c7e5000-7fe83c7eb000 rw-p 00000000 00:00 0 
7fe83c7eb000-7fe83c8d1000 ---p 00000000 00:00 0 
7fe83c8d1000-7fe83c8e0000 rw-p 00000000 00:00 0 
7fe83c8e0000-7fe83c9bc000 ---p 00000000 00:00 0 
7fe83c9bc000-7fe83c9e0000 r-xp 00000000 103:06 1924362                   /home/artur/.vscode/extensions/redhat.java-1.2.0/jre/17.0.1-linux-x86_64/lib/libjava.so
7fe83c9e0000-7fe83cbe0000 ---p 00024000 103:06 1924362                   /home/artur/.vscode/extensions/redhat.java-1.2.0/jre/17.0.1-linux-x86_64/lib/libjava.so
7fe83cbe0000-7fe83cbe1000 r--p 00024000 103:06 1924362                   /home/artur/.vscode/extensions/redhat.java-1.2.0/jre/17.0.1-linux-x86_64/lib/libjava.so
7fe83cbe1000-7fe83cbe2000 rw-p 00025000 103:06 1924362                   /home/artur/.vscode/extensions/redhat.java-1.2.0/jre/17.0.1-linux-x86_64/lib/libjava.so
7fe83cbe2000-7fe83cbe3000 rw-p 00000000 00:00 0 
7fe83cbe3000-7fe83cbe6000 r--p 00000000 103:06 3674023                   /lib/x86_64-linux-gnu/libnss_files-2.31.so
7fe83cbe6000-7fe83cbed000 r-xp 00003000 103:06 3674023                   /lib/x86_64-linux-gnu/libnss_files-2.31.so
7fe83cbed000-7fe83cbef000 r--p 0000a000 103:06 3674023                   /lib/x86_64-linux-gnu/libnss_files-2.31.so
7fe83cbef000-7fe83cbf0000 r--p 0000b000 103:06 3674023                   /lib/x86_64-linux-gnu/libnss_files-2.31.so
7fe83cbf0000-7fe83cbf1000 rw-p 0000c000 103:06 3674023                   /lib/x86_64-linux-gnu/libnss_files-2.31.so
7fe83cbf1000-7fe83cbf7000 rw-p 00000000 00:00 0 
7fe83cbf7000-7fe83cbfc000 r--p 00000000 103:06 3674009                   /lib/x86_64-linux-gnu/libnsl-2.31.so
7fe83cbfc000-7fe83cc0c000 r-xp 00005000 103:06 3674009                   /lib/x86_64-linux-gnu/libnsl-2.31.so
7fe83cc0c000-7fe83cc10000 r--p 00015000 103:06 3674009                   /lib/x86_64-linux-gnu/libnsl-2.31.so
7fe83cc10000-7fe83cc11000 r--p 00018000 103:06 3674009                   /lib/x86_64-linux-gnu/libnsl-2.31.so
7fe83cc11000-7fe83cc12000 rw-p 00019000 103:06 3674009                   /lib/x86_64-linux-gnu/libnsl-2.31.so
7fe83cc12000-7fe83cc14000 rw-p 00000000 00:00 0 
7fe83cc14000-7fe83cc17000 r--p 00000000 103:06 3674031                   /lib/x86_64-linux-gnu/libnss_nis-2.31.so
7fe83cc17000-7fe83cc1f000 r-xp 00003000 103:06 3674031                   /lib/x86_64-linux-gnu/libnss_nis-2.31.so
7fe83cc1f000-7fe83cc21000 r--p 0000b000 103:06 3674031                   /lib/x86_64-linux-gnu/libnss_nis-2.31.so
7fe83cc21000-7fe83cc22000 r--p 0000c000 103:06 3674031                   /lib/x86_64-linux-gnu/libnss_nis-2.31.so
7fe83cc22000-7fe83cc23000 rw-p 0000d000 103:06 3674031                   /lib/x86_64-linux-gnu/libnss_nis-2.31.so
7fe83cc2c000-7fe83cc33000 r--s 00000000 103:06 3148538                   /usr/lib/x86_64-linux-gnu/gconv/gconv-modules.cache
7fe83cc33000-7fe83cc38000 rw-p 00000000 00:00 0 
7fe83cc38000-7fe83cc3f000 ---p 00000000 00:00 0 
7fe83cc3f000-7fe83cc5a000 r-xp 00000000 103:06 1924374                   /home/artur/.vscode/extensions/redhat.java-1.2.0/jre/17.0.1-linux-x86_64/lib/libjimage.so
7fe83cc5a000-7fe83ce59000 ---p 0001b000 103:06 1924374                   /home/artur/.vscode/extensions/redhat.java-1.2.0/jre/17.0.1-linux-x86_64/lib/libjimage.so
7fe83ce59000-7fe83ce5b000 r--p 0001a000 103:06 1924374                   /home/artur/.vscode/extensions/redhat.java-1.2.0/jre/17.0.1-linux-x86_64/lib/libjimage.so
7fe83ce5b000-7fe83ce5c000 rw-p 0001c000 103:06 1924374                   /home/artur/.vscode/extensions/redhat.java-1.2.0/jre/17.0.1-linux-x86_64/lib/libjimage.so
7fe83ce5c000-7fe83ce60000 ---p 00000000 00:00 0 
7fe83ce60000-7fe83cf5d000 rw-p 00000000 00:00 0 
7fe83cf5d000-7fe83cf6c000 r--p 00000000 103:06 3673997                   /lib/x86_64-linux-gnu/libm-2.31.so
7fe83cf6c000-7fe83d013000 r-xp 0000f000 103:06 3673997                   /lib/x86_64-linux-gnu/libm-2.31.so
7fe83d013000-7fe83d0aa000 r--p 000b6000 103:06 3673997                   /lib/x86_64-linux-gnu/libm-2.31.so
7fe83d0aa000-7fe83d0ab000 r--p 0014c000 103:06 3673997                   /lib/x86_64-linux-gnu/libm-2.31.so
7fe83d0ab000-7fe83d0ac000 rw-p 0014d000 103:06 3673997                   /lib/x86_64-linux-gnu/libm-2.31.so
7fe83d0ac000-7fe83d0af000 r--p 00000000 103:06 3674043                   /lib/x86_64-linux-gnu/librt-2.31.so
7fe83d0af000-7fe83d0b3000 r-xp 00003000 103:06 3674043                   /lib/x86_64-linux-gnu/librt-2.31.so
7fe83d0b3000-7fe83d0b4000 r--p 00007000 103:06 3674043                   /lib/x86_64-linux-gnu/librt-2.31.so
7fe83d0b4000-7fe83d0b5000 ---p 00008000 103:06 3674043                   /lib/x86_64-linux-gnu/librt-2.31.so
7fe83d0b5000-7fe83d0b6000 r--p 00008000 103:06 3674043                   /lib/x86_64-linux-gnu/librt-2.31.so
7fe83d0b6000-7fe83d0b7000 rw-p 00009000 103:06 3674043                   /lib/x86_64-linux-gnu/librt-2.31.so
7fe83d0b7000-7fe83e396000 r-xp 00000000 103:06 1924435                   /home/artur/.vscode/extensions/redhat.java-1.2.0/jre/17.0.1-linux-x86_64/lib/server/libjvm.so
7fe83e396000-7fe83e595000 ---p 012df000 103:06 1924435                   /home/artur/.vscode/extensions/redhat.java-1.2.0/jre/17.0.1-linux-x86_64/lib/server/libjvm.so
7fe83e595000-7fe83e64e000 r--p 012de000 103:06 1924435                   /home/artur/.vscode/extensions/redhat.java-1.2.0/jre/17.0.1-linux-x86_64/lib/server/libjvm.so
7fe83e64e000-7fe83e682000 rw-p 01397000 103:06 1924435                   /home/artur/.vscode/extensions/redhat.java-1.2.0/jre/17.0.1-linux-x86_64/lib/server/libjvm.so
7fe83e682000-7fe83e6de000 rw-p 00000000 00:00 0 
7fe83e6de000-7fe83e703000 r--p 00000000 103:06 3673989                   /lib/x86_64-linux-gnu/libc-2.31.so
7fe83e703000-7fe83e87b000 r-xp 00025000 103:06 3673989                   /lib/x86_64-linux-gnu/libc-2.31.so
7fe83e87b000-7fe83e8c5000 r--p 0019d000 103:06 3673989                   /lib/x86_64-linux-gnu/libc-2.31.so
7fe83e8c5000-7fe83e8c6000 ---p 001e7000 103:06 3673989                   /lib/x86_64-linux-gnu/libc-2.31.so
7fe83e8c6000-7fe83e8c9000 r--p 001e7000 103:06 3673989                   /lib/x86_64-linux-gnu/libc-2.31.so
7fe83e8c9000-7fe83e8cc000 rw-p 001ea000 103:06 3673989                   /lib/x86_64-linux-gnu/libc-2.31.so
7fe83e8cc000-7fe83e8d0000 rw-p 00000000 00:00 0 
7fe83e8d0000-7fe83e8d1000 r--p 00000000 103:06 3673993                   /lib/x86_64-linux-gnu/libdl-2.31.so
7fe83e8d1000-7fe83e8d3000 r-xp 00001000 103:06 3673993                   /lib/x86_64-linux-gnu/libdl-2.31.so
7fe83e8d3000-7fe83e8d4000 r--p 00003000 103:06 3673993                   /lib/x86_64-linux-gnu/libdl-2.31.so
7fe83e8d4000-7fe83e8d5000 r--p 00003000 103:06 3673993                   /lib/x86_64-linux-gnu/libdl-2.31.so
7fe83e8d5000-7fe83e8d6000 rw-p 00004000 103:06 3673993                   /lib/x86_64-linux-gnu/libdl-2.31.so
7fe83e8d6000-7fe83e8dd000 r--p 00000000 103:06 3674039                   /lib/x86_64-linux-gnu/libpthread-2.31.so
7fe83e8dd000-7fe83e8ee000 r-xp 00007000 103:06 3674039                   /lib/x86_64-linux-gnu/libpthread-2.31.so
7fe83e8ee000-7fe83e8f3000 r--p 00018000 103:06 3674039                   /lib/x86_64-linux-gnu/libpthread-2.31.so
7fe83e8f3000-7fe83e8f4000 r--p 0001c000 103:06 3674039                   /lib/x86_64-linux-gnu/libpthread-2.31.so
7fe83e8f4000-7fe83e8f5000 rw-p 0001d000 103:06 3674039                   /lib/x86_64-linux-gnu/libpthread-2.31.so
7fe83e8f5000-7fe83e8f9000 rw-p 00000000 00:00 0 
7fe83e8f9000-7fe83e908000 r-xp 00000000 103:06 1924377                   /home/artur/.vscode/extensions/redhat.java-1.2.0/jre/17.0.1-linux-x86_64/lib/libjli.so
7fe83e908000-7fe83eb08000 ---p 0000f000 103:06 1924377                   /home/artur/.vscode/extensions/redhat.java-1.2.0/jre/17.0.1-linux-x86_64/lib/libjli.so
7fe83eb08000-7fe83eb09000 r--p 0000f000 103:06 1924377                   /home/artur/.vscode/extensions/redhat.java-1.2.0/jre/17.0.1-linux-x86_64/lib/libjli.so
7fe83eb09000-7fe83eb0a000 rw-p 00010000 103:06 1924377                   /home/artur/.vscode/extensions/redhat.java-1.2.0/jre/17.0.1-linux-x86_64/lib/libjli.so
7fe83eb0a000-7fe83eb0c000 r--p 00000000 103:06 3672661                   /lib/x86_64-linux-gnu/libz.so.1.2.11
7fe83eb0c000-7fe83eb1d000 r-xp 00002000 103:06 3672661                   /lib/x86_64-linux-gnu/libz.so.1.2.11
7fe83eb1d000-7fe83eb23000 r--p 00013000 103:06 3672661                   /lib/x86_64-linux-gnu/libz.so.1.2.11
7fe83eb23000-7fe83eb24000 ---p 00019000 103:06 3672661                   /lib/x86_64-linux-gnu/libz.so.1.2.11
7fe83eb24000-7fe83eb25000 r--p 00019000 103:06 3672661                   /lib/x86_64-linux-gnu/libz.so.1.2.11
7fe83eb25000-7fe83eb26000 rw-p 0001a000 103:06 3672661                   /lib/x86_64-linux-gnu/libz.so.1.2.11
7fe83eb2c000-7fe83eb34000 rw-s 00000000 103:06 3809731                   /tmp/hsperfdata_artur/186526
7fe83eb34000-7fe83eb36000 r--p 00000000 103:06 3674013                   /lib/x86_64-linux-gnu/libnss_compat-2.31.so
7fe83eb36000-7fe83eb3d000 r-xp 00002000 103:06 3674013                   /lib/x86_64-linux-gnu/libnss_compat-2.31.so
7fe83eb3d000-7fe83eb3e000 r--p 00009000 103:06 3674013                   /lib/x86_64-linux-gnu/libnss_compat-2.31.so
7fe83eb3e000-7fe83eb3f000 r--p 00009000 103:06 3674013                   /lib/x86_64-linux-gnu/libnss_compat-2.31.so
7fe83eb3f000-7fe83eb40000 rw-p 0000a000 103:06 3674013                   /lib/x86_64-linux-gnu/libnss_compat-2.31.so
7fe83eb40000-7fe83eb41000 ---p 00000000 00:00 0 
7fe83eb41000-7fe83eb42000 r--p 00000000 00:00 0 
7fe83eb42000-7fe83eb44000 rw-p 00000000 00:00 0 
7fe83eb44000-7fe83eb45000 r--p 00000000 103:06 3673973                   /lib/x86_64-linux-gnu/ld-2.31.so
7fe83eb45000-7fe83eb68000 r-xp 00001000 103:06 3673973                   /lib/x86_64-linux-gnu/ld-2.31.so
7fe83eb68000-7fe83eb70000 r--p 00024000 103:06 3673973                   /lib/x86_64-linux-gnu/ld-2.31.so
7fe83eb70000-7fe83eb71000 ---p 00000000 00:00 0 
7fe83eb71000-7fe83eb72000 r--p 0002c000 103:06 3673973                   /lib/x86_64-linux-gnu/ld-2.31.so
7fe83eb72000-7fe83eb73000 rw-p 0002d000 103:06 3673973                   /lib/x86_64-linux-gnu/ld-2.31.so
7fe83eb73000-7fe83eb74000 rw-p 00000000 00:00 0 
7fffca1a5000-7fffca1c7000 rw-p 00000000 00:00 0                          [stack]
7fffca1d8000-7fffca1db000 r--p 00000000 00:00 0                          [vvar]
7fffca1db000-7fffca1dc000 r-xp 00000000 00:00 0                          [vdso]
ffffffffff600000-ffffffffff601000 --xp 00000000 00:00 0                  [vsyscall]


VM Arguments:
jvm_args: --add-modules=ALL-SYSTEM --add-opens=java.base/java.util=ALL-UNNAMED --add-opens=java.base/java.lang=ALL-UNNAMED -Declipse.application=org.eclipse.jdt.ls.core.id1 -Dosgi.bundles.defaultStartLevel=4 -Declipse.product=org.eclipse.jdt.ls.core.product -Djava.import.generatesMetadataFilesAtProjectRoot=false -Dfile.encoding=utf8 -XX:+UseParallelGC -XX:GCTimeRatio=4 -XX:AdaptiveSizePolicyWeight=90 -Dsun.zip.disableMemoryMapping=true -Xmx1G -Xms100m -XX:+HeapDumpOnOutOfMemoryError -XX:HeapDumpPath=/home/artur/.config/Code/User/workspaceStorage/68e882bbe0e19ee7d9ce481bef1e990f/redhat.java 
java_command: /home/artur/.vscode/extensions/redhat.java-1.2.0/server/plugins/org.eclipse.equinox.launcher_1.6.400.v20210924-0641.jar -configuration /home/artur/.config/Code/User/globalStorage/redhat.java/1.2.0/config_linux -data /home/artur/.config/Code/User/workspaceStorage/68e882bbe0e19ee7d9ce481bef1e990f/redhat.java/jdt_ws
java_class_path (initial): /home/artur/.vscode/extensions/redhat.java-1.2.0/server/plugins/org.eclipse.equinox.launcher_1.6.400.v20210924-0641.jar
Launcher Type: SUN_STANDARD

[Global flags]
    uintx AdaptiveSizePolicyWeight                 = 90                                        {product} {command line}
     intx CICompilerCount                          = 4                                         {product} {ergonomic}
    uintx GCTimeRatio                              = 4                                         {product} {command line}
     bool HeapDumpOnOutOfMemoryError               = true                                   {manageable} {command line}
    ccstr HeapDumpPath                             = /home/artur/.config/Code/User/workspaceStorage/68e882bbe0e19ee7d9ce481bef1e990f/redhat.java         {manageable} {command line}
   size_t InitialHeapSize                          = 104857600                                 {product} {command line}
   size_t MaxHeapSize                              = 1073741824                                {product} {command line}
   size_t MaxNewSize                               = 357564416                                 {product} {ergonomic}
   size_t MinHeapDeltaBytes                        = 524288                                    {product} {ergonomic}
   size_t MinHeapSize                              = 104857600                                 {product} {command line}
   size_t NewSize                                  = 34603008                                  {product} {ergonomic}
    uintx NonNMethodCodeHeapSize                   = 5839372                                {pd product} {ergonomic}
    uintx NonProfiledCodeHeapSize                  = 122909434                              {pd product} {ergonomic}
   size_t OldSize                                  = 70254592                                  {product} {ergonomic}
    uintx ProfiledCodeHeapSize                     = 122909434                              {pd product} {ergonomic}
    uintx ReservedCodeCacheSize                    = 251658240                              {pd product} {ergonomic}
     bool SegmentedCodeCache                       = true                                      {product} {ergonomic}
   size_t SoftMaxHeapSize                          = 1073741824                             {manageable} {ergonomic}
     bool UseCompressedClassPointers               = true                           {product lp64_product} {ergonomic}
     bool UseCompressedOops                        = true                           {product lp64_product} {ergonomic}
     bool UseParallelGC                            = true                                      {product} {command line}

Logging:
Log output configuration:
 #0: stdout all=warning uptime,level,tags
 #1: stderr all=off uptime,level,tags

Environment Variables:
JAVA_HOME=/usr/lib/jvm/java-11-openjdk-amd64
CLASSPATH=.:/usr/local/lib/antlr-4.9.2-complete.jar:/usr/local/lib/ST-4.3.1.jar:
PATH=/home/artur/.nvm/versions/node/v14.17.0/bin:/home/artur/.local/bin:/usr/local/sbin:/usr/local/bin:/usr/sbin:/usr/bin:/sbin:/bin:/usr/games:/usr/local/games:/snap/bin:/usr/lib/jvm/java-16-oracle/bin:/usr/lib/jvm/java-16-oracle/db/bin:/opt/bin:.:
USERNAME=artur
SHELL=/bin/bash
DISPLAY=:0
LANG=en_US.UTF-8
LC_CTYPE=pt_PT.UTF-8

Signal Handlers:
   SIGSEGV: crash_handler in libjvm.so, mask=11100100010111111101111111111110, flags=SA_RESTART|SA_SIGINFO
    SIGBUS: crash_handler in libjvm.so, mask=11100100010111111101111111111110, flags=SA_RESTART|SA_SIGINFO
    SIGFPE: crash_handler in libjvm.so, mask=11100100010111111101111111111110, flags=SA_RESTART|SA_SIGINFO
   SIGPIPE: javaSignalHandler in libjvm.so, mask=11100100010111111101111111111110, flags=SA_RESTART|SA_SIGINFO
   SIGXFSZ: javaSignalHandler in libjvm.so, mask=11100100010111111101111111111110, flags=SA_RESTART|SA_SIGINFO
    SIGILL: crash_handler in libjvm.so, mask=11100100010111111101111111111110, flags=SA_RESTART|SA_SIGINFO
   SIGUSR2: SR_handler in libjvm.so, mask=00000000000000000000000000000000, flags=SA_RESTART|SA_SIGINFO
    SIGHUP: UserHandler in libjvm.so, mask=11100100010111111101111111111110, flags=SA_RESTART|SA_SIGINFO
    SIGINT: UserHandler in libjvm.so, mask=11100100010111111101111111111110, flags=SA_RESTART|SA_SIGINFO
   SIGTERM: UserHandler in libjvm.so, mask=11100100010111111101111111111110, flags=SA_RESTART|SA_SIGINFO
   SIGQUIT: UserHandler in libjvm.so, mask=11100100010111111101111111111110, flags=SA_RESTART|SA_SIGINFO
   SIGTRAP: crash_handler in libjvm.so, mask=11100100010111111101111111111110, flags=SA_RESTART|SA_SIGINFO


---------------  S Y S T E M  ---------------

OS:
DISTRIB_ID=Ubuntu
DISTRIB_RELEASE=20.04
DISTRIB_CODENAME=focal
DISTRIB_DESCRIPTION="Ubuntu 20.04.3 LTS"
uname: Linux 5.4.0-90-generic #101-Ubuntu SMP Fri Oct 15 20:00:55 UTC 2021 x86_64
OS uptime: 1 days 1:32 hours
libc: glibc 2.31 NPTL 2.31 
rlimit (soft/hard): STACK 8192k/infinity , CORE 0k/infinity , NPROC 63176/63176 , NOFILE 1048576/1048576 , AS infinity/infinity , CPU infinity/infinity , DATA infinity/infinity , FSIZE infinity/infinity , MEMLOCK 65536k/65536k
load average: 5,24 1,77 1,08

/proc/meminfo:
MemTotal:       16235992 kB
MemFree:          735100 kB
MemAvailable:    4978500 kB
Buffers:          691480 kB
Cached:          4847468 kB
SwapCached:         2296 kB
Active:         11155016 kB
Inactive:        3285868 kB
Active(anon):    8422880 kB
Inactive(anon):  1732368 kB
Active(file):    2732136 kB
Inactive(file):  1553500 kB
Unevictable:      208640 kB
Mlocked:             160 kB
SwapTotal:       2097148 kB
SwapFree:        2035648 kB
Dirty:              6844 kB
Writeback:             0 kB
AnonPages:       9109360 kB
Mapped:          1958112 kB
Shmem:           1258800 kB
KReclaimable:     299816 kB
Slab:             581384 kB
SReclaimable:     299816 kB
SUnreclaim:       281568 kB
KernelStack:       37456 kB
PageTables:       101300 kB
NFS_Unstable:          0 kB
Bounce:                0 kB
WritebackTmp:          0 kB
CommitLimit:    10215144 kB
Committed_AS:   30777940 kB
VmallocTotal:   34359738367 kB
VmallocUsed:       63376 kB
VmallocChunk:          0 kB
Percpu:            17728 kB
HardwareCorrupted:     0 kB
AnonHugePages:         0 kB
ShmemHugePages:        0 kB
ShmemPmdMapped:        0 kB
FileHugePages:         0 kB
FilePmdMapped:         0 kB
CmaTotal:              0 kB
CmaFree:               0 kB
HugePages_Total:       0
HugePages_Free:        0
HugePages_Rsvd:        0
HugePages_Surp:        0
Hugepagesize:       2048 kB
Hugetlb:               0 kB
DirectMap4k:      750176 kB
DirectMap2M:    15867904 kB
DirectMap1G:           0 kB

/sys/kernel/mm/transparent_hugepage/enabled: always [madvise] never
/sys/kernel/mm/transparent_hugepage/defrag (defrag/compaction efforts parameter): always defer defer+madvise [madvise] never

Process Memory:
Virtual Size: 5221424K (peak: 5226988K)
Resident Set Size: 241724K (peak: 241724K) (anon: 209708K, file: 32016K, shmem: 0K)
Swapped out: 0K
C-Heap outstanding allocations: 80380K

/proc/sys/kernel/threads-max (system-wide limit on the number of threads): 126352
/proc/sys/vm/max_map_count (maximum number of memory map areas a process may have): 1048575
/proc/sys/kernel/pid_max (system-wide limit on number of process identifiers): 4194304

container (cgroup) information:
container_type: cgroupv1
cpu_cpuset_cpus: 0-11
cpu_memory_nodes: 0
active_processor_count: 12
cpu_quota: no quota
cpu_period: 100000
cpu_shares: no shares
memory_limit_in_bytes: unlimited
memory_and_swap_limit_in_bytes: not supported
memory_soft_limit_in_bytes: unlimited
memory_usage_in_bytes: 12194713600
memory_max_usage_in_bytes: 12816494592

Steal ticks since vm start: 0
Steal ticks percentage since vm start:  0,000

CPU: total 12 (initial active 12) (6 cores per cpu, 2 threads per core) family 6 model 158 stepping 13 microcode 0xea, cx8, cmov, fxsr, ht, mmx, 3dnowpref, sse, sse2, sse3, ssse3, sse4.1, sse4.2, popcnt, lzcnt, tsc, tscinvbit, avx, avx2, aes, erms, clmul, bmi1, bmi2, adx, fma, vzeroupper, clflush, clflushopt
CPU Model and flags from /proc/cpuinfo:
model name	: Intel(R) Core(TM) i7-9750H CPU @ 2.60GHz
flags		: fpu vme de pse tsc msr pae mce cx8 apic sep mtrr pge mca cmov pat pse36 clflush dts acpi mmx fxsr sse sse2 ss ht tm pbe syscall nx pdpe1gb rdtscp lm constant_tsc art arch_perfmon pebs bts rep_good nopl xtopology nonstop_tsc cpuid aperfmperf pni pclmulqdq dtes64 monitor ds_cpl vmx est tm2 ssse3 sdbg fma cx16 xtpr pdcm pcid sse4_1 sse4_2 x2apic movbe popcnt tsc_deadline_timer aes xsave avx f16c rdrand lahf_lm abm 3dnowprefetch cpuid_fault epb invpcid_single ssbd ibrs ibpb stibp ibrs_enhanced tpr_shadow vnmi flexpriority ept vpid ept_ad fsgsbase tsc_adjust bmi1 avx2 smep bmi2 erms invpcid mpx rdseed adx smap clflushopt intel_pt xsaveopt xsavec xgetbv1 xsaves dtherm ida arat pln pts hwp hwp_notify hwp_act_window hwp_epp md_clear flush_l1d arch_capabilities

Online cpus: 0-11
Offline cpus: 
BIOS frequency limitation: <Not Available>
Frequency switch latency (ns): 0
Available cpu frequencies: <Not Available>
Current governor: powersave
Core performance/turbo boost: <Not Available>

Memory: 4k page, physical 16235992k(734692k free), swap 2097148k(2035648k free)
Page Sizes: 4k

vm_info: OpenJDK 64-Bit Server VM (17.0.1+12) for linux-amd64 JRE (17.0.1+12), built on Oct 20 2021 12:00:24 by "" with gcc 7.5.0

END.
