#
# A fatal error has been detected by the Java Runtime Environment:
#
#  SIGSEGV (0xb) at pc=0x00007fb43ddf670c, pid=201442, tid=201474
#
# JRE version: OpenJDK Runtime Environment Temurin-17.0.1+12 (17.0.1+12) (build 17.0.1+12)
# Java VM: OpenJDK 64-Bit Server VM Temurin-17.0.1+12 (17.0.1+12, mixed mode, tiered, compressed oops, compressed class ptrs, parallel gc, linux-amd64)
# Problematic frame:
# V  [libjvm.so+0xcb670c]  oopDesc* PSPromotionManager::copy_unmarked_to_survivor_space<false>(oopDesc*, markWord)+0xdc
#
# Core dump will be written. Default location: Core dumps may be processed with "/usr/share/apport/apport %p %s %c %d %P %E" (or dumping to /home/artur/Desktop/3ano/IES/medical-management-system/Project/core.201442)
#
# If you would like to submit a bug report, please visit:
#   https://github.com/adoptium/adoptium-support/issues
#

---------------  S U M M A R Y ------------

Command Line: --add-modules=ALL-SYSTEM --add-opens=java.base/java.util=ALL-UNNAMED --add-opens=java.base/java.lang=ALL-UNNAMED -Declipse.application=org.eclipse.jdt.ls.core.id1 -Dosgi.bundles.defaultStartLevel=4 -Declipse.product=org.eclipse.jdt.ls.core.product -Djava.import.generatesMetadataFilesAtProjectRoot=false -Dfile.encoding=utf8 -XX:+UseParallelGC -XX:GCTimeRatio=4 -XX:AdaptiveSizePolicyWeight=90 -Dsun.zip.disableMemoryMapping=true -Xmx2G -Xms100m -XX:+HeapDumpOnOutOfMemoryError -XX:HeapDumpPath=/home/artur/.config/Code/User/workspaceStorage/68e882bbe0e19ee7d9ce481bef1e990f/redhat.java /home/artur/.vscode/extensions/redhat.java-1.2.0/server/plugins/org.eclipse.equinox.launcher_1.6.400.v20210924-0641.jar -configuration /home/artur/.config/Code/User/globalStorage/redhat.java/1.2.0/config_linux -data /home/artur/.config/Code/User/workspaceStorage/68e882bbe0e19ee7d9ce481bef1e990f/redhat.java/jdt_ws

Host: Intel(R) Core(TM) i7-9750H CPU @ 2.60GHz, 12 cores, 15G, Ubuntu 20.04.3 LTS
Time: Thu Jan 13 00:34:39 2022 WET elapsed time: 5.464776 seconds (0d 0h 0m 5s)

---------------  T H R E A D  ---------------

Current thread (0x00007fb414003630):  GCTaskThread "GC Thread#7" [stack: 0x00007fb4182db000,0x00007fb4183db000] [id=201474]

Stack: [0x00007fb4182db000,0x00007fb4183db000],  sp=0x00007fb4183d9c00,  free space=1019k
Native frames: (J=compiled Java code, j=interpreted, Vv=VM code, C=native code)
V  [libjvm.so+0xcb670c]  oopDesc* PSPromotionManager::copy_unmarked_to_survivor_space<false>(oopDesc*, markWord)+0xdc
V  [libjvm.so+0xcb98a0]  steal_work(TaskTerminator&, unsigned int)+0x630
V  [libjvm.so+0xcbb72e]  ScavengeRootsTask::work(unsigned int)+0x46e
V  [libjvm.so+0xfab56c]  GangWorker::loop()+0x5c
V  [libjvm.so+0xfab5be]
V  [libjvm.so+0xf01b62]  Thread::call_run()+0xe2
V  [libjvm.so+0xc3ccd1]  thread_native_entry(Thread*)+0xe1


siginfo: si_signo: 11 (SIGSEGV), si_code: 1 (SEGV_MAPERR), si_addr: 0x0000000000000100

Register to memory mapping:

RAX=0x0 is NULL
RBX=0x0 is NULL
RCX=0x0000000000000003 is an unknown value
RDX=0x0000000000000001 is an unknown value
RSP=0x00007fb4183d9c00 points into unknown readable memory: 0x00007fb4183d9c80 | 80 9c 3d 18 b4 7f 00 00
RBP=0x00007fb4183d9c80 points into unknown readable memory: 0x00007fb4183d9ce0 | e0 9c 3d 18 b4 7f 00 00
RSI=0x00000000d62281c0 points into unknown readable memory: 0x0000000000000009 | 09 00 00 00 00 00 00 00
RDI=0x0000000100040b50 is pointing into metadata
R8 =0x00007fb43e6db310: <offset 0x000000000159b310> in /home/artur/.vscode/extensions/redhat.java-1.2.0/jre/17.0.1-linux-x86_64/lib/server/libjvm.so at 0x00007fb43d140000
R9 =0x0000000085df8748 is pointing into object: [Ljava.lang.Object; 
{0x0000000085de3c48} - klass: 'java/lang/Object'[]
 - length: 98308
R10=0x0 is NULL
R11=0x00007fb438211760 points into unknown readable memory: 0x000063f600019693 | 93 96 01 00 f6 63 00 00
R12=0x00007fb438213680 points into unknown readable memory: 0x00007fb43e6d2408 | 08 24 6d 3e b4 7f 00 00
R13=0x00000000d62281c0 points into unknown readable memory: 0x0000000000000009 | 09 00 00 00 00 00 00 00
R14=0x0000000000000038 is an unknown value
R15=0x0000000085df8749 is pointing into object: [Ljava.lang.Object; 
{0x0000000085de3c48} - klass: 'java/lang/Object'[]
 - length: 98308


Registers:
RAX=0x0000000000000000, RBX=0x0000000000000000, RCX=0x0000000000000003, RDX=0x0000000000000001
RSP=0x00007fb4183d9c00, RBP=0x00007fb4183d9c80, RSI=0x00000000d62281c0, RDI=0x0000000100040b50
R8 =0x00007fb43e6db310, R9 =0x0000000085df8748, R10=0x0000000000000000, R11=0x00007fb438211760
R12=0x00007fb438213680, R13=0x00000000d62281c0, R14=0x0000000000000038, R15=0x0000000085df8749
RIP=0x00007fb43ddf670c, EFLAGS=0x0000000000010246, CSGSFS=0x002b000000000033, ERR=0x0000000000000004
  TRAPNO=0x000000000000000e

Top of Stack: (sp=0x00007fb4183d9c00)
0x00007fb4183d9c00:   00007fb4183d9c80 0000000000000018
0x00007fb4183d9c10:   00007fb43e73d8c0 0000000100000007
0x00007fb4183d9c20:   0000000000000003 0000000000000009
0x00007fb4183d9c30:   00007fb43e6334a0 00007fb4380a9910 

Instructions: (pc=0x00007fb43ddf670c)
0x00007fb43ddf660c:   ff 31 d2 45 31 ed e9 aa fb ff ff 31 d2 45 31 ed
0x00007fb43ddf661c:   e9 c0 fe ff ff 66 2e 0f 1f 84 00 00 00 00 00 0f
0x00007fb43ddf662c:   1f 44 00 00 55 48 89 e5 41 57 41 56 41 55 41 54
0x00007fb43ddf663c:   49 89 f5 53 49 89 fc 48 83 ec 58 48 8d 05 9f b9
0x00007fb43ddf664c:   92 00 48 89 55 a8 0f b6 10 84 d2 0f 85 53 05 00
0x00007fb43ddf665c:   00 48 8b 7e 08 8b 5f 08 83 fb 00 0f 8e 93 00 00
0x00007fb43ddf666c:   00 f6 c3 01 0f 85 90 00 00 00 c1 fb 03 48 8b 55
0x00007fb43ddf667c:   a8 48 63 c3 48 89 45 a0 49 89 d6 49 c1 ee 03 44
0x00007fb43ddf668c:   89 f0 83 e0 0f 83 e2 01 89 45 9c 0f 84 33 05 00
0x00007fb43ddf669c:   00 48 8d 05 14 73 94 00 8b 4d 9c 3b 08 0f 83 41
0x00007fb43ddf66ac:   02 00 00 4d 8b 74 24 08 49 8b 44 24 18 4c 29 f0
0x00007fb43ddf66bc:   48 c1 e8 03 48 39 45 a0 0f 87 46 01 00 00 48 63
0x00007fb43ddf66cc:   c3 45 31 ff 4d 85 f6 49 8d 04 c6 49 89 44 24 08
0x00007fb43ddf66dc:   0f 84 2e 01 00 00 83 fb 08 77 39 48 8d 15 1a 6a
0x00007fb43ddf66ec:   3e 00 89 db 48 63 04 9a 48 01 d0 ff e0 0f 1f 80
0x00007fb43ddf66fc:   00 00 00 00 0f 85 8a 05 00 00 48 8b 07 4c 89 ee
0x00007fb43ddf670c:   ff 90 00 01 00 00 89 c3 e9 60 ff ff ff 0f 1f 80
0x00007fb43ddf671c:   00 00 00 00 48 8b 45 a0 4c 89 ee 4c 89 f7 48 8d
0x00007fb43ddf672c:   14 c5 00 00 00 00 e8 81 a5 59 ff 66 0f 1f 84 00
0x00007fb43ddf673c:   00 00 00 00 48 8b 55 a8 4c 89 f3 48 83 cb 03 48
0x00007fb43ddf674c:   89 d0 f0 49 0f b1 5d 00 48 39 c2 0f 84 a3 02 00
0x00007fb43ddf675c:   00 48 8d 15 14 b7 92 00 80 3a 00 74 10 48 89 c2
0x00007fb43ddf676c:   83 e2 07 48 83 fa 05 0f 84 87 02 00 00 48 83 e0
0x00007fb43ddf677c:   fc 48 89 c3 0f 84 7a 02 00 00 45 84 ff 0f 84 d9
0x00007fb43ddf678c:   04 00 00 48 8b 55 a0 49 8d 7c 24 28 4c 89 f6 e8
0x00007fb43ddf679c:   00 e4 ff ff 84 c0 0f 85 d7 04 00 00 48 8b 75 a0
0x00007fb43ddf67ac:   4c 89 f7 ba 01 00 00 00 49 89 de e8 94 cf 90 ff
0x00007fb43ddf67bc:   e9 e5 02 00 00 0f 1f 80 00 00 00 00 49 8b 45 38
0x00007fb43ddf67cc:   49 89 46 38 49 8b 45 30 49 89 46 30 49 8b 45 28
0x00007fb43ddf67dc:   49 89 46 28 49 8b 45 20 49 89 46 20 49 8b 45 18
0x00007fb43ddf67ec:   49 89 46 18 49 8b 45 10 49 89 46 10 49 8b 45 08
0x00007fb43ddf67fc:   49 89 46 08 49 8b 45 00 49 89 06 e9 34 ff ff ff 


Stack slot to memory mapping:
stack at sp + 0 slots: 0x00007fb4183d9c80 points into unknown readable memory: 0x00007fb4183d9ce0 | e0 9c 3d 18 b4 7f 00 00
stack at sp + 1 slots: 0x0000000000000018 is an unknown value
stack at sp + 2 slots: 0x00007fb43e73d8c0: <offset 0x00000000015fd8c0> in /home/artur/.vscode/extensions/redhat.java-1.2.0/jre/17.0.1-linux-x86_64/lib/server/libjvm.so at 0x00007fb43d140000
stack at sp + 3 slots: 0x0000000100000007 is pointing into metadata
stack at sp + 4 slots: 0x0000000000000003 is an unknown value
stack at sp + 5 slots: 0x0000000000000009 is an unknown value
stack at sp + 6 slots: 0x00007fb43e6334a0: <offset 0x00000000014f34a0> in /home/artur/.vscode/extensions/redhat.java-1.2.0/jre/17.0.1-linux-x86_64/lib/server/libjvm.so at 0x00007fb43d140000
stack at sp + 7 slots: 0x00007fb4380a9910 points into unknown readable memory: 0x00007fb43e633ad8 | d8 3a 63 3e b4 7f 00 00


---------------  P R O C E S S  ---------------

Threads class SMR info:
_java_thread_list=0x00007fb358007d10, length=40, elements={
0x00007fb438026160, 0x00007fb438227a60, 0x00007fb438228fd0, 0x00007fb438251580,
0x00007fb438254e90, 0x00007fb438255de0, 0x00007fb438257430, 0x00007fb4382588e0,
0x00007fb438261d10, 0x00007fb4382d70a0, 0x00007fb43832a780, 0x00007fb4000fe1e0,
0x00007fb4384672d0, 0x00007fb4385a0df0, 0x00007fb4385f43e0, 0x00007fb4385f96f0,
0x00007fb3d802fe60, 0x00007fb3d80b28c0, 0x00007fb3d8264da0, 0x00007fb3d83105e0,
0x00007fb3a4000f50, 0x00007fb3d8553550, 0x00007fb3a8000f50, 0x00007fb3f42f3670,
0x00007fb43860f1f0, 0x00007fb3a428f6e0, 0x00007fb4386d1080, 0x00007fb3a8002140,
0x00007fb380028770, 0x00007fb37c150220, 0x00007fb37c151010, 0x00007fb37c15a4c0,
0x00007fb37c15aca0, 0x00007fb360005430, 0x00007fb344084ca0, 0x00007fb37c15b7d0,
0x00007fb3580067f0, 0x00007fb33c00fe30, 0x00007fb360002460, 0x00007fb358007350
}

Java Threads: ( => current thread )
  0x00007fb438026160 JavaThread "main" [_thread_blocked, id=201443, stack(0x00007fb43cee5000,0x00007fb43cfe6000)]
  0x00007fb438227a60 JavaThread "Reference Handler" daemon [_thread_blocked, id=201446, stack(0x00007fb41b0f0000,0x00007fb41b1f1000)]
  0x00007fb438228fd0 JavaThread "Finalizer" daemon [_thread_blocked, id=201447, stack(0x00007fb41afef000,0x00007fb41b0f0000)]
  0x00007fb438251580 JavaThread "Signal Dispatcher" daemon [_thread_blocked, id=201448, stack(0x00007fb41a97d000,0x00007fb41aa7e000)]
  0x00007fb438254e90 JavaThread "Service Thread" daemon [_thread_blocked, id=201449, stack(0x00007fb41a87c000,0x00007fb41a97d000)]
  0x00007fb438255de0 JavaThread "Monitor Deflation Thread" daemon [_thread_blocked, id=201450, stack(0x00007fb41a77b000,0x00007fb41a87c000)]
  0x00007fb438257430 JavaThread "C2 CompilerThread0" daemon [_thread_in_native, id=201451, stack(0x00007fb41a67a000,0x00007fb41a77b000)]
  0x00007fb4382588e0 JavaThread "C1 CompilerThread0" daemon [_thread_blocked, id=201452, stack(0x00007fb41a579000,0x00007fb41a67a000)]
  0x00007fb438261d10 JavaThread "Sweeper thread" daemon [_thread_blocked, id=201453, stack(0x00007fb41a478000,0x00007fb41a579000)]
  0x00007fb4382d70a0 JavaThread "Common-Cleaner" daemon [_thread_blocked, id=201454, stack(0x00007fb41a377000,0x00007fb41a478000)]
  0x00007fb43832a780 JavaThread "Notification Thread" daemon [_thread_blocked, id=201455, stack(0x00007fb41a276000,0x00007fb41a377000)]
  0x00007fb4000fe1e0 JavaThread "C2 CompilerThread1" daemon [_thread_blocked, id=201457, stack(0x00007fb419c4a000,0x00007fb419d4b000)]
  0x00007fb4384672d0 JavaThread "process reaper" daemon [_thread_blocked, id=201459, stack(0x00007fb43c036000,0x00007fb43c058000)]
  0x00007fb4385a0df0 JavaThread "Active Thread: Equinox Container: a3ae20c8-689e-495c-9864-7b95ca4bf9fc" [_thread_blocked, id=201460, stack(0x00007fb4192ff000,0x00007fb419400000)]
  0x00007fb4385f43e0 JavaThread "Framework Event Dispatcher: Equinox Container: a3ae20c8-689e-495c-9864-7b95ca4bf9fc" daemon [_thread_blocked, id=201461, stack(0x00007fb4191fe000,0x00007fb4192ff000)]
  0x00007fb4385f96f0 JavaThread "Start Level: Equinox Container: a3ae20c8-689e-495c-9864-7b95ca4bf9fc" daemon [_thread_blocked, id=201462, stack(0x00007fb4190fd000,0x00007fb4191fe000)]
  0x00007fb3d802fe60 JavaThread "SCR Component Actor" daemon [_thread_blocked, id=201469, stack(0x00007fb4187df000,0x00007fb4188e0000)]
  0x00007fb3d80b28c0 JavaThread "Timer-0" [_thread_blocked, id=201470, stack(0x00007fb4186de000,0x00007fb4187df000)]
  0x00007fb3d8264da0 JavaThread "Worker-JM" [_thread_blocked, id=201471, stack(0x00007fb4185dd000,0x00007fb4186de000)]
  0x00007fb3d83105e0 JavaThread "Worker-0" [_thread_blocked, id=201472, stack(0x00007fb4184dc000,0x00007fb4185dd000)]
  0x00007fb3a4000f50 JavaThread "Worker-1" [_thread_blocked, id=201473, stack(0x00007fb4183db000,0x00007fb4184dc000)]
  0x00007fb3d8553550 JavaThread "Java indexing" daemon [_thread_blocked, id=201477, stack(0x00007fb3b36ff000,0x00007fb3b3800000)]
  0x00007fb3a8000f50 JavaThread "Worker-2" [_thread_blocked, id=201478, stack(0x00007fb3b35fe000,0x00007fb3b36ff000)]
  0x00007fb3f42f3670 JavaThread "C2 CompilerThread2" daemon [_thread_blocked, id=201483, stack(0x00007fb3b34fd000,0x00007fb3b35fe000)]
  0x00007fb43860f1f0 JavaThread "pool-3-thread-1" [_thread_blocked, id=201490, stack(0x00007fb3b28f0000,0x00007fb3b29f1000)]
  0x00007fb3a428f6e0 JavaThread "Bundle File Closer" daemon [_thread_blocked, id=201491, stack(0x00007fb3b27ef000,0x00007fb3b28f0000)]
  0x00007fb4386d1080 JavaThread "pool-2-thread-1" [_thread_in_native, id=201492, stack(0x00007fb3b26ee000,0x00007fb3b27ef000)]
  0x00007fb3a8002140 JavaThread "Worker-3" [_thread_blocked, id=201511, stack(0x00007fb3b25ed000,0x00007fb3b26ee000)]
  0x00007fb380028770 JavaThread "Worker-4" [_thread_blocked, id=201528, stack(0x00007fb373272000,0x00007fb373373000)]
  0x00007fb37c150220 JavaThread "ForkJoinPool.commonPool-worker-1" daemon [_thread_blocked, id=201534, stack(0x00007fb373575000,0x00007fb373676000)]
  0x00007fb37c151010 JavaThread "ForkJoinPool.commonPool-worker-2" daemon [_thread_blocked, id=201535, stack(0x00007fb3b02ff000,0x00007fb3b0400000)]
  0x00007fb37c15a4c0 JavaThread "ForkJoinPool.commonPool-worker-3" daemon [_thread_blocked, id=201536, stack(0x00007fb373373000,0x00007fb373474000)]
  0x00007fb37c15aca0 JavaThread "ForkJoinPool.commonPool-worker-4" daemon [_thread_blocked, id=201537, stack(0x00007fb3b00fd000,0x00007fb3b01fe000)]
  0x00007fb360005430 JavaThread "ForkJoinPool.commonPool-worker-5" daemon [_thread_blocked, id=201538, stack(0x00007fb3b24ec000,0x00007fb3b25ed000)]
  0x00007fb344084ca0 JavaThread "ForkJoinPool.commonPool-worker-6" daemon [_thread_blocked, id=201539, stack(0x00007fb373676000,0x00007fb373777000)]
  0x00007fb37c15b7d0 JavaThread "ForkJoinPool.commonPool-worker-7" daemon [_thread_blocked, id=201540, stack(0x00007fb373474000,0x00007fb373575000)]
  0x00007fb3580067f0 JavaThread "ForkJoinPool.commonPool-worker-8" daemon [_thread_blocked, id=201550, stack(0x00007fb3b0df2000,0x00007fb3b0ef3000)]
  0x00007fb33c00fe30 JavaThread "ForkJoinPool.commonPool-worker-9" daemon [_thread_blocked, id=201551, stack(0x00007fb3b01fe000,0x00007fb3b02ff000)]
  0x00007fb360002460 JavaThread "ForkJoinPool.commonPool-worker-10" daemon [_thread_blocked, id=201552, stack(0x00007fb3b0cf1000,0x00007fb3b0df2000)]
  0x00007fb358007350 JavaThread "ForkJoinPool.commonPool-worker-11" daemon [_thread_blocked, id=201553, stack(0x00007fb373777000,0x00007fb373878000)]

Other Threads:
  0x00007fb438217a10 VMThread "VM Thread" [stack: 0x00007fb41b1f3000,0x00007fb41b2f3000] [id=201445]
  0x00007fb438070540 WatcherThread [stack: 0x00007fb41a176000,0x00007fb41a276000] [id=201456]
  0x00007fb43803ce90 GCTaskThread "GC Thread#0" [stack: 0x00007fb43c36e000,0x00007fb43c46e000] [id=201444]
  0x00007fb4140010f0 GCTaskThread "GC Thread#1" [stack: 0x00007fb418ffd000,0x00007fb4190fd000] [id=201463]
  0x00007fb414001af0 GCTaskThread "GC Thread#2" [stack: 0x00007fb418efb000,0x00007fb418ffb000] [id=201464]
  0x00007fb4140024f0 GCTaskThread "GC Thread#3" [stack: 0x00007fb418df9000,0x00007fb418ef9000] [id=201465]
  0x00007fb4140041b0 GCTaskThread "GC Thread#4" [stack: 0x00007fb418cf7000,0x00007fb418df7000] [id=201466]
  0x00007fb414004bb0 GCTaskThread "GC Thread#5" [stack: 0x00007fb418bf5000,0x00007fb418cf5000] [id=201467]
  0x00007fb4140055b0 GCTaskThread "GC Thread#6" [stack: 0x00007fb418af3000,0x00007fb418bf3000] [id=201468]
=>0x00007fb414003630 GCTaskThread "GC Thread#7" [stack: 0x00007fb4182db000,0x00007fb4183db000] [id=201474]
  0x00007fb4140061b0 GCTaskThread "GC Thread#8" [stack: 0x00007fb4181d9000,0x00007fb4182d9000] [id=201475]
  0x00007fb414006760 GCTaskThread "GC Thread#9" [stack: 0x00007fb4180d7000,0x00007fb4181d7000] [id=201476]

Threads with active compile tasks:
C2 CompilerThread0     5468 9448 %s!   4       org.eclipse.jdt.internal.core.index.DiskIndex::readCategoryTable @ 410 (760 bytes)
C2 CompilerThread1     5468 9533       4       org.eclipse.jdt.internal.core.JavaElement::escapeMementoName (200 bytes)
C2 CompilerThread2     5468 8947 %     4       org.eclipse.jdt.internal.compiler.lookup.BinaryTypeBinding::createMethod @ 222 (1687 bytes)

VM state: at safepoint (normal execution)

VM Mutex/Monitor currently owned by a thread:  ([mutex/lock_event])
[0x00007fb438021210] Threads_lock - owner thread: 0x00007fb438217a10
[0x00007fb4380219c0] Heap_lock - owner thread: 0x00007fb37c15b7d0

Heap address: 0x0000000080000000, size: 2048 MB, Compressed Oops mode: 32-bit

CDS archive(s) not mapped
Compressed class space mapped at: 0x0000000100000000-0x0000000140000000, reserved size: 1073741824
Narrow klass base: 0x0000000000000000, Narrow klass shift: 3, Narrow klass range: 0x140000000

GC Precious Log:
 CPUs: 12 total, 12 available
 Memory: 15855M
 Large Page Support: Disabled
 NUMA Support: Disabled
 Compressed Oops: Enabled (32-bit)
 Alignments: Space 512K, Generation 512K, Heap 2M
 Heap Min Capacity: 100M
 Heap Initial Capacity: 100M
 Heap Max Capacity: 2G
 Pre-touch: Disabled
 Parallel Workers: 10

Heap:
 PSYoungGen      total 9728K, used 9312K [0x00000000d5580000, 0x00000000d6400000, 0x0000000100000000)
  eden space 5120K, 100% used [0x00000000d5580000,0x00000000d5a80000,0x00000000d5a80000)
  from space 4608K, 90% used [0x00000000d5f80000,0x00000000d6398000,0x00000000d6400000)
  to   space 4608K, 67% used [0x00000000d5b00000,0x00000000d5e0d240,0x00000000d5f80000)
 ParOldGen       total 1398272K, used 712080K [0x0000000080000000, 0x00000000d5580000, 0x00000000d5580000)
  object space 1398272K, 50% used [0x0000000080000000,0x00000000ab7643b0,0x00000000d5580000)
 Metaspace       used 70144K, committed 71168K, reserved 1114112K
  class space    used 7402K, committed 7872K, reserved 1048576K

Card table byte_map: [0x00007fb43c46e000,0x00007fb43c86f000] _byte_map_base: 0x00007fb43c06e000

Marking Bits: (ParMarkBitMap*) 0x00007fb43e73d460
 Begin Bits: [0x00007fb41c000000, 0x00007fb41e000000)
 End Bits:   [0x00007fb41e000000, 0x00007fb420000000)

Polling page: 0x00007fb43ebc9000

Metaspace:

Usage:
  Non-class:     61,27 MB used.
      Class:      7,23 MB used.
       Both:     68,50 MB used.

Virtual space:
  Non-class space:       64,00 MB reserved,      61,81 MB ( 97%) committed,  8 nodes.
      Class space:        1,00 GB reserved,       7,69 MB ( <1%) committed,  1 nodes.
             Both:        1,06 GB reserved,      69,50 MB (  6%) committed. 

Chunk freelists:
   Non-Class:  1,91 MB
       Class:  239,00 KB
        Both:  2,14 MB

MaxMetaspaceSize: unlimited
CompressedClassSpaceSize: 1,00 GB
Initial GC threshold: 21,00 MB
Current GC threshold: 115,56 MB
CDS: off
MetaspaceReclaimPolicy: balanced
 - commit_granule_bytes: 65536.
 - commit_granule_words: 8192.
 - virtual_space_node_default_size: 1048576.
 - enlarge_chunks_in_place: 1.
 - new_chunks_are_fully_committed: 0.
 - uncommit_free_chunks: 1.
 - use_allocation_guard: 0.
 - handle_deallocations: 1.


Internal statistics:

num_allocs_failed_limit: 9.
num_arena_births: 478.
num_arena_deaths: 0.
num_vsnodes_births: 9.
num_vsnodes_deaths: 0.
num_space_committed: 1112.
num_space_uncommitted: 0.
num_chunks_returned_to_freelist: 9.
num_chunks_taken_from_freelist: 3223.
num_chunk_merges: 9.
num_chunk_splits: 2097.
num_chunks_enlarged: 1307.
num_purges: 0.
num_inconsistent_stats: 0.

CodeHeap 'non-profiled nmethods': size=120028Kb used=4020Kb max_used=4301Kb free=116007Kb
 bounds [0x00007fb42decc000, 0x00007fb42e31c000, 0x00007fb435403000]
CodeHeap 'profiled nmethods': size=120028Kb used=16753Kb max_used=17261Kb free=103274Kb
 bounds [0x00007fb426995000, 0x00007fb427a75000, 0x00007fb42decc000]
CodeHeap 'non-nmethods': size=5704Kb used=1349Kb max_used=1499Kb free=4354Kb
 bounds [0x00007fb426403000, 0x00007fb426673000, 0x00007fb426995000]
 total_blobs=8869 nmethods=8172 adapters=610
 compilation: enabled
              stopped_count=0, restarted_count=0
 full_count=0

Compilation events (20 events):
Event: 5,437 Thread 0x00007fb4382588e0 9587       2       org.eclipse.jdt.core.dom.StructuralPropertyDescriptor::isChildProperty (5 bytes)
Event: 5,437 Thread 0x00007fb4382588e0 nmethod 9587 0x00007fb427443f10 code [0x00007fb4274440a0, 0x00007fb4274441d0]
Event: 5,437 Thread 0x00007fb4382588e0 9588       2       org.eclipse.jdt.internal.core.dom.rewrite.ASTRewriteAnalyzer::voidVisit (45 bytes)
Event: 5,438 Thread 0x00007fb4382588e0 nmethod 9588 0x00007fb427443390 code [0x00007fb4274435e0, 0x00007fb427443b70]
Event: 5,438 Thread 0x00007fb4382588e0 9584       2       org.eclipse.jdt.internal.core.dom.rewrite.RewriteEventStore::getTrackedNodeData (23 bytes)
Event: 5,438 Thread 0x00007fb4382588e0 nmethod 9584 0x00007fb427442f90 code [0x00007fb427443140, 0x00007fb4274432e0]
Event: 5,438 Thread 0x00007fb4382588e0 9590       2       org.eclipse.jdt.core.dom.StructuralPropertyDescriptor::isChildListProperty (5 bytes)
Event: 5,438 Thread 0x00007fb4382588e0 nmethod 9590 0x00007fb427442c10 code [0x00007fb427442da0, 0x00007fb427442ed0]
Event: 5,438 Thread 0x00007fb4382588e0 9585  s    2       java.util.Vector::isEmpty (13 bytes)
Event: 5,439 Thread 0x00007fb4382588e0 nmethod 9585 0x00007fb427442810 code [0x00007fb4274429a0, 0x00007fb427442b50]
Event: 5,439 Thread 0x00007fb4382588e0 9591       1       org.eclipse.jdt.core.dom.rewrite.TargetSourceRangeComputer$SourceRange::getStartPosition (5 bytes)
Event: 5,439 Thread 0x00007fb4382588e0 nmethod 9591 0x00007fb42e13d510 code [0x00007fb42e13d6a0, 0x00007fb42e13d770]
Event: 5,439 Thread 0x00007fb4382588e0 9589       2       org.eclipse.jdt.core.dom.StringLiteral::accept0 (12 bytes)
Event: 5,439 Thread 0x00007fb4382588e0 nmethod 9589 0x00007fb427442410 code [0x00007fb4274425c0, 0x00007fb427442730]
Event: 5,439 Thread 0x00007fb4382588e0 9592       1       org.eclipse.jdt.core.dom.rewrite.TargetSourceRangeComputer$SourceRange::getLength (5 bytes)
Event: 5,439 Thread 0x00007fb4382588e0 nmethod 9592 0x00007fb42e13d210 code [0x00007fb42e13d3a0, 0x00007fb42e13d470]
Event: 5,439 Thread 0x00007fb4382588e0 9581       1       org.eclipse.jdt.internal.compiler.lookup.TypeBinding::isBoundParameterizedType (2 bytes)
Event: 5,439 Thread 0x00007fb4382588e0 nmethod 9581 0x00007fb42e13cf10 code [0x00007fb42e13d0a0, 0x00007fb42e13d170]
Event: 5,439 Thread 0x00007fb4382588e0 9593 %     3       org.eclipse.jdt.internal.compiler.util.SimpleSet::rehash @ 23 (72 bytes)
Event: 5,440 Thread 0x00007fb4382588e0 nmethod 9593% 0x00007fb427441c90 code [0x00007fb427441e60, 0x00007fb427442210]

GC Heap History (20 events):
Event: 5,339 GC heap after
{Heap after GC invocations=136 (full 7):
 PSYoungGen      total 2560K, used 992K [0x00000000d5580000, 0x00000000d5b00000, 0x0000000100000000)
  eden space 1536K, 0% used [0x00000000d5580000,0x00000000d5580000,0x00000000d5700000)
  from space 1024K, 96% used [0x00000000d5700000,0x00000000d57f80c8,0x00000000d5800000)
  to   space 2048K, 0% used [0x00000000d5900000,0x00000000d5900000,0x00000000d5b00000)
 ParOldGen       total 110080K, used 83767K [0x0000000080000000, 0x0000000086b80000, 0x00000000d5580000)
  object space 110080K, 76% used [0x0000000080000000,0x00000000851cde38,0x0000000086b80000)
 Metaspace       used 70103K, committed 71104K, reserved 1114112K
  class space    used 7402K, committed 7872K, reserved 1048576K
}
Event: 5,342 GC heap before
{Heap before GC invocations=137 (full 7):
 PSYoungGen      total 2560K, used 2464K [0x00000000d5580000, 0x00000000d5b00000, 0x0000000100000000)
  eden space 1536K, 95% used [0x00000000d5580000,0x00000000d56f01a8,0x00000000d5700000)
  from space 1024K, 96% used [0x00000000d5700000,0x00000000d57f80c8,0x00000000d5800000)
  to   space 2048K, 0% used [0x00000000d5900000,0x00000000d5900000,0x00000000d5b00000)
 ParOldGen       total 110080K, used 83767K [0x0000000080000000, 0x0000000086b80000, 0x00000000d5580000)
  object space 110080K, 76% used [0x0000000080000000,0x00000000851cde38,0x0000000086b80000)
 Metaspace       used 70105K, committed 71104K, reserved 1114112K
  class space    used 7402K, committed 7872K, reserved 1048576K
}
Event: 5,345 GC heap after
{Heap after GC invocations=137 (full 7):
 PSYoungGen      total 3584K, used 1373K [0x00000000d5580000, 0x00000000d5a80000, 0x0000000100000000)
  eden space 2048K, 0% used [0x00000000d5580000,0x00000000d5580000,0x00000000d5780000)
  from space 1536K, 89% used [0x00000000d5900000,0x00000000d5a57778,0x00000000d5a80000)
  to   space 1536K, 0% used [0x00000000d5780000,0x00000000d5780000,0x00000000d5900000)
 ParOldGen       total 110080K, used 84659K [0x0000000080000000, 0x0000000086b80000, 0x00000000d5580000)
  object space 110080K, 76% used [0x0000000080000000,0x00000000852acd08,0x0000000086b80000)
 Metaspace       used 70105K, committed 71104K, reserved 1114112K
  class space    used 7402K, committed 7872K, reserved 1048576K
}
Event: 5,348 GC heap before
{Heap before GC invocations=138 (full 7):
 PSYoungGen      total 3584K, used 3421K [0x00000000d5580000, 0x00000000d5a80000, 0x0000000100000000)
  eden space 2048K, 100% used [0x00000000d5580000,0x00000000d5780000,0x00000000d5780000)
  from space 1536K, 89% used [0x00000000d5900000,0x00000000d5a57778,0x00000000d5a80000)
  to   space 1536K, 0% used [0x00000000d5780000,0x00000000d5780000,0x00000000d5900000)
 ParOldGen       total 110080K, used 84659K [0x0000000080000000, 0x0000000086b80000, 0x00000000d5580000)
  object space 110080K, 76% used [0x0000000080000000,0x00000000852acd08,0x0000000086b80000)
 Metaspace       used 70109K, committed 71104K, reserved 1114112K
  class space    used 7402K, committed 7872K, reserved 1048576K
}
Event: 5,350 GC heap after
{Heap after GC invocations=138 (full 7):
 PSYoungGen      total 3584K, used 1527K [0x00000000d5580000, 0x00000000d5f00000, 0x0000000100000000)
  eden space 2048K, 0% used [0x00000000d5580000,0x00000000d5580000,0x00000000d5780000)
  from space 1536K, 99% used [0x00000000d5780000,0x00000000d58fde80,0x00000000d5900000)
  to   space 3584K, 0% used [0x00000000d5b80000,0x00000000d5b80000,0x00000000d5f00000)
 ParOldGen       total 110080K, used 86259K [0x0000000080000000, 0x0000000086b80000, 0x00000000d5580000)
  object space 110080K, 78% used [0x0000000080000000,0x000000008543cdd0,0x0000000086b80000)
 Metaspace       used 70109K, committed 71104K, reserved 1114112K
  class space    used 7402K, committed 7872K, reserved 1048576K
}
Event: 5,355 GC heap before
{Heap before GC invocations=139 (full 7):
 PSYoungGen      total 3584K, used 3542K [0x00000000d5580000, 0x00000000d5f00000, 0x0000000100000000)
  eden space 2048K, 98% used [0x00000000d5580000,0x00000000d5777bd0,0x00000000d5780000)
  from space 1536K, 99% used [0x00000000d5780000,0x00000000d58fde80,0x00000000d5900000)
  to   space 3584K, 0% used [0x00000000d5b80000,0x00000000d5b80000,0x00000000d5f00000)
 ParOldGen       total 110080K, used 86259K [0x0000000080000000, 0x0000000086b80000, 0x00000000d5580000)
  object space 110080K, 78% used [0x0000000080000000,0x000000008543cdd0,0x0000000086b80000)
 Metaspace       used 70115K, committed 71104K, reserved 1114112K
  class space    used 7402K, committed 7872K, reserved 1048576K
}
Event: 5,358 GC heap after
{Heap after GC invocations=139 (full 7):
 PSYoungGen      total 4608K, used 1650K [0x00000000d5580000, 0x00000000d5d80000, 0x0000000100000000)
  eden space 2560K, 0% used [0x00000000d5580000,0x00000000d5580000,0x00000000d5800000)
  from space 2048K, 80% used [0x00000000d5b80000,0x00000000d5d1ca00,0x00000000d5d80000)
  to   space 2560K, 0% used [0x00000000d5880000,0x00000000d5880000,0x00000000d5b00000)
 ParOldGen       total 110080K, used 87803K [0x0000000080000000, 0x0000000086b80000, 0x00000000d5580000)
  object space 110080K, 79% used [0x0000000080000000,0x00000000855bef28,0x0000000086b80000)
 Metaspace       used 70115K, committed 71104K, reserved 1114112K
  class space    used 7402K, committed 7872K, reserved 1048576K
}
Event: 5,364 GC heap before
{Heap before GC invocations=140 (full 7):
 PSYoungGen      total 4608K, used 4210K [0x00000000d5580000, 0x00000000d5d80000, 0x0000000100000000)
  eden space 2560K, 100% used [0x00000000d5580000,0x00000000d5800000,0x00000000d5800000)
  from space 2048K, 80% used [0x00000000d5b80000,0x00000000d5d1ca00,0x00000000d5d80000)
  to   space 2560K, 0% used [0x00000000d5880000,0x00000000d5880000,0x00000000d5b00000)
 ParOldGen       total 110080K, used 87803K [0x0000000080000000, 0x0000000086b80000, 0x00000000d5580000)
  object space 110080K, 79% used [0x0000000080000000,0x00000000855bef28,0x0000000086b80000)
 Metaspace       used 70117K, committed 71104K, reserved 1114112K
  class space    used 7402K, committed 7872K, reserved 1048576K
}
Event: 5,366 GC heap after
{Heap after GC invocations=140 (full 7):
 PSYoungGen      total 5120K, used 1803K [0x00000000d5580000, 0x00000000d5c80000, 0x0000000100000000)
  eden space 3072K, 0% used [0x00000000d5580000,0x00000000d5580000,0x00000000d5880000)
  from space 2048K, 88% used [0x00000000d5880000,0x00000000d5a42e30,0x00000000d5a80000)
  to   space 2048K, 0% used [0x00000000d5a80000,0x00000000d5a80000,0x00000000d5c80000)
 ParOldGen       total 110080K, used 89340K [0x0000000080000000, 0x0000000086b80000, 0x00000000d5580000)
  object space 110080K, 81% used [0x0000000080000000,0x000000008573f0f8,0x0000000086b80000)
 Metaspace       used 70117K, committed 71104K, reserved 1114112K
  class space    used 7402K, committed 7872K, reserved 1048576K
}
Event: 5,375 GC heap before
{Heap before GC invocations=141 (full 7):
 PSYoungGen      total 5120K, used 4780K [0x00000000d5580000, 0x00000000d5c80000, 0x0000000100000000)
  eden space 3072K, 96% used [0x00000000d5580000,0x00000000d5868260,0x00000000d5880000)
  from space 2048K, 88% used [0x00000000d5880000,0x00000000d5a42e30,0x00000000d5a80000)
  to   space 2048K, 0% used [0x00000000d5a80000,0x00000000d5a80000,0x00000000d5c80000)
 ParOldGen       total 110080K, used 89340K [0x0000000080000000, 0x0000000086b80000, 0x00000000d5580000)
  object space 110080K, 81% used [0x0000000080000000,0x000000008573f0f8,0x0000000086b80000)
 Metaspace       used 70122K, committed 71104K, reserved 1114112K
  class space    used 7402K, committed 7872K, reserved 1048576K
}
Event: 5,376 GC heap after
{Heap after GC invocations=141 (full 7):
 PSYoungGen      total 5120K, used 1969K [0x00000000d5580000, 0x00000000d5d80000, 0x0000000100000000)
  eden space 3072K, 0% used [0x00000000d5580000,0x00000000d5580000,0x00000000d5880000)
  from space 2048K, 96% used [0x00000000d5a80000,0x00000000d5c6c788,0x00000000d5c80000)
  to   space 2048K, 0% used [0x00000000d5880000,0x00000000d5880000,0x00000000d5a80000)
 ParOldGen       total 110080K, used 90997K [0x0000000080000000, 0x0000000086b80000, 0x00000000d5580000)
  object space 110080K, 82% used [0x0000000080000000,0x00000000858dd400,0x0000000086b80000)
 Metaspace       used 70122K, committed 71104K, reserved 1114112K
  class space    used 7402K, committed 7872K, reserved 1048576K
}
Event: 5,381 GC heap before
{Heap before GC invocations=142 (full 7):
 PSYoungGen      total 5120K, used 4612K [0x00000000d5580000, 0x00000000d5d80000, 0x0000000100000000)
  eden space 3072K, 86% used [0x00000000d5580000,0x00000000d5814940,0x00000000d5880000)
  from space 2048K, 96% used [0x00000000d5a80000,0x00000000d5c6c788,0x00000000d5c80000)
  to   space 2048K, 0% used [0x00000000d5880000,0x00000000d5880000,0x00000000d5a80000)
 ParOldGen       total 110080K, used 90997K [0x0000000080000000, 0x0000000086b80000, 0x00000000d5580000)
  object space 110080K, 82% used [0x0000000080000000,0x00000000858dd400,0x0000000086b80000)
 Metaspace       used 70122K, committed 71104K, reserved 1114112K
  class space    used 7402K, committed 7872K, reserved 1048576K
}
Event: 5,382 GC heap after
{Heap after GC invocations=142 (full 7):
 PSYoungGen      total 5120K, used 1186K [0x00000000d5580000, 0x00000000d5c80000, 0x0000000100000000)
  eden space 3072K, 0% used [0x00000000d5580000,0x00000000d5580000,0x00000000d5880000)
  from space 2048K, 57% used [0x00000000d5880000,0x00000000d59a8850,0x00000000d5a80000)
  to   space 1536K, 0% used [0x00000000d5b00000,0x00000000d5b00000,0x00000000d5c80000)
 ParOldGen       total 110080K, used 92758K [0x0000000080000000, 0x0000000086b80000, 0x00000000d5580000)
  object space 110080K, 84% used [0x0000000080000000,0x0000000085a958f0,0x0000000086b80000)
 Metaspace       used 70122K, committed 71104K, reserved 1114112K
  class space    used 7402K, committed 7872K, reserved 1048576K
}
Event: 5,392 GC heap before
{Heap before GC invocations=143 (full 7):
 PSYoungGen      total 5120K, used 4258K [0x00000000d5580000, 0x00000000d5c80000, 0x0000000100000000)
  eden space 3072K, 100% used [0x00000000d5580000,0x00000000d5880000,0x00000000d5880000)
  from space 2048K, 57% used [0x00000000d5880000,0x00000000d59a8850,0x00000000d5a80000)
  to   space 1536K, 0% used [0x00000000d5b00000,0x00000000d5b00000,0x00000000d5c80000)
 ParOldGen       total 110080K, used 92758K [0x0000000080000000, 0x0000000086b80000, 0x00000000d5580000)
  object space 110080K, 84% used [0x0000000080000000,0x0000000085a958f0,0x0000000086b80000)
 Metaspace       used 70128K, committed 71168K, reserved 1114112K
  class space    used 7402K, committed 7872K, reserved 1048576K
}
Event: 5,395 GC heap after
{Heap after GC invocations=143 (full 7):
 PSYoungGen      total 5632K, used 1210K [0x00000000d5580000, 0x00000000d5c80000, 0x0000000100000000)
  eden space 4096K, 0% used [0x00000000d5580000,0x00000000d5580000,0x00000000d5980000)
  from space 1536K, 78% used [0x00000000d5b00000,0x00000000d5c2e910,0x00000000d5c80000)
  to   space 1536K, 0% used [0x00000000d5980000,0x00000000d5980000,0x00000000d5b00000)
 ParOldGen       total 110080K, used 93066K [0x0000000080000000, 0x0000000086b80000, 0x00000000d5580000)
  object space 110080K, 84% used [0x0000000080000000,0x0000000085ae2b10,0x0000000086b80000)
 Metaspace       used 70128K, committed 71168K, reserved 1114112K
  class space    used 7402K, committed 7872K, reserved 1048576K
}
Event: 5,404 GC heap before
{Heap before GC invocations=144 (full 7):
 PSYoungGen      total 5632K, used 5306K [0x00000000d5580000, 0x00000000d5c80000, 0x0000000100000000)
  eden space 4096K, 100% used [0x00000000d5580000,0x00000000d5980000,0x00000000d5980000)
  from space 1536K, 78% used [0x00000000d5b00000,0x00000000d5c2e910,0x00000000d5c80000)
  to   space 1536K, 0% used [0x00000000d5980000,0x00000000d5980000,0x00000000d5b00000)
 ParOldGen       total 110080K, used 93066K [0x0000000080000000, 0x0000000086b80000, 0x00000000d5580000)
  object space 110080K, 84% used [0x0000000080000000,0x0000000085ae2b10,0x0000000086b80000)
 Metaspace       used 70130K, committed 71168K, reserved 1114112K
  class space    used 7402K, committed 7872K, reserved 1048576K
}
Event: 5,407 GC heap after
{Heap after GC invocations=144 (full 7):
 PSYoungGen      total 5632K, used 1504K [0x00000000d5580000, 0x00000000d6480000, 0x0000000100000000)
  eden space 4096K, 0% used [0x00000000d5580000,0x00000000d5580000,0x00000000d5980000)
  from space 1536K, 97% used [0x00000000d5980000,0x00000000d5af8040,0x00000000d5b00000)
  to   space 5120K, 0% used [0x00000000d5f80000,0x00000000d5f80000,0x00000000d6480000)
 ParOldGen       total 110080K, used 96111K [0x0000000080000000, 0x0000000086b80000, 0x00000000d5580000)
  object space 110080K, 87% used [0x0000000080000000,0x0000000085ddbc48,0x0000000086b80000)
 Metaspace       used 70130K, committed 71168K, reserved 1114112K
  class space    used 7402K, committed 7872K, reserved 1048576K
}
Event: 5,415 GC heap before
{Heap before GC invocations=145 (full 7):
 PSYoungGen      total 5632K, used 5600K [0x00000000d5580000, 0x00000000d6480000, 0x0000000100000000)
  eden space 4096K, 100% used [0x00000000d5580000,0x00000000d5980000,0x00000000d5980000)
  from space 1536K, 97% used [0x00000000d5980000,0x00000000d5af8040,0x00000000d5b00000)
  to   space 5120K, 0% used [0x00000000d5f80000,0x00000000d5f80000,0x00000000d6480000)
 ParOldGen       total 110080K, used 96111K [0x0000000080000000, 0x0000000086b80000, 0x00000000d5580000)
  object space 110080K, 87% used [0x0000000080000000,0x0000000085ddbc48,0x0000000086b80000)
 Metaspace       used 70130K, committed 71168K, reserved 1114112K
  class space    used 7402K, committed 7872K, reserved 1048576K
}
Event: 5,419 GC heap after
{Heap after GC invocations=145 (full 7):
 PSYoungGen      total 9728K, used 4192K [0x00000000d5580000, 0x00000000d6400000, 0x0000000100000000)
  eden space 5120K, 0% used [0x00000000d5580000,0x00000000d5580000,0x00000000d5a80000)
  from space 4608K, 90% used [0x00000000d5f80000,0x00000000d6398000,0x00000000d6400000)
  to   space 4608K, 0% used [0x00000000d5b00000,0x00000000d5b00000,0x00000000d5f80000)
 ParOldGen       total 110080K, used 97647K [0x0000000080000000, 0x0000000086b80000, 0x00000000d5580000)
  object space 110080K, 88% used [0x0000000080000000,0x0000000085f5bc88,0x0000000086b80000)
 Metaspace       used 70130K, committed 71168K, reserved 1114112K
  class space    used 7402K, committed 7872K, reserved 1048576K
}
Event: 5,440 GC heap before
{Heap before GC invocations=146 (full 7):
 PSYoungGen      total 9728K, used 9312K [0x00000000d5580000, 0x00000000d6400000, 0x0000000100000000)
  eden space 5120K, 100% used [0x00000000d5580000,0x00000000d5a80000,0x00000000d5a80000)
  from space 4608K, 90% used [0x00000000d5f80000,0x00000000d6398000,0x00000000d6400000)
  to   space 4608K, 0% used [0x00000000d5b00000,0x00000000d5b00000,0x00000000d5f80000)
 ParOldGen       total 110080K, used 97647K [0x0000000080000000, 0x0000000086b80000, 0x00000000d5580000)
  object space 110080K, 88% used [0x0000000080000000,0x0000000085f5bc88,0x0000000086b80000)
 Metaspace       used 70144K, committed 71168K, reserved 1114112K
  class space    used 7402K, committed 7872K, reserved 1048576K
}

Deoptimization events (20 events):
Event: 5,086 Thread 0x00007fb37c15b7d0 Uncommon trap: trap_request=0xffffffc6 fr.pc=0x00007fb42e1f7708 relative=0x0000000000000ba8
Event: 5,086 Thread 0x00007fb37c15b7d0 Uncommon trap: reason=bimorphic_or_optimized_type_check action=maybe_recompile pc=0x00007fb42e1f7708 method=java.util.concurrent.ConcurrentHashMap.putAll(Ljava/util/Map;)V @ 23 c2
Event: 5,086 Thread 0x00007fb37c15b7d0 DEOPT PACKING pc=0x00007fb42e1f7708 sp=0x00007fb3735731b0
Event: 5,086 Thread 0x00007fb37c15b7d0 DEOPT UNPACKING pc=0x00007fb426454d99 sp=0x00007fb373573180 mode 2
Event: 5,092 Thread 0x00007fb358007350 DEOPT PACKING pc=0x00007fb42771fdcd sp=0x00007fb373875fc0
Event: 5,092 Thread 0x00007fb358007350 DEOPT UNPACKING pc=0x00007fb42645552f sp=0x00007fb373875590 mode 0
Event: 5,151 Thread 0x00007fb37c151010 DEOPT PACKING pc=0x00007fb426f2b9d5 sp=0x00007fb3b03fcfe0
Event: 5,151 Thread 0x00007fb37c151010 DEOPT UNPACKING pc=0x00007fb42645552f sp=0x00007fb3b03fc438 mode 0
Event: 5,157 Thread 0x00007fb37c151010 DEOPT PACKING pc=0x00007fb4269f6266 sp=0x00007fb3b03fbe10
Event: 5,157 Thread 0x00007fb37c151010 DEOPT UNPACKING pc=0x00007fb42645552f sp=0x00007fb3b03fb2b8 mode 0
Event: 5,168 Thread 0x00007fb37c15b7d0 DEOPT PACKING pc=0x00007fb4269f6266 sp=0x00007fb373570560
Event: 5,168 Thread 0x00007fb37c15b7d0 DEOPT UNPACKING pc=0x00007fb42645552f sp=0x00007fb37356fa08 mode 0
Event: 5,173 Thread 0x00007fb37c150220 Uncommon trap: trap_request=0xffffffc6 fr.pc=0x00007fb42e095478 relative=0x0000000000000a58
Event: 5,173 Thread 0x00007fb37c150220 Uncommon trap: reason=bimorphic_or_optimized_type_check action=maybe_recompile pc=0x00007fb42e095478 method=java.util.HashMap.putVal(ILjava/lang/Object;Ljava/lang/Object;ZZ)Ljava/lang/Object; @ 56 c2
Event: 5,173 Thread 0x00007fb37c150220 DEOPT PACKING pc=0x00007fb42e095478 sp=0x00007fb3736741b0
Event: 5,173 Thread 0x00007fb37c150220 DEOPT UNPACKING pc=0x00007fb426454d99 sp=0x00007fb373674128 mode 2
Event: 5,391 Thread 0x00007fb37c15b7d0 DEOPT PACKING pc=0x00007fb427a6c471 sp=0x00007fb373572710
Event: 5,391 Thread 0x00007fb37c15b7d0 DEOPT UNPACKING pc=0x00007fb42645552f sp=0x00007fb373571be8 mode 0
Event: 5,395 Thread 0x00007fb37c15b7d0 DEOPT PACKING pc=0x00007fb427367003 sp=0x00007fb373571e90
Event: 5,395 Thread 0x00007fb37c15b7d0 DEOPT UNPACKING pc=0x00007fb42645552f sp=0x00007fb3735713b0 mode 0

Classes unloaded (0 events):
No events

Classes redefined (0 events):
No events

Internal exceptions (20 events):
Event: 5,145 Thread 0x00007fb37c151010 Exception <a 'java/lang/ArrayIndexOutOfBoundsException'{0x00000000d55e2bf8}> (0x00000000d55e2bf8) 
thrown [src/hotspot/share/runtime/sharedRuntime.cpp, line 628]
Event: 5,147 Thread 0x00007fb37c150220 Exception <a 'java/lang/ArrayIndexOutOfBoundsException'{0x00000000d5653200}> (0x00000000d5653200) 
thrown [src/hotspot/share/runtime/sharedRuntime.cpp, line 628]
Event: 5,148 Thread 0x00007fb37c150220 Exception <a 'java/lang/ArrayIndexOutOfBoundsException'{0x00000000d568cd58}> (0x00000000d568cd58) 
thrown [src/hotspot/share/runtime/sharedRuntime.cpp, line 628]
Event: 5,148 Thread 0x00007fb37c150220 Exception <a 'java/lang/ArrayIndexOutOfBoundsException'{0x00000000d56a8200}> (0x00000000d56a8200) 
thrown [src/hotspot/share/runtime/sharedRuntime.cpp, line 628]
Event: 5,149 Thread 0x00007fb37c15b7d0 Exception <a 'java/lang/ArrayIndexOutOfBoundsException'{0x00000000d5709608}> (0x00000000d5709608) 
thrown [src/hotspot/share/runtime/sharedRuntime.cpp, line 628]
Event: 5,151 Thread 0x00007fb37c151010 Exception <a 'java/lang/ArrayIndexOutOfBoundsException'{0x00000000d5770088}> (0x00000000d5770088) 
thrown [src/hotspot/share/runtime/sharedRuntime.cpp, line 628]
Event: 5,153 Thread 0x00007fb37c151010 Exception <a 'java/lang/ArrayIndexOutOfBoundsException'{0x00000000d57d58b0}> (0x00000000d57d58b0) 
thrown [src/hotspot/share/runtime/sharedRuntime.cpp, line 628]
Event: 5,153 Thread 0x00007fb37c150220 Exception <a 'java/lang/ArrayIndexOutOfBoundsException'{0x00000000d58086b0}> (0x00000000d58086b0) 
thrown [src/hotspot/share/runtime/sharedRuntime.cpp, line 628]
Event: 5,153 Thread 0x00007fb37c151010 Exception <a 'java/lang/ArrayIndexOutOfBoundsException'{0x00000000d5816ea0}> (0x00000000d5816ea0) 
thrown [src/hotspot/share/runtime/sharedRuntime.cpp, line 628]
Event: 5,154 Thread 0x00007fb37c150220 Exception <a 'java/lang/ArrayIndexOutOfBoundsException'{0x00000000d58299d8}> (0x00000000d58299d8) 
thrown [src/hotspot/share/runtime/sharedRuntime.cpp, line 628]
Event: 5,156 Thread 0x00007fb37c15b7d0 Exception <a 'java/lang/ArrayIndexOutOfBoundsException'{0x00000000d58c87b8}> (0x00000000d58c87b8) 
thrown [src/hotspot/share/runtime/sharedRuntime.cpp, line 628]
Event: 5,161 Thread 0x00007fb37c151010 Exception <a 'java/lang/ArrayIndexOutOfBoundsException'{0x00000000d5589e78}> (0x00000000d5589e78) 
thrown [src/hotspot/share/runtime/sharedRuntime.cpp, line 628]
Event: 5,161 Thread 0x00007fb37c15b7d0 Exception <a 'java/lang/ArrayIndexOutOfBoundsException'{0x00000000d5595ee0}> (0x00000000d5595ee0) 
thrown [src/hotspot/share/runtime/sharedRuntime.cpp, line 628]
Event: 5,162 Thread 0x00007fb37c151010 Exception <a 'java/lang/ArrayIndexOutOfBoundsException'{0x00000000d559c928}> (0x00000000d559c928) 
thrown [src/hotspot/share/runtime/sharedRuntime.cpp, line 628]
Event: 5,162 Thread 0x00007fb37c151010 Exception <a 'java/lang/ArrayIndexOutOfBoundsException'{0x00000000d559d330}> (0x00000000d559d330) 
thrown [src/hotspot/share/runtime/sharedRuntime.cpp, line 628]
Event: 5,162 Thread 0x00007fb37c15b7d0 Exception <a 'java/lang/ArrayIndexOutOfBoundsException'{0x00000000d55b1c88}> (0x00000000d55b1c88) 
thrown [src/hotspot/share/runtime/sharedRuntime.cpp, line 628]
Event: 5,168 Thread 0x00007fb37c15b7d0 Exception <a 'java/lang/ArrayIndexOutOfBoundsException'{0x00000000d569ffc0}> (0x00000000d569ffc0) 
thrown [src/hotspot/share/runtime/sharedRuntime.cpp, line 628]
Event: 5,169 Thread 0x00007fb37c15b7d0 Exception <a 'java/lang/ArrayIndexOutOfBoundsException'{0x00000000d56bf138}> (0x00000000d56bf138) 
thrown [src/hotspot/share/runtime/sharedRuntime.cpp, line 628]
Event: 5,169 Thread 0x00007fb37c15b7d0 Exception <a 'java/lang/ArrayIndexOutOfBoundsException'{0x00000000d56bfb40}> (0x00000000d56bfb40) 
thrown [src/hotspot/share/runtime/sharedRuntime.cpp, line 628]
Event: 5,175 Thread 0x00007fb37c150220 Exception <a 'java/lang/NoSuchMethodError'{0x00000000d58e87e0}: 'int java.lang.invoke.DirectMethodHandle$Holder.invokeSpecialIFC(java.lang.Object, java.lang.Object, java.lang.Object, java.lang.Object)'> (0x00000000d58e87e0) 
thrown [src/hotspot/share/interpreter/linkResolver.cpp, line 766]

VM Operations (20 events):
Event: 5,339 Executing VM operation: ParallelGCFailedAllocation done
Event: 5,341 Executing VM operation: ParallelGCFailedAllocation
Event: 5,345 Executing VM operation: ParallelGCFailedAllocation done
Event: 5,348 Executing VM operation: ParallelGCFailedAllocation
Event: 5,350 Executing VM operation: ParallelGCFailedAllocation done
Event: 5,355 Executing VM operation: ParallelGCFailedAllocation
Event: 5,358 Executing VM operation: ParallelGCFailedAllocation done
Event: 5,364 Executing VM operation: ParallelGCFailedAllocation
Event: 5,366 Executing VM operation: ParallelGCFailedAllocation done
Event: 5,375 Executing VM operation: ParallelGCFailedAllocation
Event: 5,376 Executing VM operation: ParallelGCFailedAllocation done
Event: 5,381 Executing VM operation: ParallelGCFailedAllocation
Event: 5,382 Executing VM operation: ParallelGCFailedAllocation done
Event: 5,392 Executing VM operation: ParallelGCFailedAllocation
Event: 5,395 Executing VM operation: ParallelGCFailedAllocation done
Event: 5,404 Executing VM operation: ParallelGCFailedAllocation
Event: 5,407 Executing VM operation: ParallelGCFailedAllocation done
Event: 5,415 Executing VM operation: ParallelGCFailedAllocation
Event: 5,419 Executing VM operation: ParallelGCFailedAllocation done
Event: 5,440 Executing VM operation: ParallelGCFailedAllocation

Events (20 events):
Event: 4,821 loading class java/nio/file/ProviderNotFoundException
Event: 4,821 loading class java/nio/file/ProviderNotFoundException done
Event: 4,835 loading class java/nio/file/attribute/PosixFilePermissions
Event: 4,835 loading class java/nio/file/attribute/PosixFilePermissions done
Event: 4,836 loading class java/nio/file/attribute/UserPrincipal
Event: 4,836 loading class java/nio/file/attribute/UserPrincipal done
Event: 4,836 loading class sun/nio/fs/FileOwnerAttributeViewImpl
Event: 4,836 loading class sun/nio/fs/FileOwnerAttributeViewImpl done
Event: 4,837 loading class sun/nio/fs/UnixUserPrincipals
Event: 4,837 loading class sun/nio/fs/UnixUserPrincipals done
Event: 4,837 loading class sun/nio/fs/UnixUserPrincipals$User
Event: 4,837 loading class sun/nio/fs/UnixUserPrincipals$User done
Event: 4,837 loading class java/nio/file/attribute/GroupPrincipal
Event: 4,837 loading class java/nio/file/attribute/GroupPrincipal done
Event: 4,838 loading class sun/nio/fs/UnixUserPrincipals$Group
Event: 4,838 loading class sun/nio/fs/UnixUserPrincipals$Group done
Event: 4,876 loading class java/nio/file/DirectoryIteratorException
Event: 4,876 loading class java/nio/file/DirectoryIteratorException done
Event: 4,972 loading class java/util/concurrent/CompletionException
Event: 4,972 loading class java/util/concurrent/CompletionException done


Dynamic libraries:
80000000-d5580000 rw-p 00000000 00:00 0 
d5580000-d6400000 rw-p 00000000 00:00 0 
d6400000-100000000 ---p 00000000 00:00 0 
100000000-100020000 rw-p 00000000 00:00 0 
100020000-100040000 rw-p 00000000 00:00 0 
100040000-100100000 rw-p 00000000 00:00 0 
100100000-100180000 rw-p 00000000 00:00 0 
100180000-100240000 rw-p 00000000 00:00 0 
100240000-100280000 rw-p 00000000 00:00 0 
100280000-100380000 rw-p 00000000 00:00 0 
100380000-1005c0000 rw-p 00000000 00:00 0 
1005c0000-1005e0000 rw-p 00000000 00:00 0 
1005e0000-100600000 ---p 00000000 00:00 0 
100600000-1007d0000 rw-p 00000000 00:00 0 
1007d0000-140000000 ---p 00000000 00:00 0 
55b0a7ba9000-55b0a7baa000 r-xp 00000000 103:06 1923779                   /home/artur/.vscode/extensions/redhat.java-1.2.0/jre/17.0.1-linux-x86_64/bin/java
55b0a7daa000-55b0a7dab000 r--p 00001000 103:06 1923779                   /home/artur/.vscode/extensions/redhat.java-1.2.0/jre/17.0.1-linux-x86_64/bin/java
55b0a7dab000-55b0a7dac000 rw-p 00002000 103:06 1923779                   /home/artur/.vscode/extensions/redhat.java-1.2.0/jre/17.0.1-linux-x86_64/bin/java
55b0a8ffe000-55b0a901f000 rw-p 00000000 00:00 0                          [heap]
7fb33c000000-7fb33c040000 rw-p 00000000 00:00 0 
7fb33c040000-7fb340000000 ---p 00000000 00:00 0 
7fb340000000-7fb3401d0000 rw-p 00000000 00:00 0 
7fb3401d0000-7fb344000000 ---p 00000000 00:00 0 
7fb344000000-7fb3441a1000 rw-p 00000000 00:00 0 
7fb3441a1000-7fb348000000 ---p 00000000 00:00 0 
7fb348000000-7fb348021000 rw-p 00000000 00:00 0 
7fb348021000-7fb34c000000 ---p 00000000 00:00 0 
7fb34c000000-7fb34c021000 rw-p 00000000 00:00 0 
7fb34c021000-7fb350000000 ---p 00000000 00:00 0 
7fb350000000-7fb350023000 rw-p 00000000 00:00 0 
7fb350023000-7fb354000000 ---p 00000000 00:00 0 
7fb354000000-7fb354021000 rw-p 00000000 00:00 0 
7fb354021000-7fb358000000 ---p 00000000 00:00 0 
7fb358000000-7fb358021000 rw-p 00000000 00:00 0 
7fb358021000-7fb35c000000 ---p 00000000 00:00 0 
7fb35c000000-7fb35c021000 rw-p 00000000 00:00 0 
7fb35c021000-7fb360000000 ---p 00000000 00:00 0 
7fb360000000-7fb3602a4000 rw-p 00000000 00:00 0 
7fb3602a4000-7fb364000000 ---p 00000000 00:00 0 
7fb364000000-7fb364021000 rw-p 00000000 00:00 0 
7fb364021000-7fb368000000 ---p 00000000 00:00 0 
7fb368000000-7fb368021000 rw-p 00000000 00:00 0 
7fb368021000-7fb36c000000 ---p 00000000 00:00 0 
7fb36c000000-7fb36c021000 rw-p 00000000 00:00 0 
7fb36c021000-7fb370000000 ---p 00000000 00:00 0 
7fb372252000-7fb3724e7000 rw-p 00000000 00:00 0 
7fb372800000-7fb372e20000 rw-p 00000000 00:00 0 
7fb372e20000-7fb373000000 ---p 00000000 00:00 0 
7fb373272000-7fb373276000 ---p 00000000 00:00 0 
7fb373276000-7fb373373000 rw-p 00000000 00:00 0 
7fb373373000-7fb373377000 ---p 00000000 00:00 0 
7fb373377000-7fb373474000 rw-p 00000000 00:00 0 
7fb373474000-7fb373478000 ---p 00000000 00:00 0 
7fb373478000-7fb373575000 rw-p 00000000 00:00 0 
7fb373575000-7fb373579000 ---p 00000000 00:00 0 
7fb373579000-7fb373676000 rw-p 00000000 00:00 0 
7fb373676000-7fb37367a000 ---p 00000000 00:00 0 
7fb37367a000-7fb373777000 rw-p 00000000 00:00 0 
7fb373777000-7fb37377b000 ---p 00000000 00:00 0 
7fb37377b000-7fb373878000 rw-p 00000000 00:00 0 
7fb373878000-7fb37c000000 r--s 00000000 103:06 2889069                   /usr/lib/jvm/java-11-openjdk-amd64/lib/modules
7fb37c000000-7fb37c161000 rw-p 00000000 00:00 0 
7fb37c161000-7fb380000000 ---p 00000000 00:00 0 
7fb380000000-7fb38004f000 rw-p 00000000 00:00 0 
7fb38004f000-7fb384000000 ---p 00000000 00:00 0 
7fb384000000-7fb384021000 rw-p 00000000 00:00 0 
7fb384021000-7fb388000000 ---p 00000000 00:00 0 
7fb388000000-7fb388021000 rw-p 00000000 00:00 0 
7fb388021000-7fb38c000000 ---p 00000000 00:00 0 
7fb38c000000-7fb38c143000 rw-p 00000000 00:00 0 
7fb38c143000-7fb390000000 ---p 00000000 00:00 0 
7fb390000000-7fb391745000 rw-p 00000000 00:00 0 
7fb391745000-7fb394000000 ---p 00000000 00:00 0 
7fb394000000-7fb394021000 rw-p 00000000 00:00 0 
7fb394021000-7fb398000000 ---p 00000000 00:00 0 
7fb398000000-7fb398021000 rw-p 00000000 00:00 0 
7fb398021000-7fb39c000000 ---p 00000000 00:00 0 
7fb39c000000-7fb39c166000 rw-p 00000000 00:00 0 
7fb39c166000-7fb3a0000000 ---p 00000000 00:00 0 
7fb3a0000000-7fb3a0021000 rw-p 00000000 00:00 0 
7fb3a0021000-7fb3a4000000 ---p 00000000 00:00 0 
7fb3a4000000-7fb3a47a6000 rw-p 00000000 00:00 0 
7fb3a47a6000-7fb3a8000000 ---p 00000000 00:00 0 
7fb3a8000000-7fb3a80ee000 rw-p 00000000 00:00 0 
7fb3a80ee000-7fb3ac000000 ---p 00000000 00:00 0 
7fb3ac000000-7fb3ac021000 rw-p 00000000 00:00 0 
7fb3ac021000-7fb3b0000000 ---p 00000000 00:00 0 
7fb3b00fd000-7fb3b0101000 ---p 00000000 00:00 0 
7fb3b0101000-7fb3b01fe000 rw-p 00000000 00:00 0 
7fb3b01fe000-7fb3b0202000 ---p 00000000 00:00 0 
7fb3b0202000-7fb3b02ff000 rw-p 00000000 00:00 0 
7fb3b02ff000-7fb3b0303000 ---p 00000000 00:00 0 
7fb3b0303000-7fb3b0c00000 rw-p 00000000 00:00 0 
7fb3b0cf1000-7fb3b0cf5000 ---p 00000000 00:00 0 
7fb3b0cf5000-7fb3b0df2000 rw-p 00000000 00:00 0 
7fb3b0df2000-7fb3b0df6000 ---p 00000000 00:00 0 
7fb3b0df6000-7fb3b0ef3000 rw-p 00000000 00:00 0 
7fb3b0ef3000-7fb3b0ef7000 ---p 00000000 00:00 0 
7fb3b0ef7000-7fb3b0ff4000 rw-p 00000000 00:00 0 
7fb3b0ff4000-7fb3b0ff9000 r-xp 00000000 103:06 1924390                   /home/artur/.vscode/extensions/redhat.java-1.2.0/jre/17.0.1-linux-x86_64/lib/libmanagement_ext.so
7fb3b0ff9000-7fb3b11f9000 ---p 00005000 103:06 1924390                   /home/artur/.vscode/extensions/redhat.java-1.2.0/jre/17.0.1-linux-x86_64/lib/libmanagement_ext.so
7fb3b11f9000-7fb3b11fa000 r--p 00005000 103:06 1924390                   /home/artur/.vscode/extensions/redhat.java-1.2.0/jre/17.0.1-linux-x86_64/lib/libmanagement_ext.so
7fb3b11fa000-7fb3b11fb000 rw-p 00006000 103:06 1924390                   /home/artur/.vscode/extensions/redhat.java-1.2.0/jre/17.0.1-linux-x86_64/lib/libmanagement_ext.so
7fb3b11fb000-7fb3b11ff000 r-xp 00000000 103:06 1924391                   /home/artur/.vscode/extensions/redhat.java-1.2.0/jre/17.0.1-linux-x86_64/lib/libmanagement.so
7fb3b11ff000-7fb3b13fe000 ---p 00004000 103:06 1924391                   /home/artur/.vscode/extensions/redhat.java-1.2.0/jre/17.0.1-linux-x86_64/lib/libmanagement.so
7fb3b13fe000-7fb3b13ff000 r--p 00003000 103:06 1924391                   /home/artur/.vscode/extensions/redhat.java-1.2.0/jre/17.0.1-linux-x86_64/lib/libmanagement.so
7fb3b13ff000-7fb3b1400000 rw-p 00004000 103:06 1924391                   /home/artur/.vscode/extensions/redhat.java-1.2.0/jre/17.0.1-linux-x86_64/lib/libmanagement.so
7fb3b1400000-7fb3b1580000 rw-p 00000000 00:00 0 
7fb3b1580000-7fb3b1600000 rw-p 00000000 00:00 0 
7fb3b1600000-7fb3b1b00000 rw-p 00000000 00:00 0 
7fb3b1b00000-7fb3b1bb0000 rw-p 00000000 00:00 0 
7fb3b1bb0000-7fb3b1c00000 ---p 00000000 00:00 0 
7fb3b1c00000-7fb3b2400000 rw-p 00000000 00:00 0 
7fb3b24ec000-7fb3b24f0000 ---p 00000000 00:00 0 
7fb3b24f0000-7fb3b25ed000 rw-p 00000000 00:00 0 
7fb3b25ed000-7fb3b25f1000 ---p 00000000 00:00 0 
7fb3b25f1000-7fb3b26ee000 rw-p 00000000 00:00 0 
7fb3b26ee000-7fb3b26f2000 ---p 00000000 00:00 0 
7fb3b26f2000-7fb3b27ef000 rw-p 00000000 00:00 0 
7fb3b27ef000-7fb3b27f3000 ---p 00000000 00:00 0 
7fb3b27f3000-7fb3b28f0000 rw-p 00000000 00:00 0 
7fb3b28f0000-7fb3b28f4000 ---p 00000000 00:00 0 
7fb3b28f4000-7fb3b29f1000 rw-p 00000000 00:00 0 
7fb3b29f1000-7fb3b29fe000 r-xp 00000000 103:06 1924404                   /home/artur/.vscode/extensions/redhat.java-1.2.0/jre/17.0.1-linux-x86_64/lib/libverify.so
7fb3b29fe000-7fb3b2bfd000 ---p 0000d000 103:06 1924404                   /home/artur/.vscode/extensions/redhat.java-1.2.0/jre/17.0.1-linux-x86_64/lib/libverify.so
7fb3b2bfd000-7fb3b2bff000 r--p 0000c000 103:06 1924404                   /home/artur/.vscode/extensions/redhat.java-1.2.0/jre/17.0.1-linux-x86_64/lib/libverify.so
7fb3b2bff000-7fb3b2c00000 rw-p 0000e000 103:06 1924404                   /home/artur/.vscode/extensions/redhat.java-1.2.0/jre/17.0.1-linux-x86_64/lib/libverify.so
7fb3b2c00000-7fb3b2d00000 rw-p 00000000 00:00 0 
7fb3b2d00000-7fb3b2e00000 rw-p 00000000 00:00 0 
7fb3b2e00000-7fb3b3300000 rw-p 00000000 00:00 0 
7fb3b3300000-7fb3b3400000 rw-p 00000000 00:00 0 
7fb3b34fd000-7fb3b3501000 ---p 00000000 00:00 0 
7fb3b3501000-7fb3b35fe000 rw-p 00000000 00:00 0 
7fb3b35fe000-7fb3b3602000 ---p 00000000 00:00 0 
7fb3b3602000-7fb3b36ff000 rw-p 00000000 00:00 0 
7fb3b36ff000-7fb3b3703000 ---p 00000000 00:00 0 
7fb3b3703000-7fb3b3f00000 rw-p 00000000 00:00 0 
7fb3b3f00000-7fb3b4000000 rw-p 00000000 00:00 0 
7fb3b4000000-7fb3b4021000 rw-p 00000000 00:00 0 
7fb3b4021000-7fb3b8000000 ---p 00000000 00:00 0 
7fb3b8000000-7fb3b8021000 rw-p 00000000 00:00 0 
7fb3b8021000-7fb3bc000000 ---p 00000000 00:00 0 
7fb3bc000000-7fb3bc021000 rw-p 00000000 00:00 0 
7fb3bc021000-7fb3c0000000 ---p 00000000 00:00 0 
7fb3c0000000-7fb3c0021000 rw-p 00000000 00:00 0 
7fb3c0021000-7fb3c4000000 ---p 00000000 00:00 0 
7fb3c4000000-7fb3c4021000 rw-p 00000000 00:00 0 
7fb3c4021000-7fb3c8000000 ---p 00000000 00:00 0 
7fb3c8000000-7fb3c8021000 rw-p 00000000 00:00 0 
7fb3c8021000-7fb3cc000000 ---p 00000000 00:00 0 
7fb3cc000000-7fb3cc021000 rw-p 00000000 00:00 0 
7fb3cc021000-7fb3d0000000 ---p 00000000 00:00 0 
7fb3d0000000-7fb3d0021000 rw-p 00000000 00:00 0 
7fb3d0021000-7fb3d4000000 ---p 00000000 00:00 0 
7fb3d4000000-7fb3d4021000 rw-p 00000000 00:00 0 
7fb3d4021000-7fb3d8000000 ---p 00000000 00:00 0 
7fb3d8000000-7fb3d8a8c000 rw-p 00000000 00:00 0 
7fb3d8a8c000-7fb3dc000000 ---p 00000000 00:00 0 
7fb3dc000000-7fb3dc021000 rw-p 00000000 00:00 0 
7fb3dc021000-7fb3e0000000 ---p 00000000 00:00 0 
7fb3e0000000-7fb3e0021000 rw-p 00000000 00:00 0 
7fb3e0021000-7fb3e4000000 ---p 00000000 00:00 0 
7fb3e4000000-7fb3e4021000 rw-p 00000000 00:00 0 
7fb3e4021000-7fb3e8000000 ---p 00000000 00:00 0 
7fb3e8000000-7fb3e9647000 rw-p 00000000 00:00 0 
7fb3e9647000-7fb3ec000000 ---p 00000000 00:00 0 
7fb3ec000000-7fb3ec021000 rw-p 00000000 00:00 0 
7fb3ec021000-7fb3f0000000 ---p 00000000 00:00 0 
7fb3f0000000-7fb3f0021000 rw-p 00000000 00:00 0 
7fb3f0021000-7fb3f4000000 ---p 00000000 00:00 0 
7fb3f4000000-7fb3f4f17000 rw-p 00000000 00:00 0 
7fb3f4f17000-7fb3f8000000 ---p 00000000 00:00 0 
7fb3f8000000-7fb3f8021000 rw-p 00000000 00:00 0 
7fb3f8021000-7fb3fc000000 ---p 00000000 00:00 0 
7fb3fc000000-7fb3fc021000 rw-p 00000000 00:00 0 
7fb3fc021000-7fb400000000 ---p 00000000 00:00 0 
7fb400000000-7fb401cb1000 rw-p 00000000 00:00 0 
7fb401cb1000-7fb404000000 ---p 00000000 00:00 0 
7fb404000000-7fb404021000 rw-p 00000000 00:00 0 
7fb404021000-7fb408000000 ---p 00000000 00:00 0 
7fb408000000-7fb408021000 rw-p 00000000 00:00 0 
7fb408021000-7fb40c000000 ---p 00000000 00:00 0 
7fb40c000000-7fb40c021000 rw-p 00000000 00:00 0 
7fb40c021000-7fb410000000 ---p 00000000 00:00 0 
7fb410000000-7fb410021000 rw-p 00000000 00:00 0 
7fb410021000-7fb414000000 ---p 00000000 00:00 0 
7fb414000000-7fb414021000 rw-p 00000000 00:00 0 
7fb414021000-7fb418000000 ---p 00000000 00:00 0 
7fb4180d5000-7fb4180d6000 ---p 00000000 00:00 0 
7fb4180d6000-7fb4181d7000 rw-p 00000000 00:00 0 
7fb4181d7000-7fb4181d8000 ---p 00000000 00:00 0 
7fb4181d8000-7fb4182d9000 rw-p 00000000 00:00 0 
7fb4182d9000-7fb4182da000 ---p 00000000 00:00 0 
7fb4182da000-7fb4183db000 rw-p 00000000 00:00 0 
7fb4183db000-7fb4183df000 ---p 00000000 00:00 0 
7fb4183df000-7fb4184dc000 rw-p 00000000 00:00 0 
7fb4184dc000-7fb4184e0000 ---p 00000000 00:00 0 
7fb4184e0000-7fb4185dd000 rw-p 00000000 00:00 0 
7fb4185dd000-7fb4185e1000 ---p 00000000 00:00 0 
7fb4185e1000-7fb4186de000 rw-p 00000000 00:00 0 
7fb4186de000-7fb4186e2000 ---p 00000000 00:00 0 
7fb4186e2000-7fb4187df000 rw-p 00000000 00:00 0 
7fb4187df000-7fb4187e3000 ---p 00000000 00:00 0 
7fb4187e3000-7fb4188e0000 rw-p 00000000 00:00 0 
7fb4188e0000-7fb4188f0000 r-xp 00000000 103:06 2625853                   /home/artur/.config/Code/User/globalStorage/redhat.java/1.2.0/config_linux/org.eclipse.equinox.launcher/org.eclipse.equinox.launcher.gtk.linux.x86_64_1.2.400.v20211117-0650/eclipse_11600.so
7fb4188f0000-7fb418aef000 ---p 00010000 103:06 2625853                   /home/artur/.config/Code/User/globalStorage/redhat.java/1.2.0/config_linux/org.eclipse.equinox.launcher/org.eclipse.equinox.launcher.gtk.linux.x86_64_1.2.400.v20211117-0650/eclipse_11600.so
7fb418aef000-7fb418af0000 r--p 0000f000 103:06 2625853                   /home/artur/.config/Code/User/globalStorage/redhat.java/1.2.0/config_linux/org.eclipse.equinox.launcher/org.eclipse.equinox.launcher.gtk.linux.x86_64_1.2.400.v20211117-0650/eclipse_11600.so
7fb418af0000-7fb418af1000 rw-p 00010000 103:06 2625853                   /home/artur/.config/Code/User/globalStorage/redhat.java/1.2.0/config_linux/org.eclipse.equinox.launcher/org.eclipse.equinox.launcher.gtk.linux.x86_64_1.2.400.v20211117-0650/eclipse_11600.so
7fb418af1000-7fb418af2000 ---p 00000000 00:00 0 
7fb418af2000-7fb418bf3000 rw-p 00000000 00:00 0 
7fb418bf3000-7fb418bf4000 ---p 00000000 00:00 0 
7fb418bf4000-7fb418cf5000 rw-p 00000000 00:00 0 
7fb418cf5000-7fb418cf6000 ---p 00000000 00:00 0 
7fb418cf6000-7fb418df7000 rw-p 00000000 00:00 0 
7fb418df7000-7fb418df8000 ---p 00000000 00:00 0 
7fb418df8000-7fb418ef9000 rw-p 00000000 00:00 0 
7fb418ef9000-7fb418efa000 ---p 00000000 00:00 0 
7fb418efa000-7fb418ffb000 rw-p 00000000 00:00 0 
7fb418ffb000-7fb418ffc000 ---p 00000000 00:00 0 
7fb418ffc000-7fb4190fd000 rw-p 00000000 00:00 0 
7fb4190fd000-7fb419101000 ---p 00000000 00:00 0 
7fb419101000-7fb4191fe000 rw-p 00000000 00:00 0 
7fb4191fe000-7fb419202000 ---p 00000000 00:00 0 
7fb419202000-7fb4192ff000 rw-p 00000000 00:00 0 
7fb4192ff000-7fb419303000 ---p 00000000 00:00 0 
7fb419303000-7fb419500000 rw-p 00000000 00:00 0 
7fb419500000-7fb419700000 rw-p 00000000 00:00 0 
7fb419700000-7fb419800000 rw-p 00000000 00:00 0 
7fb419800000-7fb419900000 rw-p 00000000 00:00 0 
7fb419900000-7fb419a00000 rw-p 00000000 00:00 0 
7fb419a00000-7fb419bc0000 rw-p 00000000 00:00 0 
7fb419bc0000-7fb419c00000 rw-p 00000000 00:00 0 
7fb419c4a000-7fb419c4e000 ---p 00000000 00:00 0 
7fb419c4e000-7fb419d4b000 rw-p 00000000 00:00 0 
7fb419d4b000-7fb419d60000 r-xp 00000000 103:06 1924394                   /home/artur/.vscode/extensions/redhat.java-1.2.0/jre/17.0.1-linux-x86_64/lib/libnet.so
7fb419d60000-7fb419f5f000 ---p 00015000 103:06 1924394                   /home/artur/.vscode/extensions/redhat.java-1.2.0/jre/17.0.1-linux-x86_64/lib/libnet.so
7fb419f5f000-7fb419f60000 r--p 00014000 103:06 1924394                   /home/artur/.vscode/extensions/redhat.java-1.2.0/jre/17.0.1-linux-x86_64/lib/libnet.so
7fb419f60000-7fb419f61000 rw-p 00015000 103:06 1924394                   /home/artur/.vscode/extensions/redhat.java-1.2.0/jre/17.0.1-linux-x86_64/lib/libnet.so
7fb419f61000-7fb419f73000 r-xp 00000000 103:06 1924395                   /home/artur/.vscode/extensions/redhat.java-1.2.0/jre/17.0.1-linux-x86_64/lib/libnio.so
7fb419f73000-7fb41a172000 ---p 00012000 103:06 1924395                   /home/artur/.vscode/extensions/redhat.java-1.2.0/jre/17.0.1-linux-x86_64/lib/libnio.so
7fb41a172000-7fb41a173000 r--p 00011000 103:06 1924395                   /home/artur/.vscode/extensions/redhat.java-1.2.0/jre/17.0.1-linux-x86_64/lib/libnio.so
7fb41a173000-7fb41a174000 rw-p 00012000 103:06 1924395                   /home/artur/.vscode/extensions/redhat.java-1.2.0/jre/17.0.1-linux-x86_64/lib/libnio.so
7fb41a174000-7fb41a175000 ---p 00000000 00:00 0 
7fb41a175000-7fb41a276000 rw-p 00000000 00:00 0 
7fb41a276000-7fb41a27a000 ---p 00000000 00:00 0 
7fb41a27a000-7fb41a377000 rw-p 00000000 00:00 0 
7fb41a377000-7fb41a37b000 ---p 00000000 00:00 0 
7fb41a37b000-7fb41a478000 rw-p 00000000 00:00 0 
7fb41a478000-7fb41a47c000 ---p 00000000 00:00 0 
7fb41a47c000-7fb41a579000 rw-p 00000000 00:00 0 
7fb41a579000-7fb41a57d000 ---p 00000000 00:00 0 
7fb41a57d000-7fb41a67a000 rw-p 00000000 00:00 0 
7fb41a67a000-7fb41a67e000 ---p 00000000 00:00 0 
7fb41a67e000-7fb41a77b000 rw-p 00000000 00:00 0 
7fb41a77b000-7fb41a77f000 ---p 00000000 00:00 0 
7fb41a77f000-7fb41a87c000 rw-p 00000000 00:00 0 
7fb41a87c000-7fb41a880000 ---p 00000000 00:00 0 
7fb41a880000-7fb41a97d000 rw-p 00000000 00:00 0 
7fb41a97d000-7fb41a981000 ---p 00000000 00:00 0 
7fb41a981000-7fb41aa7e000 rw-p 00000000 00:00 0 
7fb41aa7e000-7fb41afef000 r--p 00000000 103:06 2889157                   /usr/lib/locale/locale-archive
7fb41afef000-7fb41aff3000 ---p 00000000 00:00 0 
7fb41aff3000-7fb41b0f0000 rw-p 00000000 00:00 0 
7fb41b0f0000-7fb41b0f4000 ---p 00000000 00:00 0 
7fb41b0f4000-7fb41b1f1000 rw-p 00000000 00:00 0 
7fb41b1f1000-7fb41b1f2000 ---p 00000000 00:00 0 
7fb41b1f2000-7fb420000000 rw-p 00000000 00:00 0 
7fb420000000-7fb420021000 rw-p 00000000 00:00 0 
7fb420021000-7fb424000000 ---p 00000000 00:00 0 
7fb4240ed000-7fb425800000 rw-p 00000000 00:00 0 
7fb425800000-7fb425820000 rw-p 00000000 00:00 0 
7fb425820000-7fb425840000 rw-p 00000000 00:00 0 
7fb425840000-7fb425880000 rw-p 00000000 00:00 0 
7fb425880000-7fb425900000 rw-p 00000000 00:00 0 
7fb425900000-7fb425b00000 rw-p 00000000 00:00 0 
7fb425b00000-7fb425b40000 rw-p 00000000 00:00 0 
7fb425b40000-7fb425b80000 rw-p 00000000 00:00 0 
7fb425b80000-7fb425c00000 rw-p 00000000 00:00 0 
7fb425c1d000-7fb425d1e000 rw-p 00000000 00:00 0 
7fb425d1e000-7fb425d25000 r-xp 00000000 103:06 1924405                   /home/artur/.vscode/extensions/redhat.java-1.2.0/jre/17.0.1-linux-x86_64/lib/libzip.so
7fb425d25000-7fb425f25000 ---p 00007000 103:06 1924405                   /home/artur/.vscode/extensions/redhat.java-1.2.0/jre/17.0.1-linux-x86_64/lib/libzip.so
7fb425f25000-7fb425f26000 r--p 00007000 103:06 1924405                   /home/artur/.vscode/extensions/redhat.java-1.2.0/jre/17.0.1-linux-x86_64/lib/libzip.so
7fb425f26000-7fb425f27000 rw-p 00008000 103:06 1924405                   /home/artur/.vscode/extensions/redhat.java-1.2.0/jre/17.0.1-linux-x86_64/lib/libzip.so
7fb425f27000-7fb426403000 rw-p 00000000 00:00 0 
7fb426403000-7fb426673000 rwxp 00000000 00:00 0 
7fb426673000-7fb426995000 ---p 00000000 00:00 0 
7fb426995000-7fb427a75000 rwxp 00000000 00:00 0 
7fb427a75000-7fb42decc000 ---p 00000000 00:00 0 
7fb42decc000-7fb42e31c000 rwxp 00000000 00:00 0 
7fb42e31c000-7fb435403000 ---p 00000000 00:00 0 
7fb435403000-7fb438000000 r--s 00000000 103:06 1924413                   /home/artur/.vscode/extensions/redhat.java-1.2.0/jre/17.0.1-linux-x86_64/lib/modules
7fb438000000-7fb4386df000 rw-p 00000000 00:00 0 
7fb4386df000-7fb43c000000 ---p 00000000 00:00 0 
7fb43c036000-7fb43c03a000 ---p 00000000 00:00 0 
7fb43c03a000-7fb43c36c000 rw-p 00000000 00:00 0 
7fb43c36c000-7fb43c36d000 ---p 00000000 00:00 0 
7fb43c36d000-7fb43c718000 rw-p 00000000 00:00 0 
7fb43c718000-7fb43c720000 rw-p 00000000 00:00 0 
7fb43c720000-7fb43c86e000 ---p 00000000 00:00 0 
7fb43c86e000-7fb43c878000 rw-p 00000000 00:00 0 
7fb43c878000-7fb43c95a000 ---p 00000000 00:00 0 
7fb43c95a000-7fb43c97c000 rw-p 00000000 00:00 0 
7fb43c97c000-7fb43ca45000 ---p 00000000 00:00 0 
7fb43ca45000-7fb43ca69000 r-xp 00000000 103:06 1924362                   /home/artur/.vscode/extensions/redhat.java-1.2.0/jre/17.0.1-linux-x86_64/lib/libjava.so
7fb43ca69000-7fb43cc69000 ---p 00024000 103:06 1924362                   /home/artur/.vscode/extensions/redhat.java-1.2.0/jre/17.0.1-linux-x86_64/lib/libjava.so
7fb43cc69000-7fb43cc6a000 r--p 00024000 103:06 1924362                   /home/artur/.vscode/extensions/redhat.java-1.2.0/jre/17.0.1-linux-x86_64/lib/libjava.so
7fb43cc6a000-7fb43cc6b000 rw-p 00025000 103:06 1924362                   /home/artur/.vscode/extensions/redhat.java-1.2.0/jre/17.0.1-linux-x86_64/lib/libjava.so
7fb43cc6b000-7fb43cc6c000 rw-p 00000000 00:00 0 
7fb43cc6c000-7fb43cc6f000 r--p 00000000 103:06 3674023                   /lib/x86_64-linux-gnu/libnss_files-2.31.so
7fb43cc6f000-7fb43cc76000 r-xp 00003000 103:06 3674023                   /lib/x86_64-linux-gnu/libnss_files-2.31.so
7fb43cc76000-7fb43cc78000 r--p 0000a000 103:06 3674023                   /lib/x86_64-linux-gnu/libnss_files-2.31.so
7fb43cc78000-7fb43cc79000 r--p 0000b000 103:06 3674023                   /lib/x86_64-linux-gnu/libnss_files-2.31.so
7fb43cc79000-7fb43cc7a000 rw-p 0000c000 103:06 3674023                   /lib/x86_64-linux-gnu/libnss_files-2.31.so
7fb43cc7a000-7fb43cc80000 rw-p 00000000 00:00 0 
7fb43cc80000-7fb43cc85000 r--p 00000000 103:06 3674009                   /lib/x86_64-linux-gnu/libnsl-2.31.so
7fb43cc85000-7fb43cc95000 r-xp 00005000 103:06 3674009                   /lib/x86_64-linux-gnu/libnsl-2.31.so
7fb43cc95000-7fb43cc99000 r--p 00015000 103:06 3674009                   /lib/x86_64-linux-gnu/libnsl-2.31.so
7fb43cc99000-7fb43cc9a000 r--p 00018000 103:06 3674009                   /lib/x86_64-linux-gnu/libnsl-2.31.so
7fb43cc9a000-7fb43cc9b000 rw-p 00019000 103:06 3674009                   /lib/x86_64-linux-gnu/libnsl-2.31.so
7fb43cc9b000-7fb43cc9d000 rw-p 00000000 00:00 0 
7fb43cc9d000-7fb43cca0000 r--p 00000000 103:06 3674031                   /lib/x86_64-linux-gnu/libnss_nis-2.31.so
7fb43cca0000-7fb43cca8000 r-xp 00003000 103:06 3674031                   /lib/x86_64-linux-gnu/libnss_nis-2.31.so
7fb43cca8000-7fb43ccaa000 r--p 0000b000 103:06 3674031                   /lib/x86_64-linux-gnu/libnss_nis-2.31.so
7fb43ccaa000-7fb43ccab000 r--p 0000c000 103:06 3674031                   /lib/x86_64-linux-gnu/libnss_nis-2.31.so
7fb43ccab000-7fb43ccac000 rw-p 0000d000 103:06 3674031                   /lib/x86_64-linux-gnu/libnss_nis-2.31.so
7fb43ccac000-7fb43ccb3000 r--s 00000000 103:06 3148538                   /usr/lib/x86_64-linux-gnu/gconv/gconv-modules.cache
7fb43ccb3000-7fb43ccb4000 r--s 00000000 103:06 1980356                   /home/artur/.config/Code/User/workspaceStorage/68e882bbe0e19ee7d9ce481bef1e990f/redhat.java/jdt_ws/.metadata/.plugins/org.eclipse.m2e.core/nexus/05b0fe8524860bd73cbb07ef30fb34cc/_6.cfs
7fb43ccb4000-7fb43ccb5000 r--s 00000000 103:06 1979665                   /home/artur/.config/Code/User/workspaceStorage/68e882bbe0e19ee7d9ce481bef1e990f/redhat.java/jdt_ws/.metadata/.plugins/org.eclipse.m2e.core/nexus/05b0fe8524860bd73cbb07ef30fb34cc/_5.cfs
7fb43ccb5000-7fb43ccb6000 r--s 00000000 103:06 1985637                   /home/artur/.config/Code/User/workspaceStorage/68e882bbe0e19ee7d9ce481bef1e990f/redhat.java/jdt_ws/.metadata/.plugins/org.eclipse.m2e.core/nexus/3c133827929a58a5192ae1988ebeded4/_k.cfs
7fb43ccb6000-7fb43ccb7000 r--s 00000000 103:06 1979731                   /home/artur/.config/Code/User/workspaceStorage/68e882bbe0e19ee7d9ce481bef1e990f/redhat.java/jdt_ws/.metadata/.plugins/org.eclipse.m2e.core/nexus/3c133827929a58a5192ae1988ebeded4/_j.cfs
7fb43ccb7000-7fb43ccb8000 r--s 00000000 103:06 1979464                   /home/artur/.config/Code/User/workspaceStorage/68e882bbe0e19ee7d9ce481bef1e990f/redhat.java/jdt_ws/.metadata/.plugins/org.eclipse.m2e.core/nexus/3c133827929a58a5192ae1988ebeded4/_g.cfs
7fb43ccb8000-7fb43ccb9000 r--s 00000000 103:06 1978772                   /home/artur/.config/Code/User/workspaceStorage/68e882bbe0e19ee7d9ce481bef1e990f/redhat.java/jdt_ws/.metadata/.plugins/org.eclipse.m2e.core/nexus/3c133827929a58a5192ae1988ebeded4/_f.fdt
7fb43ccb9000-7fb43ccba000 r--s 00000000 103:06 1978903                   /home/artur/.config/Code/User/workspaceStorage/68e882bbe0e19ee7d9ce481bef1e990f/redhat.java/jdt_ws/.metadata/.plugins/org.eclipse.m2e.core/nexus/3c133827929a58a5192ae1988ebeded4/_f.nvd
7fb43ccba000-7fb43ccbb000 r--s 00000000 103:06 1978830                   /home/artur/.config/Code/User/workspaceStorage/68e882bbe0e19ee7d9ce481bef1e990f/redhat.java/jdt_ws/.metadata/.plugins/org.eclipse.m2e.core/nexus/3c133827929a58a5192ae1988ebeded4/_f_Lucene50_0.tim
7fb43ccbb000-7fb43ccbc000 r--s 00000000 103:06 1978781                   /home/artur/.config/Code/User/workspaceStorage/68e882bbe0e19ee7d9ce481bef1e990f/redhat.java/jdt_ws/.metadata/.plugins/org.eclipse.m2e.core/nexus/3c133827929a58a5192ae1988ebeded4/_f_Lucene50_0.pos
7fb43ccbc000-7fb43ccc1000 rw-p 00000000 00:00 0 
7fb43ccc1000-7fb43ccc8000 ---p 00000000 00:00 0 
7fb43ccc8000-7fb43cce3000 r-xp 00000000 103:06 1924374                   /home/artur/.vscode/extensions/redhat.java-1.2.0/jre/17.0.1-linux-x86_64/lib/libjimage.so
7fb43cce3000-7fb43cee2000 ---p 0001b000 103:06 1924374                   /home/artur/.vscode/extensions/redhat.java-1.2.0/jre/17.0.1-linux-x86_64/lib/libjimage.so
7fb43cee2000-7fb43cee4000 r--p 0001a000 103:06 1924374                   /home/artur/.vscode/extensions/redhat.java-1.2.0/jre/17.0.1-linux-x86_64/lib/libjimage.so
7fb43cee4000-7fb43cee5000 rw-p 0001c000 103:06 1924374                   /home/artur/.vscode/extensions/redhat.java-1.2.0/jre/17.0.1-linux-x86_64/lib/libjimage.so
7fb43cee5000-7fb43cee9000 ---p 00000000 00:00 0 
7fb43cee9000-7fb43cfe6000 rw-p 00000000 00:00 0 
7fb43cfe6000-7fb43cff5000 r--p 00000000 103:06 3673997                   /lib/x86_64-linux-gnu/libm-2.31.so
7fb43cff5000-7fb43d09c000 r-xp 0000f000 103:06 3673997                   /lib/x86_64-linux-gnu/libm-2.31.so
7fb43d09c000-7fb43d133000 r--p 000b6000 103:06 3673997                   /lib/x86_64-linux-gnu/libm-2.31.so
7fb43d133000-7fb43d134000 r--p 0014c000 103:06 3673997                   /lib/x86_64-linux-gnu/libm-2.31.so
7fb43d134000-7fb43d135000 rw-p 0014d000 103:06 3673997                   /lib/x86_64-linux-gnu/libm-2.31.so
7fb43d135000-7fb43d138000 r--p 00000000 103:06 3674043                   /lib/x86_64-linux-gnu/librt-2.31.so
7fb43d138000-7fb43d13c000 r-xp 00003000 103:06 3674043                   /lib/x86_64-linux-gnu/librt-2.31.so
7fb43d13c000-7fb43d13d000 r--p 00007000 103:06 3674043                   /lib/x86_64-linux-gnu/librt-2.31.so
7fb43d13d000-7fb43d13e000 ---p 00008000 103:06 3674043                   /lib/x86_64-linux-gnu/librt-2.31.so
7fb43d13e000-7fb43d13f000 r--p 00008000 103:06 3674043                   /lib/x86_64-linux-gnu/librt-2.31.so
7fb43d13f000-7fb43d140000 rw-p 00009000 103:06 3674043                   /lib/x86_64-linux-gnu/librt-2.31.so
7fb43d140000-7fb43e41f000 r-xp 00000000 103:06 1924435                   /home/artur/.vscode/extensions/redhat.java-1.2.0/jre/17.0.1-linux-x86_64/lib/server/libjvm.so
7fb43e41f000-7fb43e61e000 ---p 012df000 103:06 1924435                   /home/artur/.vscode/extensions/redhat.java-1.2.0/jre/17.0.1-linux-x86_64/lib/server/libjvm.so
7fb43e61e000-7fb43e6d7000 r--p 012de000 103:06 1924435                   /home/artur/.vscode/extensions/redhat.java-1.2.0/jre/17.0.1-linux-x86_64/lib/server/libjvm.so
7fb43e6d7000-7fb43e70b000 rw-p 01397000 103:06 1924435                   /home/artur/.vscode/extensions/redhat.java-1.2.0/jre/17.0.1-linux-x86_64/lib/server/libjvm.so
7fb43e70b000-7fb43e767000 rw-p 00000000 00:00 0 
7fb43e767000-7fb43e78c000 r--p 00000000 103:06 3673989                   /lib/x86_64-linux-gnu/libc-2.31.so
7fb43e78c000-7fb43e904000 r-xp 00025000 103:06 3673989                   /lib/x86_64-linux-gnu/libc-2.31.so
7fb43e904000-7fb43e94e000 r--p 0019d000 103:06 3673989                   /lib/x86_64-linux-gnu/libc-2.31.so
7fb43e94e000-7fb43e94f000 ---p 001e7000 103:06 3673989                   /lib/x86_64-linux-gnu/libc-2.31.so
7fb43e94f000-7fb43e952000 r--p 001e7000 103:06 3673989                   /lib/x86_64-linux-gnu/libc-2.31.so
7fb43e952000-7fb43e955000 rw-p 001ea000 103:06 3673989                   /lib/x86_64-linux-gnu/libc-2.31.so
7fb43e955000-7fb43e959000 rw-p 00000000 00:00 0 
7fb43e959000-7fb43e95a000 r--p 00000000 103:06 3673993                   /lib/x86_64-linux-gnu/libdl-2.31.so
7fb43e95a000-7fb43e95c000 r-xp 00001000 103:06 3673993                   /lib/x86_64-linux-gnu/libdl-2.31.so
7fb43e95c000-7fb43e95d000 r--p 00003000 103:06 3673993                   /lib/x86_64-linux-gnu/libdl-2.31.so
7fb43e95d000-7fb43e95e000 r--p 00003000 103:06 3673993                   /lib/x86_64-linux-gnu/libdl-2.31.so
7fb43e95e000-7fb43e95f000 rw-p 00004000 103:06 3673993                   /lib/x86_64-linux-gnu/libdl-2.31.so
7fb43e95f000-7fb43e966000 r--p 00000000 103:06 3674039                   /lib/x86_64-linux-gnu/libpthread-2.31.so
7fb43e966000-7fb43e977000 r-xp 00007000 103:06 3674039                   /lib/x86_64-linux-gnu/libpthread-2.31.so
7fb43e977000-7fb43e97c000 r--p 00018000 103:06 3674039                   /lib/x86_64-linux-gnu/libpthread-2.31.so
7fb43e97c000-7fb43e97d000 r--p 0001c000 103:06 3674039                   /lib/x86_64-linux-gnu/libpthread-2.31.so
7fb43e97d000-7fb43e97e000 rw-p 0001d000 103:06 3674039                   /lib/x86_64-linux-gnu/libpthread-2.31.so
7fb43e97e000-7fb43e982000 rw-p 00000000 00:00 0 
7fb43e982000-7fb43e991000 r-xp 00000000 103:06 1924377                   /home/artur/.vscode/extensions/redhat.java-1.2.0/jre/17.0.1-linux-x86_64/lib/libjli.so
7fb43e991000-7fb43eb91000 ---p 0000f000 103:06 1924377                   /home/artur/.vscode/extensions/redhat.java-1.2.0/jre/17.0.1-linux-x86_64/lib/libjli.so
7fb43eb91000-7fb43eb92000 r--p 0000f000 103:06 1924377                   /home/artur/.vscode/extensions/redhat.java-1.2.0/jre/17.0.1-linux-x86_64/lib/libjli.so
7fb43eb92000-7fb43eb93000 rw-p 00010000 103:06 1924377                   /home/artur/.vscode/extensions/redhat.java-1.2.0/jre/17.0.1-linux-x86_64/lib/libjli.so
7fb43eb93000-7fb43eb95000 r--p 00000000 103:06 3672661                   /lib/x86_64-linux-gnu/libz.so.1.2.11
7fb43eb95000-7fb43eba6000 r-xp 00002000 103:06 3672661                   /lib/x86_64-linux-gnu/libz.so.1.2.11
7fb43eba6000-7fb43ebac000 r--p 00013000 103:06 3672661                   /lib/x86_64-linux-gnu/libz.so.1.2.11
7fb43ebac000-7fb43ebad000 ---p 00019000 103:06 3672661                   /lib/x86_64-linux-gnu/libz.so.1.2.11
7fb43ebad000-7fb43ebae000 r--p 00019000 103:06 3672661                   /lib/x86_64-linux-gnu/libz.so.1.2.11
7fb43ebae000-7fb43ebaf000 rw-p 0001a000 103:06 3672661                   /lib/x86_64-linux-gnu/libz.so.1.2.11
7fb43ebaf000-7fb43ebb0000 r--s 00000000 103:06 1978780                   /home/artur/.config/Code/User/workspaceStorage/68e882bbe0e19ee7d9ce481bef1e990f/redhat.java/jdt_ws/.metadata/.plugins/org.eclipse.m2e.core/nexus/3c133827929a58a5192ae1988ebeded4/_f_Lucene50_0.doc
7fb43ebb0000-7fb43ebb1000 r--s 00000000 103:06 1985653                   /home/artur/.config/Code/User/workspaceStorage/68e882bbe0e19ee7d9ce481bef1e990f/redhat.java/jdt_ws/.metadata/.plugins/org.eclipse.m2e.core/nexus/830bc118332e77292949ed1e6d2fabe0/_9.cfs
7fb43ebb1000-7fb43ebb2000 r--s 00000000 103:06 1979726                   /home/artur/.config/Code/User/workspaceStorage/68e882bbe0e19ee7d9ce481bef1e990f/redhat.java/jdt_ws/.metadata/.plugins/org.eclipse.m2e.core/nexus/830bc118332e77292949ed1e6d2fabe0/_8.cfs
7fb43ebb2000-7fb43ebb3000 r--s 00000000 103:06 1978144                   /home/artur/.config/Code/User/workspaceStorage/68e882bbe0e19ee7d9ce481bef1e990f/redhat.java/jdt_ws/.metadata/.plugins/org.eclipse.m2e.core/nexus/830bc118332e77292949ed1e6d2fabe0/_5.cfs
7fb43ebb3000-7fb43ebb4000 r--s 00000000 103:06 1978141                   /home/artur/.config/Code/User/workspaceStorage/68e882bbe0e19ee7d9ce481bef1e990f/redhat.java/jdt_ws/.metadata/.plugins/org.eclipse.m2e.core/nexus/830bc118332e77292949ed1e6d2fabe0/_4.cfs
7fb43ebb4000-7fb43ebb5000 r--s 00000000 103:06 1977991                   /home/artur/.config/Code/User/workspaceStorage/68e882bbe0e19ee7d9ce481bef1e990f/redhat.java/jdt_ws/.metadata/.plugins/org.eclipse.m2e.core/nexus/830bc118332e77292949ed1e6d2fabe0/_3.cfs
7fb43ebb5000-7fb43ebbd000 rw-s 00000000 103:06 3809707                   /tmp/hsperfdata_artur/201442
7fb43ebbd000-7fb43ebbf000 r--p 00000000 103:06 3674013                   /lib/x86_64-linux-gnu/libnss_compat-2.31.so
7fb43ebbf000-7fb43ebc6000 r-xp 00002000 103:06 3674013                   /lib/x86_64-linux-gnu/libnss_compat-2.31.so
7fb43ebc6000-7fb43ebc7000 r--p 00009000 103:06 3674013                   /lib/x86_64-linux-gnu/libnss_compat-2.31.so
7fb43ebc7000-7fb43ebc8000 r--p 00009000 103:06 3674013                   /lib/x86_64-linux-gnu/libnss_compat-2.31.so
7fb43ebc8000-7fb43ebc9000 rw-p 0000a000 103:06 3674013                   /lib/x86_64-linux-gnu/libnss_compat-2.31.so
7fb43ebc9000-7fb43ebca000 ---p 00000000 00:00 0 
7fb43ebca000-7fb43ebcb000 r--p 00000000 00:00 0 
7fb43ebcb000-7fb43ebcd000 rw-p 00000000 00:00 0 
7fb43ebcd000-7fb43ebce000 r--p 00000000 103:06 3673973                   /lib/x86_64-linux-gnu/ld-2.31.so
7fb43ebce000-7fb43ebf1000 r-xp 00001000 103:06 3673973                   /lib/x86_64-linux-gnu/ld-2.31.so
7fb43ebf1000-7fb43ebf9000 r--p 00024000 103:06 3673973                   /lib/x86_64-linux-gnu/ld-2.31.so
7fb43ebf9000-7fb43ebfa000 ---p 00000000 00:00 0 
7fb43ebfa000-7fb43ebfb000 r--p 0002c000 103:06 3673973                   /lib/x86_64-linux-gnu/ld-2.31.so
7fb43ebfb000-7fb43ebfc000 rw-p 0002d000 103:06 3673973                   /lib/x86_64-linux-gnu/ld-2.31.so
7fb43ebfc000-7fb43ebfd000 rw-p 00000000 00:00 0 
7ffe4394a000-7ffe4396c000 rw-p 00000000 00:00 0                          [stack]
7ffe439b4000-7ffe439b7000 r--p 00000000 00:00 0                          [vvar]
7ffe439b7000-7ffe439b8000 r-xp 00000000 00:00 0                          [vdso]
ffffffffff600000-ffffffffff601000 --xp 00000000 00:00 0                  [vsyscall]


VM Arguments:
jvm_args: --add-modules=ALL-SYSTEM --add-opens=java.base/java.util=ALL-UNNAMED --add-opens=java.base/java.lang=ALL-UNNAMED -Declipse.application=org.eclipse.jdt.ls.core.id1 -Dosgi.bundles.defaultStartLevel=4 -Declipse.product=org.eclipse.jdt.ls.core.product -Djava.import.generatesMetadataFilesAtProjectRoot=false -Dfile.encoding=utf8 -XX:+UseParallelGC -XX:GCTimeRatio=4 -XX:AdaptiveSizePolicyWeight=90 -Dsun.zip.disableMemoryMapping=true -Xmx2G -Xms100m -XX:+HeapDumpOnOutOfMemoryError -XX:HeapDumpPath=/home/artur/.config/Code/User/workspaceStorage/68e882bbe0e19ee7d9ce481bef1e990f/redhat.java 
java_command: /home/artur/.vscode/extensions/redhat.java-1.2.0/server/plugins/org.eclipse.equinox.launcher_1.6.400.v20210924-0641.jar -configuration /home/artur/.config/Code/User/globalStorage/redhat.java/1.2.0/config_linux -data /home/artur/.config/Code/User/workspaceStorage/68e882bbe0e19ee7d9ce481bef1e990f/redhat.java/jdt_ws
java_class_path (initial): /home/artur/.vscode/extensions/redhat.java-1.2.0/server/plugins/org.eclipse.equinox.launcher_1.6.400.v20210924-0641.jar
Launcher Type: SUN_STANDARD

[Global flags]
    uintx AdaptiveSizePolicyWeight                 = 90                                        {product} {command line}
     intx CICompilerCount                          = 4                                         {product} {ergonomic}
    uintx GCTimeRatio                              = 4                                         {product} {command line}
     bool HeapDumpOnOutOfMemoryError               = true                                   {manageable} {command line}
    ccstr HeapDumpPath                             = /home/artur/.config/Code/User/workspaceStorage/68e882bbe0e19ee7d9ce481bef1e990f/redhat.java         {manageable} {command line}
   size_t InitialHeapSize                          = 104857600                                 {product} {command line}
   size_t MaxHeapSize                              = 2147483648                                {product} {command line}
   size_t MaxNewSize                               = 715653120                                 {product} {ergonomic}
   size_t MinHeapDeltaBytes                        = 524288                                    {product} {ergonomic}
   size_t MinHeapSize                              = 104857600                                 {product} {command line}
   size_t NewSize                                  = 34603008                                  {product} {ergonomic}
    uintx NonNMethodCodeHeapSize                   = 5839372                                {pd product} {ergonomic}
    uintx NonProfiledCodeHeapSize                  = 122909434                              {pd product} {ergonomic}
   size_t OldSize                                  = 70254592                                  {product} {ergonomic}
    uintx ProfiledCodeHeapSize                     = 122909434                              {pd product} {ergonomic}
    uintx ReservedCodeCacheSize                    = 251658240                              {pd product} {ergonomic}
     bool SegmentedCodeCache                       = true                                      {product} {ergonomic}
   size_t SoftMaxHeapSize                          = 2147483648                             {manageable} {ergonomic}
     bool UseCompressedClassPointers               = true                           {product lp64_product} {ergonomic}
     bool UseCompressedOops                        = true                           {product lp64_product} {ergonomic}
     bool UseParallelGC                            = true                                      {product} {command line}

Logging:
Log output configuration:
 #0: stdout all=warning uptime,level,tags
 #1: stderr all=off uptime,level,tags

Environment Variables:
JAVA_HOME=/usr/lib/jvm/java-11-openjdk-amd64
CLASSPATH=.:/usr/local/lib/antlr-4.9.2-complete.jar:/usr/local/lib/ST-4.3.1.jar:
PATH=/home/artur/.nvm/versions/node/v14.17.0/bin:/home/artur/.local/bin:/usr/local/sbin:/usr/local/bin:/usr/sbin:/usr/bin:/sbin:/bin:/usr/games:/usr/local/games:/snap/bin:/usr/lib/jvm/java-16-oracle/bin:/usr/lib/jvm/java-16-oracle/db/bin:/opt/bin:.:
USERNAME=artur
SHELL=/bin/bash
DISPLAY=:0
LANG=en_US.UTF-8
LC_CTYPE=pt_PT.UTF-8

Signal Handlers:
   SIGSEGV: crash_handler in libjvm.so, mask=11100100010111111101111111111110, flags=SA_RESTART|SA_SIGINFO
    SIGBUS: crash_handler in libjvm.so, mask=11100100010111111101111111111110, flags=SA_RESTART|SA_SIGINFO
    SIGFPE: crash_handler in libjvm.so, mask=11100100010111111101111111111110, flags=SA_RESTART|SA_SIGINFO
   SIGPIPE: javaSignalHandler in libjvm.so, mask=11100100010111111101111111111110, flags=SA_RESTART|SA_SIGINFO
   SIGXFSZ: javaSignalHandler in libjvm.so, mask=11100100010111111101111111111110, flags=SA_RESTART|SA_SIGINFO
    SIGILL: crash_handler in libjvm.so, mask=11100100010111111101111111111110, flags=SA_RESTART|SA_SIGINFO
   SIGUSR2: SR_handler in libjvm.so, mask=00000000000000000000000000000000, flags=SA_RESTART|SA_SIGINFO
    SIGHUP: UserHandler in libjvm.so, mask=11100100010111111101111111111110, flags=SA_RESTART|SA_SIGINFO
    SIGINT: UserHandler in libjvm.so, mask=11100100010111111101111111111110, flags=SA_RESTART|SA_SIGINFO
   SIGTERM: UserHandler in libjvm.so, mask=11100100010111111101111111111110, flags=SA_RESTART|SA_SIGINFO
   SIGQUIT: UserHandler in libjvm.so, mask=11100100010111111101111111111110, flags=SA_RESTART|SA_SIGINFO
   SIGTRAP: crash_handler in libjvm.so, mask=11100100010111111101111111111110, flags=SA_RESTART|SA_SIGINFO


---------------  S Y S T E M  ---------------

OS:
DISTRIB_ID=Ubuntu
DISTRIB_RELEASE=20.04
DISTRIB_CODENAME=focal
DISTRIB_DESCRIPTION="Ubuntu 20.04.3 LTS"
uname: Linux 5.4.0-90-generic #101-Ubuntu SMP Fri Oct 15 20:00:55 UTC 2021 x86_64
OS uptime: 1 days 2:27 hours
libc: glibc 2.31 NPTL 2.31 
rlimit (soft/hard): STACK 8192k/infinity , CORE 0k/infinity , NPROC 63176/63176 , NOFILE 1048576/1048576 , AS infinity/infinity , CPU infinity/infinity , DATA infinity/infinity , FSIZE infinity/infinity , MEMLOCK 65536k/65536k
load average: 2,25 0,87 0,61

/proc/meminfo:
MemTotal:       16235992 kB
MemFree:         1530840 kB
MemAvailable:    6236088 kB
Buffers:          691232 kB
Cached:          4967668 kB
SwapCached:         2316 kB
Active:         10420788 kB
Inactive:        3251600 kB
Active(anon):    7466624 kB
Inactive(anon):  1480428 kB
Active(file):    2954164 kB
Inactive(file):  1771172 kB
Unevictable:      173900 kB
Mlocked:             160 kB
SwapTotal:       2097148 kB
SwapFree:        2034880 kB
Dirty:             21348 kB
Writeback:             0 kB
AnonPages:       8185952 kB
Mapped:          1551924 kB
Shmem:            939240 kB
KReclaimable:     321964 kB
Slab:             607500 kB
SReclaimable:     321964 kB
SUnreclaim:       285536 kB
KernelStack:       33280 kB
PageTables:        90768 kB
NFS_Unstable:          0 kB
Bounce:                0 kB
WritebackTmp:          0 kB
CommitLimit:    10215144 kB
Committed_AS:   29414096 kB
VmallocTotal:   34359738367 kB
VmallocUsed:       59220 kB
VmallocChunk:          0 kB
Percpu:            17728 kB
HardwareCorrupted:     0 kB
AnonHugePages:         0 kB
ShmemHugePages:        0 kB
ShmemPmdMapped:        0 kB
FileHugePages:         0 kB
FilePmdMapped:         0 kB
CmaTotal:              0 kB
CmaFree:               0 kB
HugePages_Total:       0
HugePages_Free:        0
HugePages_Rsvd:        0
HugePages_Surp:        0
Hugepagesize:       2048 kB
Hugetlb:               0 kB
DirectMap4k:      750176 kB
DirectMap2M:    15867904 kB
DirectMap1G:           0 kB

/sys/kernel/mm/transparent_hugepage/enabled: always [madvise] never
/sys/kernel/mm/transparent_hugepage/defrag (defrag/compaction efforts parameter): always defer defer+madvise [madvise] never

Process Memory:
Virtual Size: 7338192K (peak: 7341336K)
Resident Set Size: 397616K (peak: 400736K) (anon: 362400K, file: 35216K, shmem: 0K)
Swapped out: 0K
C-Heap outstanding allocations: 91229K

/proc/sys/kernel/threads-max (system-wide limit on the number of threads): 126352
/proc/sys/vm/max_map_count (maximum number of memory map areas a process may have): 1048575
/proc/sys/kernel/pid_max (system-wide limit on number of process identifiers): 4194304

container (cgroup) information:
container_type: cgroupv1
cpu_cpuset_cpus: 0-11
cpu_memory_nodes: 0
active_processor_count: 12
cpu_quota: no quota
cpu_period: 100000
cpu_shares: no shares
memory_limit_in_bytes: unlimited
memory_and_swap_limit_in_bytes: not supported
memory_soft_limit_in_bytes: unlimited
memory_usage_in_bytes: 11224461312
memory_max_usage_in_bytes: 12831219712

Steal ticks since vm start: 0
Steal ticks percentage since vm start:  0,000

CPU: total 12 (initial active 12) (6 cores per cpu, 2 threads per core) family 6 model 158 stepping 13 microcode 0xea, cx8, cmov, fxsr, ht, mmx, 3dnowpref, sse, sse2, sse3, ssse3, sse4.1, sse4.2, popcnt, lzcnt, tsc, tscinvbit, avx, avx2, aes, erms, clmul, bmi1, bmi2, adx, fma, vzeroupper, clflush, clflushopt
CPU Model and flags from /proc/cpuinfo:
model name	: Intel(R) Core(TM) i7-9750H CPU @ 2.60GHz
flags		: fpu vme de pse tsc msr pae mce cx8 apic sep mtrr pge mca cmov pat pse36 clflush dts acpi mmx fxsr sse sse2 ss ht tm pbe syscall nx pdpe1gb rdtscp lm constant_tsc art arch_perfmon pebs bts rep_good nopl xtopology nonstop_tsc cpuid aperfmperf pni pclmulqdq dtes64 monitor ds_cpl vmx est tm2 ssse3 sdbg fma cx16 xtpr pdcm pcid sse4_1 sse4_2 x2apic movbe popcnt tsc_deadline_timer aes xsave avx f16c rdrand lahf_lm abm 3dnowprefetch cpuid_fault epb invpcid_single ssbd ibrs ibpb stibp ibrs_enhanced tpr_shadow vnmi flexpriority ept vpid ept_ad fsgsbase tsc_adjust bmi1 avx2 smep bmi2 erms invpcid mpx rdseed adx smap clflushopt intel_pt xsaveopt xsavec xgetbv1 xsaves dtherm ida arat pln pts hwp hwp_notify hwp_act_window hwp_epp md_clear flush_l1d arch_capabilities

Online cpus: 0-11
Offline cpus: 
BIOS frequency limitation: <Not Available>
Frequency switch latency (ns): 0
Available cpu frequencies: <Not Available>
Current governor: powersave
Core performance/turbo boost: <Not Available>

Memory: 4k page, physical 16235992k(1530840k free), swap 2097148k(2034880k free)
Page Sizes: 4k

vm_info: OpenJDK 64-Bit Server VM (17.0.1+12) for linux-amd64 JRE (17.0.1+12), built on Oct 20 2021 12:00:24 by "" with gcc 7.5.0

END.
