#
# A fatal error has been detected by the Java Runtime Environment:
#
#  SIGSEGV (0xb) at pc=0x00007f8d25bf2b35, pid=186430, tid=186434
#
# JRE version: OpenJDK Runtime Environment Temurin-17.0.1+12 (17.0.1+12) (build 17.0.1+12)
# Java VM: OpenJDK 64-Bit Server VM Temurin-17.0.1+12 (17.0.1+12, mixed mode, tiered, compressed oops, compressed class ptrs, parallel gc, linux-amd64)
# Problematic frame:
# V  [libjvm.so+0xcaab35]  PSParallelCompact::IsAliveClosure::do_object_b(oopDesc*)+0x35
#
# Core dump will be written. Default location: Core dumps may be processed with "/usr/share/apport/apport %p %s %c %d %P %E" (or dumping to /home/artur/Desktop/3ano/IES/medical-management-system/Project/core.186430)
#
# If you would like to submit a bug report, please visit:
#   https://github.com/adoptium/adoptium-support/issues
#

---------------  S U M M A R Y ------------

Command Line: --add-modules=ALL-SYSTEM --add-opens=java.base/java.util=ALL-UNNAMED --add-opens=java.base/java.lang=ALL-UNNAMED -Declipse.application=org.eclipse.jdt.ls.core.id1 -Dosgi.bundles.defaultStartLevel=4 -Declipse.product=org.eclipse.jdt.ls.core.product -Djava.import.generatesMetadataFilesAtProjectRoot=false -Dfile.encoding=utf8 -XX:+UseParallelGC -XX:GCTimeRatio=4 -XX:AdaptiveSizePolicyWeight=90 -Dsun.zip.disableMemoryMapping=true -Xmx1G -Xms100m -XX:+HeapDumpOnOutOfMemoryError -XX:HeapDumpPath=/home/artur/.config/Code/User/workspaceStorage/68e882bbe0e19ee7d9ce481bef1e990f/redhat.java /home/artur/.vscode/extensions/redhat.java-1.2.0/server/plugins/org.eclipse.equinox.launcher_1.6.400.v20210924-0641.jar -configuration /home/artur/.config/Code/User/globalStorage/redhat.java/1.2.0/config_linux -data /home/artur/.config/Code/User/workspaceStorage/68e882bbe0e19ee7d9ce481bef1e990f/redhat.java/jdt_ws

Host: Intel(R) Core(TM) i7-9750H CPU @ 2.60GHz, 12 cores, 15G, Ubuntu 20.04.3 LTS
Time: Wed Jan 12 23:39:47 2022 WET elapsed time: 3.259424 seconds (0d 0h 0m 3s)

---------------  T H R E A D  ---------------

Current thread (0x00007f8d20217a10):  VMThread "VM Thread" [stack: 0x00007f8d055df000,0x00007f8d056df000] [id=186434]

Stack: [0x00007f8d055df000,0x00007f8d056df000],  sp=0x00007f8d056dce38,  free space=1015k
Native frames: (J=compiled Java code, j=interpreted, Vv=VM code, C=native code)
V  [libjvm.so+0xcaab35]  PSParallelCompact::IsAliveClosure::do_object_b(oopDesc*)+0x35
V  [libjvm.so+0xbf57ce]  nmethod::oops_do(OopClosure*, bool)+0x18e
V  [libjvm.so+0x7957f7]  ClosureIsUnloadingBehaviour::is_unloading(CompiledMethod*) const+0x47
V  [libjvm.so+0xbf4f92]  nmethod::do_unloading(bool)+0xb2
V  [libjvm.so+0x5af7f4]  CodeCache::do_unloading(BoolObjectClosure*, bool)+0x194
V  [libjvm.so+0xcb0afa]  PSParallelCompact::marking_phase(ParCompactionManager*, bool, ParallelOldTracer*)+0x90a
V  [libjvm.so+0xcb0f5e]  PSParallelCompact::invoke_no_policy(bool) [clone .part.311]+0x3ae
V  [libjvm.so+0xcb9196]  PSScavenge::invoke()+0xb6
V  [libjvm.so+0xc5e6ca]  ParallelScavengeHeap::failed_mem_allocate(unsigned long)+0x2a
V  [libjvm.so+0xcbbadd]  VM_ParallelGCFailedAllocation::doit()+0x4d
V  [libjvm.so+0xf82683]  VM_Operation::evaluate()+0x173
V  [libjvm.so+0xf84186]  VMThread::evaluate_operation(VM_Operation*)+0x106
V  [libjvm.so+0xf846f5]  VMThread::inner_execute(VM_Operation*)+0x1d5
V  [libjvm.so+0xf849cf]  VMThread::run()+0xbf
V  [libjvm.so+0xf01b62]  Thread::call_run()+0xe2
V  [libjvm.so+0xc3ccd1]  thread_native_entry(Thread*)+0xe1


siginfo: si_signo: 11 (SIGSEGV), si_code: 128 (SI_KERNEL), si_addr: 0x0000000000000000

Register to memory mapping:

RAX=0x0000000100000000 is pointing into metadata
RBX=0x00007f8d056dcf50 points into unknown readable memory: 0x00007f8d26433e78 | 78 3e 43 26 8d 7f 00 00
RCX=0x0000000000000020 is an unknown value
RDX=0x00007f8d0c403000 points into unknown readable memory: 0x0000000000000001 | 01 00 00 00 00 00 00 00
RSP=0x00007f8d056dce38 points into unknown readable memory: 0x00007f8d256dd863 | 63 d8 6d 25 8d 7f 00 00
RBP=0x00007f8d056dce50 points into unknown readable memory: 0x00007f8d056dcf40 | 40 cf 6d 05 8d 7f 00 00
RSI=0x006e245f23a62345 is an unknown value
RDI=0x00007f8d264f7d88: <offset 0x00000000015afd88> in /home/artur/.vscode/extensions/redhat.java-1.2.0/jre/17.0.1-linux-x86_64/lib/server/libjvm.so at 0x00007f8d24f48000
R8 =0x00007f8d0ed233c0 is at entry_point+0 in (nmethod*)0x00007f8d0ed23210
R9 =0x00007f8d056dce98 points into unknown readable memory: 0x00007f8d0ed22f40 | 40 2f d2 0e 8d 7f 00 00
R10=0x00007f8d056dced0 points into unknown readable memory: 0x00007f8d0ed235e0 | e0 35 d2 0e 8d 7f 00 00
R11=0x000000000000aa8b is an unknown value
R12=0x00007f8d056dcf50 points into unknown readable memory: 0x00007f8d26433e78 | 78 3e 43 26 8d 7f 00 00
R13=0x00007f8d0ed23210 is at entry_point+-432 in (nmethod*)0x00007f8d0ed23210
R14=0x00007f8d056dce70 points into unknown readable memory: 0x0000000000000000 | 00 00 00 00 00 00 00 00
R15=0x00007f8d256dd840: <offset 0x0000000000795840> in /home/artur/.vscode/extensions/redhat.java-1.2.0/jre/17.0.1-linux-x86_64/lib/server/libjvm.so at 0x00007f8d24f48000


Registers:
RAX=0x0000000100000000, RBX=0x00007f8d056dcf50, RCX=0x0000000000000020, RDX=0x00007f8d0c403000
RSP=0x00007f8d056dce38, RBP=0x00007f8d056dce50, RSI=0x006e245f23a62345, RDI=0x00007f8d264f7d88
R8 =0x00007f8d0ed233c0, R9 =0x00007f8d056dce98, R10=0x00007f8d056dced0, R11=0x000000000000aa8b
R12=0x00007f8d056dcf50, R13=0x00007f8d0ed23210, R14=0x00007f8d056dce70, R15=0x00007f8d256dd840
RIP=0x00007f8d25bf2b35, EFLAGS=0x0000000000010206, CSGSFS=0x002b000000000033, ERR=0x0000000000000000
  TRAPNO=0x000000000000000d

Top of Stack: (sp=0x00007f8d056dce38)
0x00007f8d056dce38:   00007f8d256dd863 00007f8d056dcf50
0x00007f8d056dce48:   00007f8d056dcee0 00007f8d056dcf40
0x00007f8d056dce58:   00007f8d25b3d7ce 00007f8d0ed230f9
0x00007f8d056dce68:   00007f8d056dce70 0000000000000000 

Instructions: (pc=0x00007f8d25bf2b35)
0x00007f8d25bf2a35:   c0 e8 55 0e 97 ff e8 90 c7 f8 ff 49 8b 45 10 49
0x00007f8d25bf2a45:   c1 ec 09 48 8b 40 78 42 80 3c 20 ff 74 4d 48 83
0x00007f8d25bf2a55:   c4 08 5b 41 5c 41 5d 41 5e 41 5f 5d c3 66 0f 1f
0x00007f8d25bf2a65:   44 00 00 48 8b 07 4c 89 f6 ff 90 00 01 00 00 e9
0x00007f8d25bf2a75:   11 ff ff ff 0f 1f 80 00 00 00 00 48 0f be 12 80
0x00007f8d25bf2a85:   fa ff 74 5f 4d 89 f8 49 81 e0 00 fe ff ff 4d 8d
0x00007f8d25bf2a95:   34 d0 e9 66 fe ff ff 0f 1f 40 00 48 8d 05 81 08
0x00007f8d25bf2aa5:   8f 00 48 8d 0d 02 21 3f 00 48 8d 15 2b 21 3f 00
0x00007f8d25bf2ab5:   48 8d 3d c4 20 3f 00 be 9d 01 00 00 48 8b 00 c6
0x00007f8d25bf2ac5:   00 58 31 c0 e8 c2 0d 97 ff 48 83 c4 08 5b 41 5c
0x00007f8d25bf2ad5:   41 5d 41 5e 41 5f 5d e9 ef c6 f8 ff 0f 1f 80 00
0x00007f8d25bf2ae5:   00 00 00 4c 8b 46 58 48 8b 56 50 4e 8d 34 c2 e9
0x00007f8d25bf2af5:   09 fe ff ff 0f 1f 80 00 00 00 00 48 8d 05 e1 11
0x00007f8d25bf2b05:   8f 00 48 2b 35 52 29 95 00 55 48 8b 15 5a 29 95
0x00007f8d25bf2b15:   00 8b 08 b8 01 00 00 00 48 89 e5 48 c1 ee 03 5d
0x00007f8d25bf2b25:   48 d3 ee 48 89 f1 48 c1 ee 06 83 e1 3f 48 d3 e0
0x00007f8d25bf2b35:   48 85 04 f2 0f 95 c0 c3 90 66 90 8b 41 1c 55 48
0x00007f8d25bf2b45:   89 e5 25 ff ff ff 07 0d 00 00 00 60 89 41 1c 5d
0x00007f8d25bf2b55:   c3 66 2e 0f 1f 84 00 00 00 00 00 55 48 8b 3f 49
0x00007f8d25bf2b65:   89 f0 49 c1 e8 06 48 89 f1 83 e1 3f 48 89 e5 4a
0x00007f8d25bf2b75:   8b 04 c7 48 d3 e8 48 89 c1 48 89 f0 f6 c1 01 75
0x00007f8d25bf2b85:   17 48 89 d6 48 c1 ee 06 48 85 c9 74 17 f3 48 0f
0x00007f8d25bf2b95:   bc c9 48 63 c9 48 01 c8 5d c3 90 4a 8b 0c c7 48
0x00007f8d25bf2ba5:   85 c9 75 17 49 83 c0 01 4c 39 c6 77 ee 48 89 d0
0x00007f8d25bf2bb5:   5d c3 66 0f 1f 84 00 00 00 00 00 f3 48 0f bc c9
0x00007f8d25bf2bc5:   49 c1 e0 06 48 63 f1 49 8d 04 30 5d c3 0f 1f 40
0x00007f8d25bf2bd5:   00 66 2e 0f 1f 84 00 00 00 00 00 48 8b 47 40 4c
0x00007f8d25bf2be5:   8d 41 24 be 02 00 00 00 48 89 41 08 b8 01 00 00
0x00007f8d25bf2bf5:   00 f0 41 0f b1 30 8b 41 1c 3d ff ff ff 07 77 22
0x00007f8d25bf2c05:   8b 71 1c 4c 8d 51 1c 81 e6 ff ff ff 07 41 89 f1
0x00007f8d25bf2c15:   89 f0 41 81 c9 00 00 00 40 f0 45 0f b1 0a 39 c6
0x00007f8d25bf2c25:   74 0a 8b 41 1c 3d ff ff ff 3f 76 1f be 03 00 00 


Stack slot to memory mapping:
stack at sp + 0 slots: 0x00007f8d256dd863: <offset 0x0000000000795863> in /home/artur/.vscode/extensions/redhat.java-1.2.0/jre/17.0.1-linux-x86_64/lib/server/libjvm.so at 0x00007f8d24f48000
stack at sp + 1 slots: 0x00007f8d056dcf50 points into unknown readable memory: 0x00007f8d26433e78 | 78 3e 43 26 8d 7f 00 00
stack at sp + 2 slots: 0x00007f8d056dcee0 points into unknown readable memory: 0x00007f8d2643bd00 | 00 bd 43 26 8d 7f 00 00
stack at sp + 3 slots: 0x00007f8d056dcf40 points into unknown readable memory: 0x00007f8d056dcf80 | 80 cf 6d 05 8d 7f 00 00
stack at sp + 4 slots: 0x00007f8d25b3d7ce: <offset 0x0000000000bf57ce> in /home/artur/.vscode/extensions/redhat.java-1.2.0/jre/17.0.1-linux-x86_64/lib/server/libjvm.so at 0x00007f8d24f48000
stack at sp + 5 slots: 0x00007f8d0ed230f9 is at entry_point+441 in (nmethod*)0x00007f8d0ed22d90
stack at sp + 6 slots: 0x00007f8d056dce70 points into unknown readable memory: 0x0000000000000000 | 00 00 00 00 00 00 00 00
stack at sp + 7 slots: 0x0 is NULL

VM_Operation (0x00007f8ccdffc3b0): ParallelGCFailedAllocation, mode: safepoint, requested by thread 0x00007f8c98000f50


---------------  P R O C E S S  ---------------

Threads class SMR info:
_java_thread_list=0x00007f8c3414d210, length=37, elements={
0x00007f8d20026160, 0x00007f8d20227a60, 0x00007f8d20228fd0, 0x00007f8d20251580,
0x00007f8d20254e90, 0x00007f8d20255de0, 0x00007f8d20257430, 0x00007f8d202588e0,
0x00007f8d20261d10, 0x00007f8d202d7220, 0x00007f8d2032a940, 0x00007f8cec085fb0,
0x00007f8d20437b70, 0x00007f8d205297b0, 0x00007f8d20553100, 0x00007f8d20581af0,
0x00007f8cc00300d0, 0x00007f8cc00b2b50, 0x00007f8cc0264500, 0x00007f8cc030d9f0,
0x00007f8c98000f50, 0x00007f8cc054e600, 0x00007f8d205c8a10, 0x00007f8d2065db60,
0x00007f8c8c000e70, 0x00007f8ce04fa7b0, 0x00007f8c98246b60, 0x00007f8c78424fe0,
0x00007f8c741bb300, 0x00007f8c741bcce0, 0x00007f8c741bde10, 0x00007f8c741becf0,
0x00007f8c741bfbb0, 0x00007f8c741c0c90, 0x00007f8c741c2510, 0x00007f8c741c38c0,
0x00007f8c741c4da0
}

Java Threads: ( => current thread )
  0x00007f8d20026160 JavaThread "main" [_thread_blocked, id=186431, stack(0x00007f8d24ced000,0x00007f8d24dee000)]
  0x00007f8d20227a60 JavaThread "Reference Handler" daemon [_thread_blocked, id=186435, stack(0x00007f8d054dc000,0x00007f8d055dd000)]
  0x00007f8d20228fd0 JavaThread "Finalizer" daemon [_thread_blocked, id=186436, stack(0x00007f8d053db000,0x00007f8d054dc000)]
  0x00007f8d20251580 JavaThread "Signal Dispatcher" daemon [_thread_blocked, id=186437, stack(0x00007f8d04d69000,0x00007f8d04e6a000)]
  0x00007f8d20254e90 JavaThread "Service Thread" daemon [_thread_blocked, id=186438, stack(0x00007f8d04c68000,0x00007f8d04d69000)]
  0x00007f8d20255de0 JavaThread "Monitor Deflation Thread" daemon [_thread_blocked, id=186439, stack(0x00007f8d04b67000,0x00007f8d04c68000)]
  0x00007f8d20257430 JavaThread "C2 CompilerThread0" daemon [_thread_blocked, id=186440, stack(0x00007f8d04a66000,0x00007f8d04b67000)]
  0x00007f8d202588e0 JavaThread "C1 CompilerThread0" daemon [_thread_blocked, id=186441, stack(0x00007f8d04965000,0x00007f8d04a66000)]
  0x00007f8d20261d10 JavaThread "Sweeper thread" daemon [_thread_blocked, id=186442, stack(0x00007f8d04864000,0x00007f8d04965000)]
  0x00007f8d202d7220 JavaThread "Common-Cleaner" daemon [_thread_blocked, id=186443, stack(0x00007f8d04763000,0x00007f8d04864000)]
  0x00007f8d2032a940 JavaThread "Notification Thread" daemon [_thread_blocked, id=186444, stack(0x00007f8d04662000,0x00007f8d04763000)]
  0x00007f8cec085fb0 JavaThread "C2 CompilerThread1" daemon [_thread_blocked, id=186446, stack(0x00007f8d04036000,0x00007f8d04137000)]
  0x00007f8d20437b70 JavaThread "process reaper" daemon [_thread_blocked, id=186448, stack(0x00007f8d0c0bb000,0x00007f8d0c0dd000)]
  0x00007f8d205297b0 JavaThread "Active Thread: Equinox Container: 8f119adf-d2ec-4f83-9443-7cebd582a856" [_thread_blocked, id=186457, stack(0x00007f8ccf6ff000,0x00007f8ccf800000)]
  0x00007f8d20553100 JavaThread "Framework Event Dispatcher: Equinox Container: 8f119adf-d2ec-4f83-9443-7cebd582a856" daemon [_thread_blocked, id=186460, stack(0x00007f8ccf5fe000,0x00007f8ccf6ff000)]
  0x00007f8d20581af0 JavaThread "Start Level: Equinox Container: 8f119adf-d2ec-4f83-9443-7cebd582a856" daemon [_thread_blocked, id=186461, stack(0x00007f8ccf4fd000,0x00007f8ccf5fe000)]
  0x00007f8cc00300d0 JavaThread "SCR Component Actor" daemon [_thread_blocked, id=186468, stack(0x00007f8ccebdf000,0x00007f8ccece0000)]
  0x00007f8cc00b2b50 JavaThread "Timer-0" [_thread_blocked, id=186470, stack(0x00007f8cceade000,0x00007f8ccebdf000)]
  0x00007f8cc0264500 JavaThread "Worker-JM" [_thread_blocked, id=186472, stack(0x00007f8cce9dd000,0x00007f8cceade000)]
  0x00007f8cc030d9f0 JavaThread "Worker-0: Initialize workspace" [_thread_blocked, id=186473, stack(0x00007f8cce8dc000,0x00007f8cce9dd000)]
  0x00007f8c98000f50 JavaThread "Worker-1: Building" [_thread_blocked, id=186475, stack(0x00007f8ccdeff000,0x00007f8cce000000)]
  0x00007f8cc054e600 JavaThread "Java indexing" daemon [_thread_blocked, id=186479, stack(0x00007f8ccdaf8000,0x00007f8ccdbf9000)]
  0x00007f8d205c8a10 JavaThread "pool-3-thread-1" [_thread_blocked, id=186490, stack(0x00007f8ccceff000,0x00007f8ccd000000)]
  0x00007f8d2065db60 JavaThread "pool-2-thread-1" [_thread_in_native, id=186491, stack(0x00007f8cccdfe000,0x00007f8ccceff000)]
  0x00007f8c8c000e70 JavaThread "Worker-2" [_thread_blocked, id=186492, stack(0x00007f8ccccfd000,0x00007f8cccdfe000)]
  0x00007f8ce04fa7b0 JavaThread "C2 CompilerThread2" daemon [_thread_blocked, id=186493, stack(0x00007f8cccbfc000,0x00007f8ccccfd000)]
  0x00007f8c98246b60 JavaThread "Keep-Alive-Timer" daemon [_thread_blocked, id=186496, stack(0x00007f8ccc384000,0x00007f8ccc485000)]
  0x00007f8c78424fe0 JavaThread "Bundle File Closer" daemon [_thread_blocked, id=186511, stack(0x00007f8ccc8f8000,0x00007f8ccc9f9000)]
  0x00007f8c741bb300 JavaThread "ForkJoinPool.commonPool-worker-1" daemon [_thread_blocked, id=186515, stack(0x00007f8ccc7f7000,0x00007f8ccc8f8000)]
  0x00007f8c741bcce0 JavaThread "ForkJoinPool.commonPool-worker-2" daemon [_thread_blocked, id=186516, stack(0x00007f8ccc6f6000,0x00007f8ccc7f7000)]
  0x00007f8c741bde10 JavaThread "ForkJoinPool.commonPool-worker-3" daemon [_thread_blocked, id=186517, stack(0x00007f8ccc5f5000,0x00007f8ccc6f6000)]
  0x00007f8c741becf0 JavaThread "ForkJoinPool.commonPool-worker-4" daemon [_thread_blocked, id=186518, stack(0x00007f8ccc4f4000,0x00007f8ccc5f5000)]
  0x00007f8c741bfbb0 JavaThread "ForkJoinPool.commonPool-worker-5" daemon [_thread_blocked, id=186519, stack(0x00007f8ccc283000,0x00007f8ccc384000)]
  0x00007f8c741c0c90 JavaThread "ForkJoinPool.commonPool-worker-6" daemon [_thread_blocked, id=186520, stack(0x00007f8ccc182000,0x00007f8ccc283000)]
  0x00007f8c741c2510 JavaThread "ForkJoinPool.commonPool-worker-7" daemon [_thread_blocked, id=186521, stack(0x00007f8ccc081000,0x00007f8ccc182000)]
  0x00007f8c741c38c0 JavaThread "ForkJoinPool.commonPool-worker-8" daemon [_thread_blocked, id=186522, stack(0x00007f8c73eff000,0x00007f8c74000000)]
  0x00007f8c741c4da0 JavaThread "ForkJoinPool.commonPool-worker-9" daemon [_thread_blocked, id=186523, stack(0x00007f8c73dfe000,0x00007f8c73eff000)]

Other Threads:
=>0x00007f8d20217a10 VMThread "VM Thread" [stack: 0x00007f8d055df000,0x00007f8d056df000] [id=186434]
  0x00007f8d20070540 WatcherThread [stack: 0x00007f8d04562000,0x00007f8d04662000] [id=186445]
  0x00007f8d2003ce90 GCTaskThread "GC Thread#0" [stack: 0x00007f8d24376000,0x00007f8d24476000] [id=186432]
  0x00007f8d00001110 GCTaskThread "GC Thread#1" [stack: 0x00007f8ccf3fd000,0x00007f8ccf4fd000] [id=186462]
  0x00007f8d00001b10 GCTaskThread "GC Thread#2" [stack: 0x00007f8ccf2fb000,0x00007f8ccf3fb000] [id=186463]
  0x00007f8d00002510 GCTaskThread "GC Thread#3" [stack: 0x00007f8ccf1f9000,0x00007f8ccf2f9000] [id=186464]
  0x00007f8d000041d0 GCTaskThread "GC Thread#4" [stack: 0x00007f8ccf0f7000,0x00007f8ccf1f7000] [id=186465]
  0x00007f8d00004bd0 GCTaskThread "GC Thread#5" [stack: 0x00007f8cceff5000,0x00007f8ccf0f5000] [id=186466]
  0x00007f8d000055d0 GCTaskThread "GC Thread#6" [stack: 0x00007f8cceef3000,0x00007f8cceff3000] [id=186467]
  0x00007f8d00003650 GCTaskThread "GC Thread#7" [stack: 0x00007f8ccddff000,0x00007f8ccdeff000] [id=186476]
  0x00007f8d000061d0 GCTaskThread "GC Thread#8" [stack: 0x00007f8ccdcfd000,0x00007f8ccddfd000] [id=186477]
  0x00007f8d00006780 GCTaskThread "GC Thread#9" [stack: 0x00007f8ccdbfb000,0x00007f8ccdcfb000] [id=186478]

Threads with active compile tasks:
C2 CompilerThread0     3273 5393   !   4       org.eclipse.osgi.internal.loader.BundleLoader::findLocalClass (152 bytes)
C1 CompilerThread0     3273 5657       3       org.apache.maven.model.InputLocation::setLocation (88 bytes)
C2 CompilerThread1     3273 5540   !   4       java.util.zip.InflaterInputStream::read (138 bytes)
C2 CompilerThread2     3273 5550       4       org.codehaus.plexus.util.xml.pull.MXParser::parseStartTag (1195 bytes)

VM state: at safepoint (normal execution)

VM Mutex/Monitor currently owned by a thread:  ([mutex/lock_event])
[0x00007f8d20021210] Threads_lock - owner thread: 0x00007f8d20217a10
[0x00007f8d200219c0] Heap_lock - owner thread: 0x00007f8c98000f50

Heap address: 0x00000000c0000000, size: 1024 MB, Compressed Oops mode: 32-bit

CDS archive(s) not mapped
Compressed class space mapped at: 0x0000000100000000-0x0000000140000000, reserved size: 1073741824
Narrow klass base: 0x0000000000000000, Narrow klass shift: 3, Narrow klass range: 0x140000000

GC Precious Log:
 CPUs: 12 total, 12 available
 Memory: 15855M
 Large Page Support: Disabled
 NUMA Support: Disabled
 Compressed Oops: Enabled (32-bit)
 Alignments: Space 512K, Generation 512K, Heap 2M
 Heap Min Capacity: 100M
 Heap Initial Capacity: 100M
 Heap Max Capacity: 1G
 Pre-touch: Disabled
 Parallel Workers: 10

Heap:
 PSYoungGen      total 23552K, used 23547K [0x00000000eab00000, 0x00000000ece80000, 0x0000000100000000)
  eden space 22016K, 100% used [0x00000000eab00000,0x00000000ec080000,0x00000000ec080000)
  from space 1536K, 99% used [0x00000000ec180000,0x00000000ec2fef40,0x00000000ec300000)
  to   space 7168K, 0% used [0x00000000ec780000,0x00000000ec780000,0x00000000ece80000)
 ParOldGen       total 79872K, used 76759K [0x00000000c0000000, 0x00000000c4e00000, 0x00000000eab00000)
  object space 79872K, 96% used [0x00000000c0000000,0x00000000c4af5dd0,0x00000000c4e00000)
 Metaspace       used 58115K, committed 59008K, reserved 1105920K
  class space    used 6475K, committed 6912K, reserved 1048576K

Card table byte_map: [0x00007f8d24476000,0x00007f8d24677000] _byte_map_base: 0x00007f8d23e76000

Marking Bits: (ParMarkBitMap*) 0x00007f8d26545460
 Begin Bits: [0x00007f8d0c403000, 0x00007f8d0d403000)
 End Bits:   [0x00007f8d0d403000, 0x00007f8d0e403000)

Polling page: 0x00007f8d269d1000

Metaspace:

Usage:
  Non-class:     50,43 MB used.
      Class:      6,32 MB used.
       Both:     56,75 MB used.

Virtual space:
  Non-class space:       56,00 MB reserved,      50,88 MB ( 91%) committed,  7 nodes.
      Class space:        1,00 GB reserved,       6,75 MB ( <1%) committed,  1 nodes.
             Both:        1,05 GB reserved,      57,62 MB (  5%) committed. 

Chunk freelists:
   Non-Class:  782,00 KB
       Class:  1,25 MB
        Both:  2,01 MB

MaxMetaspaceSize: unlimited
CompressedClassSpaceSize: 1,00 GB
Initial GC threshold: 21,00 MB
Current GC threshold: 58,38 MB
CDS: off
MetaspaceReclaimPolicy: balanced
 - commit_granule_bytes: 65536.
 - commit_granule_words: 8192.
 - virtual_space_node_default_size: 1048576.
 - enlarge_chunks_in_place: 1.
 - new_chunks_are_fully_committed: 0.
 - uncommit_free_chunks: 1.
 - use_allocation_guard: 0.
 - handle_deallocations: 1.


Internal statistics:

num_allocs_failed_limit: 6.
num_arena_births: 432.
num_arena_deaths: 0.
num_vsnodes_births: 8.
num_vsnodes_deaths: 0.
num_space_committed: 922.
num_space_uncommitted: 0.
num_chunks_returned_to_freelist: 6.
num_chunks_taken_from_freelist: 2396.
num_chunk_merges: 3.
num_chunk_splits: 1578.
num_chunks_enlarged: 1054.
num_purges: 0.
num_inconsistent_stats: 0.

CodeHeap 'non-profiled nmethods': size=120028Kb used=2543Kb max_used=2633Kb free=117484Kb
 bounds [0x00007f8d15ecc000, 0x00007f8d1617c000, 0x00007f8d1d403000]
CodeHeap 'profiled nmethods': size=120028Kb used=10759Kb max_used=11185Kb free=109268Kb
 bounds [0x00007f8d0e995000, 0x00007f8d0f495000, 0x00007f8d15ecc000]
CodeHeap 'non-nmethods': size=5704Kb used=1326Kb max_used=1402Kb free=4378Kb
 bounds [0x00007f8d0e403000, 0x00007f8d0e673000, 0x00007f8d0e995000]
 total_blobs=5837 nmethods=5176 adapters=576
 compilation: enabled
              stopped_count=0, restarted_count=0
 full_count=0

Compilation events (20 events):
Event: 3,226 Thread 0x00007f8d202588e0 nmethod 5648 0x00007f8d0ec0c810 code [0x00007f8d0ec0c9e0, 0x00007f8d0ec0cbf0]
Event: 3,226 Thread 0x00007f8d202588e0 5654       1       org.apache.maven.model.building.DefaultModelBuildingRequest::getValidationLevel (5 bytes)
Event: 3,226 Thread 0x00007f8d202588e0 nmethod 5654 0x00007f8d15ed9a10 code [0x00007f8d15ed9ba0, 0x00007f8d15ed9c70]
Event: 3,226 Thread 0x00007f8d202588e0 5649       1       org.apache.maven.model.Contributor::getName (5 bytes)
Event: 3,226 Thread 0x00007f8d202588e0 nmethod 5649 0x00007f8d15ed9710 code [0x00007f8d15ed98a0, 0x00007f8d15ed9970]
Event: 3,226 Thread 0x00007f8d202588e0 5650       1       org.apache.maven.model.Contributor::getEmail (5 bytes)
Event: 3,226 Thread 0x00007f8d202588e0 nmethod 5650 0x00007f8d15ed9310 code [0x00007f8d15ed94a0, 0x00007f8d15ed9570]
Event: 3,226 Thread 0x00007f8d202588e0 5651       1       org.apache.maven.model.Contributor::getUrl (5 bytes)
Event: 3,226 Thread 0x00007f8d202588e0 nmethod 5651 0x00007f8d15f5b610 code [0x00007f8d15f5b7a0, 0x00007f8d15f5b870]
Event: 3,226 Thread 0x00007f8d202588e0 5652       1       org.apache.maven.model.Contributor::getOrganization (5 bytes)
Event: 3,226 Thread 0x00007f8d202588e0 nmethod 5652 0x00007f8d15f5b310 code [0x00007f8d15f5b4a0, 0x00007f8d15f5b570]
Event: 3,226 Thread 0x00007f8d202588e0 5653       1       org.apache.maven.model.Contributor::getOrganizationUrl (5 bytes)
Event: 3,227 Thread 0x00007f8d202588e0 nmethod 5653 0x00007f8d15f5b010 code [0x00007f8d15f5b1a0, 0x00007f8d15f5b270]
Event: 3,227 Thread 0x00007f8d202588e0 5646       3       org.apache.maven.model.Contributor::setLocation (356 bytes)
Event: 3,227 Thread 0x00007f8d202588e0 nmethod 5646 0x00007f8d0e9d8a90 code [0x00007f8d0e9d8de0, 0x00007f8d0e9da550]
Event: 3,227 Thread 0x00007f8d202588e0 5655       3       java.util.concurrent.ConcurrentHashMap::<init> (9 bytes)
Event: 3,227 Thread 0x00007f8d202588e0 nmethod 5655 0x00007f8d0eaccf10 code [0x00007f8d0eacd0e0, 0x00007f8d0eacd220]
Event: 3,227 Thread 0x00007f8d202588e0 5647       1       org.apache.maven.model.Contributor::setName (6 bytes)
Event: 3,227 Thread 0x00007f8d202588e0 nmethod 5647 0x00007f8d15f5ac10 code [0x00007f8d15f5ada0, 0x00007f8d15f5ae70]
Event: 3,228 Thread 0x00007f8d202588e0 5657       3       org.apache.maven.model.InputLocation::setLocation (88 bytes)

GC Heap History (20 events):
Event: 2,164 GC heap after
{Heap after GC invocations=10 (full 2):
 PSYoungGen      total 30720K, used 6453K [0x00000000eab00000, 0x00000000ed000000, 0x0000000100000000)
  eden space 24064K, 0% used [0x00000000eab00000,0x00000000eab00000,0x00000000ec280000)
  from space 6656K, 96% used [0x00000000ec980000,0x00000000ecfcd688,0x00000000ed000000)
  to   space 6656K, 0% used [0x00000000ec300000,0x00000000ec300000,0x00000000ec980000)
 ParOldGen       total 68608K, used 14042K [0x00000000c0000000, 0x00000000c4300000, 0x00000000eab00000)
  object space 68608K, 20% used [0x00000000c0000000,0x00000000c0db6ad0,0x00000000c4300000)
 Metaspace       used 41836K, committed 42560K, reserved 1089536K
  class space    used 4572K, committed 4928K, reserved 1048576K
}
Event: 2,203 GC heap before
{Heap before GC invocations=11 (full 2):
 PSYoungGen      total 30720K, used 30517K [0x00000000eab00000, 0x00000000ed000000, 0x0000000100000000)
  eden space 24064K, 100% used [0x00000000eab00000,0x00000000ec280000,0x00000000ec280000)
  from space 6656K, 96% used [0x00000000ec980000,0x00000000ecfcd688,0x00000000ed000000)
  to   space 6656K, 0% used [0x00000000ec300000,0x00000000ec300000,0x00000000ec980000)
 ParOldGen       total 68608K, used 14042K [0x00000000c0000000, 0x00000000c4300000, 0x00000000eab00000)
  object space 68608K, 20% used [0x00000000c0000000,0x00000000c0db6ad0,0x00000000c4300000)
 Metaspace       used 41958K, committed 42688K, reserved 1089536K
  class space    used 4585K, committed 4928K, reserved 1048576K
}
Event: 2,206 GC heap after
{Heap after GC invocations=11 (full 2):
 PSYoungGen      total 30208K, used 6482K [0x00000000eab00000, 0x00000000ecf00000, 0x0000000100000000)
  eden space 23552K, 0% used [0x00000000eab00000,0x00000000eab00000,0x00000000ec200000)
  from space 6656K, 97% used [0x00000000ec300000,0x00000000ec954b48,0x00000000ec980000)
  to   space 5632K, 0% used [0x00000000ec980000,0x00000000ec980000,0x00000000ecf00000)
 ParOldGen       total 68608K, used 16638K [0x00000000c0000000, 0x00000000c4300000, 0x00000000eab00000)
  object space 68608K, 24% used [0x00000000c0000000,0x00000000c103fba0,0x00000000c4300000)
 Metaspace       used 41958K, committed 42688K, reserved 1089536K
  class space    used 4585K, committed 4928K, reserved 1048576K
}
Event: 2,230 GC heap before
{Heap before GC invocations=12 (full 2):
 PSYoungGen      total 30208K, used 30034K [0x00000000eab00000, 0x00000000ecf00000, 0x0000000100000000)
  eden space 23552K, 100% used [0x00000000eab00000,0x00000000ec200000,0x00000000ec200000)
  from space 6656K, 97% used [0x00000000ec300000,0x00000000ec954b48,0x00000000ec980000)
  to   space 5632K, 0% used [0x00000000ec980000,0x00000000ec980000,0x00000000ecf00000)
 ParOldGen       total 68608K, used 16638K [0x00000000c0000000, 0x00000000c4300000, 0x00000000eab00000)
  object space 68608K, 24% used [0x00000000c0000000,0x00000000c103fba0,0x00000000c4300000)
 Metaspace       used 41958K, committed 42688K, reserved 1089536K
  class space    used 4585K, committed 4928K, reserved 1048576K
}
Event: 2,233 GC heap after
{Heap after GC invocations=12 (full 2):
 PSYoungGen      total 28672K, used 5408K [0x00000000eab00000, 0x00000000ecf00000, 0x0000000100000000)
  eden space 23040K, 0% used [0x00000000eab00000,0x00000000eab00000,0x00000000ec180000)
  from space 5632K, 96% used [0x00000000ec980000,0x00000000ecec8020,0x00000000ecf00000)
  to   space 6144K, 0% used [0x00000000ec300000,0x00000000ec300000,0x00000000ec900000)
 ParOldGen       total 68608K, used 20309K [0x00000000c0000000, 0x00000000c4300000, 0x00000000eab00000)
  object space 68608K, 29% used [0x00000000c0000000,0x00000000c13d5708,0x00000000c4300000)
 Metaspace       used 41958K, committed 42688K, reserved 1089536K
  class space    used 4585K, committed 4928K, reserved 1048576K
}
Event: 2,256 GC heap before
{Heap before GC invocations=13 (full 2):
 PSYoungGen      total 28672K, used 28448K [0x00000000eab00000, 0x00000000ecf00000, 0x0000000100000000)
  eden space 23040K, 100% used [0x00000000eab00000,0x00000000ec180000,0x00000000ec180000)
  from space 5632K, 96% used [0x00000000ec980000,0x00000000ecec8020,0x00000000ecf00000)
  to   space 6144K, 0% used [0x00000000ec300000,0x00000000ec300000,0x00000000ec900000)
 ParOldGen       total 68608K, used 20309K [0x00000000c0000000, 0x00000000c4300000, 0x00000000eab00000)
  object space 68608K, 29% used [0x00000000c0000000,0x00000000c13d5708,0x00000000c4300000)
 Metaspace       used 41958K, committed 42688K, reserved 1089536K
  class space    used 4585K, committed 4928K, reserved 1048576K
}
Event: 2,259 GC heap after
{Heap after GC invocations=13 (full 2):
 PSYoungGen      total 25088K, used 2400K [0x00000000eab00000, 0x00000000eca00000, 0x0000000100000000)
  eden space 22528K, 0% used [0x00000000eab00000,0x00000000eab00000,0x00000000ec100000)
  from space 2560K, 93% used [0x00000000ec300000,0x00000000ec558000,0x00000000ec580000)
  to   space 3584K, 0% used [0x00000000ec680000,0x00000000ec680000,0x00000000eca00000)
 ParOldGen       total 68608K, used 25538K [0x00000000c0000000, 0x00000000c4300000, 0x00000000eab00000)
  object space 68608K, 37% used [0x00000000c0000000,0x00000000c18f0ae8,0x00000000c4300000)
 Metaspace       used 41958K, committed 42688K, reserved 1089536K
  class space    used 4585K, committed 4928K, reserved 1048576K
}
Event: 2,403 GC heap before
{Heap before GC invocations=14 (full 2):
 PSYoungGen      total 25088K, used 24928K [0x00000000eab00000, 0x00000000eca00000, 0x0000000100000000)
  eden space 22528K, 100% used [0x00000000eab00000,0x00000000ec100000,0x00000000ec100000)
  from space 2560K, 93% used [0x00000000ec300000,0x00000000ec558000,0x00000000ec580000)
  to   space 3584K, 0% used [0x00000000ec680000,0x00000000ec680000,0x00000000eca00000)
 ParOldGen       total 68608K, used 25538K [0x00000000c0000000, 0x00000000c4300000, 0x00000000eab00000)
  object space 68608K, 37% used [0x00000000c0000000,0x00000000c18f0ae8,0x00000000c4300000)
 Metaspace       used 44307K, committed 44992K, reserved 1089536K
  class space    used 4896K, committed 5184K, reserved 1048576K
}
Event: 2,406 GC heap after
{Heap after GC invocations=14 (full 2):
 PSYoungGen      total 25088K, used 2668K [0x00000000eab00000, 0x00000000ec980000, 0x0000000100000000)
  eden space 22016K, 0% used [0x00000000eab00000,0x00000000eab00000,0x00000000ec080000)
  from space 3072K, 86% used [0x00000000ec680000,0x00000000ec91b240,0x00000000ec980000)
  to   space 3072K, 0% used [0x00000000ec380000,0x00000000ec380000,0x00000000ec680000)
 ParOldGen       total 68608K, used 27840K [0x00000000c0000000, 0x00000000c4300000, 0x00000000eab00000)
  object space 68608K, 40% used [0x00000000c0000000,0x00000000c1b30368,0x00000000c4300000)
 Metaspace       used 44307K, committed 44992K, reserved 1089536K
  class space    used 4896K, committed 5184K, reserved 1048576K
}
Event: 2,658 GC heap before
{Heap before GC invocations=15 (full 2):
 PSYoungGen      total 25088K, used 24684K [0x00000000eab00000, 0x00000000ec980000, 0x0000000100000000)
  eden space 22016K, 100% used [0x00000000eab00000,0x00000000ec080000,0x00000000ec080000)
  from space 3072K, 86% used [0x00000000ec680000,0x00000000ec91b240,0x00000000ec980000)
  to   space 3072K, 0% used [0x00000000ec380000,0x00000000ec380000,0x00000000ec680000)
 ParOldGen       total 68608K, used 27840K [0x00000000c0000000, 0x00000000c4300000, 0x00000000eab00000)
  object space 68608K, 40% used [0x00000000c0000000,0x00000000c1b30368,0x00000000c4300000)
 Metaspace       used 48479K, committed 49152K, reserved 1097728K
  class space    used 5467K, committed 5760K, reserved 1048576K
}
Event: 2,660 GC heap after
{Heap after GC invocations=15 (full 2):
 PSYoungGen      total 24064K, used 1632K [0x00000000eab00000, 0x00000000ec700000, 0x0000000100000000)
  eden space 22016K, 0% used [0x00000000eab00000,0x00000000eab00000,0x00000000ec080000)
  from space 2048K, 79% used [0x00000000ec380000,0x00000000ec518000,0x00000000ec580000)
  to   space 1536K, 0% used [0x00000000ec580000,0x00000000ec580000,0x00000000ec700000)
 ParOldGen       total 68608K, used 30192K [0x00000000c0000000, 0x00000000c4300000, 0x00000000eab00000)
  object space 68608K, 44% used [0x00000000c0000000,0x00000000c1d7c368,0x00000000c4300000)
 Metaspace       used 48479K, committed 49152K, reserved 1097728K
  class space    used 5467K, committed 5760K, reserved 1048576K
}
Event: 2,785 GC heap before
{Heap before GC invocations=16 (full 2):
 PSYoungGen      total 24064K, used 23648K [0x00000000eab00000, 0x00000000ec700000, 0x0000000100000000)
  eden space 22016K, 100% used [0x00000000eab00000,0x00000000ec080000,0x00000000ec080000)
  from space 2048K, 79% used [0x00000000ec380000,0x00000000ec518000,0x00000000ec580000)
  to   space 1536K, 0% used [0x00000000ec580000,0x00000000ec580000,0x00000000ec700000)
 ParOldGen       total 68608K, used 30192K [0x00000000c0000000, 0x00000000c4300000, 0x00000000eab00000)
  object space 68608K, 44% used [0x00000000c0000000,0x00000000c1d7c368,0x00000000c4300000)
 Metaspace       used 50784K, committed 51520K, reserved 1097728K
  class space    used 5702K, committed 6016K, reserved 1048576K
}
Event: 2,786 GC heap after
{Heap after GC invocations=16 (full 2):
 PSYoungGen      total 23552K, used 1521K [0x00000000eab00000, 0x00000000ec780000, 0x0000000100000000)
  eden space 22016K, 0% used [0x00000000eab00000,0x00000000eab00000,0x00000000ec080000)
  from space 1536K, 99% used [0x00000000ec580000,0x00000000ec6fc740,0x00000000ec700000)
  to   space 3584K, 0% used [0x00000000ec080000,0x00000000ec080000,0x00000000ec400000)
 ParOldGen       total 68608K, used 31876K [0x00000000c0000000, 0x00000000c4300000, 0x00000000eab00000)
  object space 68608K, 46% used [0x00000000c0000000,0x00000000c1f21078,0x00000000c4300000)
 Metaspace       used 50784K, committed 51520K, reserved 1097728K
  class space    used 5702K, committed 6016K, reserved 1048576K
}
Event: 2,948 GC heap before
{Heap before GC invocations=17 (full 2):
 PSYoungGen      total 23552K, used 23537K [0x00000000eab00000, 0x00000000ec780000, 0x0000000100000000)
  eden space 22016K, 100% used [0x00000000eab00000,0x00000000ec080000,0x00000000ec080000)
  from space 1536K, 99% used [0x00000000ec580000,0x00000000ec6fc740,0x00000000ec700000)
  to   space 3584K, 0% used [0x00000000ec080000,0x00000000ec080000,0x00000000ec400000)
 ParOldGen       total 68608K, used 31876K [0x00000000c0000000, 0x00000000c4300000, 0x00000000eab00000)
  object space 68608K, 46% used [0x00000000c0000000,0x00000000c1f21078,0x00000000c4300000)
 Metaspace       used 52083K, committed 52864K, reserved 1097728K
  class space    used 5827K, committed 6208K, reserved 1048576K
}
Event: 2,949 GC heap after
{Heap after GC invocations=17 (full 2):
 PSYoungGen      total 24064K, used 1808K [0x00000000eab00000, 0x00000000ec600000, 0x0000000100000000)
  eden space 22016K, 0% used [0x00000000eab00000,0x00000000eab00000,0x00000000ec080000)
  from space 2048K, 88% used [0x00000000ec080000,0x00000000ec2443c0,0x00000000ec280000)
  to   space 2560K, 0% used [0x00000000ec380000,0x00000000ec380000,0x00000000ec600000)
 ParOldGen       total 68608K, used 33409K [0x00000000c0000000, 0x00000000c4300000, 0x00000000eab00000)
  object space 68608K, 48% used [0x00000000c0000000,0x00000000c20a0628,0x00000000c4300000)
 Metaspace       used 52083K, committed 52864K, reserved 1097728K
  class space    used 5827K, committed 6208K, reserved 1048576K
}
Event: 2,986 GC heap before
{Heap before GC invocations=18 (full 2):
 PSYoungGen      total 24064K, used 23824K [0x00000000eab00000, 0x00000000ec600000, 0x0000000100000000)
  eden space 22016K, 100% used [0x00000000eab00000,0x00000000ec080000,0x00000000ec080000)
  from space 2048K, 88% used [0x00000000ec080000,0x00000000ec2443c0,0x00000000ec280000)
  to   space 2560K, 0% used [0x00000000ec380000,0x00000000ec380000,0x00000000ec600000)
 ParOldGen       total 68608K, used 33409K [0x00000000c0000000, 0x00000000c4300000, 0x00000000eab00000)
  object space 68608K, 48% used [0x00000000c0000000,0x00000000c20a0628,0x00000000c4300000)
 Metaspace       used 52185K, committed 52992K, reserved 1097728K
  class space    used 5833K, committed 6208K, reserved 1048576K
}
Event: 2,987 GC heap after
{Heap after GC invocations=18 (full 2):
 PSYoungGen      total 23040K, used 960K [0x00000000eab00000, 0x00000000ec480000, 0x0000000100000000)
  eden space 22016K, 0% used [0x00000000eab00000,0x00000000eab00000,0x00000000ec080000)
  from space 1024K, 93% used [0x00000000ec380000,0x00000000ec470000,0x00000000ec480000)
  to   space 1536K, 0% used [0x00000000ec180000,0x00000000ec180000,0x00000000ec300000)
 ParOldGen       total 68608K, used 35081K [0x00000000c0000000, 0x00000000c4300000, 0x00000000eab00000)
  object space 68608K, 51% used [0x00000000c0000000,0x00000000c22426e0,0x00000000c4300000)
 Metaspace       used 52185K, committed 52992K, reserved 1097728K
  class space    used 5833K, committed 6208K, reserved 1048576K
}
Event: 3,163 GC heap before
{Heap before GC invocations=19 (full 2):
 PSYoungGen      total 23040K, used 22974K [0x00000000eab00000, 0x00000000ec480000, 0x0000000100000000)
  eden space 22016K, 99% used [0x00000000eab00000,0x00000000ec07fbe0,0x00000000ec080000)
  from space 1024K, 93% used [0x00000000ec380000,0x00000000ec470000,0x00000000ec480000)
  to   space 1536K, 0% used [0x00000000ec180000,0x00000000ec180000,0x00000000ec300000)
 ParOldGen       total 68608K, used 35081K [0x00000000c0000000, 0x00000000c4300000, 0x00000000eab00000)
  object space 68608K, 51% used [0x00000000c0000000,0x00000000c22426e0,0x00000000c4300000)
 Metaspace       used 57307K, committed 58112K, reserved 1105920K
  class space    used 6401K, committed 6784K, reserved 1048576K
}
Event: 3,165 GC heap after
{Heap after GC invocations=19 (full 2):
 PSYoungGen      total 23552K, used 1531K [0x00000000eab00000, 0x00000000ece80000, 0x0000000100000000)
  eden space 22016K, 0% used [0x00000000eab00000,0x00000000eab00000,0x00000000ec080000)
  from space 1536K, 99% used [0x00000000ec180000,0x00000000ec2fef40,0x00000000ec300000)
  to   space 7168K, 0% used [0x00000000ec780000,0x00000000ec780000,0x00000000ece80000)
 ParOldGen       total 68608K, used 39420K [0x00000000c0000000, 0x00000000c4300000, 0x00000000eab00000)
  object space 68608K, 57% used [0x00000000c0000000,0x00000000c267f280,0x00000000c4300000)
 Metaspace       used 57307K, committed 58112K, reserved 1105920K
  class space    used 6401K, committed 6784K, reserved 1048576K
}
Event: 3,228 GC heap before
{Heap before GC invocations=20 (full 3):
 PSYoungGen      total 23552K, used 23547K [0x00000000eab00000, 0x00000000ece80000, 0x0000000100000000)
  eden space 22016K, 100% used [0x00000000eab00000,0x00000000ec080000,0x00000000ec080000)
  from space 1536K, 99% used [0x00000000ec180000,0x00000000ec2fef40,0x00000000ec300000)
  to   space 7168K, 0% used [0x00000000ec780000,0x00000000ec780000,0x00000000ece80000)
 ParOldGen       total 79872K, used 76759K [0x00000000c0000000, 0x00000000c4e00000, 0x00000000eab00000)
  object space 79872K, 96% used [0x00000000c0000000,0x00000000c4af5dd0,0x00000000c4e00000)
 Metaspace       used 58115K, committed 59008K, reserved 1105920K
  class space    used 6475K, committed 6912K, reserved 1048576K
}

Deoptimization events (20 events):
Event: 3,183 Thread 0x00007f8c400180f0 Uncommon trap: trap_request=0xffffffde fr.pc=0x00007f8d16130cbc relative=0x000000000000141c
Event: 3,183 Thread 0x00007f8c400180f0 Uncommon trap: reason=class_check action=maybe_recompile pc=0x00007f8d16130cbc method=java.util.zip.InflaterInputStream.read([BII)I @ 100 c2
Event: 3,183 Thread 0x00007f8c400180f0 DEOPT PACKING pc=0x00007f8d16130cbc sp=0x00007f8c73dfc690
Event: 3,183 Thread 0x00007f8c400180f0 DEOPT UNPACKING pc=0x00007f8d0e454d99 sp=0x00007f8c73dfc6e0 mode 2
Event: 3,222 Thread 0x00007f8c98000f50 Uncommon trap: trap_request=0xffffff45 fr.pc=0x00007f8d160eb57c relative=0x000000000000085c
Event: 3,222 Thread 0x00007f8c98000f50 Uncommon trap: reason=unstable_if action=reinterpret pc=0x00007f8d160eb57c method=org.codehaus.plexus.util.xml.pull.MXParser.nextImpl()I @ 1161 c2
Event: 3,222 Thread 0x00007f8c98000f50 DEOPT PACKING pc=0x00007f8d160eb57c sp=0x00007f8ccdffc710
Event: 3,222 Thread 0x00007f8c98000f50 DEOPT UNPACKING pc=0x00007f8d0e454d99 sp=0x00007f8ccdffc690 mode 2
Event: 3,222 Thread 0x00007f8c98000f50 Uncommon trap: trap_request=0xffffff45 fr.pc=0x00007f8d160a91d0 relative=0x0000000000000510
Event: 3,222 Thread 0x00007f8c98000f50 Uncommon trap: reason=unstable_if action=reinterpret pc=0x00007f8d160a91d0 method=java.lang.String.decodeASCII([BI[CII)I @ 7 c2
Event: 3,222 Thread 0x00007f8c98000f50 DEOPT PACKING pc=0x00007f8d160a91d0 sp=0x00007f8ccdffc0a0
Event: 3,222 Thread 0x00007f8c98000f50 DEOPT UNPACKING pc=0x00007f8d0e454d99 sp=0x00007f8ccdffbee8 mode 2
Event: 3,223 Thread 0x00007f8c98000f50 Uncommon trap: trap_request=0xffffff45 fr.pc=0x00007f8d15f6cef8 relative=0x0000000000000358
Event: 3,223 Thread 0x00007f8c98000f50 Uncommon trap: reason=unstable_if action=reinterpret pc=0x00007f8d15f6cef8 method=java.lang.StringUTF16.compress([CII)[B @ 13 c2
Event: 3,223 Thread 0x00007f8c98000f50 DEOPT PACKING pc=0x00007f8d15f6cef8 sp=0x00007f8ccdffc690
Event: 3,223 Thread 0x00007f8c98000f50 DEOPT UNPACKING pc=0x00007f8d0e454d99 sp=0x00007f8ccdffc558 mode 2
Event: 3,225 Thread 0x00007f8c98000f50 Uncommon trap: trap_request=0xffffff45 fr.pc=0x00007f8d1603b078 relative=0x00000000000001d8
Event: 3,225 Thread 0x00007f8c98000f50 Uncommon trap: reason=unstable_if action=reinterpret pc=0x00007f8d1603b078 method=java.lang.String.indexOf(Ljava/lang/String;)I @ 10 c2
Event: 3,225 Thread 0x00007f8c98000f50 DEOPT PACKING pc=0x00007f8d1603b078 sp=0x00007f8ccdffc8e0
Event: 3,225 Thread 0x00007f8c98000f50 DEOPT UNPACKING pc=0x00007f8d0e454d99 sp=0x00007f8ccdffc890 mode 2

Classes unloaded (0 events):
No events

Classes redefined (0 events):
No events

Internal exceptions (20 events):
Event: 2,851 Thread 0x00007f8c8c000e70 Exception <a 'sun/nio/fs/UnixException'{0x00000000eafa6ca0}> (0x00000000eafa6ca0) 
thrown [src/hotspot/share/prims/jni.cpp, line 516]
Event: 2,852 Thread 0x00007f8c8c000e70 Exception <a 'sun/nio/fs/UnixException'{0x00000000eafc17a8}> (0x00000000eafc17a8) 
thrown [src/hotspot/share/prims/jni.cpp, line 516]
Event: 2,863 Thread 0x00007f8c8c000e70 Exception <a 'java/io/FileNotFoundException'{0x00000000eb048b00}> (0x00000000eb048b00) 
thrown [src/hotspot/share/prims/jni.cpp, line 516]
Event: 2,863 Thread 0x00007f8c8c000e70 Exception <a 'java/io/FileNotFoundException'{0x00000000eb049bd0}> (0x00000000eb049bd0) 
thrown [src/hotspot/share/prims/jni.cpp, line 516]
Event: 2,891 Thread 0x00007f8c8c000e70 Exception <a 'java/lang/NoSuchMethodError'{0x00000000eb09ede0}: 'java.lang.Object java.lang.invoke.DirectMethodHandle$Holder.invokeStatic(java.lang.Object, java.lang.Object, java.lang.Object, long)'> (0x00000000eb09ede0) 
thrown [src/hotspot/share/interpreter/linkResolver.cpp, line 766]
Event: 2,892 Thread 0x00007f8c8c000e70 Exception <a 'java/lang/NoSuchMethodError'{0x00000000eb0a64d8}: 'java.lang.Object java.lang.invoke.DirectMethodHandle$Holder.newInvokeSpecial(java.lang.Object, java.lang.Object, java.lang.Object, long)'> (0x00000000eb0a64d8) 
thrown [src/hotspot/share/interpreter/linkResolver.cpp, line 766]
Event: 2,892 Thread 0x00007f8d2065db60 Exception <a 'sun/nio/fs/UnixException'{0x00000000eb1ffdf0}> (0x00000000eb1ffdf0) 
thrown [src/hotspot/share/prims/jni.cpp, line 516]
Event: 2,892 Thread 0x00007f8c8c000e70 Exception <a 'java/lang/NoSuchMethodError'{0x00000000eb0aa5f0}: 'java.lang.Object java.lang.invoke.DirectMethodHandle$Holder.invokeSpecial(java.lang.Object, java.lang.Object, java.lang.Object, java.lang.Object, long)'> (0x00000000eb0aa5f0) 
thrown [src/hotspot/share/interpreter/linkResolver.cpp, line 766]
Event: 2,892 Thread 0x00007f8c8c000e70 Exception <a 'java/lang/NoSuchMethodError'{0x00000000eb0adf18}: 'java.lang.Object java.lang.invoke.Invokers$Holder.linkToTargetMethod(java.lang.Object, java.lang.Object, long, java.lang.Object)'> (0x00000000eb0adf18) 
thrown [src/hotspot/share/interpreter/linkResolver.cpp, line 766]
Event: 2,896 Thread 0x00007f8d2065db60 Exception <a 'java/lang/NoSuchMethodError'{0x00000000eb259020}: 'java.lang.Object java.lang.invoke.DirectMethodHandle$Holder.invokeInterface(java.lang.Object, java.lang.Object, java.lang.Object)'> (0x00000000eb259020) 
thrown [src/hotspot/share/interpreter/linkResolver.cpp, line 766]
Event: 2,901 Thread 0x00007f8c8c000e70 Exception <a 'java/io/FileNotFoundException'{0x00000000eb28f278}> (0x00000000eb28f278) 
thrown [src/hotspot/share/prims/jni.cpp, line 516]
Event: 2,901 Thread 0x00007f8c8c000e70 Exception <a 'java/io/FileNotFoundException'{0x00000000eb297070}> (0x00000000eb297070) 
thrown [src/hotspot/share/prims/jni.cpp, line 516]
Event: 2,901 Thread 0x00007f8c8c000e70 Exception <a 'java/io/FileNotFoundException'{0x00000000eb2983e8}> (0x00000000eb2983e8) 
thrown [src/hotspot/share/prims/jni.cpp, line 516]
Event: 3,076 Thread 0x00007f8d2065db60 Exception <a 'java/io/FileNotFoundException'{0x00000000eb4fcc00}> (0x00000000eb4fcc00) 
thrown [src/hotspot/share/prims/jni.cpp, line 516]
Event: 3,095 Thread 0x00007f8d2065db60 Exception <a 'java/lang/ArrayIndexOutOfBoundsException'{0x00000000eb60a608}: Index 1652 out of bounds for length 1652> (0x00000000eb60a608) 
thrown [src/hotspot/share/interpreter/interpreterRuntime.cpp, line 428]
Event: 3,118 Thread 0x00007f8c98000f50 Exception <a 'java/lang/NoSuchMethodError'{0x00000000eb90e7a8}: 'java.lang.Object java.lang.invoke.DirectMethodHandle$Holder.newInvokeSpecial(java.lang.Object, java.lang.Object, int, java.lang.Object, java.lang.Object)'> (0x00000000eb90e7a8) 
thrown [src/hotspot/share/interpreter/linkResolver.cpp, line 766]
Event: 3,118 Thread 0x00007f8c98000f50 Exception <a 'java/lang/NoSuchMethodError'{0x00000000eb919818}: 'java.lang.Object java.lang.invoke.DirectMethodHandle$Holder.invokeSpecial(java.lang.Object, java.lang.Object, java.lang.Object, int, java.lang.Object, java.lang.Object)'> (0x00000000eb919818) 
thrown [src/hotspot/share/interpreter/linkResolver.cpp, line 766]
Event: 3,128 Thread 0x00007f8c741bcce0 Exception <a 'java/lang/NoSuchMethodError'{0x00000000ebcba680}: 'java.lang.Object java.lang.invoke.DirectMethodHandle$Holder.invokeStatic(java.lang.Object, int, java.lang.Object)'> (0x00000000ebcba680) 
thrown [src/hotspot/share/interpreter/linkResolver.cpp, line 766]
Event: 3,131 Thread 0x00007f8c741bcce0 Exception <a 'java/lang/ClassNotFoundException'{0x00000000ebccbda8}: sun/util/logging/resources/spi/loggingProvider> (0x00000000ebccbda8) 
thrown [src/hotspot/share/classfile/systemDictionary.cpp, line 256]
Event: 3,226 Thread 0x00007f8c400180f0 Exception <a 'java/lang/IncompatibleClassChangeError'{0x00000000ec01a230}> (0x00000000ec01a230) 
thrown [src/hotspot/share/runtime/sharedRuntime.cpp, line 628]

VM Operations (20 events):
Event: 3,088 Executing VM operation: HandshakeAllThreads done
Event: 3,088 Executing VM operation: HandshakeAllThreads
Event: 3,088 Executing VM operation: HandshakeAllThreads done
Event: 3,124 Executing VM operation: HandshakeAllThreads
Event: 3,124 Executing VM operation: HandshakeAllThreads done
Event: 3,134 Executing VM operation: HandshakeAllThreads
Event: 3,134 Executing VM operation: HandshakeAllThreads done
Event: 3,134 Executing VM operation: ICBufferFull
Event: 3,134 Executing VM operation: ICBufferFull done
Event: 3,134 Executing VM operation: ICBufferFull
Event: 3,134 Executing VM operation: ICBufferFull done
Event: 3,134 Executing VM operation: ICBufferFull
Event: 3,134 Executing VM operation: ICBufferFull done
Event: 3,163 Executing VM operation: ParallelGCFailedAllocation
Event: 3,165 Executing VM operation: ParallelGCFailedAllocation done
Event: 3,170 Executing VM operation: HandshakeAllThreads
Event: 3,170 Executing VM operation: HandshakeAllThreads done
Event: 3,226 Executing VM operation: HandshakeAllThreads
Event: 3,226 Executing VM operation: HandshakeAllThreads done
Event: 3,228 Executing VM operation: ParallelGCFailedAllocation

Events (20 events):
Event: 3,138 Thread 0x00007f8d20261d10 flushing nmethod 0x00007f8d0ed1e110
Event: 3,166 loading class java/util/regex/Pattern$Pos
Event: 3,166 loading class java/util/regex/Pattern$Pos done
Event: 3,173 loading class java/util/Collections$2
Event: 3,173 loading class java/util/Collections$2 done
Event: 3,183 loading class java/util/zip/GZIPInputStream
Event: 3,183 loading class java/util/zip/GZIPInputStream done
Event: 3,183 loading class java/util/zip/CheckedInputStream
Event: 3,183 loading class java/util/zip/CheckedInputStream done
Event: 3,215 loading class java/util/zip/GZIPInputStream$1
Event: 3,215 loading class java/util/zip/GZIPInputStream$1 done
Event: 3,226 loading class java/lang/Throwable$WrappedPrintStream
Event: 3,226 loading class java/lang/Throwable$PrintStreamOrWriter
Event: 3,226 loading class java/lang/Throwable$PrintStreamOrWriter done
Event: 3,226 loading class java/lang/Throwable$WrappedPrintStream done
Event: 3,227 loading class java/util/IdentityHashMap$KeyIterator
Event: 3,227 loading class java/util/IdentityHashMap$IdentityHashMapIterator
Event: 3,227 loading class java/util/IdentityHashMap$IdentityHashMapIterator done
Event: 3,227 loading class java/util/IdentityHashMap$KeyIterator done
Event: 3,227 Thread 0x00007f8c400180f0 Thread exited: 0x00007f8c400180f0


Dynamic libraries:
c0000000-c4e00000 rw-p 00000000 00:00 0 
c4e00000-eab00000 ---p 00000000 00:00 0 
eab00000-ece80000 rw-p 00000000 00:00 0 
ece80000-100000000 ---p 00000000 00:00 0 
100000000-100020000 rw-p 00000000 00:00 0 
100020000-100040000 rw-p 00000000 00:00 0 
100040000-100100000 rw-p 00000000 00:00 0 
100100000-100160000 rw-p 00000000 00:00 0 
100160000-100180000 rw-p 00000000 00:00 0 
100180000-1001c0000 rw-p 00000000 00:00 0 
1001c0000-100200000 rw-p 00000000 00:00 0 
100200000-100300000 rw-p 00000000 00:00 0 
100300000-100420000 rw-p 00000000 00:00 0 
100420000-100440000 rw-p 00000000 00:00 0 
100440000-1004c0000 rw-p 00000000 00:00 0 
1004c0000-1004f0000 rw-p 00000000 00:00 0 
1004f0000-100500000 ---p 00000000 00:00 0 
100500000-1006d0000 rw-p 00000000 00:00 0 
1006d0000-140000000 ---p 00000000 00:00 0 
55ffe6405000-55ffe6406000 r-xp 00000000 103:06 1923779                   /home/artur/.vscode/extensions/redhat.java-1.2.0/jre/17.0.1-linux-x86_64/bin/java
55ffe6606000-55ffe6607000 r--p 00001000 103:06 1923779                   /home/artur/.vscode/extensions/redhat.java-1.2.0/jre/17.0.1-linux-x86_64/bin/java
55ffe6607000-55ffe6608000 rw-p 00002000 103:06 1923779                   /home/artur/.vscode/extensions/redhat.java-1.2.0/jre/17.0.1-linux-x86_64/bin/java
55ffe777d000-55ffe779e000 rw-p 00000000 00:00 0                          [heap]
7f8c30000000-7f8c30021000 rw-p 00000000 00:00 0 
7f8c30021000-7f8c34000000 ---p 00000000 00:00 0 
7f8c34000000-7f8c3415e000 rw-p 00000000 00:00 0 
7f8c3415e000-7f8c38000000 ---p 00000000 00:00 0 
7f8c38000000-7f8c38021000 rw-p 00000000 00:00 0 
7f8c38021000-7f8c3c000000 ---p 00000000 00:00 0 
7f8c3c000000-7f8c3c021000 rw-p 00000000 00:00 0 
7f8c3c021000-7f8c40000000 ---p 00000000 00:00 0 
7f8c40000000-7f8c40021000 rw-p 00000000 00:00 0 
7f8c40021000-7f8c44000000 ---p 00000000 00:00 0 
7f8c44000000-7f8c4407b000 rw-p 00000000 00:00 0 
7f8c4407b000-7f8c48000000 ---p 00000000 00:00 0 
7f8c48000000-7f8c48021000 rw-p 00000000 00:00 0 
7f8c48021000-7f8c4c000000 ---p 00000000 00:00 0 
7f8c4c000000-7f8c4c021000 rw-p 00000000 00:00 0 
7f8c4c021000-7f8c50000000 ---p 00000000 00:00 0 
7f8c50000000-7f8c50021000 rw-p 00000000 00:00 0 
7f8c50021000-7f8c54000000 ---p 00000000 00:00 0 
7f8c54000000-7f8c54053000 rw-p 00000000 00:00 0 
7f8c54053000-7f8c58000000 ---p 00000000 00:00 0 
7f8c58000000-7f8c58021000 rw-p 00000000 00:00 0 
7f8c58021000-7f8c5c000000 ---p 00000000 00:00 0 
7f8c5f878000-7f8c68000000 r--s 00000000 103:06 2889069                   /usr/lib/jvm/java-11-openjdk-amd64/lib/modules
7f8c68000000-7f8c68021000 rw-p 00000000 00:00 0 
7f8c68021000-7f8c6c000000 ---p 00000000 00:00 0 
7f8c6c000000-7f8c6cfdc000 rw-p 00000000 00:00 0 
7f8c6cfdc000-7f8c70000000 ---p 00000000 00:00 0 
7f8c72400000-7f8c72580000 rw-p 00000000 00:00 0 
7f8c72580000-7f8c725a0000 rw-p 00000000 00:00 0 
7f8c725a0000-7f8c72600000 ---p 00000000 00:00 0 
7f8c72600000-7f8c72740000 rw-p 00000000 00:00 0 
7f8c72740000-7f8c72c00000 ---p 00000000 00:00 0 
7f8c72c00000-7f8c73400000 rw-p 00000000 00:00 0 
7f8c73400000-7f8c73440000 rw-p 00000000 00:00 0 
7f8c73440000-7f8c73480000 rw-p 00000000 00:00 0 
7f8c73480000-7f8c73500000 rw-p 00000000 00:00 0 
7f8c73500000-7f8c73700000 rw-p 00000000 00:00 0 
7f8c73700000-7f8c73900000 rw-p 00000000 00:00 0 
7f8c73900000-7f8c73a00000 rw-p 00000000 00:00 0 
7f8c73a00000-7f8c73c00000 rw-p 00000000 00:00 0 
7f8c73cfd000-7f8c73d01000 ---p 00000000 00:00 0 
7f8c73d01000-7f8c73dfe000 rw-p 00000000 00:00 0 
7f8c73dfe000-7f8c73e02000 ---p 00000000 00:00 0 
7f8c73e02000-7f8c73eff000 rw-p 00000000 00:00 0 
7f8c73eff000-7f8c73f03000 ---p 00000000 00:00 0 
7f8c73f03000-7f8c74000000 rw-p 00000000 00:00 0 
7f8c74000000-7f8c7421e000 rw-p 00000000 00:00 0 
7f8c7421e000-7f8c78000000 ---p 00000000 00:00 0 
7f8c78000000-7f8c78640000 rw-p 00000000 00:00 0 
7f8c78640000-7f8c7c000000 ---p 00000000 00:00 0 
7f8c7c000000-7f8c7c021000 rw-p 00000000 00:00 0 
7f8c7c021000-7f8c80000000 ---p 00000000 00:00 0 
7f8c80000000-7f8c80021000 rw-p 00000000 00:00 0 
7f8c80021000-7f8c84000000 ---p 00000000 00:00 0 
7f8c84000000-7f8c84021000 rw-p 00000000 00:00 0 
7f8c84021000-7f8c88000000 ---p 00000000 00:00 0 
7f8c88000000-7f8c88021000 rw-p 00000000 00:00 0 
7f8c88021000-7f8c8c000000 ---p 00000000 00:00 0 
7f8c8c000000-7f8c8c07f000 rw-p 00000000 00:00 0 
7f8c8c07f000-7f8c90000000 ---p 00000000 00:00 0 
7f8c90000000-7f8c90021000 rw-p 00000000 00:00 0 
7f8c90021000-7f8c94000000 ---p 00000000 00:00 0 
7f8c94000000-7f8c94021000 rw-p 00000000 00:00 0 
7f8c94021000-7f8c98000000 ---p 00000000 00:00 0 
7f8c98000000-7f8c98286000 rw-p 00000000 00:00 0 
7f8c98286000-7f8c9c000000 ---p 00000000 00:00 0 
7f8c9c000000-7f8c9c021000 rw-p 00000000 00:00 0 
7f8c9c021000-7f8ca0000000 ---p 00000000 00:00 0 
7f8ca0000000-7f8ca0021000 rw-p 00000000 00:00 0 
7f8ca0021000-7f8ca4000000 ---p 00000000 00:00 0 
7f8ca4000000-7f8ca4021000 rw-p 00000000 00:00 0 
7f8ca4021000-7f8ca8000000 ---p 00000000 00:00 0 
7f8ca8000000-7f8ca8021000 rw-p 00000000 00:00 0 
7f8ca8021000-7f8cac000000 ---p 00000000 00:00 0 
7f8cac000000-7f8cac021000 rw-p 00000000 00:00 0 
7f8cac021000-7f8cb0000000 ---p 00000000 00:00 0 
7f8cb0000000-7f8cb0021000 rw-p 00000000 00:00 0 
7f8cb0021000-7f8cb4000000 ---p 00000000 00:00 0 
7f8cb4000000-7f8cb4021000 rw-p 00000000 00:00 0 
7f8cb4021000-7f8cb8000000 ---p 00000000 00:00 0 
7f8cb8000000-7f8cb8021000 rw-p 00000000 00:00 0 
7f8cb8021000-7f8cbc000000 ---p 00000000 00:00 0 
7f8cbc000000-7f8cbc021000 rw-p 00000000 00:00 0 
7f8cbc021000-7f8cc0000000 ---p 00000000 00:00 0 
7f8cc0000000-7f8cc090f000 rw-p 00000000 00:00 0 
7f8cc090f000-7f8cc4000000 ---p 00000000 00:00 0 
7f8cc4000000-7f8cc4021000 rw-p 00000000 00:00 0 
7f8cc4021000-7f8cc8000000 ---p 00000000 00:00 0 
7f8cc8000000-7f8cc8021000 rw-p 00000000 00:00 0 
7f8cc8021000-7f8ccc000000 ---p 00000000 00:00 0 
7f8ccc081000-7f8ccc085000 ---p 00000000 00:00 0 
7f8ccc085000-7f8ccc182000 rw-p 00000000 00:00 0 
7f8ccc182000-7f8ccc186000 ---p 00000000 00:00 0 
7f8ccc186000-7f8ccc283000 rw-p 00000000 00:00 0 
7f8ccc283000-7f8ccc287000 ---p 00000000 00:00 0 
7f8ccc287000-7f8ccc384000 rw-p 00000000 00:00 0 
7f8ccc384000-7f8ccc388000 ---p 00000000 00:00 0 
7f8ccc388000-7f8ccc485000 rw-p 00000000 00:00 0 
7f8ccc4f4000-7f8ccc4f8000 ---p 00000000 00:00 0 
7f8ccc4f8000-7f8ccc5f5000 rw-p 00000000 00:00 0 
7f8ccc5f5000-7f8ccc5f9000 ---p 00000000 00:00 0 
7f8ccc5f9000-7f8ccc6f6000 rw-p 00000000 00:00 0 
7f8ccc6f6000-7f8ccc6fa000 ---p 00000000 00:00 0 
7f8ccc6fa000-7f8ccc7f7000 rw-p 00000000 00:00 0 
7f8ccc7f7000-7f8ccc7fb000 ---p 00000000 00:00 0 
7f8ccc7fb000-7f8ccc8f8000 rw-p 00000000 00:00 0 
7f8ccc8f8000-7f8ccc8fc000 ---p 00000000 00:00 0 
7f8ccc8fc000-7f8ccc9f9000 rw-p 00000000 00:00 0 
7f8ccc9f9000-7f8ccc9fb000 r-xp 00000000 103:06 1924345                   /home/artur/.vscode/extensions/redhat.java-1.2.0/jre/17.0.1-linux-x86_64/lib/libextnet.so
7f8ccc9fb000-7f8cccbfa000 ---p 00002000 103:06 1924345                   /home/artur/.vscode/extensions/redhat.java-1.2.0/jre/17.0.1-linux-x86_64/lib/libextnet.so
7f8cccbfa000-7f8cccbfb000 r--p 00001000 103:06 1924345                   /home/artur/.vscode/extensions/redhat.java-1.2.0/jre/17.0.1-linux-x86_64/lib/libextnet.so
7f8cccbfb000-7f8cccbfc000 rw-p 00002000 103:06 1924345                   /home/artur/.vscode/extensions/redhat.java-1.2.0/jre/17.0.1-linux-x86_64/lib/libextnet.so
7f8cccbfc000-7f8cccc00000 ---p 00000000 00:00 0 
7f8cccc00000-7f8ccccfd000 rw-p 00000000 00:00 0 
7f8ccccfd000-7f8cccd01000 ---p 00000000 00:00 0 
7f8cccd01000-7f8cccdfe000 rw-p 00000000 00:00 0 
7f8cccdfe000-7f8ccce02000 ---p 00000000 00:00 0 
7f8ccce02000-7f8ccceff000 rw-p 00000000 00:00 0 
7f8ccceff000-7f8cccf03000 ---p 00000000 00:00 0 
7f8cccf03000-7f8ccd180000 rw-p 00000000 00:00 0 
7f8ccd180000-7f8ccd200000 rw-p 00000000 00:00 0 
7f8ccd200000-7f8ccd300000 rw-p 00000000 00:00 0 
7f8ccd300000-7f8ccd400000 rw-p 00000000 00:00 0 
7f8ccd400000-7f8ccd780000 rw-p 00000000 00:00 0 
7f8ccd780000-7f8ccd800000 rw-p 00000000 00:00 0 
7f8ccd8e9000-7f8ccd8f6000 r-xp 00000000 103:06 1924404                   /home/artur/.vscode/extensions/redhat.java-1.2.0/jre/17.0.1-linux-x86_64/lib/libverify.so
7f8ccd8f6000-7f8ccdaf5000 ---p 0000d000 103:06 1924404                   /home/artur/.vscode/extensions/redhat.java-1.2.0/jre/17.0.1-linux-x86_64/lib/libverify.so
7f8ccdaf5000-7f8ccdaf7000 r--p 0000c000 103:06 1924404                   /home/artur/.vscode/extensions/redhat.java-1.2.0/jre/17.0.1-linux-x86_64/lib/libverify.so
7f8ccdaf7000-7f8ccdaf8000 rw-p 0000e000 103:06 1924404                   /home/artur/.vscode/extensions/redhat.java-1.2.0/jre/17.0.1-linux-x86_64/lib/libverify.so
7f8ccdaf8000-7f8ccdafc000 ---p 00000000 00:00 0 
7f8ccdafc000-7f8ccdbf9000 rw-p 00000000 00:00 0 
7f8ccdbf9000-7f8ccdbfa000 ---p 00000000 00:00 0 
7f8ccdbfa000-7f8ccdcfb000 rw-p 00000000 00:00 0 
7f8ccdcfb000-7f8ccdcfc000 ---p 00000000 00:00 0 
7f8ccdcfc000-7f8ccddfd000 rw-p 00000000 00:00 0 
7f8ccddfd000-7f8ccddfe000 ---p 00000000 00:00 0 
7f8ccddfe000-7f8ccdeff000 rw-p 00000000 00:00 0 
7f8ccdeff000-7f8ccdf03000 ---p 00000000 00:00 0 
7f8ccdf03000-7f8cce700000 rw-p 00000000 00:00 0 
7f8cce700000-7f8cce800000 rw-p 00000000 00:00 0 
7f8cce8dc000-7f8cce8e0000 ---p 00000000 00:00 0 
7f8cce8e0000-7f8cce9dd000 rw-p 00000000 00:00 0 
7f8cce9dd000-7f8cce9e1000 ---p 00000000 00:00 0 
7f8cce9e1000-7f8cceade000 rw-p 00000000 00:00 0 
7f8cceade000-7f8cceae2000 ---p 00000000 00:00 0 
7f8cceae2000-7f8ccebdf000 rw-p 00000000 00:00 0 
7f8ccebdf000-7f8ccebe3000 ---p 00000000 00:00 0 
7f8ccebe3000-7f8ccece0000 rw-p 00000000 00:00 0 
7f8ccece0000-7f8ccecf0000 r-xp 00000000 103:06 2625853                   /home/artur/.config/Code/User/globalStorage/redhat.java/1.2.0/config_linux/org.eclipse.equinox.launcher/org.eclipse.equinox.launcher.gtk.linux.x86_64_1.2.400.v20211117-0650/eclipse_11600.so
7f8ccecf0000-7f8cceeef000 ---p 00010000 103:06 2625853                   /home/artur/.config/Code/User/globalStorage/redhat.java/1.2.0/config_linux/org.eclipse.equinox.launcher/org.eclipse.equinox.launcher.gtk.linux.x86_64_1.2.400.v20211117-0650/eclipse_11600.so
7f8cceeef000-7f8cceef0000 r--p 0000f000 103:06 2625853                   /home/artur/.config/Code/User/globalStorage/redhat.java/1.2.0/config_linux/org.eclipse.equinox.launcher/org.eclipse.equinox.launcher.gtk.linux.x86_64_1.2.400.v20211117-0650/eclipse_11600.so
7f8cceef0000-7f8cceef1000 rw-p 00010000 103:06 2625853                   /home/artur/.config/Code/User/globalStorage/redhat.java/1.2.0/config_linux/org.eclipse.equinox.launcher/org.eclipse.equinox.launcher.gtk.linux.x86_64_1.2.400.v20211117-0650/eclipse_11600.so
7f8cceef1000-7f8cceef2000 ---p 00000000 00:00 0 
7f8cceef2000-7f8cceff3000 rw-p 00000000 00:00 0 
7f8cceff3000-7f8cceff4000 ---p 00000000 00:00 0 
7f8cceff4000-7f8ccf0f5000 rw-p 00000000 00:00 0 
7f8ccf0f5000-7f8ccf0f6000 ---p 00000000 00:00 0 
7f8ccf0f6000-7f8ccf1f7000 rw-p 00000000 00:00 0 
7f8ccf1f7000-7f8ccf1f8000 ---p 00000000 00:00 0 
7f8ccf1f8000-7f8ccf2f9000 rw-p 00000000 00:00 0 
7f8ccf2f9000-7f8ccf2fa000 ---p 00000000 00:00 0 
7f8ccf2fa000-7f8ccf3fb000 rw-p 00000000 00:00 0 
7f8ccf3fb000-7f8ccf3fc000 ---p 00000000 00:00 0 
7f8ccf3fc000-7f8ccf4fd000 rw-p 00000000 00:00 0 
7f8ccf4fd000-7f8ccf501000 ---p 00000000 00:00 0 
7f8ccf501000-7f8ccf5fe000 rw-p 00000000 00:00 0 
7f8ccf5fe000-7f8ccf602000 ---p 00000000 00:00 0 
7f8ccf602000-7f8ccf6ff000 rw-p 00000000 00:00 0 
7f8ccf6ff000-7f8ccf703000 ---p 00000000 00:00 0 
7f8ccf703000-7f8ccf900000 rw-p 00000000 00:00 0 
7f8ccf900000-7f8ccfb00000 rw-p 00000000 00:00 0 
7f8ccfb00000-7f8ccfc00000 rw-p 00000000 00:00 0 
7f8ccfc00000-7f8ccfd00000 rw-p 00000000 00:00 0 
7f8ccfd00000-7f8ccfe00000 rw-p 00000000 00:00 0 
7f8ccfe00000-7f8ccffc0000 rw-p 00000000 00:00 0 
7f8ccffc0000-7f8cd0000000 rw-p 00000000 00:00 0 
7f8cd0000000-7f8cd0021000 rw-p 00000000 00:00 0 
7f8cd0021000-7f8cd4000000 ---p 00000000 00:00 0 
7f8cd4000000-7f8cd5133000 rw-p 00000000 00:00 0 
7f8cd5133000-7f8cd8000000 ---p 00000000 00:00 0 
7f8cd8000000-7f8cd8021000 rw-p 00000000 00:00 0 
7f8cd8021000-7f8cdc000000 ---p 00000000 00:00 0 
7f8cdc000000-7f8cdc021000 rw-p 00000000 00:00 0 
7f8cdc021000-7f8ce0000000 ---p 00000000 00:00 0 
7f8ce0000000-7f8ce0b4c000 rw-p 00000000 00:00 0 
7f8ce0b4c000-7f8ce4000000 ---p 00000000 00:00 0 
7f8ce4000000-7f8ce4021000 rw-p 00000000 00:00 0 
7f8ce4021000-7f8ce8000000 ---p 00000000 00:00 0 
7f8ce8000000-7f8ce8021000 rw-p 00000000 00:00 0 
7f8ce8021000-7f8cec000000 ---p 00000000 00:00 0 
7f8cec000000-7f8ced43a000 rw-p 00000000 00:00 0 
7f8ced43a000-7f8cf0000000 ---p 00000000 00:00 0 
7f8cf0000000-7f8cf0021000 rw-p 00000000 00:00 0 
7f8cf0021000-7f8cf4000000 ---p 00000000 00:00 0 
7f8cf4000000-7f8cf4021000 rw-p 00000000 00:00 0 
7f8cf4021000-7f8cf8000000 ---p 00000000 00:00 0 
7f8cf8000000-7f8cf8021000 rw-p 00000000 00:00 0 
7f8cf8021000-7f8cfc000000 ---p 00000000 00:00 0 
7f8cfc000000-7f8cfc021000 rw-p 00000000 00:00 0 
7f8cfc021000-7f8d00000000 ---p 00000000 00:00 0 
7f8d00000000-7f8d00403000 rw-p 00000000 00:00 0 
7f8d00403000-7f8d04000000 ---p 00000000 00:00 0 
7f8d04036000-7f8d0403a000 ---p 00000000 00:00 0 
7f8d0403a000-7f8d04137000 rw-p 00000000 00:00 0 
7f8d04137000-7f8d0414c000 r-xp 00000000 103:06 1924394                   /home/artur/.vscode/extensions/redhat.java-1.2.0/jre/17.0.1-linux-x86_64/lib/libnet.so
7f8d0414c000-7f8d0434b000 ---p 00015000 103:06 1924394                   /home/artur/.vscode/extensions/redhat.java-1.2.0/jre/17.0.1-linux-x86_64/lib/libnet.so
7f8d0434b000-7f8d0434c000 r--p 00014000 103:06 1924394                   /home/artur/.vscode/extensions/redhat.java-1.2.0/jre/17.0.1-linux-x86_64/lib/libnet.so
7f8d0434c000-7f8d0434d000 rw-p 00015000 103:06 1924394                   /home/artur/.vscode/extensions/redhat.java-1.2.0/jre/17.0.1-linux-x86_64/lib/libnet.so
7f8d0434d000-7f8d0435f000 r-xp 00000000 103:06 1924395                   /home/artur/.vscode/extensions/redhat.java-1.2.0/jre/17.0.1-linux-x86_64/lib/libnio.so
7f8d0435f000-7f8d0455e000 ---p 00012000 103:06 1924395                   /home/artur/.vscode/extensions/redhat.java-1.2.0/jre/17.0.1-linux-x86_64/lib/libnio.so
7f8d0455e000-7f8d0455f000 r--p 00011000 103:06 1924395                   /home/artur/.vscode/extensions/redhat.java-1.2.0/jre/17.0.1-linux-x86_64/lib/libnio.so
7f8d0455f000-7f8d04560000 rw-p 00012000 103:06 1924395                   /home/artur/.vscode/extensions/redhat.java-1.2.0/jre/17.0.1-linux-x86_64/lib/libnio.so
7f8d04560000-7f8d04561000 ---p 00000000 00:00 0 
7f8d04561000-7f8d04662000 rw-p 00000000 00:00 0 
7f8d04662000-7f8d04666000 ---p 00000000 00:00 0 
7f8d04666000-7f8d04763000 rw-p 00000000 00:00 0 
7f8d04763000-7f8d04767000 ---p 00000000 00:00 0 
7f8d04767000-7f8d04864000 rw-p 00000000 00:00 0 
7f8d04864000-7f8d04868000 ---p 00000000 00:00 0 
7f8d04868000-7f8d04965000 rw-p 00000000 00:00 0 
7f8d04965000-7f8d04969000 ---p 00000000 00:00 0 
7f8d04969000-7f8d04a66000 rw-p 00000000 00:00 0 
7f8d04a66000-7f8d04a6a000 ---p 00000000 00:00 0 
7f8d04a6a000-7f8d04b67000 rw-p 00000000 00:00 0 
7f8d04b67000-7f8d04b6b000 ---p 00000000 00:00 0 
7f8d04b6b000-7f8d04c68000 rw-p 00000000 00:00 0 
7f8d04c68000-7f8d04c6c000 ---p 00000000 00:00 0 
7f8d04c6c000-7f8d04d69000 rw-p 00000000 00:00 0 
7f8d04d69000-7f8d04d6d000 ---p 00000000 00:00 0 
7f8d04d6d000-7f8d04e6a000 rw-p 00000000 00:00 0 
7f8d04e6a000-7f8d053db000 r--p 00000000 103:06 2889157                   /usr/lib/locale/locale-archive
7f8d053db000-7f8d053df000 ---p 00000000 00:00 0 
7f8d053df000-7f8d054dc000 rw-p 00000000 00:00 0 
7f8d054dc000-7f8d054e0000 ---p 00000000 00:00 0 
7f8d054e0000-7f8d055dd000 rw-p 00000000 00:00 0 
7f8d055dd000-7f8d055de000 ---p 00000000 00:00 0 
7f8d055de000-7f8d07c00000 rw-p 00000000 00:00 0 
7f8d07c00000-7f8d07c20000 rw-p 00000000 00:00 0 
7f8d07c20000-7f8d07c40000 rw-p 00000000 00:00 0 
7f8d07c40000-7f8d07c80000 rw-p 00000000 00:00 0 
7f8d07c80000-7f8d07d00000 rw-p 00000000 00:00 0 
7f8d07d00000-7f8d07f00000 rw-p 00000000 00:00 0 
7f8d07f00000-7f8d07f40000 rw-p 00000000 00:00 0 
7f8d07f40000-7f8d07f80000 rw-p 00000000 00:00 0 
7f8d07f80000-7f8d08000000 rw-p 00000000 00:00 0 
7f8d08000000-7f8d08021000 rw-p 00000000 00:00 0 
7f8d08021000-7f8d0c000000 ---p 00000000 00:00 0 
7f8d0c083000-7f8d0c087000 r--p 00000000 103:06 3674041                   /lib/x86_64-linux-gnu/libresolv-2.31.so
7f8d0c087000-7f8d0c097000 r-xp 00004000 103:06 3674041                   /lib/x86_64-linux-gnu/libresolv-2.31.so
7f8d0c097000-7f8d0c09a000 r--p 00014000 103:06 3674041                   /lib/x86_64-linux-gnu/libresolv-2.31.so
7f8d0c09a000-7f8d0c09b000 ---p 00017000 103:06 3674041                   /lib/x86_64-linux-gnu/libresolv-2.31.so
7f8d0c09b000-7f8d0c09c000 r--p 00017000 103:06 3674041                   /lib/x86_64-linux-gnu/libresolv-2.31.so
7f8d0c09c000-7f8d0c09d000 rw-p 00018000 103:06 3674041                   /lib/x86_64-linux-gnu/libresolv-2.31.so
7f8d0c09d000-7f8d0c09f000 rw-p 00000000 00:00 0 
7f8d0c0bb000-7f8d0c0bf000 ---p 00000000 00:00 0 
7f8d0c0bf000-7f8d0c0dd000 rw-p 00000000 00:00 0 
7f8d0c0dd000-7f8d0c0e4000 r-xp 00000000 103:06 1924405                   /home/artur/.vscode/extensions/redhat.java-1.2.0/jre/17.0.1-linux-x86_64/lib/libzip.so
7f8d0c0e4000-7f8d0c2e4000 ---p 00007000 103:06 1924405                   /home/artur/.vscode/extensions/redhat.java-1.2.0/jre/17.0.1-linux-x86_64/lib/libzip.so
7f8d0c2e4000-7f8d0c2e5000 r--p 00007000 103:06 1924405                   /home/artur/.vscode/extensions/redhat.java-1.2.0/jre/17.0.1-linux-x86_64/lib/libzip.so
7f8d0c2e5000-7f8d0c2e6000 rw-p 00008000 103:06 1924405                   /home/artur/.vscode/extensions/redhat.java-1.2.0/jre/17.0.1-linux-x86_64/lib/libzip.so
7f8d0c2e6000-7f8d0e403000 rw-p 00000000 00:00 0 
7f8d0e403000-7f8d0e673000 rwxp 00000000 00:00 0 
7f8d0e673000-7f8d0e995000 ---p 00000000 00:00 0 
7f8d0e995000-7f8d0f495000 rwxp 00000000 00:00 0 
7f8d0f495000-7f8d15ecc000 ---p 00000000 00:00 0 
7f8d15ecc000-7f8d1617c000 rwxp 00000000 00:00 0 
7f8d1617c000-7f8d1d403000 ---p 00000000 00:00 0 
7f8d1d403000-7f8d20000000 r--s 00000000 103:06 1924413                   /home/artur/.vscode/extensions/redhat.java-1.2.0/jre/17.0.1-linux-x86_64/lib/modules
7f8d20000000-7f8d20662000 rw-p 00000000 00:00 0 
7f8d20662000-7f8d24000000 ---p 00000000 00:00 0 
7f8d2400a000-7f8d24245000 rw-p 00000000 00:00 0 
7f8d24245000-7f8d24374000 ---p 00000000 00:00 0 
7f8d24374000-7f8d24375000 ---p 00000000 00:00 0 
7f8d24375000-7f8d2449d000 rw-p 00000000 00:00 0 
7f8d2449d000-7f8d245cb000 ---p 00000000 00:00 0 
7f8d245cb000-7f8d245de000 rw-p 00000000 00:00 0 
7f8d245de000-7f8d24676000 ---p 00000000 00:00 0 
7f8d24676000-7f8d2467d000 rw-p 00000000 00:00 0 
7f8d2467d000-7f8d24762000 ---p 00000000 00:00 0 
7f8d24762000-7f8d24778000 rw-p 00000000 00:00 0 
7f8d24778000-7f8d2484d000 ---p 00000000 00:00 0 
7f8d2484d000-7f8d24871000 r-xp 00000000 103:06 1924362                   /home/artur/.vscode/extensions/redhat.java-1.2.0/jre/17.0.1-linux-x86_64/lib/libjava.so
7f8d24871000-7f8d24a71000 ---p 00024000 103:06 1924362                   /home/artur/.vscode/extensions/redhat.java-1.2.0/jre/17.0.1-linux-x86_64/lib/libjava.so
7f8d24a71000-7f8d24a72000 r--p 00024000 103:06 1924362                   /home/artur/.vscode/extensions/redhat.java-1.2.0/jre/17.0.1-linux-x86_64/lib/libjava.so
7f8d24a72000-7f8d24a73000 rw-p 00025000 103:06 1924362                   /home/artur/.vscode/extensions/redhat.java-1.2.0/jre/17.0.1-linux-x86_64/lib/libjava.so
7f8d24a73000-7f8d24a74000 rw-p 00000000 00:00 0 
7f8d24a74000-7f8d24a77000 r--p 00000000 103:06 3674023                   /lib/x86_64-linux-gnu/libnss_files-2.31.so
7f8d24a77000-7f8d24a7e000 r-xp 00003000 103:06 3674023                   /lib/x86_64-linux-gnu/libnss_files-2.31.so
7f8d24a7e000-7f8d24a80000 r--p 0000a000 103:06 3674023                   /lib/x86_64-linux-gnu/libnss_files-2.31.so
7f8d24a80000-7f8d24a81000 r--p 0000b000 103:06 3674023                   /lib/x86_64-linux-gnu/libnss_files-2.31.so
7f8d24a81000-7f8d24a82000 rw-p 0000c000 103:06 3674023                   /lib/x86_64-linux-gnu/libnss_files-2.31.so
7f8d24a82000-7f8d24a88000 rw-p 00000000 00:00 0 
7f8d24a88000-7f8d24a8d000 r--p 00000000 103:06 3674009                   /lib/x86_64-linux-gnu/libnsl-2.31.so
7f8d24a8d000-7f8d24a9d000 r-xp 00005000 103:06 3674009                   /lib/x86_64-linux-gnu/libnsl-2.31.so
7f8d24a9d000-7f8d24aa1000 r--p 00015000 103:06 3674009                   /lib/x86_64-linux-gnu/libnsl-2.31.so
7f8d24aa1000-7f8d24aa2000 r--p 00018000 103:06 3674009                   /lib/x86_64-linux-gnu/libnsl-2.31.so
7f8d24aa2000-7f8d24aa3000 rw-p 00019000 103:06 3674009                   /lib/x86_64-linux-gnu/libnsl-2.31.so
7f8d24aa3000-7f8d24aa5000 rw-p 00000000 00:00 0 
7f8d24aa5000-7f8d24aa8000 r--p 00000000 103:06 3674031                   /lib/x86_64-linux-gnu/libnss_nis-2.31.so
7f8d24aa8000-7f8d24ab0000 r-xp 00003000 103:06 3674031                   /lib/x86_64-linux-gnu/libnss_nis-2.31.so
7f8d24ab0000-7f8d24ab2000 r--p 0000b000 103:06 3674031                   /lib/x86_64-linux-gnu/libnss_nis-2.31.so
7f8d24ab2000-7f8d24ab3000 r--p 0000c000 103:06 3674031                   /lib/x86_64-linux-gnu/libnss_nis-2.31.so
7f8d24ab3000-7f8d24ab4000 rw-p 0000d000 103:06 3674031                   /lib/x86_64-linux-gnu/libnss_nis-2.31.so
7f8d24ab4000-7f8d24abb000 r--s 00000000 103:06 3148538                   /usr/lib/x86_64-linux-gnu/gconv/gconv-modules.cache
7f8d24abb000-7f8d24abd000 r--p 00000000 103:06 3674019                   /lib/x86_64-linux-gnu/libnss_dns-2.31.so
7f8d24abd000-7f8d24ac1000 r-xp 00002000 103:06 3674019                   /lib/x86_64-linux-gnu/libnss_dns-2.31.so
7f8d24ac1000-7f8d24ac2000 r--p 00006000 103:06 3674019                   /lib/x86_64-linux-gnu/libnss_dns-2.31.so
7f8d24ac2000-7f8d24ac3000 r--p 00006000 103:06 3674019                   /lib/x86_64-linux-gnu/libnss_dns-2.31.so
7f8d24ac3000-7f8d24ac4000 rw-p 00007000 103:06 3674019                   /lib/x86_64-linux-gnu/libnss_dns-2.31.so
7f8d24ac4000-7f8d24ac9000 rw-p 00000000 00:00 0 
7f8d24ac9000-7f8d24ad0000 ---p 00000000 00:00 0 
7f8d24ad0000-7f8d24aeb000 r-xp 00000000 103:06 1924374                   /home/artur/.vscode/extensions/redhat.java-1.2.0/jre/17.0.1-linux-x86_64/lib/libjimage.so
7f8d24aeb000-7f8d24cea000 ---p 0001b000 103:06 1924374                   /home/artur/.vscode/extensions/redhat.java-1.2.0/jre/17.0.1-linux-x86_64/lib/libjimage.so
7f8d24cea000-7f8d24cec000 r--p 0001a000 103:06 1924374                   /home/artur/.vscode/extensions/redhat.java-1.2.0/jre/17.0.1-linux-x86_64/lib/libjimage.so
7f8d24cec000-7f8d24ced000 rw-p 0001c000 103:06 1924374                   /home/artur/.vscode/extensions/redhat.java-1.2.0/jre/17.0.1-linux-x86_64/lib/libjimage.so
7f8d24ced000-7f8d24cf1000 ---p 00000000 00:00 0 
7f8d24cf1000-7f8d24dee000 rw-p 00000000 00:00 0 
7f8d24dee000-7f8d24dfd000 r--p 00000000 103:06 3673997                   /lib/x86_64-linux-gnu/libm-2.31.so
7f8d24dfd000-7f8d24ea4000 r-xp 0000f000 103:06 3673997                   /lib/x86_64-linux-gnu/libm-2.31.so
7f8d24ea4000-7f8d24f3b000 r--p 000b6000 103:06 3673997                   /lib/x86_64-linux-gnu/libm-2.31.so
7f8d24f3b000-7f8d24f3c000 r--p 0014c000 103:06 3673997                   /lib/x86_64-linux-gnu/libm-2.31.so
7f8d24f3c000-7f8d24f3d000 rw-p 0014d000 103:06 3673997                   /lib/x86_64-linux-gnu/libm-2.31.so
7f8d24f3d000-7f8d24f40000 r--p 00000000 103:06 3674043                   /lib/x86_64-linux-gnu/librt-2.31.so
7f8d24f40000-7f8d24f44000 r-xp 00003000 103:06 3674043                   /lib/x86_64-linux-gnu/librt-2.31.so
7f8d24f44000-7f8d24f45000 r--p 00007000 103:06 3674043                   /lib/x86_64-linux-gnu/librt-2.31.so
7f8d24f45000-7f8d24f46000 ---p 00008000 103:06 3674043                   /lib/x86_64-linux-gnu/librt-2.31.so
7f8d24f46000-7f8d24f47000 r--p 00008000 103:06 3674043                   /lib/x86_64-linux-gnu/librt-2.31.so
7f8d24f47000-7f8d24f48000 rw-p 00009000 103:06 3674043                   /lib/x86_64-linux-gnu/librt-2.31.so
7f8d24f48000-7f8d26227000 r-xp 00000000 103:06 1924435                   /home/artur/.vscode/extensions/redhat.java-1.2.0/jre/17.0.1-linux-x86_64/lib/server/libjvm.so
7f8d26227000-7f8d26426000 ---p 012df000 103:06 1924435                   /home/artur/.vscode/extensions/redhat.java-1.2.0/jre/17.0.1-linux-x86_64/lib/server/libjvm.so
7f8d26426000-7f8d264df000 r--p 012de000 103:06 1924435                   /home/artur/.vscode/extensions/redhat.java-1.2.0/jre/17.0.1-linux-x86_64/lib/server/libjvm.so
7f8d264df000-7f8d26513000 rw-p 01397000 103:06 1924435                   /home/artur/.vscode/extensions/redhat.java-1.2.0/jre/17.0.1-linux-x86_64/lib/server/libjvm.so
7f8d26513000-7f8d2656f000 rw-p 00000000 00:00 0 
7f8d2656f000-7f8d26594000 r--p 00000000 103:06 3673989                   /lib/x86_64-linux-gnu/libc-2.31.so
7f8d26594000-7f8d2670c000 r-xp 00025000 103:06 3673989                   /lib/x86_64-linux-gnu/libc-2.31.so
7f8d2670c000-7f8d26756000 r--p 0019d000 103:06 3673989                   /lib/x86_64-linux-gnu/libc-2.31.so
7f8d26756000-7f8d26757000 ---p 001e7000 103:06 3673989                   /lib/x86_64-linux-gnu/libc-2.31.so
7f8d26757000-7f8d2675a000 r--p 001e7000 103:06 3673989                   /lib/x86_64-linux-gnu/libc-2.31.so
7f8d2675a000-7f8d2675d000 rw-p 001ea000 103:06 3673989                   /lib/x86_64-linux-gnu/libc-2.31.so
7f8d2675d000-7f8d26761000 rw-p 00000000 00:00 0 
7f8d26761000-7f8d26762000 r--p 00000000 103:06 3673993                   /lib/x86_64-linux-gnu/libdl-2.31.so
7f8d26762000-7f8d26764000 r-xp 00001000 103:06 3673993                   /lib/x86_64-linux-gnu/libdl-2.31.so
7f8d26764000-7f8d26765000 r--p 00003000 103:06 3673993                   /lib/x86_64-linux-gnu/libdl-2.31.so
7f8d26765000-7f8d26766000 r--p 00003000 103:06 3673993                   /lib/x86_64-linux-gnu/libdl-2.31.so
7f8d26766000-7f8d26767000 rw-p 00004000 103:06 3673993                   /lib/x86_64-linux-gnu/libdl-2.31.so
7f8d26767000-7f8d2676e000 r--p 00000000 103:06 3674039                   /lib/x86_64-linux-gnu/libpthread-2.31.so
7f8d2676e000-7f8d2677f000 r-xp 00007000 103:06 3674039                   /lib/x86_64-linux-gnu/libpthread-2.31.so
7f8d2677f000-7f8d26784000 r--p 00018000 103:06 3674039                   /lib/x86_64-linux-gnu/libpthread-2.31.so
7f8d26784000-7f8d26785000 r--p 0001c000 103:06 3674039                   /lib/x86_64-linux-gnu/libpthread-2.31.so
7f8d26785000-7f8d26786000 rw-p 0001d000 103:06 3674039                   /lib/x86_64-linux-gnu/libpthread-2.31.so
7f8d26786000-7f8d2678a000 rw-p 00000000 00:00 0 
7f8d2678a000-7f8d26799000 r-xp 00000000 103:06 1924377                   /home/artur/.vscode/extensions/redhat.java-1.2.0/jre/17.0.1-linux-x86_64/lib/libjli.so
7f8d26799000-7f8d26999000 ---p 0000f000 103:06 1924377                   /home/artur/.vscode/extensions/redhat.java-1.2.0/jre/17.0.1-linux-x86_64/lib/libjli.so
7f8d26999000-7f8d2699a000 r--p 0000f000 103:06 1924377                   /home/artur/.vscode/extensions/redhat.java-1.2.0/jre/17.0.1-linux-x86_64/lib/libjli.so
7f8d2699a000-7f8d2699b000 rw-p 00010000 103:06 1924377                   /home/artur/.vscode/extensions/redhat.java-1.2.0/jre/17.0.1-linux-x86_64/lib/libjli.so
7f8d2699b000-7f8d2699d000 r--p 00000000 103:06 3672661                   /lib/x86_64-linux-gnu/libz.so.1.2.11
7f8d2699d000-7f8d269ae000 r-xp 00002000 103:06 3672661                   /lib/x86_64-linux-gnu/libz.so.1.2.11
7f8d269ae000-7f8d269b4000 r--p 00013000 103:06 3672661                   /lib/x86_64-linux-gnu/libz.so.1.2.11
7f8d269b4000-7f8d269b5000 ---p 00019000 103:06 3672661                   /lib/x86_64-linux-gnu/libz.so.1.2.11
7f8d269b5000-7f8d269b6000 r--p 00019000 103:06 3672661                   /lib/x86_64-linux-gnu/libz.so.1.2.11
7f8d269b6000-7f8d269b7000 rw-p 0001a000 103:06 3672661                   /lib/x86_64-linux-gnu/libz.so.1.2.11
7f8d269b7000-7f8d269b8000 r--p 00000000 103:06 3670771                   /lib/x86_64-linux-gnu/libnss_mdns4_minimal.so.2
7f8d269b8000-7f8d269ba000 r-xp 00001000 103:06 3670771                   /lib/x86_64-linux-gnu/libnss_mdns4_minimal.so.2
7f8d269ba000-7f8d269bb000 r--p 00003000 103:06 3670771                   /lib/x86_64-linux-gnu/libnss_mdns4_minimal.so.2
7f8d269bb000-7f8d269bc000 r--p 00003000 103:06 3670771                   /lib/x86_64-linux-gnu/libnss_mdns4_minimal.so.2
7f8d269bc000-7f8d269bd000 rw-p 00004000 103:06 3670771                   /lib/x86_64-linux-gnu/libnss_mdns4_minimal.so.2
7f8d269bd000-7f8d269c5000 rw-s 00000000 103:06 3809731                   /tmp/hsperfdata_artur/186430
7f8d269c5000-7f8d269c7000 r--p 00000000 103:06 3674013                   /lib/x86_64-linux-gnu/libnss_compat-2.31.so
7f8d269c7000-7f8d269ce000 r-xp 00002000 103:06 3674013                   /lib/x86_64-linux-gnu/libnss_compat-2.31.so
7f8d269ce000-7f8d269cf000 r--p 00009000 103:06 3674013                   /lib/x86_64-linux-gnu/libnss_compat-2.31.so
7f8d269cf000-7f8d269d0000 r--p 00009000 103:06 3674013                   /lib/x86_64-linux-gnu/libnss_compat-2.31.so
7f8d269d0000-7f8d269d1000 rw-p 0000a000 103:06 3674013                   /lib/x86_64-linux-gnu/libnss_compat-2.31.so
7f8d269d1000-7f8d269d2000 ---p 00000000 00:00 0 
7f8d269d2000-7f8d269d3000 r--p 00000000 00:00 0 
7f8d269d3000-7f8d269d5000 rw-p 00000000 00:00 0 
7f8d269d5000-7f8d269d6000 r--p 00000000 103:06 3673973                   /lib/x86_64-linux-gnu/ld-2.31.so
7f8d269d6000-7f8d269f9000 r-xp 00001000 103:06 3673973                   /lib/x86_64-linux-gnu/ld-2.31.so
7f8d269f9000-7f8d26a01000 r--p 00024000 103:06 3673973                   /lib/x86_64-linux-gnu/ld-2.31.so
7f8d26a01000-7f8d26a02000 ---p 00000000 00:00 0 
7f8d26a02000-7f8d26a03000 r--p 0002c000 103:06 3673973                   /lib/x86_64-linux-gnu/ld-2.31.so
7f8d26a03000-7f8d26a04000 rw-p 0002d000 103:06 3673973                   /lib/x86_64-linux-gnu/ld-2.31.so
7f8d26a04000-7f8d26a05000 rw-p 00000000 00:00 0 
7ffc8df1a000-7ffc8df3c000 rw-p 00000000 00:00 0                          [stack]
7ffc8df4e000-7ffc8df51000 r--p 00000000 00:00 0                          [vvar]
7ffc8df51000-7ffc8df52000 r-xp 00000000 00:00 0                          [vdso]
ffffffffff600000-ffffffffff601000 --xp 00000000 00:00 0                  [vsyscall]


VM Arguments:
jvm_args: --add-modules=ALL-SYSTEM --add-opens=java.base/java.util=ALL-UNNAMED --add-opens=java.base/java.lang=ALL-UNNAMED -Declipse.application=org.eclipse.jdt.ls.core.id1 -Dosgi.bundles.defaultStartLevel=4 -Declipse.product=org.eclipse.jdt.ls.core.product -Djava.import.generatesMetadataFilesAtProjectRoot=false -Dfile.encoding=utf8 -XX:+UseParallelGC -XX:GCTimeRatio=4 -XX:AdaptiveSizePolicyWeight=90 -Dsun.zip.disableMemoryMapping=true -Xmx1G -Xms100m -XX:+HeapDumpOnOutOfMemoryError -XX:HeapDumpPath=/home/artur/.config/Code/User/workspaceStorage/68e882bbe0e19ee7d9ce481bef1e990f/redhat.java 
java_command: /home/artur/.vscode/extensions/redhat.java-1.2.0/server/plugins/org.eclipse.equinox.launcher_1.6.400.v20210924-0641.jar -configuration /home/artur/.config/Code/User/globalStorage/redhat.java/1.2.0/config_linux -data /home/artur/.config/Code/User/workspaceStorage/68e882bbe0e19ee7d9ce481bef1e990f/redhat.java/jdt_ws
java_class_path (initial): /home/artur/.vscode/extensions/redhat.java-1.2.0/server/plugins/org.eclipse.equinox.launcher_1.6.400.v20210924-0641.jar
Launcher Type: SUN_STANDARD

[Global flags]
    uintx AdaptiveSizePolicyWeight                 = 90                                        {product} {command line}
     intx CICompilerCount                          = 4                                         {product} {ergonomic}
    uintx GCTimeRatio                              = 4                                         {product} {command line}
     bool HeapDumpOnOutOfMemoryError               = true                                   {manageable} {command line}
    ccstr HeapDumpPath                             = /home/artur/.config/Code/User/workspaceStorage/68e882bbe0e19ee7d9ce481bef1e990f/redhat.java         {manageable} {command line}
   size_t InitialHeapSize                          = 104857600                                 {product} {command line}
   size_t MaxHeapSize                              = 1073741824                                {product} {command line}
   size_t MaxNewSize                               = 357564416                                 {product} {ergonomic}
   size_t MinHeapDeltaBytes                        = 524288                                    {product} {ergonomic}
   size_t MinHeapSize                              = 104857600                                 {product} {command line}
   size_t NewSize                                  = 34603008                                  {product} {ergonomic}
    uintx NonNMethodCodeHeapSize                   = 5839372                                {pd product} {ergonomic}
    uintx NonProfiledCodeHeapSize                  = 122909434                              {pd product} {ergonomic}
   size_t OldSize                                  = 70254592                                  {product} {ergonomic}
    uintx ProfiledCodeHeapSize                     = 122909434                              {pd product} {ergonomic}
    uintx ReservedCodeCacheSize                    = 251658240                              {pd product} {ergonomic}
     bool SegmentedCodeCache                       = true                                      {product} {ergonomic}
   size_t SoftMaxHeapSize                          = 1073741824                             {manageable} {ergonomic}
     bool UseCompressedClassPointers               = true                           {product lp64_product} {ergonomic}
     bool UseCompressedOops                        = true                           {product lp64_product} {ergonomic}
     bool UseParallelGC                            = true                                      {product} {command line}

Logging:
Log output configuration:
 #0: stdout all=warning uptime,level,tags
 #1: stderr all=off uptime,level,tags

Environment Variables:
JAVA_HOME=/usr/lib/jvm/java-11-openjdk-amd64
CLASSPATH=.:/usr/local/lib/antlr-4.9.2-complete.jar:/usr/local/lib/ST-4.3.1.jar:
PATH=/home/artur/.nvm/versions/node/v14.17.0/bin:/home/artur/.local/bin:/usr/local/sbin:/usr/local/bin:/usr/sbin:/usr/bin:/sbin:/bin:/usr/games:/usr/local/games:/snap/bin:/usr/lib/jvm/java-16-oracle/bin:/usr/lib/jvm/java-16-oracle/db/bin:/opt/bin:.:
USERNAME=artur
SHELL=/bin/bash
DISPLAY=:0
LANG=en_US.UTF-8
LC_CTYPE=pt_PT.UTF-8

Signal Handlers:
   SIGSEGV: crash_handler in libjvm.so, mask=11100100010111111101111111111110, flags=SA_RESTART|SA_SIGINFO
    SIGBUS: crash_handler in libjvm.so, mask=11100100010111111101111111111110, flags=SA_RESTART|SA_SIGINFO
    SIGFPE: crash_handler in libjvm.so, mask=11100100010111111101111111111110, flags=SA_RESTART|SA_SIGINFO
   SIGPIPE: javaSignalHandler in libjvm.so, mask=11100100010111111101111111111110, flags=SA_RESTART|SA_SIGINFO
   SIGXFSZ: javaSignalHandler in libjvm.so, mask=11100100010111111101111111111110, flags=SA_RESTART|SA_SIGINFO
    SIGILL: crash_handler in libjvm.so, mask=11100100010111111101111111111110, flags=SA_RESTART|SA_SIGINFO
   SIGUSR2: SR_handler in libjvm.so, mask=00000000000000000000000000000000, flags=SA_RESTART|SA_SIGINFO
    SIGHUP: UserHandler in libjvm.so, mask=11100100010111111101111111111110, flags=SA_RESTART|SA_SIGINFO
    SIGINT: UserHandler in libjvm.so, mask=11100100010111111101111111111110, flags=SA_RESTART|SA_SIGINFO
   SIGTERM: UserHandler in libjvm.so, mask=11100100010111111101111111111110, flags=SA_RESTART|SA_SIGINFO
   SIGQUIT: UserHandler in libjvm.so, mask=11100100010111111101111111111110, flags=SA_RESTART|SA_SIGINFO
   SIGTRAP: crash_handler in libjvm.so, mask=11100100010111111101111111111110, flags=SA_RESTART|SA_SIGINFO


---------------  S Y S T E M  ---------------

OS:
DISTRIB_ID=Ubuntu
DISTRIB_RELEASE=20.04
DISTRIB_CODENAME=focal
DISTRIB_DESCRIPTION="Ubuntu 20.04.3 LTS"
uname: Linux 5.4.0-90-generic #101-Ubuntu SMP Fri Oct 15 20:00:55 UTC 2021 x86_64
OS uptime: 1 days 1:32 hours
libc: glibc 2.31 NPTL 2.31 
rlimit (soft/hard): STACK 8192k/infinity , CORE 0k/infinity , NPROC 63176/63176 , NOFILE 1048576/1048576 , AS infinity/infinity , CPU infinity/infinity , DATA infinity/infinity , FSIZE infinity/infinity , MEMLOCK 65536k/65536k
load average: 1,17 0,92 0,80

/proc/meminfo:
MemTotal:       16235992 kB
MemFree:          689324 kB
MemAvailable:    4932204 kB
Buffers:          691476 kB
Cached:          4881220 kB
SwapCached:         2296 kB
Active:         11165944 kB
Inactive:        3303432 kB
Active(anon):    8435548 kB
Inactive(anon):  1748728 kB
Active(file):    2730396 kB
Inactive(file):  1554704 kB
Unevictable:      226660 kB
Mlocked:             160 kB
SwapTotal:       2097148 kB
SwapFree:        2035648 kB
Dirty:              6548 kB
Writeback:             0 kB
AnonPages:       9122348 kB
Mapped:          1968328 kB
Shmem:           1293212 kB
KReclaimable:     299832 kB
Slab:             581340 kB
SReclaimable:     299832 kB
SUnreclaim:       281508 kB
KernelStack:       37584 kB
PageTables:       101316 kB
NFS_Unstable:          0 kB
Bounce:                0 kB
WritebackTmp:          0 kB
CommitLimit:    10215144 kB
Committed_AS:   30839948 kB
VmallocTotal:   34359738367 kB
VmallocUsed:       63520 kB
VmallocChunk:          0 kB
Percpu:            17728 kB
HardwareCorrupted:     0 kB
AnonHugePages:         0 kB
ShmemHugePages:        0 kB
ShmemPmdMapped:        0 kB
FileHugePages:         0 kB
FilePmdMapped:         0 kB
CmaTotal:              0 kB
CmaFree:               0 kB
HugePages_Total:       0
HugePages_Free:        0
HugePages_Rsvd:        0
HugePages_Surp:        0
Hugepagesize:       2048 kB
Hugetlb:               0 kB
DirectMap4k:      750176 kB
DirectMap2M:    15867904 kB
DirectMap1G:           0 kB

/sys/kernel/mm/transparent_hugepage/enabled: always [madvise] never
/sys/kernel/mm/transparent_hugepage/defrag (defrag/compaction efforts parameter): always defer defer+madvise [madvise] never

Process Memory:
Virtual Size: 6038808K (peak: 6038808K)
Resident Set Size: 299028K (peak: 299028K) (anon: 264424K, file: 34604K, shmem: 0K)
Swapped out: 0K
C-Heap outstanding allocations: 72137K

/proc/sys/kernel/threads-max (system-wide limit on the number of threads): 126352
/proc/sys/vm/max_map_count (maximum number of memory map areas a process may have): 1048575
/proc/sys/kernel/pid_max (system-wide limit on number of process identifiers): 4194304

container (cgroup) information:
container_type: cgroupv1
cpu_cpuset_cpus: 0-11
cpu_memory_nodes: 0
active_processor_count: 12
cpu_quota: no quota
cpu_period: 100000
cpu_shares: no shares
memory_limit_in_bytes: unlimited
memory_and_swap_limit_in_bytes: not supported
memory_soft_limit_in_bytes: unlimited
memory_usage_in_bytes: 12230332416
memory_max_usage_in_bytes: 12816494592

Steal ticks since vm start: 0
Steal ticks percentage since vm start:  0,000

CPU: total 12 (initial active 12) (6 cores per cpu, 2 threads per core) family 6 model 158 stepping 13 microcode 0xea, cx8, cmov, fxsr, ht, mmx, 3dnowpref, sse, sse2, sse3, ssse3, sse4.1, sse4.2, popcnt, lzcnt, tsc, tscinvbit, avx, avx2, aes, erms, clmul, bmi1, bmi2, adx, fma, vzeroupper, clflush, clflushopt
CPU Model and flags from /proc/cpuinfo:
model name	: Intel(R) Core(TM) i7-9750H CPU @ 2.60GHz
flags		: fpu vme de pse tsc msr pae mce cx8 apic sep mtrr pge mca cmov pat pse36 clflush dts acpi mmx fxsr sse sse2 ss ht tm pbe syscall nx pdpe1gb rdtscp lm constant_tsc art arch_perfmon pebs bts rep_good nopl xtopology nonstop_tsc cpuid aperfmperf pni pclmulqdq dtes64 monitor ds_cpl vmx est tm2 ssse3 sdbg fma cx16 xtpr pdcm pcid sse4_1 sse4_2 x2apic movbe popcnt tsc_deadline_timer aes xsave avx f16c rdrand lahf_lm abm 3dnowprefetch cpuid_fault epb invpcid_single ssbd ibrs ibpb stibp ibrs_enhanced tpr_shadow vnmi flexpriority ept vpid ept_ad fsgsbase tsc_adjust bmi1 avx2 smep bmi2 erms invpcid mpx rdseed adx smap clflushopt intel_pt xsaveopt xsavec xgetbv1 xsaves dtherm ida arat pln pts hwp hwp_notify hwp_act_window hwp_epp md_clear flush_l1d arch_capabilities

Online cpus: 0-11
Offline cpus: 
BIOS frequency limitation: <Not Available>
Frequency switch latency (ns): 0
Available cpu frequencies: <Not Available>
Current governor: powersave
Core performance/turbo boost: <Not Available>

Memory: 4k page, physical 16235992k(689324k free), swap 2097148k(2035648k free)
Page Sizes: 4k

vm_info: OpenJDK 64-Bit Server VM (17.0.1+12) for linux-amd64 JRE (17.0.1+12), built on Oct 20 2021 12:00:24 by "" with gcc 7.5.0

END.
