#
# A fatal error has been detected by the Java Runtime Environment:
#
#  SIGSEGV (0xb) at pc=0x00007fe4b4902e09, pid=192126, tid=192171
#
# JRE version: OpenJDK Runtime Environment Temurin-17.0.1+12 (17.0.1+12) (build 17.0.1+12)
# Java VM: OpenJDK 64-Bit Server VM Temurin-17.0.1+12 (17.0.1+12, mixed mode, tiered, compressed oops, compressed class ptrs, parallel gc, linux-amd64)
# Problematic frame:
# V  [libjvm.so+0xc9be09]  void OopOopIterateBackwardsDispatch<PSPushContentsClosure>::Table::oop_oop_iterate_backwards<InstanceKlass, narrowOop>(PSPushContentsClosure*, oopDesc*, Klass*)+0xa9
#
# Core dump will be written. Default location: Core dumps may be processed with "/usr/share/apport/apport %p %s %c %d %P %E" (or dumping to /home/artur/Desktop/3ano/IES/medical-management-system/Project/core.192126)
#
# If you would like to submit a bug report, please visit:
#   https://github.com/adoptium/adoptium-support/issues
#

---------------  S U M M A R Y ------------

Command Line: --add-modules=ALL-SYSTEM --add-opens=java.base/java.util=ALL-UNNAMED --add-opens=java.base/java.lang=ALL-UNNAMED -Declipse.application=org.eclipse.jdt.ls.core.id1 -Dosgi.bundles.defaultStartLevel=4 -Declipse.product=org.eclipse.jdt.ls.core.product -Djava.import.generatesMetadataFilesAtProjectRoot=false -Dfile.encoding=utf8 -XX:+UseParallelGC -XX:GCTimeRatio=4 -XX:AdaptiveSizePolicyWeight=90 -Dsun.zip.disableMemoryMapping=true -Xmx2G -Xms100m /home/artur/.vscode/extensions/redhat.java-1.2.0/server/plugins/org.eclipse.equinox.launcher_1.6.400.v20210924-0641.jar -configuration /home/artur/.config/Code/User/globalStorage/redhat.java/1.2.0/config_ss_linux -data /home/artur/.config/Code/User/workspaceStorage/68e882bbe0e19ee7d9ce481bef1e990f/redhat.java/ss_ws

Host: Intel(R) Core(TM) i7-9750H CPU @ 2.60GHz, 12 cores, 15G, Ubuntu 20.04.3 LTS
Time: Wed Jan 12 23:54:48 2022 WET elapsed time: 3.210990 seconds (0d 0h 0m 3s)

---------------  T H R E A D  ---------------

Current thread (0x00007fe48c0055d0):  GCTaskThread "GC Thread#6" [stack: 0x00007fe45b1f6000,0x00007fe45b2f6000] [id=192171]

Stack: [0x00007fe45b1f6000,0x00007fe45b2f6000],  sp=0x00007fe45b2f4b40,  free space=1018k
Native frames: (J=compiled Java code, j=interpreted, Vv=VM code, C=native code)
V  [libjvm.so+0xc9be09]  void OopOopIterateBackwardsDispatch<PSPushContentsClosure>::Table::oop_oop_iterate_backwards<InstanceKlass, narrowOop>(PSPushContentsClosure*, oopDesc*, Klass*)+0xa9
V  [libjvm.so+0xcb6aa6]  oopDesc* PSPromotionManager::copy_unmarked_to_survivor_space<false>(oopDesc*, markWord)+0x476
V  [libjvm.so+0xcb65e0]  PSPromotionManager::drain_stacks_depth(bool)+0x7a0
V  [libjvm.so+0xcb94f5]  steal_work(TaskTerminator&, unsigned int)+0x285
V  [libjvm.so+0xcbb72e]  ScavengeRootsTask::work(unsigned int)+0x46e
V  [libjvm.so+0xfab56c]  GangWorker::loop()+0x5c
V  [libjvm.so+0xfab5be]
V  [libjvm.so+0xf01b62]  Thread::call_run()+0xe2
V  [libjvm.so+0xc3ccd1]  thread_native_entry(Thread*)+0xe1


siginfo: si_signo: 11 (SIGSEGV), si_code: 1 (SEGV_MAPERR), si_addr: 0x000000006a5c15d4

Register to memory mapping:

RAX=0x000000006a5a1648 is an unknown value
RBX=0x000000006a5c15d4 is an unknown value
RCX=0x0000000000000002 is an unknown value
RDX=0x000000006a5c15d8 is an unknown value
RSP=0x00007fe45b2f4b40 points into unknown readable memory: 0x00000000d6e435d0 | d0 35 e4 d6 00 00 00 00
RBP=0x00007fe45b2f4ba0 points into unknown readable memory: 0x00007fe45b2f4c30 | 30 4c 2f 5b e4 7f 00 00
RSI=0x00000000d6e45d18 is an oop: org.eclipse.jdt.internal.compiler.impl.LongConstant 
{0x00000000d6e45d18} - klass: 'org/eclipse/jdt/internal/compiler/impl/LongConstant'
 - ---- fields (total size 3 words):
 - private 'value' 'J' @16  -5365630128856068164 (7d668fbc b58973d3)
RDI=0x00007fe45b2f4be0 points into unknown readable memory: 0x00007fe4b515a4a0 | a0 a4 15 b5 e4 7f 00 00
R8 =0x00007fe45b2f4be0 points into unknown readable memory: 0x00007fe4b515a4a0 | a0 a4 15 b5 e4 7f 00 00
R9 =0x0 is NULL
R10=0x00000001004192c0 is a pointer to class: 
R11=0x00000000d6e45d18 is an oop: org.eclipse.jdt.internal.compiler.impl.LongConstant 
{0x00000000d6e45d18} - klass: 'org/eclipse/jdt/internal/compiler/impl/LongConstant'
 - ---- fields (total size 3 words):
 - private 'value' 'J' @16  -5365630128856068164 (7d668fbc b58973d3)
R12=0x00007fe4ac212800 points into unknown readable memory: 0x00007fe4b51f9408 | 08 94 1f b5 e4 7f 00 00
R13=0x000000006a5a1648 is an unknown value
R14=0x00007fe4b52649a8: <offset 0x00000000015fd9a8> in /home/artur/.vscode/extensions/redhat.java-1.2.0/jre/17.0.1-linux-x86_64/lib/server/libjvm.so at 0x00007fe4b3c67000
R15=0x00000001004194b8 is pointing into metadata


Registers:
RAX=0x000000006a5a1648, RBX=0x000000006a5c15d4, RCX=0x0000000000000002, RDX=0x000000006a5c15d8
RSP=0x00007fe45b2f4b40, RBP=0x00007fe45b2f4ba0, RSI=0x00000000d6e45d18, RDI=0x00007fe45b2f4be0
R8 =0x00007fe45b2f4be0, R9 =0x0000000000000000, R10=0x00000001004192c0, R11=0x00000000d6e45d18
R12=0x00007fe4ac212800, R13=0x000000006a5a1648, R14=0x00007fe4b52649a8, R15=0x00000001004194b8
RIP=0x00007fe4b4902e09, EFLAGS=0x0000000000010207, CSGSFS=0x002b000000000033, ERR=0x0000000000000004
  TRAPNO=0x000000000000000e

Top of Stack: (sp=0x00007fe45b2f4b40)
0x00007fe45b2f4b40:   00000000d6e435d0 0000000000000000
0x00007fe45b2f4b50:   00007fe45b2f4be0 00007fe4b491daa6
0x00007fe45b2f4b60:   0000000000000000 0000000000000000
0x00007fe45b2f4b70:   0000000000000000 00000000d6e45d1b 

Instructions: (pc=0x00007fe4b4902e09)
0x00007fe4b4902d09:   24 08 03 00 00 31 f6 ba 01 00 00 00 e9 6c ff ff
0x00007fe4b4902d19:   ff 48 8d 7e 08 31 d2 be 05 00 00 00 4c 89 5d a8
0x00007fe4b4902d29:   4c 89 45 b0 4c 89 55 b8 4c 89 4d c0 48 89 4d c8
0x00007fe4b4902d39:   e8 72 11 72 ff 49 8b 94 24 e8 02 00 00 4c 8b 5d
0x00007fe4b4902d49:   a8 4c 8b 45 b0 4c 8b 55 b8 4c 8b 4d c0 48 8b 4d
0x00007fe4b4902d59:   c8 eb 81 f3 c3 66 90 48 63 42 10 48 63 8a 2c 01
0x00007fe4b4902d69:   00 00 48 01 c8 48 8d 84 c2 d0 01 00 00 8b 92 28
0x00007fe4b4902d79:   01 00 00 48 8d 14 d0 48 39 c2 0f 86 fc 01 00 00
0x00007fe4b4902d89:   55 41 ba 07 00 00 00 49 89 f3 49 29 c2 49 89 f8
0x00007fe4b4902d99:   45 31 c9 48 89 e5 41 57 4c 8d 7a f8 41 56 41 55
0x00007fe4b4902da9:   4d 01 fa 41 54 53 49 f7 d2 49 83 e2 f8 48 83 ec
0x00007fe4b4902db9:   38 49 01 d2 0f 1f 00 49 63 07 41 8b 57 04 4c 01
0x00007fe4b4902dc9:   d8 48 8d 14 90 48 39 c2 0f 86 9d 00 00 00 48 8d
0x00007fe4b4902dd9:   5a fc 41 bd 03 00 00 00 4c 8d 35 c0 1b 96 00 49
0x00007fe4b4902de9:   29 c5 49 01 dd 49 f7 d5 49 83 e5 fc 49 01 d5 eb
0x00007fe4b4902df9:   0f 66 0f 1f 44 00 00 4c 39 eb 74 6f 48 83 eb 04
0x00007fe4b4902e09:   8b 03 49 3b 06 72 f0 48 8d 15 f9 f4 8f 00 4d 8b
0x00007fe4b4902e19:   60 10 8b 4a 08 48 d3 e0 48 03 02 42 0f 18 0c 08
0x00007fe4b4902e29:   41 8b 84 24 e0 00 00 00 41 8b 94 24 60 01 00 00
0x00007fe4b4902e39:   48 8d 4b 01 89 c7 29 d7 89 fa 81 e2 ff ff 01 00
0x00007fe4b4902e49:   81 fa fd ff 01 00 77 37 49 8b 94 24 e0 01 00 00
0x00007fe4b4902e59:   89 c6 83 c0 01 25 ff ff 01 00 48 89 0c f2 4c 39
0x00007fe4b4902e69:   eb 41 89 84 24 e0 00 00 00 75 91 4d 39 d7 74 47
0x00007fe4b4902e79:   49 83 ef 08 e9 3e ff ff ff 66 0f 1f 44 00 00 49
0x00007fe4b4902e89:   8b 94 24 00 03 00 00 49 3b 94 24 e8 02 00 00 48
0x00007fe4b4902e99:   8d 34 d5 00 00 00 00 74 2e 49 8b 84 24 18 03 00
0x00007fe4b4902ea9:   00 48 83 c2 01 48 89 0c 30 49 89 94 24 00 03 00
0x00007fe4b4902eb9:   00 e9 41 ff ff ff 90 48 83 c4 38 5b 41 5c 41 5d
0x00007fe4b4902ec9:   41 5e 41 5f 5d c3 90 49 8b bc 24 10 03 00 00 48
0x00007fe4b4902ed9:   85 ff 74 63 49 8b 84 24 20 03 00 00 48 83 ef 01
0x00007fe4b4902ee9:   48 8b 34 30 49 89 bc 24 10 03 00 00 49 89 b4 24
0x00007fe4b4902ef9:   20 03 00 00 49 8b b4 24 18 03 00 00 48 85 f6 48 


Stack slot to memory mapping:
stack at sp + 0 slots: 0x00000000d6e435d0 is an oop: java.lang.String 
{0x00000000d6e435d0} - klass: 'java/lang/String'
 - string: "ForkJoinPool.commonPool-worker-2"
stack at sp + 1 slots: 0x0 is NULL
stack at sp + 2 slots: 0x00007fe45b2f4be0 points into unknown readable memory: 0x00007fe4b515a4a0 | a0 a4 15 b5 e4 7f 00 00
stack at sp + 3 slots: 0x00007fe4b491daa6: <offset 0x0000000000cb6aa6> in /home/artur/.vscode/extensions/redhat.java-1.2.0/jre/17.0.1-linux-x86_64/lib/server/libjvm.so at 0x00007fe4b3c67000
stack at sp + 4 slots: 0x0 is NULL
stack at sp + 5 slots: 0x0 is NULL
stack at sp + 6 slots: 0x0 is NULL
stack at sp + 7 slots: 0x00000000d6e45d1b points into unknown readable memory: 00 00 00 00 00


---------------  P R O C E S S  ---------------

Threads class SMR info:
_java_thread_list=0x00007fe46c8cdb10, length=29, elements={
0x00007fe4ac026030, 0x00007fe4ac227930, 0x00007fe4ac228ea0, 0x00007fe4ac251450,
0x00007fe4ac254d60, 0x00007fe4ac255cb0, 0x00007fe4ac257300, 0x00007fe4ac2587b0,
0x00007fe4ac261be0, 0x00007fe4ac2bed70, 0x00007fe4ac312760, 0x00007fe4ac44f7d0,
0x00007fe4ac568ff0, 0x00007fe4ac54d7f0, 0x00007fe4ac5bdd70, 0x00007fe4400338e0,
0x00007fe4400b63b0, 0x00007fe44023af30, 0x00007fe4402e3b50, 0x00007fe418000f50,
0x00007fe418006780, 0x00007fe4ac5ca120, 0x00007fe4ac64b6d0, 0x00007fe4040b3a20,
0x00007fe4040d0e10, 0x00007fe4040d1ea0, 0x00007fe4040d3260, 0x00007fe46c8cc840,
0x00007fe46c8cd120
}

Java Threads: ( => current thread )
  0x00007fe4ac026030 JavaThread "main" [_thread_blocked, id=192127, stack(0x00007fe4b3a0c000,0x00007fe4b3b0d000)]
  0x00007fe4ac227930 JavaThread "Reference Handler" daemon [_thread_blocked, id=192130, stack(0x00007fe491be7000,0x00007fe491ce8000)]
  0x00007fe4ac228ea0 JavaThread "Finalizer" daemon [_thread_blocked, id=192131, stack(0x00007fe491ae6000,0x00007fe491be7000)]
  0x00007fe4ac251450 JavaThread "Signal Dispatcher" daemon [_thread_blocked, id=192132, stack(0x00007fe491474000,0x00007fe491575000)]
  0x00007fe4ac254d60 JavaThread "Service Thread" daemon [_thread_blocked, id=192133, stack(0x00007fe491373000,0x00007fe491474000)]
  0x00007fe4ac255cb0 JavaThread "Monitor Deflation Thread" daemon [_thread_blocked, id=192134, stack(0x00007fe491272000,0x00007fe491373000)]
  0x00007fe4ac257300 JavaThread "C2 CompilerThread0" daemon [_thread_blocked, id=192135, stack(0x00007fe491171000,0x00007fe491272000)]
  0x00007fe4ac2587b0 JavaThread "C1 CompilerThread0" daemon [_thread_blocked, id=192136, stack(0x00007fe491070000,0x00007fe491171000)]
  0x00007fe4ac261be0 JavaThread "Sweeper thread" daemon [_thread_blocked, id=192137, stack(0x00007fe490f6f000,0x00007fe491070000)]
  0x00007fe4ac2bed70 JavaThread "Common-Cleaner" daemon [_thread_blocked, id=192138, stack(0x00007fe490e6e000,0x00007fe490f6f000)]
  0x00007fe4ac312760 JavaThread "Notification Thread" daemon [_thread_blocked, id=192139, stack(0x00007fe490d6d000,0x00007fe490e6e000)]
  0x00007fe4ac44f7d0 JavaThread "process reaper" daemon [_thread_blocked, id=192145, stack(0x00007fe4b002e000,0x00007fe4b0050000)]
  0x00007fe4ac568ff0 JavaThread "Active Thread: Equinox Container: c7004180-e941-40de-88da-a9c2d3486c66" [_thread_blocked, id=192150, stack(0x00007fe49053f000,0x00007fe490640000)]
  0x00007fe4ac54d7f0 JavaThread "Framework Event Dispatcher: Equinox Container: c7004180-e941-40de-88da-a9c2d3486c66" daemon [_thread_blocked, id=192160, stack(0x00007fe49043e000,0x00007fe49053f000)]
  0x00007fe4ac5bdd70 JavaThread "Start Level: Equinox Container: c7004180-e941-40de-88da-a9c2d3486c66" daemon [_thread_blocked, id=192162, stack(0x00007fe49033d000,0x00007fe49043e000)]
  0x00007fe4400338e0 JavaThread "SCR Component Actor" daemon [_thread_blocked, id=192163, stack(0x00007fe49002b000,0x00007fe49012c000)]
  0x00007fe4400b63b0 JavaThread "Timer-0" [_thread_blocked, id=192172, stack(0x00007fe45b0f3000,0x00007fe45b1f4000)]
  0x00007fe44023af30 JavaThread "Worker-JM" [_thread_blocked, id=192176, stack(0x00007fe45aff2000,0x00007fe45b0f3000)]
  0x00007fe4402e3b50 JavaThread "Worker-0" [_thread_blocked, id=192177, stack(0x00007fe45aef1000,0x00007fe45aff2000)]
  0x00007fe418000f50 JavaThread "Worker-1: Publish Diagnostics" [_thread_blocked, id=192178, stack(0x00007fe45adf0000,0x00007fe45aef1000)]
  0x00007fe418006780 JavaThread "Worker-2" [_thread_blocked, id=192195, stack(0x00007fe490640000,0x00007fe490741000)]
  0x00007fe4ac5ca120 JavaThread "pool-2-thread-1" [_thread_blocked, id=192211, stack(0x00007fe459deb000,0x00007fe459eec000)]
  0x00007fe4ac64b6d0 JavaThread "pool-1-thread-1" [_thread_in_native, id=192213, stack(0x00007fe459cea000,0x00007fe459deb000)]
  0x00007fe4040b3a20 JavaThread "ForkJoinPool.commonPool-worker-1" daemon [_thread_blocked, id=192222, stack(0x00007fe458aff000,0x00007fe458c00000)]
  0x00007fe4040d0e10 JavaThread "ForkJoinPool.commonPool-worker-2" daemon [_thread_blocked, id=192223, stack(0x00007fe4589fe000,0x00007fe458aff000)]
  0x00007fe4040d1ea0 JavaThread "ForkJoinPool.commonPool-worker-3" daemon [_thread_blocked, id=192235, stack(0x00007fe4588fd000,0x00007fe4589fe000)]
  0x00007fe4040d3260 JavaThread "ForkJoinPool.commonPool-worker-4" daemon [_thread_blocked, id=192236, stack(0x00007fe4587fc000,0x00007fe4588fd000)]
  0x00007fe46c8cc840 JavaThread "C2 CompilerThread1" daemon [_thread_blocked, id=192242, stack(0x00007fe45a0fb000,0x00007fe45a1fc000)]
  0x00007fe46c8cd120 JavaThread "C2 CompilerThread2" daemon [_thread_in_native, id=192243, stack(0x00007fe490741000,0x00007fe490842000)]

Other Threads:
  0x00007fe4ac2178e0 VMThread "VM Thread" [stack: 0x00007fe491cea000,0x00007fe491dea000] [id=192129]
  0x00007fe4ac070410 WatcherThread [stack: 0x00007fe490c6d000,0x00007fe490d6d000] [id=192140]
  0x00007fe4ac03cd60 GCTaskThread "GC Thread#0" [stack: 0x00007fe4b0298000,0x00007fe4b0398000] [id=192128]
  0x00007fe48c001110 GCTaskThread "GC Thread#1" [stack: 0x00007fe45b700000,0x00007fe45b800000] [id=192165]
  0x00007fe48c001b10 GCTaskThread "GC Thread#2" [stack: 0x00007fe45b5fe000,0x00007fe45b6fe000] [id=192167]
  0x00007fe48c002510 GCTaskThread "GC Thread#3" [stack: 0x00007fe45b4fc000,0x00007fe45b5fc000] [id=192168]
  0x00007fe48c0041d0 GCTaskThread "GC Thread#4" [stack: 0x00007fe45b3fa000,0x00007fe45b4fa000] [id=192169]
  0x00007fe48c004bd0 GCTaskThread "GC Thread#5" [stack: 0x00007fe45b2f8000,0x00007fe45b3f8000] [id=192170]
=>0x00007fe48c0055d0 GCTaskThread "GC Thread#6" [stack: 0x00007fe45b1f6000,0x00007fe45b2f6000] [id=192171]
  0x00007fe48c003650 GCTaskThread "GC Thread#7" [stack: 0x00007fe45acf0000,0x00007fe45adf0000] [id=192179]
  0x00007fe48c0061f0 GCTaskThread "GC Thread#8" [stack: 0x00007fe45a300000,0x00007fe45a400000] [id=192180]
  0x00007fe48c0067a0 GCTaskThread "GC Thread#9" [stack: 0x00007fe45a1fe000,0x00007fe45a2fe000] [id=192181]

Threads with active compile tasks:
C2 CompilerThread0     3214 3680       4       org.eclipse.jdt.internal.compiler.parser.Parser::fetchNextToken (8 bytes)
C1 CompilerThread0     3214 3686   !   3       org.eclipse.jdt.internal.compiler.parser.Parser::parse (907 bytes)
C2 CompilerThread1     3214 3679       4       org.eclipse.jdt.internal.compiler.parser.Parser::consumeToken (2275 bytes)
C2 CompilerThread2     3214 3513   !   4       org.eclipse.osgi.internal.loader.classpath.ClasspathManager::findLocalClass (210 bytes)

VM state: at safepoint (normal execution)

VM Mutex/Monitor currently owned by a thread:  ([mutex/lock_event])
[0x00007fe4ac0210e0] Threads_lock - owner thread: 0x00007fe4ac2178e0
[0x00007fe4ac021890] Heap_lock - owner thread: 0x00007fe418000f50

Heap address: 0x0000000080000000, size: 2048 MB, Compressed Oops mode: 32-bit

CDS archive(s) not mapped
Compressed class space mapped at: 0x0000000100000000-0x0000000140000000, reserved size: 1073741824
Narrow klass base: 0x0000000000000000, Narrow klass shift: 3, Narrow klass range: 0x140000000

GC Precious Log:
 CPUs: 12 total, 12 available
 Memory: 15855M
 Large Page Support: Disabled
 NUMA Support: Disabled
 Compressed Oops: Enabled (32-bit)
 Alignments: Space 512K, Generation 512K, Heap 2M
 Heap Min Capacity: 100M
 Heap Initial Capacity: 100M
 Heap Max Capacity: 2G
 Pre-touch: Disabled
 Parallel Workers: 10

Heap:
 PSYoungGen      total 27136K, used 23036K [0x00000000d5580000, 0x00000000d7900000, 0x0000000100000000)
  eden space 23040K, 99% used [0x00000000d5580000,0x00000000d6bff018,0x00000000d6c00000)
  from space 4096K, 0% used [0x00000000d7500000,0x00000000d7500000,0x00000000d7900000)
  to   space 5632K, 22% used [0x00000000d6e00000,0x00000000d6f36860,0x00000000d7380000)
 ParOldGen       total 68608K, used 24690K [0x0000000080000000, 0x0000000084300000, 0x00000000d5580000)
  object space 68608K, 35% used [0x0000000080000000,0x000000008181caa0,0x0000000084300000)
 Metaspace       used 40975K, committed 41664K, reserved 1089536K
  class space    used 4166K, committed 4480K, reserved 1048576K

Card table byte_map: [0x00007fe4b0398000,0x00007fe4b0799000] _byte_map_base: 0x00007fe4aff98000

Marking Bits: (ParMarkBitMap*) 0x00007fe4b5264460
 Begin Bits: [0x00007fe494000000, 0x00007fe496000000)
 End Bits:   [0x00007fe496000000, 0x00007fe498000000)

Polling page: 0x00007fe4b56f0000

Metaspace:

Usage:
  Non-class:     35,95 MB used.
      Class:      4,07 MB used.
       Both:     40,01 MB used.

Virtual space:
  Non-class space:       40,00 MB reserved,      36,31 MB ( 91%) committed,  5 nodes.
      Class space:        1,00 GB reserved,       4,38 MB ( <1%) committed,  1 nodes.
             Both:        1,04 GB reserved,      40,69 MB (  4%) committed. 

Chunk freelists:
   Non-Class:  2,97 MB
       Class:  3,67 MB
        Both:  6,64 MB

MaxMetaspaceSize: unlimited
CompressedClassSpaceSize: 1,00 GB
Initial GC threshold: 21,00 MB
Current GC threshold: 58,38 MB
CDS: off
MetaspaceReclaimPolicy: balanced
 - commit_granule_bytes: 65536.
 - commit_granule_words: 8192.
 - virtual_space_node_default_size: 1048576.
 - enlarge_chunks_in_place: 1.
 - new_chunks_are_fully_committed: 0.
 - uncommit_free_chunks: 1.
 - use_allocation_guard: 0.
 - handle_deallocations: 1.


Internal statistics:

num_allocs_failed_limit: 6.
num_arena_births: 250.
num_arena_deaths: 0.
num_vsnodes_births: 6.
num_vsnodes_deaths: 0.
num_space_committed: 651.
num_space_uncommitted: 0.
num_chunks_returned_to_freelist: 6.
num_chunks_taken_from_freelist: 1474.
num_chunk_merges: 6.
num_chunk_splits: 1033.
num_chunks_enlarged: 767.
num_purges: 0.
num_inconsistent_stats: 0.

CodeHeap 'non-profiled nmethods': size=120028Kb used=1619Kb max_used=1619Kb free=118408Kb
 bounds [0x00007fe4a4ac9000, 0x00007fe4a4d39000, 0x00007fe4ac000000]
CodeHeap 'profiled nmethods': size=120028Kb used=7581Kb max_used=7581Kb free=112446Kb
 bounds [0x00007fe49d592000, 0x00007fe49dd02000, 0x00007fe4a4ac9000]
CodeHeap 'non-nmethods': size=5704Kb used=1280Kb max_used=1331Kb free=4423Kb
 bounds [0x00007fe49d000000, 0x00007fe49d270000, 0x00007fe49d592000]
 total_blobs=4257 nmethods=3644 adapters=527
 compilation: enabled
              stopped_count=0, restarted_count=0
 full_count=0

Compilation events (20 events):
Event: 3,204 Thread 0x00007fe4ac2587b0 3676       3       org.eclipse.jdt.internal.compiler.lookup.SplitPackageBinding::<init> (45 bytes)
Event: 3,204 Thread 0x00007fe4ac2587b0 nmethod 3676 0x00007fe49dcf5290 code [0x00007fe49dcf54c0, 0x00007fe49dcf5d70]
Event: 3,205 Thread 0x00007fe4ac2587b0 3677       1       org.eclipse.jdt.internal.compiler.classfmt.MethodInfoWithAnnotations::getAnnotations (5 bytes)
Event: 3,205 Thread 0x00007fe4ac2587b0 nmethod 3677 0x00007fe4a4c5cb10 code [0x00007fe4a4c5cca0, 0x00007fe4a4c5cd70]
Event: 3,205 Thread 0x00007fe4ac2587b0 3678       3       org.eclipse.jdt.internal.compiler.lookup.BinaryTypeBinding::getTypeAnnotationWalker (128 bytes)
Event: 3,205 Thread 0x00007fe46c8cc840 3679       4       org.eclipse.jdt.internal.compiler.parser.Parser::consumeToken (2275 bytes)
Event: 3,205 Thread 0x00007fe4ac2587b0 nmethod 3678 0x00007fe49dcf6110 code [0x00007fe49dcf6360, 0x00007fe49dcf6d80]
Event: 3,205 Thread 0x00007fe4ac2587b0 3681       3       org.eclipse.jdt.internal.compiler.ast.NameReference::<init> (16 bytes)
Event: 3,205 Thread 0x00007fe4ac2587b0 nmethod 3681 0x00007fe49dcf7090 code [0x00007fe49dcf7260, 0x00007fe49dcf7550]
Event: 3,205 Thread 0x00007fe4ac2587b0 3682       3       org.eclipse.jdt.internal.core.util.Util::concatWith (53 bytes)
Event: 3,206 Thread 0x00007fe4ac2587b0 nmethod 3682 0x00007fe49dcf7690 code [0x00007fe49dcf78c0, 0x00007fe49dcf7f20]
Event: 3,206 Thread 0x00007fe4ac2587b0 3683       3       java.util.stream.Collectors$$Lambda$163/0x00000001001f2910::accept (14 bytes)
Event: 3,206 Thread 0x00007fe4ac257300 nmethod 3666 0x00007fe4a4c5ce10 code [0x00007fe4a4c5d0a0, 0x00007fe4a4c5d7b8]
Event: 3,206 Thread 0x00007fe4ac2587b0 nmethod 3683 0x00007fe49dcf8190 code [0x00007fe49dcf8380, 0x00007fe49dcf88c0]
Event: 3,206 Thread 0x00007fe4ac2587b0 3684       3       org.eclipse.jdt.internal.core.JavaElementRequestor::<init> (45 bytes)
Event: 3,206 Thread 0x00007fe4ac257300 3680       4       org.eclipse.jdt.internal.compiler.parser.Parser::fetchNextToken (8 bytes)
Event: 3,206 Thread 0x00007fe4ac2587b0 nmethod 3684 0x00007fe49dcf8b10 code [0x00007fe49dcf8cc0, 0x00007fe49dcf8eb0]
Event: 3,206 Thread 0x00007fe4ac2587b0 3685       3       org.eclipse.jdt.internal.compiler.lookup.LookupEnvironment::javaBaseModule (68 bytes)
Event: 3,206 Thread 0x00007fe4ac2587b0 nmethod 3685 0x00007fe49dcf8f90 code [0x00007fe49dcf9160, 0x00007fe49dcf94b0]
Event: 3,207 Thread 0x00007fe4ac2587b0 3686   !   3       org.eclipse.jdt.internal.compiler.parser.Parser::parse (907 bytes)

GC Heap History (20 events):
Event: 0,755 GC heap after
{Heap after GC invocations=3 (full 1):
 PSYoungGen      total 29696K, used 0K [0x00000000d5580000, 0x00000000d7680000, 0x0000000100000000)
  eden space 25600K, 0% used [0x00000000d5580000,0x00000000d5580000,0x00000000d6e80000)
  from space 4096K, 0% used [0x00000000d7280000,0x00000000d7280000,0x00000000d7680000)
  to   space 4096K, 0% used [0x00000000d6e80000,0x00000000d6e80000,0x00000000d7280000)
 ParOldGen       total 68608K, used 6703K [0x0000000080000000, 0x0000000084300000, 0x00000000d5580000)
  object space 68608K, 9% used [0x0000000080000000,0x000000008068bf60,0x0000000084300000)
 Metaspace       used 21156K, committed 21504K, reserved 1073152K
  class space    used 2157K, committed 2304K, reserved 1048576K
}
Event: 1,528 GC heap before
{Heap before GC invocations=4 (full 1):
 PSYoungGen      total 29696K, used 25600K [0x00000000d5580000, 0x00000000d7680000, 0x0000000100000000)
  eden space 25600K, 100% used [0x00000000d5580000,0x00000000d6e80000,0x00000000d6e80000)
  from space 4096K, 0% used [0x00000000d7280000,0x00000000d7280000,0x00000000d7680000)
  to   space 4096K, 0% used [0x00000000d6e80000,0x00000000d6e80000,0x00000000d7280000)
 ParOldGen       total 68608K, used 6703K [0x0000000080000000, 0x0000000084300000, 0x00000000d5580000)
  object space 68608K, 9% used [0x0000000080000000,0x000000008068bf60,0x0000000084300000)
 Metaspace       used 28572K, committed 29056K, reserved 1081344K
  class space    used 2880K, committed 3072K, reserved 1048576K
}
Event: 1,528 GC heap after
{Heap after GC invocations=4 (full 1):
 PSYoungGen      total 29696K, used 1673K [0x00000000d5580000, 0x00000000d7680000, 0x0000000100000000)
  eden space 25600K, 0% used [0x00000000d5580000,0x00000000d5580000,0x00000000d6e80000)
  from space 4096K, 40% used [0x00000000d6e80000,0x00000000d7022770,0x00000000d7280000)
  to   space 4096K, 0% used [0x00000000d7280000,0x00000000d7280000,0x00000000d7680000)
 ParOldGen       total 68608K, used 6711K [0x0000000080000000, 0x0000000084300000, 0x00000000d5580000)
  object space 68608K, 9% used [0x0000000080000000,0x000000008068df60,0x0000000084300000)
 Metaspace       used 28572K, committed 29056K, reserved 1081344K
  class space    used 2880K, committed 3072K, reserved 1048576K
}
Event: 1,817 GC heap before
{Heap before GC invocations=5 (full 1):
 PSYoungGen      total 29696K, used 27273K [0x00000000d5580000, 0x00000000d7680000, 0x0000000100000000)
  eden space 25600K, 100% used [0x00000000d5580000,0x00000000d6e80000,0x00000000d6e80000)
  from space 4096K, 40% used [0x00000000d6e80000,0x00000000d7022770,0x00000000d7280000)
  to   space 4096K, 0% used [0x00000000d7280000,0x00000000d7280000,0x00000000d7680000)
 ParOldGen       total 68608K, used 6711K [0x0000000080000000, 0x0000000084300000, 0x00000000d5580000)
  object space 68608K, 9% used [0x0000000080000000,0x000000008068df60,0x0000000084300000)
 Metaspace       used 33091K, committed 33728K, reserved 1081344K
  class space    used 3390K, committed 3712K, reserved 1048576K
}
Event: 1,820 GC heap after
{Heap after GC invocations=5 (full 1):
 PSYoungGen      total 29696K, used 4076K [0x00000000d5580000, 0x00000000d7680000, 0x0000000100000000)
  eden space 25600K, 0% used [0x00000000d5580000,0x00000000d5580000,0x00000000d6e80000)
  from space 4096K, 99% used [0x00000000d7280000,0x00000000d767b018,0x00000000d7680000)
  to   space 4096K, 0% used [0x00000000d6e80000,0x00000000d6e80000,0x00000000d7280000)
 ParOldGen       total 68608K, used 6983K [0x0000000080000000, 0x0000000084300000, 0x00000000d5580000)
  object space 68608K, 10% used [0x0000000080000000,0x00000000806d1f80,0x0000000084300000)
 Metaspace       used 33091K, committed 33728K, reserved 1081344K
  class space    used 3390K, committed 3712K, reserved 1048576K
}
Event: 1,899 GC heap before
{Heap before GC invocations=6 (full 1):
 PSYoungGen      total 29696K, used 29676K [0x00000000d5580000, 0x00000000d7680000, 0x0000000100000000)
  eden space 25600K, 100% used [0x00000000d5580000,0x00000000d6e80000,0x00000000d6e80000)
  from space 4096K, 99% used [0x00000000d7280000,0x00000000d767b018,0x00000000d7680000)
  to   space 4096K, 0% used [0x00000000d6e80000,0x00000000d6e80000,0x00000000d7280000)
 ParOldGen       total 68608K, used 6983K [0x0000000080000000, 0x0000000084300000, 0x00000000d5580000)
  object space 68608K, 10% used [0x0000000080000000,0x00000000806d1f80,0x0000000084300000)
 Metaspace       used 33169K, committed 33856K, reserved 1081344K
  class space    used 3395K, committed 3712K, reserved 1048576K
}
Event: 1,905 GC heap after
{Heap after GC invocations=6 (full 1):
 PSYoungGen      total 29184K, used 4069K [0x00000000d5580000, 0x00000000d7c00000, 0x0000000100000000)
  eden space 25088K, 0% used [0x00000000d5580000,0x00000000d5580000,0x00000000d6e00000)
  from space 4096K, 99% used [0x00000000d6e80000,0x00000000d7279480,0x00000000d7280000)
  to   space 7168K, 0% used [0x00000000d7500000,0x00000000d7500000,0x00000000d7c00000)
 ParOldGen       total 68608K, used 9315K [0x0000000080000000, 0x0000000084300000, 0x00000000d5580000)
  object space 68608K, 13% used [0x0000000080000000,0x0000000080918fb0,0x0000000084300000)
 Metaspace       used 33169K, committed 33856K, reserved 1081344K
  class space    used 3395K, committed 3712K, reserved 1048576K
}
Event: 1,972 GC heap before
{Heap before GC invocations=7 (full 1):
 PSYoungGen      total 29184K, used 29157K [0x00000000d5580000, 0x00000000d7c00000, 0x0000000100000000)
  eden space 25088K, 100% used [0x00000000d5580000,0x00000000d6e00000,0x00000000d6e00000)
  from space 4096K, 99% used [0x00000000d6e80000,0x00000000d7279480,0x00000000d7280000)
  to   space 7168K, 0% used [0x00000000d7500000,0x00000000d7500000,0x00000000d7c00000)
 ParOldGen       total 68608K, used 9315K [0x0000000080000000, 0x0000000084300000, 0x00000000d5580000)
  object space 68608K, 13% used [0x0000000080000000,0x0000000080918fb0,0x0000000084300000)
 Metaspace       used 33256K, committed 33920K, reserved 1081344K
  class space    used 3398K, committed 3712K, reserved 1048576K
}
Event: 1,976 GC heap after
{Heap after GC invocations=7 (full 1):
 PSYoungGen      total 31232K, used 6516K [0x00000000d5580000, 0x00000000d7b80000, 0x0000000100000000)
  eden space 24576K, 0% used [0x00000000d5580000,0x00000000d5580000,0x00000000d6d80000)
  from space 6656K, 97% used [0x00000000d7500000,0x00000000d7b5d1e8,0x00000000d7b80000)
  to   space 6656K, 0% used [0x00000000d6e80000,0x00000000d6e80000,0x00000000d7500000)
 ParOldGen       total 68608K, used 9323K [0x0000000080000000, 0x0000000084300000, 0x00000000d5580000)
  object space 68608K, 13% used [0x0000000080000000,0x000000008091afb0,0x0000000084300000)
 Metaspace       used 33256K, committed 33920K, reserved 1081344K
  class space    used 3398K, committed 3712K, reserved 1048576K
}
Event: 2,030 GC heap before
{Heap before GC invocations=8 (full 1):
 PSYoungGen      total 31232K, used 31092K [0x00000000d5580000, 0x00000000d7b80000, 0x0000000100000000)
  eden space 24576K, 100% used [0x00000000d5580000,0x00000000d6d80000,0x00000000d6d80000)
  from space 6656K, 97% used [0x00000000d7500000,0x00000000d7b5d1e8,0x00000000d7b80000)
  to   space 6656K, 0% used [0x00000000d6e80000,0x00000000d6e80000,0x00000000d7500000)
 ParOldGen       total 68608K, used 9323K [0x0000000080000000, 0x0000000084300000, 0x00000000d5580000)
  object space 68608K, 13% used [0x0000000080000000,0x000000008091afb0,0x0000000084300000)
 Metaspace       used 33303K, committed 33920K, reserved 1081344K
  class space    used 3410K, committed 3712K, reserved 1048576K
}
Event: 2,036 GC heap after
{Heap after GC invocations=8 (full 1):
 PSYoungGen      total 30720K, used 6645K [0x00000000d5580000, 0x00000000d8100000, 0x0000000100000000)
  eden space 24064K, 0% used [0x00000000d5580000,0x00000000d5580000,0x00000000d6d00000)
  from space 6656K, 99% used [0x00000000d6e80000,0x00000000d74fd7d8,0x00000000d7500000)
  to   space 10240K, 0% used [0x00000000d7700000,0x00000000d7700000,0x00000000d8100000)
 ParOldGen       total 68608K, used 12327K [0x0000000080000000, 0x0000000084300000, 0x00000000d5580000)
  object space 68608K, 17% used [0x0000000080000000,0x0000000080c09cc8,0x0000000084300000)
 Metaspace       used 33303K, committed 33920K, reserved 1081344K
  class space    used 3410K, committed 3712K, reserved 1048576K
}
Event: 2,080 GC heap before
{Heap before GC invocations=9 (full 1):
 PSYoungGen      total 30720K, used 30709K [0x00000000d5580000, 0x00000000d8100000, 0x0000000100000000)
  eden space 24064K, 100% used [0x00000000d5580000,0x00000000d6d00000,0x00000000d6d00000)
  from space 6656K, 99% used [0x00000000d6e80000,0x00000000d74fd7d8,0x00000000d7500000)
  to   space 10240K, 0% used [0x00000000d7700000,0x00000000d7700000,0x00000000d8100000)
 ParOldGen       total 68608K, used 12327K [0x0000000080000000, 0x0000000084300000, 0x00000000d5580000)
  object space 68608K, 17% used [0x0000000080000000,0x0000000080c09cc8,0x0000000084300000)
 Metaspace       used 33303K, committed 33920K, reserved 1081344K
  class space    used 3410K, committed 3712K, reserved 1048576K
}
Event: 2,085 GC heap after
{Heap after GC invocations=9 (full 1):
 PSYoungGen      total 31232K, used 7424K [0x00000000d5580000, 0x00000000d7e80000, 0x0000000100000000)
  eden space 23552K, 0% used [0x00000000d5580000,0x00000000d5580000,0x00000000d6c80000)
  from space 7680K, 96% used [0x00000000d7700000,0x00000000d7e40010,0x00000000d7e80000)
  to   space 8704K, 0% used [0x00000000d6d80000,0x00000000d6d80000,0x00000000d7600000)
 ParOldGen       total 68608K, used 14274K [0x0000000080000000, 0x0000000084300000, 0x00000000d5580000)
  object space 68608K, 20% used [0x0000000080000000,0x0000000080df09a8,0x0000000084300000)
 Metaspace       used 33303K, committed 33920K, reserved 1081344K
  class space    used 3410K, committed 3712K, reserved 1048576K
}
Event: 2,135 GC heap before
{Heap before GC invocations=10 (full 1):
 PSYoungGen      total 31232K, used 30976K [0x00000000d5580000, 0x00000000d7e80000, 0x0000000100000000)
  eden space 23552K, 100% used [0x00000000d5580000,0x00000000d6c80000,0x00000000d6c80000)
  from space 7680K, 96% used [0x00000000d7700000,0x00000000d7e40010,0x00000000d7e80000)
  to   space 8704K, 0% used [0x00000000d6d80000,0x00000000d6d80000,0x00000000d7600000)
 ParOldGen       total 68608K, used 14274K [0x0000000080000000, 0x0000000084300000, 0x00000000d5580000)
  object space 68608K, 20% used [0x0000000080000000,0x0000000080df09a8,0x0000000084300000)
 Metaspace       used 33353K, committed 33984K, reserved 1081344K
  class space    used 3413K, committed 3712K, reserved 1048576K
}
Event: 2,140 GC heap after
{Heap after GC invocations=10 (full 1):
 PSYoungGen      total 30720K, used 7168K [0x00000000d5580000, 0x00000000d7b00000, 0x0000000100000000)
  eden space 23040K, 0% used [0x00000000d5580000,0x00000000d5580000,0x00000000d6c00000)
  from space 7680K, 93% used [0x00000000d6d80000,0x00000000d7480010,0x00000000d7500000)
  to   space 6144K, 0% used [0x00000000d7500000,0x00000000d7500000,0x00000000d7b00000)
 ParOldGen       total 68608K, used 17321K [0x0000000080000000, 0x0000000084300000, 0x00000000d5580000)
  object space 68608K, 25% used [0x0000000080000000,0x00000000810ea500,0x0000000084300000)
 Metaspace       used 33353K, committed 33984K, reserved 1081344K
  class space    used 3413K, committed 3712K, reserved 1048576K
}
Event: 2,230 GC heap before
{Heap before GC invocations=11 (full 1):
 PSYoungGen      total 30720K, used 14206K [0x00000000d5580000, 0x00000000d7b00000, 0x0000000100000000)
  eden space 23040K, 30% used [0x00000000d5580000,0x00000000d5c5f9b0,0x00000000d6c00000)
  from space 7680K, 93% used [0x00000000d6d80000,0x00000000d7480010,0x00000000d7500000)
  to   space 6144K, 0% used [0x00000000d7500000,0x00000000d7500000,0x00000000d7b00000)
 ParOldGen       total 68608K, used 17321K [0x0000000080000000, 0x0000000084300000, 0x00000000d5580000)
  object space 68608K, 25% used [0x0000000080000000,0x00000000810ea500,0x0000000084300000)
 Metaspace       used 35230K, committed 35840K, reserved 1089536K
  class space    used 3654K, committed 3968K, reserved 1048576K
}
Event: 2,233 GC heap after
{Heap after GC invocations=11 (full 1):
 PSYoungGen      total 27136K, used 3963K [0x00000000d5580000, 0x00000000d7900000, 0x0000000100000000)
  eden space 23040K, 0% used [0x00000000d5580000,0x00000000d5580000,0x00000000d6c00000)
  from space 4096K, 96% used [0x00000000d7500000,0x00000000d78def70,0x00000000d7900000)
  to   space 5632K, 0% used [0x00000000d6e00000,0x00000000d6e00000,0x00000000d7380000)
 ParOldGen       total 68608K, used 21667K [0x0000000080000000, 0x0000000084300000, 0x00000000d5580000)
  object space 68608K, 31% used [0x0000000080000000,0x0000000081528c28,0x0000000084300000)
 Metaspace       used 35230K, committed 35840K, reserved 1089536K
  class space    used 3654K, committed 3968K, reserved 1048576K
}
Event: 2,233 GC heap before
{Heap before GC invocations=12 (full 2):
 PSYoungGen      total 27136K, used 3963K [0x00000000d5580000, 0x00000000d7900000, 0x0000000100000000)
  eden space 23040K, 0% used [0x00000000d5580000,0x00000000d5580000,0x00000000d6c00000)
  from space 4096K, 96% used [0x00000000d7500000,0x00000000d78def70,0x00000000d7900000)
  to   space 5632K, 0% used [0x00000000d6e00000,0x00000000d6e00000,0x00000000d7380000)
 ParOldGen       total 68608K, used 21667K [0x0000000080000000, 0x0000000084300000, 0x00000000d5580000)
  object space 68608K, 31% used [0x0000000080000000,0x0000000081528c28,0x0000000084300000)
 Metaspace       used 35230K, committed 35840K, reserved 1089536K
  class space    used 3654K, committed 3968K, reserved 1048576K
}
Event: 2,258 GC heap after
{Heap after GC invocations=12 (full 2):
 PSYoungGen      total 27136K, used 0K [0x00000000d5580000, 0x00000000d7900000, 0x0000000100000000)
  eden space 23040K, 0% used [0x00000000d5580000,0x00000000d5580000,0x00000000d6c00000)
  from space 4096K, 0% used [0x00000000d7500000,0x00000000d7500000,0x00000000d7900000)
  to   space 5632K, 0% used [0x00000000d6e00000,0x00000000d6e00000,0x00000000d7380000)
 ParOldGen       total 68608K, used 24682K [0x0000000080000000, 0x0000000084300000, 0x00000000d5580000)
  object space 68608K, 35% used [0x0000000080000000,0x000000008181aaa0,0x0000000084300000)
 Metaspace       used 35230K, committed 35840K, reserved 1089536K
  class space    used 3654K, committed 3968K, reserved 1048576K
}
Event: 3,208 GC heap before
{Heap before GC invocations=13 (full 2):
 PSYoungGen      total 27136K, used 23036K [0x00000000d5580000, 0x00000000d7900000, 0x0000000100000000)
  eden space 23040K, 99% used [0x00000000d5580000,0x00000000d6bff018,0x00000000d6c00000)
  from space 4096K, 0% used [0x00000000d7500000,0x00000000d7500000,0x00000000d7900000)
  to   space 5632K, 0% used [0x00000000d6e00000,0x00000000d6e00000,0x00000000d7380000)
 ParOldGen       total 68608K, used 24682K [0x0000000080000000, 0x0000000084300000, 0x00000000d5580000)
  object space 68608K, 35% used [0x0000000080000000,0x000000008181aaa0,0x0000000084300000)
 Metaspace       used 40975K, committed 41664K, reserved 1089536K
  class space    used 4166K, committed 4480K, reserved 1048576K
}

Deoptimization events (20 events):
Event: 2,919 Thread 0x00007fe4040b3a20 Uncommon trap: trap_request=0xffffff45 fr.pc=0x00007fe4a4c1a760 relative=0x00000000000000c0
Event: 2,919 Thread 0x00007fe4040b3a20 Uncommon trap: reason=unstable_if action=reinterpret pc=0x00007fe4a4c1a760 method=java.util.Hashtable$Enumerator.nextElement()Ljava/lang/Object; @ 87 c2
Event: 2,919 Thread 0x00007fe4040b3a20 DEOPT PACKING pc=0x00007fe4a4c1a760 sp=0x00007fe458bfde50
Event: 2,919 Thread 0x00007fe4040b3a20 DEOPT UNPACKING pc=0x00007fe49d051d99 sp=0x00007fe458bfdd98 mode 2
Event: 2,920 Thread 0x00007fe4040d0e10 Uncommon trap: trap_request=0xffffff45 fr.pc=0x00007fe4a4c1732c relative=0x000000000000008c
Event: 2,920 Thread 0x00007fe4040d0e10 Uncommon trap: reason=unstable_if action=reinterpret pc=0x00007fe4a4c1732c method=java.util.Hashtable$Enumerator.nextElement()Ljava/lang/Object; @ 87 c2
Event: 2,920 Thread 0x00007fe4040d0e10 DEOPT PACKING pc=0x00007fe4a4c1732c sp=0x00007fe458afce10
Event: 2,920 Thread 0x00007fe4040d0e10 DEOPT UNPACKING pc=0x00007fe49d051d99 sp=0x00007fe458afcdb0 mode 2
Event: 2,928 Thread 0x00007fe4040d0e10 Uncommon trap: trap_request=0xffffff45 fr.pc=0x00007fe4a4b2d21c relative=0x000000000000017c
Event: 2,928 Thread 0x00007fe4040b3a20 Uncommon trap: trap_request=0xffffff45 fr.pc=0x00007fe4a4b2d21c relative=0x000000000000017c
Event: 2,928 Thread 0x00007fe4040d0e10 Uncommon trap: reason=unstable_if action=reinterpret pc=0x00007fe4a4b2d21c method=java.util.concurrent.ConcurrentHashMap.get(Ljava/lang/Object;)Ljava/lang/Object; @ 152 c2
Event: 2,928 Thread 0x00007fe4040b3a20 Uncommon trap: reason=unstable_if action=reinterpret pc=0x00007fe4a4b2d21c method=java.util.concurrent.ConcurrentHashMap.get(Ljava/lang/Object;)Ljava/lang/Object; @ 152 c2
Event: 2,928 Thread 0x00007fe4040b3a20 DEOPT PACKING pc=0x00007fe4a4b2d21c sp=0x00007fe458bfdd60
Event: 2,928 Thread 0x00007fe4040d0e10 DEOPT PACKING pc=0x00007fe4a4b2d21c sp=0x00007fe458afcd60
Event: 2,928 Thread 0x00007fe4040b3a20 DEOPT UNPACKING pc=0x00007fe49d051d99 sp=0x00007fe458bfdcf8 mode 2
Event: 2,928 Thread 0x00007fe4040d0e10 DEOPT UNPACKING pc=0x00007fe49d051d99 sp=0x00007fe458afccf8 mode 2
Event: 2,930 Thread 0x00007fe4040d0e10 Uncommon trap: trap_request=0xffffff45 fr.pc=0x00007fe4a4b6a420 relative=0x0000000000000ac0
Event: 2,930 Thread 0x00007fe4040d0e10 Uncommon trap: reason=unstable_if action=reinterpret pc=0x00007fe4a4b6a420 method=java.util.concurrent.ConcurrentHashMap.transfer([Ljava/util/concurrent/ConcurrentHashMap$Node;[Ljava/util/concurrent/ConcurrentHashMap$Node;)V @ 352 c2
Event: 2,930 Thread 0x00007fe4040d0e10 DEOPT PACKING pc=0x00007fe4a4b6a420 sp=0x00007fe458afca30
Event: 2,930 Thread 0x00007fe4040d0e10 DEOPT UNPACKING pc=0x00007fe49d051d99 sp=0x00007fe458afc988 mode 2

Classes unloaded (0 events):
No events

Classes redefined (0 events):
No events

Internal exceptions (20 events):
Event: 2,839 Thread 0x00007fe4040d0e10 Exception <a 'java/lang/ArrayIndexOutOfBoundsException'{0x00000000d61fd330}> (0x00000000d61fd330) 
thrown [src/hotspot/share/runtime/sharedRuntime.cpp, line 628]
Event: 2,840 Thread 0x00007fe4040d0e10 Exception <a 'java/lang/ArrayIndexOutOfBoundsException'{0x00000000d6200d60}> (0x00000000d6200d60) 
thrown [src/hotspot/share/runtime/sharedRuntime.cpp, line 628]
Event: 2,840 Thread 0x00007fe4040b3a20 Exception <a 'java/lang/ArrayIndexOutOfBoundsException'{0x00000000d62294a8}> (0x00000000d62294a8) 
thrown [src/hotspot/share/runtime/sharedRuntime.cpp, line 628]
Event: 2,841 Thread 0x00007fe4040d0e10 Exception <a 'java/lang/ArrayIndexOutOfBoundsException'{0x00000000d6214128}> (0x00000000d6214128) 
thrown [src/hotspot/share/runtime/sharedRuntime.cpp, line 628]
Event: 2,843 Thread 0x00007fe4040d0e10 Exception <a 'java/lang/ArrayIndexOutOfBoundsException'{0x00000000d621f3e8}> (0x00000000d621f3e8) 
thrown [src/hotspot/share/runtime/sharedRuntime.cpp, line 628]
Event: 2,843 Thread 0x00007fe4040b3a20 Exception <a 'java/lang/ArrayIndexOutOfBoundsException'{0x00000000d6236ae0}> (0x00000000d6236ae0) 
thrown [src/hotspot/share/runtime/sharedRuntime.cpp, line 628]
Event: 2,844 Thread 0x00007fe4040d0e10 Exception <a 'java/lang/ArrayIndexOutOfBoundsException'{0x00000000d625e658}> (0x00000000d625e658) 
thrown [src/hotspot/share/runtime/sharedRuntime.cpp, line 628]
Event: 2,844 Thread 0x00007fe4040b3a20 Exception <a 'java/lang/ArrayIndexOutOfBoundsException'{0x00000000d6271aa0}> (0x00000000d6271aa0) 
thrown [src/hotspot/share/runtime/sharedRuntime.cpp, line 628]
Event: 2,848 Thread 0x00007fe4040d0e10 Exception <a 'java/lang/ArrayIndexOutOfBoundsException'{0x00000000d62a2be0}> (0x00000000d62a2be0) 
thrown [src/hotspot/share/runtime/sharedRuntime.cpp, line 628]
Event: 2,848 Thread 0x00007fe4040b3a20 Exception <a 'java/lang/ArrayIndexOutOfBoundsException'{0x00000000d627c450}> (0x00000000d627c450) 
thrown [src/hotspot/share/runtime/sharedRuntime.cpp, line 628]
Event: 2,869 Thread 0x00007fe4040d0e10 Exception <a 'java/lang/ArrayIndexOutOfBoundsException'{0x00000000d644cae8}> (0x00000000d644cae8) 
thrown [src/hotspot/share/runtime/sharedRuntime.cpp, line 628]
Event: 2,870 Thread 0x00007fe4040b3a20 Exception <a 'java/lang/ArrayIndexOutOfBoundsException'{0x00000000d642b710}> (0x00000000d642b710) 
thrown [src/hotspot/share/runtime/sharedRuntime.cpp, line 628]
Event: 2,871 Thread 0x00007fe4040d0e10 Exception <a 'java/lang/ArrayIndexOutOfBoundsException'{0x00000000d645b2c8}> (0x00000000d645b2c8) 
thrown [src/hotspot/share/runtime/sharedRuntime.cpp, line 628]
Event: 2,871 Thread 0x00007fe4040b3a20 Exception <a 'java/lang/ArrayIndexOutOfBoundsException'{0x00000000d6432860}> (0x00000000d6432860) 
thrown [src/hotspot/share/runtime/sharedRuntime.cpp, line 628]
Event: 2,872 Thread 0x00007fe4040d0e10 Exception <a 'java/lang/ArrayIndexOutOfBoundsException'{0x00000000d6461518}> (0x00000000d6461518) 
thrown [src/hotspot/share/runtime/sharedRuntime.cpp, line 628]
Event: 2,873 Thread 0x00007fe4040b3a20 Exception <a 'java/lang/ArrayIndexOutOfBoundsException'{0x00000000d6439410}> (0x00000000d6439410) 
thrown [src/hotspot/share/runtime/sharedRuntime.cpp, line 628]
Event: 3,189 Thread 0x00007fe418000f50 Exception <a 'java/lang/ArrayIndexOutOfBoundsException'{0x00000000d69f5b88}> (0x00000000d69f5b88) 
thrown [src/hotspot/share/runtime/sharedRuntime.cpp, line 628]
Event: 3,196 Thread 0x00007fe418000f50 Exception <a 'java/lang/ArrayIndexOutOfBoundsException'{0x00000000d6a9bb08}> (0x00000000d6a9bb08) 
thrown [src/hotspot/share/runtime/sharedRuntime.cpp, line 628]
Event: 3,201 Thread 0x00007fe418000f50 Exception <a 'java/lang/ArrayIndexOutOfBoundsException'{0x00000000d6b3cc30}> (0x00000000d6b3cc30) 
thrown [src/hotspot/share/runtime/sharedRuntime.cpp, line 628]
Event: 3,207 Thread 0x00007fe418000f50 Exception <a 'java/lang/ArrayIndexOutOfBoundsException'{0x00000000d6be3b80}> (0x00000000d6be3b80) 
thrown [src/hotspot/share/runtime/sharedRuntime.cpp, line 628]

VM Operations (20 events):
Event: 1,905 Executing VM operation: ParallelGCFailedAllocation done
Event: 1,972 Executing VM operation: ParallelGCFailedAllocation
Event: 1,976 Executing VM operation: ParallelGCFailedAllocation done
Event: 2,030 Executing VM operation: ParallelGCFailedAllocation
Event: 2,036 Executing VM operation: ParallelGCFailedAllocation done
Event: 2,080 Executing VM operation: ParallelGCFailedAllocation
Event: 2,085 Executing VM operation: ParallelGCFailedAllocation done
Event: 2,135 Executing VM operation: ParallelGCFailedAllocation
Event: 2,140 Executing VM operation: ParallelGCFailedAllocation done
Event: 2,228 Executing VM operation: HandshakeAllThreads
Event: 2,229 Executing VM operation: HandshakeAllThreads done
Event: 2,230 Executing VM operation: CollectForMetadataAllocation
Event: 2,258 Executing VM operation: CollectForMetadataAllocation done
Event: 2,803 Executing VM operation: HandshakeAllThreads
Event: 2,803 Executing VM operation: HandshakeAllThreads done
Event: 2,838 Executing VM operation: ICBufferFull
Event: 2,838 Executing VM operation: ICBufferFull done
Event: 2,886 Executing VM operation: HandshakeAllThreads
Event: 2,887 Executing VM operation: HandshakeAllThreads done
Event: 3,208 Executing VM operation: ParallelGCFailedAllocation

Events (20 events):
Event: 2,768 loading class java/util/stream/MatchOps$BooleanTerminalSink
Event: 2,768 loading class java/util/stream/MatchOps$BooleanTerminalSink done
Event: 2,769 loading class java/util/stream/MatchOps$1MatchSink
Event: 2,769 loading class java/util/stream/MatchOps$1MatchSink done
Event: 2,801 loading class java/util/stream/ReduceOps$4
Event: 2,801 loading class java/util/stream/ReduceOps$4 done
Event: 2,801 loading class java/util/stream/ReduceOps$4ReducingSink
Event: 2,801 loading class java/util/stream/ReduceOps$4ReducingSink done
Event: 2,929 loading class java/util/concurrent/ConcurrentHashMap$TreeNode
Event: 2,930 loading class java/util/concurrent/ConcurrentHashMap$TreeNode done
Event: 2,930 loading class java/util/concurrent/ConcurrentHashMap$TreeBin
Event: 2,930 loading class java/util/concurrent/ConcurrentHashMap$TreeBin done
Event: 3,198 loading class java/text/DontCareFieldPosition
Event: 3,198 loading class java/text/DontCareFieldPosition done
Event: 3,198 loading class java/text/DontCareFieldPosition$1
Event: 3,198 loading class java/text/Format$FieldDelegate
Event: 3,198 loading class java/text/Format$FieldDelegate done
Event: 3,198 loading class java/text/DontCareFieldPosition$1 done
Event: 3,198 loading class java/text/NumberFormat$Field
Event: 3,198 loading class java/text/NumberFormat$Field done


Dynamic libraries:
80000000-84300000 rw-p 00000000 00:00 0 
84300000-d5580000 ---p 00000000 00:00 0 
d5580000-d7900000 rw-p 00000000 00:00 0 
d7900000-100000000 ---p 00000000 00:00 0 
100000000-100020000 rw-p 00000000 00:00 0 
100020000-100040000 rw-p 00000000 00:00 0 
100040000-100100000 rw-p 00000000 00:00 0 
100100000-100160000 rw-p 00000000 00:00 0 
100160000-100180000 rw-p 00000000 00:00 0 
100180000-1001c0000 rw-p 00000000 00:00 0 
1001c0000-100200000 rw-p 00000000 00:00 0 
100200000-1002c0000 rw-p 00000000 00:00 0 
1002c0000-100300000 rw-p 00000000 00:00 0 
100300000-100460000 rw-p 00000000 00:00 0 
100460000-140000000 ---p 00000000 00:00 0 
55853c00d000-55853c00e000 r-xp 00000000 103:06 1923779                   /home/artur/.vscode/extensions/redhat.java-1.2.0/jre/17.0.1-linux-x86_64/bin/java
55853c20e000-55853c20f000 r--p 00001000 103:06 1923779                   /home/artur/.vscode/extensions/redhat.java-1.2.0/jre/17.0.1-linux-x86_64/bin/java
55853c20f000-55853c210000 rw-p 00002000 103:06 1923779                   /home/artur/.vscode/extensions/redhat.java-1.2.0/jre/17.0.1-linux-x86_64/bin/java
55853db90000-55853dbb1000 rw-p 00000000 00:00 0                          [heap]
7fe3e0000000-7fe3e0021000 rw-p 00000000 00:00 0 
7fe3e0021000-7fe3e4000000 ---p 00000000 00:00 0 
7fe3e8000000-7fe3e80b2000 rw-p 00000000 00:00 0 
7fe3e80b2000-7fe3ec000000 ---p 00000000 00:00 0 
7fe3ec000000-7fe3ec030000 rw-p 00000000 00:00 0 
7fe3ec030000-7fe3f0000000 ---p 00000000 00:00 0 
7fe3f0000000-7fe3f0077000 rw-p 00000000 00:00 0 
7fe3f0077000-7fe3f4000000 ---p 00000000 00:00 0 
7fe3f7878000-7fe400000000 r--s 00000000 103:06 2889069                   /usr/lib/jvm/java-11-openjdk-amd64/lib/modules
7fe400000000-7fe400021000 rw-p 00000000 00:00 0 
7fe400021000-7fe404000000 ---p 00000000 00:00 0 
7fe404000000-7fe4040fd000 rw-p 00000000 00:00 0 
7fe4040fd000-7fe408000000 ---p 00000000 00:00 0 
7fe408000000-7fe408021000 rw-p 00000000 00:00 0 
7fe408021000-7fe40c000000 ---p 00000000 00:00 0 
7fe40c000000-7fe40c888000 rw-p 00000000 00:00 0 
7fe40c888000-7fe410000000 ---p 00000000 00:00 0 
7fe410000000-7fe410021000 rw-p 00000000 00:00 0 
7fe410021000-7fe414000000 ---p 00000000 00:00 0 
7fe414000000-7fe414021000 rw-p 00000000 00:00 0 
7fe414021000-7fe418000000 ---p 00000000 00:00 0 
7fe418000000-7fe418021000 rw-p 00000000 00:00 0 
7fe418021000-7fe41c000000 ---p 00000000 00:00 0 
7fe41c000000-7fe41c021000 rw-p 00000000 00:00 0 
7fe41c021000-7fe420000000 ---p 00000000 00:00 0 
7fe420000000-7fe420021000 rw-p 00000000 00:00 0 
7fe420021000-7fe424000000 ---p 00000000 00:00 0 
7fe424000000-7fe424021000 rw-p 00000000 00:00 0 
7fe424021000-7fe428000000 ---p 00000000 00:00 0 
7fe428000000-7fe428021000 rw-p 00000000 00:00 0 
7fe428021000-7fe42c000000 ---p 00000000 00:00 0 
7fe42c000000-7fe42c3fb000 rw-p 00000000 00:00 0 
7fe42c3fb000-7fe430000000 ---p 00000000 00:00 0 
7fe430000000-7fe430021000 rw-p 00000000 00:00 0 
7fe430021000-7fe434000000 ---p 00000000 00:00 0 
7fe434000000-7fe434021000 rw-p 00000000 00:00 0 
7fe434021000-7fe438000000 ---p 00000000 00:00 0 
7fe438000000-7fe438021000 rw-p 00000000 00:00 0 
7fe438021000-7fe43c000000 ---p 00000000 00:00 0 
7fe43c000000-7fe43c021000 rw-p 00000000 00:00 0 
7fe43c021000-7fe440000000 ---p 00000000 00:00 0 
7fe440000000-7fe4405eb000 rw-p 00000000 00:00 0 
7fe4405eb000-7fe444000000 ---p 00000000 00:00 0 
7fe444000000-7fe444021000 rw-p 00000000 00:00 0 
7fe444021000-7fe448000000 ---p 00000000 00:00 0 
7fe448000000-7fe448021000 rw-p 00000000 00:00 0 
7fe448021000-7fe44c000000 ---p 00000000 00:00 0 
7fe44c000000-7fe44c021000 rw-p 00000000 00:00 0 
7fe44c021000-7fe450000000 ---p 00000000 00:00 0 
7fe450000000-7fe450239000 rw-p 00000000 00:00 0 
7fe450239000-7fe454000000 ---p 00000000 00:00 0 
7fe454000000-7fe454021000 rw-p 00000000 00:00 0 
7fe454021000-7fe458000000 ---p 00000000 00:00 0 
7fe458510000-7fe4587fc000 rw-p 00000000 00:00 0 
7fe4587fc000-7fe458800000 ---p 00000000 00:00 0 
7fe458800000-7fe4588fd000 rw-p 00000000 00:00 0 
7fe4588fd000-7fe458901000 ---p 00000000 00:00 0 
7fe458901000-7fe4589fe000 rw-p 00000000 00:00 0 
7fe4589fe000-7fe458a02000 ---p 00000000 00:00 0 
7fe458a02000-7fe458aff000 rw-p 00000000 00:00 0 
7fe458aff000-7fe458b03000 ---p 00000000 00:00 0 
7fe458b03000-7fe459110000 rw-p 00000000 00:00 0 
7fe459110000-7fe459400000 ---p 00000000 00:00 0 
7fe459400000-7fe459500000 rw-p 00000000 00:00 0 
7fe459500000-7fe459600000 rw-p 00000000 00:00 0 
7fe459600000-7fe459780000 rw-p 00000000 00:00 0 
7fe459780000-7fe459800000 rw-p 00000000 00:00 0 
7fe459800000-7fe459900000 rw-p 00000000 00:00 0 
7fe459900000-7fe459940000 rw-p 00000000 00:00 0 
7fe459940000-7fe459a00000 ---p 00000000 00:00 0 
7fe459a00000-7fe459c00000 rw-p 00000000 00:00 0 
7fe459cea000-7fe459cee000 ---p 00000000 00:00 0 
7fe459cee000-7fe459deb000 rw-p 00000000 00:00 0 
7fe459deb000-7fe459def000 ---p 00000000 00:00 0 
7fe459def000-7fe459eec000 rw-p 00000000 00:00 0 
7fe459eec000-7fe459ef9000 r-xp 00000000 103:06 1924404                   /home/artur/.vscode/extensions/redhat.java-1.2.0/jre/17.0.1-linux-x86_64/lib/libverify.so
7fe459ef9000-7fe45a0f8000 ---p 0000d000 103:06 1924404                   /home/artur/.vscode/extensions/redhat.java-1.2.0/jre/17.0.1-linux-x86_64/lib/libverify.so
7fe45a0f8000-7fe45a0fa000 r--p 0000c000 103:06 1924404                   /home/artur/.vscode/extensions/redhat.java-1.2.0/jre/17.0.1-linux-x86_64/lib/libverify.so
7fe45a0fa000-7fe45a0fb000 rw-p 0000e000 103:06 1924404                   /home/artur/.vscode/extensions/redhat.java-1.2.0/jre/17.0.1-linux-x86_64/lib/libverify.so
7fe45a0fb000-7fe45a0ff000 ---p 00000000 00:00 0 
7fe45a0ff000-7fe45a1fc000 rw-p 00000000 00:00 0 
7fe45a1fc000-7fe45a1fd000 ---p 00000000 00:00 0 
7fe45a1fd000-7fe45a2fe000 rw-p 00000000 00:00 0 
7fe45a2fe000-7fe45a2ff000 ---p 00000000 00:00 0 
7fe45a2ff000-7fe45a500000 rw-p 00000000 00:00 0 
7fe45a500000-7fe45a600000 rw-p 00000000 00:00 0 
7fe45a600000-7fe45ac00000 rw-p 00000000 00:00 0 
7fe45acee000-7fe45acef000 ---p 00000000 00:00 0 
7fe45acef000-7fe45adf0000 rw-p 00000000 00:00 0 
7fe45adf0000-7fe45adf4000 ---p 00000000 00:00 0 
7fe45adf4000-7fe45aef1000 rw-p 00000000 00:00 0 
7fe45aef1000-7fe45aef5000 ---p 00000000 00:00 0 
7fe45aef5000-7fe45aff2000 rw-p 00000000 00:00 0 
7fe45aff2000-7fe45aff6000 ---p 00000000 00:00 0 
7fe45aff6000-7fe45b0f3000 rw-p 00000000 00:00 0 
7fe45b0f3000-7fe45b0f7000 ---p 00000000 00:00 0 
7fe45b0f7000-7fe45b1f4000 rw-p 00000000 00:00 0 
7fe45b1f4000-7fe45b1f5000 ---p 00000000 00:00 0 
7fe45b1f5000-7fe45b2f6000 rw-p 00000000 00:00 0 
7fe45b2f6000-7fe45b2f7000 ---p 00000000 00:00 0 
7fe45b2f7000-7fe45b3f8000 rw-p 00000000 00:00 0 
7fe45b3f8000-7fe45b3f9000 ---p 00000000 00:00 0 
7fe45b3f9000-7fe45b4fa000 rw-p 00000000 00:00 0 
7fe45b4fa000-7fe45b4fb000 ---p 00000000 00:00 0 
7fe45b4fb000-7fe45b5fc000 rw-p 00000000 00:00 0 
7fe45b5fc000-7fe45b5fd000 ---p 00000000 00:00 0 
7fe45b5fd000-7fe45b6fe000 rw-p 00000000 00:00 0 
7fe45b6fe000-7fe45b6ff000 ---p 00000000 00:00 0 
7fe45b6ff000-7fe45b900000 rw-p 00000000 00:00 0 
7fe45b900000-7fe45bb00000 rw-p 00000000 00:00 0 
7fe45bb00000-7fe45bc00000 rw-p 00000000 00:00 0 
7fe45bc00000-7fe45bd00000 rw-p 00000000 00:00 0 
7fe45bd00000-7fe45be00000 rw-p 00000000 00:00 0 
7fe45be00000-7fe45c000000 rw-p 00000000 00:00 0 
7fe45c000000-7fe45c021000 rw-p 00000000 00:00 0 
7fe45c021000-7fe460000000 ---p 00000000 00:00 0 
7fe460000000-7fe460ec2000 rw-p 00000000 00:00 0 
7fe460ec2000-7fe464000000 ---p 00000000 00:00 0 
7fe464000000-7fe464021000 rw-p 00000000 00:00 0 
7fe464021000-7fe468000000 ---p 00000000 00:00 0 
7fe468000000-7fe468021000 rw-p 00000000 00:00 0 
7fe468021000-7fe46c000000 ---p 00000000 00:00 0 
7fe46c000000-7fe46cbaf000 rw-p 00000000 00:00 0 
7fe46cbaf000-7fe470000000 ---p 00000000 00:00 0 
7fe470000000-7fe470021000 rw-p 00000000 00:00 0 
7fe470021000-7fe474000000 ---p 00000000 00:00 0 
7fe474000000-7fe474021000 rw-p 00000000 00:00 0 
7fe474021000-7fe478000000 ---p 00000000 00:00 0 
7fe478000000-7fe478bb9000 rw-p 00000000 00:00 0 
7fe478bb9000-7fe47c000000 ---p 00000000 00:00 0 
7fe47c000000-7fe47c021000 rw-p 00000000 00:00 0 
7fe47c021000-7fe480000000 ---p 00000000 00:00 0 
7fe480000000-7fe480021000 rw-p 00000000 00:00 0 
7fe480021000-7fe484000000 ---p 00000000 00:00 0 
7fe484000000-7fe484021000 rw-p 00000000 00:00 0 
7fe484021000-7fe488000000 ---p 00000000 00:00 0 
7fe488000000-7fe488021000 rw-p 00000000 00:00 0 
7fe488021000-7fe48c000000 ---p 00000000 00:00 0 
7fe48c000000-7fe48c021000 rw-p 00000000 00:00 0 
7fe48c021000-7fe490000000 ---p 00000000 00:00 0 
7fe49002b000-7fe49002f000 ---p 00000000 00:00 0 
7fe49002f000-7fe49012c000 rw-p 00000000 00:00 0 
7fe49012c000-7fe49013c000 r-xp 00000000 103:06 2625852                   /home/artur/.config/Code/User/globalStorage/redhat.java/1.2.0/config_ss_linux/org.eclipse.equinox.launcher/org.eclipse.equinox.launcher.gtk.linux.x86_64_1.2.400.v20211117-0650/eclipse_11600.so
7fe49013c000-7fe49033b000 ---p 00010000 103:06 2625852                   /home/artur/.config/Code/User/globalStorage/redhat.java/1.2.0/config_ss_linux/org.eclipse.equinox.launcher/org.eclipse.equinox.launcher.gtk.linux.x86_64_1.2.400.v20211117-0650/eclipse_11600.so
7fe49033b000-7fe49033c000 r--p 0000f000 103:06 2625852                   /home/artur/.config/Code/User/globalStorage/redhat.java/1.2.0/config_ss_linux/org.eclipse.equinox.launcher/org.eclipse.equinox.launcher.gtk.linux.x86_64_1.2.400.v20211117-0650/eclipse_11600.so
7fe49033c000-7fe49033d000 rw-p 00010000 103:06 2625852                   /home/artur/.config/Code/User/globalStorage/redhat.java/1.2.0/config_ss_linux/org.eclipse.equinox.launcher/org.eclipse.equinox.launcher.gtk.linux.x86_64_1.2.400.v20211117-0650/eclipse_11600.so
7fe49033d000-7fe490341000 ---p 00000000 00:00 0 
7fe490341000-7fe49043e000 rw-p 00000000 00:00 0 
7fe49043e000-7fe490442000 ---p 00000000 00:00 0 
7fe490442000-7fe49053f000 rw-p 00000000 00:00 0 
7fe49053f000-7fe490543000 ---p 00000000 00:00 0 
7fe490543000-7fe490640000 rw-p 00000000 00:00 0 
7fe490640000-7fe490644000 ---p 00000000 00:00 0 
7fe490644000-7fe490741000 rw-p 00000000 00:00 0 
7fe490741000-7fe490745000 ---p 00000000 00:00 0 
7fe490745000-7fe490842000 rw-p 00000000 00:00 0 
7fe490842000-7fe490857000 r-xp 00000000 103:06 1924394                   /home/artur/.vscode/extensions/redhat.java-1.2.0/jre/17.0.1-linux-x86_64/lib/libnet.so
7fe490857000-7fe490a56000 ---p 00015000 103:06 1924394                   /home/artur/.vscode/extensions/redhat.java-1.2.0/jre/17.0.1-linux-x86_64/lib/libnet.so
7fe490a56000-7fe490a57000 r--p 00014000 103:06 1924394                   /home/artur/.vscode/extensions/redhat.java-1.2.0/jre/17.0.1-linux-x86_64/lib/libnet.so
7fe490a57000-7fe490a58000 rw-p 00015000 103:06 1924394                   /home/artur/.vscode/extensions/redhat.java-1.2.0/jre/17.0.1-linux-x86_64/lib/libnet.so
7fe490a58000-7fe490a6a000 r-xp 00000000 103:06 1924395                   /home/artur/.vscode/extensions/redhat.java-1.2.0/jre/17.0.1-linux-x86_64/lib/libnio.so
7fe490a6a000-7fe490c69000 ---p 00012000 103:06 1924395                   /home/artur/.vscode/extensions/redhat.java-1.2.0/jre/17.0.1-linux-x86_64/lib/libnio.so
7fe490c69000-7fe490c6a000 r--p 00011000 103:06 1924395                   /home/artur/.vscode/extensions/redhat.java-1.2.0/jre/17.0.1-linux-x86_64/lib/libnio.so
7fe490c6a000-7fe490c6b000 rw-p 00012000 103:06 1924395                   /home/artur/.vscode/extensions/redhat.java-1.2.0/jre/17.0.1-linux-x86_64/lib/libnio.so
7fe490c6b000-7fe490c6c000 ---p 00000000 00:00 0 
7fe490c6c000-7fe490d6d000 rw-p 00000000 00:00 0 
7fe490d6d000-7fe490d71000 ---p 00000000 00:00 0 
7fe490d71000-7fe490e6e000 rw-p 00000000 00:00 0 
7fe490e6e000-7fe490e72000 ---p 00000000 00:00 0 
7fe490e72000-7fe490f6f000 rw-p 00000000 00:00 0 
7fe490f6f000-7fe490f73000 ---p 00000000 00:00 0 
7fe490f73000-7fe491070000 rw-p 00000000 00:00 0 
7fe491070000-7fe491074000 ---p 00000000 00:00 0 
7fe491074000-7fe491171000 rw-p 00000000 00:00 0 
7fe491171000-7fe491175000 ---p 00000000 00:00 0 
7fe491175000-7fe491272000 rw-p 00000000 00:00 0 
7fe491272000-7fe491276000 ---p 00000000 00:00 0 
7fe491276000-7fe491373000 rw-p 00000000 00:00 0 
7fe491373000-7fe491377000 ---p 00000000 00:00 0 
7fe491377000-7fe491474000 rw-p 00000000 00:00 0 
7fe491474000-7fe491478000 ---p 00000000 00:00 0 
7fe491478000-7fe491575000 rw-p 00000000 00:00 0 
7fe491575000-7fe491ae6000 r--p 00000000 103:06 2889157                   /usr/lib/locale/locale-archive
7fe491ae6000-7fe491aea000 ---p 00000000 00:00 0 
7fe491aea000-7fe491be7000 rw-p 00000000 00:00 0 
7fe491be7000-7fe491beb000 ---p 00000000 00:00 0 
7fe491beb000-7fe491ce8000 rw-p 00000000 00:00 0 
7fe491ce8000-7fe491ce9000 ---p 00000000 00:00 0 
7fe491ce9000-7fe493800000 rw-p 00000000 00:00 0 
7fe493800000-7fe493820000 rw-p 00000000 00:00 0 
7fe493820000-7fe493840000 rw-p 00000000 00:00 0 
7fe493840000-7fe493880000 rw-p 00000000 00:00 0 
7fe493880000-7fe493900000 rw-p 00000000 00:00 0 
7fe493900000-7fe493b00000 rw-p 00000000 00:00 0 
7fe493b00000-7fe493b40000 rw-p 00000000 00:00 0 
7fe493b40000-7fe493b80000 rw-p 00000000 00:00 0 
7fe493b80000-7fe493c00000 rw-p 00000000 00:00 0 
7fe493cfd000-7fe498000000 rw-p 00000000 00:00 0 
7fe498000000-7fe498021000 rw-p 00000000 00:00 0 
7fe498021000-7fe49c000000 ---p 00000000 00:00 0 
7fe49c045000-7fe49c74c000 rw-p 00000000 00:00 0 
7fe49c74c000-7fe49c753000 r-xp 00000000 103:06 1924405                   /home/artur/.vscode/extensions/redhat.java-1.2.0/jre/17.0.1-linux-x86_64/lib/libzip.so
7fe49c753000-7fe49c953000 ---p 00007000 103:06 1924405                   /home/artur/.vscode/extensions/redhat.java-1.2.0/jre/17.0.1-linux-x86_64/lib/libzip.so
7fe49c953000-7fe49c954000 r--p 00007000 103:06 1924405                   /home/artur/.vscode/extensions/redhat.java-1.2.0/jre/17.0.1-linux-x86_64/lib/libzip.so
7fe49c954000-7fe49c955000 rw-p 00008000 103:06 1924405                   /home/artur/.vscode/extensions/redhat.java-1.2.0/jre/17.0.1-linux-x86_64/lib/libzip.so
7fe49c955000-7fe49cd77000 rw-p 00000000 00:00 0 
7fe49cd77000-7fe49d000000 ---p 00000000 00:00 0 
7fe49d000000-7fe49d270000 rwxp 00000000 00:00 0 
7fe49d270000-7fe49d592000 ---p 00000000 00:00 0 
7fe49d592000-7fe49dd02000 rwxp 00000000 00:00 0 
7fe49dd02000-7fe4a4ac9000 ---p 00000000 00:00 0 
7fe4a4ac9000-7fe4a4d39000 rwxp 00000000 00:00 0 
7fe4a4d39000-7fe4ac000000 ---p 00000000 00:00 0 
7fe4ac000000-7fe4ac651000 rw-p 00000000 00:00 0 
7fe4ac651000-7fe4b0000000 ---p 00000000 00:00 0 
7fe4b002e000-7fe4b0032000 ---p 00000000 00:00 0 
7fe4b0032000-7fe4b0296000 rw-p 00000000 00:00 0 
7fe4b0296000-7fe4b0297000 ---p 00000000 00:00 0 
7fe4b0297000-7fe4b03ba000 rw-p 00000000 00:00 0 
7fe4b03ba000-7fe4b0642000 ---p 00000000 00:00 0 
7fe4b0642000-7fe4b0655000 rw-p 00000000 00:00 0 
7fe4b0655000-7fe4b0798000 ---p 00000000 00:00 0 
7fe4b0798000-7fe4b079e000 rw-p 00000000 00:00 0 
7fe4b079e000-7fe4b0884000 ---p 00000000 00:00 0 
7fe4b0884000-7fe4b0893000 rw-p 00000000 00:00 0 
7fe4b0893000-7fe4b096f000 ---p 00000000 00:00 0 
7fe4b096f000-7fe4b0993000 r-xp 00000000 103:06 1924362                   /home/artur/.vscode/extensions/redhat.java-1.2.0/jre/17.0.1-linux-x86_64/lib/libjava.so
7fe4b0993000-7fe4b0b93000 ---p 00024000 103:06 1924362                   /home/artur/.vscode/extensions/redhat.java-1.2.0/jre/17.0.1-linux-x86_64/lib/libjava.so
7fe4b0b93000-7fe4b0b94000 r--p 00024000 103:06 1924362                   /home/artur/.vscode/extensions/redhat.java-1.2.0/jre/17.0.1-linux-x86_64/lib/libjava.so
7fe4b0b94000-7fe4b0b95000 rw-p 00025000 103:06 1924362                   /home/artur/.vscode/extensions/redhat.java-1.2.0/jre/17.0.1-linux-x86_64/lib/libjava.so
7fe4b0b95000-7fe4b0b96000 rw-p 00000000 00:00 0 
7fe4b0b96000-7fe4b0b99000 r--p 00000000 103:06 3674023                   /lib/x86_64-linux-gnu/libnss_files-2.31.so
7fe4b0b99000-7fe4b0ba0000 r-xp 00003000 103:06 3674023                   /lib/x86_64-linux-gnu/libnss_files-2.31.so
7fe4b0ba0000-7fe4b0ba2000 r--p 0000a000 103:06 3674023                   /lib/x86_64-linux-gnu/libnss_files-2.31.so
7fe4b0ba2000-7fe4b0ba3000 r--p 0000b000 103:06 3674023                   /lib/x86_64-linux-gnu/libnss_files-2.31.so
7fe4b0ba3000-7fe4b0ba4000 rw-p 0000c000 103:06 3674023                   /lib/x86_64-linux-gnu/libnss_files-2.31.so
7fe4b0ba4000-7fe4b0baa000 rw-p 00000000 00:00 0 
7fe4b0baa000-7fe4b0baf000 r--p 00000000 103:06 3674009                   /lib/x86_64-linux-gnu/libnsl-2.31.so
7fe4b0baf000-7fe4b0bbf000 r-xp 00005000 103:06 3674009                   /lib/x86_64-linux-gnu/libnsl-2.31.so
7fe4b0bbf000-7fe4b0bc3000 r--p 00015000 103:06 3674009                   /lib/x86_64-linux-gnu/libnsl-2.31.so
7fe4b0bc3000-7fe4b0bc4000 r--p 00018000 103:06 3674009                   /lib/x86_64-linux-gnu/libnsl-2.31.so
7fe4b0bc4000-7fe4b0bc5000 rw-p 00019000 103:06 3674009                   /lib/x86_64-linux-gnu/libnsl-2.31.so
7fe4b0bc5000-7fe4b0bc7000 rw-p 00000000 00:00 0 
7fe4b0bc7000-7fe4b0bca000 r--p 00000000 103:06 3674031                   /lib/x86_64-linux-gnu/libnss_nis-2.31.so
7fe4b0bca000-7fe4b0bd2000 r-xp 00003000 103:06 3674031                   /lib/x86_64-linux-gnu/libnss_nis-2.31.so
7fe4b0bd2000-7fe4b0bd4000 r--p 0000b000 103:06 3674031                   /lib/x86_64-linux-gnu/libnss_nis-2.31.so
7fe4b0bd4000-7fe4b0bd5000 r--p 0000c000 103:06 3674031                   /lib/x86_64-linux-gnu/libnss_nis-2.31.so
7fe4b0bd5000-7fe4b0bd6000 rw-p 0000d000 103:06 3674031                   /lib/x86_64-linux-gnu/libnss_nis-2.31.so
7fe4b0bdf000-7fe4b0be6000 r--s 00000000 103:06 3148538                   /usr/lib/x86_64-linux-gnu/gconv/gconv-modules.cache
7fe4b0be6000-7fe4b0beb000 rw-p 00000000 00:00 0 
7fe4b0beb000-7fe4b0bf2000 ---p 00000000 00:00 0 
7fe4b0bf2000-7fe4b37ef000 r--s 00000000 103:06 1924413                   /home/artur/.vscode/extensions/redhat.java-1.2.0/jre/17.0.1-linux-x86_64/lib/modules
7fe4b37ef000-7fe4b380a000 r-xp 00000000 103:06 1924374                   /home/artur/.vscode/extensions/redhat.java-1.2.0/jre/17.0.1-linux-x86_64/lib/libjimage.so
7fe4b380a000-7fe4b3a09000 ---p 0001b000 103:06 1924374                   /home/artur/.vscode/extensions/redhat.java-1.2.0/jre/17.0.1-linux-x86_64/lib/libjimage.so
7fe4b3a09000-7fe4b3a0b000 r--p 0001a000 103:06 1924374                   /home/artur/.vscode/extensions/redhat.java-1.2.0/jre/17.0.1-linux-x86_64/lib/libjimage.so
7fe4b3a0b000-7fe4b3a0c000 rw-p 0001c000 103:06 1924374                   /home/artur/.vscode/extensions/redhat.java-1.2.0/jre/17.0.1-linux-x86_64/lib/libjimage.so
7fe4b3a0c000-7fe4b3a10000 ---p 00000000 00:00 0 
7fe4b3a10000-7fe4b3b0d000 rw-p 00000000 00:00 0 
7fe4b3b0d000-7fe4b3b1c000 r--p 00000000 103:06 3673997                   /lib/x86_64-linux-gnu/libm-2.31.so
7fe4b3b1c000-7fe4b3bc3000 r-xp 0000f000 103:06 3673997                   /lib/x86_64-linux-gnu/libm-2.31.so
7fe4b3bc3000-7fe4b3c5a000 r--p 000b6000 103:06 3673997                   /lib/x86_64-linux-gnu/libm-2.31.so
7fe4b3c5a000-7fe4b3c5b000 r--p 0014c000 103:06 3673997                   /lib/x86_64-linux-gnu/libm-2.31.so
7fe4b3c5b000-7fe4b3c5c000 rw-p 0014d000 103:06 3673997                   /lib/x86_64-linux-gnu/libm-2.31.so
7fe4b3c5c000-7fe4b3c5f000 r--p 00000000 103:06 3674043                   /lib/x86_64-linux-gnu/librt-2.31.so
7fe4b3c5f000-7fe4b3c63000 r-xp 00003000 103:06 3674043                   /lib/x86_64-linux-gnu/librt-2.31.so
7fe4b3c63000-7fe4b3c64000 r--p 00007000 103:06 3674043                   /lib/x86_64-linux-gnu/librt-2.31.so
7fe4b3c64000-7fe4b3c65000 ---p 00008000 103:06 3674043                   /lib/x86_64-linux-gnu/librt-2.31.so
7fe4b3c65000-7fe4b3c66000 r--p 00008000 103:06 3674043                   /lib/x86_64-linux-gnu/librt-2.31.so
7fe4b3c66000-7fe4b3c67000 rw-p 00009000 103:06 3674043                   /lib/x86_64-linux-gnu/librt-2.31.so
7fe4b3c67000-7fe4b4f46000 r-xp 00000000 103:06 1924435                   /home/artur/.vscode/extensions/redhat.java-1.2.0/jre/17.0.1-linux-x86_64/lib/server/libjvm.so
7fe4b4f46000-7fe4b5145000 ---p 012df000 103:06 1924435                   /home/artur/.vscode/extensions/redhat.java-1.2.0/jre/17.0.1-linux-x86_64/lib/server/libjvm.so
7fe4b5145000-7fe4b51fe000 r--p 012de000 103:06 1924435                   /home/artur/.vscode/extensions/redhat.java-1.2.0/jre/17.0.1-linux-x86_64/lib/server/libjvm.so
7fe4b51fe000-7fe4b5232000 rw-p 01397000 103:06 1924435                   /home/artur/.vscode/extensions/redhat.java-1.2.0/jre/17.0.1-linux-x86_64/lib/server/libjvm.so
7fe4b5232000-7fe4b528e000 rw-p 00000000 00:00 0 
7fe4b528e000-7fe4b52b3000 r--p 00000000 103:06 3673989                   /lib/x86_64-linux-gnu/libc-2.31.so
7fe4b52b3000-7fe4b542b000 r-xp 00025000 103:06 3673989                   /lib/x86_64-linux-gnu/libc-2.31.so
7fe4b542b000-7fe4b5475000 r--p 0019d000 103:06 3673989                   /lib/x86_64-linux-gnu/libc-2.31.so
7fe4b5475000-7fe4b5476000 ---p 001e7000 103:06 3673989                   /lib/x86_64-linux-gnu/libc-2.31.so
7fe4b5476000-7fe4b5479000 r--p 001e7000 103:06 3673989                   /lib/x86_64-linux-gnu/libc-2.31.so
7fe4b5479000-7fe4b547c000 rw-p 001ea000 103:06 3673989                   /lib/x86_64-linux-gnu/libc-2.31.so
7fe4b547c000-7fe4b5480000 rw-p 00000000 00:00 0 
7fe4b5480000-7fe4b5481000 r--p 00000000 103:06 3673993                   /lib/x86_64-linux-gnu/libdl-2.31.so
7fe4b5481000-7fe4b5483000 r-xp 00001000 103:06 3673993                   /lib/x86_64-linux-gnu/libdl-2.31.so
7fe4b5483000-7fe4b5484000 r--p 00003000 103:06 3673993                   /lib/x86_64-linux-gnu/libdl-2.31.so
7fe4b5484000-7fe4b5485000 r--p 00003000 103:06 3673993                   /lib/x86_64-linux-gnu/libdl-2.31.so
7fe4b5485000-7fe4b5486000 rw-p 00004000 103:06 3673993                   /lib/x86_64-linux-gnu/libdl-2.31.so
7fe4b5486000-7fe4b548d000 r--p 00000000 103:06 3674039                   /lib/x86_64-linux-gnu/libpthread-2.31.so
7fe4b548d000-7fe4b549e000 r-xp 00007000 103:06 3674039                   /lib/x86_64-linux-gnu/libpthread-2.31.so
7fe4b549e000-7fe4b54a3000 r--p 00018000 103:06 3674039                   /lib/x86_64-linux-gnu/libpthread-2.31.so
7fe4b54a3000-7fe4b54a4000 r--p 0001c000 103:06 3674039                   /lib/x86_64-linux-gnu/libpthread-2.31.so
7fe4b54a4000-7fe4b54a5000 rw-p 0001d000 103:06 3674039                   /lib/x86_64-linux-gnu/libpthread-2.31.so
7fe4b54a5000-7fe4b54a9000 rw-p 00000000 00:00 0 
7fe4b54a9000-7fe4b54b8000 r-xp 00000000 103:06 1924377                   /home/artur/.vscode/extensions/redhat.java-1.2.0/jre/17.0.1-linux-x86_64/lib/libjli.so
7fe4b54b8000-7fe4b56b8000 ---p 0000f000 103:06 1924377                   /home/artur/.vscode/extensions/redhat.java-1.2.0/jre/17.0.1-linux-x86_64/lib/libjli.so
7fe4b56b8000-7fe4b56b9000 r--p 0000f000 103:06 1924377                   /home/artur/.vscode/extensions/redhat.java-1.2.0/jre/17.0.1-linux-x86_64/lib/libjli.so
7fe4b56b9000-7fe4b56ba000 rw-p 00010000 103:06 1924377                   /home/artur/.vscode/extensions/redhat.java-1.2.0/jre/17.0.1-linux-x86_64/lib/libjli.so
7fe4b56ba000-7fe4b56bc000 r--p 00000000 103:06 3672661                   /lib/x86_64-linux-gnu/libz.so.1.2.11
7fe4b56bc000-7fe4b56cd000 r-xp 00002000 103:06 3672661                   /lib/x86_64-linux-gnu/libz.so.1.2.11
7fe4b56cd000-7fe4b56d3000 r--p 00013000 103:06 3672661                   /lib/x86_64-linux-gnu/libz.so.1.2.11
7fe4b56d3000-7fe4b56d4000 ---p 00019000 103:06 3672661                   /lib/x86_64-linux-gnu/libz.so.1.2.11
7fe4b56d4000-7fe4b56d5000 r--p 00019000 103:06 3672661                   /lib/x86_64-linux-gnu/libz.so.1.2.11
7fe4b56d5000-7fe4b56d6000 rw-p 0001a000 103:06 3672661                   /lib/x86_64-linux-gnu/libz.so.1.2.11
7fe4b56dc000-7fe4b56e4000 rw-s 00000000 103:06 3802554                   /tmp/hsperfdata_artur/192126
7fe4b56e4000-7fe4b56e6000 r--p 00000000 103:06 3674013                   /lib/x86_64-linux-gnu/libnss_compat-2.31.so
7fe4b56e6000-7fe4b56ed000 r-xp 00002000 103:06 3674013                   /lib/x86_64-linux-gnu/libnss_compat-2.31.so
7fe4b56ed000-7fe4b56ee000 r--p 00009000 103:06 3674013                   /lib/x86_64-linux-gnu/libnss_compat-2.31.so
7fe4b56ee000-7fe4b56ef000 r--p 00009000 103:06 3674013                   /lib/x86_64-linux-gnu/libnss_compat-2.31.so
7fe4b56ef000-7fe4b56f0000 rw-p 0000a000 103:06 3674013                   /lib/x86_64-linux-gnu/libnss_compat-2.31.so
7fe4b56f0000-7fe4b56f1000 ---p 00000000 00:00 0 
7fe4b56f1000-7fe4b56f2000 r--p 00000000 00:00 0 
7fe4b56f2000-7fe4b56f4000 rw-p 00000000 00:00 0 
7fe4b56f4000-7fe4b56f5000 r--p 00000000 103:06 3673973                   /lib/x86_64-linux-gnu/ld-2.31.so
7fe4b56f5000-7fe4b5718000 r-xp 00001000 103:06 3673973                   /lib/x86_64-linux-gnu/ld-2.31.so
7fe4b5718000-7fe4b5720000 r--p 00024000 103:06 3673973                   /lib/x86_64-linux-gnu/ld-2.31.so
7fe4b5720000-7fe4b5721000 ---p 00000000 00:00 0 
7fe4b5721000-7fe4b5722000 r--p 0002c000 103:06 3673973                   /lib/x86_64-linux-gnu/ld-2.31.so
7fe4b5722000-7fe4b5723000 rw-p 0002d000 103:06 3673973                   /lib/x86_64-linux-gnu/ld-2.31.so
7fe4b5723000-7fe4b5724000 rw-p 00000000 00:00 0 
7ffd111a5000-7ffd111c7000 rw-p 00000000 00:00 0                          [stack]
7ffd111db000-7ffd111de000 r--p 00000000 00:00 0                          [vvar]
7ffd111de000-7ffd111df000 r-xp 00000000 00:00 0                          [vdso]
ffffffffff600000-ffffffffff601000 --xp 00000000 00:00 0                  [vsyscall]


VM Arguments:
jvm_args: --add-modules=ALL-SYSTEM --add-opens=java.base/java.util=ALL-UNNAMED --add-opens=java.base/java.lang=ALL-UNNAMED -Declipse.application=org.eclipse.jdt.ls.core.id1 -Dosgi.bundles.defaultStartLevel=4 -Declipse.product=org.eclipse.jdt.ls.core.product -Djava.import.generatesMetadataFilesAtProjectRoot=false -Dfile.encoding=utf8 -XX:+UseParallelGC -XX:GCTimeRatio=4 -XX:AdaptiveSizePolicyWeight=90 -Dsun.zip.disableMemoryMapping=true -Xmx2G -Xms100m 
java_command: /home/artur/.vscode/extensions/redhat.java-1.2.0/server/plugins/org.eclipse.equinox.launcher_1.6.400.v20210924-0641.jar -configuration /home/artur/.config/Code/User/globalStorage/redhat.java/1.2.0/config_ss_linux -data /home/artur/.config/Code/User/workspaceStorage/68e882bbe0e19ee7d9ce481bef1e990f/redhat.java/ss_ws
java_class_path (initial): /home/artur/.vscode/extensions/redhat.java-1.2.0/server/plugins/org.eclipse.equinox.launcher_1.6.400.v20210924-0641.jar
Launcher Type: SUN_STANDARD

[Global flags]
    uintx AdaptiveSizePolicyWeight                 = 90                                        {product} {command line}
     intx CICompilerCount                          = 4                                         {product} {ergonomic}
    uintx GCTimeRatio                              = 4                                         {product} {command line}
   size_t InitialHeapSize                          = 104857600                                 {product} {command line}
   size_t MaxHeapSize                              = 2147483648                                {product} {command line}
   size_t MaxNewSize                               = 715653120                                 {product} {ergonomic}
   size_t MinHeapDeltaBytes                        = 524288                                    {product} {ergonomic}
   size_t MinHeapSize                              = 104857600                                 {product} {command line}
   size_t NewSize                                  = 34603008                                  {product} {ergonomic}
    uintx NonNMethodCodeHeapSize                   = 5839372                                {pd product} {ergonomic}
    uintx NonProfiledCodeHeapSize                  = 122909434                              {pd product} {ergonomic}
   size_t OldSize                                  = 70254592                                  {product} {ergonomic}
    uintx ProfiledCodeHeapSize                     = 122909434                              {pd product} {ergonomic}
    uintx ReservedCodeCacheSize                    = 251658240                              {pd product} {ergonomic}
     bool SegmentedCodeCache                       = true                                      {product} {ergonomic}
   size_t SoftMaxHeapSize                          = 2147483648                             {manageable} {ergonomic}
     bool UseCompressedClassPointers               = true                           {product lp64_product} {ergonomic}
     bool UseCompressedOops                        = true                           {product lp64_product} {ergonomic}
     bool UseParallelGC                            = true                                      {product} {command line}

Logging:
Log output configuration:
 #0: stdout all=warning uptime,level,tags
 #1: stderr all=off uptime,level,tags

Environment Variables:
JAVA_HOME=/usr/lib/jvm/java-11-openjdk-amd64
CLASSPATH=.:/usr/local/lib/antlr-4.9.2-complete.jar:/usr/local/lib/ST-4.3.1.jar:
PATH=/home/artur/.nvm/versions/node/v14.17.0/bin:/home/artur/.local/bin:/usr/local/sbin:/usr/local/bin:/usr/sbin:/usr/bin:/sbin:/bin:/usr/games:/usr/local/games:/snap/bin:/usr/lib/jvm/java-16-oracle/bin:/usr/lib/jvm/java-16-oracle/db/bin:/opt/bin:.:
USERNAME=artur
SHELL=/bin/bash
DISPLAY=:0
LANG=en_US.UTF-8
LC_CTYPE=pt_PT.UTF-8

Signal Handlers:
   SIGSEGV: crash_handler in libjvm.so, mask=11100100010111111101111111111110, flags=SA_RESTART|SA_SIGINFO
    SIGBUS: crash_handler in libjvm.so, mask=11100100010111111101111111111110, flags=SA_RESTART|SA_SIGINFO
    SIGFPE: crash_handler in libjvm.so, mask=11100100010111111101111111111110, flags=SA_RESTART|SA_SIGINFO
   SIGPIPE: javaSignalHandler in libjvm.so, mask=11100100010111111101111111111110, flags=SA_RESTART|SA_SIGINFO
   SIGXFSZ: javaSignalHandler in libjvm.so, mask=11100100010111111101111111111110, flags=SA_RESTART|SA_SIGINFO
    SIGILL: crash_handler in libjvm.so, mask=11100100010111111101111111111110, flags=SA_RESTART|SA_SIGINFO
   SIGUSR2: SR_handler in libjvm.so, mask=00000000000000000000000000000000, flags=SA_RESTART|SA_SIGINFO
    SIGHUP: UserHandler in libjvm.so, mask=11100100010111111101111111111110, flags=SA_RESTART|SA_SIGINFO
    SIGINT: UserHandler in libjvm.so, mask=11100100010111111101111111111110, flags=SA_RESTART|SA_SIGINFO
   SIGTERM: UserHandler in libjvm.so, mask=11100100010111111101111111111110, flags=SA_RESTART|SA_SIGINFO
   SIGQUIT: UserHandler in libjvm.so, mask=11100100010111111101111111111110, flags=SA_RESTART|SA_SIGINFO
   SIGTRAP: crash_handler in libjvm.so, mask=11100100010111111101111111111110, flags=SA_RESTART|SA_SIGINFO


---------------  S Y S T E M  ---------------

OS:
DISTRIB_ID=Ubuntu
DISTRIB_RELEASE=20.04
DISTRIB_CODENAME=focal
DISTRIB_DESCRIPTION="Ubuntu 20.04.3 LTS"
uname: Linux 5.4.0-90-generic #101-Ubuntu SMP Fri Oct 15 20:00:55 UTC 2021 x86_64
OS uptime: 1 days 1:47 hours
libc: glibc 2.31 NPTL 2.31 
rlimit (soft/hard): STACK 8192k/infinity , CORE 0k/infinity , NPROC 63176/63176 , NOFILE 1048576/1048576 , AS infinity/infinity , CPU infinity/infinity , DATA infinity/infinity , FSIZE infinity/infinity , MEMLOCK 65536k/65536k
load average: 3,27 2,07 1,43

/proc/meminfo:
MemTotal:       16235992 kB
MemFree:          914256 kB
MemAvailable:    5254480 kB
Buffers:          660508 kB
Cached:          5012784 kB
SwapCached:         2292 kB
Active:         10960960 kB
Inactive:        3349404 kB
Active(anon):    8124772 kB
Inactive(anon):  1802100 kB
Active(file):    2836188 kB
Inactive(file):  1547304 kB
Unevictable:      167352 kB
Mlocked:             160 kB
SwapTotal:       2097148 kB
SwapFree:        2034880 kB
Dirty:            136348 kB
Writeback:             0 kB
AnonPages:       8802628 kB
Mapped:          1847912 kB
Shmem:           1296336 kB
KReclaimable:     298784 kB
Slab:             582096 kB
SReclaimable:     298784 kB
SUnreclaim:       283312 kB
KernelStack:       35288 kB
PageTables:        97956 kB
NFS_Unstable:          0 kB
Bounce:                0 kB
WritebackTmp:          0 kB
CommitLimit:    10215144 kB
Committed_AS:   30348860 kB
VmallocTotal:   34359738367 kB
VmallocUsed:       61200 kB
VmallocChunk:          0 kB
Percpu:            17728 kB
HardwareCorrupted:     0 kB
AnonHugePages:         0 kB
ShmemHugePages:        0 kB
ShmemPmdMapped:        0 kB
FileHugePages:         0 kB
FilePmdMapped:         0 kB
CmaTotal:              0 kB
CmaFree:               0 kB
HugePages_Total:       0
HugePages_Free:        0
HugePages_Rsvd:        0
HugePages_Surp:        0
Hugepagesize:       2048 kB
Hugetlb:               0 kB
DirectMap4k:      750176 kB
DirectMap2M:    15867904 kB
DirectMap1G:           0 kB

/sys/kernel/mm/transparent_hugepage/enabled: always [madvise] never
/sys/kernel/mm/transparent_hugepage/defrag (defrag/compaction efforts parameter): always defer defer+madvise [madvise] never

Process Memory:
Virtual Size: 6510992K (peak: 6573508K)
Resident Set Size: 214532K (peak: 214532K) (anon: 182624K, file: 31908K, shmem: 0K)
Swapped out: 0K
C-Heap outstanding allocations: 59367K

/proc/sys/kernel/threads-max (system-wide limit on the number of threads): 126352
/proc/sys/vm/max_map_count (maximum number of memory map areas a process may have): 1048575
/proc/sys/kernel/pid_max (system-wide limit on number of process identifiers): 4194304

container (cgroup) information:
container_type: cgroupv1
cpu_cpuset_cpus: 0-11
cpu_memory_nodes: 0
active_processor_count: 12
cpu_quota: no quota
cpu_period: 100000
cpu_shares: no shares
memory_limit_in_bytes: unlimited
memory_and_swap_limit_in_bytes: not supported
memory_soft_limit_in_bytes: unlimited
memory_usage_in_bytes: 12025384960
memory_max_usage_in_bytes: 12831219712

Steal ticks since vm start: 0
Steal ticks percentage since vm start:  0,000

CPU: total 12 (initial active 12) (6 cores per cpu, 2 threads per core) family 6 model 158 stepping 13 microcode 0xea, cx8, cmov, fxsr, ht, mmx, 3dnowpref, sse, sse2, sse3, ssse3, sse4.1, sse4.2, popcnt, lzcnt, tsc, tscinvbit, avx, avx2, aes, erms, clmul, bmi1, bmi2, adx, fma, vzeroupper, clflush, clflushopt
CPU Model and flags from /proc/cpuinfo:
model name	: Intel(R) Core(TM) i7-9750H CPU @ 2.60GHz
flags		: fpu vme de pse tsc msr pae mce cx8 apic sep mtrr pge mca cmov pat pse36 clflush dts acpi mmx fxsr sse sse2 ss ht tm pbe syscall nx pdpe1gb rdtscp lm constant_tsc art arch_perfmon pebs bts rep_good nopl xtopology nonstop_tsc cpuid aperfmperf pni pclmulqdq dtes64 monitor ds_cpl vmx est tm2 ssse3 sdbg fma cx16 xtpr pdcm pcid sse4_1 sse4_2 x2apic movbe popcnt tsc_deadline_timer aes xsave avx f16c rdrand lahf_lm abm 3dnowprefetch cpuid_fault epb invpcid_single ssbd ibrs ibpb stibp ibrs_enhanced tpr_shadow vnmi flexpriority ept vpid ept_ad fsgsbase tsc_adjust bmi1 avx2 smep bmi2 erms invpcid mpx rdseed adx smap clflushopt intel_pt xsaveopt xsavec xgetbv1 xsaves dtherm ida arat pln pts hwp hwp_notify hwp_act_window hwp_epp md_clear flush_l1d arch_capabilities

Online cpus: 0-11
Offline cpus: 
BIOS frequency limitation: <Not Available>
Frequency switch latency (ns): 0
Available cpu frequencies: <Not Available>
Current governor: powersave
Core performance/turbo boost: <Not Available>

Memory: 4k page, physical 16235992k(913824k free), swap 2097148k(2034880k free)
Page Sizes: 4k

vm_info: OpenJDK 64-Bit Server VM (17.0.1+12) for linux-amd64 JRE (17.0.1+12), built on Oct 20 2021 12:00:24 by "" with gcc 7.5.0

END.
