#
# A fatal error has been detected by the Java Runtime Environment:
#
#  SIGSEGV (0xb) at pc=0x00007f834206e49c, pid=197464, tid=197496
#
# JRE version: OpenJDK Runtime Environment Temurin-17.0.1+12 (17.0.1+12) (build 17.0.1+12)
# Java VM: OpenJDK 64-Bit Server VM Temurin-17.0.1+12 (17.0.1+12, mixed mode, tiered, compressed oops, compressed class ptrs, parallel gc, linux-amd64)
# Problematic frame:
# V  [libjvm.so+0xca049c]  ParCompactionManager::follow_marking_stacks()+0xbec
#
# Core dump will be written. Default location: Core dumps may be processed with "/usr/share/apport/apport %p %s %c %d %P %E" (or dumping to /home/artur/Desktop/3ano/IES/medical-management-system/Project/core.197464)
#
# If you would like to submit a bug report, please visit:
#   https://github.com/adoptium/adoptium-support/issues
#

---------------  S U M M A R Y ------------

Command Line: --add-modules=ALL-SYSTEM --add-opens=java.base/java.util=ALL-UNNAMED --add-opens=java.base/java.lang=ALL-UNNAMED -Declipse.application=org.eclipse.jdt.ls.core.id1 -Dosgi.bundles.defaultStartLevel=4 -Declipse.product=org.eclipse.jdt.ls.core.product -Djava.import.generatesMetadataFilesAtProjectRoot=false -Dfile.encoding=utf8 -XX:+UseParallelGC -XX:GCTimeRatio=4 -XX:AdaptiveSizePolicyWeight=90 -Dsun.zip.disableMemoryMapping=true -Xmx2G -Xms100m -XX:+HeapDumpOnOutOfMemoryError -XX:HeapDumpPath=/home/artur/.config/Code/User/workspaceStorage/68e882bbe0e19ee7d9ce481bef1e990f/redhat.java /home/artur/.vscode/extensions/redhat.java-1.2.0/server/plugins/org.eclipse.equinox.launcher_1.6.400.v20210924-0641.jar -configuration /home/artur/.config/Code/User/globalStorage/redhat.java/1.2.0/config_linux -data /home/artur/.config/Code/User/workspaceStorage/68e882bbe0e19ee7d9ce481bef1e990f/redhat.java/jdt_ws

Host: Intel(R) Core(TM) i7-9750H CPU @ 2.60GHz, 12 cores, 15G, Ubuntu 20.04.3 LTS
Time: Thu Jan 13 00:34:34 2022 WET elapsed time: 590.692284 seconds (0d 0h 9m 50s)

---------------  T H R E A D  ---------------

Current thread (0x00007f8318003630):  GCTaskThread "GC Thread#7" [stack: 0x00007f831c5df000,0x00007f831c6df000] [id=197496]

Stack: [0x00007f831c5df000,0x00007f831c6df000],  sp=0x00007f831c6ddbd0,  free space=1018k
Native frames: (J=compiled Java code, j=interpreted, Vv=VM code, C=native code)
V  [libjvm.so+0xca049c]  ParCompactionManager::follow_marking_stacks()+0xbec
V  [libjvm.so+0xcb1e65]  PCAddThreadRootsMarkingTaskClosure::do_thread(Thread*)+0xb5
V  [libjvm.so+0xeffa48]  Threads::possibly_parallel_threads_do(bool, ThreadClosure*)+0xa8
V  [libjvm.so+0xcb429e]  MarkFromRootsTask::work(unsigned int)+0x11e
V  [libjvm.so+0xfab56c]  GangWorker::loop()+0x5c
V  [libjvm.so+0xfab5be]
V  [libjvm.so+0xf01b62]  Thread::call_run()+0xe2
V  [libjvm.so+0xc3ccd1]  thread_native_entry(Thread*)+0xe1


siginfo: si_signo: 11 (SIGSEGV), si_code: 1 (SEGV_MAPERR), si_addr: 0x0000000000000100

Register to memory mapping:

RAX=0x0 is NULL
RBX=0x00007f833c1aed90 points into unknown readable memory: 0x0000000000000000 | 00 00 00 00 00 00 00 00
RCX=0x0 is NULL
RDX=0x00007f8342969300: <offset 0x000000000159b300> in /home/artur/.vscode/extensions/redhat.java-1.2.0/jre/17.0.1-linux-x86_64/lib/server/libjvm.so at 0x00007f83413ce000
RSP=0x00007f831c6ddbd0 points into unknown readable memory: 0x00000000d79d6a74 | 74 6a 9d d7 00 00 00 00
RBP=0x00007f831c6ddc30 points into unknown readable memory: 0x00007f831c6ddcd0 | d0 dc 6d 1c 83 7f 00 00
RSI=
[error occurred during error reporting (printing register info), id 0xb, SIGSEGV (0xb) at pc=0x00007f834202cbd6]

Registers:
RAX=0x0000000000000000, RBX=0x00007f833c1aed90, RCX=0x0000000000000000, RDX=0x00007f8342969300
RSP=0x00007f831c6ddbd0, RBP=0x00007f831c6ddc30, RSI=0x0000000087a65b78, RDI=0x00000001000400f8
R8 =0x00000000000000f4, R9 =0x00000000000000f4, R10=0x00007f8342969ce8, R11=0x00007f83201e9968
R12=0x00007f83429affed, R13=0x00000000879b22c0, R14=0x0000000087a65b78, R15=0x00000000879b13d4
RIP=0x00007f834206e49c, EFLAGS=0x0000000000010246, CSGSFS=0x002b000000000033, ERR=0x0000000000000004
  TRAPNO=0x000000000000000e

Top of Stack: (sp=0x00007f831c6ddbd0)
0x00007f831c6ddbd0:   00000000d79d6a74 0000000000000008
0x00007f831c6ddbe0:   00007f83428c1598 00007f833c0a9fe0
0x00007f831c6ddbf0:   00007f8300000003 00007f833c1aed90
0x00007f831c6ddc00:   00007f831c6ddc30 00007f82ec07d1e0 

Instructions: (pc=0x00007f834206e49c)
0x00007f834206e39c:   00 00 00 00 48 8d 15 59 af 8f 00 41 8b 7f 08 8b
0x00007f834206e3ac:   4a 08 48 d3 e7 48 03 3a 8b 4f 08 83 f9 00 0f 8f
0x00007f834206e3bc:   b1 f7 ff ff 74 c6 3c 01 48 8d 15 21 b9 8f 00 48
0x00007f834206e3cc:   19 c0 83 e0 04 8b 12 49 63 44 07 0c 8d 72 ff f7
0x00007f834206e3dc:   da 48 d3 e0 c1 f9 10 0f b6 c9 48 63 f6 48 01 f1
0x00007f834206e3ec:   48 01 c1 48 63 c2 48 21 c1 48 c1 e9 03 89 c8 e9
0x00007f834206e3fc:   7f f7 ff ff 48 8b 83 58 05 00 00 48 8b b3 68 05
0x00007f834206e40c:   00 00 48 c1 e0 04 48 01 f8 48 39 b3 80 05 00 00
0x00007f834206e41c:   4c 8b 30 0f 83 0b 03 00 00 48 8b 93 90 05 00 00
0x00007f834206e42c:   48 89 10 48 83 83 80 05 00 00 01 48 89 bb 90 05
0x00007f834206e43c:   00 00 48 8b 83 78 05 00 00 48 8b 93 58 05 00 00
0x00007f834206e44c:   4c 89 b3 88 05 00 00 48 89 c7 48 89 93 70 05 00
0x00007f834206e45c:   00 48 29 d7 4d 85 f6 48 0f 45 c7 48 89 83 78 05
0x00007f834206e46c:   00 00 e9 db f5 ff ff 0f 1f 44 00 00 48 01 c1 4e
0x00007f834206e47c:   8d 34 e9 4c 8d 2c d1 e9 7c f6 ff ff 0f 1f 84 00
0x00007f834206e48c:   00 00 00 00 0f 85 3a 03 00 00 48 8b 07 4c 89 f6
0x00007f834206e49c:   ff 90 00 01 00 00 e9 08 fc ff ff 66 0f 1f 84 00
0x00007f834206e4ac:   00 00 00 00 48 8d 15 49 ae 8f 00 41 8b 7e 08 8b
0x00007f834206e4bc:   4a 08 48 d3 e7 48 03 3a e9 cc fb ff ff 0f 1f 80
0x00007f834206e4cc:   00 00 00 00 48 01 c1 4e 8d 3c a9 4c 8d 2c 91 e9
0x00007f834206e4dc:   33 fb ff ff 3c 01 48 19 d2 83 e2 08 3c 01 48 19
0x00007f834206e4ec:   c0 4d 8d 7c 16 10 83 e0 04 49 63 44 06 0c 48 3d
0x00007f834206e4fc:   ff 07 00 00 0f 86 ba 02 00 00 48 3d 00 08 00 00
0x00007f834206e50c:   4d 8d 97 00 20 00 00 74 49 8b 83 50 03 00 00 8b
0x00007f834206e51c:   93 d0 03 00 00 89 c7 29 d7 89 fa 81 e2 ff 1f 00
0x00007f834206e52c:   00 81 fa fd 1f 00 00 0f 87 d5 07 00 00 89 c2 83
0x00007f834206e53c:   c0 01 48 c1 e2 04 48 03 93 50 04 00 00 25 ff 1f
0x00007f834206e54c:   00 00 4c 89 32 c7 42 08 00 08 00 00 89 83 50 03
0x00007f834206e55c:   00 00 4d 39 fa 77 1a e9 20 f4 ff ff 0f 1f 84 00
0x00007f834206e56c:   00 00 00 00 49 83 c7 04 4d 39 d7 0f 83 0b f4 ff
0x00007f834206e57c:   ff 45 8b 1f 45 85 db 74 eb 48 8d 05 84 ad 8f 00
0x00007f834206e58c:   48 8b 15 ad cd 95 00 bf 01 00 00 00 8b 48 08 49 


Stack slot to memory mapping:
stack at sp + 0 slots: 0x00000000d79d6a74 points into unknown readable memory: 00 00 00 00
stack at sp + 1 slots: 0x0000000000000008 is an unknown value
stack at sp + 2 slots: 0x00007f83428c1598: <offset 0x00000000014f3598> in /home/artur/.vscode/extensions/redhat.java-1.2.0/jre/17.0.1-linux-x86_64/lib/server/libjvm.so at 0x00007f83413ce000
stack at sp + 3 slots: 0x00007f833c0a9fe0 points into unknown readable memory: 0x00007f83428c1710 | 10 17 8c 42 83 7f 00 00
stack at sp + 4 slots: 0x00007f8300000003 points into unknown readable memory: 00 83 7f 00 00
stack at sp + 5 slots: 0x00007f833c1aed90 points into unknown readable memory: 0x0000000000000000 | 00 00 00 00 00 00 00 00
stack at sp + 6 slots: 0x00007f831c6ddc30 points into unknown readable memory: 0x00007f831c6ddcd0 | d0 dc 6d 1c 83 7f 00 00
stack at sp + 7 slots: 0x00007f82ec07d1e0 points into unknown readable memory: 0x0000000000000000 | 00 00 00 00 00 00 00 00


---------------  P R O C E S S  ---------------

Threads class SMR info:
_java_thread_list=0x00007f82e0b30880, length=35, elements={
0x00007f833c026160, 0x00007f833c227a60, 0x00007f833c228fd0, 0x00007f833c251580,
0x00007f833c254e90, 0x00007f833c255de0, 0x00007f833c257430, 0x00007f833c2588e0,
0x00007f833c261d10, 0x00007f833c2f7080, 0x00007f833c34a8d0, 0x00007f833c588da0,
0x00007f833c5d9860, 0x00007f833c5df070, 0x00007f82c402fc00, 0x00007f82c4265000,
0x00007f82ac000f50, 0x00007f82c455b6a0, 0x00007f833c6448c0, 0x00007f829827a2d0,
0x00007f833c86d550, 0x00007f828826f740, 0x00007f823c003ba0, 0x00007f82600056e0,
0x00007f824c0184c0, 0x00007f82a4006a10, 0x00007f826c144fc0, 0x00007f826c143850,
0x00007f82540093b0, 0x00007f826c1504b0, 0x00007f826403b5f0, 0x00007f82500013f0,
0x00007f82700200c0, 0x00007f82480064a0, 0x00007f824808cef0
}

Java Threads: ( => current thread )
  0x00007f833c026160 JavaThread "main" [_thread_blocked, id=197465, stack(0x00007f8341173000,0x00007f8341274000)]
  0x00007f833c227a60 JavaThread "Reference Handler" daemon [_thread_blocked, id=197468, stack(0x00007f831f3f3000,0x00007f831f4f4000)]
  0x00007f833c228fd0 JavaThread "Finalizer" daemon [_thread_blocked, id=197469, stack(0x00007f831f2f2000,0x00007f831f3f3000)]
  0x00007f833c251580 JavaThread "Signal Dispatcher" daemon [_thread_blocked, id=197470, stack(0x00007f831ec80000,0x00007f831ed81000)]
  0x00007f833c254e90 JavaThread "Service Thread" daemon [_thread_blocked, id=197471, stack(0x00007f831eb7f000,0x00007f831ec80000)]
  0x00007f833c255de0 JavaThread "Monitor Deflation Thread" daemon [_thread_blocked, id=197472, stack(0x00007f831ea7e000,0x00007f831eb7f000)]
  0x00007f833c257430 JavaThread "C2 CompilerThread0" daemon [_thread_blocked, id=197473, stack(0x00007f831e97d000,0x00007f831ea7e000)]
  0x00007f833c2588e0 JavaThread "C1 CompilerThread0" daemon [_thread_blocked, id=197474, stack(0x00007f831e87c000,0x00007f831e97d000)]
  0x00007f833c261d10 JavaThread "Sweeper thread" daemon [_thread_blocked, id=197475, stack(0x00007f831e77b000,0x00007f831e87c000)]
  0x00007f833c2f7080 JavaThread "Common-Cleaner" daemon [_thread_blocked, id=197476, stack(0x00007f831e67a000,0x00007f831e77b000)]
  0x00007f833c34a8d0 JavaThread "Notification Thread" daemon [_thread_blocked, id=197477, stack(0x00007f831e579000,0x00007f831e67a000)]
  0x00007f833c588da0 JavaThread "Active Thread: Equinox Container: 9cdab3db-94fd-40c1-b741-9073b4f49dd1" [_thread_blocked, id=197482, stack(0x00007f831de4c000,0x00007f831df4d000)]
  0x00007f833c5d9860 JavaThread "Framework Event Dispatcher: Equinox Container: 9cdab3db-94fd-40c1-b741-9073b4f49dd1" daemon [_thread_blocked, id=197483, stack(0x00007f831dd4b000,0x00007f831de4c000)]
  0x00007f833c5df070 JavaThread "Start Level: Equinox Container: 9cdab3db-94fd-40c1-b741-9073b4f49dd1" daemon [_thread_blocked, id=197490, stack(0x00007f831cdf5000,0x00007f831cef6000)]
  0x00007f82c402fc00 JavaThread "SCR Component Actor" daemon [_thread_blocked, id=197491, stack(0x00007f831cae3000,0x00007f831cbe4000)]
  0x00007f82c4265000 JavaThread "Worker-JM" [_thread_blocked, id=197493, stack(0x00007f831c8e1000,0x00007f831c9e2000)]
  0x00007f82ac000f50 JavaThread "Worker-1" [_thread_blocked, id=197495, stack(0x00007f831c6df000,0x00007f831c7e0000)]
  0x00007f82c455b6a0 JavaThread "Java indexing" daemon [_thread_blocked, id=197499, stack(0x00007f831c2d8000,0x00007f831c3d9000)]
  0x00007f833c6448c0 JavaThread "pool-3-thread-1" [_thread_blocked, id=197508, stack(0x00007f82b7cf0000,0x00007f82b7df1000)]
  0x00007f829827a2d0 JavaThread "Bundle File Closer" daemon [_thread_blocked, id=197509, stack(0x00007f82b6aff000,0x00007f82b6c00000)]
  0x00007f833c86d550 JavaThread "pool-2-thread-1" [_thread_in_native, id=197510, stack(0x00007f82b6870000,0x00007f82b6971000)]
  0x00007f828826f740 JavaThread "ForkJoinPool.commonPool-worker-3" daemon [_thread_blocked, id=197534, stack(0x00007f82b50f1000,0x00007f82b51f2000)]
  0x00007f823c003ba0 JavaThread "ForkJoinPool.commonPool-worker-7" daemon [_thread_blocked, id=197537, stack(0x00007f82b52f3000,0x00007f82b53f4000)]
  0x00007f82600056e0 JavaThread "ForkJoinPool.commonPool-worker-6" daemon [_thread_blocked, id=197538, stack(0x00007f82b4aeb000,0x00007f82b4bec000)]
  0x00007f824c0184c0 JavaThread "ForkJoinPool.commonPool-worker-10" daemon [_thread_blocked, id=197542, stack(0x00007f82b4ced000,0x00007f82b4dee000)]
  0x00007f82a4006a10 JavaThread "Worker-4" [_thread_blocked, id=199024, stack(0x00007f82b47e8000,0x00007f82b48e9000)]
  0x00007f826c144fc0 JavaThread "ForkJoinPool.commonPool-worker-12" daemon [_thread_blocked, id=201382, stack(0x00007f82b46e7000,0x00007f82b47e8000)]
  0x00007f826c143850 JavaThread "ForkJoinPool.commonPool-worker-14" daemon [_thread_blocked, id=201385, stack(0x00007f82b69fe000,0x00007f82b6aff000)]
  0x00007f82540093b0 JavaThread "ForkJoinPool.commonPool-worker-13" daemon [_thread_blocked, id=201386, stack(0x00007f82b49ea000,0x00007f82b4aeb000)]
  0x00007f826c1504b0 JavaThread "ForkJoinPool.commonPool-worker-15" daemon [_thread_blocked, id=201392, stack(0x00007f82b51f2000,0x00007f82b52f3000)]
  0x00007f826403b5f0 JavaThread "ForkJoinPool.commonPool-worker-17" daemon [_thread_blocked, id=201393, stack(0x00007f82b4dee000,0x00007f82b4eef000)]
  0x00007f82500013f0 JavaThread "ForkJoinPool.commonPool-worker-16" daemon [_thread_blocked, id=201394, stack(0x00007f831c7e0000,0x00007f831c8e1000)]
  0x00007f82700200c0 JavaThread "ForkJoinPool.commonPool-worker-18" daemon [_thread_blocked, id=201395, stack(0x00007f831c1d7000,0x00007f831c2d8000)]
  0x00007f82480064a0 JavaThread "Worker-5" [_thread_blocked, id=201403, stack(0x00007f831df4d000,0x00007f831e04e000)]
  0x00007f824808cef0 JavaThread "Worker-6" [_thread_blocked, id=201409, stack(0x00007f831c0d6000,0x00007f831c1d7000)]

Other Threads:
  0x00007f833c217a10 VMThread "VM Thread" [stack: 0x00007f831f4f6000,0x00007f831f5f6000] [id=197467]
  0x00007f833c070540 WatcherThread [stack: 0x00007f831e479000,0x00007f831e579000] [id=197478]
  0x00007f833c03ce90 GCTaskThread "GC Thread#0" [stack: 0x00007f83405fc000,0x00007f83406fc000] [id=197466]
  0x00007f83180010f0 GCTaskThread "GC Thread#1" [stack: 0x00007f831dc4b000,0x00007f831dd4b000] [id=197484]
  0x00007f8318001af0 GCTaskThread "GC Thread#2" [stack: 0x00007f831d300000,0x00007f831d400000] [id=197485]
  0x00007f83180024f0 GCTaskThread "GC Thread#3" [stack: 0x00007f831d1fe000,0x00007f831d2fe000] [id=197486]
  0x00007f83180041b0 GCTaskThread "GC Thread#4" [stack: 0x00007f831d0fc000,0x00007f831d1fc000] [id=197487]
  0x00007f8318004bb0 GCTaskThread "GC Thread#5" [stack: 0x00007f831cffa000,0x00007f831d0fa000] [id=197488]
  0x00007f83180055b0 GCTaskThread "GC Thread#6" [stack: 0x00007f831cef8000,0x00007f831cff8000] [id=197489]
=>0x00007f8318003630 GCTaskThread "GC Thread#7" [stack: 0x00007f831c5df000,0x00007f831c6df000] [id=197496]
  0x00007f83180061b0 GCTaskThread "GC Thread#8" [stack: 0x00007f831c4dd000,0x00007f831c5dd000] [id=197497]
  0x00007f8318006760 GCTaskThread "GC Thread#9" [stack: 0x00007f831c3db000,0x00007f831c4db000] [id=197498]

Threads with active compile tasks:
C2 CompilerThread0   590697 13437   !   4       org.eclipse.jdt.internal.core.PackageFragmentRoot::getSourceModuleDescription (143 bytes)
C1 CompilerThread0   590697 13452       3       java.util.concurrent.ForkJoinPool$WorkQueue::push (93 bytes)

VM state: at safepoint (normal execution)

VM Mutex/Monitor currently owned by a thread:  ([mutex/lock_event])
[0x00007f833c021210] Threads_lock - owner thread: 0x00007f833c217a10
[0x00007f833c0219c0] Heap_lock - owner thread: 0x00007f826c1504b0

Heap address: 0x0000000080000000, size: 2048 MB, Compressed Oops mode: 32-bit

CDS archive(s) not mapped
Compressed class space mapped at: 0x0000000100000000-0x0000000140000000, reserved size: 1073741824
Narrow klass base: 0x0000000000000000, Narrow klass shift: 3, Narrow klass range: 0x140000000

GC Precious Log:
 CPUs: 12 total, 12 available
 Memory: 15855M
 Large Page Support: Disabled
 NUMA Support: Disabled
 Compressed Oops: Enabled (32-bit)
 Alignments: Space 512K, Generation 512K, Heap 2M
 Heap Min Capacity: 100M
 Heap Initial Capacity: 100M
 Heap Max Capacity: 2G
 Pre-touch: Disabled
 Parallel Workers: 10

Heap:
 PSYoungGen      total 22016K, used 4072K [0x00000000d5580000, 0x00000000d8800000, 0x0000000100000000)
  eden space 17920K, 0% used [0x00000000d5580000,0x00000000d5580000,0x00000000d6700000)
  from space 4096K, 99% used [0x00000000d7980000,0x00000000d7d7a138,0x00000000d7d80000)
  to   space 16896K, 0% used [0x00000000d6700000,0x00000000d6700000,0x00000000d7780000)
 ParOldGen       total 179200K, used 178079K [0x0000000080000000, 0x000000008af00000, 0x00000000d5580000)
  object space 179200K, 99% used [0x0000000080000000,0x000000008ade7c38,0x000000008af00000)
 Metaspace       used 76920K, committed 77952K, reserved 1122304K
  class space    used 7993K, committed 8448K, reserved 1048576K

Card table byte_map: [0x00007f83406fc000,0x00007f8340afd000] _byte_map_base: 0x00007f83402fc000

Marking Bits: (ParMarkBitMap*) 0x00007f83429cb460
 Begin Bits: [0x00007f8320000000, 0x00007f8322000000)
 End Bits:   [0x00007f8322000000, 0x00007f8324000000)

Polling page: 0x00007f8342e57000

Metaspace:

Usage:
  Non-class:     67,31 MB used.
      Class:      7,81 MB used.
       Both:     75,12 MB used.

Virtual space:
  Non-class space:       72,00 MB reserved,      67,88 MB ( 94%) committed,  9 nodes.
      Class space:        1,00 GB reserved,       8,25 MB ( <1%) committed,  1 nodes.
             Both:        1,07 GB reserved,      76,12 MB (  7%) committed. 

Chunk freelists:
   Non-Class:  3,97 MB
       Class:  3,74 MB
        Both:  7,71 MB

MaxMetaspaceSize: unlimited
CompressedClassSpaceSize: 1,00 GB
Initial GC threshold: 21,00 MB
Current GC threshold: 125,00 MB
CDS: off
MetaspaceReclaimPolicy: balanced
 - commit_granule_bytes: 65536.
 - commit_granule_words: 8192.
 - virtual_space_node_default_size: 1048576.
 - enlarge_chunks_in_place: 1.
 - new_chunks_are_fully_committed: 0.
 - uncommit_free_chunks: 1.
 - use_allocation_guard: 0.
 - handle_deallocations: 1.


Internal statistics:

num_allocs_failed_limit: 9.
num_arena_births: 532.
num_arena_deaths: 0.
num_vsnodes_births: 10.
num_vsnodes_deaths: 0.
num_space_committed: 1218.
num_space_uncommitted: 0.
num_chunks_returned_to_freelist: 9.
num_chunks_taken_from_freelist: 3588.
num_chunk_merges: 9.
num_chunk_splits: 2324.
num_chunks_enlarged: 1411.
num_purges: 0.
num_inconsistent_stats: 0.

CodeHeap 'non-profiled nmethods': size=120028Kb used=7752Kb max_used=7752Kb free=112275Kb
 bounds [0x00007f8331ecc000, 0x00007f833266c000, 0x00007f8339403000]
CodeHeap 'profiled nmethods': size=120028Kb used=23951Kb max_used=23951Kb free=96077Kb
 bounds [0x00007f832a995000, 0x00007f832c105000, 0x00007f8331ecc000]
CodeHeap 'non-nmethods': size=5704Kb used=1368Kb max_used=1494Kb free=4335Kb
 bounds [0x00007f832a403000, 0x00007f832a673000, 0x00007f832a995000]
 total_blobs=11622 nmethods=10902 adapters=630
 compilation: enabled
              stopped_count=0, restarted_count=0
 full_count=0

Compilation events (20 events):
Event: 590,618 Thread 0x00007f833c2588e0 13436       3       org.eclipse.jdt.core.Flags::isPrivate (10 bytes)
Event: 590,619 Thread 0x00007f833c2588e0 nmethod 13436 0x00007f832c0e6610 code [0x00007f832c0e67c0, 0x00007f832c0e6910]
Event: 590,621 Thread 0x00007f833c257430 13437   !   4       org.eclipse.jdt.internal.core.PackageFragmentRoot::getSourceModuleDescription (143 bytes)
Event: 590,628 Thread 0x00007f833c2588e0 13438       3       org.eclipse.jdt.internal.compiler.parser.Parser::consumeExitMemberValue (36 bytes)
Event: 590,628 Thread 0x00007f833c2588e0 nmethod 13438 0x00007f832c0e6990 code [0x00007f832c0e6b40, 0x00007f832c0e6e90]
Event: 590,628 Thread 0x00007f833c2588e0 13439       3       org.eclipse.jdt.internal.compiler.parser.Parser::consumeMemberValuePair (131 bytes)
Event: 590,629 Thread 0x00007f833c2588e0 nmethod 13439 0x00007f832c0e6f90 code [0x00007f832c0e7180, 0x00007f832c0e77c0]
Event: 590,632 Thread 0x00007f833c2588e0 13440       3       org.eclipse.jdt.internal.compiler.lookup.SourceTypeBinding::storedAnnotations (90 bytes)
Event: 590,634 Thread 0x00007f833c2588e0 nmethod 13440 0x00007f832c0e7a10 code [0x00007f832c0e7c00, 0x00007f832c0e8250]
Event: 590,634 Thread 0x00007f833c2588e0 13443       3       org.eclipse.jdt.internal.compiler.ast.AllocationExpression::resolveType (1436 bytes)
Event: 590,648 Thread 0x00007f833c2588e0 nmethod 13443 0x00007f832c0e8490 code [0x00007f832c0e8e00, 0x00007f832c0f0140]
Event: 590,648 Thread 0x00007f833c2588e0 13446       3       java.util.TimSort::mergeLo (659 bytes)
Event: 590,651 Thread 0x00007f833c2588e0 nmethod 13446 0x00007f832c0f2090 code [0x00007f832c0f2400, 0x00007f832c0f4530]
Event: 590,651 Thread 0x00007f833c2588e0 13447       3       org.eclipse.jdt.internal.compiler.parser.Parser::consumeEnterMemberValue (31 bytes)
Event: 590,652 Thread 0x00007f833c2588e0 nmethod 13447 0x00007f832c0f4c90 code [0x00007f832c0f4e40, 0x00007f832c0f5190]
Event: 590,652 Thread 0x00007f833c2588e0 13450   !   3       org.eclipse.jdt.core.dom.ImportDeclaration::getName (79 bytes)
Event: 590,653 Thread 0x00007f833c2588e0 nmethod 13450 0x00007f832c0f5290 code [0x00007f832c0f5560, 0x00007f832c0f63f0]
Event: 590,653 Thread 0x00007f833c2588e0 13448       3       org.eclipse.jdt.internal.compiler.lookup.Scope::computeCompatibleMethod (581 bytes)
Event: 590,656 Thread 0x00007f833c2588e0 nmethod 13448 0x00007f832c0f6c10 code [0x00007f832c0f7060, 0x00007f832c0f9b70]
Event: 590,656 Thread 0x00007f833c2588e0 13452       3       java.util.concurrent.ForkJoinPool$WorkQueue::push (93 bytes)

GC Heap History (20 events):
Event: 589,280 GC heap after
{Heap after GC invocations=316 (full 12):
 PSYoungGen      total 19968K, used 954K [0x00000000d5580000, 0x00000000d6f00000, 0x0000000100000000)
  eden space 15360K, 0% used [0x00000000d5580000,0x00000000d5580000,0x00000000d6480000)
  from space 4608K, 20% used [0x00000000d6880000,0x00000000d696e900,0x00000000d6d00000)
  to   space 2048K, 0% used [0x00000000d6d00000,0x00000000d6d00000,0x00000000d6f00000)
 ParOldGen       total 155648K, used 109389K [0x0000000080000000, 0x0000000089800000, 0x00000000d5580000)
  object space 155648K, 70% used [0x0000000080000000,0x0000000086ad3490,0x0000000089800000)
 Metaspace       used 75990K, committed 76992K, reserved 1122304K
  class space    used 7923K, committed 8384K, reserved 1048576K
}
Event: 589,453 GC heap before
{Heap before GC invocations=317 (full 12):
 PSYoungGen      total 19968K, used 16314K [0x00000000d5580000, 0x00000000d6f00000, 0x0000000100000000)
  eden space 15360K, 100% used [0x00000000d5580000,0x00000000d6480000,0x00000000d6480000)
  from space 4608K, 20% used [0x00000000d6880000,0x00000000d696e900,0x00000000d6d00000)
  to   space 2048K, 0% used [0x00000000d6d00000,0x00000000d6d00000,0x00000000d6f00000)
 ParOldGen       total 155648K, used 109389K [0x0000000080000000, 0x0000000089800000, 0x00000000d5580000)
  object space 155648K, 70% used [0x0000000080000000,0x0000000086ad3490,0x0000000089800000)
 Metaspace       used 76248K, committed 77248K, reserved 1122304K
  class space    used 7966K, committed 8384K, reserved 1048576K
}
Event: 589,457 GC heap after
{Heap after GC invocations=317 (full 12):
 PSYoungGen      total 14336K, used 2030K [0x00000000d5580000, 0x00000000d7b80000, 0x0000000100000000)
  eden space 12288K, 0% used [0x00000000d5580000,0x00000000d5580000,0x00000000d6180000)
  from space 2048K, 99% used [0x00000000d6d00000,0x00000000d6efbb40,0x00000000d6f00000)
  to   space 11776K, 0% used [0x00000000d6180000,0x00000000d6180000,0x00000000d6d00000)
 ParOldGen       total 155648K, used 117453K [0x0000000080000000, 0x0000000089800000, 0x00000000d5580000)
  object space 155648K, 75% used [0x0000000080000000,0x00000000872b3490,0x0000000089800000)
 Metaspace       used 76248K, committed 77248K, reserved 1122304K
  class space    used 7966K, committed 8384K, reserved 1048576K
}
Event: 589,558 GC heap before
{Heap before GC invocations=318 (full 12):
 PSYoungGen      total 14336K, used 14318K [0x00000000d5580000, 0x00000000d7b80000, 0x0000000100000000)
  eden space 12288K, 100% used [0x00000000d5580000,0x00000000d6180000,0x00000000d6180000)
  from space 2048K, 99% used [0x00000000d6d00000,0x00000000d6efbb40,0x00000000d6f00000)
  to   space 11776K, 0% used [0x00000000d6180000,0x00000000d6180000,0x00000000d6d00000)
 ParOldGen       total 155648K, used 117453K [0x0000000080000000, 0x0000000089800000, 0x00000000d5580000)
  object space 155648K, 75% used [0x0000000080000000,0x00000000872b3490,0x0000000089800000)
 Metaspace       used 76375K, committed 77376K, reserved 1122304K
  class space    used 7973K, committed 8384K, reserved 1048576K
}
Event: 589,559 GC heap after
{Heap after GC invocations=318 (full 12):
 PSYoungGen      total 14336K, used 1577K [0x00000000d5580000, 0x00000000d6d80000, 0x0000000100000000)
  eden space 12288K, 0% used [0x00000000d5580000,0x00000000d5580000,0x00000000d6180000)
  from space 2048K, 77% used [0x00000000d6180000,0x00000000d630a420,0x00000000d6380000)
  to   space 5120K, 0% used [0x00000000d6880000,0x00000000d6880000,0x00000000d6d80000)
 ParOldGen       total 155648K, used 118405K [0x0000000080000000, 0x0000000089800000, 0x00000000d5580000)
  object space 155648K, 76% used [0x0000000080000000,0x00000000873a1758,0x0000000089800000)
 Metaspace       used 76375K, committed 77376K, reserved 1122304K
  class space    used 7973K, committed 8384K, reserved 1048576K
}
Event: 589,870 GC heap before
{Heap before GC invocations=319 (full 12):
 PSYoungGen      total 14336K, used 13865K [0x00000000d5580000, 0x00000000d6d80000, 0x0000000100000000)
  eden space 12288K, 100% used [0x00000000d5580000,0x00000000d6180000,0x00000000d6180000)
  from space 2048K, 77% used [0x00000000d6180000,0x00000000d630a420,0x00000000d6380000)
  to   space 5120K, 0% used [0x00000000d6880000,0x00000000d6880000,0x00000000d6d80000)
 ParOldGen       total 155648K, used 118405K [0x0000000080000000, 0x0000000089800000, 0x00000000d5580000)
  object space 155648K, 76% used [0x0000000080000000,0x00000000873a1758,0x0000000089800000)
 Metaspace       used 76528K, committed 77632K, reserved 1122304K
  class space    used 7981K, committed 8448K, reserved 1048576K
}
Event: 589,871 GC heap after
{Heap after GC invocations=319 (full 12):
 PSYoungGen      total 15360K, used 2682K [0x00000000d5580000, 0x00000000d6b80000, 0x0000000100000000)
  eden space 12288K, 0% used [0x00000000d5580000,0x00000000d5580000,0x00000000d6180000)
  from space 3072K, 87% used [0x00000000d6880000,0x00000000d6b1e8d0,0x00000000d6b80000)
  to   space 3072K, 0% used [0x00000000d6580000,0x00000000d6580000,0x00000000d6880000)
 ParOldGen       total 155648K, used 118405K [0x0000000080000000, 0x0000000089800000, 0x00000000d5580000)
  object space 155648K, 76% used [0x0000000080000000,0x00000000873a1758,0x0000000089800000)
 Metaspace       used 76528K, committed 77632K, reserved 1122304K
  class space    used 7981K, committed 8448K, reserved 1048576K
}
Event: 589,876 GC heap before
{Heap before GC invocations=320 (full 12):
 PSYoungGen      total 15360K, used 14970K [0x00000000d5580000, 0x00000000d6b80000, 0x0000000100000000)
  eden space 12288K, 99% used [0x00000000d5580000,0x00000000d617ffd8,0x00000000d6180000)
  from space 3072K, 87% used [0x00000000d6880000,0x00000000d6b1e8d0,0x00000000d6b80000)
  to   space 3072K, 0% used [0x00000000d6580000,0x00000000d6580000,0x00000000d6880000)
 ParOldGen       total 155648K, used 118405K [0x0000000080000000, 0x0000000089800000, 0x00000000d5580000)
  object space 155648K, 76% used [0x0000000080000000,0x00000000873a1758,0x0000000089800000)
 Metaspace       used 76528K, committed 77632K, reserved 1122304K
  class space    used 7981K, committed 8448K, reserved 1048576K
}
Event: 589,880 GC heap after
{Heap after GC invocations=320 (full 12):
 PSYoungGen      total 17408K, used 3068K [0x00000000d5580000, 0x00000000d8180000, 0x0000000100000000)
  eden space 14336K, 0% used [0x00000000d5580000,0x00000000d5580000,0x00000000d6380000)
  from space 3072K, 99% used [0x00000000d6580000,0x00000000d687f148,0x00000000d6880000)
  to   space 15360K, 0% used [0x00000000d7280000,0x00000000d7280000,0x00000000d8180000)
 ParOldGen       total 155648K, used 128757K [0x0000000080000000, 0x0000000089800000, 0x00000000d5580000)
  object space 155648K, 82% used [0x0000000080000000,0x0000000087dbd588,0x0000000089800000)
 Metaspace       used 76528K, committed 77632K, reserved 1122304K
  class space    used 7981K, committed 8448K, reserved 1048576K
}
Event: 589,902 GC heap before
{Heap before GC invocations=321 (full 12):
 PSYoungGen      total 17408K, used 17404K [0x00000000d5580000, 0x00000000d8180000, 0x0000000100000000)
  eden space 14336K, 100% used [0x00000000d5580000,0x00000000d6380000,0x00000000d6380000)
  from space 3072K, 99% used [0x00000000d6580000,0x00000000d687f148,0x00000000d6880000)
  to   space 15360K, 0% used [0x00000000d7280000,0x00000000d7280000,0x00000000d8180000)
 ParOldGen       total 155648K, used 128757K [0x0000000080000000, 0x0000000089800000, 0x00000000d5580000)
  object space 155648K, 82% used [0x0000000080000000,0x0000000087dbd588,0x0000000089800000)
 Metaspace       used 76531K, committed 77632K, reserved 1122304K
  class space    used 7981K, committed 8448K, reserved 1048576K
}
Event: 589,906 GC heap after
{Heap after GC invocations=321 (full 12):
 PSYoungGen      total 22016K, used 5447K [0x00000000d5580000, 0x00000000d7800000, 0x0000000100000000)
  eden space 16384K, 0% used [0x00000000d5580000,0x00000000d5580000,0x00000000d6580000)
  from space 5632K, 96% used [0x00000000d7280000,0x00000000d77d1d70,0x00000000d7800000)
  to   space 8704K, 0% used [0x00000000d6700000,0x00000000d6700000,0x00000000d6f80000)
 ParOldGen       total 155648K, used 129213K [0x0000000080000000, 0x0000000089800000, 0x00000000d5580000)
  object space 155648K, 83% used [0x0000000080000000,0x0000000087e2f588,0x0000000089800000)
 Metaspace       used 76531K, committed 77632K, reserved 1122304K
  class space    used 7981K, committed 8448K, reserved 1048576K
}
Event: 589,930 GC heap before
{Heap before GC invocations=322 (full 12):
 PSYoungGen      total 22016K, used 21831K [0x00000000d5580000, 0x00000000d7800000, 0x0000000100000000)
  eden space 16384K, 100% used [0x00000000d5580000,0x00000000d6580000,0x00000000d6580000)
  from space 5632K, 96% used [0x00000000d7280000,0x00000000d77d1d70,0x00000000d7800000)
  to   space 8704K, 0% used [0x00000000d6700000,0x00000000d6700000,0x00000000d6f80000)
 ParOldGen       total 155648K, used 129213K [0x0000000080000000, 0x0000000089800000, 0x00000000d5580000)
  object space 155648K, 83% used [0x0000000080000000,0x0000000087e2f588,0x0000000089800000)
 Metaspace       used 76533K, committed 77632K, reserved 1122304K
  class space    used 7981K, committed 8448K, reserved 1048576K
}
Event: 589,935 GC heap after
{Heap after GC invocations=322 (full 12):
 PSYoungGen      total 26624K, used 8698K [0x00000000d5580000, 0x00000000d9200000, 0x0000000100000000)
  eden space 17920K, 0% used [0x00000000d5580000,0x00000000d5580000,0x00000000d6700000)
  from space 8704K, 99% used [0x00000000d6700000,0x00000000d6f7e980,0x00000000d6f80000)
  to   space 21504K, 0% used [0x00000000d7d00000,0x00000000d7d00000,0x00000000d9200000)
 ParOldGen       total 155648K, used 139254K [0x0000000080000000, 0x0000000089800000, 0x00000000d5580000)
  object space 155648K, 89% used [0x0000000080000000,0x00000000887fd868,0x0000000089800000)
 Metaspace       used 76533K, committed 77632K, reserved 1122304K
  class space    used 7981K, committed 8448K, reserved 1048576K
}
Event: 589,989 GC heap before
{Heap before GC invocations=323 (full 12):
 PSYoungGen      total 26624K, used 26618K [0x00000000d5580000, 0x00000000d9200000, 0x0000000100000000)
  eden space 17920K, 100% used [0x00000000d5580000,0x00000000d6700000,0x00000000d6700000)
  from space 8704K, 99% used [0x00000000d6700000,0x00000000d6f7e980,0x00000000d6f80000)
  to   space 21504K, 0% used [0x00000000d7d00000,0x00000000d7d00000,0x00000000d9200000)
 ParOldGen       total 155648K, used 139254K [0x0000000080000000, 0x0000000089800000, 0x00000000d5580000)
  object space 155648K, 89% used [0x0000000080000000,0x00000000887fd868,0x0000000089800000)
 Metaspace       used 76664K, committed 77696K, reserved 1122304K
  class space    used 7987K, committed 8448K, reserved 1048576K
}
Event: 589,991 GC heap after
{Heap after GC invocations=323 (full 12):
 PSYoungGen      total 23040K, used 4999K [0x00000000d5580000, 0x00000000d8200000, 0x0000000100000000)
  eden space 17920K, 0% used [0x00000000d5580000,0x00000000d5580000,0x00000000d6700000)
  from space 5120K, 97% used [0x00000000d7d00000,0x00000000d81e1e70,0x00000000d8200000)
  to   space 10240K, 0% used [0x00000000d6e00000,0x00000000d6e00000,0x00000000d7800000)
 ParOldGen       total 155648K, used 144502K [0x0000000080000000, 0x0000000089800000, 0x00000000d5580000)
  object space 155648K, 92% used [0x0000000080000000,0x0000000088d1d8a8,0x0000000089800000)
 Metaspace       used 76664K, committed 77696K, reserved 1122304K
  class space    used 7987K, committed 8448K, reserved 1048576K
}
Event: 590,549 GC heap before
{Heap before GC invocations=324 (full 12):
 PSYoungGen      total 23040K, used 22919K [0x00000000d5580000, 0x00000000d8200000, 0x0000000100000000)
  eden space 17920K, 100% used [0x00000000d5580000,0x00000000d6700000,0x00000000d6700000)
  from space 5120K, 97% used [0x00000000d7d00000,0x00000000d81e1e70,0x00000000d8200000)
  to   space 10240K, 0% used [0x00000000d6e00000,0x00000000d6e00000,0x00000000d7800000)
 ParOldGen       total 179200K, used 167542K [0x0000000080000000, 0x000000008af00000, 0x00000000d5580000)
  object space 179200K, 93% used [0x0000000080000000,0x000000008a39d8c8,0x000000008af00000)
 Metaspace       used 76886K, committed 77888K, reserved 1122304K
  class space    used 7993K, committed 8448K, reserved 1048576K
}
Event: 590,554 GC heap after
{Heap after GC invocations=324 (full 12):
 PSYoungGen      total 28160K, used 1978K [0x00000000d5580000, 0x00000000d7d80000, 0x0000000100000000)
  eden space 17920K, 0% used [0x00000000d5580000,0x00000000d5580000,0x00000000d6700000)
  from space 10240K, 19% used [0x00000000d6e00000,0x00000000d6fee940,0x00000000d7800000)
  to   space 4096K, 0% used [0x00000000d7980000,0x00000000d7980000,0x00000000d7d80000)
 ParOldGen       total 179200K, used 167670K [0x0000000080000000, 0x000000008af00000, 0x00000000d5580000)
  object space 179200K, 93% used [0x0000000080000000,0x000000008a3bd8c8,0x000000008af00000)
 Metaspace       used 76886K, committed 77888K, reserved 1122304K
  class space    used 7993K, committed 8448K, reserved 1048576K
}
Event: 590,659 GC heap before
{Heap before GC invocations=325 (full 12):
 PSYoungGen      total 28160K, used 19898K [0x00000000d5580000, 0x00000000d7d80000, 0x0000000100000000)
  eden space 17920K, 100% used [0x00000000d5580000,0x00000000d6700000,0x00000000d6700000)
  from space 10240K, 19% used [0x00000000d6e00000,0x00000000d6fee940,0x00000000d7800000)
  to   space 4096K, 0% used [0x00000000d7980000,0x00000000d7980000,0x00000000d7d80000)
 ParOldGen       total 179200K, used 167670K [0x0000000080000000, 0x000000008af00000, 0x00000000d5580000)
  object space 179200K, 93% used [0x0000000080000000,0x000000008a3bd8c8,0x000000008af00000)
 Metaspace       used 76920K, committed 77952K, reserved 1122304K
  class space    used 7993K, committed 8448K, reserved 1048576K
}
Event: 590,666 GC heap after
{Heap after GC invocations=325 (full 12):
 PSYoungGen      total 22016K, used 4072K [0x00000000d5580000, 0x00000000d8800000, 0x0000000100000000)
  eden space 17920K, 0% used [0x00000000d5580000,0x00000000d5580000,0x00000000d6700000)
  from space 4096K, 99% used [0x00000000d7980000,0x00000000d7d7a138,0x00000000d7d80000)
  to   space 16896K, 0% used [0x00000000d6700000,0x00000000d6700000,0x00000000d7780000)
 ParOldGen       total 179200K, used 178079K [0x0000000080000000, 0x000000008af00000, 0x00000000d5580000)
  object space 179200K, 99% used [0x0000000080000000,0x000000008ade7c38,0x000000008af00000)
 Metaspace       used 76920K, committed 77952K, reserved 1122304K
  class space    used 7993K, committed 8448K, reserved 1048576K
}
Event: 590,666 GC heap before
{Heap before GC invocations=326 (full 13):
 PSYoungGen      total 22016K, used 4072K [0x00000000d5580000, 0x00000000d8800000, 0x0000000100000000)
  eden space 17920K, 0% used [0x00000000d5580000,0x00000000d5580000,0x00000000d6700000)
  from space 4096K, 99% used [0x00000000d7980000,0x00000000d7d7a138,0x00000000d7d80000)
  to   space 16896K, 0% used [0x00000000d6700000,0x00000000d6700000,0x00000000d7780000)
 ParOldGen       total 179200K, used 178079K [0x0000000080000000, 0x000000008af00000, 0x00000000d5580000)
  object space 179200K, 99% used [0x0000000080000000,0x000000008ade7c38,0x000000008af00000)
 Metaspace       used 76920K, committed 77952K, reserved 1122304K
  class space    used 7993K, committed 8448K, reserved 1048576K
}

Deoptimization events (20 events):
Event: 590,070 Thread 0x00007f824808cef0 DEOPT PACKING pc=0x00007f83323be2f4 sp=0x00007f831c1d4fe0
Event: 590,070 Thread 0x00007f824808cef0 DEOPT UNPACKING pc=0x00007f832a454d99 sp=0x00007f831c1d4f98 mode 2
Event: 590,071 Thread 0x00007f824808cef0 Uncommon trap: trap_request=0xffffffc6 fr.pc=0x00007f8331f80194 relative=0x00000000000001f4
Event: 590,071 Thread 0x00007f824808cef0 Uncommon trap: reason=bimorphic_or_optimized_type_check action=maybe_recompile pc=0x00007f8331f80194 method=java.util.Collections.eq(Ljava/lang/Object;Ljava/lang/Object;)Z @ 18 c2
Event: 590,071 Thread 0x00007f824808cef0 DEOPT PACKING pc=0x00007f8331f80194 sp=0x00007f831c1d4ad0
Event: 590,071 Thread 0x00007f824808cef0 DEOPT UNPACKING pc=0x00007f832a454d99 sp=0x00007f831c1d4a30 mode 2
Event: 590,071 Thread 0x00007f824808cef0 Uncommon trap: trap_request=0xffffffc6 fr.pc=0x00007f8331f80194 relative=0x00000000000001f4
Event: 590,071 Thread 0x00007f824808cef0 Uncommon trap: reason=bimorphic_or_optimized_type_check action=maybe_recompile pc=0x00007f8331f80194 method=java.util.Collections.eq(Ljava/lang/Object;Ljava/lang/Object;)Z @ 18 c2
Event: 590,071 Thread 0x00007f824808cef0 DEOPT PACKING pc=0x00007f8331f80194 sp=0x00007f831c1d4c30
Event: 590,071 Thread 0x00007f824808cef0 DEOPT UNPACKING pc=0x00007f832a454d99 sp=0x00007f831c1d4b90 mode 2
Event: 590,187 Thread 0x00007f82480064a0 Uncommon trap: trap_request=0xffffffde fr.pc=0x00007f83323be2f4 relative=0x00000000000001b4
Event: 590,187 Thread 0x00007f82480064a0 Uncommon trap: reason=class_check action=maybe_recompile pc=0x00007f83323be2f4 method=org.eclipse.jdt.internal.core.PackageFragmentRoot.hashCode()I @ 4 c2
Event: 590,187 Thread 0x00007f82480064a0 DEOPT PACKING pc=0x00007f83323be2f4 sp=0x00007f831e04c080
Event: 590,187 Thread 0x00007f82480064a0 DEOPT UNPACKING pc=0x00007f832a454d99 sp=0x00007f831e04c038 mode 2
Event: 590,634 Thread 0x00007f828826f740 DEOPT PACKING pc=0x00007f832b4cb7b7 sp=0x00007f82b51eeb70
Event: 590,634 Thread 0x00007f828826f740 DEOPT UNPACKING pc=0x00007f832a45552f sp=0x00007f82b51ee078 mode 0
Event: 590,657 Thread 0x00007f82600056e0 DEOPT PACKING pc=0x00007f832bfe61dd sp=0x00007f82b4be9ee0
Event: 590,657 Thread 0x00007f82540093b0 DEOPT PACKING pc=0x00007f832bfe61dd sp=0x00007f82b4ae8ee0
Event: 590,657 Thread 0x00007f82600056e0 DEOPT UNPACKING pc=0x00007f832a45552f sp=0x00007f82b4be9488 mode 0
Event: 590,657 Thread 0x00007f82540093b0 DEOPT UNPACKING pc=0x00007f832a45552f sp=0x00007f82b4ae8488 mode 0

Classes unloaded (0 events):
No events

Classes redefined (0 events):
No events

Internal exceptions (20 events):
Event: 584,612 Thread 0x00007f833c86d550 Exception <a 'java/lang/reflect/InvocationTargetException'{0x00000000d5652418}> (0x00000000d5652418) 
thrown [src/hotspot/share/runtime/reflection.cpp, line 1121]
Event: 584,878 Thread 0x00007f826c143850 Exception <a 'java/lang/ArrayIndexOutOfBoundsException'{0x00000000d592f180}> (0x00000000d592f180) 
thrown [src/hotspot/share/runtime/sharedRuntime.cpp, line 628]
Event: 584,878 Thread 0x00007f826c143850 Exception <a 'java/lang/ArrayIndexOutOfBoundsException'{0x00000000d592f4a0}> (0x00000000d592f4a0) 
thrown [src/hotspot/share/runtime/sharedRuntime.cpp, line 628]
Event: 585,287 Thread 0x00007f833c86d550 Exception <a 'java/lang/reflect/InvocationTargetException'{0x00000000d588a6b8}> (0x00000000d588a6b8) 
thrown [src/hotspot/share/runtime/reflection.cpp, line 1121]
Event: 585,457 Thread 0x00007f833c86d550 Exception <a 'java/lang/reflect/InvocationTargetException'{0x00000000d5927b40}> (0x00000000d5927b40) 
thrown [src/hotspot/share/runtime/reflection.cpp, line 1121]
Event: 585,460 Thread 0x00007f833c86d550 Exception <a 'java/lang/reflect/InvocationTargetException'{0x00000000d59ad6b0}> (0x00000000d59ad6b0) 
thrown [src/hotspot/share/runtime/reflection.cpp, line 1121]
Event: 585,734 Thread 0x00007f833c86d550 Exception <a 'java/lang/reflect/InvocationTargetException'{0x00000000d5c95d38}> (0x00000000d5c95d38) 
thrown [src/hotspot/share/runtime/reflection.cpp, line 1121]
Event: 586,019 Thread 0x00007f823c003ba0 Implicit null exception at 0x00007f833253ba8b to 0x00007f833253e944
Event: 586,146 Thread 0x00007f823c003ba0 Exception <a 'java/lang/ArrayIndexOutOfBoundsException'{0x00000000d57f38d8}> (0x00000000d57f38d8) 
thrown [src/hotspot/share/runtime/sharedRuntime.cpp, line 628]
Event: 586,146 Thread 0x00007f823c003ba0 Exception <a 'java/lang/ArrayIndexOutOfBoundsException'{0x00000000d57f3bf8}> (0x00000000d57f3bf8) 
thrown [src/hotspot/share/runtime/sharedRuntime.cpp, line 628]
Event: 587,494 Thread 0x00007f826403b5f0 Exception <a 'java/lang/ArrayIndexOutOfBoundsException'{0x00000000d577d918}> (0x00000000d577d918) 
thrown [src/hotspot/share/runtime/sharedRuntime.cpp, line 628]
Event: 587,500 Thread 0x00007f826403b5f0 Exception <a 'java/lang/ArrayIndexOutOfBoundsException'{0x00000000d593c1f0}> (0x00000000d593c1f0) 
thrown [src/hotspot/share/runtime/sharedRuntime.cpp, line 628]
Event: 587,685 Thread 0x00007f833c86d550 Exception <a 'java/lang/reflect/InvocationTargetException'{0x00000000d581f9c8}> (0x00000000d581f9c8) 
thrown [src/hotspot/share/runtime/reflection.cpp, line 1121]
Event: 588,019 Thread 0x00007f833c86d550 Exception <a 'java/lang/reflect/InvocationTargetException'{0x00000000d5ac7be8}> (0x00000000d5ac7be8) 
thrown [src/hotspot/share/runtime/reflection.cpp, line 1121]
Event: 588,301 Thread 0x00007f826403b5f0 Implicit null exception at 0x00007f83322afb4f to 0x00007f83322b0b98
Event: 588,305 Thread 0x00007f833c86d550 Exception <a 'java/lang/reflect/InvocationTargetException'{0x00000000d5bed978}> (0x00000000d5bed978) 
thrown [src/hotspot/share/runtime/reflection.cpp, line 1121]
Event: 589,291 Thread 0x00007f828826f740 Exception <a 'java/io/FileNotFoundException'{0x00000000d55cb7a0}> (0x00000000d55cb7a0) 
thrown [src/hotspot/share/prims/jni.cpp, line 516]
Event: 589,462 Thread 0x00007f82c455b6a0 Implicit null exception at 0x00007f833244e533 to 0x00007f833244e924
Event: 589,464 Thread 0x00007f82c455b6a0 Implicit null exception at 0x00007f833252f30a to 0x00007f8332530468
Event: 589,464 Thread 0x00007f82c455b6a0 Implicit null exception at 0x00007f8332443e4f to 0x00007f8332444308

VM Operations (20 events):
Event: 589,457 Executing VM operation: ParallelGCFailedAllocation done
Event: 589,463 Executing VM operation: HandshakeAllThreads
Event: 589,463 Executing VM operation: HandshakeAllThreads done
Event: 589,558 Executing VM operation: ParallelGCFailedAllocation
Event: 589,559 Executing VM operation: ParallelGCFailedAllocation done
Event: 589,588 Executing VM operation: HandshakeAllThreads
Event: 589,588 Executing VM operation: HandshakeAllThreads done
Event: 589,870 Executing VM operation: ParallelGCFailedAllocation
Event: 589,871 Executing VM operation: ParallelGCFailedAllocation done
Event: 589,876 Executing VM operation: ParallelGCFailedAllocation
Event: 589,880 Executing VM operation: ParallelGCFailedAllocation done
Event: 589,902 Executing VM operation: ParallelGCFailedAllocation
Event: 589,906 Executing VM operation: ParallelGCFailedAllocation done
Event: 589,930 Executing VM operation: ParallelGCFailedAllocation
Event: 589,935 Executing VM operation: ParallelGCFailedAllocation done
Event: 589,989 Executing VM operation: ParallelGCFailedAllocation
Event: 589,991 Executing VM operation: ParallelGCFailedAllocation done
Event: 590,548 Executing VM operation: ParallelGCFailedAllocation
Event: 590,554 Executing VM operation: ParallelGCFailedAllocation done
Event: 590,659 Executing VM operation: ParallelGCFailedAllocation

Events (20 events):
Event: 589,327 Thread 0x00007f82f8fd85a0 Thread added: 0x00007f82f8fd85a0
Event: 589,327 Protecting memory [0x00007f82b4ff0000,0x00007f82b4ff4000] with protection modes 0
Event: 589,587 loading class java/util/stream/DistinctOps
Event: 589,587 loading class java/util/stream/DistinctOps done
Event: 589,587 loading class java/util/stream/DistinctOps$1
Event: 589,587 loading class java/util/stream/DistinctOps$1 done
Event: 589,588 loading class java/util/stream/DistinctOps$1$2
Event: 589,589 loading class java/util/stream/DistinctOps$1$2 done
Event: 589,847 Thread 0x00007f82f8fd85a0 Thread exited: 0x00007f82f8fd85a0
Event: 589,867 Thread 0x00007f82f88f1d90 Thread added: 0x00007f82f88f1d90
Event: 589,867 Protecting memory [0x00007f82b4ff0000,0x00007f82b4ff4000] with protection modes 0
Event: 589,985 Thread 0x00007f82ec007dd0 Thread added: 0x00007f82ec007dd0
Event: 589,985 Protecting memory [0x00007f82b4eef000,0x00007f82b4ef3000] with protection modes 0
Event: 589,987 Thread 0x00007f82f8fd4270 Thread added: 0x00007f82f8fd4270
Event: 589,987 Protecting memory [0x00007f831c9e2000,0x00007f831c9e6000] with protection modes 0
Event: 589,994 Thread 0x00007f82ec007dd0 Thread exited: 0x00007f82ec007dd0
Event: 590,018 loading class java/nio/BufferMismatch
Event: 590,018 loading class java/nio/BufferMismatch done
Event: 590,528 Thread 0x00007f82f8fd4270 Thread exited: 0x00007f82f8fd4270
Event: 590,529 Thread 0x00007f82f88f1d90 Thread exited: 0x00007f82f88f1d90


Dynamic libraries:
80000000-8af00000 rw-p 00000000 00:00 0 
8af00000-d5580000 ---p 00000000 00:00 0 
d5580000-d8800000 rw-p 00000000 00:00 0 
d8800000-100000000 ---p 00000000 00:00 0 
100000000-100020000 rw-p 00000000 00:00 0 
100020000-100040000 rw-p 00000000 00:00 0 
100040000-100100000 rw-p 00000000 00:00 0 
100100000-100180000 rw-p 00000000 00:00 0 
100180000-100240000 rw-p 00000000 00:00 0 
100240000-100280000 rw-p 00000000 00:00 0 
100280000-100380000 rw-p 00000000 00:00 0 
100380000-100560000 rw-p 00000000 00:00 0 
100560000-100580000 rw-p 00000000 00:00 0 
100580000-1007e0000 rw-p 00000000 00:00 0 
1007e0000-1007f0000 rw-p 00000000 00:00 0 
1007f0000-100800000 ---p 00000000 00:00 0 
100800000-100850000 rw-p 00000000 00:00 0 
100850000-140000000 ---p 00000000 00:00 0 
563f6dd49000-563f6dd4a000 r-xp 00000000 103:06 1923779                   /home/artur/.vscode/extensions/redhat.java-1.2.0/jre/17.0.1-linux-x86_64/bin/java
563f6df4a000-563f6df4b000 r--p 00001000 103:06 1923779                   /home/artur/.vscode/extensions/redhat.java-1.2.0/jre/17.0.1-linux-x86_64/bin/java
563f6df4b000-563f6df4c000 rw-p 00002000 103:06 1923779                   /home/artur/.vscode/extensions/redhat.java-1.2.0/jre/17.0.1-linux-x86_64/bin/java
563f6fd26000-563f6fd47000 rw-p 00000000 00:00 0                          [heap]
7f823c000000-7f823c7eb000 rw-p 00000000 00:00 0 
7f823c7eb000-7f8240000000 ---p 00000000 00:00 0 
7f8244000000-7f8244021000 rw-p 00000000 00:00 0 
7f8244021000-7f8248000000 ---p 00000000 00:00 0 
7f8248000000-7f82480a8000 rw-p 00000000 00:00 0 
7f82480a8000-7f824c000000 ---p 00000000 00:00 0 
7f824c000000-7f824c030000 rw-p 00000000 00:00 0 
7f824c030000-7f8250000000 ---p 00000000 00:00 0 
7f8250000000-7f8250021000 rw-p 00000000 00:00 0 
7f8250021000-7f8254000000 ---p 00000000 00:00 0 
7f8254000000-7f8254021000 rw-p 00000000 00:00 0 
7f8254021000-7f8258000000 ---p 00000000 00:00 0 
7f8258000000-7f8258021000 rw-p 00000000 00:00 0 
7f8258021000-7f825c000000 ---p 00000000 00:00 0 
7f825c000000-7f825d56f000 rw-p 00000000 00:00 0 
7f825d56f000-7f8260000000 ---p 00000000 00:00 0 
7f8260000000-7f826028c000 rw-p 00000000 00:00 0 
7f826028c000-7f8264000000 ---p 00000000 00:00 0 
7f8264000000-7f82640b6000 rw-p 00000000 00:00 0 
7f82640b6000-7f8268000000 ---p 00000000 00:00 0 
7f8268000000-7f826804f000 rw-p 00000000 00:00 0 
7f826804f000-7f826c000000 ---p 00000000 00:00 0 
7f826c000000-7f826c395000 rw-p 00000000 00:00 0 
7f826c395000-7f8270000000 ---p 00000000 00:00 0 
7f8270000000-7f82702d7000 rw-p 00000000 00:00 0 
7f82702d7000-7f8274000000 ---p 00000000 00:00 0 
7f8274000000-7f8274021000 rw-p 00000000 00:00 0 
7f8274021000-7f8278000000 ---p 00000000 00:00 0 
7f827a000000-7f827a410000 rw-p 00000000 00:00 0 
7f827a410000-7f827a800000 ---p 00000000 00:00 0 
7f827a800000-7f827af00000 rw-p 00000000 00:00 0 
7f827af00000-7f827afd0000 rw-p 00000000 00:00 0 
7f827afd0000-7f827b000000 ---p 00000000 00:00 0 
7f827b000000-7f827b800000 rw-p 00000000 00:00 0 
7f827b878000-7f8284000000 r--s 00000000 103:06 2889069                   /usr/lib/jvm/java-11-openjdk-amd64/lib/modules
7f8284000000-7f8284021000 rw-p 00000000 00:00 0 
7f8284021000-7f8288000000 ---p 00000000 00:00 0 
7f8288000000-7f8288454000 rw-p 00000000 00:00 0 
7f8288454000-7f828c000000 ---p 00000000 00:00 0 
7f828c000000-7f828d721000 rw-p 00000000 00:00 0 
7f828d721000-7f8290000000 ---p 00000000 00:00 0 
7f8290000000-7f8290021000 rw-p 00000000 00:00 0 
7f8290021000-7f8294000000 ---p 00000000 00:00 0 
7f8294000000-7f8294021000 rw-p 00000000 00:00 0 
7f8294021000-7f8298000000 ---p 00000000 00:00 0 
7f8298000000-7f8298a2e000 rw-p 00000000 00:00 0 
7f8298a2e000-7f829c000000 ---p 00000000 00:00 0 
7f829c000000-7f829c021000 rw-p 00000000 00:00 0 
7f829c021000-7f82a0000000 ---p 00000000 00:00 0 
7f82a0000000-7f82a0021000 rw-p 00000000 00:00 0 
7f82a0021000-7f82a4000000 ---p 00000000 00:00 0 
7f82a4000000-7f82a4042000 rw-p 00000000 00:00 0 
7f82a4042000-7f82a8000000 ---p 00000000 00:00 0 
7f82a8000000-7f82a83fa000 rw-p 00000000 00:00 0 
7f82a83fa000-7f82ac000000 ---p 00000000 00:00 0 
7f82ac000000-7f82ac2fb000 rw-p 00000000 00:00 0 
7f82ac2fb000-7f82b0000000 ---p 00000000 00:00 0 
7f82b0000000-7f82b0021000 rw-p 00000000 00:00 0 
7f82b0021000-7f82b4000000 ---p 00000000 00:00 0 
7f82b46e7000-7f82b46eb000 ---p 00000000 00:00 0 
7f82b46eb000-7f82b47e8000 rw-p 00000000 00:00 0 
7f82b47e8000-7f82b47ec000 ---p 00000000 00:00 0 
7f82b47ec000-7f82b48e9000 rw-p 00000000 00:00 0 
7f82b48e9000-7f82b48ed000 ---p 00000000 00:00 0 
7f82b48ed000-7f82b49ea000 rw-p 00000000 00:00 0 
7f82b49ea000-7f82b49ee000 ---p 00000000 00:00 0 
7f82b49ee000-7f82b4aeb000 rw-p 00000000 00:00 0 
7f82b4aeb000-7f82b4aef000 ---p 00000000 00:00 0 
7f82b4aef000-7f82b4bec000 rw-p 00000000 00:00 0 
7f82b4bec000-7f82b4bf0000 ---p 00000000 00:00 0 
7f82b4bf0000-7f82b4ced000 rw-p 00000000 00:00 0 
7f82b4ced000-7f82b4cf1000 ---p 00000000 00:00 0 
7f82b4cf1000-7f82b4dee000 rw-p 00000000 00:00 0 
7f82b4dee000-7f82b4df2000 ---p 00000000 00:00 0 
7f82b4df2000-7f82b4eef000 rw-p 00000000 00:00 0 
7f82b4eef000-7f82b4ef3000 ---p 00000000 00:00 0 
7f82b4ef3000-7f82b4ff0000 rw-p 00000000 00:00 0 
7f82b4ff0000-7f82b4ff4000 ---p 00000000 00:00 0 
7f82b4ff4000-7f82b50f1000 rw-p 00000000 00:00 0 
7f82b50f1000-7f82b50f5000 ---p 00000000 00:00 0 
7f82b50f5000-7f82b51f2000 rw-p 00000000 00:00 0 
7f82b51f2000-7f82b51f6000 ---p 00000000 00:00 0 
7f82b51f6000-7f82b52f3000 rw-p 00000000 00:00 0 
7f82b52f3000-7f82b52f7000 ---p 00000000 00:00 0 
7f82b52f7000-7f82b53f4000 rw-p 00000000 00:00 0 
7f82b53f4000-7f82b53f9000 r-xp 00000000 103:06 1924390                   /home/artur/.vscode/extensions/redhat.java-1.2.0/jre/17.0.1-linux-x86_64/lib/libmanagement_ext.so
7f82b53f9000-7f82b55f9000 ---p 00005000 103:06 1924390                   /home/artur/.vscode/extensions/redhat.java-1.2.0/jre/17.0.1-linux-x86_64/lib/libmanagement_ext.so
7f82b55f9000-7f82b55fa000 r--p 00005000 103:06 1924390                   /home/artur/.vscode/extensions/redhat.java-1.2.0/jre/17.0.1-linux-x86_64/lib/libmanagement_ext.so
7f82b55fa000-7f82b55fb000 rw-p 00006000 103:06 1924390                   /home/artur/.vscode/extensions/redhat.java-1.2.0/jre/17.0.1-linux-x86_64/lib/libmanagement_ext.so
7f82b55fb000-7f82b55ff000 r-xp 00000000 103:06 1924391                   /home/artur/.vscode/extensions/redhat.java-1.2.0/jre/17.0.1-linux-x86_64/lib/libmanagement.so
7f82b55ff000-7f82b57fe000 ---p 00004000 103:06 1924391                   /home/artur/.vscode/extensions/redhat.java-1.2.0/jre/17.0.1-linux-x86_64/lib/libmanagement.so
7f82b57fe000-7f82b57ff000 r--p 00003000 103:06 1924391                   /home/artur/.vscode/extensions/redhat.java-1.2.0/jre/17.0.1-linux-x86_64/lib/libmanagement.so
7f82b57ff000-7f82b5800000 rw-p 00004000 103:06 1924391                   /home/artur/.vscode/extensions/redhat.java-1.2.0/jre/17.0.1-linux-x86_64/lib/libmanagement.so
7f82b5800000-7f82b5d00000 rw-p 00000000 00:00 0 
7f82b5d00000-7f82b5e00000 rw-p 00000000 00:00 0 
7f82b5e00000-7f82b6000000 rw-p 00000000 00:00 0 
7f82b6000000-7f82b6780000 rw-p 00000000 00:00 0 
7f82b6780000-7f82b6800000 rw-p 00000000 00:00 0 
7f82b6870000-7f82b6874000 ---p 00000000 00:00 0 
7f82b6874000-7f82b6971000 rw-p 00000000 00:00 0 
7f82b69fe000-7f82b6a02000 ---p 00000000 00:00 0 
7f82b6a02000-7f82b6aff000 rw-p 00000000 00:00 0 
7f82b6aff000-7f82b6b03000 ---p 00000000 00:00 0 
7f82b6b03000-7f82b6d00000 rw-p 00000000 00:00 0 
7f82b6d00000-7f82b6e00000 rw-p 00000000 00:00 0 
7f82b6e00000-7f82b7100000 rw-p 00000000 00:00 0 
7f82b7100000-7f82b7200000 rw-p 00000000 00:00 0 
7f82b7200000-7f82b7400000 rw-p 00000000 00:00 0 
7f82b7400000-7f82b7500000 rw-p 00000000 00:00 0 
7f82b7500000-7f82b7600000 rw-p 00000000 00:00 0 
7f82b7600000-7f82b7c00000 rw-p 00000000 00:00 0 
7f82b7cf0000-7f82b7cf4000 ---p 00000000 00:00 0 
7f82b7cf4000-7f82b7df1000 rw-p 00000000 00:00 0 
7f82b7df1000-7f82b7dfe000 r-xp 00000000 103:06 1924404                   /home/artur/.vscode/extensions/redhat.java-1.2.0/jre/17.0.1-linux-x86_64/lib/libverify.so
7f82b7dfe000-7f82b7ffd000 ---p 0000d000 103:06 1924404                   /home/artur/.vscode/extensions/redhat.java-1.2.0/jre/17.0.1-linux-x86_64/lib/libverify.so
7f82b7ffd000-7f82b7fff000 r--p 0000c000 103:06 1924404                   /home/artur/.vscode/extensions/redhat.java-1.2.0/jre/17.0.1-linux-x86_64/lib/libverify.so
7f82b7fff000-7f82b8000000 rw-p 0000e000 103:06 1924404                   /home/artur/.vscode/extensions/redhat.java-1.2.0/jre/17.0.1-linux-x86_64/lib/libverify.so
7f82b8000000-7f82b8021000 rw-p 00000000 00:00 0 
7f82b8021000-7f82bc000000 ---p 00000000 00:00 0 
7f82bc000000-7f82bc021000 rw-p 00000000 00:00 0 
7f82bc021000-7f82c0000000 ---p 00000000 00:00 0 
7f82c0000000-7f82c0021000 rw-p 00000000 00:00 0 
7f82c0021000-7f82c4000000 ---p 00000000 00:00 0 
7f82c4000000-7f82c494b000 rw-p 00000000 00:00 0 
7f82c494b000-7f82c8000000 ---p 00000000 00:00 0 
7f82c8000000-7f82c8021000 rw-p 00000000 00:00 0 
7f82c8021000-7f82cc000000 ---p 00000000 00:00 0 
7f82cc000000-7f82cc021000 rw-p 00000000 00:00 0 
7f82cc021000-7f82d0000000 ---p 00000000 00:00 0 
7f82d0000000-7f82d0021000 rw-p 00000000 00:00 0 
7f82d0021000-7f82d4000000 ---p 00000000 00:00 0 
7f82d4000000-7f82d4021000 rw-p 00000000 00:00 0 
7f82d4021000-7f82d8000000 ---p 00000000 00:00 0 
7f82d8000000-7f82d8021000 rw-p 00000000 00:00 0 
7f82d8021000-7f82dc000000 ---p 00000000 00:00 0 
7f82dc000000-7f82dc021000 rw-p 00000000 00:00 0 
7f82dc021000-7f82e0000000 ---p 00000000 00:00 0 
7f82e0000000-7f82e1dc9000 rw-p 00000000 00:00 0 
7f82e1dc9000-7f82e4000000 ---p 00000000 00:00 0 
7f82e4000000-7f82e4021000 rw-p 00000000 00:00 0 
7f82e4021000-7f82e8000000 ---p 00000000 00:00 0 
7f82e8000000-7f82e8021000 rw-p 00000000 00:00 0 
7f82e8021000-7f82ec000000 ---p 00000000 00:00 0 
7f82ec000000-7f82edc18000 rw-p 00000000 00:00 0 
7f82edc18000-7f82f0000000 ---p 00000000 00:00 0 
7f82f0000000-7f82f0021000 rw-p 00000000 00:00 0 
7f82f0021000-7f82f4000000 ---p 00000000 00:00 0 
7f82f4000000-7f82f4021000 rw-p 00000000 00:00 0 
7f82f4021000-7f82f8000000 ---p 00000000 00:00 0 
7f82f8000000-7f82f908a000 rw-p 00000000 00:00 0 
7f82f908a000-7f82fc000000 ---p 00000000 00:00 0 
7f82fc000000-7f82fc0b9000 rw-p 00000000 00:00 0 
7f82fc0b9000-7f8300000000 ---p 00000000 00:00 0 
7f8300000000-7f8300021000 rw-p 00000000 00:00 0 
7f8300021000-7f8304000000 ---p 00000000 00:00 0 
7f8304000000-7f8307a99000 rw-p 00000000 00:00 0 
7f8307a99000-7f8308000000 ---p 00000000 00:00 0 
7f8308000000-7f8308021000 rw-p 00000000 00:00 0 
7f8308021000-7f830c000000 ---p 00000000 00:00 0 
7f830c000000-7f830c021000 rw-p 00000000 00:00 0 
7f830c021000-7f8310000000 ---p 00000000 00:00 0 
7f8310000000-7f8310021000 rw-p 00000000 00:00 0 
7f8310021000-7f8314000000 ---p 00000000 00:00 0 
7f8314000000-7f8314021000 rw-p 00000000 00:00 0 
7f8314021000-7f8318000000 ---p 00000000 00:00 0 
7f8318000000-7f8318144000 rw-p 00000000 00:00 0 
7f8318144000-7f831c000000 ---p 00000000 00:00 0 
7f831c0d6000-7f831c0da000 ---p 00000000 00:00 0 
7f831c0da000-7f831c1d7000 rw-p 00000000 00:00 0 
7f831c1d7000-7f831c1db000 ---p 00000000 00:00 0 
7f831c1db000-7f831c2d8000 rw-p 00000000 00:00 0 
7f831c2d8000-7f831c2dc000 ---p 00000000 00:00 0 
7f831c2dc000-7f831c3d9000 rw-p 00000000 00:00 0 
7f831c3d9000-7f831c3da000 ---p 00000000 00:00 0 
7f831c3da000-7f831c4db000 rw-p 00000000 00:00 0 
7f831c4db000-7f831c4dc000 ---p 00000000 00:00 0 
7f831c4dc000-7f831c5dd000 rw-p 00000000 00:00 0 
7f831c5dd000-7f831c5de000 ---p 00000000 00:00 0 
7f831c5de000-7f831c6df000 rw-p 00000000 00:00 0 
7f831c6df000-7f831c6e3000 ---p 00000000 00:00 0 
7f831c6e3000-7f831c7e0000 rw-p 00000000 00:00 0 
7f831c7e0000-7f831c7e4000 ---p 00000000 00:00 0 
7f831c7e4000-7f831c8e1000 rw-p 00000000 00:00 0 
7f831c8e1000-7f831c8e5000 ---p 00000000 00:00 0 
7f831c8e5000-7f831c9e2000 rw-p 00000000 00:00 0 
7f831c9e2000-7f831c9e6000 ---p 00000000 00:00 0 
7f831c9e6000-7f831cae3000 rw-p 00000000 00:00 0 
7f831cae3000-7f831cae7000 ---p 00000000 00:00 0 
7f831cae7000-7f831cbe4000 rw-p 00000000 00:00 0 
7f831cbe4000-7f831cbf4000 r-xp 00000000 103:06 2625853                   /home/artur/.config/Code/User/globalStorage/redhat.java/1.2.0/config_linux/org.eclipse.equinox.launcher/org.eclipse.equinox.launcher.gtk.linux.x86_64_1.2.400.v20211117-0650/eclipse_11600.so
7f831cbf4000-7f831cdf3000 ---p 00010000 103:06 2625853                   /home/artur/.config/Code/User/globalStorage/redhat.java/1.2.0/config_linux/org.eclipse.equinox.launcher/org.eclipse.equinox.launcher.gtk.linux.x86_64_1.2.400.v20211117-0650/eclipse_11600.so
7f831cdf3000-7f831cdf4000 r--p 0000f000 103:06 2625853                   /home/artur/.config/Code/User/globalStorage/redhat.java/1.2.0/config_linux/org.eclipse.equinox.launcher/org.eclipse.equinox.launcher.gtk.linux.x86_64_1.2.400.v20211117-0650/eclipse_11600.so
7f831cdf4000-7f831cdf5000 rw-p 00010000 103:06 2625853                   /home/artur/.config/Code/User/globalStorage/redhat.java/1.2.0/config_linux/org.eclipse.equinox.launcher/org.eclipse.equinox.launcher.gtk.linux.x86_64_1.2.400.v20211117-0650/eclipse_11600.so
7f831cdf5000-7f831cdf9000 ---p 00000000 00:00 0 
7f831cdf9000-7f831cef6000 rw-p 00000000 00:00 0 
7f831cef6000-7f831cef7000 ---p 00000000 00:00 0 
7f831cef7000-7f831cff8000 rw-p 00000000 00:00 0 
7f831cff8000-7f831cff9000 ---p 00000000 00:00 0 
7f831cff9000-7f831d0fa000 rw-p 00000000 00:00 0 
7f831d0fa000-7f831d0fb000 ---p 00000000 00:00 0 
7f831d0fb000-7f831d1fc000 rw-p 00000000 00:00 0 
7f831d1fc000-7f831d1fd000 ---p 00000000 00:00 0 
7f831d1fd000-7f831d2fe000 rw-p 00000000 00:00 0 
7f831d2fe000-7f831d2ff000 ---p 00000000 00:00 0 
7f831d2ff000-7f831d500000 rw-p 00000000 00:00 0 
7f831d500000-7f831d700000 rw-p 00000000 00:00 0 
7f831d700000-7f831d800000 rw-p 00000000 00:00 0 
7f831d800000-7f831d900000 rw-p 00000000 00:00 0 
7f831d900000-7f831da00000 rw-p 00000000 00:00 0 
7f831da00000-7f831dbe0000 rw-p 00000000 00:00 0 
7f831dbe0000-7f831dc00000 rw-p 00000000 00:00 0 
7f831dc49000-7f831dc4a000 ---p 00000000 00:00 0 
7f831dc4a000-7f831dd4b000 rw-p 00000000 00:00 0 
7f831dd4b000-7f831dd4f000 ---p 00000000 00:00 0 
7f831dd4f000-7f831de4c000 rw-p 00000000 00:00 0 
7f831de4c000-7f831de50000 ---p 00000000 00:00 0 
7f831de50000-7f831df4d000 rw-p 00000000 00:00 0 
7f831df4d000-7f831df51000 ---p 00000000 00:00 0 
7f831df51000-7f831e04e000 rw-p 00000000 00:00 0 
7f831e04e000-7f831e063000 r-xp 00000000 103:06 1924394                   /home/artur/.vscode/extensions/redhat.java-1.2.0/jre/17.0.1-linux-x86_64/lib/libnet.so
7f831e063000-7f831e262000 ---p 00015000 103:06 1924394                   /home/artur/.vscode/extensions/redhat.java-1.2.0/jre/17.0.1-linux-x86_64/lib/libnet.so
7f831e262000-7f831e263000 r--p 00014000 103:06 1924394                   /home/artur/.vscode/extensions/redhat.java-1.2.0/jre/17.0.1-linux-x86_64/lib/libnet.so
7f831e263000-7f831e264000 rw-p 00015000 103:06 1924394                   /home/artur/.vscode/extensions/redhat.java-1.2.0/jre/17.0.1-linux-x86_64/lib/libnet.so
7f831e264000-7f831e276000 r-xp 00000000 103:06 1924395                   /home/artur/.vscode/extensions/redhat.java-1.2.0/jre/17.0.1-linux-x86_64/lib/libnio.so
7f831e276000-7f831e475000 ---p 00012000 103:06 1924395                   /home/artur/.vscode/extensions/redhat.java-1.2.0/jre/17.0.1-linux-x86_64/lib/libnio.so
7f831e475000-7f831e476000 r--p 00011000 103:06 1924395                   /home/artur/.vscode/extensions/redhat.java-1.2.0/jre/17.0.1-linux-x86_64/lib/libnio.so
7f831e476000-7f831e477000 rw-p 00012000 103:06 1924395                   /home/artur/.vscode/extensions/redhat.java-1.2.0/jre/17.0.1-linux-x86_64/lib/libnio.so
7f831e477000-7f831e478000 ---p 00000000 00:00 0 
7f831e478000-7f831e579000 rw-p 00000000 00:00 0 
7f831e579000-7f831e57d000 ---p 00000000 00:00 0 
7f831e57d000-7f831e67a000 rw-p 00000000 00:00 0 
7f831e67a000-7f831e67e000 ---p 00000000 00:00 0 
7f831e67e000-7f831e77b000 rw-p 00000000 00:00 0 
7f831e77b000-7f831e77f000 ---p 00000000 00:00 0 
7f831e77f000-7f831e87c000 rw-p 00000000 00:00 0 
7f831e87c000-7f831e880000 ---p 00000000 00:00 0 
7f831e880000-7f831e97d000 rw-p 00000000 00:00 0 
7f831e97d000-7f831e981000 ---p 00000000 00:00 0 
7f831e981000-7f831ea7e000 rw-p 00000000 00:00 0 
7f831ea7e000-7f831ea82000 ---p 00000000 00:00 0 
7f831ea82000-7f831eb7f000 rw-p 00000000 00:00 0 
7f831eb7f000-7f831eb83000 ---p 00000000 00:00 0 
7f831eb83000-7f831ec80000 rw-p 00000000 00:00 0 
7f831ec80000-7f831ec84000 ---p 00000000 00:00 0 
7f831ec84000-7f831ed81000 rw-p 00000000 00:00 0 
7f831ed81000-7f831f2f2000 r--p 00000000 103:06 2889157                   /usr/lib/locale/locale-archive
7f831f2f2000-7f831f2f6000 ---p 00000000 00:00 0 
7f831f2f6000-7f831f3f3000 rw-p 00000000 00:00 0 
7f831f3f3000-7f831f3f7000 ---p 00000000 00:00 0 
7f831f3f7000-7f831f4f4000 rw-p 00000000 00:00 0 
7f831f4f4000-7f831f4f5000 ---p 00000000 00:00 0 
7f831f4f5000-7f8324000000 rw-p 00000000 00:00 0 
7f8324000000-7f8324021000 rw-p 00000000 00:00 0 
7f8324021000-7f8328000000 ---p 00000000 00:00 0 
7f83280c7000-7f83280cb000 ---p 00000000 00:00 0 
7f83280cb000-7f8329c00000 rw-p 00000000 00:00 0 
7f8329c00000-7f8329c20000 rw-p 00000000 00:00 0 
7f8329c20000-7f8329c40000 rw-p 00000000 00:00 0 
7f8329c40000-7f8329c80000 rw-p 00000000 00:00 0 
7f8329c80000-7f8329d00000 rw-p 00000000 00:00 0 
7f8329d00000-7f8329f00000 rw-p 00000000 00:00 0 
7f8329f00000-7f8329f40000 rw-p 00000000 00:00 0 
7f8329f40000-7f8329f80000 rw-p 00000000 00:00 0 
7f8329f80000-7f832a000000 rw-p 00000000 00:00 0 
7f832a003000-7f832a403000 rw-p 00000000 00:00 0 
7f832a403000-7f832a673000 rwxp 00000000 00:00 0 
7f832a673000-7f832a995000 ---p 00000000 00:00 0 
7f832a995000-7f832c105000 rwxp 00000000 00:00 0 
7f832c105000-7f8331ecc000 ---p 00000000 00:00 0 
7f8331ecc000-7f833266c000 rwxp 00000000 00:00 0 
7f833266c000-7f8339403000 ---p 00000000 00:00 0 
7f8339403000-7f833c000000 r--s 00000000 103:06 1924413                   /home/artur/.vscode/extensions/redhat.java-1.2.0/jre/17.0.1-linux-x86_64/lib/modules
7f833c000000-7f833c87b000 rw-p 00000000 00:00 0 
7f833c87b000-7f8340000000 ---p 00000000 00:00 0 
7f8340001000-7f8340008000 r-xp 00000000 103:06 1924405                   /home/artur/.vscode/extensions/redhat.java-1.2.0/jre/17.0.1-linux-x86_64/lib/libzip.so
7f8340008000-7f8340208000 ---p 00007000 103:06 1924405                   /home/artur/.vscode/extensions/redhat.java-1.2.0/jre/17.0.1-linux-x86_64/lib/libzip.so
7f8340208000-7f8340209000 r--p 00007000 103:06 1924405                   /home/artur/.vscode/extensions/redhat.java-1.2.0/jre/17.0.1-linux-x86_64/lib/libzip.so
7f8340209000-7f834020a000 rw-p 00008000 103:06 1924405                   /home/artur/.vscode/extensions/redhat.java-1.2.0/jre/17.0.1-linux-x86_64/lib/libzip.so
7f834020a000-7f83403a7000 rw-p 00000000 00:00 0 
7f83403a7000-7f83405fa000 ---p 00000000 00:00 0 
7f83405fa000-7f83405fb000 ---p 00000000 00:00 0 
7f83405fb000-7f8340754000 rw-p 00000000 00:00 0 
7f8340754000-7f83409a6000 ---p 00000000 00:00 0 
7f83409a6000-7f83409c0000 rw-p 00000000 00:00 0 
7f83409c0000-7f8340afc000 ---p 00000000 00:00 0 
7f8340afc000-7f8340b0d000 rw-p 00000000 00:00 0 
7f8340b0d000-7f8340be8000 ---p 00000000 00:00 0 
7f8340be8000-7f8340c17000 rw-p 00000000 00:00 0 
7f8340c17000-7f8340cd3000 ---p 00000000 00:00 0 
7f8340cd3000-7f8340cf7000 r-xp 00000000 103:06 1924362                   /home/artur/.vscode/extensions/redhat.java-1.2.0/jre/17.0.1-linux-x86_64/lib/libjava.so
7f8340cf7000-7f8340ef7000 ---p 00024000 103:06 1924362                   /home/artur/.vscode/extensions/redhat.java-1.2.0/jre/17.0.1-linux-x86_64/lib/libjava.so
7f8340ef7000-7f8340ef8000 r--p 00024000 103:06 1924362                   /home/artur/.vscode/extensions/redhat.java-1.2.0/jre/17.0.1-linux-x86_64/lib/libjava.so
7f8340ef8000-7f8340ef9000 rw-p 00025000 103:06 1924362                   /home/artur/.vscode/extensions/redhat.java-1.2.0/jre/17.0.1-linux-x86_64/lib/libjava.so
7f8340ef9000-7f8340efa000 rw-p 00000000 00:00 0 
7f8340efa000-7f8340efd000 r--p 00000000 103:06 3674023                   /lib/x86_64-linux-gnu/libnss_files-2.31.so
7f8340efd000-7f8340f04000 r-xp 00003000 103:06 3674023                   /lib/x86_64-linux-gnu/libnss_files-2.31.so
7f8340f04000-7f8340f06000 r--p 0000a000 103:06 3674023                   /lib/x86_64-linux-gnu/libnss_files-2.31.so
7f8340f06000-7f8340f07000 r--p 0000b000 103:06 3674023                   /lib/x86_64-linux-gnu/libnss_files-2.31.so
7f8340f07000-7f8340f08000 rw-p 0000c000 103:06 3674023                   /lib/x86_64-linux-gnu/libnss_files-2.31.so
7f8340f08000-7f8340f0e000 rw-p 00000000 00:00 0 
7f8340f0e000-7f8340f13000 r--p 00000000 103:06 3674009                   /lib/x86_64-linux-gnu/libnsl-2.31.so
7f8340f13000-7f8340f23000 r-xp 00005000 103:06 3674009                   /lib/x86_64-linux-gnu/libnsl-2.31.so
7f8340f23000-7f8340f27000 r--p 00015000 103:06 3674009                   /lib/x86_64-linux-gnu/libnsl-2.31.so
7f8340f27000-7f8340f28000 r--p 00018000 103:06 3674009                   /lib/x86_64-linux-gnu/libnsl-2.31.so
7f8340f28000-7f8340f29000 rw-p 00019000 103:06 3674009                   /lib/x86_64-linux-gnu/libnsl-2.31.so
7f8340f29000-7f8340f2b000 rw-p 00000000 00:00 0 
7f8340f2b000-7f8340f2e000 r--p 00000000 103:06 3674031                   /lib/x86_64-linux-gnu/libnss_nis-2.31.so
7f8340f2e000-7f8340f36000 r-xp 00003000 103:06 3674031                   /lib/x86_64-linux-gnu/libnss_nis-2.31.so
7f8340f36000-7f8340f38000 r--p 0000b000 103:06 3674031                   /lib/x86_64-linux-gnu/libnss_nis-2.31.so
7f8340f38000-7f8340f39000 r--p 0000c000 103:06 3674031                   /lib/x86_64-linux-gnu/libnss_nis-2.31.so
7f8340f39000-7f8340f3a000 rw-p 0000d000 103:06 3674031                   /lib/x86_64-linux-gnu/libnss_nis-2.31.so
7f8340f3a000-7f8340f41000 r--s 00000000 103:06 3148538                   /usr/lib/x86_64-linux-gnu/gconv/gconv-modules.cache
7f8340f41000-7f8340f42000 r--s 00000000 103:06 1979665                   /home/artur/.config/Code/User/workspaceStorage/68e882bbe0e19ee7d9ce481bef1e990f/redhat.java/jdt_ws/.metadata/.plugins/org.eclipse.m2e.core/nexus/05b0fe8524860bd73cbb07ef30fb34cc/_5.cfs
7f8340f42000-7f8340f43000 r--s 00000000 103:06 1980331                   /home/artur/.config/Code/User/workspaceStorage/68e882bbe0e19ee7d9ce481bef1e990f/redhat.java/jdt_ws/.metadata/.plugins/org.eclipse.m2e.core/nexus/05b0fe8524860bd73cbb07ef30fb34cc/_4.cfs
7f8340f43000-7f8340f44000 r--s 00000000 103:06 1979731                   /home/artur/.config/Code/User/workspaceStorage/68e882bbe0e19ee7d9ce481bef1e990f/redhat.java/jdt_ws/.metadata/.plugins/org.eclipse.m2e.core/nexus/3c133827929a58a5192ae1988ebeded4/_j.cfs
7f8340f44000-7f8340f45000 r--s 00000000 103:06 1980338                   /home/artur/.config/Code/User/workspaceStorage/68e882bbe0e19ee7d9ce481bef1e990f/redhat.java/jdt_ws/.metadata/.plugins/org.eclipse.m2e.core/nexus/3c133827929a58a5192ae1988ebeded4/_i.cfs
7f8340f45000-7f8340f46000 r--s 00000000 103:06 1979464                   /home/artur/.config/Code/User/workspaceStorage/68e882bbe0e19ee7d9ce481bef1e990f/redhat.java/jdt_ws/.metadata/.plugins/org.eclipse.m2e.core/nexus/3c133827929a58a5192ae1988ebeded4/_g.cfs
7f8340f46000-7f8340f47000 r--s 00000000 103:06 1978772                   /home/artur/.config/Code/User/workspaceStorage/68e882bbe0e19ee7d9ce481bef1e990f/redhat.java/jdt_ws/.metadata/.plugins/org.eclipse.m2e.core/nexus/3c133827929a58a5192ae1988ebeded4/_f.fdt
7f8340f47000-7f8340f48000 r--s 00000000 103:06 1978903                   /home/artur/.config/Code/User/workspaceStorage/68e882bbe0e19ee7d9ce481bef1e990f/redhat.java/jdt_ws/.metadata/.plugins/org.eclipse.m2e.core/nexus/3c133827929a58a5192ae1988ebeded4/_f.nvd
7f8340f48000-7f8340f49000 r--s 00000000 103:06 1978830                   /home/artur/.config/Code/User/workspaceStorage/68e882bbe0e19ee7d9ce481bef1e990f/redhat.java/jdt_ws/.metadata/.plugins/org.eclipse.m2e.core/nexus/3c133827929a58a5192ae1988ebeded4/_f_Lucene50_0.tim
7f8340f49000-7f8340f4a000 r--s 00000000 103:06 1978781                   /home/artur/.config/Code/User/workspaceStorage/68e882bbe0e19ee7d9ce481bef1e990f/redhat.java/jdt_ws/.metadata/.plugins/org.eclipse.m2e.core/nexus/3c133827929a58a5192ae1988ebeded4/_f_Lucene50_0.pos
7f8340f4a000-7f8340f4f000 rw-p 00000000 00:00 0 
7f8340f4f000-7f8340f56000 ---p 00000000 00:00 0 
7f8340f56000-7f8340f71000 r-xp 00000000 103:06 1924374                   /home/artur/.vscode/extensions/redhat.java-1.2.0/jre/17.0.1-linux-x86_64/lib/libjimage.so
7f8340f71000-7f8341170000 ---p 0001b000 103:06 1924374                   /home/artur/.vscode/extensions/redhat.java-1.2.0/jre/17.0.1-linux-x86_64/lib/libjimage.so
7f8341170000-7f8341172000 r--p 0001a000 103:06 1924374                   /home/artur/.vscode/extensions/redhat.java-1.2.0/jre/17.0.1-linux-x86_64/lib/libjimage.so
7f8341172000-7f8341173000 rw-p 0001c000 103:06 1924374                   /home/artur/.vscode/extensions/redhat.java-1.2.0/jre/17.0.1-linux-x86_64/lib/libjimage.so
7f8341173000-7f8341177000 ---p 00000000 00:00 0 
7f8341177000-7f8341274000 rw-p 00000000 00:00 0 
7f8341274000-7f8341283000 r--p 00000000 103:06 3673997                   /lib/x86_64-linux-gnu/libm-2.31.so
7f8341283000-7f834132a000 r-xp 0000f000 103:06 3673997                   /lib/x86_64-linux-gnu/libm-2.31.so
7f834132a000-7f83413c1000 r--p 000b6000 103:06 3673997                   /lib/x86_64-linux-gnu/libm-2.31.so
7f83413c1000-7f83413c2000 r--p 0014c000 103:06 3673997                   /lib/x86_64-linux-gnu/libm-2.31.so
7f83413c2000-7f83413c3000 rw-p 0014d000 103:06 3673997                   /lib/x86_64-linux-gnu/libm-2.31.so
7f83413c3000-7f83413c6000 r--p 00000000 103:06 3674043                   /lib/x86_64-linux-gnu/librt-2.31.so
7f83413c6000-7f83413ca000 r-xp 00003000 103:06 3674043                   /lib/x86_64-linux-gnu/librt-2.31.so
7f83413ca000-7f83413cb000 r--p 00007000 103:06 3674043                   /lib/x86_64-linux-gnu/librt-2.31.so
7f83413cb000-7f83413cc000 ---p 00008000 103:06 3674043                   /lib/x86_64-linux-gnu/librt-2.31.so
7f83413cc000-7f83413cd000 r--p 00008000 103:06 3674043                   /lib/x86_64-linux-gnu/librt-2.31.so
7f83413cd000-7f83413ce000 rw-p 00009000 103:06 3674043                   /lib/x86_64-linux-gnu/librt-2.31.so
7f83413ce000-7f83426ad000 r-xp 00000000 103:06 1924435                   /home/artur/.vscode/extensions/redhat.java-1.2.0/jre/17.0.1-linux-x86_64/lib/server/libjvm.so
7f83426ad000-7f83428ac000 ---p 012df000 103:06 1924435                   /home/artur/.vscode/extensions/redhat.java-1.2.0/jre/17.0.1-linux-x86_64/lib/server/libjvm.so
7f83428ac000-7f8342965000 r--p 012de000 103:06 1924435                   /home/artur/.vscode/extensions/redhat.java-1.2.0/jre/17.0.1-linux-x86_64/lib/server/libjvm.so
7f8342965000-7f8342999000 rw-p 01397000 103:06 1924435                   /home/artur/.vscode/extensions/redhat.java-1.2.0/jre/17.0.1-linux-x86_64/lib/server/libjvm.so
7f8342999000-7f83429f5000 rw-p 00000000 00:00 0 
7f83429f5000-7f8342a1a000 r--p 00000000 103:06 3673989                   /lib/x86_64-linux-gnu/libc-2.31.so
7f8342a1a000-7f8342b92000 r-xp 00025000 103:06 3673989                   /lib/x86_64-linux-gnu/libc-2.31.so
7f8342b92000-7f8342bdc000 r--p 0019d000 103:06 3673989                   /lib/x86_64-linux-gnu/libc-2.31.so
7f8342bdc000-7f8342bdd000 ---p 001e7000 103:06 3673989                   /lib/x86_64-linux-gnu/libc-2.31.so
7f8342bdd000-7f8342be0000 r--p 001e7000 103:06 3673989                   /lib/x86_64-linux-gnu/libc-2.31.so
7f8342be0000-7f8342be3000 rw-p 001ea000 103:06 3673989                   /lib/x86_64-linux-gnu/libc-2.31.so
7f8342be3000-7f8342be7000 rw-p 00000000 00:00 0 
7f8342be7000-7f8342be8000 r--p 00000000 103:06 3673993                   /lib/x86_64-linux-gnu/libdl-2.31.so
7f8342be8000-7f8342bea000 r-xp 00001000 103:06 3673993                   /lib/x86_64-linux-gnu/libdl-2.31.so
7f8342bea000-7f8342beb000 r--p 00003000 103:06 3673993                   /lib/x86_64-linux-gnu/libdl-2.31.so
7f8342beb000-7f8342bec000 r--p 00003000 103:06 3673993                   /lib/x86_64-linux-gnu/libdl-2.31.so
7f8342bec000-7f8342bed000 rw-p 00004000 103:06 3673993                   /lib/x86_64-linux-gnu/libdl-2.31.so
7f8342bed000-7f8342bf4000 r--p 00000000 103:06 3674039                   /lib/x86_64-linux-gnu/libpthread-2.31.so
7f8342bf4000-7f8342c05000 r-xp 00007000 103:06 3674039                   /lib/x86_64-linux-gnu/libpthread-2.31.so
7f8342c05000-7f8342c0a000 r--p 00018000 103:06 3674039                   /lib/x86_64-linux-gnu/libpthread-2.31.so
7f8342c0a000-7f8342c0b000 r--p 0001c000 103:06 3674039                   /lib/x86_64-linux-gnu/libpthread-2.31.so
7f8342c0b000-7f8342c0c000 rw-p 0001d000 103:06 3674039                   /lib/x86_64-linux-gnu/libpthread-2.31.so
7f8342c0c000-7f8342c10000 rw-p 00000000 00:00 0 
7f8342c10000-7f8342c1f000 r-xp 00000000 103:06 1924377                   /home/artur/.vscode/extensions/redhat.java-1.2.0/jre/17.0.1-linux-x86_64/lib/libjli.so
7f8342c1f000-7f8342e1f000 ---p 0000f000 103:06 1924377                   /home/artur/.vscode/extensions/redhat.java-1.2.0/jre/17.0.1-linux-x86_64/lib/libjli.so
7f8342e1f000-7f8342e20000 r--p 0000f000 103:06 1924377                   /home/artur/.vscode/extensions/redhat.java-1.2.0/jre/17.0.1-linux-x86_64/lib/libjli.so
7f8342e20000-7f8342e21000 rw-p 00010000 103:06 1924377                   /home/artur/.vscode/extensions/redhat.java-1.2.0/jre/17.0.1-linux-x86_64/lib/libjli.so
7f8342e21000-7f8342e23000 r--p 00000000 103:06 3672661                   /lib/x86_64-linux-gnu/libz.so.1.2.11
7f8342e23000-7f8342e34000 r-xp 00002000 103:06 3672661                   /lib/x86_64-linux-gnu/libz.so.1.2.11
7f8342e34000-7f8342e3a000 r--p 00013000 103:06 3672661                   /lib/x86_64-linux-gnu/libz.so.1.2.11
7f8342e3a000-7f8342e3b000 ---p 00019000 103:06 3672661                   /lib/x86_64-linux-gnu/libz.so.1.2.11
7f8342e3b000-7f8342e3c000 r--p 00019000 103:06 3672661                   /lib/x86_64-linux-gnu/libz.so.1.2.11
7f8342e3c000-7f8342e3d000 rw-p 0001a000 103:06 3672661                   /lib/x86_64-linux-gnu/libz.so.1.2.11
7f8342e3d000-7f8342e3e000 r--s 00000000 103:06 1978780                   /home/artur/.config/Code/User/workspaceStorage/68e882bbe0e19ee7d9ce481bef1e990f/redhat.java/jdt_ws/.metadata/.plugins/org.eclipse.m2e.core/nexus/3c133827929a58a5192ae1988ebeded4/_f_Lucene50_0.doc
7f8342e3e000-7f8342e3f000 r--s 00000000 103:06 1979726                   /home/artur/.config/Code/User/workspaceStorage/68e882bbe0e19ee7d9ce481bef1e990f/redhat.java/jdt_ws/.metadata/.plugins/org.eclipse.m2e.core/nexus/830bc118332e77292949ed1e6d2fabe0/_8.cfs
7f8342e3f000-7f8342e40000 r--s 00000000 103:06 1980342                   /home/artur/.config/Code/User/workspaceStorage/68e882bbe0e19ee7d9ce481bef1e990f/redhat.java/jdt_ws/.metadata/.plugins/org.eclipse.m2e.core/nexus/830bc118332e77292949ed1e6d2fabe0/_7.cfs
7f8342e40000-7f8342e41000 r--s 00000000 103:06 1978144                   /home/artur/.config/Code/User/workspaceStorage/68e882bbe0e19ee7d9ce481bef1e990f/redhat.java/jdt_ws/.metadata/.plugins/org.eclipse.m2e.core/nexus/830bc118332e77292949ed1e6d2fabe0/_5.cfs
7f8342e41000-7f8342e42000 r--s 00000000 103:06 1978141                   /home/artur/.config/Code/User/workspaceStorage/68e882bbe0e19ee7d9ce481bef1e990f/redhat.java/jdt_ws/.metadata/.plugins/org.eclipse.m2e.core/nexus/830bc118332e77292949ed1e6d2fabe0/_4.cfs
7f8342e42000-7f8342e43000 r--s 00000000 103:06 1977991                   /home/artur/.config/Code/User/workspaceStorage/68e882bbe0e19ee7d9ce481bef1e990f/redhat.java/jdt_ws/.metadata/.plugins/org.eclipse.m2e.core/nexus/830bc118332e77292949ed1e6d2fabe0/_3.cfs
7f8342e43000-7f8342e4b000 rw-s 00000000 103:06 3809707                   /tmp/hsperfdata_artur/197464
7f8342e4b000-7f8342e4d000 r--p 00000000 103:06 3674013                   /lib/x86_64-linux-gnu/libnss_compat-2.31.so
7f8342e4d000-7f8342e54000 r-xp 00002000 103:06 3674013                   /lib/x86_64-linux-gnu/libnss_compat-2.31.so
7f8342e54000-7f8342e55000 r--p 00009000 103:06 3674013                   /lib/x86_64-linux-gnu/libnss_compat-2.31.so
7f8342e55000-7f8342e56000 r--p 00009000 103:06 3674013                   /lib/x86_64-linux-gnu/libnss_compat-2.31.so
7f8342e56000-7f8342e57000 rw-p 0000a000 103:06 3674013                   /lib/x86_64-linux-gnu/libnss_compat-2.31.so
7f8342e57000-7f8342e58000 ---p 00000000 00:00 0 
7f8342e58000-7f8342e59000 r--p 00000000 00:00 0 
7f8342e59000-7f8342e5b000 rw-p 00000000 00:00 0 
7f8342e5b000-7f8342e5c000 r--p 00000000 103:06 3673973                   /lib/x86_64-linux-gnu/ld-2.31.so
7f8342e5c000-7f8342e7f000 r-xp 00001000 103:06 3673973                   /lib/x86_64-linux-gnu/ld-2.31.so
7f8342e7f000-7f8342e87000 r--p 00024000 103:06 3673973                   /lib/x86_64-linux-gnu/ld-2.31.so
7f8342e87000-7f8342e88000 ---p 00000000 00:00 0 
7f8342e88000-7f8342e89000 r--p 0002c000 103:06 3673973                   /lib/x86_64-linux-gnu/ld-2.31.so
7f8342e89000-7f8342e8a000 rw-p 0002d000 103:06 3673973                   /lib/x86_64-linux-gnu/ld-2.31.so
7f8342e8a000-7f8342e8b000 rw-p 00000000 00:00 0 
7ffd39dc9000-7ffd39deb000 rw-p 00000000 00:00 0                          [stack]
7ffd39dee000-7ffd39df1000 r--p 00000000 00:00 0                          [vvar]
7ffd39df1000-7ffd39df2000 r-xp 00000000 00:00 0                          [vdso]
ffffffffff600000-ffffffffff601000 --xp 00000000 00:00 0                  [vsyscall]


VM Arguments:
jvm_args: --add-modules=ALL-SYSTEM --add-opens=java.base/java.util=ALL-UNNAMED --add-opens=java.base/java.lang=ALL-UNNAMED -Declipse.application=org.eclipse.jdt.ls.core.id1 -Dosgi.bundles.defaultStartLevel=4 -Declipse.product=org.eclipse.jdt.ls.core.product -Djava.import.generatesMetadataFilesAtProjectRoot=false -Dfile.encoding=utf8 -XX:+UseParallelGC -XX:GCTimeRatio=4 -XX:AdaptiveSizePolicyWeight=90 -Dsun.zip.disableMemoryMapping=true -Xmx2G -Xms100m -XX:+HeapDumpOnOutOfMemoryError -XX:HeapDumpPath=/home/artur/.config/Code/User/workspaceStorage/68e882bbe0e19ee7d9ce481bef1e990f/redhat.java 
java_command: /home/artur/.vscode/extensions/redhat.java-1.2.0/server/plugins/org.eclipse.equinox.launcher_1.6.400.v20210924-0641.jar -configuration /home/artur/.config/Code/User/globalStorage/redhat.java/1.2.0/config_linux -data /home/artur/.config/Code/User/workspaceStorage/68e882bbe0e19ee7d9ce481bef1e990f/redhat.java/jdt_ws
java_class_path (initial): /home/artur/.vscode/extensions/redhat.java-1.2.0/server/plugins/org.eclipse.equinox.launcher_1.6.400.v20210924-0641.jar
Launcher Type: SUN_STANDARD

[Global flags]
    uintx AdaptiveSizePolicyWeight                 = 90                                        {product} {command line}
     intx CICompilerCount                          = 4                                         {product} {ergonomic}
    uintx GCTimeRatio                              = 4                                         {product} {command line}
     bool HeapDumpOnOutOfMemoryError               = true                                   {manageable} {command line}
    ccstr HeapDumpPath                             = /home/artur/.config/Code/User/workspaceStorage/68e882bbe0e19ee7d9ce481bef1e990f/redhat.java         {manageable} {command line}
   size_t InitialHeapSize                          = 104857600                                 {product} {command line}
   size_t MaxHeapSize                              = 2147483648                                {product} {command line}
   size_t MaxNewSize                               = 715653120                                 {product} {ergonomic}
   size_t MinHeapDeltaBytes                        = 524288                                    {product} {ergonomic}
   size_t MinHeapSize                              = 104857600                                 {product} {command line}
   size_t NewSize                                  = 34603008                                  {product} {ergonomic}
    uintx NonNMethodCodeHeapSize                   = 5839372                                {pd product} {ergonomic}
    uintx NonProfiledCodeHeapSize                  = 122909434                              {pd product} {ergonomic}
   size_t OldSize                                  = 70254592                                  {product} {ergonomic}
    uintx ProfiledCodeHeapSize                     = 122909434                              {pd product} {ergonomic}
    uintx ReservedCodeCacheSize                    = 251658240                              {pd product} {ergonomic}
     bool SegmentedCodeCache                       = true                                      {product} {ergonomic}
   size_t SoftMaxHeapSize                          = 2147483648                             {manageable} {ergonomic}
     bool UseCompressedClassPointers               = true                           {product lp64_product} {ergonomic}
     bool UseCompressedOops                        = true                           {product lp64_product} {ergonomic}
     bool UseParallelGC                            = true                                      {product} {command line}

Logging:
Log output configuration:
 #0: stdout all=warning uptime,level,tags
 #1: stderr all=off uptime,level,tags

Environment Variables:
JAVA_HOME=/usr/lib/jvm/java-11-openjdk-amd64
CLASSPATH=.:/usr/local/lib/antlr-4.9.2-complete.jar:/usr/local/lib/ST-4.3.1.jar:
PATH=/home/artur/.nvm/versions/node/v14.17.0/bin:/home/artur/.local/bin:/usr/local/sbin:/usr/local/bin:/usr/sbin:/usr/bin:/sbin:/bin:/usr/games:/usr/local/games:/snap/bin:/usr/lib/jvm/java-16-oracle/bin:/usr/lib/jvm/java-16-oracle/db/bin:/opt/bin:.:
USERNAME=artur
SHELL=/bin/bash
DISPLAY=:0
LANG=en_US.UTF-8
LC_CTYPE=pt_PT.UTF-8

Signal Handlers:
   SIGSEGV: crash_handler in libjvm.so, mask=11100100010111111101111111111110, flags=SA_RESTART|SA_SIGINFO
    SIGBUS: crash_handler in libjvm.so, mask=11100100010111111101111111111110, flags=SA_RESTART|SA_SIGINFO
    SIGFPE: crash_handler in libjvm.so, mask=11100100010111111101111111111110, flags=SA_RESTART|SA_SIGINFO
   SIGPIPE: javaSignalHandler in libjvm.so, mask=11100100010111111101111111111110, flags=SA_RESTART|SA_SIGINFO
   SIGXFSZ: javaSignalHandler in libjvm.so, mask=11100100010111111101111111111110, flags=SA_RESTART|SA_SIGINFO
    SIGILL: crash_handler in libjvm.so, mask=11100100010111111101111111111110, flags=SA_RESTART|SA_SIGINFO
   SIGUSR2: SR_handler in libjvm.so, mask=00000000000000000000000000000000, flags=SA_RESTART|SA_SIGINFO
    SIGHUP: UserHandler in libjvm.so, mask=11100100010111111101111111111110, flags=SA_RESTART|SA_SIGINFO
    SIGINT: UserHandler in libjvm.so, mask=11100100010111111101111111111110, flags=SA_RESTART|SA_SIGINFO
   SIGTERM: UserHandler in libjvm.so, mask=11100100010111111101111111111110, flags=SA_RESTART|SA_SIGINFO
   SIGQUIT: UserHandler in libjvm.so, mask=11100100010111111101111111111110, flags=SA_RESTART|SA_SIGINFO
   SIGTRAP: crash_handler in libjvm.so, mask=11100100010111111101111111111110, flags=SA_RESTART|SA_SIGINFO


---------------  S Y S T E M  ---------------

OS:
DISTRIB_ID=Ubuntu
DISTRIB_RELEASE=20.04
DISTRIB_CODENAME=focal
DISTRIB_DESCRIPTION="Ubuntu 20.04.3 LTS"
uname: Linux 5.4.0-90-generic #101-Ubuntu SMP Fri Oct 15 20:00:55 UTC 2021 x86_64
OS uptime: 1 days 2:27 hours
libc: glibc 2.31 NPTL 2.31 
rlimit (soft/hard): STACK 8192k/infinity , CORE 0k/infinity , NPROC 63176/63176 , NOFILE 1048576/1048576 , AS infinity/infinity , CPU infinity/infinity , DATA infinity/infinity , FSIZE infinity/infinity , MEMLOCK 65536k/65536k
load average: 1,84 0,77 0,57

/proc/meminfo:
MemTotal:       16235992 kB
MemFree:         1218656 kB
MemAvailable:    5923684 kB
Buffers:          690972 kB
Cached:          4914520 kB
SwapCached:         2316 kB
Active:         10784528 kB
Inactive:        3234152 kB
Active(anon):    7828212 kB
Inactive(anon):  1465336 kB
Active(file):    2956316 kB
Inactive(file):  1768816 kB
Unevictable:      136292 kB
Mlocked:             160 kB
SwapTotal:       2097148 kB
SwapFree:        2034880 kB
Dirty:               292 kB
Writeback:             0 kB
AnonPages:       8548156 kB
Mapped:          1539680 kB
Shmem:            886540 kB
KReclaimable:     321948 kB
Slab:             607600 kB
SReclaimable:     321948 kB
SUnreclaim:       285652 kB
KernelStack:       33140 kB
PageTables:        91612 kB
NFS_Unstable:          0 kB
Bounce:                0 kB
WritebackTmp:          0 kB
CommitLimit:    10215144 kB
Committed_AS:   28397348 kB
VmallocTotal:   34359738367 kB
VmallocUsed:       59060 kB
VmallocChunk:          0 kB
Percpu:            17728 kB
HardwareCorrupted:     0 kB
AnonHugePages:         0 kB
ShmemHugePages:        0 kB
ShmemPmdMapped:        0 kB
FileHugePages:         0 kB
FilePmdMapped:         0 kB
CmaTotal:              0 kB
CmaFree:               0 kB
HugePages_Total:       0
HugePages_Free:        0
HugePages_Rsvd:        0
HugePages_Surp:        0
Hugepagesize:       2048 kB
Hugetlb:               0 kB
DirectMap4k:      750176 kB
DirectMap2M:    15867904 kB
DirectMap1G:           0 kB

/sys/kernel/mm/transparent_hugepage/enabled: always [madvise] never
/sys/kernel/mm/transparent_hugepage/defrag (defrag/compaction efforts parameter): always defer defer+madvise [madvise] never

Process Memory:
Virtual Size: 7343740K (peak: 7384612K)
Resident Set Size: 591056K (peak: 591056K) (anon: 555552K, file: 35504K, shmem: 0K)
Swapped out: 0K
C-Heap outstanding allocations: 76091K

/proc/sys/kernel/threads-max (system-wide limit on the number of threads): 126352
/proc/sys/vm/max_map_count (maximum number of memory map areas a process may have): 1048575
/proc/sys/kernel/pid_max (system-wide limit on number of process identifiers): 4194304

container (cgroup) information:
container_type: cgroupv1
cpu_cpuset_cpus: 0-11
cpu_memory_nodes: 0
active_processor_count: 12
cpu_quota: no quota
cpu_period: 100000
cpu_shares: no shares
memory_limit_in_bytes: unlimited
memory_and_swap_limit_in_bytes: not supported
memory_soft_limit_in_bytes: unlimited
memory_usage_in_bytes: 11546628096
memory_max_usage_in_bytes: 12831219712

Steal ticks since vm start: 0
Steal ticks percentage since vm start:  0,000

CPU: total 12 (initial active 12) (6 cores per cpu, 2 threads per core) family 6 model 158 stepping 13 microcode 0xea, cx8, cmov, fxsr, ht, mmx, 3dnowpref, sse, sse2, sse3, ssse3, sse4.1, sse4.2, popcnt, lzcnt, tsc, tscinvbit, avx, avx2, aes, erms, clmul, bmi1, bmi2, adx, fma, vzeroupper, clflush, clflushopt
CPU Model and flags from /proc/cpuinfo:
model name	: Intel(R) Core(TM) i7-9750H CPU @ 2.60GHz
flags		: fpu vme de pse tsc msr pae mce cx8 apic sep mtrr pge mca cmov pat pse36 clflush dts acpi mmx fxsr sse sse2 ss ht tm pbe syscall nx pdpe1gb rdtscp lm constant_tsc art arch_perfmon pebs bts rep_good nopl xtopology nonstop_tsc cpuid aperfmperf pni pclmulqdq dtes64 monitor ds_cpl vmx est tm2 ssse3 sdbg fma cx16 xtpr pdcm pcid sse4_1 sse4_2 x2apic movbe popcnt tsc_deadline_timer aes xsave avx f16c rdrand lahf_lm abm 3dnowprefetch cpuid_fault epb invpcid_single ssbd ibrs ibpb stibp ibrs_enhanced tpr_shadow vnmi flexpriority ept vpid ept_ad fsgsbase tsc_adjust bmi1 avx2 smep bmi2 erms invpcid mpx rdseed adx smap clflushopt intel_pt xsaveopt xsavec xgetbv1 xsaves dtherm ida arat pln pts hwp hwp_notify hwp_act_window hwp_epp md_clear flush_l1d arch_capabilities

Online cpus: 0-11
Offline cpus: 
BIOS frequency limitation: <Not Available>
Frequency switch latency (ns): 0
Available cpu frequencies: <Not Available>
Current governor: powersave
Core performance/turbo boost: <Not Available>

Memory: 4k page, physical 16235992k(1218656k free), swap 2097148k(2034880k free)
Page Sizes: 4k

vm_info: OpenJDK 64-Bit Server VM (17.0.1+12) for linux-amd64 JRE (17.0.1+12), built on Oct 20 2021 12:00:24 by "" with gcc 7.5.0

END.
