#
# A fatal error has been detected by the Java Runtime Environment:
#
#  SIGSEGV (0xb) at pc=0x00007ffada411e86, pid=191911, tid=191989
#
# JRE version: OpenJDK Runtime Environment Temurin-17.0.1+12 (17.0.1+12) (build 17.0.1+12)
# Java VM: OpenJDK 64-Bit Server VM Temurin-17.0.1+12 (17.0.1+12, mixed mode, tiered, compressed oops, compressed class ptrs, parallel gc, linux-amd64)
# Problematic frame:
# V  [libjvm.so+0xca2e86]  void OopOopIterateDispatch<PCIterateMarkAndPushClosure>::Table::oop_oop_iterate<InstanceKlass, narrowOop>(PCIterateMarkAndPushClosure*, oopDesc*, Klass*)+0x1e6
#
# Core dump will be written. Default location: Core dumps may be processed with "/usr/share/apport/apport %p %s %c %d %P %E" (or dumping to /home/artur/Desktop/3ano/IES/medical-management-system/Project/core.191911)
#
# If you would like to submit a bug report, please visit:
#   https://github.com/adoptium/adoptium-support/issues
#

---------------  S U M M A R Y ------------

Command Line: --add-modules=ALL-SYSTEM --add-opens=java.base/java.util=ALL-UNNAMED --add-opens=java.base/java.lang=ALL-UNNAMED -Declipse.application=org.eclipse.jdt.ls.core.id1 -Dosgi.bundles.defaultStartLevel=4 -Declipse.product=org.eclipse.jdt.ls.core.product -Djava.import.generatesMetadataFilesAtProjectRoot=false -Dfile.encoding=utf8 -XX:+UseParallelGC -XX:GCTimeRatio=4 -XX:AdaptiveSizePolicyWeight=90 -Dsun.zip.disableMemoryMapping=true -Xmx2G -Xms100m -XX:+HeapDumpOnOutOfMemoryError -XX:HeapDumpPath=/home/artur/.config/Code/User/workspaceStorage/68e882bbe0e19ee7d9ce481bef1e990f/redhat.java /home/artur/.vscode/extensions/redhat.java-1.2.0/server/plugins/org.eclipse.equinox.launcher_1.6.400.v20210924-0641.jar -configuration /home/artur/.config/Code/User/globalStorage/redhat.java/1.2.0/config_linux -data /home/artur/.config/Code/User/workspaceStorage/68e882bbe0e19ee7d9ce481bef1e990f/redhat.java/jdt_ws

Host: Intel(R) Core(TM) i7-9750H CPU @ 2.60GHz, 12 cores, 15G, Ubuntu 20.04.3 LTS
Time: Wed Jan 12 23:54:44 2022 WET elapsed time: 3.674946 seconds (0d 0h 0m 3s)

---------------  T H R E A D  ---------------

Current thread (0x00007ffab0003a40):  GCTaskThread "GC Thread#7" [stack: 0x00007ffa47f00000,0x00007ffa48000000] [id=191989]

Stack: [0x00007ffa47f00000,0x00007ffa48000000],  sp=0x00007ffa47ffeb70,  free space=1018k
Native frames: (J=compiled Java code, j=interpreted, Vv=VM code, C=native code)
V  [libjvm.so+0xca2e86]  void OopOopIterateDispatch<PCIterateMarkAndPushClosure>::Table::oop_oop_iterate<InstanceKlass, narrowOop>(PCIterateMarkAndPushClosure*, oopDesc*, Klass*)+0x1e6
V  [libjvm.so+0xc9fca5]  ParCompactionManager::follow_marking_stacks()+0x3f5
V  [libjvm.so+0xcb1e65]  PCAddThreadRootsMarkingTaskClosure::do_thread(Thread*)+0xb5
V  [libjvm.so+0xeffa48]  Threads::possibly_parallel_threads_do(bool, ThreadClosure*)+0xa8
V  [libjvm.so+0xcb429e]  MarkFromRootsTask::work(unsigned int)+0x11e
V  [libjvm.so+0xfab56c]  GangWorker::loop()+0x5c
V  [libjvm.so+0xfab5be]
V  [libjvm.so+0xf01b62]  Thread::call_run()+0xe2
V  [libjvm.so+0xc3ccd1]  thread_native_entry(Thread*)+0xe1


siginfo: si_signo: 11 (SIGSEGV), si_code: 1 (SEGV_MAPERR), si_addr: 0x0000000000000100

Register to memory mapping:

RAX=0x0 is NULL
RBX=0x00007ffad416dc50 points into unknown readable memory: 0x0000000000000000 | 00 00 00 00 00 00 00 00
RCX=0x0 is NULL
RDX=0x00007ffadad0a300: <offset 0x000000000159b300> in /home/artur/.vscode/extensions/redhat.java-1.2.0/jre/17.0.1-linux-x86_64/lib/server/libjvm.so at 0x00007ffad976f000
RSP=0x00007ffa47ffeb70 points into unknown readable memory: 0x00000000820217e0 | e0 17 02 82 00 00 00 00
RBP=0x00007ffa47ffebc0 points into unknown readable memory: 0x00007ffa47ffec30 | 30 ec ff 47 fa 7f 00 00
RSI=
[error occurred during error reporting (printing register info), id 0xb, SIGSEGV (0xb) at pc=0x00007ffada3cdbd6]

Registers:
RAX=0x0000000000000000, RBX=0x00007ffad416dc50, RCX=0x0000000000000000, RDX=0x00007ffadad0a300
RSP=0x00007ffa47ffeb70, RBP=0x00007ffa47ffebc0, RSI=0x00000000820217f8, RDI=0x00000001000407a0
R8 =0x00000000820217f8, R9 =0x0000000000000014, R10=0x00007ffad4015b88, R11=0x00007ffab8080858
R12=0x00000000820217f8, R13=0x00000000820217f8, R14=0x00000000820217f4, R15=0x0000000100041e60
RIP=0x00007ffada411e86, EFLAGS=0x0000000000010246, CSGSFS=0x002b000000000033, ERR=0x0000000000000004
  TRAPNO=0x000000000000000e

Top of Stack: (sp=0x00007ffa47ffeb70)
0x00007ffa47ffeb70:   00000000820217e0 0000000100041e68
0x00007ffa47ffeb80:   00007ffa47ffebe0 0000000000000003
0x00007ffa47ffeb90:   0000000000000000 00007ffad416dc50
0x00007ffa47ffeba0:   00007ffadad50fed 00007ffa47ffebe0 

Instructions: (pc=0x00007ffada411e86)
0x00007ffada411d86:   99 48 8d 05 5f f2 93 00 0f b6 00 84 c0 0f 85 ff
0x00007ffada411d96:   00 00 00 49 8b 78 08 48 8b 5d c0 8b 4f 08 48 8b
0x00007ffada411da6:   5b 18 83 f9 00 0f 8e 0f 01 00 00 f6 c1 01 0f 85
0x00007ffada411db6:   c6 00 00 00 89 c8 c1 f8 03 48 8d 3d 9a a6 95 00
0x00007ffada411dc6:   48 63 c8 4c 89 e6 48 89 ca 48 89 4d c8 e8 08 90
0x00007ffada411dd6:   fb ff 84 c0 48 8b 4d c8 0f 84 3c ff ff ff 48 8d
0x00007ffada411de6:   3d 35 a6 95 00 48 89 ca 4c 89 e6 e8 8a 89 00 00
0x00007ffada411df6:   8b 83 88 00 00 00 8b 93 08 01 00 00 89 c7 29 d7
0x00007ffada411e06:   89 fa 81 e2 ff ff 01 00 81 fa fd ff 01 00 0f 86
0x00007ffada411e16:   e6 00 00 00 48 8b 93 a8 02 00 00 48 3b 93 90 02
0x00007ffada411e26:   00 00 48 8d 0c d5 00 00 00 00 0f 84 ea 00 00 00
0x00007ffada411e36:   48 8b 83 c0 02 00 00 48 83 c2 01 49 83 c6 04 4c
0x00007ffada411e46:   89 24 08 48 89 93 a8 02 00 00 4d 39 f5 0f 87 d4
0x00007ffada411e56:   fe ff ff 0f 1f 80 00 00 00 00 49 83 c7 08 4c 39
0x00007ffada411e66:   7d b8 0f 87 92 fe ff ff 48 83 c4 28 5b 41 5c 41
0x00007ffada411e76:   5d 41 5e 41 5f 5d c3 0f 1f 00 48 8b 07 4c 89 e6
0x00007ffada411e86:   ff 90 00 01 00 00 e9 2e ff ff ff 0f 1f 80 00 00
0x00007ffada411e96:   00 00 48 8d 15 61 84 8f 00 41 8b 78 08 48 8b 5d
0x00007ffada411ea6:   c0 8b 4a 08 48 8b 5b 18 48 d3 e7 48 03 3a 8b 4f
0x00007ffada411eb6:   08 83 f9 00 0f 8f f1 fe ff ff 74 be 3c 01 48 8d
0x00007ffada411ec6:   15 21 8e 8f 00 48 19 c0 83 e0 04 8b 12 49 63 74
0x00007ffada411ed6:   04 0c 8d 42 ff f7 da 48 d3 e6 c1 f9 10 48 98 0f
0x00007ffada411ee6:   b6 c9 48 01 c1 48 63 c2 48 01 f1 48 21 c1 48 c1
0x00007ffada411ef6:   e9 03 89 c8 e9 c0 fe ff ff 90 48 8b 93 88 01 00
0x00007ffada411f06:   00 89 c1 83 c0 01 25 ff ff 01 00 4c 89 24 ca 89
0x00007ffada411f16:   83 88 00 00 00 e9 00 fe ff ff 48 8b b3 b8 02 00
0x00007ffada411f26:   00 48 85 f6 74 55 48 8b 83 c8 02 00 00 48 83 ee
0x00007ffada411f36:   01 48 8b 0c 08 48 89 b3 b8 02 00 00 48 89 8b c8
0x00007ffada411f46:   02 00 00 48 8b 8b c0 02 00 00 48 85 c9 48 89 0c
0x00007ffada411f56:   d0 48 89 83 c0 02 00 00 48 8b 93 b0 02 00 00 74
0x00007ffada411f66:   07 48 03 93 90 02 00 00 48 89 93 b0 02 00 00 31
0x00007ffada411f76:   c9 ba 01 00 00 00 e9 c0 fe ff ff 48 8d 79 08 31 


Stack slot to memory mapping:
stack at sp + 0 slots: 0x00000000820217e0 is an oop: java.lang.String 
{0x00000000820217e0} - klass: 'java/lang/String'
 - ---- fields (total size 3 words):
 - private 'hash' 'I' @12  1031775635 (3d7fa593)
 - private final 'coder' 'B' @16  0
 - private 'hashIsZero' 'Z' @17  false
 - private final synchronized 'value' '[B' @20  
[error occurred during error reporting (inspecting top of stack), id 0xb, SIGSEGV (0xb) at pc=0x00007ffada391583]


---------------  P R O C E S S  ---------------

Threads class SMR info:
_java_thread_list=0x00007ff9fc01c830, length=32, elements={
0x00007ffad4026160, 0x00007ffad4227a60, 0x00007ffad4228fd0, 0x00007ffad4251580,
0x00007ffad4254e90, 0x00007ffad4255de0, 0x00007ffad4257430, 0x00007ffad42588e0,
0x00007ffad4261d10, 0x00007ffad42df090, 0x00007ffa9007fc20, 0x00007ffad432a7c0,
0x00007ffad4487960, 0x00007ffad4599c20, 0x00007ffad45c34b0, 0x00007ffad45f1fc0,
0x00007ffa7402fe80, 0x00007ffa740b2fa0, 0x00007ffa74264700, 0x00007ffa7430db00,
0x00007ffa4c000f50, 0x00007ffa7454ba60, 0x00007ffa4c00c5c0, 0x00007ffa90297a20,
0x00007ffad4636ef0, 0x00007ffad46cc550, 0x00007ffa30758d40, 0x00007ffa3094b840,
0x00007ffa1c1f8130, 0x00007ffa1c1fe9b0, 0x00007ffa1c1ffb00, 0x00007ff9fc01b5d0
}

Java Threads: ( => current thread )
  0x00007ffad4026160 JavaThread "main" [_thread_blocked, id=191913, stack(0x00007ffad9514000,0x00007ffad9615000)]
  0x00007ffad4227a60 JavaThread "Reference Handler" daemon [_thread_blocked, id=191916, stack(0x00007ffab76f6000,0x00007ffab77f7000)]
  0x00007ffad4228fd0 JavaThread "Finalizer" daemon [_thread_blocked, id=191917, stack(0x00007ffab75f5000,0x00007ffab76f6000)]
  0x00007ffad4251580 JavaThread "Signal Dispatcher" daemon [_thread_blocked, id=191918, stack(0x00007ffab6f83000,0x00007ffab7084000)]
  0x00007ffad4254e90 JavaThread "Service Thread" daemon [_thread_blocked, id=191919, stack(0x00007ffab6e82000,0x00007ffab6f83000)]
  0x00007ffad4255de0 JavaThread "Monitor Deflation Thread" daemon [_thread_blocked, id=191920, stack(0x00007ffab6d81000,0x00007ffab6e82000)]
  0x00007ffad4257430 JavaThread "C2 CompilerThread0" daemon [_thread_in_native, id=191921, stack(0x00007ffab6c80000,0x00007ffab6d81000)]
  0x00007ffad42588e0 JavaThread "C1 CompilerThread0" daemon [_thread_blocked, id=191922, stack(0x00007ffab6b7f000,0x00007ffab6c80000)]
  0x00007ffad4261d10 JavaThread "Sweeper thread" daemon [_thread_blocked, id=191923, stack(0x00007ffab6a7e000,0x00007ffab6b7f000)]
  0x00007ffad42df090 JavaThread "Common-Cleaner" daemon [_thread_blocked, id=191924, stack(0x00007ffab697d000,0x00007ffab6a7e000)]
  0x00007ffa9007fc20 JavaThread "C2 CompilerThread1" daemon [_thread_blocked, id=191925, stack(0x00007ffab687c000,0x00007ffab697d000)]
  0x00007ffad432a7c0 JavaThread "Notification Thread" daemon [_thread_blocked, id=191926, stack(0x00007ffab677b000,0x00007ffab687c000)]
  0x00007ffad4487960 JavaThread "process reaper" daemon [_thread_blocked, id=191930, stack(0x00007ffad8088000,0x00007ffad80aa000)]
  0x00007ffad4599c20 JavaThread "Active Thread: Equinox Container: d7dba253-d76f-4235-96ab-92e57c2b604a" [_thread_blocked, id=191967, stack(0x00007ffab614f000,0x00007ffab6250000)]
  0x00007ffad45c34b0 JavaThread "Framework Event Dispatcher: Equinox Container: d7dba253-d76f-4235-96ab-92e57c2b604a" daemon [_thread_blocked, id=191969, stack(0x00007ffab604e000,0x00007ffab614f000)]
  0x00007ffad45f1fc0 JavaThread "Start Level: Equinox Container: d7dba253-d76f-4235-96ab-92e57c2b604a" daemon [_thread_blocked, id=191970, stack(0x00007ffab56ff000,0x00007ffab5800000)]
  0x00007ffa7402fe80 JavaThread "SCR Component Actor" daemon [_thread_blocked, id=191977, stack(0x00007ffab4de1000,0x00007ffab4ee2000)]
  0x00007ffa740b2fa0 JavaThread "Timer-0" [_thread_blocked, id=191983, stack(0x00007ffab4ce0000,0x00007ffab4de1000)]
  0x00007ffa74264700 JavaThread "Worker-JM" [_thread_blocked, id=191985, stack(0x00007ffab42ff000,0x00007ffab4400000)]
  0x00007ffa7430db00 JavaThread "Worker-0: Initialize workspace" [_thread_blocked, id=191987, stack(0x00007ffab41fe000,0x00007ffab42ff000)]
  0x00007ffa4c000f50 JavaThread "Worker-1" [_thread_blocked, id=191988, stack(0x00007ffab40fd000,0x00007ffab41fe000)]
  0x00007ffa7454ba60 JavaThread "Java indexing" daemon [_thread_blocked, id=191992, stack(0x00007ffa47bf9000,0x00007ffa47cfa000)]
  0x00007ffa4c00c5c0 JavaThread "Worker-2" [_thread_blocked, id=191993, stack(0x00007ffa47af8000,0x00007ffa47bf9000)]
  0x00007ffa90297a20 JavaThread "C2 CompilerThread2" daemon [_thread_in_native, id=191994, stack(0x00007ffa46eff000,0x00007ffa47000000)]
  0x00007ffad4636ef0 JavaThread "pool-3-thread-1" [_thread_blocked, id=191997, stack(0x00007ffa46dfe000,0x00007ffa46eff000)]
  0x00007ffad46cc550 JavaThread "pool-2-thread-1" [_thread_blocked, id=192000, stack(0x00007ffa46cfd000,0x00007ffa46dfe000)]
  0x00007ffa30758d40 JavaThread "Bundle File Closer" daemon [_thread_blocked, id=192054, stack(0x00007ffa46103000,0x00007ffa46204000)]
  0x00007ffa3094b840 JavaThread "Worker-3: Publish Diagnostics" [_thread_blocked, id=192075, stack(0x00007ffa46002000,0x00007ffa46103000)]
  0x00007ffa1c1f8130 JavaThread "ForkJoinPool.commonPool-worker-1" daemon [_thread_blocked, id=192076, stack(0x00007ffa44eff000,0x00007ffa45000000)]
  0x00007ffa1c1fe9b0 JavaThread "ForkJoinPool.commonPool-worker-2" daemon [_thread_blocked, id=192077, stack(0x00007ffa44dfe000,0x00007ffa44eff000)]
  0x00007ffa1c1ffb00 JavaThread "ForkJoinPool.commonPool-worker-3" daemon [_thread_blocked, id=192078, stack(0x00007ffa44cfd000,0x00007ffa44dfe000)]
  0x00007ff9fc01b5d0 JavaThread "Thread-2" daemon [_thread_blocked, id=192079, stack(0x00007ffa44bfc000,0x00007ffa44cfd000)]

Other Threads:
  0x00007ffad4217a10 VMThread "VM Thread" [stack: 0x00007ffab77f9000,0x00007ffab78f9000] [id=191915]
  0x00007ffad4070540 WatcherThread [stack: 0x00007ffab667b000,0x00007ffab677b000] [id=191927]
  0x00007ffad403ce90 GCTaskThread "GC Thread#0" [stack: 0x00007ffad899d000,0x00007ffad8a9d000] [id=191914]
  0x00007ffab0001110 GCTaskThread "GC Thread#1" [stack: 0x00007ffab55ff000,0x00007ffab56ff000] [id=191971]
  0x00007ffab0001b10 GCTaskThread "GC Thread#2" [stack: 0x00007ffab54fd000,0x00007ffab55fd000] [id=191972]
  0x00007ffab0002510 GCTaskThread "GC Thread#3" [stack: 0x00007ffab53fb000,0x00007ffab54fb000] [id=191973]
  0x00007ffab00045c0 GCTaskThread "GC Thread#4" [stack: 0x00007ffab52f9000,0x00007ffab53f9000] [id=191974]
  0x00007ffab0004fc0 GCTaskThread "GC Thread#5" [stack: 0x00007ffab51f7000,0x00007ffab52f7000] [id=191975]
  0x00007ffab00059c0 GCTaskThread "GC Thread#6" [stack: 0x00007ffab50f5000,0x00007ffab51f5000] [id=191976]
=>0x00007ffab0003a40 GCTaskThread "GC Thread#7" [stack: 0x00007ffa47f00000,0x00007ffa48000000] [id=191989]
  0x00007ffab00069b0 GCTaskThread "GC Thread#8" [stack: 0x00007ffa47dfe000,0x00007ffa47efe000] [id=191990]
  0x00007ffab0006f60 GCTaskThread "GC Thread#9" [stack: 0x00007ffa47cfc000,0x00007ffa47dfc000] [id=191991]

Threads with active compile tasks:
C2 CompilerThread0     3678 6475   !   4       org.codehaus.plexus.interpolation.StringSearchInterpolator::interpolate (650 bytes)
C2 CompilerThread1     3678 6766       4       java.lang.String::equalsIgnoreCase (45 bytes)
C2 CompilerThread2     3678 2815   !   4       org.eclipse.osgi.internal.loader.classpath.ClasspathManager::findLocalClass (210 bytes)

VM state: at safepoint (normal execution)

VM Mutex/Monitor currently owned by a thread:  ([mutex/lock_event])
[0x00007ffad4021210] Threads_lock - owner thread: 0x00007ffad4217a10
[0x00007ffad40219c0] Heap_lock - owner thread: 0x00007ffa1c1f8130

Heap address: 0x0000000080000000, size: 2048 MB, Compressed Oops mode: 32-bit

CDS archive(s) not mapped
Compressed class space mapped at: 0x0000000100000000-0x0000000140000000, reserved size: 1073741824
Narrow klass base: 0x0000000000000000, Narrow klass shift: 3, Narrow klass range: 0x140000000

GC Precious Log:
 CPUs: 12 total, 12 available
 Memory: 15855M
 Large Page Support: Disabled
 NUMA Support: Disabled
 Compressed Oops: Enabled (32-bit)
 Alignments: Space 512K, Generation 512K, Heap 2M
 Heap Min Capacity: 100M
 Heap Initial Capacity: 100M
 Heap Max Capacity: 2G
 Pre-touch: Disabled
 Parallel Workers: 10

Heap:
 PSYoungGen      total 21504K, used 21415K [0x00000000d5580000, 0x00000000d6d80000, 0x0000000100000000)
  eden space 19968K, 100% used [0x00000000d5580000,0x00000000d6900000,0x00000000d6900000)
  from space 1536K, 94% used [0x00000000d6c00000,0x00000000d6d69db8,0x00000000d6d80000)
  to   space 2048K, 0% used [0x00000000d6980000,0x00000000d6980000,0x00000000d6b80000)
 ParOldGen       total 68608K, used 67894K [0x0000000080000000, 0x0000000084300000, 0x00000000d5580000)
  object space 68608K, 98% used [0x0000000080000000,0x000000008424daa0,0x0000000084300000)
 Metaspace       used 55659K, committed 56512K, reserved 1105920K
  class space    used 5995K, committed 6400K, reserved 1048576K

Card table byte_map: [0x00007ffad8a9d000,0x00007ffad8e9e000] _byte_map_base: 0x00007ffad869d000

Marking Bits: (ParMarkBitMap*) 0x00007ffadad6c460
 Begin Bits: [0x00007ffab8000000, 0x00007ffaba000000)
 End Bits:   [0x00007ffaba000000, 0x00007ffabc000000)

Polling page: 0x00007ffadb1f8000

Metaspace:

Usage:
  Non-class:     48,50 MB used.
      Class:      5,86 MB used.
       Both:     54,36 MB used.

Virtual space:
  Non-class space:       56,00 MB reserved,      48,94 MB ( 87%) committed,  7 nodes.
      Class space:        1,00 GB reserved,       6,25 MB ( <1%) committed,  1 nodes.
             Both:        1,05 GB reserved,      55,19 MB (  5%) committed. 

Chunk freelists:
   Non-Class:  2,69 MB
       Class:  1,70 MB
        Both:  4,39 MB

MaxMetaspaceSize: unlimited
CompressedClassSpaceSize: 1,00 GB
Initial GC threshold: 21,00 MB
Current GC threshold: 58,38 MB
CDS: off
MetaspaceReclaimPolicy: balanced
 - commit_granule_bytes: 65536.
 - commit_granule_words: 8192.
 - virtual_space_node_default_size: 1048576.
 - enlarge_chunks_in_place: 1.
 - new_chunks_are_fully_committed: 0.
 - uncommit_free_chunks: 1.
 - use_allocation_guard: 0.
 - handle_deallocations: 1.


Internal statistics:

num_allocs_failed_limit: 6.
num_arena_births: 450.
num_arena_deaths: 0.
num_vsnodes_births: 8.
num_vsnodes_deaths: 0.
num_space_committed: 883.
num_space_uncommitted: 0.
num_chunks_returned_to_freelist: 6.
num_chunks_taken_from_freelist: 2469.
num_chunk_merges: 6.
num_chunk_splits: 1645.
num_chunks_enlarged: 1108.
num_purges: 0.
num_inconsistent_stats: 0.

CodeHeap 'non-profiled nmethods': size=120028Kb used=2575Kb max_used=2785Kb free=117452Kb
 bounds [0x00007ffac9ecc000, 0x00007ffaca18c000, 0x00007ffad1403000]
CodeHeap 'profiled nmethods': size=120028Kb used=11465Kb max_used=12818Kb free=108562Kb
 bounds [0x00007ffac2995000, 0x00007ffac3625000, 0x00007ffac9ecc000]
CodeHeap 'non-nmethods': size=5704Kb used=1284Kb max_used=1348Kb free=4419Kb
 bounds [0x00007ffac2403000, 0x00007ffac2673000, 0x00007ffac2995000]
 total_blobs=6430 nmethods=5815 adapters=530
 compilation: enabled
              stopped_count=0, restarted_count=0
 full_count=0

Compilation events (20 events):
Event: 3,641 Thread 0x00007ffad42588e0 6815       1       sun.util.calendar.CalendarDate::getDayOfMonth (5 bytes)
Event: 3,641 Thread 0x00007ffad42588e0 nmethod 6815 0x00007ffac9ee7390 code [0x00007ffac9ee7520, 0x00007ffac9ee75f0]
Event: 3,643 Thread 0x00007ffad42588e0 6824       3       java.nio.ByteBuffer::get (9 bytes)
Event: 3,643 Thread 0x00007ffad42588e0 nmethod 6824 0x00007ffac2f73210 code [0x00007ffac2f733c0, 0x00007ffac2f73580]
Event: 3,643 Thread 0x00007ffad42588e0 6825       1       org.eclipse.jdt.ls.core.internal.preferences.PreferenceManager::getClientPreferences (5 bytes)
Event: 3,644 Thread 0x00007ffad42588e0 nmethod 6825 0x00007ffac9ee7090 code [0x00007ffac9ee7220, 0x00007ffac9ee72f0]
Event: 3,646 Thread 0x00007ffad42588e0 6827       1       org.eclipse.jdt.internal.core.JavaProject::getElementType (2 bytes)
Event: 3,646 Thread 0x00007ffad42588e0 nmethod 6827 0x00007ffac9ee6d10 code [0x00007ffac9ee6ea0, 0x00007ffac9ee6f70]
Event: 3,646 Thread 0x00007ffad42588e0 6829   !   3       java.security.Provider::getService (128 bytes)
Event: 3,647 Thread 0x00007ffad42588e0 nmethod 6829 0x00007ffac33bd590 code [0x00007ffac33bd800, 0x00007ffac33be440]
Event: 3,647 Thread 0x00007ffad42588e0 6828       3       org.eclipse.jdt.internal.core.JavaProject::getPatchedModules (192 bytes)
Event: 3,647 Thread 0x00007ffa9007fc20 nmethod 6798 0x00007ffac9fa7610 code [0x00007ffac9fa77e0, 0x00007ffac9fa7f98]
Event: 3,647 Thread 0x00007ffa9007fc20 6766       4       java.lang.String::equalsIgnoreCase (45 bytes)
Event: 3,648 Thread 0x00007ffad42588e0 nmethod 6828 0x00007ffac2be3510 code [0x00007ffac2be38a0, 0x00007ffac2be50e0]
Event: 3,648 Thread 0x00007ffad42588e0 6830       3       java.security.Provider$UString::<init> (21 bytes)
Event: 3,648 Thread 0x00007ffad42588e0 nmethod 6830 0x00007ffac353e210 code [0x00007ffac353e3e0, 0x00007ffac353e790]
Event: 3,648 Thread 0x00007ffad42588e0 6831       3       java.security.Provider$UString::hashCode (8 bytes)
Event: 3,648 Thread 0x00007ffad42588e0 nmethod 6831 0x00007ffac3011590 code [0x00007ffac3011740, 0x00007ffac3011880]
Event: 3,648 Thread 0x00007ffad42588e0 6832       1       sun.security.util.KnownOIDs::aliases (5 bytes)
Event: 3,648 Thread 0x00007ffad42588e0 nmethod 6832 0x00007ffac9fa7290 code [0x00007ffac9fa7420, 0x00007ffac9fa74f0]

GC Heap History (20 events):
Event: 2,381 GC heap after
{Heap after GC invocations=15 (full 2):
 PSYoungGen      total 24576K, used 2325K [0x00000000d5580000, 0x00000000d7280000, 0x0000000100000000)
  eden space 22016K, 0% used [0x00000000d5580000,0x00000000d5580000,0x00000000d6b00000)
  from space 2560K, 90% used [0x00000000d6e80000,0x00000000d70c55d8,0x00000000d7100000)
  to   space 1536K, 0% used [0x00000000d7100000,0x00000000d7100000,0x00000000d7280000)
 ParOldGen       total 68608K, used 29480K [0x0000000080000000, 0x0000000084300000, 0x00000000d5580000)
  object space 68608K, 42% used [0x0000000080000000,0x0000000081cca318,0x0000000084300000)
 Metaspace       used 45030K, committed 45760K, reserved 1097728K
  class space    used 4985K, committed 5376K, reserved 1048576K
}
Event: 2,665 GC heap before
{Heap before GC invocations=16 (full 2):
 PSYoungGen      total 24576K, used 24341K [0x00000000d5580000, 0x00000000d7280000, 0x0000000100000000)
  eden space 22016K, 100% used [0x00000000d5580000,0x00000000d6b00000,0x00000000d6b00000)
  from space 2560K, 90% used [0x00000000d6e80000,0x00000000d70c55d8,0x00000000d7100000)
  to   space 1536K, 0% used [0x00000000d7100000,0x00000000d7100000,0x00000000d7280000)
 ParOldGen       total 68608K, used 29480K [0x0000000080000000, 0x0000000084300000, 0x00000000d5580000)
  object space 68608K, 42% used [0x0000000080000000,0x0000000081cca318,0x0000000084300000)
 Metaspace       used 47568K, committed 48384K, reserved 1097728K
  class space    used 5241K, committed 5632K, reserved 1048576K
}
Event: 2,668 GC heap after
{Heap after GC invocations=16 (full 2):
 PSYoungGen      total 23552K, used 1520K [0x00000000d5580000, 0x00000000d7300000, 0x0000000100000000)
  eden space 22016K, 0% used [0x00000000d5580000,0x00000000d5580000,0x00000000d6b00000)
  from space 1536K, 99% used [0x00000000d7100000,0x00000000d727c3c0,0x00000000d7280000)
  to   space 4096K, 0% used [0x00000000d6b00000,0x00000000d6b00000,0x00000000d6f00000)
 ParOldGen       total 68608K, used 31715K [0x0000000080000000, 0x0000000084300000, 0x00000000d5580000)
  object space 68608K, 46% used [0x0000000080000000,0x0000000081ef8ff8,0x0000000084300000)
 Metaspace       used 47568K, committed 48384K, reserved 1097728K
  class space    used 5241K, committed 5632K, reserved 1048576K
}
Event: 2,742 GC heap before
{Heap before GC invocations=17 (full 2):
 PSYoungGen      total 23552K, used 23536K [0x00000000d5580000, 0x00000000d7300000, 0x0000000100000000)
  eden space 22016K, 100% used [0x00000000d5580000,0x00000000d6b00000,0x00000000d6b00000)
  from space 1536K, 99% used [0x00000000d7100000,0x00000000d727c3c0,0x00000000d7280000)
  to   space 4096K, 0% used [0x00000000d6b00000,0x00000000d6b00000,0x00000000d6f00000)
 ParOldGen       total 68608K, used 31715K [0x0000000080000000, 0x0000000084300000, 0x00000000d5580000)
  object space 68608K, 46% used [0x0000000080000000,0x0000000081ef8ff8,0x0000000084300000)
 Metaspace       used 47710K, committed 48512K, reserved 1097728K
  class space    used 5247K, committed 5632K, reserved 1048576K
}
Event: 2,743 GC heap after
{Heap after GC invocations=17 (full 2):
 PSYoungGen      total 26112K, used 1440K [0x00000000d5580000, 0x00000000d7180000, 0x0000000100000000)
  eden space 22016K, 0% used [0x00000000d5580000,0x00000000d5580000,0x00000000d6b00000)
  from space 4096K, 35% used [0x00000000d6b00000,0x00000000d6c68000,0x00000000d6f00000)
  to   space 2560K, 0% used [0x00000000d6f00000,0x00000000d6f00000,0x00000000d7180000)
 ParOldGen       total 68608K, used 33148K [0x0000000080000000, 0x0000000084300000, 0x00000000d5580000)
  object space 68608K, 48% used [0x0000000080000000,0x000000008205f100,0x0000000084300000)
 Metaspace       used 47710K, committed 48512K, reserved 1097728K
  class space    used 5247K, committed 5632K, reserved 1048576K
}
Event: 2,916 GC heap before
{Heap before GC invocations=18 (full 2):
 PSYoungGen      total 26112K, used 23453K [0x00000000d5580000, 0x00000000d7180000, 0x0000000100000000)
  eden space 22016K, 99% used [0x00000000d5580000,0x00000000d6aff678,0x00000000d6b00000)
  from space 4096K, 35% used [0x00000000d6b00000,0x00000000d6c68000,0x00000000d6f00000)
  to   space 2560K, 0% used [0x00000000d6f00000,0x00000000d6f00000,0x00000000d7180000)
 ParOldGen       total 68608K, used 33148K [0x0000000080000000, 0x0000000084300000, 0x00000000d5580000)
  object space 68608K, 48% used [0x0000000080000000,0x000000008205f100,0x0000000084300000)
 Metaspace       used 50879K, committed 51712K, reserved 1097728K
  class space    used 5603K, committed 6016K, reserved 1048576K
}
Event: 2,918 GC heap after
{Heap after GC invocations=18 (full 2):
 PSYoungGen      total 23552K, used 1175K [0x00000000d5580000, 0x00000000d7080000, 0x0000000100000000)
  eden space 22016K, 0% used [0x00000000d5580000,0x00000000d5580000,0x00000000d6b00000)
  from space 1536K, 76% used [0x00000000d6f00000,0x00000000d7025c28,0x00000000d7080000)
  to   space 1536K, 0% used [0x00000000d6d80000,0x00000000d6d80000,0x00000000d6f00000)
 ParOldGen       total 68608K, used 34300K [0x0000000080000000, 0x0000000084300000, 0x00000000d5580000)
  object space 68608K, 49% used [0x0000000080000000,0x000000008217f100,0x0000000084300000)
 Metaspace       used 50879K, committed 51712K, reserved 1097728K
  class space    used 5603K, committed 6016K, reserved 1048576K
}
Event: 3,102 GC heap before
{Heap before GC invocations=19 (full 2):
 PSYoungGen      total 23552K, used 23191K [0x00000000d5580000, 0x00000000d7080000, 0x0000000100000000)
  eden space 22016K, 100% used [0x00000000d5580000,0x00000000d6b00000,0x00000000d6b00000)
  from space 1536K, 76% used [0x00000000d6f00000,0x00000000d7025c28,0x00000000d7080000)
  to   space 1536K, 0% used [0x00000000d6d80000,0x00000000d6d80000,0x00000000d6f00000)
 ParOldGen       total 68608K, used 34300K [0x0000000080000000, 0x0000000084300000, 0x00000000d5580000)
  object space 68608K, 49% used [0x0000000080000000,0x000000008217f100,0x0000000084300000)
 Metaspace       used 52543K, committed 53376K, reserved 1097728K
  class space    used 5751K, committed 6144K, reserved 1048576K
}
Event: 3,104 GC heap after
{Heap after GC invocations=19 (full 2):
 PSYoungGen      total 23552K, used 1536K [0x00000000d5580000, 0x00000000d7300000, 0x0000000100000000)
  eden space 22016K, 0% used [0x00000000d5580000,0x00000000d5580000,0x00000000d6b00000)
  from space 1536K, 100% used [0x00000000d6d80000,0x00000000d6f00000,0x00000000d6f00000)
  to   space 4096K, 0% used [0x00000000d6f00000,0x00000000d6f00000,0x00000000d7300000)
 ParOldGen       total 68608K, used 36366K [0x0000000080000000, 0x0000000084300000, 0x00000000d5580000)
  object space 68608K, 53% used [0x0000000080000000,0x0000000082383910,0x0000000084300000)
 Metaspace       used 52543K, committed 53376K, reserved 1097728K
  class space    used 5751K, committed 6144K, reserved 1048576K
}
Event: 3,195 GC heap before
{Heap before GC invocations=20 (full 2):
 PSYoungGen      total 23552K, used 23552K [0x00000000d5580000, 0x00000000d7300000, 0x0000000100000000)
  eden space 22016K, 100% used [0x00000000d5580000,0x00000000d6b00000,0x00000000d6b00000)
  from space 1536K, 100% used [0x00000000d6d80000,0x00000000d6f00000,0x00000000d6f00000)
  to   space 4096K, 0% used [0x00000000d6f00000,0x00000000d6f00000,0x00000000d7300000)
 ParOldGen       total 68608K, used 36366K [0x0000000080000000, 0x0000000084300000, 0x00000000d5580000)
  object space 68608K, 53% used [0x0000000080000000,0x0000000082383910,0x0000000084300000)
 Metaspace       used 52855K, committed 53760K, reserved 1097728K
  class space    used 5774K, committed 6208K, reserved 1048576K
}
Event: 3,198 GC heap after
{Heap after GC invocations=20 (full 2):
 PSYoungGen      total 24064K, used 1920K [0x00000000d5580000, 0x00000000d7100000, 0x0000000100000000)
  eden space 22016K, 0% used [0x00000000d5580000,0x00000000d5580000,0x00000000d6b00000)
  from space 2048K, 93% used [0x00000000d6f00000,0x00000000d70e0000,0x00000000d7100000)
  to   space 2560K, 0% used [0x00000000d6c00000,0x00000000d6c00000,0x00000000d6e80000)
 ParOldGen       total 68608K, used 37686K [0x0000000080000000, 0x0000000084300000, 0x00000000d5580000)
  object space 68608K, 54% used [0x0000000080000000,0x00000000824cdac8,0x0000000084300000)
 Metaspace       used 52855K, committed 53760K, reserved 1097728K
  class space    used 5774K, committed 6208K, reserved 1048576K
}
Event: 3,315 GC heap before
{Heap before GC invocations=21 (full 2):
 PSYoungGen      total 24064K, used 23936K [0x00000000d5580000, 0x00000000d7100000, 0x0000000100000000)
  eden space 22016K, 100% used [0x00000000d5580000,0x00000000d6b00000,0x00000000d6b00000)
  from space 2048K, 93% used [0x00000000d6f00000,0x00000000d70e0000,0x00000000d7100000)
  to   space 2560K, 0% used [0x00000000d6c00000,0x00000000d6c00000,0x00000000d6e80000)
 ParOldGen       total 68608K, used 37686K [0x0000000080000000, 0x0000000084300000, 0x00000000d5580000)
  object space 68608K, 54% used [0x0000000080000000,0x00000000824cdac8,0x0000000084300000)
 Metaspace       used 53012K, committed 53888K, reserved 1097728K
  class space    used 5778K, committed 6208K, reserved 1048576K
}
Event: 3,316 GC heap after
{Heap after GC invocations=21 (full 2):
 PSYoungGen      total 24064K, used 1696K [0x00000000d5580000, 0x00000000d6f80000, 0x0000000100000000)
  eden space 22016K, 0% used [0x00000000d5580000,0x00000000d5580000,0x00000000d6b00000)
  from space 2048K, 82% used [0x00000000d6c00000,0x00000000d6da8000,0x00000000d6e00000)
  to   space 1536K, 0% used [0x00000000d6e00000,0x00000000d6e00000,0x00000000d6f80000)
 ParOldGen       total 68608K, used 39471K [0x0000000080000000, 0x0000000084300000, 0x00000000d5580000)
  object space 68608K, 57% used [0x0000000080000000,0x000000008268bfa8,0x0000000084300000)
 Metaspace       used 53012K, committed 53888K, reserved 1097728K
  class space    used 5778K, committed 6208K, reserved 1048576K
}
Event: 3,404 GC heap before
{Heap before GC invocations=22 (full 2):
 PSYoungGen      total 24064K, used 23712K [0x00000000d5580000, 0x00000000d6f80000, 0x0000000100000000)
  eden space 22016K, 100% used [0x00000000d5580000,0x00000000d6b00000,0x00000000d6b00000)
  from space 2048K, 82% used [0x00000000d6c00000,0x00000000d6da8000,0x00000000d6e00000)
  to   space 1536K, 0% used [0x00000000d6e00000,0x00000000d6e00000,0x00000000d6f80000)
 ParOldGen       total 68608K, used 39471K [0x0000000080000000, 0x0000000084300000, 0x00000000d5580000)
  object space 68608K, 57% used [0x0000000080000000,0x000000008268bfa8,0x0000000084300000)
 Metaspace       used 53115K, committed 53952K, reserved 1097728K
  class space    used 5780K, committed 6208K, reserved 1048576K
}
Event: 3,406 GC heap after
{Heap after GC invocations=22 (full 2):
 PSYoungGen      total 21504K, used 1536K [0x00000000d5580000, 0x00000000d7500000, 0x0000000100000000)
  eden space 19968K, 0% used [0x00000000d5580000,0x00000000d5580000,0x00000000d6900000)
  from space 1536K, 100% used [0x00000000d6e00000,0x00000000d6f80000,0x00000000d6f80000)
  to   space 5120K, 0% used [0x00000000d6900000,0x00000000d6900000,0x00000000d6e00000)
 ParOldGen       total 68608K, used 42211K [0x0000000080000000, 0x0000000084300000, 0x00000000d5580000)
  object space 68608K, 61% used [0x0000000080000000,0x0000000082938fc8,0x0000000084300000)
 Metaspace       used 53115K, committed 53952K, reserved 1097728K
  class space    used 5780K, committed 6208K, reserved 1048576K
}
Event: 3,494 GC heap before
{Heap before GC invocations=23 (full 2):
 PSYoungGen      total 21504K, used 21504K [0x00000000d5580000, 0x00000000d7500000, 0x0000000100000000)
  eden space 19968K, 100% used [0x00000000d5580000,0x00000000d6900000,0x00000000d6900000)
  from space 1536K, 100% used [0x00000000d6e00000,0x00000000d6f80000,0x00000000d6f80000)
  to   space 5120K, 0% used [0x00000000d6900000,0x00000000d6900000,0x00000000d6e00000)
 ParOldGen       total 68608K, used 42211K [0x0000000080000000, 0x0000000084300000, 0x00000000d5580000)
  object space 68608K, 61% used [0x0000000080000000,0x0000000082938fc8,0x0000000084300000)
 Metaspace       used 53747K, committed 54592K, reserved 1097728K
  class space    used 5836K, committed 6272K, reserved 1048576K
}
Event: 3,495 GC heap after
{Heap after GC invocations=23 (full 2):
 PSYoungGen      total 21504K, used 1504K [0x00000000d5580000, 0x00000000d6e80000, 0x0000000100000000)
  eden space 19968K, 0% used [0x00000000d5580000,0x00000000d5580000,0x00000000d6900000)
  from space 1536K, 97% used [0x00000000d6900000,0x00000000d6a78000,0x00000000d6a80000)
  to   space 2560K, 0% used [0x00000000d6c00000,0x00000000d6c00000,0x00000000d6e80000)
 ParOldGen       total 68608K, used 43629K [0x0000000080000000, 0x0000000084300000, 0x00000000d5580000)
  object space 68608K, 63% used [0x0000000080000000,0x0000000082a9b678,0x0000000084300000)
 Metaspace       used 53747K, committed 54592K, reserved 1097728K
  class space    used 5836K, committed 6272K, reserved 1048576K
}
Event: 3,557 GC heap before
{Heap before GC invocations=24 (full 2):
 PSYoungGen      total 21504K, used 21472K [0x00000000d5580000, 0x00000000d6e80000, 0x0000000100000000)
  eden space 19968K, 100% used [0x00000000d5580000,0x00000000d6900000,0x00000000d6900000)
  from space 1536K, 97% used [0x00000000d6900000,0x00000000d6a78000,0x00000000d6a80000)
  to   space 2560K, 0% used [0x00000000d6c00000,0x00000000d6c00000,0x00000000d6e80000)
 ParOldGen       total 68608K, used 43629K [0x0000000080000000, 0x0000000084300000, 0x00000000d5580000)
  object space 68608K, 63% used [0x0000000080000000,0x0000000082a9b678,0x0000000084300000)
 Metaspace       used 53993K, committed 54912K, reserved 1097728K
  class space    used 5855K, committed 6272K, reserved 1048576K
}
Event: 3,558 GC heap after
{Heap after GC invocations=24 (full 2):
 PSYoungGen      total 21504K, used 1447K [0x00000000d5580000, 0x00000000d6d80000, 0x0000000100000000)
  eden space 19968K, 0% used [0x00000000d5580000,0x00000000d5580000,0x00000000d6900000)
  from space 1536K, 94% used [0x00000000d6c00000,0x00000000d6d69db8,0x00000000d6d80000)
  to   space 2048K, 0% used [0x00000000d6980000,0x00000000d6980000,0x00000000d6b80000)
 ParOldGen       total 68608K, used 44854K [0x0000000080000000, 0x0000000084300000, 0x00000000d5580000)
  object space 68608K, 65% used [0x0000000080000000,0x0000000082bcda48,0x0000000084300000)
 Metaspace       used 53993K, committed 54912K, reserved 1097728K
  class space    used 5855K, committed 6272K, reserved 1048576K
}
Event: 3,651 GC heap before
{Heap before GC invocations=25 (full 3):
 PSYoungGen      total 21504K, used 21415K [0x00000000d5580000, 0x00000000d6d80000, 0x0000000100000000)
  eden space 19968K, 100% used [0x00000000d5580000,0x00000000d6900000,0x00000000d6900000)
  from space 1536K, 94% used [0x00000000d6c00000,0x00000000d6d69db8,0x00000000d6d80000)
  to   space 2048K, 0% used [0x00000000d6980000,0x00000000d6980000,0x00000000d6b80000)
 ParOldGen       total 68608K, used 67894K [0x0000000080000000, 0x0000000084300000, 0x00000000d5580000)
  object space 68608K, 98% used [0x0000000080000000,0x000000008424daa0,0x0000000084300000)
 Metaspace       used 55659K, committed 56512K, reserved 1105920K
  class space    used 5995K, committed 6400K, reserved 1048576K
}

Deoptimization events (20 events):
Event: 3,568 Thread 0x00007ffa4c000f50 DEOPT PACKING pc=0x00007ffac9f413fc sp=0x00007ffab41fb360
Event: 3,568 Thread 0x00007ffa4c000f50 DEOPT UNPACKING pc=0x00007ffac2454d99 sp=0x00007ffab41fb330 mode 2
Event: 3,568 Thread 0x00007ffa4c000f50 Uncommon trap: trap_request=0xffffffbe fr.pc=0x00007ffac9f413fc relative=0x0000000000000b9c
Event: 3,568 Thread 0x00007ffa4c000f50 Uncommon trap: reason=profile_predicate action=maybe_recompile pc=0x00007ffac9f413fc method=java.util.concurrent.ConcurrentHashMap.putAll(Ljava/util/Map;)V @ 28 c2
Event: 3,568 Thread 0x00007ffa4c000f50 DEOPT PACKING pc=0x00007ffac9f413fc sp=0x00007ffab41fb360
Event: 3,568 Thread 0x00007ffa4c000f50 DEOPT UNPACKING pc=0x00007ffac2454d99 sp=0x00007ffab41fb330 mode 2
Event: 3,575 Thread 0x00007ffa4c000f50 Uncommon trap: trap_request=0xffffffbe fr.pc=0x00007ffac9f413fc relative=0x0000000000000b9c
Event: 3,575 Thread 0x00007ffa4c000f50 Uncommon trap: reason=profile_predicate action=maybe_recompile pc=0x00007ffac9f413fc method=java.util.concurrent.ConcurrentHashMap.putAll(Ljava/util/Map;)V @ 28 c2
Event: 3,575 Thread 0x00007ffa4c000f50 DEOPT PACKING pc=0x00007ffac9f413fc sp=0x00007ffab41fb1d0
Event: 3,575 Thread 0x00007ffa4c000f50 DEOPT UNPACKING pc=0x00007ffac2454d99 sp=0x00007ffab41fb1a0 mode 2
Event: 3,575 Thread 0x00007ffa4c000f50 Uncommon trap: trap_request=0xffffffbe fr.pc=0x00007ffac9f413fc relative=0x0000000000000b9c
Event: 3,575 Thread 0x00007ffa4c000f50 Uncommon trap: reason=profile_predicate action=maybe_recompile pc=0x00007ffac9f413fc method=java.util.concurrent.ConcurrentHashMap.putAll(Ljava/util/Map;)V @ 28 c2
Event: 3,575 Thread 0x00007ffa4c000f50 DEOPT PACKING pc=0x00007ffac9f413fc sp=0x00007ffab41fb1d0
Event: 3,575 Thread 0x00007ffa4c000f50 DEOPT UNPACKING pc=0x00007ffac2454d99 sp=0x00007ffab41fb1a0 mode 2
Event: 3,611 Thread 0x00007ffa4c000f50 DEOPT PACKING pc=0x00007ffac329ae6d sp=0x00007ffab41fb5a0
Event: 3,611 Thread 0x00007ffa4c000f50 DEOPT UNPACKING pc=0x00007ffac245552f sp=0x00007ffab41faa58 mode 0
Event: 3,613 Thread 0x00007ffa4c000f50 DEOPT PACKING pc=0x00007ffac329ae6d sp=0x00007ffab41fb5a0
Event: 3,613 Thread 0x00007ffa4c000f50 DEOPT UNPACKING pc=0x00007ffac245552f sp=0x00007ffab41faa58 mode 0
Event: 3,618 Thread 0x00007ffa4c000f50 DEOPT PACKING pc=0x00007ffac329ae6d sp=0x00007ffab41fb5a0
Event: 3,618 Thread 0x00007ffa4c000f50 DEOPT UNPACKING pc=0x00007ffac245552f sp=0x00007ffab41faa58 mode 0

Classes unloaded (0 events):
No events

Classes redefined (0 events):
No events

Internal exceptions (20 events):
Event: 2,634 Thread 0x00007ffa4c00c5c0 Exception <a 'java/lang/NoSuchMethodError'{0x00000000d6635688}: 'java.lang.Object java.lang.invoke.Invokers$Holder.linkToTargetMethod(java.lang.Object, java.lang.Object, long, java.lang.Object)'> (0x00000000d6635688) 
thrown [src/hotspot/share/interpreter/linkResolver.cpp, line 766]
Event: 2,639 Thread 0x00007ffad46cc550 Exception <a 'java/lang/NoSuchMethodError'{0x00000000d66f3808}: 'java.lang.Object java.lang.invoke.DirectMethodHandle$Holder.invokeInterface(java.lang.Object, java.lang.Object, java.lang.Object)'> (0x00000000d66f3808) 
thrown [src/hotspot/share/interpreter/linkResolver.cpp, line 766]
Event: 2,643 Thread 0x00007ffa4c00c5c0 Exception <a 'java/io/FileNotFoundException'{0x00000000d6718a78}> (0x00000000d6718a78) 
thrown [src/hotspot/share/prims/jni.cpp, line 516]
Event: 2,644 Thread 0x00007ffa4c00c5c0 Exception <a 'java/io/FileNotFoundException'{0x00000000d6720870}> (0x00000000d6720870) 
thrown [src/hotspot/share/prims/jni.cpp, line 516]
Event: 2,644 Thread 0x00007ffa4c00c5c0 Exception <a 'java/io/FileNotFoundException'{0x00000000d6721be8}> (0x00000000d6721be8) 
thrown [src/hotspot/share/prims/jni.cpp, line 516]
Event: 2,883 Thread 0x00007ffad46cc550 Exception <a 'java/io/FileNotFoundException'{0x00000000d699f690}> (0x00000000d699f690) 
thrown [src/hotspot/share/prims/jni.cpp, line 516]
Event: 2,905 Thread 0x00007ffad46cc550 Exception <a 'java/lang/ArrayIndexOutOfBoundsException'{0x00000000d6aafbf8}: Index 1908 out of bounds for length 1908> (0x00000000d6aafbf8) 
thrown [src/hotspot/share/interpreter/interpreterRuntime.cpp, line 428]
Event: 2,932 Thread 0x00007ffa4c000f50 Exception <a 'java/lang/NoSuchMethodError'{0x00000000d56a22f8}: 'java.lang.Object java.lang.invoke.DirectMethodHandle$Holder.newInvokeSpecial(java.lang.Object, java.lang.Object, int, java.lang.Object, java.lang.Object)'> (0x00000000d56a22f8) 
thrown [src/hotspot/share/interpreter/linkResolver.cpp, line 766]
Event: 2,932 Thread 0x00007ffa4c000f50 Exception <a 'java/lang/NoSuchMethodError'{0x00000000d56a6f20}: 'java.lang.Object java.lang.invoke.DirectMethodHandle$Holder.invokeSpecial(java.lang.Object, java.lang.Object, java.lang.Object, int, java.lang.Object, java.lang.Object)'> (0x00000000d56a6f20) 
thrown [src/hotspot/share/interpreter/linkResolver.cpp, line 766]
Event: 3,174 Thread 0x00007ffa4c000f50 Implicit null exception at 0x00007ffaca1195ec to 0x00007ffaca1196a0
Event: 3,432 Thread 0x00007ffa4c000f50 Implicit null exception at 0x00007ffaca00cc29 to 0x00007ffaca00d118
Event: 3,432 Thread 0x00007ffa4c000f50 Implicit null exception at 0x00007ffaca004a2d to 0x00007ffaca004f18
Event: 3,448 Thread 0x00007ffa4c000f50 Exception <a 'java/lang/NoSuchMethodError'{0x00000000d5fa5148}: 'java.lang.Object java.lang.invoke.DirectMethodHandle$Holder.newInvokeSpecial(java.lang.Object, java.lang.Object, java.lang.Object, int, java.lang.Object)'> (0x00000000d5fa5148) 
thrown [src/hotspot/share/interpreter/linkResolver.cpp, line 766]
Event: 3,448 Thread 0x00007ffa4c000f50 Exception <a 'java/lang/NoSuchMethodError'{0x00000000d5fa92f8}: 'java.lang.Object java.lang.invoke.DirectMethodHandle$Holder.invokeSpecial(java.lang.Object, java.lang.Object, java.lang.Object, java.lang.Object, int, java.lang.Object)'> (0x00000000d5fa92f8) 
thrown [src/hotspot/share/interpreter/linkResolver.cpp, line 766]
Event: 3,448 Thread 0x00007ffa4c000f50 Exception <a 'java/lang/NoSuchMethodError'{0x00000000d5facde0}: 'java.lang.Object java.lang.invoke.Invokers$Holder.linkToTargetMethod(java.lang.Object, java.lang.Object, int, java.lang.Object, java.lang.Object)'> (0x00000000d5facde0) 
thrown [src/hotspot/share/interpreter/linkResolver.cpp, line 766]
Event: 3,466 Thread 0x00007ffa4c000f50 Implicit null exception at 0x00007ffaca0d6213 to 0x00007ffaca0d6950
Event: 3,478 Thread 0x00007ffa4c000f50 Exception <a 'java/io/FileNotFoundException'{0x00000000d6500cb8}> (0x00000000d6500cb8) 
thrown [src/hotspot/share/prims/jni.cpp, line 516]
Event: 3,478 Thread 0x00007ffa4c000f50 Exception <a 'java/io/FileNotFoundException'{0x00000000d6502048}> (0x00000000d6502048) 
thrown [src/hotspot/share/prims/jni.cpp, line 516]
Event: 3,578 Thread 0x00007ffa4c000f50 Exception <a 'java/lang/NoSuchMethodError'{0x00000000d578cc58}: 'int java.lang.invoke.DirectMethodHandle$Holder.invokeSpecial(java.lang.Object, java.lang.Object, java.lang.Object)'> (0x00000000d578cc58) 
thrown [src/hotspot/share/interpreter/linkResolver.cpp, line 766]
Event: 3,630 Thread 0x00007ffad46cc550 Exception <a 'java/lang/ArrayIndexOutOfBoundsException'{0x00000000d63f0ba8}: Index 2786 out of bounds for length 2786> (0x00000000d63f0ba8) 
thrown [src/hotspot/share/interpreter/interpreterRuntime.cpp, line 428]

VM Operations (20 events):
Event: 3,442 Executing VM operation: HandshakeAllThreads done
Event: 3,447 Executing VM operation: ICBufferFull
Event: 3,448 Executing VM operation: ICBufferFull done
Event: 3,453 Executing VM operation: HandshakeAllThreads
Event: 3,453 Executing VM operation: HandshakeAllThreads done
Event: 3,487 Executing VM operation: HandshakeAllThreads
Event: 3,487 Executing VM operation: HandshakeAllThreads done
Event: 3,494 Executing VM operation: ParallelGCFailedAllocation
Event: 3,495 Executing VM operation: ParallelGCFailedAllocation done
Event: 3,557 Executing VM operation: ParallelGCFailedAllocation
Event: 3,558 Executing VM operation: ParallelGCFailedAllocation done
Event: 3,579 Executing VM operation: HandshakeAllThreads
Event: 3,579 Executing VM operation: HandshakeAllThreads done
Event: 3,644 Executing VM operation: HandshakeAllThreads
Event: 3,645 Executing VM operation: HandshakeAllThreads done
Event: 3,650 Executing VM operation: HandshakeAllThreads
Event: 3,650 Executing VM operation: HandshakeAllThreads done
Event: 3,650 Executing VM operation: ParallelGCFailedAllocation
Event: 3,650 Executing VM operation: ParallelGCFailedAllocation done
Event: 3,650 Executing VM operation: ParallelGCSystemGC

Events (20 events):
Event: 3,643 loading class sun/security/jca/ProviderConfig$3
Event: 3,643 loading class sun/security/jca/ProviderConfig$3 done
Event: 3,643 loading class sun/security/jca/ProviderConfig$ProviderLoader
Event: 3,643 loading class sun/security/jca/ProviderConfig$ProviderLoader done
Event: 3,645 loading class java/security/InvalidParameterException
Event: 3,645 loading class java/security/InvalidParameterException done
Event: 3,645 loading class java/security/ProviderException
Event: 3,645 loading class java/security/ProviderException done
Event: 3,646 loading class sun/security/ssl/SunJSSE
Event: 3,646 loading class sun/security/ssl/SunJSSE done
Event: 3,646 loading class com/sun/crypto/provider/SunJCE
Event: 3,647 loading class com/sun/crypto/provider/SunJCE done
Event: 3,648 loading class javax/crypto/JceSecurity
Event: 3,649 loading class javax/crypto/JceSecurity done
Event: 3,649 loading class javax/crypto/JceSecurity$1
Event: 3,649 loading class javax/crypto/JceSecurity$1 done
Event: 3,649 loading class java/lang/UnsupportedClassVersionError
Event: 3,649 loading class java/lang/UnsupportedClassVersionError done
Event: 3,649 loading class java/nio/file/Files$1
Event: 3,649 loading class java/nio/file/Files$1 done


Dynamic libraries:
80000000-84300000 rw-p 00000000 00:00 0 
84300000-d5580000 ---p 00000000 00:00 0 
d5580000-d6d80000 rw-p 00000000 00:00 0 
d6d80000-100000000 ---p 00000000 00:00 0 
100000000-100020000 rw-p 00000000 00:00 0 
100020000-100040000 rw-p 00000000 00:00 0 
100040000-100100000 rw-p 00000000 00:00 0 
100100000-100180000 rw-p 00000000 00:00 0 
100180000-100240000 rw-p 00000000 00:00 0 
100240000-100280000 rw-p 00000000 00:00 0 
100280000-100370000 rw-p 00000000 00:00 0 
100370000-100380000 ---p 00000000 00:00 0 
100380000-100650000 rw-p 00000000 00:00 0 
100650000-140000000 ---p 00000000 00:00 0 
5581343da000-5581343db000 r-xp 00000000 103:06 1923779                   /home/artur/.vscode/extensions/redhat.java-1.2.0/jre/17.0.1-linux-x86_64/bin/java
5581345db000-5581345dc000 r--p 00001000 103:06 1923779                   /home/artur/.vscode/extensions/redhat.java-1.2.0/jre/17.0.1-linux-x86_64/bin/java
5581345dc000-5581345dd000 rw-p 00002000 103:06 1923779                   /home/artur/.vscode/extensions/redhat.java-1.2.0/jre/17.0.1-linux-x86_64/bin/java
5581357f9000-55813581a000 rw-p 00000000 00:00 0                          [heap]
7ff9fc000000-7ff9fc021000 rw-p 00000000 00:00 0 
7ff9fc021000-7ffa00000000 ---p 00000000 00:00 0 
7ffa00000000-7ffa00163000 rw-p 00000000 00:00 0 
7ffa00163000-7ffa04000000 ---p 00000000 00:00 0 
7ffa04000000-7ffa04021000 rw-p 00000000 00:00 0 
7ffa04021000-7ffa08000000 ---p 00000000 00:00 0 
7ffa08000000-7ffa08043000 rw-p 00000000 00:00 0 
7ffa08043000-7ffa0c000000 ---p 00000000 00:00 0 
7ffa0c000000-7ffa0c021000 rw-p 00000000 00:00 0 
7ffa0c021000-7ffa10000000 ---p 00000000 00:00 0 
7ffa13878000-7ffa1c000000 r--s 00000000 103:06 2889069                   /usr/lib/jvm/java-11-openjdk-amd64/lib/modules
7ffa1c000000-7ffa1c263000 rw-p 00000000 00:00 0 
7ffa1c263000-7ffa20000000 ---p 00000000 00:00 0 
7ffa20000000-7ffa20021000 rw-p 00000000 00:00 0 
7ffa20021000-7ffa24000000 ---p 00000000 00:00 0 
7ffa24000000-7ffa24c28000 rw-p 00000000 00:00 0 
7ffa24c28000-7ffa28000000 ---p 00000000 00:00 0 
7ffa28000000-7ffa28021000 rw-p 00000000 00:00 0 
7ffa28021000-7ffa2c000000 ---p 00000000 00:00 0 
7ffa2c000000-7ffa2c021000 rw-p 00000000 00:00 0 
7ffa2c021000-7ffa30000000 ---p 00000000 00:00 0 
7ffa30000000-7ffa3095c000 rw-p 00000000 00:00 0 
7ffa3095c000-7ffa34000000 ---p 00000000 00:00 0 
7ffa34000000-7ffa34021000 rw-p 00000000 00:00 0 
7ffa34021000-7ffa38000000 ---p 00000000 00:00 0 
7ffa38000000-7ffa38021000 rw-p 00000000 00:00 0 
7ffa38021000-7ffa3c000000 ---p 00000000 00:00 0 
7ffa3c000000-7ffa3c160000 rw-p 00000000 00:00 0 
7ffa3c160000-7ffa40000000 ---p 00000000 00:00 0 
7ffa40000000-7ffa40179000 rw-p 00000000 00:00 0 
7ffa40179000-7ffa44000000 ---p 00000000 00:00 0 
7ffa44967000-7ffa44bfc000 rw-p 00000000 00:00 0 
7ffa44bfc000-7ffa44c00000 ---p 00000000 00:00 0 
7ffa44c00000-7ffa44cfd000 rw-p 00000000 00:00 0 
7ffa44cfd000-7ffa44d01000 ---p 00000000 00:00 0 
7ffa44d01000-7ffa44dfe000 rw-p 00000000 00:00 0 
7ffa44dfe000-7ffa44e02000 ---p 00000000 00:00 0 
7ffa44e02000-7ffa44eff000 rw-p 00000000 00:00 0 
7ffa44eff000-7ffa44f03000 ---p 00000000 00:00 0 
7ffa44f03000-7ffa45150000 rw-p 00000000 00:00 0 
7ffa45150000-7ffa45800000 ---p 00000000 00:00 0 
7ffa45800000-7ffa46000000 rw-p 00000000 00:00 0 
7ffa46002000-7ffa46006000 ---p 00000000 00:00 0 
7ffa46006000-7ffa46103000 rw-p 00000000 00:00 0 
7ffa46103000-7ffa46107000 ---p 00000000 00:00 0 
7ffa46107000-7ffa46b00000 rw-p 00000000 00:00 0 
7ffa46b00000-7ffa46ba0000 rw-p 00000000 00:00 0 
7ffa46ba0000-7ffa46c00000 ---p 00000000 00:00 0 
7ffa46cfd000-7ffa46d01000 ---p 00000000 00:00 0 
7ffa46d01000-7ffa46dfe000 rw-p 00000000 00:00 0 
7ffa46dfe000-7ffa46e02000 ---p 00000000 00:00 0 
7ffa46e02000-7ffa46eff000 rw-p 00000000 00:00 0 
7ffa46eff000-7ffa46f03000 ---p 00000000 00:00 0 
7ffa46f03000-7ffa47100000 rw-p 00000000 00:00 0 
7ffa47100000-7ffa47200000 rw-p 00000000 00:00 0 
7ffa47200000-7ffa47500000 rw-p 00000000 00:00 0 
7ffa47500000-7ffa47600000 rw-p 00000000 00:00 0 
7ffa47600000-7ffa47800000 rw-p 00000000 00:00 0 
7ffa478e9000-7ffa478f6000 r-xp 00000000 103:06 1924404                   /home/artur/.vscode/extensions/redhat.java-1.2.0/jre/17.0.1-linux-x86_64/lib/libverify.so
7ffa478f6000-7ffa47af5000 ---p 0000d000 103:06 1924404                   /home/artur/.vscode/extensions/redhat.java-1.2.0/jre/17.0.1-linux-x86_64/lib/libverify.so
7ffa47af5000-7ffa47af7000 r--p 0000c000 103:06 1924404                   /home/artur/.vscode/extensions/redhat.java-1.2.0/jre/17.0.1-linux-x86_64/lib/libverify.so
7ffa47af7000-7ffa47af8000 rw-p 0000e000 103:06 1924404                   /home/artur/.vscode/extensions/redhat.java-1.2.0/jre/17.0.1-linux-x86_64/lib/libverify.so
7ffa47af8000-7ffa47afc000 ---p 00000000 00:00 0 
7ffa47afc000-7ffa47bf9000 rw-p 00000000 00:00 0 
7ffa47bf9000-7ffa47bfd000 ---p 00000000 00:00 0 
7ffa47bfd000-7ffa47cfa000 rw-p 00000000 00:00 0 
7ffa47cfa000-7ffa47cfb000 ---p 00000000 00:00 0 
7ffa47cfb000-7ffa47dfc000 rw-p 00000000 00:00 0 
7ffa47dfc000-7ffa47dfd000 ---p 00000000 00:00 0 
7ffa47dfd000-7ffa47efe000 rw-p 00000000 00:00 0 
7ffa47efe000-7ffa47eff000 ---p 00000000 00:00 0 
7ffa47eff000-7ffa48000000 rw-p 00000000 00:00 0 
7ffa48000000-7ffa48021000 rw-p 00000000 00:00 0 
7ffa48021000-7ffa4c000000 ---p 00000000 00:00 0 
7ffa4c000000-7ffa4c08e000 rw-p 00000000 00:00 0 
7ffa4c08e000-7ffa50000000 ---p 00000000 00:00 0 
7ffa50000000-7ffa50021000 rw-p 00000000 00:00 0 
7ffa50021000-7ffa54000000 ---p 00000000 00:00 0 
7ffa54000000-7ffa54021000 rw-p 00000000 00:00 0 
7ffa54021000-7ffa58000000 ---p 00000000 00:00 0 
7ffa58000000-7ffa58021000 rw-p 00000000 00:00 0 
7ffa58021000-7ffa5c000000 ---p 00000000 00:00 0 
7ffa5c000000-7ffa5c021000 rw-p 00000000 00:00 0 
7ffa5c021000-7ffa60000000 ---p 00000000 00:00 0 
7ffa60000000-7ffa60021000 rw-p 00000000 00:00 0 
7ffa60021000-7ffa64000000 ---p 00000000 00:00 0 
7ffa64000000-7ffa64021000 rw-p 00000000 00:00 0 
7ffa64021000-7ffa68000000 ---p 00000000 00:00 0 
7ffa68000000-7ffa68021000 rw-p 00000000 00:00 0 
7ffa68021000-7ffa6c000000 ---p 00000000 00:00 0 
7ffa6c000000-7ffa6c021000 rw-p 00000000 00:00 0 
7ffa6c021000-7ffa70000000 ---p 00000000 00:00 0 
7ffa70000000-7ffa70021000 rw-p 00000000 00:00 0 
7ffa70021000-7ffa74000000 ---p 00000000 00:00 0 
7ffa74000000-7ffa74934000 rw-p 00000000 00:00 0 
7ffa74934000-7ffa78000000 ---p 00000000 00:00 0 
7ffa78000000-7ffa78021000 rw-p 00000000 00:00 0 
7ffa78021000-7ffa7c000000 ---p 00000000 00:00 0 
7ffa7c000000-7ffa7c021000 rw-p 00000000 00:00 0 
7ffa7c021000-7ffa80000000 ---p 00000000 00:00 0 
7ffa80000000-7ffa80021000 rw-p 00000000 00:00 0 
7ffa80021000-7ffa84000000 ---p 00000000 00:00 0 
7ffa84000000-7ffa84021000 rw-p 00000000 00:00 0 
7ffa84021000-7ffa88000000 ---p 00000000 00:00 0 
7ffa88000000-7ffa88021000 rw-p 00000000 00:00 0 
7ffa88021000-7ffa8c000000 ---p 00000000 00:00 0 
7ffa8c000000-7ffa8da3e000 rw-p 00000000 00:00 0 
7ffa8da3e000-7ffa90000000 ---p 00000000 00:00 0 
7ffa90000000-7ffa90e21000 rw-p 00000000 00:00 0 
7ffa90e21000-7ffa94000000 ---p 00000000 00:00 0 
7ffa94000000-7ffa94021000 rw-p 00000000 00:00 0 
7ffa94021000-7ffa98000000 ---p 00000000 00:00 0 
7ffa98000000-7ffa98021000 rw-p 00000000 00:00 0 
7ffa98021000-7ffa9c000000 ---p 00000000 00:00 0 
7ffa9c000000-7ffa9d0df000 rw-p 00000000 00:00 0 
7ffa9d0df000-7ffaa0000000 ---p 00000000 00:00 0 
7ffaa0000000-7ffaa0021000 rw-p 00000000 00:00 0 
7ffaa0021000-7ffaa4000000 ---p 00000000 00:00 0 
7ffaa4000000-7ffaa4021000 rw-p 00000000 00:00 0 
7ffaa4021000-7ffaa8000000 ---p 00000000 00:00 0 
7ffaa8000000-7ffaa8021000 rw-p 00000000 00:00 0 
7ffaa8021000-7ffaac000000 ---p 00000000 00:00 0 
7ffaac000000-7ffaac021000 rw-p 00000000 00:00 0 
7ffaac021000-7ffab0000000 ---p 00000000 00:00 0 
7ffab0000000-7ffab0044000 rw-p 00000000 00:00 0 
7ffab0044000-7ffab4000000 ---p 00000000 00:00 0 
7ffab40fd000-7ffab4101000 ---p 00000000 00:00 0 
7ffab4101000-7ffab41fe000 rw-p 00000000 00:00 0 
7ffab41fe000-7ffab4202000 ---p 00000000 00:00 0 
7ffab4202000-7ffab42ff000 rw-p 00000000 00:00 0 
7ffab42ff000-7ffab4303000 ---p 00000000 00:00 0 
7ffab4303000-7ffab4b00000 rw-p 00000000 00:00 0 
7ffab4b00000-7ffab4c00000 rw-p 00000000 00:00 0 
7ffab4ce0000-7ffab4ce4000 ---p 00000000 00:00 0 
7ffab4ce4000-7ffab4de1000 rw-p 00000000 00:00 0 
7ffab4de1000-7ffab4de5000 ---p 00000000 00:00 0 
7ffab4de5000-7ffab4ee2000 rw-p 00000000 00:00 0 
7ffab4ee2000-7ffab4ef2000 r-xp 00000000 103:06 2625853                   /home/artur/.config/Code/User/globalStorage/redhat.java/1.2.0/config_linux/org.eclipse.equinox.launcher/org.eclipse.equinox.launcher.gtk.linux.x86_64_1.2.400.v20211117-0650/eclipse_11600.so
7ffab4ef2000-7ffab50f1000 ---p 00010000 103:06 2625853                   /home/artur/.config/Code/User/globalStorage/redhat.java/1.2.0/config_linux/org.eclipse.equinox.launcher/org.eclipse.equinox.launcher.gtk.linux.x86_64_1.2.400.v20211117-0650/eclipse_11600.so
7ffab50f1000-7ffab50f2000 r--p 0000f000 103:06 2625853                   /home/artur/.config/Code/User/globalStorage/redhat.java/1.2.0/config_linux/org.eclipse.equinox.launcher/org.eclipse.equinox.launcher.gtk.linux.x86_64_1.2.400.v20211117-0650/eclipse_11600.so
7ffab50f2000-7ffab50f3000 rw-p 00010000 103:06 2625853                   /home/artur/.config/Code/User/globalStorage/redhat.java/1.2.0/config_linux/org.eclipse.equinox.launcher/org.eclipse.equinox.launcher.gtk.linux.x86_64_1.2.400.v20211117-0650/eclipse_11600.so
7ffab50f3000-7ffab50f4000 ---p 00000000 00:00 0 
7ffab50f4000-7ffab51f5000 rw-p 00000000 00:00 0 
7ffab51f5000-7ffab51f6000 ---p 00000000 00:00 0 
7ffab51f6000-7ffab52f7000 rw-p 00000000 00:00 0 
7ffab52f7000-7ffab52f8000 ---p 00000000 00:00 0 
7ffab52f8000-7ffab53f9000 rw-p 00000000 00:00 0 
7ffab53f9000-7ffab53fa000 ---p 00000000 00:00 0 
7ffab53fa000-7ffab54fb000 rw-p 00000000 00:00 0 
7ffab54fb000-7ffab54fc000 ---p 00000000 00:00 0 
7ffab54fc000-7ffab55fd000 rw-p 00000000 00:00 0 
7ffab55fd000-7ffab55fe000 ---p 00000000 00:00 0 
7ffab55fe000-7ffab56ff000 rw-p 00000000 00:00 0 
7ffab56ff000-7ffab5703000 ---p 00000000 00:00 0 
7ffab5703000-7ffab5900000 rw-p 00000000 00:00 0 
7ffab5900000-7ffab5b00000 rw-p 00000000 00:00 0 
7ffab5b00000-7ffab5c00000 rw-p 00000000 00:00 0 
7ffab5c00000-7ffab5d00000 rw-p 00000000 00:00 0 
7ffab5d00000-7ffab5e00000 rw-p 00000000 00:00 0 
7ffab5e00000-7ffab5fc0000 rw-p 00000000 00:00 0 
7ffab5fc0000-7ffab6000000 rw-p 00000000 00:00 0 
7ffab604e000-7ffab6052000 ---p 00000000 00:00 0 
7ffab6052000-7ffab614f000 rw-p 00000000 00:00 0 
7ffab614f000-7ffab6153000 ---p 00000000 00:00 0 
7ffab6153000-7ffab6250000 rw-p 00000000 00:00 0 
7ffab6250000-7ffab6265000 r-xp 00000000 103:06 1924394                   /home/artur/.vscode/extensions/redhat.java-1.2.0/jre/17.0.1-linux-x86_64/lib/libnet.so
7ffab6265000-7ffab6464000 ---p 00015000 103:06 1924394                   /home/artur/.vscode/extensions/redhat.java-1.2.0/jre/17.0.1-linux-x86_64/lib/libnet.so
7ffab6464000-7ffab6465000 r--p 00014000 103:06 1924394                   /home/artur/.vscode/extensions/redhat.java-1.2.0/jre/17.0.1-linux-x86_64/lib/libnet.so
7ffab6465000-7ffab6466000 rw-p 00015000 103:06 1924394                   /home/artur/.vscode/extensions/redhat.java-1.2.0/jre/17.0.1-linux-x86_64/lib/libnet.so
7ffab6466000-7ffab6478000 r-xp 00000000 103:06 1924395                   /home/artur/.vscode/extensions/redhat.java-1.2.0/jre/17.0.1-linux-x86_64/lib/libnio.so
7ffab6478000-7ffab6677000 ---p 00012000 103:06 1924395                   /home/artur/.vscode/extensions/redhat.java-1.2.0/jre/17.0.1-linux-x86_64/lib/libnio.so
7ffab6677000-7ffab6678000 r--p 00011000 103:06 1924395                   /home/artur/.vscode/extensions/redhat.java-1.2.0/jre/17.0.1-linux-x86_64/lib/libnio.so
7ffab6678000-7ffab6679000 rw-p 00012000 103:06 1924395                   /home/artur/.vscode/extensions/redhat.java-1.2.0/jre/17.0.1-linux-x86_64/lib/libnio.so
7ffab6679000-7ffab667a000 ---p 00000000 00:00 0 
7ffab667a000-7ffab677b000 rw-p 00000000 00:00 0 
7ffab677b000-7ffab677f000 ---p 00000000 00:00 0 
7ffab677f000-7ffab687c000 rw-p 00000000 00:00 0 
7ffab687c000-7ffab6880000 ---p 00000000 00:00 0 
7ffab6880000-7ffab697d000 rw-p 00000000 00:00 0 
7ffab697d000-7ffab6981000 ---p 00000000 00:00 0 
7ffab6981000-7ffab6a7e000 rw-p 00000000 00:00 0 
7ffab6a7e000-7ffab6a82000 ---p 00000000 00:00 0 
7ffab6a82000-7ffab6b7f000 rw-p 00000000 00:00 0 
7ffab6b7f000-7ffab6b83000 ---p 00000000 00:00 0 
7ffab6b83000-7ffab6c80000 rw-p 00000000 00:00 0 
7ffab6c80000-7ffab6c84000 ---p 00000000 00:00 0 
7ffab6c84000-7ffab6d81000 rw-p 00000000 00:00 0 
7ffab6d81000-7ffab6d85000 ---p 00000000 00:00 0 
7ffab6d85000-7ffab6e82000 rw-p 00000000 00:00 0 
7ffab6e82000-7ffab6e86000 ---p 00000000 00:00 0 
7ffab6e86000-7ffab6f83000 rw-p 00000000 00:00 0 
7ffab6f83000-7ffab6f87000 ---p 00000000 00:00 0 
7ffab6f87000-7ffab7084000 rw-p 00000000 00:00 0 
7ffab7084000-7ffab75f5000 r--p 00000000 103:06 2889157                   /usr/lib/locale/locale-archive
7ffab75f5000-7ffab75f9000 ---p 00000000 00:00 0 
7ffab75f9000-7ffab76f6000 rw-p 00000000 00:00 0 
7ffab76f6000-7ffab76fa000 ---p 00000000 00:00 0 
7ffab76fa000-7ffab77f7000 rw-p 00000000 00:00 0 
7ffab77f7000-7ffab77f8000 ---p 00000000 00:00 0 
7ffab77f8000-7ffabc000000 rw-p 00000000 00:00 0 
7ffabc000000-7ffabc021000 rw-p 00000000 00:00 0 
7ffabc021000-7ffac0000000 ---p 00000000 00:00 0 
7ffac00de000-7ffac19f7000 rw-p 00000000 00:00 0 
7ffac19f7000-7ffac19fe000 r-xp 00000000 103:06 1924405                   /home/artur/.vscode/extensions/redhat.java-1.2.0/jre/17.0.1-linux-x86_64/lib/libzip.so
7ffac19fe000-7ffac1bfe000 ---p 00007000 103:06 1924405                   /home/artur/.vscode/extensions/redhat.java-1.2.0/jre/17.0.1-linux-x86_64/lib/libzip.so
7ffac1bfe000-7ffac1bff000 r--p 00007000 103:06 1924405                   /home/artur/.vscode/extensions/redhat.java-1.2.0/jre/17.0.1-linux-x86_64/lib/libzip.so
7ffac1bff000-7ffac1c00000 rw-p 00008000 103:06 1924405                   /home/artur/.vscode/extensions/redhat.java-1.2.0/jre/17.0.1-linux-x86_64/lib/libzip.so
7ffac1c00000-7ffac2000000 rw-p 00000000 00:00 0 
7ffac2000000-7ffac2020000 rw-p 00000000 00:00 0 
7ffac2020000-7ffac2040000 rw-p 00000000 00:00 0 
7ffac2040000-7ffac2080000 rw-p 00000000 00:00 0 
7ffac2080000-7ffac2100000 rw-p 00000000 00:00 0 
7ffac2100000-7ffac2300000 rw-p 00000000 00:00 0 
7ffac2300000-7ffac2340000 rw-p 00000000 00:00 0 
7ffac2340000-7ffac2380000 rw-p 00000000 00:00 0 
7ffac2380000-7ffac2400000 rw-p 00000000 00:00 0 
7ffac2403000-7ffac2673000 rwxp 00000000 00:00 0 
7ffac2673000-7ffac2995000 ---p 00000000 00:00 0 
7ffac2995000-7ffac3625000 rwxp 00000000 00:00 0 
7ffac3625000-7ffac9ecc000 ---p 00000000 00:00 0 
7ffac9ecc000-7ffaca18c000 rwxp 00000000 00:00 0 
7ffaca18c000-7ffad1403000 ---p 00000000 00:00 0 
7ffad1403000-7ffad4000000 r--s 00000000 103:06 1924413                   /home/artur/.vscode/extensions/redhat.java-1.2.0/jre/17.0.1-linux-x86_64/lib/modules
7ffad4000000-7ffad46d1000 rw-p 00000000 00:00 0 
7ffad46d1000-7ffad8000000 ---p 00000000 00:00 0 
7ffad8088000-7ffad808c000 ---p 00000000 00:00 0 
7ffad808c000-7ffad8712000 rw-p 00000000 00:00 0 
7ffad8712000-7ffad899b000 ---p 00000000 00:00 0 
7ffad899b000-7ffad899c000 ---p 00000000 00:00 0 
7ffad899c000-7ffad8abf000 rw-p 00000000 00:00 0 
7ffad8abf000-7ffad8d47000 ---p 00000000 00:00 0 
7ffad8d47000-7ffad8d54000 rw-p 00000000 00:00 0 
7ffad8d54000-7ffad8e9d000 ---p 00000000 00:00 0 
7ffad8e9d000-7ffad8ea4000 rw-p 00000000 00:00 0 
7ffad8ea4000-7ffad8f89000 ---p 00000000 00:00 0 
7ffad8f89000-7ffad8fa3000 rw-p 00000000 00:00 0 
7ffad8fa3000-7ffad9074000 ---p 00000000 00:00 0 
7ffad9074000-7ffad9098000 r-xp 00000000 103:06 1924362                   /home/artur/.vscode/extensions/redhat.java-1.2.0/jre/17.0.1-linux-x86_64/lib/libjava.so
7ffad9098000-7ffad9298000 ---p 00024000 103:06 1924362                   /home/artur/.vscode/extensions/redhat.java-1.2.0/jre/17.0.1-linux-x86_64/lib/libjava.so
7ffad9298000-7ffad9299000 r--p 00024000 103:06 1924362                   /home/artur/.vscode/extensions/redhat.java-1.2.0/jre/17.0.1-linux-x86_64/lib/libjava.so
7ffad9299000-7ffad929a000 rw-p 00025000 103:06 1924362                   /home/artur/.vscode/extensions/redhat.java-1.2.0/jre/17.0.1-linux-x86_64/lib/libjava.so
7ffad929a000-7ffad929b000 rw-p 00000000 00:00 0 
7ffad929b000-7ffad929e000 r--p 00000000 103:06 3674023                   /lib/x86_64-linux-gnu/libnss_files-2.31.so
7ffad929e000-7ffad92a5000 r-xp 00003000 103:06 3674023                   /lib/x86_64-linux-gnu/libnss_files-2.31.so
7ffad92a5000-7ffad92a7000 r--p 0000a000 103:06 3674023                   /lib/x86_64-linux-gnu/libnss_files-2.31.so
7ffad92a7000-7ffad92a8000 r--p 0000b000 103:06 3674023                   /lib/x86_64-linux-gnu/libnss_files-2.31.so
7ffad92a8000-7ffad92a9000 rw-p 0000c000 103:06 3674023                   /lib/x86_64-linux-gnu/libnss_files-2.31.so
7ffad92a9000-7ffad92af000 rw-p 00000000 00:00 0 
7ffad92af000-7ffad92b4000 r--p 00000000 103:06 3674009                   /lib/x86_64-linux-gnu/libnsl-2.31.so
7ffad92b4000-7ffad92c4000 r-xp 00005000 103:06 3674009                   /lib/x86_64-linux-gnu/libnsl-2.31.so
7ffad92c4000-7ffad92c8000 r--p 00015000 103:06 3674009                   /lib/x86_64-linux-gnu/libnsl-2.31.so
7ffad92c8000-7ffad92c9000 r--p 00018000 103:06 3674009                   /lib/x86_64-linux-gnu/libnsl-2.31.so
7ffad92c9000-7ffad92ca000 rw-p 00019000 103:06 3674009                   /lib/x86_64-linux-gnu/libnsl-2.31.so
7ffad92ca000-7ffad92cc000 rw-p 00000000 00:00 0 
7ffad92cc000-7ffad92cf000 r--p 00000000 103:06 3674031                   /lib/x86_64-linux-gnu/libnss_nis-2.31.so
7ffad92cf000-7ffad92d7000 r-xp 00003000 103:06 3674031                   /lib/x86_64-linux-gnu/libnss_nis-2.31.so
7ffad92d7000-7ffad92d9000 r--p 0000b000 103:06 3674031                   /lib/x86_64-linux-gnu/libnss_nis-2.31.so
7ffad92d9000-7ffad92da000 r--p 0000c000 103:06 3674031                   /lib/x86_64-linux-gnu/libnss_nis-2.31.so
7ffad92da000-7ffad92db000 rw-p 0000d000 103:06 3674031                   /lib/x86_64-linux-gnu/libnss_nis-2.31.so
7ffad92e4000-7ffad92eb000 r--s 00000000 103:06 3148538                   /usr/lib/x86_64-linux-gnu/gconv/gconv-modules.cache
7ffad92eb000-7ffad92f0000 rw-p 00000000 00:00 0 
7ffad92f0000-7ffad92f7000 ---p 00000000 00:00 0 
7ffad92f7000-7ffad9312000 r-xp 00000000 103:06 1924374                   /home/artur/.vscode/extensions/redhat.java-1.2.0/jre/17.0.1-linux-x86_64/lib/libjimage.so
7ffad9312000-7ffad9511000 ---p 0001b000 103:06 1924374                   /home/artur/.vscode/extensions/redhat.java-1.2.0/jre/17.0.1-linux-x86_64/lib/libjimage.so
7ffad9511000-7ffad9513000 r--p 0001a000 103:06 1924374                   /home/artur/.vscode/extensions/redhat.java-1.2.0/jre/17.0.1-linux-x86_64/lib/libjimage.so
7ffad9513000-7ffad9514000 rw-p 0001c000 103:06 1924374                   /home/artur/.vscode/extensions/redhat.java-1.2.0/jre/17.0.1-linux-x86_64/lib/libjimage.so
7ffad9514000-7ffad9518000 ---p 00000000 00:00 0 
7ffad9518000-7ffad9615000 rw-p 00000000 00:00 0 
7ffad9615000-7ffad9624000 r--p 00000000 103:06 3673997                   /lib/x86_64-linux-gnu/libm-2.31.so
7ffad9624000-7ffad96cb000 r-xp 0000f000 103:06 3673997                   /lib/x86_64-linux-gnu/libm-2.31.so
7ffad96cb000-7ffad9762000 r--p 000b6000 103:06 3673997                   /lib/x86_64-linux-gnu/libm-2.31.so
7ffad9762000-7ffad9763000 r--p 0014c000 103:06 3673997                   /lib/x86_64-linux-gnu/libm-2.31.so
7ffad9763000-7ffad9764000 rw-p 0014d000 103:06 3673997                   /lib/x86_64-linux-gnu/libm-2.31.so
7ffad9764000-7ffad9767000 r--p 00000000 103:06 3674043                   /lib/x86_64-linux-gnu/librt-2.31.so
7ffad9767000-7ffad976b000 r-xp 00003000 103:06 3674043                   /lib/x86_64-linux-gnu/librt-2.31.so
7ffad976b000-7ffad976c000 r--p 00007000 103:06 3674043                   /lib/x86_64-linux-gnu/librt-2.31.so
7ffad976c000-7ffad976d000 ---p 00008000 103:06 3674043                   /lib/x86_64-linux-gnu/librt-2.31.so
7ffad976d000-7ffad976e000 r--p 00008000 103:06 3674043                   /lib/x86_64-linux-gnu/librt-2.31.so
7ffad976e000-7ffad976f000 rw-p 00009000 103:06 3674043                   /lib/x86_64-linux-gnu/librt-2.31.so
7ffad976f000-7ffadaa4e000 r-xp 00000000 103:06 1924435                   /home/artur/.vscode/extensions/redhat.java-1.2.0/jre/17.0.1-linux-x86_64/lib/server/libjvm.so
7ffadaa4e000-7ffadac4d000 ---p 012df000 103:06 1924435                   /home/artur/.vscode/extensions/redhat.java-1.2.0/jre/17.0.1-linux-x86_64/lib/server/libjvm.so
7ffadac4d000-7ffadad06000 r--p 012de000 103:06 1924435                   /home/artur/.vscode/extensions/redhat.java-1.2.0/jre/17.0.1-linux-x86_64/lib/server/libjvm.so
7ffadad06000-7ffadad3a000 rw-p 01397000 103:06 1924435                   /home/artur/.vscode/extensions/redhat.java-1.2.0/jre/17.0.1-linux-x86_64/lib/server/libjvm.so
7ffadad3a000-7ffadad96000 rw-p 00000000 00:00 0 
7ffadad96000-7ffadadbb000 r--p 00000000 103:06 3673989                   /lib/x86_64-linux-gnu/libc-2.31.so
7ffadadbb000-7ffadaf33000 r-xp 00025000 103:06 3673989                   /lib/x86_64-linux-gnu/libc-2.31.so
7ffadaf33000-7ffadaf7d000 r--p 0019d000 103:06 3673989                   /lib/x86_64-linux-gnu/libc-2.31.so
7ffadaf7d000-7ffadaf7e000 ---p 001e7000 103:06 3673989                   /lib/x86_64-linux-gnu/libc-2.31.so
7ffadaf7e000-7ffadaf81000 r--p 001e7000 103:06 3673989                   /lib/x86_64-linux-gnu/libc-2.31.so
7ffadaf81000-7ffadaf84000 rw-p 001ea000 103:06 3673989                   /lib/x86_64-linux-gnu/libc-2.31.so
7ffadaf84000-7ffadaf88000 rw-p 00000000 00:00 0 
7ffadaf88000-7ffadaf89000 r--p 00000000 103:06 3673993                   /lib/x86_64-linux-gnu/libdl-2.31.so
7ffadaf89000-7ffadaf8b000 r-xp 00001000 103:06 3673993                   /lib/x86_64-linux-gnu/libdl-2.31.so
7ffadaf8b000-7ffadaf8c000 r--p 00003000 103:06 3673993                   /lib/x86_64-linux-gnu/libdl-2.31.so
7ffadaf8c000-7ffadaf8d000 r--p 00003000 103:06 3673993                   /lib/x86_64-linux-gnu/libdl-2.31.so
7ffadaf8d000-7ffadaf8e000 rw-p 00004000 103:06 3673993                   /lib/x86_64-linux-gnu/libdl-2.31.so
7ffadaf8e000-7ffadaf95000 r--p 00000000 103:06 3674039                   /lib/x86_64-linux-gnu/libpthread-2.31.so
7ffadaf95000-7ffadafa6000 r-xp 00007000 103:06 3674039                   /lib/x86_64-linux-gnu/libpthread-2.31.so
7ffadafa6000-7ffadafab000 r--p 00018000 103:06 3674039                   /lib/x86_64-linux-gnu/libpthread-2.31.so
7ffadafab000-7ffadafac000 r--p 0001c000 103:06 3674039                   /lib/x86_64-linux-gnu/libpthread-2.31.so
7ffadafac000-7ffadafad000 rw-p 0001d000 103:06 3674039                   /lib/x86_64-linux-gnu/libpthread-2.31.so
7ffadafad000-7ffadafb1000 rw-p 00000000 00:00 0 
7ffadafb1000-7ffadafc0000 r-xp 00000000 103:06 1924377                   /home/artur/.vscode/extensions/redhat.java-1.2.0/jre/17.0.1-linux-x86_64/lib/libjli.so
7ffadafc0000-7ffadb1c0000 ---p 0000f000 103:06 1924377                   /home/artur/.vscode/extensions/redhat.java-1.2.0/jre/17.0.1-linux-x86_64/lib/libjli.so
7ffadb1c0000-7ffadb1c1000 r--p 0000f000 103:06 1924377                   /home/artur/.vscode/extensions/redhat.java-1.2.0/jre/17.0.1-linux-x86_64/lib/libjli.so
7ffadb1c1000-7ffadb1c2000 rw-p 00010000 103:06 1924377                   /home/artur/.vscode/extensions/redhat.java-1.2.0/jre/17.0.1-linux-x86_64/lib/libjli.so
7ffadb1c2000-7ffadb1c4000 r--p 00000000 103:06 3672661                   /lib/x86_64-linux-gnu/libz.so.1.2.11
7ffadb1c4000-7ffadb1d5000 r-xp 00002000 103:06 3672661                   /lib/x86_64-linux-gnu/libz.so.1.2.11
7ffadb1d5000-7ffadb1db000 r--p 00013000 103:06 3672661                   /lib/x86_64-linux-gnu/libz.so.1.2.11
7ffadb1db000-7ffadb1dc000 ---p 00019000 103:06 3672661                   /lib/x86_64-linux-gnu/libz.so.1.2.11
7ffadb1dc000-7ffadb1dd000 r--p 00019000 103:06 3672661                   /lib/x86_64-linux-gnu/libz.so.1.2.11
7ffadb1dd000-7ffadb1de000 rw-p 0001a000 103:06 3672661                   /lib/x86_64-linux-gnu/libz.so.1.2.11
7ffadb1e4000-7ffadb1ec000 rw-s 00000000 103:06 3809744                   /tmp/hsperfdata_artur/191911
7ffadb1ec000-7ffadb1ee000 r--p 00000000 103:06 3674013                   /lib/x86_64-linux-gnu/libnss_compat-2.31.so
7ffadb1ee000-7ffadb1f5000 r-xp 00002000 103:06 3674013                   /lib/x86_64-linux-gnu/libnss_compat-2.31.so
7ffadb1f5000-7ffadb1f6000 r--p 00009000 103:06 3674013                   /lib/x86_64-linux-gnu/libnss_compat-2.31.so
7ffadb1f6000-7ffadb1f7000 r--p 00009000 103:06 3674013                   /lib/x86_64-linux-gnu/libnss_compat-2.31.so
7ffadb1f7000-7ffadb1f8000 rw-p 0000a000 103:06 3674013                   /lib/x86_64-linux-gnu/libnss_compat-2.31.so
7ffadb1f8000-7ffadb1f9000 ---p 00000000 00:00 0 
7ffadb1f9000-7ffadb1fa000 r--p 00000000 00:00 0 
7ffadb1fa000-7ffadb1fc000 rw-p 00000000 00:00 0 
7ffadb1fc000-7ffadb1fd000 r--p 00000000 103:06 3673973                   /lib/x86_64-linux-gnu/ld-2.31.so
7ffadb1fd000-7ffadb220000 r-xp 00001000 103:06 3673973                   /lib/x86_64-linux-gnu/ld-2.31.so
7ffadb220000-7ffadb228000 r--p 00024000 103:06 3673973                   /lib/x86_64-linux-gnu/ld-2.31.so
7ffadb228000-7ffadb229000 ---p 00000000 00:00 0 
7ffadb229000-7ffadb22a000 r--p 0002c000 103:06 3673973                   /lib/x86_64-linux-gnu/ld-2.31.so
7ffadb22a000-7ffadb22b000 rw-p 0002d000 103:06 3673973                   /lib/x86_64-linux-gnu/ld-2.31.so
7ffadb22b000-7ffadb22c000 rw-p 00000000 00:00 0 
7ffead668000-7ffead68a000 rw-p 00000000 00:00 0                          [stack]
7ffead734000-7ffead737000 r--p 00000000 00:00 0                          [vvar]
7ffead737000-7ffead738000 r-xp 00000000 00:00 0                          [vdso]
ffffffffff600000-ffffffffff601000 --xp 00000000 00:00 0                  [vsyscall]


VM Arguments:
jvm_args: --add-modules=ALL-SYSTEM --add-opens=java.base/java.util=ALL-UNNAMED --add-opens=java.base/java.lang=ALL-UNNAMED -Declipse.application=org.eclipse.jdt.ls.core.id1 -Dosgi.bundles.defaultStartLevel=4 -Declipse.product=org.eclipse.jdt.ls.core.product -Djava.import.generatesMetadataFilesAtProjectRoot=false -Dfile.encoding=utf8 -XX:+UseParallelGC -XX:GCTimeRatio=4 -XX:AdaptiveSizePolicyWeight=90 -Dsun.zip.disableMemoryMapping=true -Xmx2G -Xms100m -XX:+HeapDumpOnOutOfMemoryError -XX:HeapDumpPath=/home/artur/.config/Code/User/workspaceStorage/68e882bbe0e19ee7d9ce481bef1e990f/redhat.java 
java_command: /home/artur/.vscode/extensions/redhat.java-1.2.0/server/plugins/org.eclipse.equinox.launcher_1.6.400.v20210924-0641.jar -configuration /home/artur/.config/Code/User/globalStorage/redhat.java/1.2.0/config_linux -data /home/artur/.config/Code/User/workspaceStorage/68e882bbe0e19ee7d9ce481bef1e990f/redhat.java/jdt_ws
java_class_path (initial): /home/artur/.vscode/extensions/redhat.java-1.2.0/server/plugins/org.eclipse.equinox.launcher_1.6.400.v20210924-0641.jar
Launcher Type: SUN_STANDARD

[Global flags]
    uintx AdaptiveSizePolicyWeight                 = 90                                        {product} {command line}
     intx CICompilerCount                          = 4                                         {product} {ergonomic}
    uintx GCTimeRatio                              = 4                                         {product} {command line}
     bool HeapDumpOnOutOfMemoryError               = true                                   {manageable} {command line}
    ccstr HeapDumpPath                             = /home/artur/.config/Code/User/workspaceStorage/68e882bbe0e19ee7d9ce481bef1e990f/redhat.java         {manageable} {command line}
   size_t InitialHeapSize                          = 104857600                                 {product} {command line}
   size_t MaxHeapSize                              = 2147483648                                {product} {command line}
   size_t MaxNewSize                               = 715653120                                 {product} {ergonomic}
   size_t MinHeapDeltaBytes                        = 524288                                    {product} {ergonomic}
   size_t MinHeapSize                              = 104857600                                 {product} {command line}
   size_t NewSize                                  = 34603008                                  {product} {ergonomic}
    uintx NonNMethodCodeHeapSize                   = 5839372                                {pd product} {ergonomic}
    uintx NonProfiledCodeHeapSize                  = 122909434                              {pd product} {ergonomic}
   size_t OldSize                                  = 70254592                                  {product} {ergonomic}
    uintx ProfiledCodeHeapSize                     = 122909434                              {pd product} {ergonomic}
    uintx ReservedCodeCacheSize                    = 251658240                              {pd product} {ergonomic}
     bool SegmentedCodeCache                       = true                                      {product} {ergonomic}
   size_t SoftMaxHeapSize                          = 2147483648                             {manageable} {ergonomic}
     bool UseCompressedClassPointers               = true                           {product lp64_product} {ergonomic}
     bool UseCompressedOops                        = true                           {product lp64_product} {ergonomic}
     bool UseParallelGC                            = true                                      {product} {command line}

Logging:
Log output configuration:
 #0: stdout all=warning uptime,level,tags
 #1: stderr all=off uptime,level,tags

Environment Variables:
JAVA_HOME=/usr/lib/jvm/java-11-openjdk-amd64
CLASSPATH=.:/usr/local/lib/antlr-4.9.2-complete.jar:/usr/local/lib/ST-4.3.1.jar:
PATH=/home/artur/.nvm/versions/node/v14.17.0/bin:/home/artur/.local/bin:/usr/local/sbin:/usr/local/bin:/usr/sbin:/usr/bin:/sbin:/bin:/usr/games:/usr/local/games:/snap/bin:/usr/lib/jvm/java-16-oracle/bin:/usr/lib/jvm/java-16-oracle/db/bin:/opt/bin:.:
USERNAME=artur
SHELL=/bin/bash
DISPLAY=:0
LANG=en_US.UTF-8
LC_CTYPE=pt_PT.UTF-8

Signal Handlers:
   SIGSEGV: crash_handler in libjvm.so, mask=11100100010111111101111111111110, flags=SA_RESTART|SA_SIGINFO
    SIGBUS: crash_handler in libjvm.so, mask=11100100010111111101111111111110, flags=SA_RESTART|SA_SIGINFO
    SIGFPE: crash_handler in libjvm.so, mask=11100100010111111101111111111110, flags=SA_RESTART|SA_SIGINFO
   SIGPIPE: javaSignalHandler in libjvm.so, mask=11100100010111111101111111111110, flags=SA_RESTART|SA_SIGINFO
   SIGXFSZ: javaSignalHandler in libjvm.so, mask=11100100010111111101111111111110, flags=SA_RESTART|SA_SIGINFO
    SIGILL: crash_handler in libjvm.so, mask=11100100010111111101111111111110, flags=SA_RESTART|SA_SIGINFO
   SIGUSR2: SR_handler in libjvm.so, mask=00000000000000000000000000000000, flags=SA_RESTART|SA_SIGINFO
    SIGHUP: UserHandler in libjvm.so, mask=11100100010111111101111111111110, flags=SA_RESTART|SA_SIGINFO
    SIGINT: UserHandler in libjvm.so, mask=11100100010111111101111111111110, flags=SA_RESTART|SA_SIGINFO
   SIGTERM: UserHandler in libjvm.so, mask=11100100010111111101111111111110, flags=SA_RESTART|SA_SIGINFO
   SIGQUIT: UserHandler in libjvm.so, mask=11100100010111111101111111111110, flags=SA_RESTART|SA_SIGINFO
   SIGTRAP: crash_handler in libjvm.so, mask=11100100010111111101111111111110, flags=SA_RESTART|SA_SIGINFO


---------------  S Y S T E M  ---------------

OS:
DISTRIB_ID=Ubuntu
DISTRIB_RELEASE=20.04
DISTRIB_CODENAME=focal
DISTRIB_DESCRIPTION="Ubuntu 20.04.3 LTS"
uname: Linux 5.4.0-90-generic #101-Ubuntu SMP Fri Oct 15 20:00:55 UTC 2021 x86_64
OS uptime: 1 days 1:47 hours
libc: glibc 2.31 NPTL 2.31 
rlimit (soft/hard): STACK 8192k/infinity , CORE 0k/infinity , NPROC 63176/63176 , NOFILE 1048576/1048576 , AS infinity/infinity , CPU infinity/infinity , DATA infinity/infinity , FSIZE infinity/infinity , MEMLOCK 65536k/65536k
load average: 3,27 2,07 1,43

/proc/meminfo:
MemTotal:       16235992 kB
MemFree:          591412 kB
MemAvailable:    4930884 kB
Buffers:          660444 kB
Cached:          5009760 kB
SwapCached:         2292 kB
Active:         11285452 kB
Inactive:        3360560 kB
Active(anon):    8448708 kB
Inactive(anon):  1814484 kB
Active(file):    2836744 kB
Inactive(file):  1546076 kB
Unevictable:      152160 kB
Mlocked:             160 kB
SwapTotal:       2097148 kB
SwapFree:        2034880 kB
Dirty:            135784 kB
Writeback:             0 kB
AnonPages:       9127096 kB
Mapped:          1877804 kB
Shmem:           1293528 kB
KReclaimable:     298704 kB
Slab:             581580 kB
SReclaimable:     298704 kB
SUnreclaim:       282876 kB
KernelStack:       35744 kB
PageTables:        99464 kB
NFS_Unstable:          0 kB
Bounce:                0 kB
WritebackTmp:          0 kB
CommitLimit:    10215144 kB
Committed_AS:   30780720 kB
VmallocTotal:   34359738367 kB
VmallocUsed:       61696 kB
VmallocChunk:          0 kB
Percpu:            17728 kB
HardwareCorrupted:     0 kB
AnonHugePages:         0 kB
ShmemHugePages:        0 kB
ShmemPmdMapped:        0 kB
FileHugePages:         0 kB
FilePmdMapped:         0 kB
CmaTotal:              0 kB
CmaFree:               0 kB
HugePages_Total:       0
HugePages_Free:        0
HugePages_Rsvd:        0
HugePages_Surp:        0
Hugepagesize:       2048 kB
Hugetlb:               0 kB
DirectMap4k:      750176 kB
DirectMap2M:    15867904 kB
DirectMap1G:           0 kB

/sys/kernel/mm/transparent_hugepage/enabled: always [madvise] never
/sys/kernel/mm/transparent_hugepage/defrag (defrag/compaction efforts parameter): always defer defer+madvise [madvise] never

Process Memory:
Virtual Size: 6728752K (peak: 6728752K)
Resident Set Size: 308768K (peak: 308768K) (anon: 276748K, file: 32020K, shmem: 0K)
Swapped out: 0K
C-Heap outstanding allocations: 91692K

/proc/sys/kernel/threads-max (system-wide limit on the number of threads): 126352
/proc/sys/vm/max_map_count (maximum number of memory map areas a process may have): 1048575
/proc/sys/kernel/pid_max (system-wide limit on number of process identifiers): 4194304

container (cgroup) information:
container_type: cgroupv1
cpu_cpuset_cpus: 0-11
cpu_memory_nodes: 0
active_processor_count: 12
cpu_quota: no quota
cpu_period: 100000
cpu_shares: no shares
memory_limit_in_bytes: unlimited
memory_and_swap_limit_in_bytes: not supported
memory_soft_limit_in_bytes: unlimited
memory_usage_in_bytes: 12372152320
memory_max_usage_in_bytes: 12831219712

Steal ticks since vm start: 0
Steal ticks percentage since vm start:  0,000

CPU: total 12 (initial active 12) (6 cores per cpu, 2 threads per core) family 6 model 158 stepping 13 microcode 0xea, cx8, cmov, fxsr, ht, mmx, 3dnowpref, sse, sse2, sse3, ssse3, sse4.1, sse4.2, popcnt, lzcnt, tsc, tscinvbit, avx, avx2, aes, erms, clmul, bmi1, bmi2, adx, fma, vzeroupper, clflush, clflushopt
CPU Model and flags from /proc/cpuinfo:
model name	: Intel(R) Core(TM) i7-9750H CPU @ 2.60GHz
flags		: fpu vme de pse tsc msr pae mce cx8 apic sep mtrr pge mca cmov pat pse36 clflush dts acpi mmx fxsr sse sse2 ss ht tm pbe syscall nx pdpe1gb rdtscp lm constant_tsc art arch_perfmon pebs bts rep_good nopl xtopology nonstop_tsc cpuid aperfmperf pni pclmulqdq dtes64 monitor ds_cpl vmx est tm2 ssse3 sdbg fma cx16 xtpr pdcm pcid sse4_1 sse4_2 x2apic movbe popcnt tsc_deadline_timer aes xsave avx f16c rdrand lahf_lm abm 3dnowprefetch cpuid_fault epb invpcid_single ssbd ibrs ibpb stibp ibrs_enhanced tpr_shadow vnmi flexpriority ept vpid ept_ad fsgsbase tsc_adjust bmi1 avx2 smep bmi2 erms invpcid mpx rdseed adx smap clflushopt intel_pt xsaveopt xsavec xgetbv1 xsaves dtherm ida arat pln pts hwp hwp_notify hwp_act_window hwp_epp md_clear flush_l1d arch_capabilities

Online cpus: 0-11
Offline cpus: 
BIOS frequency limitation: <Not Available>
Frequency switch latency (ns): 0
Available cpu frequencies: <Not Available>
Current governor: powersave
Core performance/turbo boost: <Not Available>

Memory: 4k page, physical 16235992k(591412k free), swap 2097148k(2034880k free)
Page Sizes: 4k

vm_info: OpenJDK 64-Bit Server VM (17.0.1+12) for linux-amd64 JRE (17.0.1+12), built on Oct 20 2021 12:00:24 by "" with gcc 7.5.0

END.
