#
# A fatal error has been detected by the Java Runtime Environment:
#
#  SIGSEGV (0xb) at pc=0x00007fe33d6c49d7, pid=192219, tid=192220
#
# JRE version: OpenJDK Runtime Environment Temurin-17.0.1+12 (17.0.1+12) (build 17.0.1+12)
# Java VM: OpenJDK 64-Bit Server VM Temurin-17.0.1+12 (17.0.1+12, mixed mode, tiered, compressed oops, compressed class ptrs, parallel gc, linux-amd64)
# Problematic frame:
# V  [libjvm.so+0x8249d7]  InstanceKlass::find_method_index(Array<Method*> const*, Symbol const*, Symbol const*, Klass::OverpassLookupMode, Klass::StaticLookupMode, Klass::PrivateLookupMode) [clone .constprop.403]+0x1e7
#
# Core dump will be written. Default location: Core dumps may be processed with "/usr/share/apport/apport %p %s %c %d %P %E" (or dumping to /home/artur/Desktop/3ano/IES/medical-management-system/Project/core.192219)
#
# If you would like to submit a bug report, please visit:
#   https://github.com/adoptium/adoptium-support/issues
#

---------------  S U M M A R Y ------------

Command Line: --add-modules=ALL-SYSTEM --add-opens=java.base/java.util=ALL-UNNAMED --add-opens=java.base/java.lang=ALL-UNNAMED -Declipse.application=org.eclipse.jdt.ls.core.id1 -Dosgi.bundles.defaultStartLevel=4 -Declipse.product=org.eclipse.jdt.ls.core.product -Djava.import.generatesMetadataFilesAtProjectRoot=false -Dfile.encoding=utf8 -XX:+UseParallelGC -XX:GCTimeRatio=4 -XX:AdaptiveSizePolicyWeight=90 -Dsun.zip.disableMemoryMapping=true -Xmx2G -Xms100m -XX:+HeapDumpOnOutOfMemoryError -XX:HeapDumpPath=/home/artur/.config/Code/User/workspaceStorage/68e882bbe0e19ee7d9ce481bef1e990f/redhat.java /home/artur/.vscode/extensions/redhat.java-1.2.0/server/plugins/org.eclipse.equinox.launcher_1.6.400.v20210924-0641.jar -configuration /home/artur/.config/Code/User/globalStorage/redhat.java/1.2.0/config_linux -data /home/artur/.config/Code/User/workspaceStorage/68e882bbe0e19ee7d9ce481bef1e990f/redhat.java/jdt_ws

Host: Intel(R) Core(TM) i7-9750H CPU @ 2.60GHz, 12 cores, 15G, Ubuntu 20.04.3 LTS
Time: Wed Jan 12 23:54:48 2022 WET elapsed time: 0.341598 seconds (0d 0h 0m 0s)

---------------  T H R E A D  ---------------

Current thread (0x00007fe338026160):  JavaThread "main" [_thread_in_vm, id=192220, stack(0x00007fe33cc45000,0x00007fe33cd46000)]

Stack: [0x00007fe33cc45000,0x00007fe33cd46000],  sp=0x00007fe33cd43390,  free space=1016k
Native frames: (J=compiled Java code, j=interpreted, Vv=VM code, C=native code)
V  [libjvm.so+0x8249d7]  InstanceKlass::find_method_index(Array<Method*> const*, Symbol const*, Symbol const*, Klass::OverpassLookupMode, Klass::StaticLookupMode, Klass::PrivateLookupMode) [clone .constprop.403]+0x1e7
V  [libjvm.so+0x824ab8]  InstanceKlass::uncached_lookup_method(Symbol const*, Symbol const*, Klass::OverpassLookupMode, Klass::PrivateLookupMode) const+0x38
V  [libjvm.so+0xa87825]  LinkResolver::resolve_method(LinkInfo const&, Bytecodes::Code, JavaThread*)+0x75
V  [libjvm.so+0xa8c944]  LinkResolver::resolve_static_call(CallInfo&, LinkInfo const&, bool, JavaThread*)+0x54
V  [libjvm.so+0xa90e9c]  LinkResolver::resolve_invoke(CallInfo&, Handle, constantPoolHandle const&, int, Bytecodes::Code, JavaThread*)+0x2bc
V  [libjvm.so+0x848001]  InterpreterRuntime::resolve_invoke(JavaThread*, Bytecodes::Code)+0x321
V  [libjvm.so+0x848425]  InterpreterRuntime::resolve_from_cache(JavaThread*, Bytecodes::Code)+0x105
j  java.util.Arrays.sort([Ljava/lang/Object;IILjava/util/Comparator;)V+7 java.base@17.0.1
j  java.util.ArrayList.sort(Ljava/util/Comparator;)V+15 java.base@17.0.1
j  java.util.Collections.sort(Ljava/util/List;)V+2 java.base@17.0.1
j  org.eclipse.osgi.storage.Storage.calculateVMPackages()Ljava/lang/String;+396
j  org.eclipse.osgi.storage.Storage.calculateVMProfile(Lorg/osgi/framework/Version;)Ljava/util/Properties;+1
j  org.eclipse.osgi.storage.Storage.findVMProfile(Lorg/eclipse/osgi/storage/BundleInfo$Generation;)Ljava/util/Properties;+87
j  org.eclipse.osgi.storage.Storage.loadVMProfile(Lorg/eclipse/osgi/storage/BundleInfo$Generation;)V+10
j  org.eclipse.osgi.storage.Storage.checkSystemBundle([Ljava/lang/String;)V+154
j  org.eclipse.osgi.storage.Storage.createStorage(Lorg/eclipse/osgi/internal/framework/EquinoxContainer;)Lorg/eclipse/osgi/storage/Storage;+17
j  org.eclipse.osgi.internal.framework.EquinoxContainer.<init>(Ljava/util/Map;Lorg/osgi/framework/connect/ModuleConnector;)V+145
j  org.eclipse.osgi.launch.Equinox.<init>(Ljava/util/Map;Lorg/osgi/framework/connect/ModuleConnector;)V+10
j  org.eclipse.osgi.launch.Equinox.<init>(Ljava/util/Map;)V+3
j  org.eclipse.core.runtime.adaptor.EclipseStarter.startup([Ljava/lang/String;Ljava/lang/Runnable;)Lorg/osgi/framework/BundleContext;+28
j  org.eclipse.core.runtime.adaptor.EclipseStarter.run([Ljava/lang/String;Ljava/lang/Runnable;)Ljava/lang/Object;+21
v  ~StubRoutines::call_stub
V  [libjvm.so+0x84d434]  JavaCalls::call_helper(JavaValue*, methodHandle const&, JavaCallArguments*, JavaThread*)+0x334
V  [libjvm.so+0xccdefe]  invoke(InstanceKlass*, methodHandle const&, Handle, bool, objArrayHandle, BasicType, objArrayHandle, bool, JavaThread*) [clone .constprop.179]+0x44e
V  [libjvm.so+0xccf0fe]  Reflection::invoke_method(oopDesc*, Handle, objArrayHandle, JavaThread*)+0xfe
V  [libjvm.so+0x9149b7]  JVM_InvokeMethod+0x107
j  jdk.internal.reflect.NativeMethodAccessorImpl.invoke0(Ljava/lang/reflect/Method;Ljava/lang/Object;[Ljava/lang/Object;)Ljava/lang/Object;+0 java.base@17.0.1
j  jdk.internal.reflect.NativeMethodAccessorImpl.invoke(Ljava/lang/Object;[Ljava/lang/Object;)Ljava/lang/Object;+133 java.base@17.0.1
j  jdk.internal.reflect.DelegatingMethodAccessorImpl.invoke(Ljava/lang/Object;[Ljava/lang/Object;)Ljava/lang/Object;+6 java.base@17.0.1
j  java.lang.reflect.Method.invoke(Ljava/lang/Object;[Ljava/lang/Object;)Ljava/lang/Object;+59 java.base@17.0.1
j  org.eclipse.equinox.launcher.Main.invokeFramework([Ljava/lang/String;[Ljava/net/URL;)V+201
j  org.eclipse.equinox.launcher.Main.basicRun([Ljava/lang/String;)V+159
j  org.eclipse.equinox.launcher.Main.run([Ljava/lang/String;)I+4
j  org.eclipse.equinox.launcher.Main.main([Ljava/lang/String;)V+10
v  ~StubRoutines::call_stub
V  [libjvm.so+0x84d434]  JavaCalls::call_helper(JavaValue*, methodHandle const&, JavaCallArguments*, JavaThread*)+0x334
V  [libjvm.so+0x8e3539]  jni_invoke_static(JNIEnv_*, JavaValue*, _jobject*, JNICallType, _jmethodID*, JNI_ArgumentPusher*, JavaThread*) [clone .isra.154] [clone .constprop.365]+0x239
V  [libjvm.so+0x8e5ecb]  jni_CallStaticVoidMethod+0x14b
C  [libjli.so+0x585d]  JavaMain+0xd5d
C  [libjli.so+0x8889]  ThreadJavaMain+0x9

Java frames: (J=compiled Java code, j=interpreted, Vv=VM code)
j  java.util.Arrays.sort([Ljava/lang/Object;IILjava/util/Comparator;)V+7 java.base@17.0.1
j  java.util.ArrayList.sort(Ljava/util/Comparator;)V+15 java.base@17.0.1
j  java.util.Collections.sort(Ljava/util/List;)V+2 java.base@17.0.1
j  org.eclipse.osgi.storage.Storage.calculateVMPackages()Ljava/lang/String;+396
j  org.eclipse.osgi.storage.Storage.calculateVMProfile(Lorg/osgi/framework/Version;)Ljava/util/Properties;+1
j  org.eclipse.osgi.storage.Storage.findVMProfile(Lorg/eclipse/osgi/storage/BundleInfo$Generation;)Ljava/util/Properties;+87
j  org.eclipse.osgi.storage.Storage.loadVMProfile(Lorg/eclipse/osgi/storage/BundleInfo$Generation;)V+10
j  org.eclipse.osgi.storage.Storage.checkSystemBundle([Ljava/lang/String;)V+154
j  org.eclipse.osgi.storage.Storage.createStorage(Lorg/eclipse/osgi/internal/framework/EquinoxContainer;)Lorg/eclipse/osgi/storage/Storage;+17
j  org.eclipse.osgi.internal.framework.EquinoxContainer.<init>(Ljava/util/Map;Lorg/osgi/framework/connect/ModuleConnector;)V+145
j  org.eclipse.osgi.launch.Equinox.<init>(Ljava/util/Map;Lorg/osgi/framework/connect/ModuleConnector;)V+10
j  org.eclipse.osgi.launch.Equinox.<init>(Ljava/util/Map;)V+3
j  org.eclipse.core.runtime.adaptor.EclipseStarter.startup([Ljava/lang/String;Ljava/lang/Runnable;)Lorg/osgi/framework/BundleContext;+28
j  org.eclipse.core.runtime.adaptor.EclipseStarter.run([Ljava/lang/String;Ljava/lang/Runnable;)Ljava/lang/Object;+21
v  ~StubRoutines::call_stub
j  jdk.internal.reflect.NativeMethodAccessorImpl.invoke0(Ljava/lang/reflect/Method;Ljava/lang/Object;[Ljava/lang/Object;)Ljava/lang/Object;+0 java.base@17.0.1
j  jdk.internal.reflect.NativeMethodAccessorImpl.invoke(Ljava/lang/Object;[Ljava/lang/Object;)Ljava/lang/Object;+133 java.base@17.0.1
j  jdk.internal.reflect.DelegatingMethodAccessorImpl.invoke(Ljava/lang/Object;[Ljava/lang/Object;)Ljava/lang/Object;+6 java.base@17.0.1
j  java.lang.reflect.Method.invoke(Ljava/lang/Object;[Ljava/lang/Object;)Ljava/lang/Object;+59 java.base@17.0.1
j  org.eclipse.equinox.launcher.Main.invokeFramework([Ljava/lang/String;[Ljava/net/URL;)V+201
j  org.eclipse.equinox.launcher.Main.basicRun([Ljava/lang/String;)V+159
j  org.eclipse.equinox.launcher.Main.run([Ljava/lang/String;)I+4
j  org.eclipse.equinox.launcher.Main.main([Ljava/lang/String;)V+10
v  ~StubRoutines::call_stub

siginfo: si_signo: 11 (SIGSEGV), si_code: 1 (SEGV_MAPERR), si_addr: 0x000000007fe3257a

Register to memory mapping:

RAX=0x000000007fe32558 is an unknown value
RBX=0x00007fe33c0440c8 points into unknown readable memory: 0x6f730004bed2ffff | ff ff d2 be 04 00 73 6f
RCX=0x0 is NULL
RDX=0x0000000000000001 is an unknown value
RSP=0x00007fe33cd43390 is pointing into the stack for thread: 0x00007fe338026160
RBP=0x00007fe33cd433d8 is pointing into the stack for thread: 0x00007fe338026160
RSI=0x00007fe33c043b70 points into unknown readable memory: 0x5b2800185a2fffff | ff ff 2f 5a 18 00 28 5b
RDI=0x00007fe325580f52 is pointing into metadata
R8 =0x0 is NULL
R9 =0x00007fe325580770 is pointing into metadata
R10=0x00007fe32557e118 is pointing into metadata
R11=0x0000000000000043 is an unknown value
R12=0x0000000000000001 is an unknown value
R13=0x00007fe32557ff60 is pointing into metadata
R14=0x00007fe33c0440c8 points into unknown readable memory: 0x6f730004bed2ffff | ff ff d2 be 04 00 73 6f
R15=0x0000000000000084 is an unknown value


Registers:
RAX=0x000000007fe32558, RBX=0x00007fe33c0440c8, RCX=0x0000000000000000, RDX=0x0000000000000001
RSP=0x00007fe33cd43390, RBP=0x00007fe33cd433d8, RSI=0x00007fe33c043b70, RDI=0x00007fe325580f52
R8 =0x0000000000000000, R9 =0x00007fe325580770, R10=0x00007fe32557e118, R11=0x0000000000000043
R12=0x0000000000000001, R13=0x00007fe32557ff60, R14=0x00007fe33c0440c8, R15=0x0000000000000084
RIP=0x00007fe33d6c49d7, EFLAGS=0x0000000000010206, CSGSFS=0x002b000000000033, ERR=0x0000000000000004
  TRAPNO=0x000000000000000e

Top of Stack: (sp=0x00007fe33cd43390)
0x00007fe33cd43390:   00007fe32557ff58 00000000000000ef
0x00007fe33cd433a0:   0000000000000077 00007fe33c043b70
0x00007fe33cd433b0:   0000000100066050 0000000000000000
0x00007fe33cd433c0:   00007fe33c043b70 00007fe33c0440c8 

Instructions: (pc=0x00007fe33d6c49d7)
0x00007fe33d6c48d7:   0f b7 4a 22 48 8b 52 08 48 3b 5c ca 48 0f 85 7e
0x00007fe33d6c48e7:   00 00 00 4c 63 f0 89 c0 44 89 7d c8 4c 89 f6 4c
0x00007fe33d6c48f7:   89 6d b8 48 29 c6 41 8d 47 fe 49 89 f7 48 98 4c
0x00007fe33d6c4907:   29 f0 49 8d 44 c5 00 4d 89 f5 49 89 c6 eb 2b 66
0x00007fe33d6c4917:   2e 0f 1f 84 00 00 00 00 00 4d 39 ef 74 3b 4b 8b
0x00007fe33d6c4927:   7c ee 08 49 83 ed 01 48 8b 47 08 0f b7 50 22 48
0x00007fe33d6c4937:   8b 40 08 48 3b 5c d0 48 75 1f 44 8b 45 cc 48 8b
0x00007fe33d6c4947:   75 d0 31 c9 44 89 e2 e8 6d df ff ff 84 c0 74 c9
0x00007fe33d6c4957:   45 89 ef e9 13 ff ff ff 90 44 8b 7d c8 4c 8b 6d
0x00007fe33d6c4967:   b8 41 8b 45 00 45 8d 57 01 41 39 c2 0f 8d f3 fe
0x00007fe33d6c4977:   ff ff 48 8b 75 c0 48 8b 7e 10 48 8b 57 08 0f b7
0x00007fe33d6c4987:   4a 22 48 8b 52 08 48 3b 5c ca 48 0f 85 d4 fe ff
0x00007fe33d6c4997:   ff 45 8d 4f 02 83 e8 02 4d 63 f2 44 29 f8 4d 89
0x00007fe33d6c49a7:   f7 4d 63 c9 4c 01 f0 4d 29 f1 48 89 45 c0 49 89
0x00007fe33d6c49b7:   de 4f 8d 6c cd 00 eb 2b 90 4c 39 7d c0 0f 84 a2
0x00007fe33d6c49c7:   fe ff ff 4b 8b 7c fd 08 49 83 c7 01 48 8b 47 08
0x00007fe33d6c49d7:   0f b7 50 22 48 8b 40 08 4c 3b 74 d0 48 0f 85 82
0x00007fe33d6c49e7:   fe ff ff 44 8b 45 cc 48 8b 75 d0 31 c9 44 89 e2
0x00007fe33d6c49f7:   e8 c4 de ff ff 84 c0 74 c0 e9 6d fe ff ff 90 66
0x00007fe33d6c4a07:   2e 0f 1f 84 00 00 00 00 00 55 45 31 c0 31 c9 48
0x00007fe33d6c4a17:   89 e5 53 48 83 ec 08 48 8d 05 db fa dd 00 48 8b
0x00007fe33d6c4a27:   9f 98 01 00 00 48 8b 90 28 19 00 00 48 8b b0 88
0x00007fe33d6c4a37:   0c 00 00 48 89 df e8 ae fd ff ff 85 c0 78 2a 48
0x00007fe33d6c4a47:   98 48 8b 5c c3 08 48 85 db 74 1e 48 89 df e8 26
0x00007fe33d6c4a57:   f8 38 00 84 c0 74 12 48 83 c4 08 48 89 d8 5b 5d
0x00007fe33d6c4a67:   c3 0f 1f 84 00 00 00 00 00 31 db 48 83 c4 08 48
0x00007fe33d6c4a77:   89 d8 5b 5d c3 0f 1f 40 00 48 85 ff 74 5e 55 48
0x00007fe33d6c4a87:   89 e5 41 57 41 56 49 89 f6 41 55 49 89 d5 41 54
0x00007fe33d6c4a97:   45 89 c4 53 48 89 fb 66 90 4c 8b bb 98 01 00 00
0x00007fe33d6c4aa7:   45 89 e0 4c 89 ea 4c 89 f6 4c 89 ff e8 38 fd ff
0x00007fe33d6c4ab7:   ff 85 c0 78 0c 48 98 49 8b 44 c7 08 48 85 c0 75
0x00007fe33d6c4ac7:   10 48 8b 5b 78 b9 01 00 00 00 48 85 db 75 ca 31 


Stack slot to memory mapping:
stack at sp + 0 slots: 0x00007fe32557ff58 is pointing into metadata
stack at sp + 1 slots: 0x00000000000000ef is an unknown value
stack at sp + 2 slots: 0x0000000000000077 is an unknown value
stack at sp + 3 slots: 0x00007fe33c043b70 points into unknown readable memory: 0x5b2800185a2fffff | ff ff 2f 5a 18 00 28 5b
stack at sp + 4 slots: 0x0000000100066050 is a pointer to class: 
java.util.Arrays {0x0000000100066050}
 - instance size:     2
 - klass size:        65
 - access:            public synchronized 
 - state:             fully_initialized
 - name:              'java/util/Arrays'
 - super:             'java/lang/Object'
 - sub:               
 - arrays:            NULL
 - methods:           Array<T>(0x00007fe32557ff58)
 - method ordering:   Array<T>(0x00007fe325400018)
 - default_methods:   Array<T>(0x0000000000000000)
 - local interfaces:  Array<T>(0x00007fe325400058)
 - trans. interfaces: Array<T>(0x00007fe325400058)
 - constants:         constant pool [887]/operands[28] {0x00007fe32557e118} for 'java/util/Arrays' cache=0x00007fe32558b600
 - class loader data:  loader data: 0x00007fe338015b60 of 'bootstrap'
 - class annotations:       Array<T>(0x0000000000000000)
 - class type annotations:  Array<T>(0x0000000000000000)
 - field annotations:       Array<T>(0x0000000000000000)
 - field type annotations:  Array<T>(0x0000000000000000)
 - inner classes:     Array<T>(0x00007fe32558b570)
 - nest members:     Array<T>(0x00007fe32558b5f0)
 - permitted subclasses:     Array<T>(0x00007fe325400028)
 - java mirror:       a 'java/lang/Class'{0x00000000d558f860} = 'java/util/Arrays'
 - vtable length      5  (start addr: 0x0000000100066220)
 - itable length      2 (start addr: 0x0000000100066248)
 - ---- static fields (2 words):
 - private static final 'MIN_ARRAY_SORT_GRAN' 'I' @112 
 - private static final 'INSERTIONSORT_THRESHOLD' 'I' @116 
 - static final synthetic '$assertionsDisabled' 'Z' @120 
 - ---- non-static fields (0 words):
 - non-static oop maps: 
stack at sp + 5 slots: 0x0 is NULL
stack at sp + 6 slots: 0x00007fe33c043b70 points into unknown readable memory: 0x5b2800185a2fffff | ff ff 2f 5a 18 00 28 5b
stack at sp + 7 slots: 0x00007fe33c0440c8 points into unknown readable memory: 0x6f730004bed2ffff | ff ff d2 be 04 00 73 6f


---------------  P R O C E S S  ---------------

Threads class SMR info:
_java_thread_list=0x00007fe3384302f0, length=13, elements={
0x00007fe338026160, 0x00007fe338227a60, 0x00007fe338228fd0, 0x00007fe338251580,
0x00007fe338254e90, 0x00007fe338255de0, 0x00007fe338257430, 0x00007fe3382588e0,
0x00007fe338261d10, 0x00007fe3382cefa0, 0x00007fe2f4087e90, 0x00007fe338322860,
0x00007fe33842f800
}

Java Threads: ( => current thread )
=>0x00007fe338026160 JavaThread "main" [_thread_in_vm, id=192220, stack(0x00007fe33cc45000,0x00007fe33cd46000)]
  0x00007fe338227a60 JavaThread "Reference Handler" daemon [_thread_blocked, id=192225, stack(0x00007fe31aded000,0x00007fe31aeee000)]
  0x00007fe338228fd0 JavaThread "Finalizer" daemon [_thread_blocked, id=192226, stack(0x00007fe31acec000,0x00007fe31aded000)]
  0x00007fe338251580 JavaThread "Signal Dispatcher" daemon [_thread_blocked, id=192227, stack(0x00007fe31a67a000,0x00007fe31a77b000)]
  0x00007fe338254e90 JavaThread "Service Thread" daemon [_thread_blocked, id=192228, stack(0x00007fe31a579000,0x00007fe31a67a000)]
  0x00007fe338255de0 JavaThread "Monitor Deflation Thread" daemon [_thread_blocked, id=192229, stack(0x00007fe31a478000,0x00007fe31a579000)]
  0x00007fe338257430 JavaThread "C2 CompilerThread0" daemon [_thread_blocked, id=192230, stack(0x00007fe31a377000,0x00007fe31a478000)]
  0x00007fe3382588e0 JavaThread "C1 CompilerThread0" daemon [_thread_blocked, id=192231, stack(0x00007fe31a276000,0x00007fe31a377000)]
  0x00007fe338261d10 JavaThread "Sweeper thread" daemon [_thread_blocked, id=192232, stack(0x00007fe31a175000,0x00007fe31a276000)]
  0x00007fe3382cefa0 JavaThread "Common-Cleaner" daemon [_thread_blocked, id=192233, stack(0x00007fe31a074000,0x00007fe31a175000)]
  0x00007fe2f4087e90 JavaThread "C2 CompilerThread1" daemon [_thread_blocked, id=192234, stack(0x00007fe319f73000,0x00007fe31a074000)]
  0x00007fe338322860 JavaThread "Notification Thread" daemon [_thread_blocked, id=192237, stack(0x00007fe319e72000,0x00007fe319f73000)]
  0x00007fe33842f800 JavaThread "process reaper" daemon [_thread_blocked, id=192240, stack(0x00007fe325cb5000,0x00007fe325cd7000)]

Other Threads:
  0x00007fe338217a10 VMThread "VM Thread" [stack: 0x00007fe31aef0000,0x00007fe31aff0000] [id=192224]
  0x00007fe338070540 WatcherThread [stack: 0x00007fe319d72000,0x00007fe319e72000] [id=192238]
  0x00007fe33803ce90 GCTaskThread "GC Thread#0" [stack: 0x00007fe33c0ce000,0x00007fe33c1ce000] [id=192221]

Threads with active compile tasks:

VM state: not at safepoint (normal execution)

VM Mutex/Monitor currently owned by a thread: None

Heap address: 0x0000000080000000, size: 2048 MB, Compressed Oops mode: 32-bit

CDS archive(s) not mapped
Compressed class space mapped at: 0x0000000100000000-0x0000000140000000, reserved size: 1073741824
Narrow klass base: 0x0000000000000000, Narrow klass shift: 3, Narrow klass range: 0x140000000

GC Precious Log:
 CPUs: 12 total, 12 available
 Memory: 15855M
 Large Page Support: Disabled
 NUMA Support: Disabled
 Compressed Oops: Enabled (32-bit)
 Alignments: Space 512K, Generation 512K, Heap 2M
 Heap Min Capacity: 100M
 Heap Initial Capacity: 100M
 Heap Max Capacity: 2G
 Pre-touch: Disabled
 Parallel Workers: 10

Heap:
 PSYoungGen      total 29696K, used 20249K [0x00000000d5580000, 0x00000000d7680000, 0x0000000100000000)
  eden space 25600K, 79% used [0x00000000d5580000,0x00000000d6946598,0x00000000d6e80000)
  from space 4096K, 0% used [0x00000000d7280000,0x00000000d7280000,0x00000000d7680000)
  to   space 4096K, 0% used [0x00000000d6e80000,0x00000000d6e80000,0x00000000d7280000)
 ParOldGen       total 68608K, used 0K [0x0000000080000000, 0x0000000084300000, 0x00000000d5580000)
  object space 68608K, 0% used [0x0000000080000000,0x0000000080000000,0x0000000084300000)
 Metaspace       used 11569K, committed 11712K, reserved 1064960K
  class space    used 1165K, committed 1216K, reserved 1048576K

Card table byte_map: [0x00007fe33c1ce000,0x00007fe33c5cf000] _byte_map_base: 0x00007fe33bdce000

Marking Bits: (ParMarkBitMap*) 0x00007fe33e49d460
 Begin Bits: [0x00007fe31c000000, 0x00007fe31e000000)
 End Bits:   [0x00007fe31e000000, 0x00007fe320000000)

Polling page: 0x00007fe33e929000

Metaspace:

Usage:
  Non-class:     10,16 MB used.
      Class:      1,14 MB used.
       Both:     11,30 MB used.

Virtual space:
  Non-class space:       16,00 MB reserved,      10,25 MB ( 64%) committed,  2 nodes.
      Class space:        1,00 GB reserved,       1,19 MB ( <1%) committed,  1 nodes.
             Both:        1,02 GB reserved,      11,44 MB (  1%) committed. 

Chunk freelists:
   Non-Class:  1,65 MB
       Class:  2,82 MB
        Both:  4,47 MB

MaxMetaspaceSize: unlimited
CompressedClassSpaceSize: 1,00 GB
Initial GC threshold: 21,00 MB
Current GC threshold: 21,00 MB
CDS: off
MetaspaceReclaimPolicy: balanced
 - commit_granule_bytes: 65536.
 - commit_granule_words: 8192.
 - virtual_space_node_default_size: 1048576.
 - enlarge_chunks_in_place: 1.
 - new_chunks_are_fully_committed: 0.
 - uncommit_free_chunks: 1.
 - use_allocation_guard: 0.
 - handle_deallocations: 1.


Internal statistics:

num_allocs_failed_limit: 0.
num_arena_births: 70.
num_arena_deaths: 0.
num_vsnodes_births: 3.
num_vsnodes_deaths: 0.
num_space_committed: 183.
num_space_uncommitted: 0.
num_chunks_returned_to_freelist: 0.
num_chunks_taken_from_freelist: 175.
num_chunk_merges: 0.
num_chunk_splits: 105.
num_chunks_enlarged: 74.
num_purges: 0.
num_inconsistent_stats: 0.

CodeHeap 'non-profiled nmethods': size=120028Kb used=348Kb max_used=348Kb free=119679Kb
 bounds [0x00007fe32decc000, 0x00007fe32e13c000, 0x00007fe335403000]
CodeHeap 'profiled nmethods': size=120028Kb used=1631Kb max_used=1631Kb free=118396Kb
 bounds [0x00007fe326995000, 0x00007fe326c05000, 0x00007fe32decc000]
CodeHeap 'non-nmethods': size=5704Kb used=1132Kb max_used=1174Kb free=4572Kb
 bounds [0x00007fe326403000, 0x00007fe326673000, 0x00007fe326995000]
 total_blobs=1434 nmethods=1009 adapters=341
 compilation: enabled
              stopped_count=0, restarted_count=0
 full_count=0

Compilation events (20 events):
Event: 0,337 Thread 0x00007fe3382588e0 nmethod 992 0x00007fe326b27710 code [0x00007fe326b278a0, 0x00007fe326b27990]
Event: 0,337 Thread 0x00007fe3382588e0  996       3       java.util.HashMap$ValueIterator::next (8 bytes)
Event: 0,337 Thread 0x00007fe3382588e0 nmethod 996 0x00007fe326b27a10 code [0x00007fe326b27bc0, 0x00007fe326b27d00]
Event: 0,337 Thread 0x00007fe3382588e0  997       1       org.eclipse.osgi.container.ModuleWiring::getRevision (5 bytes)
Event: 0,337 Thread 0x00007fe3382588e0 nmethod 997 0x00007fe32df20410 code [0x00007fe32df205a0, 0x00007fe32df20670]
Event: 0,338 Thread 0x00007fe3382588e0  998       3       jdk.internal.reflect.ClassFileAssembler::emitShort (24 bytes)
Event: 0,338 Thread 0x00007fe3382588e0 nmethod 998 0x00007fe326b27e10 code [0x00007fe326b27fe0, 0x00007fe326b282d0]
Event: 0,338 Thread 0x00007fe3382588e0  999       3       jdk.internal.reflect.ClassFileAssembler::cpi (22 bytes)
Event: 0,338 Thread 0x00007fe3382588e0 nmethod 999 0x00007fe326b28490 code [0x00007fe326b28640, 0x00007fe326b28840]
Event: 0,338 Thread 0x00007fe3382588e0 1000       3       jdk.internal.reflect.ClassFileAssembler::emitConstantPoolUTF8 (50 bytes)
Event: 0,339 Thread 0x00007fe3382588e0 nmethod 1000 0x00007fe326b28910 code [0x00007fe326b28b40, 0x00007fe326b29180]
Event: 0,339 Thread 0x00007fe3382588e0 1001       3       jdk.internal.reflect.ByteVectorImpl::getLength (7 bytes)
Event: 0,339 Thread 0x00007fe3382588e0 nmethod 1001 0x00007fe326b29510 code [0x00007fe326b296a0, 0x00007fe326b297b0]
Event: 0,339 Thread 0x00007fe3382588e0 1002       1       java.lang.Boolean::booleanValue (5 bytes)
Event: 0,339 Thread 0x00007fe3382588e0 nmethod 1002 0x00007fe32df20710 code [0x00007fe32df208a0, 0x00007fe32df20970]
Event: 0,339 Thread 0x00007fe3382588e0 1004   !   3       jdk.internal.reflect.UTF8::encode (191 bytes)
Event: 0,339 Thread 0x00007fe3382588e0 nmethod 1004 0x00007fe326b29810 code [0x00007fe326b29a80, 0x00007fe326b2a650]
Event: 0,339 Thread 0x00007fe3382588e0 1003       3       jdk.internal.reflect.UTF8::utf8Length (81 bytes)
Event: 0,340 Thread 0x00007fe3382588e0 nmethod 1003 0x00007fe326b2ac90 code [0x00007fe326b2aec0, 0x00007fe326b2b770]
Event: 0,340 Thread 0x00007fe3382588e0 1005       3       jdk.internal.reflect.ByteVectorImpl::get (26 bytes)

GC Heap History (0 events):
No events

Deoptimization events (20 events):
Event: 0,224 Thread 0x00007fe338026160 Uncommon trap: trap_request=0xffffffde fr.pc=0x00007fe32def3eb4 relative=0x0000000000000a74
Event: 0,224 Thread 0x00007fe338026160 Uncommon trap: reason=class_check action=maybe_recompile pc=0x00007fe32def3eb4 method=java.util.HashMap.putVal(ILjava/lang/Object;Ljava/lang/Object;ZZ)Ljava/lang/Object; @ 203 c2
Event: 0,224 Thread 0x00007fe338026160 DEOPT PACKING pc=0x00007fe32def3eb4 sp=0x00007fe33cd43720
Event: 0,224 Thread 0x00007fe338026160 DEOPT UNPACKING pc=0x00007fe326454d99 sp=0x00007fe33cd43658 mode 2
Event: 0,224 Thread 0x00007fe338026160 Uncommon trap: trap_request=0xffffffde fr.pc=0x00007fe32def3eb4 relative=0x0000000000000a74
Event: 0,224 Thread 0x00007fe338026160 Uncommon trap: reason=class_check action=maybe_recompile pc=0x00007fe32def3eb4 method=java.util.HashMap.putVal(ILjava/lang/Object;Ljava/lang/Object;ZZ)Ljava/lang/Object; @ 203 c2
Event: 0,224 Thread 0x00007fe338026160 DEOPT PACKING pc=0x00007fe32def3eb4 sp=0x00007fe33cd43720
Event: 0,224 Thread 0x00007fe338026160 DEOPT UNPACKING pc=0x00007fe326454d99 sp=0x00007fe33cd43658 mode 2
Event: 0,224 Thread 0x00007fe338026160 Uncommon trap: trap_request=0xffffffde fr.pc=0x00007fe32def3eb4 relative=0x0000000000000a74
Event: 0,224 Thread 0x00007fe338026160 Uncommon trap: reason=class_check action=maybe_recompile pc=0x00007fe32def3eb4 method=java.util.HashMap.putVal(ILjava/lang/Object;Ljava/lang/Object;ZZ)Ljava/lang/Object; @ 203 c2
Event: 0,224 Thread 0x00007fe338026160 DEOPT PACKING pc=0x00007fe32def3eb4 sp=0x00007fe33cd43720
Event: 0,224 Thread 0x00007fe338026160 DEOPT UNPACKING pc=0x00007fe326454d99 sp=0x00007fe33cd43658 mode 2
Event: 0,226 Thread 0x00007fe338026160 Uncommon trap: trap_request=0xffffff45 fr.pc=0x00007fe32dee0064 relative=0x0000000000000244
Event: 0,226 Thread 0x00007fe338026160 Uncommon trap: reason=unstable_if action=reinterpret pc=0x00007fe32dee0064 method=java.lang.CharacterDataLatin1.digit(II)I @ 7 c2
Event: 0,226 Thread 0x00007fe338026160 DEOPT PACKING pc=0x00007fe32dee0064 sp=0x00007fe33cd43c30
Event: 0,226 Thread 0x00007fe338026160 DEOPT UNPACKING pc=0x00007fe326454d99 sp=0x00007fe33cd43a78 mode 2
Event: 0,247 Thread 0x00007fe338026160 Uncommon trap: trap_request=0xffffff45 fr.pc=0x00007fe32deff3d4 relative=0x0000000000000a74
Event: 0,247 Thread 0x00007fe338026160 Uncommon trap: reason=unstable_if action=reinterpret pc=0x00007fe32deff3d4 method=java.util.HashMap.hash(Ljava/lang/Object;)I @ 1 c2
Event: 0,247 Thread 0x00007fe338026160 DEOPT PACKING pc=0x00007fe32deff3d4 sp=0x00007fe33cd43b70
Event: 0,247 Thread 0x00007fe338026160 DEOPT UNPACKING pc=0x00007fe326454d99 sp=0x00007fe33cd43b00 mode 2

Classes unloaded (0 events):
No events

Classes redefined (0 events):
No events

Internal exceptions (20 events):
Event: 0,160 Thread 0x00007fe338026160 Exception <a 'java/lang/NoSuchMethodError'{0x00000000d5a61d70}: 'java.lang.Object java.lang.invoke.DirectMethodHandle$Holder.invokeStaticInit(java.lang.Object)'> (0x00000000d5a61d70) 
thrown [src/hotspot/share/interpreter/linkResolver.cpp, line 766]
Event: 0,162 Thread 0x00007fe338026160 Exception <a 'java/lang/NoSuchMethodError'{0x00000000d5a6c308}: 'java.lang.Object java.lang.invoke.DirectMethodHandle$Holder.invokeStaticInit(java.lang.Object, java.lang.Object, long, java.lang.Object)'> (0x00000000d5a6c308) 
thrown [src/hotspot/share/interpreter/linkResolver.cpp, line 766]
Event: 0,162 Thread 0x00007fe338026160 Exception <a 'java/lang/NoSuchMethodError'{0x00000000d5a72968}: 'java.lang.Object java.lang.invoke.DirectMethodHandle$Holder.newInvokeSpecial(java.lang.Object, java.lang.Object, long)'> (0x00000000d5a72968) 
thrown [src/hotspot/share/interpreter/linkResolver.cpp, line 766]
Event: 0,163 Thread 0x00007fe338026160 Exception <a 'java/lang/NoSuchMethodError'{0x00000000d5a76c58}: 'java.lang.Object java.lang.invoke.Invokers$Holder.linkToTargetMethod(java.lang.Object, long, java.lang.Object)'> (0x00000000d5a76c58) 
thrown [src/hotspot/share/interpreter/linkResolver.cpp, line 766]
Event: 0,165 Thread 0x00007fe338026160 Exception <a 'java/lang/NoSuchMethodError'{0x00000000d5a7efc8}: 'java.lang.Object java.lang.invoke.DirectMethodHandle$Holder.newInvokeSpecial(java.lang.Object, java.lang.Object, java.lang.Object, int)'> (0x00000000d5a7efc8) 
thrown [src/hotspot/share/interpreter/linkResolver.cpp, line 766]
Event: 0,165 Thread 0x00007fe338026160 Exception <a 'java/lang/NoSuchMethodError'{0x00000000d5a86b88}: 'java.lang.Object java.lang.invoke.Invokers$Holder.linkToTargetMethod(java.lang.Object, java.lang.Object, int, java.lang.Object)'> (0x00000000d5a86b88) 
thrown [src/hotspot/share/interpreter/linkResolver.cpp, line 766]
Event: 0,232 Thread 0x00007fe338026160 Exception <a 'java/io/FileNotFoundException'{0x00000000d6154600}> (0x00000000d6154600) 
thrown [src/hotspot/share/prims/jni.cpp, line 516]
Event: 0,240 Thread 0x00007fe338026160 Exception <a 'java/lang/NoSuchMethodError'{0x00000000d61c2e08}: 'int java.lang.invoke.DirectMethodHandle$Holder.invokeStatic(java.lang.Object, java.lang.Object, java.lang.Object, int)'> (0x00000000d61c2e08) 
thrown [src/hotspot/share/interpreter/linkResolver.cpp, line 766]
Event: 0,240 Thread 0x00007fe338026160 Exception <a 'java/lang/NoSuchMethodError'{0x00000000d61c68b0}: 'int java.lang.invoke.DirectMethodHandle$Holder.invokeStaticInit(java.lang.Object, java.lang.Object, java.lang.Object, int)'> (0x00000000d61c68b0) 
thrown [src/hotspot/share/interpreter/linkResolver.cpp, line 766]
Event: 0,247 Thread 0x00007fe338026160 Implicit null exception at 0x00007fe32defe9a0 to 0x00007fe32deff3bc
Event: 0,265 Thread 0x00007fe338026160 Exception <a 'java/lang/NoSuchMethodError'{0x00000000d6330c60}: 'int java.lang.invoke.DirectMethodHandle$Holder.invokeStaticInit(java.lang.Object, java.lang.Object, java.lang.Object, java.lang.Object)'> (0x00000000d6330c60) 
thrown [src/hotspot/share/interpreter/linkResolver.cpp, line 766]
Event: 0,266 Thread 0x00007fe338026160 Exception <a 'java/lang/NoSuchMethodError'{0x00000000d633ae88}: 'java.lang.Object java.lang.invoke.DirectMethodHandle$Holder.invokeInterface(java.lang.Object, java.lang.Object)'> (0x00000000d633ae88) 
thrown [src/hotspot/share/interpreter/linkResolver.cpp, line 766]
Event: 0,266 Thread 0x00007fe338026160 Exception <a 'java/lang/IncompatibleClassChangeError'{0x00000000d633e680}: Found class java.lang.Object, but interface was expected> (0x00000000d633e680) 
thrown [src/hotspot/share/interpreter/linkResolver.cpp, line 833]
Event: 0,267 Thread 0x00007fe338026160 Exception <a 'java/lang/NoSuchMethodError'{0x00000000d63415a0}: 'void java.lang.invoke.DirectMethodHandle$Holder.invokeStatic(java.lang.Object, java.lang.Object)'> (0x00000000d63415a0) 
thrown [src/hotspot/share/interpreter/linkResolver.cpp, line 766]
Event: 0,267 Thread 0x00007fe338026160 Exception <a 'java/lang/NoSuchMethodError'{0x00000000d6344da0}: 'void java.lang.invoke.DirectMethodHandle$Holder.invokeStaticInit(java.lang.Object, java.lang.Object)'> (0x00000000d6344da0) 
thrown [src/hotspot/share/interpreter/linkResolver.cpp, line 766]
Event: 0,267 Thread 0x00007fe338026160 Exception <a 'java/lang/NoSuchMethodError'{0x00000000d634ae00}: 'int java.lang.invoke.DirectMethodHandle$Holder.invokeStaticInit(java.lang.Object, java.lang.Object)'> (0x00000000d634ae00) 
thrown [src/hotspot/share/interpreter/linkResolver.cpp, line 766]
Event: 0,282 Thread 0x00007fe338026160 Exception <a 'java/lang/NoSuchMethodError'{0x00000000d6416a20}: 'void java.lang.invoke.DirectMethodHandle$Holder.invokeSpecial(java.lang.Object, java.lang.Object, java.lang.Object)'> (0x00000000d6416a20) 
thrown [src/hotspot/share/interpreter/linkResolver.cpp, line 766]
Event: 0,289 Thread 0x00007fe338026160 Exception <a 'java/lang/NoSuchMethodError'{0x00000000d6495db0}: 'void java.lang.invoke.DirectMethodHandle$Holder.invokeInterface(java.lang.Object, java.lang.Object)'> (0x00000000d6495db0) 
thrown [src/hotspot/share/interpreter/linkResolver.cpp, line 766]
Event: 0,292 Thread 0x00007fe338026160 Exception <a 'java/lang/NoSuchMethodError'{0x00000000d64c7b40}: 'java.lang.Object java.lang.invoke.DirectMethodHandle$Holder.newInvokeSpecial(java.lang.Object, int, java.lang.Object, java.lang.Object)'> (0x00000000d64c7b40) 
thrown [src/hotspot/share/interpreter/linkResolver.cpp, line 766]
Event: 0,322 Thread 0x00007fe338026160 Exception <a 'java/lang/NoSuchMethodError'{0x00000000d672afe0}: 'void java.lang.invoke.DirectMethodHandle$Holder.invokeStatic(java.lang.Object, java.lang.Object, java.lang.Object, java.lang.Object)'> (0x00000000d672afe0) 
thrown [src/hotspot/share/interpreter/linkResolver.cpp, line 766]

VM Operations (4 events):
Event: 0,066 Executing VM operation: HandshakeAllThreads
Event: 0,066 Executing VM operation: HandshakeAllThreads done
Event: 0,325 Executing VM operation: ICBufferFull
Event: 0,325 Executing VM operation: ICBufferFull done

Events (20 events):
Event: 0,314 loading class java/security/KeyException done
Event: 0,314 loading class java/security/InvalidKeyException done
Event: 0,314 loading class java/security/SignatureException
Event: 0,314 loading class java/security/SignatureException done
Event: 0,314 loading class java/security/cert/CertificateException
Event: 0,314 loading class java/security/cert/CertificateException done
Event: 0,314 loading class java/security/NoSuchAlgorithmException
Event: 0,314 loading class java/security/NoSuchAlgorithmException done
Event: 0,314 loading class java/security/NoSuchProviderException
Event: 0,314 loading class java/security/NoSuchProviderException done
Event: 0,325 loading class java/util/Collections$UnmodifiableMap$UnmodifiableEntrySet
Event: 0,325 loading class java/util/Collections$UnmodifiableMap$UnmodifiableEntrySet done
Event: 0,325 loading class java/util/Collections$UnmodifiableMap$UnmodifiableEntrySet$1
Event: 0,325 loading class java/util/Collections$UnmodifiableMap$UnmodifiableEntrySet$1 done
Event: 0,325 loading class java/util/Collections$UnmodifiableMap$UnmodifiableEntrySet$UnmodifiableEntry
Event: 0,325 loading class java/util/Collections$UnmodifiableMap$UnmodifiableEntrySet$UnmodifiableEntry done
Event: 0,338 loading class java/lang/reflect/TypeVariable
Event: 0,338 loading class java/lang/reflect/TypeVariable done
Event: 0,338 loading class java/lang/reflect/AnnotatedType
Event: 0,338 loading class java/lang/reflect/AnnotatedType done


Dynamic libraries:
80000000-84300000 rw-p 00000000 00:00 0 
84300000-d5580000 ---p 00000000 00:00 0 
d5580000-d7680000 rw-p 00000000 00:00 0 
d7680000-100000000 ---p 00000000 00:00 0 
100000000-100020000 rw-p 00000000 00:00 0 
100020000-100040000 rw-p 00000000 00:00 0 
100040000-100100000 rw-p 00000000 00:00 0 
100100000-100130000 rw-p 00000000 00:00 0 
100130000-140000000 ---p 00000000 00:00 0 
556ca419e000-556ca419f000 r-xp 00000000 103:06 1923779                   /home/artur/.vscode/extensions/redhat.java-1.2.0/jre/17.0.1-linux-x86_64/bin/java
556ca439f000-556ca43a0000 r--p 00001000 103:06 1923779                   /home/artur/.vscode/extensions/redhat.java-1.2.0/jre/17.0.1-linux-x86_64/bin/java
556ca43a0000-556ca43a1000 rw-p 00002000 103:06 1923779                   /home/artur/.vscode/extensions/redhat.java-1.2.0/jre/17.0.1-linux-x86_64/bin/java
556ca4e14000-556ca4e35000 rw-p 00000000 00:00 0                          [heap]
7fe2dc000000-7fe2dc021000 rw-p 00000000 00:00 0 
7fe2dc021000-7fe2e0000000 ---p 00000000 00:00 0 
7fe2e4000000-7fe2e4021000 rw-p 00000000 00:00 0 
7fe2e4021000-7fe2e8000000 ---p 00000000 00:00 0 
7fe2e8000000-7fe2e8021000 rw-p 00000000 00:00 0 
7fe2e8021000-7fe2ec000000 ---p 00000000 00:00 0 
7fe2ec000000-7fe2ec021000 rw-p 00000000 00:00 0 
7fe2ec021000-7fe2f0000000 ---p 00000000 00:00 0 
7fe2f0000000-7fe2f01f6000 rw-p 00000000 00:00 0 
7fe2f01f6000-7fe2f4000000 ---p 00000000 00:00 0 
7fe2f4000000-7fe2f4292000 rw-p 00000000 00:00 0 
7fe2f4292000-7fe2f8000000 ---p 00000000 00:00 0 
7fe2f8000000-7fe2f8021000 rw-p 00000000 00:00 0 
7fe2f8021000-7fe2fc000000 ---p 00000000 00:00 0 
7fe2fc000000-7fe2fc021000 rw-p 00000000 00:00 0 
7fe2fc021000-7fe300000000 ---p 00000000 00:00 0 
7fe300000000-7fe300421000 rw-p 00000000 00:00 0 
7fe300421000-7fe304000000 ---p 00000000 00:00 0 
7fe304000000-7fe304021000 rw-p 00000000 00:00 0 
7fe304021000-7fe308000000 ---p 00000000 00:00 0 
7fe308000000-7fe308021000 rw-p 00000000 00:00 0 
7fe308021000-7fe30c000000 ---p 00000000 00:00 0 
7fe30c000000-7fe30c021000 rw-p 00000000 00:00 0 
7fe30c021000-7fe310000000 ---p 00000000 00:00 0 
7fe310000000-7fe310021000 rw-p 00000000 00:00 0 
7fe310021000-7fe314000000 ---p 00000000 00:00 0 
7fe314000000-7fe314021000 rw-p 00000000 00:00 0 
7fe314021000-7fe318000000 ---p 00000000 00:00 0 
7fe318c16000-7fe3190e0000 rw-p 00000000 00:00 0 
7fe3190e0000-7fe319100000 ---p 00000000 00:00 0 
7fe319100000-7fe319260000 rw-p 00000000 00:00 0 
7fe319260000-7fe319800000 ---p 00000000 00:00 0 
7fe319947000-7fe31995c000 r-xp 00000000 103:06 1924394                   /home/artur/.vscode/extensions/redhat.java-1.2.0/jre/17.0.1-linux-x86_64/lib/libnet.so
7fe31995c000-7fe319b5b000 ---p 00015000 103:06 1924394                   /home/artur/.vscode/extensions/redhat.java-1.2.0/jre/17.0.1-linux-x86_64/lib/libnet.so
7fe319b5b000-7fe319b5c000 r--p 00014000 103:06 1924394                   /home/artur/.vscode/extensions/redhat.java-1.2.0/jre/17.0.1-linux-x86_64/lib/libnet.so
7fe319b5c000-7fe319b5d000 rw-p 00015000 103:06 1924394                   /home/artur/.vscode/extensions/redhat.java-1.2.0/jre/17.0.1-linux-x86_64/lib/libnet.so
7fe319b5d000-7fe319b6f000 r-xp 00000000 103:06 1924395                   /home/artur/.vscode/extensions/redhat.java-1.2.0/jre/17.0.1-linux-x86_64/lib/libnio.so
7fe319b6f000-7fe319d6e000 ---p 00012000 103:06 1924395                   /home/artur/.vscode/extensions/redhat.java-1.2.0/jre/17.0.1-linux-x86_64/lib/libnio.so
7fe319d6e000-7fe319d6f000 r--p 00011000 103:06 1924395                   /home/artur/.vscode/extensions/redhat.java-1.2.0/jre/17.0.1-linux-x86_64/lib/libnio.so
7fe319d6f000-7fe319d70000 rw-p 00012000 103:06 1924395                   /home/artur/.vscode/extensions/redhat.java-1.2.0/jre/17.0.1-linux-x86_64/lib/libnio.so
7fe319d70000-7fe319d71000 ---p 00000000 00:00 0 
7fe319d71000-7fe319e72000 rw-p 00000000 00:00 0 
7fe319e72000-7fe319e76000 ---p 00000000 00:00 0 
7fe319e76000-7fe319f73000 rw-p 00000000 00:00 0 
7fe319f73000-7fe319f77000 ---p 00000000 00:00 0 
7fe319f77000-7fe31a074000 rw-p 00000000 00:00 0 
7fe31a074000-7fe31a078000 ---p 00000000 00:00 0 
7fe31a078000-7fe31a175000 rw-p 00000000 00:00 0 
7fe31a175000-7fe31a179000 ---p 00000000 00:00 0 
7fe31a179000-7fe31a276000 rw-p 00000000 00:00 0 
7fe31a276000-7fe31a27a000 ---p 00000000 00:00 0 
7fe31a27a000-7fe31a377000 rw-p 00000000 00:00 0 
7fe31a377000-7fe31a37b000 ---p 00000000 00:00 0 
7fe31a37b000-7fe31a478000 rw-p 00000000 00:00 0 
7fe31a478000-7fe31a47c000 ---p 00000000 00:00 0 
7fe31a47c000-7fe31a579000 rw-p 00000000 00:00 0 
7fe31a579000-7fe31a57d000 ---p 00000000 00:00 0 
7fe31a57d000-7fe31a67a000 rw-p 00000000 00:00 0 
7fe31a67a000-7fe31a67e000 ---p 00000000 00:00 0 
7fe31a67e000-7fe31a77b000 rw-p 00000000 00:00 0 
7fe31a77b000-7fe31acec000 r--p 00000000 103:06 2889157                   /usr/lib/locale/locale-archive
7fe31acec000-7fe31acf0000 ---p 00000000 00:00 0 
7fe31acf0000-7fe31aded000 rw-p 00000000 00:00 0 
7fe31aded000-7fe31adf1000 ---p 00000000 00:00 0 
7fe31adf1000-7fe31aeee000 rw-p 00000000 00:00 0 
7fe31aeee000-7fe31aeef000 ---p 00000000 00:00 0 
7fe31aeef000-7fe320000000 rw-p 00000000 00:00 0 
7fe320000000-7fe320021000 rw-p 00000000 00:00 0 
7fe320021000-7fe324000000 ---p 00000000 00:00 0 
7fe3240e6000-7fe3251f7000 rw-p 00000000 00:00 0 
7fe3251f7000-7fe3251fe000 r-xp 00000000 103:06 1924405                   /home/artur/.vscode/extensions/redhat.java-1.2.0/jre/17.0.1-linux-x86_64/lib/libzip.so
7fe3251fe000-7fe3253fe000 ---p 00007000 103:06 1924405                   /home/artur/.vscode/extensions/redhat.java-1.2.0/jre/17.0.1-linux-x86_64/lib/libzip.so
7fe3253fe000-7fe3253ff000 r--p 00007000 103:06 1924405                   /home/artur/.vscode/extensions/redhat.java-1.2.0/jre/17.0.1-linux-x86_64/lib/libzip.so
7fe3253ff000-7fe325400000 rw-p 00008000 103:06 1924405                   /home/artur/.vscode/extensions/redhat.java-1.2.0/jre/17.0.1-linux-x86_64/lib/libzip.so
7fe325400000-7fe325800000 rw-p 00000000 00:00 0 
7fe325800000-7fe325820000 rw-p 00000000 00:00 0 
7fe325820000-7fe325840000 rw-p 00000000 00:00 0 
7fe325840000-7fe325880000 rw-p 00000000 00:00 0 
7fe325880000-7fe325900000 rw-p 00000000 00:00 0 
7fe325900000-7fe325b00000 rw-p 00000000 00:00 0 
7fe325b00000-7fe325b40000 rw-p 00000000 00:00 0 
7fe325b40000-7fe325b80000 rw-p 00000000 00:00 0 
7fe325b80000-7fe325c00000 rw-p 00000000 00:00 0 
7fe325cb5000-7fe325cb9000 ---p 00000000 00:00 0 
7fe325cb9000-7fe32617a000 rw-p 00000000 00:00 0 
7fe32617a000-7fe326403000 ---p 00000000 00:00 0 
7fe326403000-7fe326673000 rwxp 00000000 00:00 0 
7fe326673000-7fe326995000 ---p 00000000 00:00 0 
7fe326995000-7fe326c05000 rwxp 00000000 00:00 0 
7fe326c05000-7fe32decc000 ---p 00000000 00:00 0 
7fe32decc000-7fe32e13c000 rwxp 00000000 00:00 0 
7fe32e13c000-7fe335403000 ---p 00000000 00:00 0 
7fe335403000-7fe338000000 r--s 00000000 103:06 1924413                   /home/artur/.vscode/extensions/redhat.java-1.2.0/jre/17.0.1-linux-x86_64/lib/modules
7fe338000000-7fe338542000 rw-p 00000000 00:00 0 
7fe338542000-7fe33c000000 ---p 00000000 00:00 0 
7fe33c008000-7fe33c0cc000 rw-p 00000000 00:00 0 
7fe33c0cc000-7fe33c0cd000 ---p 00000000 00:00 0 
7fe33c0cd000-7fe33c1f0000 rw-p 00000000 00:00 0 
7fe33c1f0000-7fe33c478000 ---p 00000000 00:00 0 
7fe33c478000-7fe33c48a000 rw-p 00000000 00:00 0 
7fe33c48a000-7fe33c5ce000 ---p 00000000 00:00 0 
7fe33c5ce000-7fe33c5d4000 rw-p 00000000 00:00 0 
7fe33c5d4000-7fe33c6ba000 ---p 00000000 00:00 0 
7fe33c6ba000-7fe33c6bf000 rw-p 00000000 00:00 0 
7fe33c6bf000-7fe33c7a5000 ---p 00000000 00:00 0 
7fe33c7a5000-7fe33c7c9000 r-xp 00000000 103:06 1924362                   /home/artur/.vscode/extensions/redhat.java-1.2.0/jre/17.0.1-linux-x86_64/lib/libjava.so
7fe33c7c9000-7fe33c9c9000 ---p 00024000 103:06 1924362                   /home/artur/.vscode/extensions/redhat.java-1.2.0/jre/17.0.1-linux-x86_64/lib/libjava.so
7fe33c9c9000-7fe33c9ca000 r--p 00024000 103:06 1924362                   /home/artur/.vscode/extensions/redhat.java-1.2.0/jre/17.0.1-linux-x86_64/lib/libjava.so
7fe33c9ca000-7fe33c9cb000 rw-p 00025000 103:06 1924362                   /home/artur/.vscode/extensions/redhat.java-1.2.0/jre/17.0.1-linux-x86_64/lib/libjava.so
7fe33c9cb000-7fe33c9cc000 rw-p 00000000 00:00 0 
7fe33c9cc000-7fe33c9cf000 r--p 00000000 103:06 3674023                   /lib/x86_64-linux-gnu/libnss_files-2.31.so
7fe33c9cf000-7fe33c9d6000 r-xp 00003000 103:06 3674023                   /lib/x86_64-linux-gnu/libnss_files-2.31.so
7fe33c9d6000-7fe33c9d8000 r--p 0000a000 103:06 3674023                   /lib/x86_64-linux-gnu/libnss_files-2.31.so
7fe33c9d8000-7fe33c9d9000 r--p 0000b000 103:06 3674023                   /lib/x86_64-linux-gnu/libnss_files-2.31.so
7fe33c9d9000-7fe33c9da000 rw-p 0000c000 103:06 3674023                   /lib/x86_64-linux-gnu/libnss_files-2.31.so
7fe33c9da000-7fe33c9e0000 rw-p 00000000 00:00 0 
7fe33c9e0000-7fe33c9e5000 r--p 00000000 103:06 3674009                   /lib/x86_64-linux-gnu/libnsl-2.31.so
7fe33c9e5000-7fe33c9f5000 r-xp 00005000 103:06 3674009                   /lib/x86_64-linux-gnu/libnsl-2.31.so
7fe33c9f5000-7fe33c9f9000 r--p 00015000 103:06 3674009                   /lib/x86_64-linux-gnu/libnsl-2.31.so
7fe33c9f9000-7fe33c9fa000 r--p 00018000 103:06 3674009                   /lib/x86_64-linux-gnu/libnsl-2.31.so
7fe33c9fa000-7fe33c9fb000 rw-p 00019000 103:06 3674009                   /lib/x86_64-linux-gnu/libnsl-2.31.so
7fe33c9fb000-7fe33c9fd000 rw-p 00000000 00:00 0 
7fe33c9fd000-7fe33ca00000 r--p 00000000 103:06 3674031                   /lib/x86_64-linux-gnu/libnss_nis-2.31.so
7fe33ca00000-7fe33ca08000 r-xp 00003000 103:06 3674031                   /lib/x86_64-linux-gnu/libnss_nis-2.31.so
7fe33ca08000-7fe33ca0a000 r--p 0000b000 103:06 3674031                   /lib/x86_64-linux-gnu/libnss_nis-2.31.so
7fe33ca0a000-7fe33ca0b000 r--p 0000c000 103:06 3674031                   /lib/x86_64-linux-gnu/libnss_nis-2.31.so
7fe33ca0b000-7fe33ca0c000 rw-p 0000d000 103:06 3674031                   /lib/x86_64-linux-gnu/libnss_nis-2.31.so
7fe33ca15000-7fe33ca1c000 r--s 00000000 103:06 3148538                   /usr/lib/x86_64-linux-gnu/gconv/gconv-modules.cache
7fe33ca1c000-7fe33ca21000 rw-p 00000000 00:00 0 
7fe33ca21000-7fe33ca28000 ---p 00000000 00:00 0 
7fe33ca28000-7fe33ca43000 r-xp 00000000 103:06 1924374                   /home/artur/.vscode/extensions/redhat.java-1.2.0/jre/17.0.1-linux-x86_64/lib/libjimage.so
7fe33ca43000-7fe33cc42000 ---p 0001b000 103:06 1924374                   /home/artur/.vscode/extensions/redhat.java-1.2.0/jre/17.0.1-linux-x86_64/lib/libjimage.so
7fe33cc42000-7fe33cc44000 r--p 0001a000 103:06 1924374                   /home/artur/.vscode/extensions/redhat.java-1.2.0/jre/17.0.1-linux-x86_64/lib/libjimage.so
7fe33cc44000-7fe33cc45000 rw-p 0001c000 103:06 1924374                   /home/artur/.vscode/extensions/redhat.java-1.2.0/jre/17.0.1-linux-x86_64/lib/libjimage.so
7fe33cc45000-7fe33cc49000 ---p 00000000 00:00 0 
7fe33cc49000-7fe33cd46000 rw-p 00000000 00:00 0 
7fe33cd46000-7fe33cd55000 r--p 00000000 103:06 3673997                   /lib/x86_64-linux-gnu/libm-2.31.so
7fe33cd55000-7fe33cdfc000 r-xp 0000f000 103:06 3673997                   /lib/x86_64-linux-gnu/libm-2.31.so
7fe33cdfc000-7fe33ce93000 r--p 000b6000 103:06 3673997                   /lib/x86_64-linux-gnu/libm-2.31.so
7fe33ce93000-7fe33ce94000 r--p 0014c000 103:06 3673997                   /lib/x86_64-linux-gnu/libm-2.31.so
7fe33ce94000-7fe33ce95000 rw-p 0014d000 103:06 3673997                   /lib/x86_64-linux-gnu/libm-2.31.so
7fe33ce95000-7fe33ce98000 r--p 00000000 103:06 3674043                   /lib/x86_64-linux-gnu/librt-2.31.so
7fe33ce98000-7fe33ce9c000 r-xp 00003000 103:06 3674043                   /lib/x86_64-linux-gnu/librt-2.31.so
7fe33ce9c000-7fe33ce9d000 r--p 00007000 103:06 3674043                   /lib/x86_64-linux-gnu/librt-2.31.so
7fe33ce9d000-7fe33ce9e000 ---p 00008000 103:06 3674043                   /lib/x86_64-linux-gnu/librt-2.31.so
7fe33ce9e000-7fe33ce9f000 r--p 00008000 103:06 3674043                   /lib/x86_64-linux-gnu/librt-2.31.so
7fe33ce9f000-7fe33cea0000 rw-p 00009000 103:06 3674043                   /lib/x86_64-linux-gnu/librt-2.31.so
7fe33cea0000-7fe33e17f000 r-xp 00000000 103:06 1924435                   /home/artur/.vscode/extensions/redhat.java-1.2.0/jre/17.0.1-linux-x86_64/lib/server/libjvm.so
7fe33e17f000-7fe33e37e000 ---p 012df000 103:06 1924435                   /home/artur/.vscode/extensions/redhat.java-1.2.0/jre/17.0.1-linux-x86_64/lib/server/libjvm.so
7fe33e37e000-7fe33e437000 r--p 012de000 103:06 1924435                   /home/artur/.vscode/extensions/redhat.java-1.2.0/jre/17.0.1-linux-x86_64/lib/server/libjvm.so
7fe33e437000-7fe33e46b000 rw-p 01397000 103:06 1924435                   /home/artur/.vscode/extensions/redhat.java-1.2.0/jre/17.0.1-linux-x86_64/lib/server/libjvm.so
7fe33e46b000-7fe33e4c7000 rw-p 00000000 00:00 0 
7fe33e4c7000-7fe33e4ec000 r--p 00000000 103:06 3673989                   /lib/x86_64-linux-gnu/libc-2.31.so
7fe33e4ec000-7fe33e664000 r-xp 00025000 103:06 3673989                   /lib/x86_64-linux-gnu/libc-2.31.so
7fe33e664000-7fe33e6ae000 r--p 0019d000 103:06 3673989                   /lib/x86_64-linux-gnu/libc-2.31.so
7fe33e6ae000-7fe33e6af000 ---p 001e7000 103:06 3673989                   /lib/x86_64-linux-gnu/libc-2.31.so
7fe33e6af000-7fe33e6b2000 r--p 001e7000 103:06 3673989                   /lib/x86_64-linux-gnu/libc-2.31.so
7fe33e6b2000-7fe33e6b5000 rw-p 001ea000 103:06 3673989                   /lib/x86_64-linux-gnu/libc-2.31.so
7fe33e6b5000-7fe33e6b9000 rw-p 00000000 00:00 0 
7fe33e6b9000-7fe33e6ba000 r--p 00000000 103:06 3673993                   /lib/x86_64-linux-gnu/libdl-2.31.so
7fe33e6ba000-7fe33e6bc000 r-xp 00001000 103:06 3673993                   /lib/x86_64-linux-gnu/libdl-2.31.so
7fe33e6bc000-7fe33e6bd000 r--p 00003000 103:06 3673993                   /lib/x86_64-linux-gnu/libdl-2.31.so
7fe33e6bd000-7fe33e6be000 r--p 00003000 103:06 3673993                   /lib/x86_64-linux-gnu/libdl-2.31.so
7fe33e6be000-7fe33e6bf000 rw-p 00004000 103:06 3673993                   /lib/x86_64-linux-gnu/libdl-2.31.so
7fe33e6bf000-7fe33e6c6000 r--p 00000000 103:06 3674039                   /lib/x86_64-linux-gnu/libpthread-2.31.so
7fe33e6c6000-7fe33e6d7000 r-xp 00007000 103:06 3674039                   /lib/x86_64-linux-gnu/libpthread-2.31.so
7fe33e6d7000-7fe33e6dc000 r--p 00018000 103:06 3674039                   /lib/x86_64-linux-gnu/libpthread-2.31.so
7fe33e6dc000-7fe33e6dd000 r--p 0001c000 103:06 3674039                   /lib/x86_64-linux-gnu/libpthread-2.31.so
7fe33e6dd000-7fe33e6de000 rw-p 0001d000 103:06 3674039                   /lib/x86_64-linux-gnu/libpthread-2.31.so
7fe33e6de000-7fe33e6e2000 rw-p 00000000 00:00 0 
7fe33e6e2000-7fe33e6f1000 r-xp 00000000 103:06 1924377                   /home/artur/.vscode/extensions/redhat.java-1.2.0/jre/17.0.1-linux-x86_64/lib/libjli.so
7fe33e6f1000-7fe33e8f1000 ---p 0000f000 103:06 1924377                   /home/artur/.vscode/extensions/redhat.java-1.2.0/jre/17.0.1-linux-x86_64/lib/libjli.so
7fe33e8f1000-7fe33e8f2000 r--p 0000f000 103:06 1924377                   /home/artur/.vscode/extensions/redhat.java-1.2.0/jre/17.0.1-linux-x86_64/lib/libjli.so
7fe33e8f2000-7fe33e8f3000 rw-p 00010000 103:06 1924377                   /home/artur/.vscode/extensions/redhat.java-1.2.0/jre/17.0.1-linux-x86_64/lib/libjli.so
7fe33e8f3000-7fe33e8f5000 r--p 00000000 103:06 3672661                   /lib/x86_64-linux-gnu/libz.so.1.2.11
7fe33e8f5000-7fe33e906000 r-xp 00002000 103:06 3672661                   /lib/x86_64-linux-gnu/libz.so.1.2.11
7fe33e906000-7fe33e90c000 r--p 00013000 103:06 3672661                   /lib/x86_64-linux-gnu/libz.so.1.2.11
7fe33e90c000-7fe33e90d000 ---p 00019000 103:06 3672661                   /lib/x86_64-linux-gnu/libz.so.1.2.11
7fe33e90d000-7fe33e90e000 r--p 00019000 103:06 3672661                   /lib/x86_64-linux-gnu/libz.so.1.2.11
7fe33e90e000-7fe33e90f000 rw-p 0001a000 103:06 3672661                   /lib/x86_64-linux-gnu/libz.so.1.2.11
7fe33e915000-7fe33e91d000 rw-s 00000000 103:06 3809744                   /tmp/hsperfdata_artur/192219
7fe33e91d000-7fe33e91f000 r--p 00000000 103:06 3674013                   /lib/x86_64-linux-gnu/libnss_compat-2.31.so
7fe33e91f000-7fe33e926000 r-xp 00002000 103:06 3674013                   /lib/x86_64-linux-gnu/libnss_compat-2.31.so
7fe33e926000-7fe33e927000 r--p 00009000 103:06 3674013                   /lib/x86_64-linux-gnu/libnss_compat-2.31.so
7fe33e927000-7fe33e928000 r--p 00009000 103:06 3674013                   /lib/x86_64-linux-gnu/libnss_compat-2.31.so
7fe33e928000-7fe33e929000 rw-p 0000a000 103:06 3674013                   /lib/x86_64-linux-gnu/libnss_compat-2.31.so
7fe33e929000-7fe33e92a000 ---p 00000000 00:00 0 
7fe33e92a000-7fe33e92b000 r--p 00000000 00:00 0 
7fe33e92b000-7fe33e92d000 rw-p 00000000 00:00 0 
7fe33e92d000-7fe33e92e000 r--p 00000000 103:06 3673973                   /lib/x86_64-linux-gnu/ld-2.31.so
7fe33e92e000-7fe33e951000 r-xp 00001000 103:06 3673973                   /lib/x86_64-linux-gnu/ld-2.31.so
7fe33e951000-7fe33e959000 r--p 00024000 103:06 3673973                   /lib/x86_64-linux-gnu/ld-2.31.so
7fe33e959000-7fe33e95a000 ---p 00000000 00:00 0 
7fe33e95a000-7fe33e95b000 r--p 0002c000 103:06 3673973                   /lib/x86_64-linux-gnu/ld-2.31.so
7fe33e95b000-7fe33e95c000 rw-p 0002d000 103:06 3673973                   /lib/x86_64-linux-gnu/ld-2.31.so
7fe33e95c000-7fe33e95d000 rw-p 00000000 00:00 0 
7ffd565df000-7ffd56601000 rw-p 00000000 00:00 0                          [stack]
7ffd567ea000-7ffd567ed000 r--p 00000000 00:00 0                          [vvar]
7ffd567ed000-7ffd567ee000 r-xp 00000000 00:00 0                          [vdso]
ffffffffff600000-ffffffffff601000 --xp 00000000 00:00 0                  [vsyscall]


VM Arguments:
jvm_args: --add-modules=ALL-SYSTEM --add-opens=java.base/java.util=ALL-UNNAMED --add-opens=java.base/java.lang=ALL-UNNAMED -Declipse.application=org.eclipse.jdt.ls.core.id1 -Dosgi.bundles.defaultStartLevel=4 -Declipse.product=org.eclipse.jdt.ls.core.product -Djava.import.generatesMetadataFilesAtProjectRoot=false -Dfile.encoding=utf8 -XX:+UseParallelGC -XX:GCTimeRatio=4 -XX:AdaptiveSizePolicyWeight=90 -Dsun.zip.disableMemoryMapping=true -Xmx2G -Xms100m -XX:+HeapDumpOnOutOfMemoryError -XX:HeapDumpPath=/home/artur/.config/Code/User/workspaceStorage/68e882bbe0e19ee7d9ce481bef1e990f/redhat.java 
java_command: /home/artur/.vscode/extensions/redhat.java-1.2.0/server/plugins/org.eclipse.equinox.launcher_1.6.400.v20210924-0641.jar -configuration /home/artur/.config/Code/User/globalStorage/redhat.java/1.2.0/config_linux -data /home/artur/.config/Code/User/workspaceStorage/68e882bbe0e19ee7d9ce481bef1e990f/redhat.java/jdt_ws
java_class_path (initial): /home/artur/.vscode/extensions/redhat.java-1.2.0/server/plugins/org.eclipse.equinox.launcher_1.6.400.v20210924-0641.jar
Launcher Type: SUN_STANDARD

[Global flags]
    uintx AdaptiveSizePolicyWeight                 = 90                                        {product} {command line}
     intx CICompilerCount                          = 4                                         {product} {ergonomic}
    uintx GCTimeRatio                              = 4                                         {product} {command line}
     bool HeapDumpOnOutOfMemoryError               = true                                   {manageable} {command line}
    ccstr HeapDumpPath                             = /home/artur/.config/Code/User/workspaceStorage/68e882bbe0e19ee7d9ce481bef1e990f/redhat.java         {manageable} {command line}
   size_t InitialHeapSize                          = 104857600                                 {product} {command line}
   size_t MaxHeapSize                              = 2147483648                                {product} {command line}
   size_t MaxNewSize                               = 715653120                                 {product} {ergonomic}
   size_t MinHeapDeltaBytes                        = 524288                                    {product} {ergonomic}
   size_t MinHeapSize                              = 104857600                                 {product} {command line}
   size_t NewSize                                  = 34603008                                  {product} {ergonomic}
    uintx NonNMethodCodeHeapSize                   = 5839372                                {pd product} {ergonomic}
    uintx NonProfiledCodeHeapSize                  = 122909434                              {pd product} {ergonomic}
   size_t OldSize                                  = 70254592                                  {product} {ergonomic}
    uintx ProfiledCodeHeapSize                     = 122909434                              {pd product} {ergonomic}
    uintx ReservedCodeCacheSize                    = 251658240                              {pd product} {ergonomic}
     bool SegmentedCodeCache                       = true                                      {product} {ergonomic}
   size_t SoftMaxHeapSize                          = 2147483648                             {manageable} {ergonomic}
     bool UseCompressedClassPointers               = true                           {product lp64_product} {ergonomic}
     bool UseCompressedOops                        = true                           {product lp64_product} {ergonomic}
     bool UseParallelGC                            = true                                      {product} {command line}

Logging:
Log output configuration:
 #0: stdout all=warning uptime,level,tags
 #1: stderr all=off uptime,level,tags

Environment Variables:
JAVA_HOME=/usr/lib/jvm/java-11-openjdk-amd64
CLASSPATH=.:/usr/local/lib/antlr-4.9.2-complete.jar:/usr/local/lib/ST-4.3.1.jar:
PATH=/home/artur/.nvm/versions/node/v14.17.0/bin:/home/artur/.local/bin:/usr/local/sbin:/usr/local/bin:/usr/sbin:/usr/bin:/sbin:/bin:/usr/games:/usr/local/games:/snap/bin:/usr/lib/jvm/java-16-oracle/bin:/usr/lib/jvm/java-16-oracle/db/bin:/opt/bin:.:
USERNAME=artur
SHELL=/bin/bash
DISPLAY=:0
LANG=en_US.UTF-8
LC_CTYPE=pt_PT.UTF-8

Signal Handlers:
   SIGSEGV: crash_handler in libjvm.so, mask=11100100010111111101111111111110, flags=SA_RESTART|SA_SIGINFO
    SIGBUS: crash_handler in libjvm.so, mask=11100100010111111101111111111110, flags=SA_RESTART|SA_SIGINFO
    SIGFPE: crash_handler in libjvm.so, mask=11100100010111111101111111111110, flags=SA_RESTART|SA_SIGINFO
   SIGPIPE: javaSignalHandler in libjvm.so, mask=11100100010111111101111111111110, flags=SA_RESTART|SA_SIGINFO
   SIGXFSZ: javaSignalHandler in libjvm.so, mask=11100100010111111101111111111110, flags=SA_RESTART|SA_SIGINFO
    SIGILL: crash_handler in libjvm.so, mask=11100100010111111101111111111110, flags=SA_RESTART|SA_SIGINFO
   SIGUSR2: SR_handler in libjvm.so, mask=00000000000000000000000000000000, flags=SA_RESTART|SA_SIGINFO
    SIGHUP: UserHandler in libjvm.so, mask=11100100010111111101111111111110, flags=SA_RESTART|SA_SIGINFO
    SIGINT: UserHandler in libjvm.so, mask=11100100010111111101111111111110, flags=SA_RESTART|SA_SIGINFO
   SIGTERM: UserHandler in libjvm.so, mask=11100100010111111101111111111110, flags=SA_RESTART|SA_SIGINFO
   SIGQUIT: UserHandler in libjvm.so, mask=11100100010111111101111111111110, flags=SA_RESTART|SA_SIGINFO
   SIGTRAP: crash_handler in libjvm.so, mask=11100100010111111101111111111110, flags=SA_RESTART|SA_SIGINFO


---------------  S Y S T E M  ---------------

OS:
DISTRIB_ID=Ubuntu
DISTRIB_RELEASE=20.04
DISTRIB_CODENAME=focal
DISTRIB_DESCRIPTION="Ubuntu 20.04.3 LTS"
uname: Linux 5.4.0-90-generic #101-Ubuntu SMP Fri Oct 15 20:00:55 UTC 2021 x86_64
OS uptime: 1 days 1:47 hours
libc: glibc 2.31 NPTL 2.31 
rlimit (soft/hard): STACK 8192k/infinity , CORE 0k/infinity , NPROC 63176/63176 , NOFILE 1048576/1048576 , AS infinity/infinity , CPU infinity/infinity , DATA infinity/infinity , FSIZE infinity/infinity , MEMLOCK 65536k/65536k
load average: 3,27 2,07 1,43

/proc/meminfo:
MemTotal:       16235992 kB
MemFree:          747352 kB
MemAvailable:    5088176 kB
Buffers:          660456 kB
Cached:          5000872 kB
SwapCached:         2292 kB
Active:         11140188 kB
Inactive:        3356096 kB
Active(anon):    8303272 kB
Inactive(anon):  1808916 kB
Active(file):    2836916 kB
Inactive(file):  1547180 kB
Unevictable:      147576 kB
Mlocked:             160 kB
SwapTotal:       2097148 kB
SwapFree:        2034880 kB
Dirty:            136212 kB
Writeback:             0 kB
AnonPages:       8981352 kB
Mapped:          1869612 kB
Shmem:           1283376 kB
KReclaimable:     298780 kB
Slab:             581920 kB
SReclaimable:     298780 kB
SUnreclaim:       283140 kB
KernelStack:       35424 kB
PageTables:        99096 kB
NFS_Unstable:          0 kB
Bounce:                0 kB
WritebackTmp:          0 kB
CommitLimit:    10215144 kB
Committed_AS:   30773936 kB
VmallocTotal:   34359738367 kB
VmallocUsed:       61440 kB
VmallocChunk:          0 kB
Percpu:            17728 kB
HardwareCorrupted:     0 kB
AnonHugePages:         0 kB
ShmemHugePages:        0 kB
ShmemPmdMapped:        0 kB
FileHugePages:         0 kB
FilePmdMapped:         0 kB
CmaTotal:              0 kB
CmaFree:               0 kB
HugePages_Total:       0
HugePages_Free:        0
HugePages_Rsvd:        0
HugePages_Surp:        0
Hugepagesize:       2048 kB
Hugetlb:               0 kB
DirectMap4k:      750176 kB
DirectMap2M:    15867904 kB
DirectMap1G:           0 kB

/sys/kernel/mm/transparent_hugepage/enabled: always [madvise] never
/sys/kernel/mm/transparent_hugepage/defrag (defrag/compaction efforts parameter): always defer defer+madvise [madvise] never

Process Memory:
Virtual Size: 4680288K (peak: 4733596K)
Resident Set Size: 78092K (peak: 78092K) (anon: 52188K, file: 25904K, shmem: 0K)
Swapped out: 0K
C-Heap outstanding allocations: 12161K

/proc/sys/kernel/threads-max (system-wide limit on the number of threads): 126352
/proc/sys/vm/max_map_count (maximum number of memory map areas a process may have): 1048575
/proc/sys/kernel/pid_max (system-wide limit on number of process identifiers): 4194304

container (cgroup) information:
container_type: cgroupv1
cpu_cpuset_cpus: 0-11
cpu_memory_nodes: 0
active_processor_count: 12
cpu_quota: no quota
cpu_period: 100000
cpu_shares: no shares
memory_limit_in_bytes: unlimited
memory_and_swap_limit_in_bytes: not supported
memory_soft_limit_in_bytes: unlimited
memory_usage_in_bytes: 12217085952
memory_max_usage_in_bytes: 12831219712

Steal ticks since vm start: 0
Steal ticks percentage since vm start:  0,000

CPU: total 12 (initial active 12) (6 cores per cpu, 2 threads per core) family 6 model 158 stepping 13 microcode 0xea, cx8, cmov, fxsr, ht, mmx, 3dnowpref, sse, sse2, sse3, ssse3, sse4.1, sse4.2, popcnt, lzcnt, tsc, tscinvbit, avx, avx2, aes, erms, clmul, bmi1, bmi2, adx, fma, vzeroupper, clflush, clflushopt
CPU Model and flags from /proc/cpuinfo:
model name	: Intel(R) Core(TM) i7-9750H CPU @ 2.60GHz
flags		: fpu vme de pse tsc msr pae mce cx8 apic sep mtrr pge mca cmov pat pse36 clflush dts acpi mmx fxsr sse sse2 ss ht tm pbe syscall nx pdpe1gb rdtscp lm constant_tsc art arch_perfmon pebs bts rep_good nopl xtopology nonstop_tsc cpuid aperfmperf pni pclmulqdq dtes64 monitor ds_cpl vmx est tm2 ssse3 sdbg fma cx16 xtpr pdcm pcid sse4_1 sse4_2 x2apic movbe popcnt tsc_deadline_timer aes xsave avx f16c rdrand lahf_lm abm 3dnowprefetch cpuid_fault epb invpcid_single ssbd ibrs ibpb stibp ibrs_enhanced tpr_shadow vnmi flexpriority ept vpid ept_ad fsgsbase tsc_adjust bmi1 avx2 smep bmi2 erms invpcid mpx rdseed adx smap clflushopt intel_pt xsaveopt xsavec xgetbv1 xsaves dtherm ida arat pln pts hwp hwp_notify hwp_act_window hwp_epp md_clear flush_l1d arch_capabilities

Online cpus: 0-11
Offline cpus: 
BIOS frequency limitation: <Not Available>
Frequency switch latency (ns): 0
Available cpu frequencies: <Not Available>
Current governor: powersave
Core performance/turbo boost: <Not Available>

Memory: 4k page, physical 16235992k(747352k free), swap 2097148k(2034880k free)
Page Sizes: 4k

vm_info: OpenJDK 64-Bit Server VM (17.0.1+12) for linux-amd64 JRE (17.0.1+12), built on Oct 20 2021 12:00:24 by "" with gcc 7.5.0

END.
