#
# A fatal error has been detected by the Java Runtime Environment:
#
#  SIGSEGV (0xb) at pc=0x00007f8b4a8d45ce, pid=192263, tid=192310
#
# JRE version: OpenJDK Runtime Environment Temurin-17.0.1+12 (17.0.1+12) (build 17.0.1+12)
# Java VM: OpenJDK 64-Bit Server VM Temurin-17.0.1+12 (17.0.1+12, mixed mode, tiered, compressed oops, compressed class ptrs, parallel gc, linux-amd64)
# Problematic frame:
# V  [libjvm.so+0xca05ce]  ParCompactionManager::follow_marking_stacks()+0xd1e
#
# Core dump will be written. Default location: Core dumps may be processed with "/usr/share/apport/apport %p %s %c %d %P %E" (or dumping to /home/artur/Desktop/3ano/IES/medical-management-system/Project/core.192263)
#
# If you would like to submit a bug report, please visit:
#   https://github.com/adoptium/adoptium-support/issues
#

---------------  S U M M A R Y ------------

Command Line: --add-modules=ALL-SYSTEM --add-opens=java.base/java.util=ALL-UNNAMED --add-opens=java.base/java.lang=ALL-UNNAMED -Declipse.application=org.eclipse.jdt.ls.core.id1 -Dosgi.bundles.defaultStartLevel=4 -Declipse.product=org.eclipse.jdt.ls.core.product -Djava.import.generatesMetadataFilesAtProjectRoot=false -Dfile.encoding=utf8 -XX:+UseParallelGC -XX:GCTimeRatio=4 -XX:AdaptiveSizePolicyWeight=90 -Dsun.zip.disableMemoryMapping=true -Xmx2G -Xms100m /home/artur/.vscode/extensions/redhat.java-1.2.0/server/plugins/org.eclipse.equinox.launcher_1.6.400.v20210924-0641.jar -configuration /home/artur/.config/Code/User/globalStorage/redhat.java/1.2.0/config_ss_linux -data /home/artur/.config/Code/User/workspaceStorage/68e882bbe0e19ee7d9ce481bef1e990f/redhat.java/ss_ws

Host: Intel(R) Core(TM) i7-9750H CPU @ 2.60GHz, 12 cores, 15G, Ubuntu 20.04.3 LTS
Time: Wed Jan 12 23:54:50 2022 WET elapsed time: 2.067088 seconds (0d 0h 0m 2s)

---------------  T H R E A D  ---------------

Current thread (0x00007f8b200067c0):  GCTaskThread "GC Thread#9" [stack: 0x00007f8b242fa000,0x00007f8b243fa000] [id=192310]

Stack: [0x00007f8b242fa000,0x00007f8b243fa000],  sp=0x00007f8b243f8c20,  free space=1019k
Native frames: (J=compiled Java code, j=interpreted, Vv=VM code, C=native code)
V  [libjvm.so+0xca05ce]  ParCompactionManager::follow_marking_stacks()+0xd1e
V  [libjvm.so+0xcb19b8]  steal_marking_work(TaskTerminator&, unsigned int)+0x2c8
V  [libjvm.so+0xcb442a]  MarkFromRootsTask::work(unsigned int)+0x2aa
V  [libjvm.so+0xfab56c]  GangWorker::loop()+0x5c
V  [libjvm.so+0xfab5be]
V  [libjvm.so+0xf01b62]  Thread::call_run()+0xe2
V  [libjvm.so+0xc3ccd1]  thread_native_entry(Thread*)+0xe1


siginfo: si_signo: 11 (SIGSEGV), si_code: 128 (SI_KERNEL), si_addr: 0x0000000000000000

Register to memory mapping:

RAX=0x007fffffffc00000 is an unknown value
RBX=0x00007f8b441cf500 points into unknown readable memory: 0x0000000000000000 | 00 00 00 00 00 00 00 00
RCX=0x0 is NULL
RDX=0x00007f8b28000000 points into unknown readable memory: 0x0200000012900001 | 01 00 90 12 00 00 00 02
RSP=0x00007f8b243f8c20 points into unknown readable memory: 0x000000008074b668 | 68 b6 74 80 00 00 00 00
RBP=0x00007f8b243f8c80 points into unknown readable memory: 0x00007f8b243f8d10 | 10 8d 3f 24 8b 7f 00 00
RSI=0x000000008074b668 is an oop: jdk.internal.jimage.ImageReader$LinkNode 
{0x000000008074b668} - klass: 'jdk/internal/jimage/ImageReader$LinkNode'
 - ---- fields (total size 4 words):
 - private 'flags' 'I' @12  0
 - private 'completed' 'Z' @16  false
 - private final 'name' 'Ljava/lang/String;' @20  "/packages/jdk.javadoc.internal.doclets.formats.html.resources.jquery.external/jdk.javadoc"{0x000000008074b688} (8074b688)
 - private final 'fileAttrs' 'Ljava/nio/file/attribute/BasicFileAttributes;' @24  a 'sun/nio/fs/UnixFileAttributes$UnixAsBasicFileAttributes'{0x0000000080acef98} (80acef98)
 - private final 'link' 'Ljdk/internal/jimage/ImageReader$Node;' @28  a 'jdk/internal/jimage/ImageReader$Directory'{0x0000000080c715a8} (80c715a8)
RDI=0x0000000000000001 is an unknown value
R8 =0x000000000000000e is an unknown value
R9 =0x000000000000000e is an unknown value
R10=0x000000008074b668 is an oop: jdk.internal.jimage.ImageReader$LinkNode 
{0x000000008074b668} - klass: 'jdk/internal/jimage/ImageReader$LinkNode'
 - ---- fields (total size 4 words):
 - private 'flags' 'I' @12  0
 - private 'completed' 'Z' @16  false
 - private final 'name' 'Ljava/lang/String;' @20  "/packages/jdk.javadoc.internal.doclets.formats.html.resources.jquery.external/jdk.javadoc"{0x000000008074b688} (8074b688)
 - private final 'fileAttrs' 'Ljava/nio/file/attribute/BasicFileAttributes;' @24  a 'sun/nio/fs/UnixFileAttributes$UnixAsBasicFileAttributes'{0x0000000080acef98} (80acef98)
 - private final 'link' 'Ljdk/internal/jimage/ImageReader$Node;' @28  a 'jdk/internal/jimage/ImageReader$Directory'{0x0000000080c715a8} (80c715a8)
R11=0x0000000000000002 is an unknown value
R12=0x00007f8b4b215fed: <offset 0x00000000015e1fed> in /home/artur/.vscode/extensions/redhat.java-1.2.0/jre/17.0.1-linux-x86_64/lib/server/libjvm.so at 0x00007f8b49c34000
R13=0x00007f8b243f8c30 points into unknown readable memory: 0x00007f8b4b127598 | 98 75 12 4b 8b 7f 00 00
R14=0x0000000000000002 is an unknown value
R15=0x000000008074b660 is pointing into object: [Ljava.lang.Object; 
{0x000000008074b630} - klass: 'java/lang/Object'[]
 - length: 10


Registers:
RAX=0x007fffffffc00000, RBX=0x00007f8b441cf500, RCX=0x0000000000000000, RDX=0x00007f8b28000000
RSP=0x00007f8b243f8c20, RBP=0x00007f8b243f8c80, RSI=0x000000008074b668, RDI=0x0000000000000001
R8 =0x000000000000000e, R9 =0x000000000000000e, R10=0x000000008074b668, R11=0x0000000000000002
R12=0x00007f8b4b215fed, R13=0x00007f8b243f8c30, R14=0x0000000000000002, R15=0x000000008074b660
RIP=0x00007f8b4a8d45ce, EFLAGS=0x0000000000010246, CSGSFS=0x002b000000000033, ERR=0x0000000000000000
  TRAPNO=0x000000000000000d

Top of Stack: (sp=0x00007f8b243f8c20)
0x00007f8b243f8c20:   000000008074b668 000000008074b668
0x00007f8b243f8c30:   00007f8b4b127598 00007f8b440a9eb0
0x00007f8b243f8c40:   00007f8b00000003 00007f8b441cf500
0x00007f8b243f8c50:   0000000000000500 0000000000000048 

Instructions: (pc=0x00007f8b4a8d45ce)
0x00007f8b4a8d44ce:   00 00 48 01 c1 4e 8d 3c a9 4c 8d 2c 91 e9 33 fb
0x00007f8b4a8d44de:   ff ff 3c 01 48 19 d2 83 e2 08 3c 01 48 19 c0 4d
0x00007f8b4a8d44ee:   8d 7c 16 10 83 e0 04 49 63 44 06 0c 48 3d ff 07
0x00007f8b4a8d44fe:   00 00 0f 86 ba 02 00 00 48 3d 00 08 00 00 4d 8d
0x00007f8b4a8d450e:   97 00 20 00 00 74 49 8b 83 50 03 00 00 8b 93 d0
0x00007f8b4a8d451e:   03 00 00 89 c7 29 d7 89 fa 81 e2 ff 1f 00 00 81
0x00007f8b4a8d452e:   fa fd 1f 00 00 0f 87 d5 07 00 00 89 c2 83 c0 01
0x00007f8b4a8d453e:   48 c1 e2 04 48 03 93 50 04 00 00 25 ff 1f 00 00
0x00007f8b4a8d454e:   4c 89 32 c7 42 08 00 08 00 00 89 83 50 03 00 00
0x00007f8b4a8d455e:   4d 39 fa 77 1a e9 20 f4 ff ff 0f 1f 84 00 00 00
0x00007f8b4a8d456e:   00 00 49 83 c7 04 4d 39 d7 0f 83 0b f4 ff ff 45
0x00007f8b4a8d457e:   8b 1f 45 85 db 74 eb 48 8d 05 84 ad 8f 00 48 8b
0x00007f8b4a8d458e:   15 ad cd 95 00 bf 01 00 00 00 8b 48 08 49 d3 e3
0x00007f8b4a8d459e:   4c 03 18 4c 89 d9 48 2b 0a 48 8b 52 10 4d 89 de
0x00007f8b4a8d45ae:   48 89 c8 48 8d 0d 30 b7 8f 00 48 c1 e8 03 8b 09
0x00007f8b4a8d45be:   48 d3 e8 48 89 c1 48 c1 e8 06 83 e1 3f 48 d3 e7
0x00007f8b4a8d45ce:   48 85 3c c2 75 9c 41 0f b6 04 24 84 c0 0f 85 77
0x00007f8b4a8d45de:   01 00 00 49 8b 7b 08 8b 4f 08 83 f9 00 0f 8e 87
0x00007f8b4a8d45ee:   01 00 00 f6 c1 01 75 0a 89 c8 c1 f8 03 eb 17 0f
0x00007f8b4a8d45fe:   1f 00 48 8b 07 4c 89 55 a8 4c 89 f6 ff 90 00 01
0x00007f8b4a8d460e:   00 00 4c 8b 55 a8 48 8d 3d 45 ce 95 00 48 63 c8
0x00007f8b4a8d461e:   4c 89 f6 48 89 ca 4c 89 55 a0 48 89 4d a8 e8 af
0x00007f8b4a8d462e:   b7 fb ff 84 c0 48 8b 4d a8 4c 8b 55 a0 0f 84 2f
0x00007f8b4a8d463e:   ff ff ff 48 8d 3d d8 cd 95 00 48 89 ca 4c 89 f6
0x00007f8b4a8d464e:   4c 89 55 a8 e8 29 b1 00 00 8b 83 88 00 00 00 8b
0x00007f8b4a8d465e:   93 08 01 00 00 4c 8b 55 a8 89 c7 29 d7 89 fa 81
0x00007f8b4a8d466e:   e2 ff ff 01 00 81 fa fd ff 01 00 0f 86 b6 02 00
0x00007f8b4a8d467e:   00 48 8b 93 a8 02 00 00 48 3b 93 90 02 00 00 48
0x00007f8b4a8d468e:   8d 0c d5 00 00 00 00 0f 84 c0 04 00 00 48 8b 83
0x00007f8b4a8d469e:   c0 02 00 00 48 83 c2 01 4c 89 34 08 48 89 93 a8
0x00007f8b4a8d46ae:   02 00 00 e9 ba fe ff ff 66 2e 0f 1f 84 00 00 00
0x00007f8b4a8d46be:   00 00 e8 ab c9 71 ff e9 b9 fa ff ff 66 0f 1f 44 


Stack slot to memory mapping:
stack at sp + 0 slots: 0x000000008074b668 is an oop: jdk.internal.jimage.ImageReader$LinkNode 
{0x000000008074b668} - klass: 'jdk/internal/jimage/ImageReader$LinkNode'
 - ---- fields (total size 4 words):
 - private 'flags' 'I' @12  0
 - private 'completed' 'Z' @16  false
 - private final 'name' 'Ljava/lang/String;' @20  "/packages/jdk.javadoc.internal.doclets.formats.html.resources.jquery.external/jdk.javadoc"{0x000000008074b688} (8074b688)
 - private final 'fileAttrs' 'Ljava/nio/file/attribute/BasicFileAttributes;' @24  a 'sun/nio/fs/UnixFileAttributes$UnixAsBasicFileAttributes'{0x0000000080acef98} (80acef98)
 - private final 'link' 'Ljdk/internal/jimage/ImageReader$Node;' @28  a 'jdk/internal/jimage/ImageReader$Directory'{0x0000000080c715a8} (80c715a8)
stack at sp + 1 slots: 0x000000008074b668 is an oop: jdk.internal.jimage.ImageReader$LinkNode 
{0x000000008074b668} - klass: 'jdk/internal/jimage/ImageReader$LinkNode'
 - ---- fields (total size 4 words):
 - private 'flags' 'I' @12  0
 - private 'completed' 'Z' @16  false
 - private final 'name' 'Ljava/lang/String;' @20  "/packages/jdk.javadoc.internal.doclets.formats.html.resources.jquery.external/jdk.javadoc"{0x000000008074b688} (8074b688)
 - private final 'fileAttrs' 'Ljava/nio/file/attribute/BasicFileAttributes;' @24  a 'sun/nio/fs/UnixFileAttributes$UnixAsBasicFileAttributes'{0x0000000080acef98} (80acef98)
 - private final 'link' 'Ljdk/internal/jimage/ImageReader$Node;' @28  a 'jdk/internal/jimage/ImageReader$Directory'{0x0000000080c715a8} (80c715a8)
stack at sp + 2 slots: 0x00007f8b4b127598: <offset 0x00000000014f3598> in /home/artur/.vscode/extensions/redhat.java-1.2.0/jre/17.0.1-linux-x86_64/lib/server/libjvm.so at 0x00007f8b49c34000
stack at sp + 3 slots: 0x00007f8b440a9eb0 points into unknown readable memory: 0x00007f8b4b127710 | 10 77 12 4b 8b 7f 00 00
stack at sp + 4 slots: 0x00007f8b00000003 points into unknown readable memory: 00 8b 7f 00 00
stack at sp + 5 slots: 0x00007f8b441cf500 points into unknown readable memory: 0x0000000000000000 | 00 00 00 00 00 00 00 00
stack at sp + 6 slots: 0x0000000000000500 is an unknown value
stack at sp + 7 slots: 0x0000000000000048 is an unknown value


---------------  P R O C E S S  ---------------

Threads class SMR info:
_java_thread_list=0x00007f8b446397f0, length=25, elements={
0x00007f8b44026030, 0x00007f8b44227930, 0x00007f8b44228ea0, 0x00007f8b44251450,
0x00007f8b44254d60, 0x00007f8b44255cb0, 0x00007f8b44257300, 0x00007f8b442587b0,
0x00007f8b44261be0, 0x00007f8b442d6f90, 0x00007f8b44322410, 0x00007f8b44437210,
0x00007f8b44559020, 0x00007f8b4453d3a0, 0x00007f8b44582c10, 0x00007f8ae4033b80,
0x00007f8ae40b6500, 0x00007f8ae423ac10, 0x00007f8ae42e3400, 0x00007f8abc000f50,
0x00007f8abc006770, 0x00007f8b0c1fa8c0, 0x00007f8b0c1fb470, 0x00007f8b445ba060,
0x00007f8b446390d0
}

Java Threads: ( => current thread )
  0x00007f8b44026030 JavaThread "main" [_thread_blocked, id=192264, stack(0x00007f8b499d9000,0x00007f8b49ada000)]
  0x00007f8b44227930 JavaThread "Reference Handler" daemon [_thread_blocked, id=192269, stack(0x00007f8b27bfb000,0x00007f8b27cfc000)]
  0x00007f8b44228ea0 JavaThread "Finalizer" daemon [_thread_blocked, id=192270, stack(0x00007f8b27afa000,0x00007f8b27bfb000)]
  0x00007f8b44251450 JavaThread "Signal Dispatcher" daemon [_thread_blocked, id=192271, stack(0x00007f8b27488000,0x00007f8b27589000)]
  0x00007f8b44254d60 JavaThread "Service Thread" daemon [_thread_blocked, id=192272, stack(0x00007f8b27387000,0x00007f8b27488000)]
  0x00007f8b44255cb0 JavaThread "Monitor Deflation Thread" daemon [_thread_blocked, id=192273, stack(0x00007f8b27286000,0x00007f8b27387000)]
  0x00007f8b44257300 JavaThread "C2 CompilerThread0" daemon [_thread_blocked, id=192274, stack(0x00007f8b27185000,0x00007f8b27286000)]
  0x00007f8b442587b0 JavaThread "C1 CompilerThread0" daemon [_thread_blocked, id=192275, stack(0x00007f8b27084000,0x00007f8b27185000)]
  0x00007f8b44261be0 JavaThread "Sweeper thread" daemon [_thread_blocked, id=192276, stack(0x00007f8b26f83000,0x00007f8b27084000)]
  0x00007f8b442d6f90 JavaThread "Common-Cleaner" daemon [_thread_blocked, id=192281, stack(0x00007f8b26e82000,0x00007f8b26f83000)]
  0x00007f8b44322410 JavaThread "Notification Thread" daemon [_thread_blocked, id=192283, stack(0x00007f8b26c80000,0x00007f8b26d81000)]
  0x00007f8b44437210 JavaThread "process reaper" daemon [_thread_blocked, id=192286, stack(0x00007f8b48041000,0x00007f8b48063000)]
  0x00007f8b44559020 JavaThread "Active Thread: Equinox Container: d63c7cc7-927e-4af7-bf29-e1acb75a35d6" [_thread_blocked, id=192291, stack(0x00007f8b26654000,0x00007f8b26755000)]
  0x00007f8b4453d3a0 JavaThread "Framework Event Dispatcher: Equinox Container: d63c7cc7-927e-4af7-bf29-e1acb75a35d6" daemon [_thread_blocked, id=192292, stack(0x00007f8b26553000,0x00007f8b26654000)]
  0x00007f8b44582c10 JavaThread "Start Level: Equinox Container: d63c7cc7-927e-4af7-bf29-e1acb75a35d6" daemon [_thread_blocked, id=192293, stack(0x00007f8b26452000,0x00007f8b26553000)]
  0x00007f8ae4033b80 JavaThread "SCR Component Actor" daemon [_thread_blocked, id=192294, stack(0x00007f8b258ee000,0x00007f8b259ef000)]
  0x00007f8ae40b6500 JavaThread "Timer-0" [_thread_blocked, id=192301, stack(0x00007f8b251e1000,0x00007f8b252e2000)]
  0x00007f8ae423ac10 JavaThread "Worker-JM" [_thread_blocked, id=192304, stack(0x00007f8b250e0000,0x00007f8b251e1000)]
  0x00007f8ae42e3400 JavaThread "Worker-0" [_thread_blocked, id=192306, stack(0x00007f8b246ff000,0x00007f8b24800000)]
  0x00007f8abc000f50 JavaThread "Worker-1" [_thread_blocked, id=192307, stack(0x00007f8b245fe000,0x00007f8b246ff000)]
  0x00007f8abc006770 JavaThread "Worker-2" [_thread_blocked, id=192311, stack(0x00007f8b241f7000,0x00007f8b242f8000)]
  0x00007f8b0c1fa8c0 JavaThread "C2 CompilerThread1" daemon [_thread_blocked, id=192313, stack(0x00007f8b240f6000,0x00007f8b241f7000)]
  0x00007f8b0c1fb470 JavaThread "C2 CompilerThread2" daemon [_thread_in_native, id=192314, stack(0x00007f8b26d81000,0x00007f8b26e82000)]
  0x00007f8b445ba060 JavaThread "pool-2-thread-1" [_thread_blocked, id=192315, stack(0x00007f8a9fcf0000,0x00007f8a9fdf1000)]
  0x00007f8b446390d0 JavaThread "pool-1-thread-1" [_thread_blocked, id=192316, stack(0x00007f8a9f2ff000,0x00007f8a9f400000)]

Other Threads:
  0x00007f8b442178e0 VMThread "VM Thread" [stack: 0x00007f8b27cfe000,0x00007f8b27dfe000] [id=192266]
  0x00007f8b44070410 WatcherThread [stack: 0x00007f8b26b80000,0x00007f8b26c80000] [id=192284]
  0x00007f8b4403cd60 GCTaskThread "GC Thread#0" [stack: 0x00007f8b48e62000,0x00007f8b48f62000] [id=192265]
  0x00007f8b20001110 GCTaskThread "GC Thread#1" [stack: 0x00007f8b257ee000,0x00007f8b258ee000] [id=192295]
  0x00007f8b20001b10 GCTaskThread "GC Thread#2" [stack: 0x00007f8b256ec000,0x00007f8b257ec000] [id=192296]
  0x00007f8b20002510 GCTaskThread "GC Thread#3" [stack: 0x00007f8b255ea000,0x00007f8b256ea000] [id=192297]
  0x00007f8b200041d0 GCTaskThread "GC Thread#4" [stack: 0x00007f8b254e8000,0x00007f8b255e8000] [id=192298]
  0x00007f8b20004bd0 GCTaskThread "GC Thread#5" [stack: 0x00007f8b253e6000,0x00007f8b254e6000] [id=192299]
  0x00007f8b200055d0 GCTaskThread "GC Thread#6" [stack: 0x00007f8b252e4000,0x00007f8b253e4000] [id=192300]
  0x00007f8b20003650 GCTaskThread "GC Thread#7" [stack: 0x00007f8b244fe000,0x00007f8b245fe000] [id=192308]
  0x00007f8b20006210 GCTaskThread "GC Thread#8" [stack: 0x00007f8b243fc000,0x00007f8b244fc000] [id=192309]
=>0x00007f8b200067c0 GCTaskThread "GC Thread#9" [stack: 0x00007f8b242fa000,0x00007f8b243fa000] [id=192310]

Threads with active compile tasks:
C1 CompilerThread0     2072 3035       3       org.eclipse.jdt.internal.compiler.parser.Parser::consumeRule (7754 bytes)
C2 CompilerThread2     2072 2903       4       org.eclipse.jdt.internal.core.JarPackageFragmentRoot::initRawPackageInfo (349 bytes)

VM state: at safepoint (normal execution)

VM Mutex/Monitor currently owned by a thread:  ([mutex/lock_event])
[0x00007f8b440210e0] Threads_lock - owner thread: 0x00007f8b442178e0
[0x00007f8b44021890] Heap_lock - owner thread: 0x00007f8b442587b0
[0x00007f8b440220e0] MethodData_lock - owner thread: 0x00007f8b442587b0

Heap address: 0x0000000080000000, size: 2048 MB, Compressed Oops mode: 32-bit

CDS archive(s) not mapped
Compressed class space mapped at: 0x0000000100000000-0x0000000140000000, reserved size: 1073741824
Narrow klass base: 0x0000000000000000, Narrow klass shift: 3, Narrow klass range: 0x140000000

GC Precious Log:
 CPUs: 12 total, 12 available
 Memory: 15855M
 Large Page Support: Disabled
 NUMA Support: Disabled
 Compressed Oops: Enabled (32-bit)
 Alignments: Space 512K, Generation 512K, Heap 2M
 Heap Min Capacity: 100M
 Heap Initial Capacity: 100M
 Heap Max Capacity: 2G
 Pre-touch: Disabled
 Parallel Workers: 10

Heap:
 PSYoungGen      total 26624K, used 4603K [0x00000000d5580000, 0x00000000d7f00000, 0x0000000100000000)
  eden space 22016K, 0% used [0x00000000d5580000,0x00000000d5580000,0x00000000d6b00000)
  from space 4608K, 99% used [0x00000000d7480000,0x00000000d78fef70,0x00000000d7900000)
  to   space 9728K, 0% used [0x00000000d6b00000,0x00000000d6b00000,0x00000000d7480000)
 ParOldGen       total 68608K, used 20553K [0x0000000080000000, 0x0000000084300000, 0x00000000d5580000)
  object space 68608K, 29% used [0x0000000080000000,0x0000000081412780,0x0000000084300000)
 Metaspace       used 35298K, committed 35840K, reserved 1089536K
  class space    used 3636K, committed 3904K, reserved 1048576K

Card table byte_map: [0x00007f8b48f62000,0x00007f8b49363000] _byte_map_base: 0x00007f8b48b62000

Marking Bits: (ParMarkBitMap*) 0x00007f8b4b231460
 Begin Bits: [0x00007f8b28000000, 0x00007f8b2a000000)
 End Bits:   [0x00007f8b2a000000, 0x00007f8b2c000000)

Polling page: 0x00007f8b4b6bd000

Metaspace:

Usage:
  Non-class:     30,92 MB used.
      Class:      3,55 MB used.
       Both:     34,47 MB used.

Virtual space:
  Non-class space:       40,00 MB reserved,      31,19 MB ( 78%) committed,  5 nodes.
      Class space:        1,00 GB reserved,       3,81 MB ( <1%) committed,  1 nodes.
             Both:        1,04 GB reserved,      35,00 MB (  3%) committed. 

Chunk freelists:
   Non-Class:  3,94 MB
       Class:  144,00 KB
        Both:  4,08 MB

MaxMetaspaceSize: unlimited
CompressedClassSpaceSize: 1,00 GB
Initial GC threshold: 21,00 MB
Current GC threshold: 35,00 MB
CDS: off
MetaspaceReclaimPolicy: balanced
 - commit_granule_bytes: 65536.
 - commit_granule_words: 8192.
 - virtual_space_node_default_size: 1048576.
 - enlarge_chunks_in_place: 1.
 - new_chunks_are_fully_committed: 0.
 - uncommit_free_chunks: 1.
 - use_allocation_guard: 0.
 - handle_deallocations: 1.


Internal statistics:

num_allocs_failed_limit: 6.
num_arena_births: 236.
num_arena_deaths: 0.
num_vsnodes_births: 6.
num_vsnodes_deaths: 0.
num_space_committed: 560.
num_space_uncommitted: 0.
num_chunks_returned_to_freelist: 6.
num_chunks_taken_from_freelist: 1273.
num_chunk_merges: 6.
num_chunk_splits: 875.
num_chunks_enlarged: 634.
num_purges: 0.
num_inconsistent_stats: 0.

CodeHeap 'non-profiled nmethods': size=120028Kb used=1312Kb max_used=1312Kb free=118715Kb
 bounds [0x00007f8b39ecc000, 0x00007f8b3a13c000, 0x00007f8b41403000]
CodeHeap 'profiled nmethods': size=120028Kb used=5848Kb max_used=5848Kb free=114179Kb
 bounds [0x00007f8b32995000, 0x00007f8b32f55000, 0x00007f8b39ecc000]
CodeHeap 'non-nmethods': size=5704Kb used=1245Kb max_used=1313Kb free=4458Kb
 bounds [0x00007f8b32403000, 0x00007f8b32673000, 0x00007f8b32995000]
 total_blobs=3573 nmethods=3006 adapters=481
 compilation: enabled
              stopped_count=0, restarted_count=0
 full_count=0

Compilation events (20 events):
Event: 2,016 Thread 0x00007f8b0c1fa8c0 2978       4       org.eclipse.core.runtime.Path::segmentCount (6 bytes)
Event: 2,017 Thread 0x00007f8b0c1fa8c0 nmethod 2978 0x00007f8b3a011510 code [0x00007f8b3a0116a0, 0x00007f8b3a011738]
Event: 2,017 Thread 0x00007f8b0c1fa8c0 3027 %     4       org.eclipse.jdt.internal.compiler.parser.Parser::computeReverseTable @ 51 (92 bytes)
Event: 2,017 Thread 0x00007f8b442587b0 3028   !   3       org.eclipse.jdt.internal.compiler.parser.Parser::readTable (145 bytes)
Event: 2,017 Thread 0x00007f8b442587b0 nmethod 3028 0x00007f8b32f3b010 code [0x00007f8b32f3b280, 0x00007f8b32f3bda0]
Event: 2,020 Thread 0x00007f8b0c1fa8c0 nmethod 3027% 0x00007f8b3a011810 code [0x00007f8b3a0119c0, 0x00007f8b3a011db8]
Event: 2,029 Thread 0x00007f8b442587b0 3029       3       org.eclipse.jdt.internal.compiler.parser.Scanner::internalScanIdentifierOrKeyword (4733 bytes)
Event: 2,034 Thread 0x00007f8b442587b0 nmethod 3029 0x00007f8b32f3c210 code [0x00007f8b32f3cf80, 0x00007f8b32f47ea0]
Event: 2,034 Thread 0x00007f8b44257300 nmethod 3022% 0x00007f8b3a012010 code [0x00007f8b3a012220, 0x00007f8b3a013708]
Event: 2,035 Thread 0x00007f8b442587b0 3030       3       org.eclipse.jdt.internal.compiler.parser.Parser::tAction (35 bytes)
Event: 2,035 Thread 0x00007f8b442587b0 nmethod 3030 0x00007f8b32f49d10 code [0x00007f8b32f49ec0, 0x00007f8b32f4a090]
Event: 2,035 Thread 0x00007f8b442587b0 3031       3       org.eclipse.jdt.internal.compiler.parser.Parser::actFromTokenOrSynthetic (9 bytes)
Event: 2,035 Thread 0x00007f8b442587b0 nmethod 3031 0x00007f8b32f4a210 code [0x00007f8b32f4a3c0, 0x00007f8b32f4a610]
Event: 2,035 Thread 0x00007f8b442587b0 3032       3       org.eclipse.jdt.internal.compiler.parser.Scanner::areRestrictedModuleKeywordsActive (21 bytes)
Event: 2,035 Thread 0x00007f8b442587b0 nmethod 3032 0x00007f8b32f4a790 code [0x00007f8b32f4a940, 0x00007f8b32f4aaf0]
Event: 2,035 Thread 0x00007f8b442587b0 3033       3       org.eclipse.jdt.core.compiler.CharOperation::isWhitespace (23 bytes)
Event: 2,035 Thread 0x00007f8b442587b0 nmethod 3033 0x00007f8b32f4ab90 code [0x00007f8b32f4ad40, 0x00007f8b32f4af10]
Event: 2,035 Thread 0x00007f8b442587b0 3034       3       org.eclipse.jdt.internal.compiler.parser.Parser::ntAction (8 bytes)
Event: 2,035 Thread 0x00007f8b442587b0 nmethod 3034 0x00007f8b32f4b010 code [0x00007f8b32f4b1a0, 0x00007f8b32f4b2b0]
Event: 2,037 Thread 0x00007f8b442587b0 3035       3       org.eclipse.jdt.internal.compiler.parser.Parser::consumeRule (7754 bytes)

GC Heap History (20 events):
Event: 0,716 GC heap after
{Heap after GC invocations=2 (full 0):
 PSYoungGen      total 29696K, used 4093K [0x00000000d5580000, 0x00000000d7680000, 0x0000000100000000)
  eden space 25600K, 0% used [0x00000000d5580000,0x00000000d5580000,0x00000000d6e80000)
  from space 4096K, 99% used [0x00000000d7280000,0x00000000d767f418,0x00000000d7680000)
  to   space 4096K, 0% used [0x00000000d6e80000,0x00000000d6e80000,0x00000000d7280000)
 ParOldGen       total 68608K, used 2721K [0x0000000080000000, 0x0000000084300000, 0x00000000d5580000)
  object space 68608K, 3% used [0x0000000080000000,0x00000000802a85e0,0x0000000084300000)
 Metaspace       used 21149K, committed 21504K, reserved 1073152K
  class space    used 2157K, committed 2304K, reserved 1048576K
}
Event: 0,716 GC heap before
{Heap before GC invocations=3 (full 1):
 PSYoungGen      total 29696K, used 4093K [0x00000000d5580000, 0x00000000d7680000, 0x0000000100000000)
  eden space 25600K, 0% used [0x00000000d5580000,0x00000000d5580000,0x00000000d6e80000)
  from space 4096K, 99% used [0x00000000d7280000,0x00000000d767f418,0x00000000d7680000)
  to   space 4096K, 0% used [0x00000000d6e80000,0x00000000d6e80000,0x00000000d7280000)
 ParOldGen       total 68608K, used 2721K [0x0000000080000000, 0x0000000084300000, 0x00000000d5580000)
  object space 68608K, 3% used [0x0000000080000000,0x00000000802a85e0,0x0000000084300000)
 Metaspace       used 21149K, committed 21504K, reserved 1073152K
  class space    used 2157K, committed 2304K, reserved 1048576K
}
Event: 0,727 GC heap after
{Heap after GC invocations=3 (full 1):
 PSYoungGen      total 29696K, used 0K [0x00000000d5580000, 0x00000000d7680000, 0x0000000100000000)
  eden space 25600K, 0% used [0x00000000d5580000,0x00000000d5580000,0x00000000d6e80000)
  from space 4096K, 0% used [0x00000000d7280000,0x00000000d7280000,0x00000000d7680000)
  to   space 4096K, 0% used [0x00000000d6e80000,0x00000000d6e80000,0x00000000d7280000)
 ParOldGen       total 68608K, used 6703K [0x0000000080000000, 0x0000000084300000, 0x00000000d5580000)
  object space 68608K, 9% used [0x0000000080000000,0x000000008068bfa0,0x0000000084300000)
 Metaspace       used 21149K, committed 21504K, reserved 1073152K
  class space    used 2157K, committed 2304K, reserved 1048576K
}
Event: 1,453 GC heap before
{Heap before GC invocations=4 (full 1):
 PSYoungGen      total 29696K, used 25600K [0x00000000d5580000, 0x00000000d7680000, 0x0000000100000000)
  eden space 25600K, 100% used [0x00000000d5580000,0x00000000d6e80000,0x00000000d6e80000)
  from space 4096K, 0% used [0x00000000d7280000,0x00000000d7280000,0x00000000d7680000)
  to   space 4096K, 0% used [0x00000000d6e80000,0x00000000d6e80000,0x00000000d7280000)
 ParOldGen       total 68608K, used 6703K [0x0000000080000000, 0x0000000084300000, 0x00000000d5580000)
  object space 68608K, 9% used [0x0000000080000000,0x000000008068bfa0,0x0000000084300000)
 Metaspace       used 28578K, committed 29056K, reserved 1081344K
  class space    used 2881K, committed 3072K, reserved 1048576K
}
Event: 1,454 GC heap after
{Heap after GC invocations=4 (full 1):
 PSYoungGen      total 29696K, used 1641K [0x00000000d5580000, 0x00000000d7680000, 0x0000000100000000)
  eden space 25600K, 0% used [0x00000000d5580000,0x00000000d5580000,0x00000000d6e80000)
  from space 4096K, 40% used [0x00000000d6e80000,0x00000000d701a770,0x00000000d7280000)
  to   space 4096K, 0% used [0x00000000d7280000,0x00000000d7280000,0x00000000d7680000)
 ParOldGen       total 68608K, used 6711K [0x0000000080000000, 0x0000000084300000, 0x00000000d5580000)
  object space 68608K, 9% used [0x0000000080000000,0x000000008068dfa0,0x0000000084300000)
 Metaspace       used 28578K, committed 29056K, reserved 1081344K
  class space    used 2881K, committed 3072K, reserved 1048576K
}
Event: 1,695 GC heap before
{Heap before GC invocations=5 (full 1):
 PSYoungGen      total 29696K, used 27241K [0x00000000d5580000, 0x00000000d7680000, 0x0000000100000000)
  eden space 25600K, 100% used [0x00000000d5580000,0x00000000d6e80000,0x00000000d6e80000)
  from space 4096K, 40% used [0x00000000d6e80000,0x00000000d701a770,0x00000000d7280000)
  to   space 4096K, 0% used [0x00000000d7280000,0x00000000d7280000,0x00000000d7680000)
 ParOldGen       total 68608K, used 6711K [0x0000000080000000, 0x0000000084300000, 0x00000000d5580000)
  object space 68608K, 9% used [0x0000000080000000,0x000000008068dfa0,0x0000000084300000)
 Metaspace       used 32567K, committed 33216K, reserved 1081344K
  class space    used 3333K, committed 3648K, reserved 1048576K
}
Event: 1,696 GC heap after
{Heap after GC invocations=5 (full 1):
 PSYoungGen      total 29696K, used 4093K [0x00000000d5580000, 0x00000000d7680000, 0x0000000100000000)
  eden space 25600K, 0% used [0x00000000d5580000,0x00000000d5580000,0x00000000d6e80000)
  from space 4096K, 99% used [0x00000000d7280000,0x00000000d767f400,0x00000000d7680000)
  to   space 4096K, 0% used [0x00000000d6e80000,0x00000000d6e80000,0x00000000d7280000)
 ParOldGen       total 68608K, used 6743K [0x0000000080000000, 0x0000000084300000, 0x00000000d5580000)
  object space 68608K, 9% used [0x0000000080000000,0x0000000080695fa0,0x0000000084300000)
 Metaspace       used 32567K, committed 33216K, reserved 1081344K
  class space    used 3333K, committed 3648K, reserved 1048576K
}
Event: 1,778 GC heap before
{Heap before GC invocations=6 (full 1):
 PSYoungGen      total 29696K, used 29693K [0x00000000d5580000, 0x00000000d7680000, 0x0000000100000000)
  eden space 25600K, 100% used [0x00000000d5580000,0x00000000d6e80000,0x00000000d6e80000)
  from space 4096K, 99% used [0x00000000d7280000,0x00000000d767f400,0x00000000d7680000)
  to   space 4096K, 0% used [0x00000000d6e80000,0x00000000d6e80000,0x00000000d7280000)
 ParOldGen       total 68608K, used 6743K [0x0000000080000000, 0x0000000084300000, 0x00000000d5580000)
  object space 68608K, 9% used [0x0000000080000000,0x0000000080695fa0,0x0000000084300000)
 Metaspace       used 32649K, committed 33280K, reserved 1081344K
  class space    used 3337K, committed 3648K, reserved 1048576K
}
Event: 1,781 GC heap after
{Heap after GC invocations=6 (full 1):
 PSYoungGen      total 29184K, used 4093K [0x00000000d5580000, 0x00000000d7b00000, 0x0000000100000000)
  eden space 25088K, 0% used [0x00000000d5580000,0x00000000d5580000,0x00000000d6e00000)
  from space 4096K, 99% used [0x00000000d6e80000,0x00000000d727f400,0x00000000d7280000)
  to   space 6656K, 0% used [0x00000000d7480000,0x00000000d7480000,0x00000000d7b00000)
 ParOldGen       total 68608K, used 8687K [0x0000000080000000, 0x0000000084300000, 0x00000000d5580000)
  object space 68608K, 12% used [0x0000000080000000,0x000000008087bfa0,0x0000000084300000)
 Metaspace       used 32649K, committed 33280K, reserved 1081344K
  class space    used 3337K, committed 3648K, reserved 1048576K
}
Event: 1,813 GC heap before
{Heap before GC invocations=7 (full 1):
 PSYoungGen      total 29184K, used 29181K [0x00000000d5580000, 0x00000000d7b00000, 0x0000000100000000)
  eden space 25088K, 100% used [0x00000000d5580000,0x00000000d6e00000,0x00000000d6e00000)
  from space 4096K, 99% used [0x00000000d6e80000,0x00000000d727f400,0x00000000d7280000)
  to   space 6656K, 0% used [0x00000000d7480000,0x00000000d7480000,0x00000000d7b00000)
 ParOldGen       total 68608K, used 8687K [0x0000000080000000, 0x0000000084300000, 0x00000000d5580000)
  object space 68608K, 12% used [0x0000000080000000,0x000000008087bfa0,0x0000000084300000)
 Metaspace       used 32657K, committed 33280K, reserved 1081344K
  class space    used 3337K, committed 3648K, reserved 1048576K
}
Event: 1,815 GC heap after
{Heap after GC invocations=7 (full 1):
 PSYoungGen      total 31232K, used 6220K [0x00000000d5580000, 0x00000000d7b00000, 0x0000000100000000)
  eden space 24576K, 0% used [0x00000000d5580000,0x00000000d5580000,0x00000000d6d80000)
  from space 6656K, 93% used [0x00000000d7480000,0x00000000d7a93078,0x00000000d7b00000)
  to   space 6656K, 0% used [0x00000000d6e00000,0x00000000d6e00000,0x00000000d7480000)
 ParOldGen       total 68608K, used 8687K [0x0000000080000000, 0x0000000084300000, 0x00000000d5580000)
  object space 68608K, 12% used [0x0000000080000000,0x000000008087bfa0,0x0000000084300000)
 Metaspace       used 32657K, committed 33280K, reserved 1081344K
  class space    used 3337K, committed 3648K, reserved 1048576K
}
Event: 1,849 GC heap before
{Heap before GC invocations=8 (full 1):
 PSYoungGen      total 31232K, used 30796K [0x00000000d5580000, 0x00000000d7b00000, 0x0000000100000000)
  eden space 24576K, 100% used [0x00000000d5580000,0x00000000d6d80000,0x00000000d6d80000)
  from space 6656K, 93% used [0x00000000d7480000,0x00000000d7a93078,0x00000000d7b00000)
  to   space 6656K, 0% used [0x00000000d6e00000,0x00000000d6e00000,0x00000000d7480000)
 ParOldGen       total 68608K, used 8687K [0x0000000080000000, 0x0000000084300000, 0x00000000d5580000)
  object space 68608K, 12% used [0x0000000080000000,0x000000008087bfa0,0x0000000084300000)
 Metaspace       used 32784K, committed 33408K, reserved 1081344K
  class space    used 3353K, committed 3648K, reserved 1048576K
}
Event: 1,852 GC heap after
{Heap after GC invocations=8 (full 1):
 PSYoungGen      total 30720K, used 6652K [0x00000000d5580000, 0x00000000d8000000, 0x0000000100000000)
  eden space 24064K, 0% used [0x00000000d5580000,0x00000000d5580000,0x00000000d6d00000)
  from space 6656K, 99% used [0x00000000d6e00000,0x00000000d747f180,0x00000000d7480000)
  to   space 9728K, 0% used [0x00000000d7680000,0x00000000d7680000,0x00000000d8000000)
 ParOldGen       total 68608K, used 11043K [0x0000000080000000, 0x0000000084300000, 0x00000000d5580000)
  object space 68608K, 16% used [0x0000000080000000,0x0000000080ac8c68,0x0000000084300000)
 Metaspace       used 32784K, committed 33408K, reserved 1081344K
  class space    used 3353K, committed 3648K, reserved 1048576K
}
Event: 1,877 GC heap before
{Heap before GC invocations=9 (full 1):
 PSYoungGen      total 30720K, used 30716K [0x00000000d5580000, 0x00000000d8000000, 0x0000000100000000)
  eden space 24064K, 100% used [0x00000000d5580000,0x00000000d6d00000,0x00000000d6d00000)
  from space 6656K, 99% used [0x00000000d6e00000,0x00000000d747f180,0x00000000d7480000)
  to   space 9728K, 0% used [0x00000000d7680000,0x00000000d7680000,0x00000000d8000000)
 ParOldGen       total 68608K, used 11043K [0x0000000080000000, 0x0000000084300000, 0x00000000d5580000)
  object space 68608K, 16% used [0x0000000080000000,0x0000000080ac8c68,0x0000000084300000)
 Metaspace       used 32784K, committed 33408K, reserved 1081344K
  class space    used 3353K, committed 3648K, reserved 1048576K
}
Event: 1,881 GC heap after
{Heap after GC invocations=9 (full 1):
 PSYoungGen      total 30208K, used 6450K [0x00000000d5580000, 0x00000000d7d00000, 0x0000000100000000)
  eden space 23552K, 0% used [0x00000000d5580000,0x00000000d5580000,0x00000000d6c80000)
  from space 6656K, 96% used [0x00000000d7680000,0x00000000d7cccb28,0x00000000d7d00000)
  to   space 7680K, 0% used [0x00000000d6e00000,0x00000000d6e00000,0x00000000d7580000)
 ParOldGen       total 68608K, used 13811K [0x0000000080000000, 0x0000000084300000, 0x00000000d5580000)
  object space 68608K, 20% used [0x0000000080000000,0x0000000080d7cf00,0x0000000084300000)
 Metaspace       used 32784K, committed 33408K, reserved 1081344K
  class space    used 3353K, committed 3648K, reserved 1048576K
}
Event: 1,906 GC heap before
{Heap before GC invocations=10 (full 1):
 PSYoungGen      total 30208K, used 30002K [0x00000000d5580000, 0x00000000d7d00000, 0x0000000100000000)
  eden space 23552K, 100% used [0x00000000d5580000,0x00000000d6c80000,0x00000000d6c80000)
  from space 6656K, 96% used [0x00000000d7680000,0x00000000d7cccb28,0x00000000d7d00000)
  to   space 7680K, 0% used [0x00000000d6e00000,0x00000000d6e00000,0x00000000d7580000)
 ParOldGen       total 68608K, used 13811K [0x0000000080000000, 0x0000000084300000, 0x00000000d5580000)
  object space 68608K, 20% used [0x0000000080000000,0x0000000080d7cf00,0x0000000084300000)
 Metaspace       used 32784K, committed 33408K, reserved 1081344K
  class space    used 3353K, committed 3648K, reserved 1048576K
}
Event: 1,910 GC heap after
{Heap after GC invocations=10 (full 1):
 PSYoungGen      total 29696K, used 6336K [0x00000000d5580000, 0x00000000d7900000, 0x0000000100000000)
  eden space 23040K, 0% used [0x00000000d5580000,0x00000000d5580000,0x00000000d6c00000)
  from space 6656K, 95% used [0x00000000d6e00000,0x00000000d7430010,0x00000000d7480000)
  to   space 4608K, 0% used [0x00000000d7480000,0x00000000d7480000,0x00000000d7900000)
 ParOldGen       total 68608K, used 16214K [0x0000000080000000, 0x0000000084300000, 0x00000000d5580000)
  object space 68608K, 23% used [0x0000000080000000,0x0000000080fd5a18,0x0000000084300000)
 Metaspace       used 32784K, committed 33408K, reserved 1081344K
  class space    used 3353K, committed 3648K, reserved 1048576K
}
Event: 2,041 GC heap before
{Heap before GC invocations=11 (full 1):
 PSYoungGen      total 29696K, used 26267K [0x00000000d5580000, 0x00000000d7900000, 0x0000000100000000)
  eden space 23040K, 86% used [0x00000000d5580000,0x00000000d68f6ec8,0x00000000d6c00000)
  from space 6656K, 95% used [0x00000000d6e00000,0x00000000d7430010,0x00000000d7480000)
  to   space 4608K, 0% used [0x00000000d7480000,0x00000000d7480000,0x00000000d7900000)
 ParOldGen       total 68608K, used 16214K [0x0000000080000000, 0x0000000084300000, 0x00000000d5580000)
  object space 68608K, 23% used [0x0000000080000000,0x0000000080fd5a18,0x0000000084300000)
 Metaspace       used 35298K, committed 35840K, reserved 1089536K
  class space    used 3636K, committed 3904K, reserved 1048576K
}
Event: 2,044 GC heap after
{Heap after GC invocations=11 (full 1):
 PSYoungGen      total 26624K, used 4603K [0x00000000d5580000, 0x00000000d7f00000, 0x0000000100000000)
  eden space 22016K, 0% used [0x00000000d5580000,0x00000000d5580000,0x00000000d6b00000)
  from space 4608K, 99% used [0x00000000d7480000,0x00000000d78fef70,0x00000000d7900000)
  to   space 9728K, 0% used [0x00000000d6b00000,0x00000000d6b00000,0x00000000d7480000)
 ParOldGen       total 68608K, used 20553K [0x0000000080000000, 0x0000000084300000, 0x00000000d5580000)
  object space 68608K, 29% used [0x0000000080000000,0x0000000081412780,0x0000000084300000)
 Metaspace       used 35298K, committed 35840K, reserved 1089536K
  class space    used 3636K, committed 3904K, reserved 1048576K
}
Event: 2,044 GC heap before
{Heap before GC invocations=12 (full 2):
 PSYoungGen      total 26624K, used 4603K [0x00000000d5580000, 0x00000000d7f00000, 0x0000000100000000)
  eden space 22016K, 0% used [0x00000000d5580000,0x00000000d5580000,0x00000000d6b00000)
  from space 4608K, 99% used [0x00000000d7480000,0x00000000d78fef70,0x00000000d7900000)
  to   space 9728K, 0% used [0x00000000d6b00000,0x00000000d6b00000,0x00000000d7480000)
 ParOldGen       total 68608K, used 20553K [0x0000000080000000, 0x0000000084300000, 0x00000000d5580000)
  object space 68608K, 29% used [0x0000000080000000,0x0000000081412780,0x0000000084300000)
 Metaspace       used 35298K, committed 35840K, reserved 1089536K
  class space    used 3636K, committed 3904K, reserved 1048576K
}

Deoptimization events (20 events):
Event: 1,921 Thread 0x00007f8abc006770 Uncommon trap: trap_request=0xffffffbe fr.pc=0x00007f8b39ff03b4 relative=0x0000000000000674
Event: 1,921 Thread 0x00007f8abc006770 Uncommon trap: reason=profile_predicate action=maybe_recompile pc=0x00007f8b39ff03b4 method=org.eclipse.jdt.internal.core.util.HashtableOfArrayToObject.get([Ljava/lang/Object;)Ljava/lang/Object; @ 64 c2
Event: 1,921 Thread 0x00007f8abc006770 DEOPT PACKING pc=0x00007f8b39ff03b4 sp=0x00007f8b242f5e40
Event: 1,921 Thread 0x00007f8abc006770 DEOPT UNPACKING pc=0x00007f8b32454d99 sp=0x00007f8b242f5e10 mode 2
Event: 1,922 Thread 0x00007f8abc006770 Uncommon trap: trap_request=0xffffffbe fr.pc=0x00007f8b39ff03b4 relative=0x0000000000000674
Event: 1,922 Thread 0x00007f8abc006770 Uncommon trap: reason=profile_predicate action=maybe_recompile pc=0x00007f8b39ff03b4 method=org.eclipse.jdt.internal.core.util.HashtableOfArrayToObject.get([Ljava/lang/Object;)Ljava/lang/Object; @ 64 c2
Event: 1,922 Thread 0x00007f8abc006770 DEOPT PACKING pc=0x00007f8b39ff03b4 sp=0x00007f8b242f5e40
Event: 1,922 Thread 0x00007f8abc006770 DEOPT UNPACKING pc=0x00007f8b32454d99 sp=0x00007f8b242f5e10 mode 2
Event: 1,927 Thread 0x00007f8abc006770 Uncommon trap: trap_request=0xffffffbe fr.pc=0x00007f8b39ff03b4 relative=0x0000000000000674
Event: 1,927 Thread 0x00007f8abc006770 Uncommon trap: reason=profile_predicate action=maybe_recompile pc=0x00007f8b39ff03b4 method=org.eclipse.jdt.internal.core.util.HashtableOfArrayToObject.get([Ljava/lang/Object;)Ljava/lang/Object; @ 64 c2
Event: 1,927 Thread 0x00007f8abc006770 DEOPT PACKING pc=0x00007f8b39ff03b4 sp=0x00007f8b242f5e40
Event: 1,927 Thread 0x00007f8abc006770 DEOPT UNPACKING pc=0x00007f8b32454d99 sp=0x00007f8b242f5e10 mode 2
Event: 1,968 Thread 0x00007f8b446390d0 Uncommon trap: trap_request=0xffffff76 fr.pc=0x00007f8b39f754b8 relative=0x0000000000000658
Event: 1,968 Thread 0x00007f8b446390d0 Uncommon trap: reason=predicate action=maybe_recompile pc=0x00007f8b39f754b8 method=java.util.TreeMap.getEntryUsingComparator(Ljava/lang/Object;)Ljava/util/TreeMap$Entry; @ 19 c2
Event: 1,968 Thread 0x00007f8b446390d0 DEOPT PACKING pc=0x00007f8b39f754b8 sp=0x00007f8a9f3fd460
Event: 1,968 Thread 0x00007f8b446390d0 DEOPT UNPACKING pc=0x00007f8b32454d99 sp=0x00007f8a9f3fd3b0 mode 2
Event: 1,968 Thread 0x00007f8b446390d0 Uncommon trap: trap_request=0xffffff76 fr.pc=0x00007f8b39f73c38 relative=0x0000000000000658
Event: 1,968 Thread 0x00007f8b446390d0 Uncommon trap: reason=predicate action=maybe_recompile pc=0x00007f8b39f73c38 method=java.util.TreeMap.getEntryUsingComparator(Ljava/lang/Object;)Ljava/util/TreeMap$Entry; @ 19 c2
Event: 1,968 Thread 0x00007f8b446390d0 DEOPT PACKING pc=0x00007f8b39f73c38 sp=0x00007f8a9f3fd3e0
Event: 1,968 Thread 0x00007f8b446390d0 DEOPT UNPACKING pc=0x00007f8b32454d99 sp=0x00007f8a9f3fd3b0 mode 2

Classes unloaded (0 events):
No events

Classes redefined (0 events):
No events

Internal exceptions (20 events):
Event: 0,611 Thread 0x00007f8b44582c10 Exception <a 'java/lang/NoSuchMethodError'{0x00000000d5e7fe28}: 'void java.lang.invoke.DirectMethodHandle$Holder.invokeInterface(java.lang.Object, java.lang.Object, java.lang.Object)'> (0x00000000d5e7fe28) 
thrown [src/hotspot/share/interpreter/linkResolver.cpp, line 766]
Event: 0,638 Thread 0x00007f8b44582c10 Exception <a 'java/io/FileNotFoundException'{0x00000000d603d708}> (0x00000000d603d708) 
thrown [src/hotspot/share/prims/jni.cpp, line 516]
Event: 0,686 Thread 0x00007f8b44582c10 Exception <a 'java/lang/NoSuchMethodError'{0x00000000d6363bb0}: 'int java.lang.invoke.DirectMethodHandle$Holder.invokeStaticInit(java.lang.Object, java.lang.Object, java.lang.Object)'> (0x00000000d6363bb0) 
thrown [src/hotspot/share/interpreter/linkResolver.cpp, line 766]
Event: 0,689 Thread 0x00007f8b44582c10 Exception <a 'java/lang/IncompatibleClassChangeError'{0x00000000d6399af8}: Found class java.lang.Object, but interface was expected> (0x00000000d6399af8) 
thrown [src/hotspot/share/interpreter/linkResolver.cpp, line 833]
Event: 0,823 Thread 0x00007f8b44582c10 Exception <a 'java/lang/ClassNotFoundException'{0x00000000d669e448}: com/sun/org/apache/xerces/internal/impl/msg/spi/DOMMessagesProvider> (0x00000000d669e448) 
thrown [src/hotspot/share/classfile/systemDictionary.cpp, line 256]
Event: 0,824 Thread 0x00007f8b44582c10 Exception <a 'java/lang/ClassNotFoundException'{0x00000000d66b7260}: com/sun/org/apache/xerces/internal/impl/msg/spi/XMLSerializerMessagesProvider> (0x00000000d66b7260) 
thrown [src/hotspot/share/classfile/systemDictionary.cpp, line 256]
Event: 0,825 Thread 0x00007f8b44582c10 Exception <a 'java/lang/ClassNotFoundException'{0x00000000d66c44e8}: com/sun/org/apache/xerces/internal/impl/msg/spi/XMLMessagesProvider> (0x00000000d66c44e8) 
thrown [src/hotspot/share/classfile/systemDictionary.cpp, line 256]
Event: 1,354 Thread 0x00007f8b44582c10 Implicit null exception at 0x00007f8b39f65920 to 0x00007f8b39f666ec
Event: 1,366 Thread 0x00007f8b44582c10 Exception <a 'java/lang/ClassNotFoundException'{0x00000000d69436b0}: com/sun/org/apache/xml/internal/serializer/spi/XMLEntitiesProvider> (0x00000000d69436b0) 
thrown [src/hotspot/share/classfile/systemDictionary.cpp, line 256]
Event: 1,400 Thread 0x00007f8b44582c10 Exception <a 'java/io/FileNotFoundException'{0x00000000d6b12b88}> (0x00000000d6b12b88) 
thrown [src/hotspot/share/prims/jni.cpp, line 516]
Event: 1,405 Thread 0x00007f8b44582c10 Exception <a 'java/io/FileNotFoundException'{0x00000000d6b7ffa8}> (0x00000000d6b7ffa8) 
thrown [src/hotspot/share/prims/jni.cpp, line 516]
Event: 1,408 Thread 0x00007f8b44582c10 Exception <a 'java/io/FileNotFoundException'{0x00000000d6bad058}> (0x00000000d6bad058) 
thrown [src/hotspot/share/prims/jni.cpp, line 516]
Event: 1,472 Thread 0x00007f8b44026030 Exception <a 'java/lang/NoSuchMethodError'{0x00000000d56b85d8}: 'java.lang.Object java.lang.invoke.DirectMethodHandle$Holder.newInvokeSpecial(java.lang.Object, java.lang.Object, java.lang.Object, java.lang.Object, java.lang.Object)'> (0x00000000d56b85d8) 
thrown [src/hotspot/share/interpreter/linkResolver.cpp, line 766]
Event: 1,512 Thread 0x00007f8b446390d0 Exception <a 'java/io/FileNotFoundException'{0x00000000d58d2690}> (0x00000000d58d2690) 
thrown [src/hotspot/share/prims/jni.cpp, line 516]
Event: 1,575 Thread 0x00007f8abc006770 Exception <a 'java/lang/NoSuchMethodError'{0x00000000d5da62c0}: 'java.lang.Object java.lang.invoke.Invokers$Holder.invoke_MT(java.lang.Object, java.lang.Object, java.lang.Object)'> (0x00000000d5da62c0) 
thrown [src/hotspot/share/interpreter/linkResolver.cpp, line 766]
Event: 1,690 Thread 0x00007f8abc006770 Exception <a 'java/io/FileNotFoundException'{0x00000000d6d4cec8}> (0x00000000d6d4cec8) 
thrown [src/hotspot/share/prims/jni.cpp, line 516]
Event: 1,690 Thread 0x00007f8abc006770 Exception <a 'java/io/FileNotFoundException'{0x00000000d6d4e910}> (0x00000000d6d4e910) 
thrown [src/hotspot/share/prims/jni.cpp, line 516]
Event: 1,691 Thread 0x00007f8abc006770 Exception <a 'java/lang/NoSuchMethodError'{0x00000000d6d564b8}: 'void java.lang.invoke.DirectMethodHandle$Holder.invokeStaticInit(java.lang.Object, java.lang.Object, java.lang.Object)'> (0x00000000d6d564b8) 
thrown [src/hotspot/share/interpreter/linkResolver.cpp, line 766]
Event: 1,967 Thread 0x00007f8b446390d0 Exception <a 'java/lang/NoSuchMethodError'{0x00000000d6356c30}: 'java.lang.Object java.lang.invoke.DirectMethodHandle$Holder.invokeInterface(java.lang.Object, java.lang.Object, java.lang.Object)'> (0x00000000d6356c30) 
thrown [src/hotspot/share/interpreter/linkResolver.cpp, line 766]
Event: 2,035 Thread 0x00007f8b446390d0 Exception <a 'java/lang/ArrayIndexOutOfBoundsException'{0x00000000d68d6b80}: Index 1908 out of bounds for length 1908> (0x00000000d68d6b80) 
thrown [src/hotspot/share/interpreter/interpreterRuntime.cpp, line 428]

VM Operations (20 events):
Event: 1,568 Executing VM operation: HandshakeAllThreads done
Event: 1,581 Executing VM operation: HandshakeAllThreads
Event: 1,581 Executing VM operation: HandshakeAllThreads done
Event: 1,667 Executing VM operation: ICBufferFull
Event: 1,667 Executing VM operation: ICBufferFull done
Event: 1,695 Executing VM operation: ParallelGCFailedAllocation
Event: 1,696 Executing VM operation: ParallelGCFailedAllocation done
Event: 1,778 Executing VM operation: ParallelGCFailedAllocation
Event: 1,781 Executing VM operation: ParallelGCFailedAllocation done
Event: 1,812 Executing VM operation: ParallelGCFailedAllocation
Event: 1,815 Executing VM operation: ParallelGCFailedAllocation done
Event: 1,849 Executing VM operation: ParallelGCFailedAllocation
Event: 1,852 Executing VM operation: ParallelGCFailedAllocation done
Event: 1,877 Executing VM operation: ParallelGCFailedAllocation
Event: 1,881 Executing VM operation: ParallelGCFailedAllocation done
Event: 1,906 Executing VM operation: ParallelGCFailedAllocation
Event: 1,910 Executing VM operation: ParallelGCFailedAllocation done
Event: 2,026 Executing VM operation: HandshakeAllThreads
Event: 2,026 Executing VM operation: HandshakeAllThreads done
Event: 2,041 Executing VM operation: CollectForMetadataAllocation

Events (20 events):
Event: 1,662 loading class sun/nio/ch/ChannelInputStream
Event: 1,662 loading class sun/nio/ch/ChannelInputStream done
Event: 1,662 loading class java/nio/channels/SelectableChannel
Event: 1,662 loading class java/nio/channels/SelectableChannel done
Event: 1,964 loading class jdk/internal/reflect/UnsafeIntegerFieldAccessorImpl
Event: 1,964 loading class jdk/internal/reflect/UnsafeIntegerFieldAccessorImpl done
Event: 1,972 loading class sun/nio/cs/ThreadLocalCoders
Event: 1,972 loading class sun/nio/cs/ThreadLocalCoders done
Event: 1,972 loading class sun/nio/cs/ThreadLocalCoders$1
Event: 1,973 loading class sun/nio/cs/ThreadLocalCoders$Cache
Event: 1,973 loading class sun/nio/cs/ThreadLocalCoders$Cache done
Event: 1,973 loading class sun/nio/cs/ThreadLocalCoders$1 done
Event: 1,973 loading class sun/nio/cs/ThreadLocalCoders$2
Event: 1,973 loading class sun/nio/cs/ThreadLocalCoders$2 done
Event: 2,002 loading class java/lang/ExceptionInInitializerError
Event: 2,002 loading class java/lang/ExceptionInInitializerError done
Event: 2,033 loading class java/lang/NegativeArraySizeException
Event: 2,033 loading class java/lang/NegativeArraySizeException done
Event: 2,041 loading class java/util/function/ToIntFunction
Event: 2,041 loading class java/util/function/ToIntFunction done


Dynamic libraries:
80000000-84300000 rw-p 00000000 00:00 0 
84300000-d5580000 ---p 00000000 00:00 0 
d5580000-d7f00000 rw-p 00000000 00:00 0 
d7f00000-100000000 ---p 00000000 00:00 0 
100000000-100020000 rw-p 00000000 00:00 0 
100020000-100040000 rw-p 00000000 00:00 0 
100040000-100100000 rw-p 00000000 00:00 0 
100100000-100180000 rw-p 00000000 00:00 0 
100180000-100240000 rw-p 00000000 00:00 0 
100240000-100370000 rw-p 00000000 00:00 0 
100370000-100380000 ---p 00000000 00:00 0 
100380000-1003e0000 rw-p 00000000 00:00 0 
1003e0000-140000000 ---p 00000000 00:00 0 
55c552334000-55c552335000 r-xp 00000000 103:06 1923779                   /home/artur/.vscode/extensions/redhat.java-1.2.0/jre/17.0.1-linux-x86_64/bin/java
55c552535000-55c552536000 r--p 00001000 103:06 1923779                   /home/artur/.vscode/extensions/redhat.java-1.2.0/jre/17.0.1-linux-x86_64/bin/java
55c552536000-55c552537000 rw-p 00002000 103:06 1923779                   /home/artur/.vscode/extensions/redhat.java-1.2.0/jre/17.0.1-linux-x86_64/bin/java
55c5541ea000-55c55420b000 rw-p 00000000 00:00 0                          [heap]
7f8a87878000-7f8a90000000 r--s 00000000 103:06 2889069                   /usr/lib/jvm/java-11-openjdk-amd64/lib/modules
7f8a90000000-7f8a900c3000 rw-p 00000000 00:00 0 
7f8a900c3000-7f8a94000000 ---p 00000000 00:00 0 
7f8a98000000-7f8a98021000 rw-p 00000000 00:00 0 
7f8a98021000-7f8a9c000000 ---p 00000000 00:00 0 
7f8a9e56b000-7f8a9e810000 rw-p 00000000 00:00 0 
7f8a9e810000-7f8a9f000000 ---p 00000000 00:00 0 
7f8a9f1aa000-7f8a9f2ff000 rw-p 00000000 00:00 0 
7f8a9f2ff000-7f8a9f303000 ---p 00000000 00:00 0 
7f8a9f303000-7f8a9f500000 rw-p 00000000 00:00 0 
7f8a9f500000-7f8a9f600000 rw-p 00000000 00:00 0 
7f8a9f600000-7f8a9f900000 rw-p 00000000 00:00 0 
7f8a9f900000-7f8a9f920000 rw-p 00000000 00:00 0 
7f8a9f920000-7f8a9fa00000 ---p 00000000 00:00 0 
7f8a9fa00000-7f8a9fc00000 rw-p 00000000 00:00 0 
7f8a9fcf0000-7f8a9fcf4000 ---p 00000000 00:00 0 
7f8a9fcf4000-7f8a9fdf1000 rw-p 00000000 00:00 0 
7f8a9fdf1000-7f8a9fdfe000 r-xp 00000000 103:06 1924404                   /home/artur/.vscode/extensions/redhat.java-1.2.0/jre/17.0.1-linux-x86_64/lib/libverify.so
7f8a9fdfe000-7f8a9fffd000 ---p 0000d000 103:06 1924404                   /home/artur/.vscode/extensions/redhat.java-1.2.0/jre/17.0.1-linux-x86_64/lib/libverify.so
7f8a9fffd000-7f8a9ffff000 r--p 0000c000 103:06 1924404                   /home/artur/.vscode/extensions/redhat.java-1.2.0/jre/17.0.1-linux-x86_64/lib/libverify.so
7f8a9ffff000-7f8aa0000000 rw-p 0000e000 103:06 1924404                   /home/artur/.vscode/extensions/redhat.java-1.2.0/jre/17.0.1-linux-x86_64/lib/libverify.so
7f8aa0000000-7f8aa011a000 rw-p 00000000 00:00 0 
7f8aa011a000-7f8aa4000000 ---p 00000000 00:00 0 
7f8aa4000000-7f8aa4877000 rw-p 00000000 00:00 0 
7f8aa4877000-7f8aa8000000 ---p 00000000 00:00 0 
7f8aa8000000-7f8aa8021000 rw-p 00000000 00:00 0 
7f8aa8021000-7f8aac000000 ---p 00000000 00:00 0 
7f8aac000000-7f8aac021000 rw-p 00000000 00:00 0 
7f8aac021000-7f8ab0000000 ---p 00000000 00:00 0 
7f8ab0000000-7f8ab0021000 rw-p 00000000 00:00 0 
7f8ab0021000-7f8ab4000000 ---p 00000000 00:00 0 
7f8ab4000000-7f8ab4021000 rw-p 00000000 00:00 0 
7f8ab4021000-7f8ab8000000 ---p 00000000 00:00 0 
7f8ab8000000-7f8ab8021000 rw-p 00000000 00:00 0 
7f8ab8021000-7f8abc000000 ---p 00000000 00:00 0 
7f8abc000000-7f8abc021000 rw-p 00000000 00:00 0 
7f8abc021000-7f8ac0000000 ---p 00000000 00:00 0 
7f8ac0000000-7f8ac0021000 rw-p 00000000 00:00 0 
7f8ac0021000-7f8ac4000000 ---p 00000000 00:00 0 
7f8ac4000000-7f8ac4021000 rw-p 00000000 00:00 0 
7f8ac4021000-7f8ac8000000 ---p 00000000 00:00 0 
7f8ac8000000-7f8ac8021000 rw-p 00000000 00:00 0 
7f8ac8021000-7f8acc000000 ---p 00000000 00:00 0 
7f8acc000000-7f8acc021000 rw-p 00000000 00:00 0 
7f8acc021000-7f8ad0000000 ---p 00000000 00:00 0 
7f8ad0000000-7f8ad0021000 rw-p 00000000 00:00 0 
7f8ad0021000-7f8ad4000000 ---p 00000000 00:00 0 
7f8ad4000000-7f8ad4021000 rw-p 00000000 00:00 0 
7f8ad4021000-7f8ad8000000 ---p 00000000 00:00 0 
7f8ad8000000-7f8ad8021000 rw-p 00000000 00:00 0 
7f8ad8021000-7f8adc000000 ---p 00000000 00:00 0 
7f8adc000000-7f8adc021000 rw-p 00000000 00:00 0 
7f8adc021000-7f8ae0000000 ---p 00000000 00:00 0 
7f8ae0000000-7f8ae0021000 rw-p 00000000 00:00 0 
7f8ae0021000-7f8ae4000000 ---p 00000000 00:00 0 
7f8ae4000000-7f8ae45f3000 rw-p 00000000 00:00 0 
7f8ae45f3000-7f8ae8000000 ---p 00000000 00:00 0 
7f8ae8000000-7f8ae8021000 rw-p 00000000 00:00 0 
7f8ae8021000-7f8aec000000 ---p 00000000 00:00 0 
7f8aec000000-7f8aec021000 rw-p 00000000 00:00 0 
7f8aec021000-7f8af0000000 ---p 00000000 00:00 0 
7f8af0000000-7f8af0021000 rw-p 00000000 00:00 0 
7f8af0021000-7f8af4000000 ---p 00000000 00:00 0 
7f8af4000000-7f8af4021000 rw-p 00000000 00:00 0 
7f8af4021000-7f8af8000000 ---p 00000000 00:00 0 
7f8af8000000-7f8af8021000 rw-p 00000000 00:00 0 
7f8af8021000-7f8afc000000 ---p 00000000 00:00 0 
7f8afc000000-7f8afccaa000 rw-p 00000000 00:00 0 
7f8afccaa000-7f8b00000000 ---p 00000000 00:00 0 
7f8b00000000-7f8b00926000 rw-p 00000000 00:00 0 
7f8b00926000-7f8b04000000 ---p 00000000 00:00 0 
7f8b04000000-7f8b04021000 rw-p 00000000 00:00 0 
7f8b04021000-7f8b08000000 ---p 00000000 00:00 0 
7f8b08000000-7f8b08021000 rw-p 00000000 00:00 0 
7f8b08021000-7f8b0c000000 ---p 00000000 00:00 0 
7f8b0c000000-7f8b0cbc9000 rw-p 00000000 00:00 0 
7f8b0cbc9000-7f8b10000000 ---p 00000000 00:00 0 
7f8b10000000-7f8b10021000 rw-p 00000000 00:00 0 
7f8b10021000-7f8b14000000 ---p 00000000 00:00 0 
7f8b14000000-7f8b14021000 rw-p 00000000 00:00 0 
7f8b14021000-7f8b18000000 ---p 00000000 00:00 0 
7f8b18000000-7f8b18021000 rw-p 00000000 00:00 0 
7f8b18021000-7f8b1c000000 ---p 00000000 00:00 0 
7f8b1c000000-7f8b1c021000 rw-p 00000000 00:00 0 
7f8b1c021000-7f8b20000000 ---p 00000000 00:00 0 
7f8b20000000-7f8b20021000 rw-p 00000000 00:00 0 
7f8b20021000-7f8b24000000 ---p 00000000 00:00 0 
7f8b240f6000-7f8b240fa000 ---p 00000000 00:00 0 
7f8b240fa000-7f8b241f7000 rw-p 00000000 00:00 0 
7f8b241f7000-7f8b241fb000 ---p 00000000 00:00 0 
7f8b241fb000-7f8b242f8000 rw-p 00000000 00:00 0 
7f8b242f8000-7f8b242f9000 ---p 00000000 00:00 0 
7f8b242f9000-7f8b243fa000 rw-p 00000000 00:00 0 
7f8b243fa000-7f8b243fb000 ---p 00000000 00:00 0 
7f8b243fb000-7f8b244fc000 rw-p 00000000 00:00 0 
7f8b244fc000-7f8b244fd000 ---p 00000000 00:00 0 
7f8b244fd000-7f8b245fe000 rw-p 00000000 00:00 0 
7f8b245fe000-7f8b24602000 ---p 00000000 00:00 0 
7f8b24602000-7f8b246ff000 rw-p 00000000 00:00 0 
7f8b246ff000-7f8b24703000 ---p 00000000 00:00 0 
7f8b24703000-7f8b24900000 rw-p 00000000 00:00 0 
7f8b24900000-7f8b24a00000 rw-p 00000000 00:00 0 
7f8b24a00000-7f8b25000000 rw-p 00000000 00:00 0 
7f8b250e0000-7f8b250e4000 ---p 00000000 00:00 0 
7f8b250e4000-7f8b251e1000 rw-p 00000000 00:00 0 
7f8b251e1000-7f8b251e5000 ---p 00000000 00:00 0 
7f8b251e5000-7f8b252e2000 rw-p 00000000 00:00 0 
7f8b252e2000-7f8b252e3000 ---p 00000000 00:00 0 
7f8b252e3000-7f8b253e4000 rw-p 00000000 00:00 0 
7f8b253e4000-7f8b253e5000 ---p 00000000 00:00 0 
7f8b253e5000-7f8b254e6000 rw-p 00000000 00:00 0 
7f8b254e6000-7f8b254e7000 ---p 00000000 00:00 0 
7f8b254e7000-7f8b255e8000 rw-p 00000000 00:00 0 
7f8b255e8000-7f8b255e9000 ---p 00000000 00:00 0 
7f8b255e9000-7f8b256ea000 rw-p 00000000 00:00 0 
7f8b256ea000-7f8b256eb000 ---p 00000000 00:00 0 
7f8b256eb000-7f8b257ec000 rw-p 00000000 00:00 0 
7f8b257ec000-7f8b257ed000 ---p 00000000 00:00 0 
7f8b257ed000-7f8b258ee000 rw-p 00000000 00:00 0 
7f8b258ee000-7f8b258f2000 ---p 00000000 00:00 0 
7f8b258f2000-7f8b259ef000 rw-p 00000000 00:00 0 
7f8b259ef000-7f8b259ff000 r-xp 00000000 103:06 2625852                   /home/artur/.config/Code/User/globalStorage/redhat.java/1.2.0/config_ss_linux/org.eclipse.equinox.launcher/org.eclipse.equinox.launcher.gtk.linux.x86_64_1.2.400.v20211117-0650/eclipse_11600.so
7f8b259ff000-7f8b25bfe000 ---p 00010000 103:06 2625852                   /home/artur/.config/Code/User/globalStorage/redhat.java/1.2.0/config_ss_linux/org.eclipse.equinox.launcher/org.eclipse.equinox.launcher.gtk.linux.x86_64_1.2.400.v20211117-0650/eclipse_11600.so
7f8b25bfe000-7f8b25bff000 r--p 0000f000 103:06 2625852                   /home/artur/.config/Code/User/globalStorage/redhat.java/1.2.0/config_ss_linux/org.eclipse.equinox.launcher/org.eclipse.equinox.launcher.gtk.linux.x86_64_1.2.400.v20211117-0650/eclipse_11600.so
7f8b25bff000-7f8b25c00000 rw-p 00010000 103:06 2625852                   /home/artur/.config/Code/User/globalStorage/redhat.java/1.2.0/config_ss_linux/org.eclipse.equinox.launcher/org.eclipse.equinox.launcher.gtk.linux.x86_64_1.2.400.v20211117-0650/eclipse_11600.so
7f8b25c00000-7f8b25d00000 rw-p 00000000 00:00 0 
7f8b25d00000-7f8b25f00000 rw-p 00000000 00:00 0 
7f8b25f00000-7f8b26000000 rw-p 00000000 00:00 0 
7f8b26000000-7f8b26100000 rw-p 00000000 00:00 0 
7f8b26100000-7f8b26200000 rw-p 00000000 00:00 0 
7f8b26200000-7f8b26400000 rw-p 00000000 00:00 0 
7f8b26452000-7f8b26456000 ---p 00000000 00:00 0 
7f8b26456000-7f8b26553000 rw-p 00000000 00:00 0 
7f8b26553000-7f8b26557000 ---p 00000000 00:00 0 
7f8b26557000-7f8b26654000 rw-p 00000000 00:00 0 
7f8b26654000-7f8b26658000 ---p 00000000 00:00 0 
7f8b26658000-7f8b26755000 rw-p 00000000 00:00 0 
7f8b26755000-7f8b2676a000 r-xp 00000000 103:06 1924394                   /home/artur/.vscode/extensions/redhat.java-1.2.0/jre/17.0.1-linux-x86_64/lib/libnet.so
7f8b2676a000-7f8b26969000 ---p 00015000 103:06 1924394                   /home/artur/.vscode/extensions/redhat.java-1.2.0/jre/17.0.1-linux-x86_64/lib/libnet.so
7f8b26969000-7f8b2696a000 r--p 00014000 103:06 1924394                   /home/artur/.vscode/extensions/redhat.java-1.2.0/jre/17.0.1-linux-x86_64/lib/libnet.so
7f8b2696a000-7f8b2696b000 rw-p 00015000 103:06 1924394                   /home/artur/.vscode/extensions/redhat.java-1.2.0/jre/17.0.1-linux-x86_64/lib/libnet.so
7f8b2696b000-7f8b2697d000 r-xp 00000000 103:06 1924395                   /home/artur/.vscode/extensions/redhat.java-1.2.0/jre/17.0.1-linux-x86_64/lib/libnio.so
7f8b2697d000-7f8b26b7c000 ---p 00012000 103:06 1924395                   /home/artur/.vscode/extensions/redhat.java-1.2.0/jre/17.0.1-linux-x86_64/lib/libnio.so
7f8b26b7c000-7f8b26b7d000 r--p 00011000 103:06 1924395                   /home/artur/.vscode/extensions/redhat.java-1.2.0/jre/17.0.1-linux-x86_64/lib/libnio.so
7f8b26b7d000-7f8b26b7e000 rw-p 00012000 103:06 1924395                   /home/artur/.vscode/extensions/redhat.java-1.2.0/jre/17.0.1-linux-x86_64/lib/libnio.so
7f8b26b7e000-7f8b26b7f000 ---p 00000000 00:00 0 
7f8b26b7f000-7f8b26c80000 rw-p 00000000 00:00 0 
7f8b26c80000-7f8b26c84000 ---p 00000000 00:00 0 
7f8b26c84000-7f8b26d81000 rw-p 00000000 00:00 0 
7f8b26d81000-7f8b26d85000 ---p 00000000 00:00 0 
7f8b26d85000-7f8b26e82000 rw-p 00000000 00:00 0 
7f8b26e82000-7f8b26e86000 ---p 00000000 00:00 0 
7f8b26e86000-7f8b26f83000 rw-p 00000000 00:00 0 
7f8b26f83000-7f8b26f87000 ---p 00000000 00:00 0 
7f8b26f87000-7f8b27084000 rw-p 00000000 00:00 0 
7f8b27084000-7f8b27088000 ---p 00000000 00:00 0 
7f8b27088000-7f8b27185000 rw-p 00000000 00:00 0 
7f8b27185000-7f8b27189000 ---p 00000000 00:00 0 
7f8b27189000-7f8b27286000 rw-p 00000000 00:00 0 
7f8b27286000-7f8b2728a000 ---p 00000000 00:00 0 
7f8b2728a000-7f8b27387000 rw-p 00000000 00:00 0 
7f8b27387000-7f8b2738b000 ---p 00000000 00:00 0 
7f8b2738b000-7f8b27488000 rw-p 00000000 00:00 0 
7f8b27488000-7f8b2748c000 ---p 00000000 00:00 0 
7f8b2748c000-7f8b27589000 rw-p 00000000 00:00 0 
7f8b27589000-7f8b27afa000 r--p 00000000 103:06 2889157                   /usr/lib/locale/locale-archive
7f8b27afa000-7f8b27afe000 ---p 00000000 00:00 0 
7f8b27afe000-7f8b27bfb000 rw-p 00000000 00:00 0 
7f8b27bfb000-7f8b27bff000 ---p 00000000 00:00 0 
7f8b27bff000-7f8b27cfc000 rw-p 00000000 00:00 0 
7f8b27cfc000-7f8b27cfd000 ---p 00000000 00:00 0 
7f8b27cfd000-7f8b2c000000 rw-p 00000000 00:00 0 
7f8b2c000000-7f8b2c021000 rw-p 00000000 00:00 0 
7f8b2c021000-7f8b30000000 ---p 00000000 00:00 0 
7f8b300e5000-7f8b32000000 rw-p 00000000 00:00 0 
7f8b32000000-7f8b32020000 rw-p 00000000 00:00 0 
7f8b32020000-7f8b32040000 rw-p 00000000 00:00 0 
7f8b32040000-7f8b32080000 rw-p 00000000 00:00 0 
7f8b32080000-7f8b32100000 rw-p 00000000 00:00 0 
7f8b32100000-7f8b32300000 rw-p 00000000 00:00 0 
7f8b32300000-7f8b32340000 rw-p 00000000 00:00 0 
7f8b32340000-7f8b32380000 rw-p 00000000 00:00 0 
7f8b32380000-7f8b32400000 rw-p 00000000 00:00 0 
7f8b32403000-7f8b32673000 rwxp 00000000 00:00 0 
7f8b32673000-7f8b32995000 ---p 00000000 00:00 0 
7f8b32995000-7f8b32f55000 rwxp 00000000 00:00 0 
7f8b32f55000-7f8b39ecc000 ---p 00000000 00:00 0 
7f8b39ecc000-7f8b3a13c000 rwxp 00000000 00:00 0 
7f8b3a13c000-7f8b41403000 ---p 00000000 00:00 0 
7f8b41403000-7f8b44000000 r--s 00000000 103:06 1924413                   /home/artur/.vscode/extensions/redhat.java-1.2.0/jre/17.0.1-linux-x86_64/lib/modules
7f8b44000000-7f8b4463e000 rw-p 00000000 00:00 0 
7f8b4463e000-7f8b48000000 ---p 00000000 00:00 0 
7f8b48041000-7f8b48045000 ---p 00000000 00:00 0 
7f8b48045000-7f8b48467000 rw-p 00000000 00:00 0 
7f8b48467000-7f8b4846e000 r-xp 00000000 103:06 1924405                   /home/artur/.vscode/extensions/redhat.java-1.2.0/jre/17.0.1-linux-x86_64/lib/libzip.so
7f8b4846e000-7f8b4866e000 ---p 00007000 103:06 1924405                   /home/artur/.vscode/extensions/redhat.java-1.2.0/jre/17.0.1-linux-x86_64/lib/libzip.so
7f8b4866e000-7f8b4866f000 r--p 00007000 103:06 1924405                   /home/artur/.vscode/extensions/redhat.java-1.2.0/jre/17.0.1-linux-x86_64/lib/libzip.so
7f8b4866f000-7f8b48670000 rw-p 00008000 103:06 1924405                   /home/artur/.vscode/extensions/redhat.java-1.2.0/jre/17.0.1-linux-x86_64/lib/libzip.so
7f8b48670000-7f8b48bd7000 rw-p 00000000 00:00 0 
7f8b48bd7000-7f8b48e60000 ---p 00000000 00:00 0 
7f8b48e60000-7f8b48e61000 ---p 00000000 00:00 0 
7f8b48e61000-7f8b48f84000 rw-p 00000000 00:00 0 
7f8b48f84000-7f8b4920c000 ---p 00000000 00:00 0 
7f8b4920c000-7f8b49222000 rw-p 00000000 00:00 0 
7f8b49222000-7f8b49362000 ---p 00000000 00:00 0 
7f8b49362000-7f8b49368000 rw-p 00000000 00:00 0 
7f8b49368000-7f8b4944e000 ---p 00000000 00:00 0 
7f8b4944e000-7f8b4945a000 rw-p 00000000 00:00 0 
7f8b4945a000-7f8b49539000 ---p 00000000 00:00 0 
7f8b49539000-7f8b4955d000 r-xp 00000000 103:06 1924362                   /home/artur/.vscode/extensions/redhat.java-1.2.0/jre/17.0.1-linux-x86_64/lib/libjava.so
7f8b4955d000-7f8b4975d000 ---p 00024000 103:06 1924362                   /home/artur/.vscode/extensions/redhat.java-1.2.0/jre/17.0.1-linux-x86_64/lib/libjava.so
7f8b4975d000-7f8b4975e000 r--p 00024000 103:06 1924362                   /home/artur/.vscode/extensions/redhat.java-1.2.0/jre/17.0.1-linux-x86_64/lib/libjava.so
7f8b4975e000-7f8b4975f000 rw-p 00025000 103:06 1924362                   /home/artur/.vscode/extensions/redhat.java-1.2.0/jre/17.0.1-linux-x86_64/lib/libjava.so
7f8b4975f000-7f8b49760000 rw-p 00000000 00:00 0 
7f8b49760000-7f8b49763000 r--p 00000000 103:06 3674023                   /lib/x86_64-linux-gnu/libnss_files-2.31.so
7f8b49763000-7f8b4976a000 r-xp 00003000 103:06 3674023                   /lib/x86_64-linux-gnu/libnss_files-2.31.so
7f8b4976a000-7f8b4976c000 r--p 0000a000 103:06 3674023                   /lib/x86_64-linux-gnu/libnss_files-2.31.so
7f8b4976c000-7f8b4976d000 r--p 0000b000 103:06 3674023                   /lib/x86_64-linux-gnu/libnss_files-2.31.so
7f8b4976d000-7f8b4976e000 rw-p 0000c000 103:06 3674023                   /lib/x86_64-linux-gnu/libnss_files-2.31.so
7f8b4976e000-7f8b49774000 rw-p 00000000 00:00 0 
7f8b49774000-7f8b49779000 r--p 00000000 103:06 3674009                   /lib/x86_64-linux-gnu/libnsl-2.31.so
7f8b49779000-7f8b49789000 r-xp 00005000 103:06 3674009                   /lib/x86_64-linux-gnu/libnsl-2.31.so
7f8b49789000-7f8b4978d000 r--p 00015000 103:06 3674009                   /lib/x86_64-linux-gnu/libnsl-2.31.so
7f8b4978d000-7f8b4978e000 r--p 00018000 103:06 3674009                   /lib/x86_64-linux-gnu/libnsl-2.31.so
7f8b4978e000-7f8b4978f000 rw-p 00019000 103:06 3674009                   /lib/x86_64-linux-gnu/libnsl-2.31.so
7f8b4978f000-7f8b49791000 rw-p 00000000 00:00 0 
7f8b49791000-7f8b49794000 r--p 00000000 103:06 3674031                   /lib/x86_64-linux-gnu/libnss_nis-2.31.so
7f8b49794000-7f8b4979c000 r-xp 00003000 103:06 3674031                   /lib/x86_64-linux-gnu/libnss_nis-2.31.so
7f8b4979c000-7f8b4979e000 r--p 0000b000 103:06 3674031                   /lib/x86_64-linux-gnu/libnss_nis-2.31.so
7f8b4979e000-7f8b4979f000 r--p 0000c000 103:06 3674031                   /lib/x86_64-linux-gnu/libnss_nis-2.31.so
7f8b4979f000-7f8b497a0000 rw-p 0000d000 103:06 3674031                   /lib/x86_64-linux-gnu/libnss_nis-2.31.so
7f8b497a9000-7f8b497b0000 r--s 00000000 103:06 3148538                   /usr/lib/x86_64-linux-gnu/gconv/gconv-modules.cache
7f8b497b0000-7f8b497b5000 rw-p 00000000 00:00 0 
7f8b497b5000-7f8b497bc000 ---p 00000000 00:00 0 
7f8b497bc000-7f8b497d7000 r-xp 00000000 103:06 1924374                   /home/artur/.vscode/extensions/redhat.java-1.2.0/jre/17.0.1-linux-x86_64/lib/libjimage.so
7f8b497d7000-7f8b499d6000 ---p 0001b000 103:06 1924374                   /home/artur/.vscode/extensions/redhat.java-1.2.0/jre/17.0.1-linux-x86_64/lib/libjimage.so
7f8b499d6000-7f8b499d8000 r--p 0001a000 103:06 1924374                   /home/artur/.vscode/extensions/redhat.java-1.2.0/jre/17.0.1-linux-x86_64/lib/libjimage.so
7f8b499d8000-7f8b499d9000 rw-p 0001c000 103:06 1924374                   /home/artur/.vscode/extensions/redhat.java-1.2.0/jre/17.0.1-linux-x86_64/lib/libjimage.so
7f8b499d9000-7f8b499dd000 ---p 00000000 00:00 0 
7f8b499dd000-7f8b49ada000 rw-p 00000000 00:00 0 
7f8b49ada000-7f8b49ae9000 r--p 00000000 103:06 3673997                   /lib/x86_64-linux-gnu/libm-2.31.so
7f8b49ae9000-7f8b49b90000 r-xp 0000f000 103:06 3673997                   /lib/x86_64-linux-gnu/libm-2.31.so
7f8b49b90000-7f8b49c27000 r--p 000b6000 103:06 3673997                   /lib/x86_64-linux-gnu/libm-2.31.so
7f8b49c27000-7f8b49c28000 r--p 0014c000 103:06 3673997                   /lib/x86_64-linux-gnu/libm-2.31.so
7f8b49c28000-7f8b49c29000 rw-p 0014d000 103:06 3673997                   /lib/x86_64-linux-gnu/libm-2.31.so
7f8b49c29000-7f8b49c2c000 r--p 00000000 103:06 3674043                   /lib/x86_64-linux-gnu/librt-2.31.so
7f8b49c2c000-7f8b49c30000 r-xp 00003000 103:06 3674043                   /lib/x86_64-linux-gnu/librt-2.31.so
7f8b49c30000-7f8b49c31000 r--p 00007000 103:06 3674043                   /lib/x86_64-linux-gnu/librt-2.31.so
7f8b49c31000-7f8b49c32000 ---p 00008000 103:06 3674043                   /lib/x86_64-linux-gnu/librt-2.31.so
7f8b49c32000-7f8b49c33000 r--p 00008000 103:06 3674043                   /lib/x86_64-linux-gnu/librt-2.31.so
7f8b49c33000-7f8b49c34000 rw-p 00009000 103:06 3674043                   /lib/x86_64-linux-gnu/librt-2.31.so
7f8b49c34000-7f8b4af13000 r-xp 00000000 103:06 1924435                   /home/artur/.vscode/extensions/redhat.java-1.2.0/jre/17.0.1-linux-x86_64/lib/server/libjvm.so
7f8b4af13000-7f8b4b112000 ---p 012df000 103:06 1924435                   /home/artur/.vscode/extensions/redhat.java-1.2.0/jre/17.0.1-linux-x86_64/lib/server/libjvm.so
7f8b4b112000-7f8b4b1cb000 r--p 012de000 103:06 1924435                   /home/artur/.vscode/extensions/redhat.java-1.2.0/jre/17.0.1-linux-x86_64/lib/server/libjvm.so
7f8b4b1cb000-7f8b4b1ff000 rw-p 01397000 103:06 1924435                   /home/artur/.vscode/extensions/redhat.java-1.2.0/jre/17.0.1-linux-x86_64/lib/server/libjvm.so
7f8b4b1ff000-7f8b4b25b000 rw-p 00000000 00:00 0 
7f8b4b25b000-7f8b4b280000 r--p 00000000 103:06 3673989                   /lib/x86_64-linux-gnu/libc-2.31.so
7f8b4b280000-7f8b4b3f8000 r-xp 00025000 103:06 3673989                   /lib/x86_64-linux-gnu/libc-2.31.so
7f8b4b3f8000-7f8b4b442000 r--p 0019d000 103:06 3673989                   /lib/x86_64-linux-gnu/libc-2.31.so
7f8b4b442000-7f8b4b443000 ---p 001e7000 103:06 3673989                   /lib/x86_64-linux-gnu/libc-2.31.so
7f8b4b443000-7f8b4b446000 r--p 001e7000 103:06 3673989                   /lib/x86_64-linux-gnu/libc-2.31.so
7f8b4b446000-7f8b4b449000 rw-p 001ea000 103:06 3673989                   /lib/x86_64-linux-gnu/libc-2.31.so
7f8b4b449000-7f8b4b44d000 rw-p 00000000 00:00 0 
7f8b4b44d000-7f8b4b44e000 r--p 00000000 103:06 3673993                   /lib/x86_64-linux-gnu/libdl-2.31.so
7f8b4b44e000-7f8b4b450000 r-xp 00001000 103:06 3673993                   /lib/x86_64-linux-gnu/libdl-2.31.so
7f8b4b450000-7f8b4b451000 r--p 00003000 103:06 3673993                   /lib/x86_64-linux-gnu/libdl-2.31.so
7f8b4b451000-7f8b4b452000 r--p 00003000 103:06 3673993                   /lib/x86_64-linux-gnu/libdl-2.31.so
7f8b4b452000-7f8b4b453000 rw-p 00004000 103:06 3673993                   /lib/x86_64-linux-gnu/libdl-2.31.so
7f8b4b453000-7f8b4b45a000 r--p 00000000 103:06 3674039                   /lib/x86_64-linux-gnu/libpthread-2.31.so
7f8b4b45a000-7f8b4b46b000 r-xp 00007000 103:06 3674039                   /lib/x86_64-linux-gnu/libpthread-2.31.so
7f8b4b46b000-7f8b4b470000 r--p 00018000 103:06 3674039                   /lib/x86_64-linux-gnu/libpthread-2.31.so
7f8b4b470000-7f8b4b471000 r--p 0001c000 103:06 3674039                   /lib/x86_64-linux-gnu/libpthread-2.31.so
7f8b4b471000-7f8b4b472000 rw-p 0001d000 103:06 3674039                   /lib/x86_64-linux-gnu/libpthread-2.31.so
7f8b4b472000-7f8b4b476000 rw-p 00000000 00:00 0 
7f8b4b476000-7f8b4b485000 r-xp 00000000 103:06 1924377                   /home/artur/.vscode/extensions/redhat.java-1.2.0/jre/17.0.1-linux-x86_64/lib/libjli.so
7f8b4b485000-7f8b4b685000 ---p 0000f000 103:06 1924377                   /home/artur/.vscode/extensions/redhat.java-1.2.0/jre/17.0.1-linux-x86_64/lib/libjli.so
7f8b4b685000-7f8b4b686000 r--p 0000f000 103:06 1924377                   /home/artur/.vscode/extensions/redhat.java-1.2.0/jre/17.0.1-linux-x86_64/lib/libjli.so
7f8b4b686000-7f8b4b687000 rw-p 00010000 103:06 1924377                   /home/artur/.vscode/extensions/redhat.java-1.2.0/jre/17.0.1-linux-x86_64/lib/libjli.so
7f8b4b687000-7f8b4b689000 r--p 00000000 103:06 3672661                   /lib/x86_64-linux-gnu/libz.so.1.2.11
7f8b4b689000-7f8b4b69a000 r-xp 00002000 103:06 3672661                   /lib/x86_64-linux-gnu/libz.so.1.2.11
7f8b4b69a000-7f8b4b6a0000 r--p 00013000 103:06 3672661                   /lib/x86_64-linux-gnu/libz.so.1.2.11
7f8b4b6a0000-7f8b4b6a1000 ---p 00019000 103:06 3672661                   /lib/x86_64-linux-gnu/libz.so.1.2.11
7f8b4b6a1000-7f8b4b6a2000 r--p 00019000 103:06 3672661                   /lib/x86_64-linux-gnu/libz.so.1.2.11
7f8b4b6a2000-7f8b4b6a3000 rw-p 0001a000 103:06 3672661                   /lib/x86_64-linux-gnu/libz.so.1.2.11
7f8b4b6a9000-7f8b4b6b1000 rw-s 00000000 103:06 3802554                   /tmp/hsperfdata_artur/192263
7f8b4b6b1000-7f8b4b6b3000 r--p 00000000 103:06 3674013                   /lib/x86_64-linux-gnu/libnss_compat-2.31.so
7f8b4b6b3000-7f8b4b6ba000 r-xp 00002000 103:06 3674013                   /lib/x86_64-linux-gnu/libnss_compat-2.31.so
7f8b4b6ba000-7f8b4b6bb000 r--p 00009000 103:06 3674013                   /lib/x86_64-linux-gnu/libnss_compat-2.31.so
7f8b4b6bb000-7f8b4b6bc000 r--p 00009000 103:06 3674013                   /lib/x86_64-linux-gnu/libnss_compat-2.31.so
7f8b4b6bc000-7f8b4b6bd000 rw-p 0000a000 103:06 3674013                   /lib/x86_64-linux-gnu/libnss_compat-2.31.so
7f8b4b6bd000-7f8b4b6be000 ---p 00000000 00:00 0 
7f8b4b6be000-7f8b4b6bf000 r--p 00000000 00:00 0 
7f8b4b6bf000-7f8b4b6c1000 rw-p 00000000 00:00 0 
7f8b4b6c1000-7f8b4b6c2000 r--p 00000000 103:06 3673973                   /lib/x86_64-linux-gnu/ld-2.31.so
7f8b4b6c2000-7f8b4b6e5000 r-xp 00001000 103:06 3673973                   /lib/x86_64-linux-gnu/ld-2.31.so
7f8b4b6e5000-7f8b4b6ed000 r--p 00024000 103:06 3673973                   /lib/x86_64-linux-gnu/ld-2.31.so
7f8b4b6ed000-7f8b4b6ee000 ---p 00000000 00:00 0 
7f8b4b6ee000-7f8b4b6ef000 r--p 0002c000 103:06 3673973                   /lib/x86_64-linux-gnu/ld-2.31.so
7f8b4b6ef000-7f8b4b6f0000 rw-p 0002d000 103:06 3673973                   /lib/x86_64-linux-gnu/ld-2.31.so
7f8b4b6f0000-7f8b4b6f1000 rw-p 00000000 00:00 0 
7ffe5161b000-7ffe5163d000 rw-p 00000000 00:00 0                          [stack]
7ffe516b3000-7ffe516b6000 r--p 00000000 00:00 0                          [vvar]
7ffe516b6000-7ffe516b7000 r-xp 00000000 00:00 0                          [vdso]
ffffffffff600000-ffffffffff601000 --xp 00000000 00:00 0                  [vsyscall]


VM Arguments:
jvm_args: --add-modules=ALL-SYSTEM --add-opens=java.base/java.util=ALL-UNNAMED --add-opens=java.base/java.lang=ALL-UNNAMED -Declipse.application=org.eclipse.jdt.ls.core.id1 -Dosgi.bundles.defaultStartLevel=4 -Declipse.product=org.eclipse.jdt.ls.core.product -Djava.import.generatesMetadataFilesAtProjectRoot=false -Dfile.encoding=utf8 -XX:+UseParallelGC -XX:GCTimeRatio=4 -XX:AdaptiveSizePolicyWeight=90 -Dsun.zip.disableMemoryMapping=true -Xmx2G -Xms100m 
java_command: /home/artur/.vscode/extensions/redhat.java-1.2.0/server/plugins/org.eclipse.equinox.launcher_1.6.400.v20210924-0641.jar -configuration /home/artur/.config/Code/User/globalStorage/redhat.java/1.2.0/config_ss_linux -data /home/artur/.config/Code/User/workspaceStorage/68e882bbe0e19ee7d9ce481bef1e990f/redhat.java/ss_ws
java_class_path (initial): /home/artur/.vscode/extensions/redhat.java-1.2.0/server/plugins/org.eclipse.equinox.launcher_1.6.400.v20210924-0641.jar
Launcher Type: SUN_STANDARD

[Global flags]
    uintx AdaptiveSizePolicyWeight                 = 90                                        {product} {command line}
     intx CICompilerCount                          = 4                                         {product} {ergonomic}
    uintx GCTimeRatio                              = 4                                         {product} {command line}
   size_t InitialHeapSize                          = 104857600                                 {product} {command line}
   size_t MaxHeapSize                              = 2147483648                                {product} {command line}
   size_t MaxNewSize                               = 715653120                                 {product} {ergonomic}
   size_t MinHeapDeltaBytes                        = 524288                                    {product} {ergonomic}
   size_t MinHeapSize                              = 104857600                                 {product} {command line}
   size_t NewSize                                  = 34603008                                  {product} {ergonomic}
    uintx NonNMethodCodeHeapSize                   = 5839372                                {pd product} {ergonomic}
    uintx NonProfiledCodeHeapSize                  = 122909434                              {pd product} {ergonomic}
   size_t OldSize                                  = 70254592                                  {product} {ergonomic}
    uintx ProfiledCodeHeapSize                     = 122909434                              {pd product} {ergonomic}
    uintx ReservedCodeCacheSize                    = 251658240                              {pd product} {ergonomic}
     bool SegmentedCodeCache                       = true                                      {product} {ergonomic}
   size_t SoftMaxHeapSize                          = 2147483648                             {manageable} {ergonomic}
     bool UseCompressedClassPointers               = true                           {product lp64_product} {ergonomic}
     bool UseCompressedOops                        = true                           {product lp64_product} {ergonomic}
     bool UseParallelGC                            = true                                      {product} {command line}

Logging:
Log output configuration:
 #0: stdout all=warning uptime,level,tags
 #1: stderr all=off uptime,level,tags

Environment Variables:
JAVA_HOME=/usr/lib/jvm/java-11-openjdk-amd64
CLASSPATH=.:/usr/local/lib/antlr-4.9.2-complete.jar:/usr/local/lib/ST-4.3.1.jar:
PATH=/home/artur/.nvm/versions/node/v14.17.0/bin:/home/artur/.local/bin:/usr/local/sbin:/usr/local/bin:/usr/sbin:/usr/bin:/sbin:/bin:/usr/games:/usr/local/games:/snap/bin:/usr/lib/jvm/java-16-oracle/bin:/usr/lib/jvm/java-16-oracle/db/bin:/opt/bin:.:
USERNAME=artur
SHELL=/bin/bash
DISPLAY=:0
LANG=en_US.UTF-8
LC_CTYPE=pt_PT.UTF-8

Signal Handlers:
   SIGSEGV: crash_handler in libjvm.so, mask=11100100010111111101111111111110, flags=SA_RESTART|SA_SIGINFO
    SIGBUS: crash_handler in libjvm.so, mask=11100100010111111101111111111110, flags=SA_RESTART|SA_SIGINFO
    SIGFPE: crash_handler in libjvm.so, mask=11100100010111111101111111111110, flags=SA_RESTART|SA_SIGINFO
   SIGPIPE: javaSignalHandler in libjvm.so, mask=11100100010111111101111111111110, flags=SA_RESTART|SA_SIGINFO
   SIGXFSZ: javaSignalHandler in libjvm.so, mask=11100100010111111101111111111110, flags=SA_RESTART|SA_SIGINFO
    SIGILL: crash_handler in libjvm.so, mask=11100100010111111101111111111110, flags=SA_RESTART|SA_SIGINFO
   SIGUSR2: SR_handler in libjvm.so, mask=00000000000000000000000000000000, flags=SA_RESTART|SA_SIGINFO
    SIGHUP: UserHandler in libjvm.so, mask=11100100010111111101111111111110, flags=SA_RESTART|SA_SIGINFO
    SIGINT: UserHandler in libjvm.so, mask=11100100010111111101111111111110, flags=SA_RESTART|SA_SIGINFO
   SIGTERM: UserHandler in libjvm.so, mask=11100100010111111101111111111110, flags=SA_RESTART|SA_SIGINFO
   SIGQUIT: UserHandler in libjvm.so, mask=11100100010111111101111111111110, flags=SA_RESTART|SA_SIGINFO
   SIGTRAP: crash_handler in libjvm.so, mask=11100100010111111101111111111110, flags=SA_RESTART|SA_SIGINFO


---------------  S Y S T E M  ---------------

OS:
DISTRIB_ID=Ubuntu
DISTRIB_RELEASE=20.04
DISTRIB_CODENAME=focal
DISTRIB_DESCRIPTION="Ubuntu 20.04.3 LTS"
uname: Linux 5.4.0-90-generic #101-Ubuntu SMP Fri Oct 15 20:00:55 UTC 2021 x86_64
OS uptime: 1 days 1:47 hours
libc: glibc 2.31 NPTL 2.31 
rlimit (soft/hard): STACK 8192k/infinity , CORE 0k/infinity , NPROC 63176/63176 , NOFILE 1048576/1048576 , AS infinity/infinity , CPU infinity/infinity , DATA infinity/infinity , FSIZE infinity/infinity , MEMLOCK 65536k/65536k
load average: 6,53 2,76 1,66

/proc/meminfo:
MemTotal:       16235992 kB
MemFree:          861712 kB
MemAvailable:    5203408 kB
Buffers:          660516 kB
Cached:          5007448 kB
SwapCached:         2292 kB
Active:         11019584 kB
Inactive:        3345700 kB
Active(anon):    8182960 kB
Inactive(anon):  1797404 kB
Active(file):    2836624 kB
Inactive(file):  1548296 kB
Unevictable:      164420 kB
Mlocked:             160 kB
SwapTotal:       2097148 kB
SwapFree:        2034880 kB
Dirty:            137524 kB
Writeback:             0 kB
AnonPages:       8860804 kB
Mapped:          1853556 kB
Shmem:           1288796 kB
KReclaimable:     298828 kB
Slab:             582120 kB
SReclaimable:     298828 kB
SUnreclaim:       283292 kB
KernelStack:       35280 kB
PageTables:        98372 kB
NFS_Unstable:          0 kB
Bounce:                0 kB
WritebackTmp:          0 kB
CommitLimit:    10215144 kB
Committed_AS:   30528472 kB
VmallocTotal:   34359738367 kB
VmallocUsed:       61168 kB
VmallocChunk:          0 kB
Percpu:            17728 kB
HardwareCorrupted:     0 kB
AnonHugePages:         0 kB
ShmemHugePages:        0 kB
ShmemPmdMapped:        0 kB
FileHugePages:         0 kB
FilePmdMapped:         0 kB
CmaTotal:              0 kB
CmaFree:               0 kB
HugePages_Total:       0
HugePages_Free:        0
HugePages_Rsvd:        0
HugePages_Surp:        0
Hugepagesize:       2048 kB
Hugetlb:               0 kB
DirectMap4k:      750176 kB
DirectMap2M:    15867904 kB
DirectMap1G:           0 kB

/sys/kernel/mm/transparent_hugepage/enabled: always [madvise] never
/sys/kernel/mm/transparent_hugepage/defrag (defrag/compaction efforts parameter): always defer defer+madvise [madvise] never

Process Memory:
Virtual Size: 6245752K (peak: 6245812K)
Resident Set Size: 193748K (peak: 193748K) (anon: 161984K, file: 31764K, shmem: 0K)
Swapped out: 0K
C-Heap outstanding allocations: 44462K

/proc/sys/kernel/threads-max (system-wide limit on the number of threads): 126352
/proc/sys/vm/max_map_count (maximum number of memory map areas a process may have): 1048575
/proc/sys/kernel/pid_max (system-wide limit on number of process identifiers): 4194304

container (cgroup) information:
container_type: cgroupv1
cpu_cpuset_cpus: 0-11
cpu_memory_nodes: 0
active_processor_count: 12
cpu_quota: no quota
cpu_period: 100000
cpu_shares: no shares
memory_limit_in_bytes: unlimited
memory_and_swap_limit_in_bytes: not supported
memory_soft_limit_in_bytes: unlimited
memory_usage_in_bytes: 12082122752
memory_max_usage_in_bytes: 12831219712

Steal ticks since vm start: 0
Steal ticks percentage since vm start:  0,000

CPU: total 12 (initial active 12) (6 cores per cpu, 2 threads per core) family 6 model 158 stepping 13 microcode 0xea, cx8, cmov, fxsr, ht, mmx, 3dnowpref, sse, sse2, sse3, ssse3, sse4.1, sse4.2, popcnt, lzcnt, tsc, tscinvbit, avx, avx2, aes, erms, clmul, bmi1, bmi2, adx, fma, vzeroupper, clflush, clflushopt
CPU Model and flags from /proc/cpuinfo:
model name	: Intel(R) Core(TM) i7-9750H CPU @ 2.60GHz
flags		: fpu vme de pse tsc msr pae mce cx8 apic sep mtrr pge mca cmov pat pse36 clflush dts acpi mmx fxsr sse sse2 ss ht tm pbe syscall nx pdpe1gb rdtscp lm constant_tsc art arch_perfmon pebs bts rep_good nopl xtopology nonstop_tsc cpuid aperfmperf pni pclmulqdq dtes64 monitor ds_cpl vmx est tm2 ssse3 sdbg fma cx16 xtpr pdcm pcid sse4_1 sse4_2 x2apic movbe popcnt tsc_deadline_timer aes xsave avx f16c rdrand lahf_lm abm 3dnowprefetch cpuid_fault epb invpcid_single ssbd ibrs ibpb stibp ibrs_enhanced tpr_shadow vnmi flexpriority ept vpid ept_ad fsgsbase tsc_adjust bmi1 avx2 smep bmi2 erms invpcid mpx rdseed adx smap clflushopt intel_pt xsaveopt xsavec xgetbv1 xsaves dtherm ida arat pln pts hwp hwp_notify hwp_act_window hwp_epp md_clear flush_l1d arch_capabilities

Online cpus: 0-11
Offline cpus: 
BIOS frequency limitation: <Not Available>
Frequency switch latency (ns): 0
Available cpu frequencies: <Not Available>
Current governor: powersave
Core performance/turbo boost: <Not Available>

Memory: 4k page, physical 16235992k(861712k free), swap 2097148k(2034880k free)
Page Sizes: 4k

vm_info: OpenJDK 64-Bit Server VM (17.0.1+12) for linux-amd64 JRE (17.0.1+12), built on Oct 20 2021 12:00:24 by "" with gcc 7.5.0

END.
