#
# A fatal error has been detected by the Java Runtime Environment:
#
#  SIGSEGV (0xb) at pc=0x00007f49a7bf2a20, pid=22963, tid=22979
#
# JRE version: OpenJDK Runtime Environment (11.0.11+9) (build 11.0.11+9-Ubuntu-0ubuntu2.20.04)
# Java VM: OpenJDK 64-Bit Server VM (11.0.11+9-Ubuntu-0ubuntu2.20.04, mixed mode, sharing, tiered, compressed oops, g1 gc, linux-amd64)
# Problematic frame:
# V  [libjvm.so+0xa82a20]
#
# Core dump will be written. Default location: Core dumps may be processed with "/usr/share/apport/apport %p %s %c %d %P %E" (or dumping to /home/artur/Desktop/3ano/IES/medical-management-system/Project/medmanagesystem/core.22963)
#
# If you would like to submit a bug report, please visit:
#   https://bugs.launchpad.net/ubuntu/+source/openjdk-lts
#

---------------  S U M M A R Y ------------

Command Line: /home/artur/Desktop/3ano/IES/medical-management-system/Project/medmanagesystem/target/surefire/surefirebooter1662999114494054373.jar /home/artur/Desktop/3ano/IES/medical-management-system/Project/medmanagesystem/target/surefire 2022-01-17T00-43-05_380-jvmRun1 surefire522488649602864052tmp surefire_03266471564762383460tmp

Host: Intel(R) Core(TM) i7-9750H CPU @ 2.60GHz, 12 cores, 15G, Ubuntu 20.04.3 LTS
Time: Mon Jan 17 00:43:07 2022 WET elapsed time: 1.865576 seconds (0d 0h 0m 1s)

---------------  T H R E A D  ---------------

Current thread (0x00007f49a024b000):  JavaThread "C2 CompilerThread0" daemon [_thread_in_native, id=22979, stack(0x00007f497508d000,0x00007f497518e000)]


Current CompileTask:
C2:   1865 3904       4       org.springframework.core.ResolvableType::resolveClass (73 bytes)

Stack: [0x00007f497508d000,0x00007f497518e000],  sp=0x00007f49751897e0,  free space=1009k
Native frames: (J=compiled Java code, A=aot compiled Java code, j=interpreted, Vv=VM code, C=native code)
V  [libjvm.so+0xa82a20]
V  [libjvm.so+0xa8892e]
V  [libjvm.so+0x60efa8]
V  [libjvm.so+0x60ff02]
V  [libjvm.so+0x53793f]
V  [libjvm.so+0x6190e1]
V  [libjvm.so+0x61a2b8]
V  [libjvm.so+0xe2105f]
V  [libjvm.so+0xe1d690]
V  [libjvm.so+0xbdac76]


siginfo: si_signo: 11 (SIGSEGV), si_code: 128 (SI_KERNEL), si_addr: 0x0000000000000000

Register to memory mapping:

RAX=0xf57800007f49a836 is an unknown value
RBX=0x000000000000001a is an unknown value
RCX=0x0000000000000002 is an unknown value
RDX=0x00007f49751898f0 is pointing into the stack for thread: 0x00007f49a024b000
RSP=0x00007f49751897e0 is pointing into the stack for thread: 0x00007f49a024b000
RBP=0x00007f4975189850 is pointing into the stack for thread: 0x00007f49a024b000
RSI=0x00007f494ccfbb70 points into unknown readable memory: 0x00007f492ca92830 | 30 28 a9 2c 49 7f 00 00
RDI=0x00007f49504cf53a points into unknown readable memory: 36 a8 49 7f 00 00
R8 =0x00007f494c663bc0 points into unknown readable memory: 0xfffebffbfff7ecff | ff ec f7 ff fb bf fe ff
R9 =0x00007f496800bfc0 points into unknown readable memory: 0x00007f49a83645d8 | d8 45 36 a8 49 7f 00 00
R10=0x0000000000000042 is an unknown value
R11=0x00007f494c000080 points into unknown readable memory: 0x00007f494cd71ee0 | e0 1e d7 4c 49 7f 00 00
R12=0x00000000000000c8 is an unknown value
R13=0x00007f49751898b0 is pointing into the stack for thread: 0x00007f49a024b000
R14=0x00007f49504cf53a points into unknown readable memory: 36 a8 49 7f 00 00
R15=0x00007f497518a810 is pointing into the stack for thread: 0x00007f49a024b000


Registers:
RAX=0xf57800007f49a836, RBX=0x000000000000001a, RCX=0x0000000000000002, RDX=0x00007f49751898f0
RSP=0x00007f49751897e0, RBP=0x00007f4975189850, RSI=0x00007f494ccfbb70, RDI=0x00007f49504cf53a
R8 =0x00007f494c663bc0, R9 =0x00007f496800bfc0, R10=0x0000000000000042, R11=0x00007f494c000080
R12=0x00000000000000c8, R13=0x00007f49751898b0, R14=0x00007f49504cf53a, R15=0x00007f497518a810
RIP=0x00007f49a7bf2a20, EFLAGS=0x0000000000010206, CSGSFS=0x002b000000000033, ERR=0x0000000000000000
  TRAPNO=0x000000000000000d

Top of Stack: (sp=0x00007f49751897e0)
0x00007f49751897e0:   00007f4975189940 00007f49751898d0
0x00007f49751897f0:   00007f497518a830 0000000000000000
0x00007f4975189800:   00007f492ca92830 00007f49751898f0
0x00007f4975189810:   00007f490000005a 00007f495037d260 

Instructions: (pc=0x00007f49a7bf2a20)
0x00007f49a7bf2920:   f2 0f 10 15 18 c9 48 00 f2 0f 10 05 a0 3e 49 00
0x00007f49a7bf2930:   f2 0f 5c d1 66 0f 2f d0 0f 83 0f fb ff ff e9 01
0x00007f49a7bf2940:   fa ff ff 90 66 66 2e 0f 1f 84 00 00 00 00 00 90
0x00007f49a7bf2950:   f3 0f 1e fa 55 48 89 e5 41 57 49 89 ff 41 56 41
0x00007f49a7bf2960:   55 49 89 f5 41 54 53 48 8d 5f 20 48 83 ec 48 8b
0x00007f49a7bf2970:   42 18 48 89 55 b8 48 89 4d 98 48 89 5d a0 85 c0
0x00007f49a7bf2980:   0f 84 6e 04 00 00 48 8b 5d b8 83 e8 01 48 8b 53
0x00007f49a7bf2990:   10 89 43 18 31 db 48 8b 04 c2 48 89 45 c8 66 90
0x00007f49a7bf29a0:   48 8b 45 c8 8b 40 18 89 45 c0 85 db 0f 84 17 01
0x00007f49a7bf29b0:   00 00 3b 5d c0 0f 83 f0 01 00 00 41 89 dc 49 c1
0x00007f49a7bf29c0:   e4 03 eb 42 0f 1f 40 00 49 8b 45 00 4c 89 ef ff
0x00007f49a7bf29d0:   50 20 41 8b 46 28 31 c9 41 3b 47 28 0f 83 b6 00
0x00007f49a7bf29e0:   00 00 49 8b 77 30 48 83 3c c6 00 0f 84 a7 00 00
0x00007f49a7bf29f0:   00 85 c9 0f 84 87 01 00 00 49 83 c4 08 3b 5d c0
0x00007f49a7bf2a00:   0f 84 a5 01 00 00 48 8b 45 c8 83 c3 01 48 8b 40
0x00007f49a7bf2a10:   08 4e 8b 34 20 4d 85 f6 74 df 49 8b 06 4c 89 f7
0x00007f49a7bf2a20:   ff 90 a8 00 00 00 84 c0 74 2e 49 8b 06 4c 89 f7
0x00007f49a7bf2a30:   ff 50 10 84 c0 75 21 49 8b 4e 08 41 8b 46 28 48
0x00007f49a7bf2a40:   8b 09 48 83 c1 01 41 3b 47 28 0f 83 c8 01 00 00
0x00007f49a7bf2a50:   49 8b 77 30 48 89 0c c6 41 8b 76 28 89 f0 c1 e8
0x00007f49a7bf2a60:   05 41 3b 45 10 0f 83 5d ff ff ff 83 e6 1f 89 f1
0x00007f49a7bf2a70:   be 01 00 00 00 48 d3 e6 49 8b 4d 18 48 8d 04 81
0x00007f49a7bf2a80:   8b 08 89 cf 21 f1 09 f7 89 38 41 8b 46 28 41 3b
0x00007f49a7bf2a90:   47 28 0f 82 4a ff ff ff 48 8b 55 98 48 8b 02 48
0x00007f49a7bf2aa0:   89 45 c0 48 83 c0 10 48 89 02 48 3b 42 08 0f 83
0x00007f49a7bf2ab0:   8c 01 00 00 48 8b 7d c8 89 58 08 4c 89 75 c8 48
0x00007f49a7bf2ac0:   89 38 41 8b 46 18 89 45 c0 48 83 7d c8 00 0f 84
0x00007f49a7bf2ad0:   80 01 00 00 48 8b 45 c8 31 db 44 8b 60 28 45 3b
0x00007f49a7bf2ae0:   67 28 0f 83 ca fe ff ff 49 8b 57 30 44 89 e0 48
0x00007f49a7bf2af0:   8b 04 c2 48 85 c0 0f 84 b6 fe ff ff a8 01 0f 85
0x00007f49a7bf2b00:   ae fe ff ff 48 83 7d c8 00 0f 84 3a 03 00 00 4c
0x00007f49a7bf2b10:   89 6d b0 48 8b 5d a0 4c 8b 6d c8 eb 2c 0f 1f 00 


Stack slot to memory mapping:
stack at sp + 0 slots: 0x00007f4975189940 is pointing into the stack for thread: 0x00007f49a024b000
stack at sp + 1 slots: 0x00007f49751898d0 is pointing into the stack for thread: 0x00007f49a024b000
stack at sp + 2 slots: 0x00007f497518a830 is pointing into the stack for thread: 0x00007f49a024b000
stack at sp + 3 slots: 0x0 is NULL
stack at sp + 4 slots: 0x00007f492ca92830 points into unknown readable memory: 0x0000000000000000 | 00 00 00 00 00 00 00 00
stack at sp + 5 slots: 0x00007f49751898f0 is pointing into the stack for thread: 0x00007f49a024b000
stack at sp + 6 slots: 0x00007f490000005a is an unknown value
stack at sp + 7 slots: 0x00007f495037d260 points into unknown readable memory: 0x00007f49a837eb30 | 30 eb 37 a8 49 7f 00 00


---------------  P R O C E S S  ---------------

Threads class SMR info:
_java_thread_list=0x00007f490c470480, length=14, elements={
0x00007f49a0017800, 0x00007f49a023e000, 0x00007f49a0240000, 0x00007f49a0247000,
0x00007f49a0249000, 0x00007f49a024b000, 0x00007f49a024d000, 0x00007f49a024f000,
0x00007f49a02a2000, 0x00007f49a032d800, 0x00007f49a03b3800, 0x00007f493400d800,
0x00007f495014f000, 0x00007f49502f6000
}

Java Threads: ( => current thread )
  0x00007f49a0017800 JavaThread "main" [_thread_in_vm, id=22964, stack(0x00007f49a6d23000,0x00007f49a6e24000)]
  0x00007f49a023e000 JavaThread "Reference Handler" daemon [_thread_blocked, id=22975, stack(0x00007f497c21d000,0x00007f497c31e000)]
  0x00007f49a0240000 JavaThread "Finalizer" daemon [_thread_blocked, id=22976, stack(0x00007f497c11c000,0x00007f497c21d000)]
  0x00007f49a0247000 JavaThread "Signal Dispatcher" daemon [_thread_blocked, id=22977, stack(0x00007f497c01b000,0x00007f497c11c000)]
  0x00007f49a0249000 JavaThread "Service Thread" daemon [_thread_blocked, id=22978, stack(0x00007f497518e000,0x00007f497528f000)]
=>0x00007f49a024b000 JavaThread "C2 CompilerThread0" daemon [_thread_in_native, id=22979, stack(0x00007f497508d000,0x00007f497518e000)]
  0x00007f49a024d000 JavaThread "C1 CompilerThread0" daemon [_thread_blocked, id=22980, stack(0x00007f4974f8c000,0x00007f497508d000)]
  0x00007f49a024f000 JavaThread "Sweeper thread" daemon [_thread_blocked, id=22981, stack(0x00007f4974e8b000,0x00007f4974f8c000)]
  0x00007f49a02a2000 JavaThread "Common-Cleaner" daemon [_thread_blocked, id=22983, stack(0x00007f4974c88000,0x00007f4974d89000)]
  0x00007f49a032d800 JavaThread "surefire-forkedjvm-command-thread" daemon [_thread_in_native, id=22984, stack(0x00007f4974b87000,0x00007f4974c88000)]
  0x00007f49a03b3800 JavaThread "surefire-forkedjvm-ping-30s" daemon [_thread_blocked, id=22985, stack(0x00007f4974a86000,0x00007f4974b87000)]
  0x00007f493400d800 JavaThread "process reaper" daemon [_thread_blocked, id=22988, stack(0x00007f4988071000,0x00007f4988093000)]
  0x00007f495014f000 JavaThread "C2 CompilerThread1" daemon [_thread_in_native, id=22989, stack(0x00007f4974985000,0x00007f4974a86000)]
  0x00007f49502f6000 JavaThread "C2 CompilerThread2" daemon [_thread_in_native, id=22997, stack(0x00007f491beff000,0x00007f491c000000)]

Other Threads:
  0x00007f49a023b800 VMThread "VM Thread" [stack: 0x00007f497c320000,0x00007f497c420000] [id=22974]
  0x00007f49a02a0000 WatcherThread [stack: 0x00007f4974d8b000,0x00007f4974e8b000] [id=22982]
  0x00007f49a0030000 GCTaskThread "GC Thread#0" [stack: 0x00007f49a699e000,0x00007f49a6a9e000] [id=22969]
  0x00007f4968001000 GCTaskThread "GC Thread#1" [stack: 0x00007f4974885000,0x00007f4974985000] [id=22990]
  0x00007f4968002800 GCTaskThread "GC Thread#2" [stack: 0x00007f4974783000,0x00007f4974883000] [id=22991]
  0x00007f4968004800 GCTaskThread "GC Thread#3" [stack: 0x00007f4974681000,0x00007f4974781000] [id=22992]
  0x00007f4968006000 GCTaskThread "GC Thread#4" [stack: 0x00007f497457f000,0x00007f497467f000] [id=22993]
  0x00007f4968008000 GCTaskThread "GC Thread#5" [stack: 0x00007f497447d000,0x00007f497457d000] [id=22994]
  0x00007f49a008e000 ConcurrentGCThread "G1 Main Marker" [stack: 0x00007f49a4658000,0x00007f49a4758000] [id=22970]
  0x00007f49a0090000 ConcurrentGCThread "G1 Conc#0" [stack: 0x00007f49a4556000,0x00007f49a4656000] [id=22971]
  0x00007f4978001000 ConcurrentGCThread "G1 Conc#1" [stack: 0x00007f491b6fe000,0x00007f491b7fe000] [id=22999]
  0x00007f4978002800 ConcurrentGCThread "G1 Conc#2" [stack: 0x00007f491b5fc000,0x00007f491b6fc000] [id=23000]
  0x00007f49a0196800 ConcurrentGCThread "G1 Refine#0" [stack: 0x00007f4988273000,0x00007f4988373000] [id=22972]
  0x00007f49a0198000 ConcurrentGCThread "G1 Young RemSet Sampling" [stack: 0x00007f4988171000,0x00007f4988271000] [id=22973]

Threads with active compile tasks:
C2 CompilerThread0   1867 3904       4       org.springframework.core.ResolvableType::resolveClass (73 bytes)
C2 CompilerThread1   1867 3954       4       org.springframework.core.ResolvableType::as (86 bytes)
C2 CompilerThread2   1867 3931       4       java.lang.ClassLoader::loadClass (7 bytes)

VM state:not at safepoint (normal execution)

VM Mutex/Monitor currently owned by a thread: None

Heap address: 0x0000000708400000, size: 3964 MB, Compressed Oops mode: Zero based, Oop shift amount: 3
Narrow klass base: 0x0000000800000000, Narrow klass shift: 3
Compressed class space size: 1073741824 Address: 0x0000000840000000

Heap:
 garbage-first heap   total 256000K, used 101575K [0x0000000708400000, 0x0000000800000000)
  region size 1024K, 92 young (94208K), 10 survivors (10240K)
 Metaspace       used 33855K, capacity 35122K, committed 35504K, reserved 1079296K
  class space    used 4408K, capacity 4925K, committed 5040K, reserved 1048576K
Heap Regions: E=young(eden), S=young(survivor), O=old, HS=humongous(starts), HC=humongous(continues), CS=collection set, F=free, A=archive, TAMS=top-at-mark-start (previous, next)
|   0|0x0000000708400000, 0x0000000708500000, 0x0000000708500000|100%|HS|  |TAMS 0x0000000708500000, 0x0000000708400000| Complete 
|   1|0x0000000708500000, 0x0000000708600000, 0x0000000708600000|100%| O|  |TAMS 0x0000000708500000, 0x0000000708500000| Untracked 
|   2|0x0000000708600000, 0x0000000708700000, 0x0000000708700000|100%| O|  |TAMS 0x0000000708700000, 0x0000000708600000| Untracked 
|   3|0x0000000708700000, 0x0000000708800000, 0x0000000708800000|100%| O|  |TAMS 0x0000000708800000, 0x0000000708700000| Untracked 
|   4|0x0000000708800000, 0x0000000708900000, 0x0000000708900000|100%| O|  |TAMS 0x0000000708900000, 0x0000000708800000| Untracked 
|   5|0x0000000708900000, 0x0000000708a00000, 0x0000000708a00000|100%| O|  |TAMS 0x0000000708a00000, 0x0000000708900000| Untracked 
|   6|0x0000000708a00000, 0x0000000708b00000, 0x0000000708b00000|100%| O|  |TAMS 0x0000000708a3a000, 0x0000000708a00000| Untracked 
|   7|0x0000000708b00000, 0x0000000708c00000, 0x0000000708c00000|100%| O|  |TAMS 0x0000000708b00000, 0x0000000708b00000| Untracked 
|   8|0x0000000708c00000, 0x0000000708c29600, 0x0000000708d00000| 16%| O|  |TAMS 0x0000000708c00000, 0x0000000708c00000| Untracked 
|   9|0x0000000708d00000, 0x0000000708d00000, 0x0000000708e00000|  0%| F|  |TAMS 0x0000000708d00000, 0x0000000708d00000| Untracked 
|  10|0x0000000708e00000, 0x0000000708e00000, 0x0000000708f00000|  0%| F|  |TAMS 0x0000000708e00000, 0x0000000708e00000| Untracked 
|  11|0x0000000708f00000, 0x0000000708f00000, 0x0000000709000000|  0%| F|  |TAMS 0x0000000708f00000, 0x0000000708f00000| Untracked 
|  12|0x0000000709000000, 0x0000000709000000, 0x0000000709100000|  0%| F|  |TAMS 0x0000000709000000, 0x0000000709000000| Untracked 
|  13|0x0000000709100000, 0x0000000709100000, 0x0000000709200000|  0%| F|  |TAMS 0x0000000709100000, 0x0000000709100000| Untracked 
|  14|0x0000000709200000, 0x0000000709200000, 0x0000000709300000|  0%| F|  |TAMS 0x0000000709200000, 0x0000000709200000| Untracked 
|  15|0x0000000709300000, 0x0000000709300000, 0x0000000709400000|  0%| F|  |TAMS 0x0000000709300000, 0x0000000709300000| Untracked 
|  16|0x0000000709400000, 0x0000000709400000, 0x0000000709500000|  0%| F|  |TAMS 0x0000000709400000, 0x0000000709400000| Untracked 
|  17|0x0000000709500000, 0x0000000709500000, 0x0000000709600000|  0%| F|  |TAMS 0x0000000709500000, 0x0000000709500000| Untracked 
|  18|0x0000000709600000, 0x0000000709600000, 0x0000000709700000|  0%| F|  |TAMS 0x0000000709600000, 0x0000000709600000| Untracked 
|  19|0x0000000709700000, 0x0000000709700000, 0x0000000709800000|  0%| F|  |TAMS 0x0000000709700000, 0x0000000709700000| Untracked 
|  20|0x0000000709800000, 0x0000000709800000, 0x0000000709900000|  0%| F|  |TAMS 0x0000000709800000, 0x0000000709800000| Untracked 
|  21|0x0000000709900000, 0x0000000709900000, 0x0000000709a00000|  0%| F|  |TAMS 0x0000000709900000, 0x0000000709900000| Untracked 
|  22|0x0000000709a00000, 0x0000000709a00000, 0x0000000709b00000|  0%| F|  |TAMS 0x0000000709a00000, 0x0000000709a00000| Untracked 
|  23|0x0000000709b00000, 0x0000000709b00000, 0x0000000709c00000|  0%| F|  |TAMS 0x0000000709b00000, 0x0000000709b00000| Untracked 
|  24|0x0000000709c00000, 0x0000000709c00000, 0x0000000709d00000|  0%| F|  |TAMS 0x0000000709c00000, 0x0000000709c00000| Untracked 
|  25|0x0000000709d00000, 0x0000000709d00000, 0x0000000709e00000|  0%| F|  |TAMS 0x0000000709d00000, 0x0000000709d00000| Untracked 
|  26|0x0000000709e00000, 0x0000000709e00000, 0x0000000709f00000|  0%| F|  |TAMS 0x0000000709e00000, 0x0000000709e00000| Untracked 
|  27|0x0000000709f00000, 0x0000000709f00000, 0x000000070a000000|  0%| F|  |TAMS 0x0000000709f00000, 0x0000000709f00000| Untracked 
|  28|0x000000070a000000, 0x000000070a000000, 0x000000070a100000|  0%| F|  |TAMS 0x000000070a000000, 0x000000070a000000| Untracked 
|  29|0x000000070a100000, 0x000000070a100000, 0x000000070a200000|  0%| F|  |TAMS 0x000000070a100000, 0x000000070a100000| Untracked 
|  30|0x000000070a200000, 0x000000070a200000, 0x000000070a300000|  0%| F|  |TAMS 0x000000070a200000, 0x000000070a200000| Untracked 
|  31|0x000000070a300000, 0x000000070a300000, 0x000000070a400000|  0%| F|  |TAMS 0x000000070a300000, 0x000000070a300000| Untracked 
|  32|0x000000070a400000, 0x000000070a400000, 0x000000070a500000|  0%| F|  |TAMS 0x000000070a400000, 0x000000070a400000| Untracked 
|  33|0x000000070a500000, 0x000000070a500000, 0x000000070a600000|  0%| F|  |TAMS 0x000000070a500000, 0x000000070a500000| Untracked 
|  34|0x000000070a600000, 0x000000070a600000, 0x000000070a700000|  0%| F|  |TAMS 0x000000070a600000, 0x000000070a600000| Untracked 
|  35|0x000000070a700000, 0x000000070a700000, 0x000000070a800000|  0%| F|  |TAMS 0x000000070a700000, 0x000000070a700000| Untracked 
|  36|0x000000070a800000, 0x000000070a800000, 0x000000070a900000|  0%| F|  |TAMS 0x000000070a800000, 0x000000070a800000| Untracked 
|  37|0x000000070a900000, 0x000000070a900000, 0x000000070aa00000|  0%| F|  |TAMS 0x000000070a900000, 0x000000070a900000| Untracked 
|  38|0x000000070aa00000, 0x000000070aa00000, 0x000000070ab00000|  0%| F|  |TAMS 0x000000070aa00000, 0x000000070aa00000| Untracked 
|  39|0x000000070ab00000, 0x000000070ab00000, 0x000000070ac00000|  0%| F|  |TAMS 0x000000070ab00000, 0x000000070ab00000| Untracked 
|  40|0x000000070ac00000, 0x000000070ac00000, 0x000000070ad00000|  0%| F|  |TAMS 0x000000070ac00000, 0x000000070ac00000| Untracked 
|  41|0x000000070ad00000, 0x000000070ad00000, 0x000000070ae00000|  0%| F|  |TAMS 0x000000070ad00000, 0x000000070ad00000| Untracked 
|  42|0x000000070ae00000, 0x000000070ae00000, 0x000000070af00000|  0%| F|  |TAMS 0x000000070ae00000, 0x000000070ae00000| Untracked 
|  43|0x000000070af00000, 0x000000070af00000, 0x000000070b000000|  0%| F|  |TAMS 0x000000070af00000, 0x000000070af00000| Untracked 
|  44|0x000000070b000000, 0x000000070b000000, 0x000000070b100000|  0%| F|  |TAMS 0x000000070b000000, 0x000000070b000000| Untracked 
|  45|0x000000070b100000, 0x000000070b100000, 0x000000070b200000|  0%| F|  |TAMS 0x000000070b100000, 0x000000070b100000| Untracked 
|  46|0x000000070b200000, 0x000000070b200000, 0x000000070b300000|  0%| F|  |TAMS 0x000000070b200000, 0x000000070b200000| Untracked 
|  47|0x000000070b300000, 0x000000070b300000, 0x000000070b400000|  0%| F|  |TAMS 0x000000070b300000, 0x000000070b300000| Untracked 
|  48|0x000000070b400000, 0x000000070b400000, 0x000000070b500000|  0%| F|  |TAMS 0x000000070b400000, 0x000000070b400000| Untracked 
|  49|0x000000070b500000, 0x000000070b500000, 0x000000070b600000|  0%| F|  |TAMS 0x000000070b500000, 0x000000070b500000| Untracked 
|  50|0x000000070b600000, 0x000000070b600000, 0x000000070b700000|  0%| F|  |TAMS 0x000000070b600000, 0x000000070b600000| Untracked 
|  51|0x000000070b700000, 0x000000070b700000, 0x000000070b800000|  0%| F|  |TAMS 0x000000070b700000, 0x000000070b700000| Untracked 
|  52|0x000000070b800000, 0x000000070b800000, 0x000000070b900000|  0%| F|  |TAMS 0x000000070b800000, 0x000000070b800000| Untracked 
|  53|0x000000070b900000, 0x000000070b900000, 0x000000070ba00000|  0%| F|  |TAMS 0x000000070b900000, 0x000000070b900000| Untracked 
|  54|0x000000070ba00000, 0x000000070ba00000, 0x000000070bb00000|  0%| F|  |TAMS 0x000000070ba00000, 0x000000070ba00000| Untracked 
|  55|0x000000070bb00000, 0x000000070bb00000, 0x000000070bc00000|  0%| F|  |TAMS 0x000000070bb00000, 0x000000070bb00000| Untracked 
|  56|0x000000070bc00000, 0x000000070bc00000, 0x000000070bd00000|  0%| F|  |TAMS 0x000000070bc00000, 0x000000070bc00000| Untracked 
|  57|0x000000070bd00000, 0x000000070bd00000, 0x000000070be00000|  0%| F|  |TAMS 0x000000070bd00000, 0x000000070bd00000| Untracked 
|  58|0x000000070be00000, 0x000000070be00000, 0x000000070bf00000|  0%| F|  |TAMS 0x000000070be00000, 0x000000070be00000| Untracked 
|  59|0x000000070bf00000, 0x000000070bf00000, 0x000000070c000000|  0%| F|  |TAMS 0x000000070bf00000, 0x000000070bf00000| Untracked 
|  60|0x000000070c000000, 0x000000070c000000, 0x000000070c100000|  0%| F|  |TAMS 0x000000070c000000, 0x000000070c000000| Untracked 
|  61|0x000000070c100000, 0x000000070c100000, 0x000000070c200000|  0%| F|  |TAMS 0x000000070c100000, 0x000000070c100000| Untracked 
|  62|0x000000070c200000, 0x000000070c200000, 0x000000070c300000|  0%| F|  |TAMS 0x000000070c200000, 0x000000070c200000| Untracked 
|  63|0x000000070c300000, 0x000000070c300000, 0x000000070c400000|  0%| F|  |TAMS 0x000000070c300000, 0x000000070c300000| Untracked 
|  64|0x000000070c400000, 0x000000070c400000, 0x000000070c500000|  0%| F|  |TAMS 0x000000070c400000, 0x000000070c400000| Untracked 
|  65|0x000000070c500000, 0x000000070c500000, 0x000000070c600000|  0%| F|  |TAMS 0x000000070c500000, 0x000000070c500000| Untracked 
|  66|0x000000070c600000, 0x000000070c600000, 0x000000070c700000|  0%| F|  |TAMS 0x000000070c600000, 0x000000070c600000| Untracked 
|  67|0x000000070c700000, 0x000000070c700000, 0x000000070c800000|  0%| F|  |TAMS 0x000000070c700000, 0x000000070c700000| Untracked 
|  68|0x000000070c800000, 0x000000070c800000, 0x000000070c900000|  0%| F|  |TAMS 0x000000070c800000, 0x000000070c800000| Untracked 
|  69|0x000000070c900000, 0x000000070c900000, 0x000000070ca00000|  0%| F|  |TAMS 0x000000070c900000, 0x000000070c900000| Untracked 
|  70|0x000000070ca00000, 0x000000070ca00000, 0x000000070cb00000|  0%| F|  |TAMS 0x000000070ca00000, 0x000000070ca00000| Untracked 
|  71|0x000000070cb00000, 0x000000070cb00000, 0x000000070cc00000|  0%| F|  |TAMS 0x000000070cb00000, 0x000000070cb00000| Untracked 
|  72|0x000000070cc00000, 0x000000070cc00000, 0x000000070cd00000|  0%| F|  |TAMS 0x000000070cc00000, 0x000000070cc00000| Untracked 
|  73|0x000000070cd00000, 0x000000070cd00000, 0x000000070ce00000|  0%| F|  |TAMS 0x000000070cd00000, 0x000000070cd00000| Untracked 
|  74|0x000000070ce00000, 0x000000070ce00000, 0x000000070cf00000|  0%| F|  |TAMS 0x000000070ce00000, 0x000000070ce00000| Untracked 
|  75|0x000000070cf00000, 0x000000070cf00000, 0x000000070d000000|  0%| F|  |TAMS 0x000000070cf00000, 0x000000070cf00000| Untracked 
|  76|0x000000070d000000, 0x000000070d000000, 0x000000070d100000|  0%| F|  |TAMS 0x000000070d000000, 0x000000070d000000| Untracked 
|  77|0x000000070d100000, 0x000000070d100000, 0x000000070d200000|  0%| F|  |TAMS 0x000000070d100000, 0x000000070d100000| Untracked 
|  78|0x000000070d200000, 0x000000070d200000, 0x000000070d300000|  0%| F|  |TAMS 0x000000070d200000, 0x000000070d200000| Untracked 
|  79|0x000000070d300000, 0x000000070d300000, 0x000000070d400000|  0%| F|  |TAMS 0x000000070d300000, 0x000000070d300000| Untracked 
|  80|0x000000070d400000, 0x000000070d400000, 0x000000070d500000|  0%| F|  |TAMS 0x000000070d400000, 0x000000070d400000| Untracked 
|  81|0x000000070d500000, 0x000000070d500000, 0x000000070d600000|  0%| F|  |TAMS 0x000000070d500000, 0x000000070d500000| Untracked 
|  82|0x000000070d600000, 0x000000070d600000, 0x000000070d700000|  0%| F|  |TAMS 0x000000070d600000, 0x000000070d600000| Untracked 
|  83|0x000000070d700000, 0x000000070d700000, 0x000000070d800000|  0%| F|  |TAMS 0x000000070d700000, 0x000000070d700000| Untracked 
|  84|0x000000070d800000, 0x000000070d800000, 0x000000070d900000|  0%| F|  |TAMS 0x000000070d800000, 0x000000070d800000| Untracked 
|  85|0x000000070d900000, 0x000000070d900000, 0x000000070da00000|  0%| F|  |TAMS 0x000000070d900000, 0x000000070d900000| Untracked 
|  86|0x000000070da00000, 0x000000070da00000, 0x000000070db00000|  0%| F|  |TAMS 0x000000070da00000, 0x000000070da00000| Untracked 
|  87|0x000000070db00000, 0x000000070db00000, 0x000000070dc00000|  0%| F|  |TAMS 0x000000070db00000, 0x000000070db00000| Untracked 
|  88|0x000000070dc00000, 0x000000070dc00000, 0x000000070dd00000|  0%| F|  |TAMS 0x000000070dc00000, 0x000000070dc00000| Untracked 
|  89|0x000000070dd00000, 0x000000070dd00000, 0x000000070de00000|  0%| F|  |TAMS 0x000000070dd00000, 0x000000070dd00000| Untracked 
|  90|0x000000070de00000, 0x000000070de00000, 0x000000070df00000|  0%| F|  |TAMS 0x000000070de00000, 0x000000070de00000| Untracked 
|  91|0x000000070df00000, 0x000000070df00000, 0x000000070e000000|  0%| F|  |TAMS 0x000000070df00000, 0x000000070df00000| Untracked 
|  92|0x000000070e000000, 0x000000070e000000, 0x000000070e100000|  0%| F|  |TAMS 0x000000070e000000, 0x000000070e000000| Untracked 
|  93|0x000000070e100000, 0x000000070e100000, 0x000000070e200000|  0%| F|  |TAMS 0x000000070e100000, 0x000000070e100000| Untracked 
|  94|0x000000070e200000, 0x000000070e200000, 0x000000070e300000|  0%| F|  |TAMS 0x000000070e200000, 0x000000070e200000| Untracked 
|  95|0x000000070e300000, 0x000000070e300000, 0x000000070e400000|  0%| F|  |TAMS 0x000000070e300000, 0x000000070e300000| Untracked 
|  96|0x000000070e400000, 0x000000070e400000, 0x000000070e500000|  0%| F|  |TAMS 0x000000070e400000, 0x000000070e400000| Untracked 
|  97|0x000000070e500000, 0x000000070e500000, 0x000000070e600000|  0%| F|  |TAMS 0x000000070e500000, 0x000000070e500000| Untracked 
|  98|0x000000070e600000, 0x000000070e600000, 0x000000070e700000|  0%| F|  |TAMS 0x000000070e600000, 0x000000070e600000| Untracked 
|  99|0x000000070e700000, 0x000000070e700000, 0x000000070e800000|  0%| F|  |TAMS 0x000000070e700000, 0x000000070e700000| Untracked 
| 100|0x000000070e800000, 0x000000070e800000, 0x000000070e900000|  0%| F|  |TAMS 0x000000070e800000, 0x000000070e800000| Untracked 
| 101|0x000000070e900000, 0x000000070e900000, 0x000000070ea00000|  0%| F|  |TAMS 0x000000070e900000, 0x000000070e900000| Untracked 
| 102|0x000000070ea00000, 0x000000070ea00000, 0x000000070eb00000|  0%| F|  |TAMS 0x000000070ea00000, 0x000000070ea00000| Untracked 
| 103|0x000000070eb00000, 0x000000070eb00000, 0x000000070ec00000|  0%| F|  |TAMS 0x000000070eb00000, 0x000000070eb00000| Untracked 
| 104|0x000000070ec00000, 0x000000070ec00000, 0x000000070ed00000|  0%| F|  |TAMS 0x000000070ec00000, 0x000000070ec00000| Untracked 
| 105|0x000000070ed00000, 0x000000070ed00000, 0x000000070ee00000|  0%| F|  |TAMS 0x000000070ed00000, 0x000000070ed00000| Untracked 
| 106|0x000000070ee00000, 0x000000070ee00000, 0x000000070ef00000|  0%| F|  |TAMS 0x000000070ee00000, 0x000000070ee00000| Untracked 
| 107|0x000000070ef00000, 0x000000070ef00000, 0x000000070f000000|  0%| F|  |TAMS 0x000000070ef00000, 0x000000070ef00000| Untracked 
| 108|0x000000070f000000, 0x000000070f000000, 0x000000070f100000|  0%| F|  |TAMS 0x000000070f000000, 0x000000070f000000| Untracked 
| 109|0x000000070f100000, 0x000000070f100000, 0x000000070f200000|  0%| F|  |TAMS 0x000000070f100000, 0x000000070f100000| Untracked 
| 110|0x000000070f200000, 0x000000070f200000, 0x000000070f300000|  0%| F|  |TAMS 0x000000070f200000, 0x000000070f200000| Untracked 
| 111|0x000000070f300000, 0x000000070f300000, 0x000000070f400000|  0%| F|  |TAMS 0x000000070f300000, 0x000000070f300000| Untracked 
| 112|0x000000070f400000, 0x000000070f400000, 0x000000070f500000|  0%| F|  |TAMS 0x000000070f400000, 0x000000070f400000| Untracked 
| 113|0x000000070f500000, 0x000000070f500000, 0x000000070f600000|  0%| F|  |TAMS 0x000000070f500000, 0x000000070f500000| Untracked 
| 114|0x000000070f600000, 0x000000070f600000, 0x000000070f700000|  0%| F|  |TAMS 0x000000070f600000, 0x000000070f600000| Untracked 
| 115|0x000000070f700000, 0x000000070f700000, 0x000000070f800000|  0%| F|  |TAMS 0x000000070f700000, 0x000000070f700000| Untracked 
| 116|0x000000070f800000, 0x000000070f800000, 0x000000070f900000|  0%| F|  |TAMS 0x000000070f800000, 0x000000070f800000| Untracked 
| 117|0x000000070f900000, 0x000000070f900000, 0x000000070fa00000|  0%| F|  |TAMS 0x000000070f900000, 0x000000070f900000| Untracked 
| 118|0x000000070fa00000, 0x000000070fa00000, 0x000000070fb00000|  0%| F|  |TAMS 0x000000070fa00000, 0x000000070fa00000| Untracked 
| 119|0x000000070fb00000, 0x000000070fb00000, 0x000000070fc00000|  0%| F|  |TAMS 0x000000070fb00000, 0x000000070fb00000| Untracked 
| 120|0x000000070fc00000, 0x000000070fc00000, 0x000000070fd00000|  0%| F|  |TAMS 0x000000070fc00000, 0x000000070fc00000| Untracked 
| 121|0x000000070fd00000, 0x000000070fd569b0, 0x000000070fe00000| 33%| S|CS|TAMS 0x000000070fd00000, 0x000000070fd00000| Complete 
| 122|0x000000070fe00000, 0x000000070ff00000, 0x000000070ff00000|100%| S|CS|TAMS 0x000000070fe00000, 0x000000070fe00000| Complete 
| 123|0x000000070ff00000, 0x0000000710000000, 0x0000000710000000|100%| S|CS|TAMS 0x000000070ff00000, 0x000000070ff00000| Complete 
| 124|0x0000000710000000, 0x0000000710100000, 0x0000000710100000|100%| S|CS|TAMS 0x0000000710000000, 0x0000000710000000| Complete 
| 125|0x0000000710100000, 0x0000000710200000, 0x0000000710200000|100%| S|CS|TAMS 0x0000000710100000, 0x0000000710100000| Complete 
| 126|0x0000000710200000, 0x0000000710300000, 0x0000000710300000|100%| S|CS|TAMS 0x0000000710200000, 0x0000000710200000| Complete 
| 127|0x0000000710300000, 0x0000000710400000, 0x0000000710400000|100%| S|CS|TAMS 0x0000000710300000, 0x0000000710300000| Complete 
| 128|0x0000000710400000, 0x0000000710500000, 0x0000000710500000|100%| S|CS|TAMS 0x0000000710400000, 0x0000000710400000| Complete 
| 129|0x0000000710500000, 0x0000000710600000, 0x0000000710600000|100%| S|CS|TAMS 0x0000000710500000, 0x0000000710500000| Complete 
| 130|0x0000000710600000, 0x0000000710700000, 0x0000000710700000|100%| S|CS|TAMS 0x0000000710600000, 0x0000000710600000| Complete 
| 131|0x0000000710700000, 0x0000000710700000, 0x0000000710800000|  0%| F|  |TAMS 0x0000000710700000, 0x0000000710700000| Untracked 
| 132|0x0000000710800000, 0x0000000710800000, 0x0000000710900000|  0%| F|  |TAMS 0x0000000710800000, 0x0000000710800000| Untracked 
| 133|0x0000000710900000, 0x0000000710900000, 0x0000000710a00000|  0%| F|  |TAMS 0x0000000710900000, 0x0000000710900000| Untracked 
| 134|0x0000000710a00000, 0x0000000710a00000, 0x0000000710b00000|  0%| F|  |TAMS 0x0000000710a00000, 0x0000000710a00000| Untracked 
| 135|0x0000000710b00000, 0x0000000710b00000, 0x0000000710c00000|  0%| F|  |TAMS 0x0000000710b00000, 0x0000000710b00000| Untracked 
| 136|0x0000000710c00000, 0x0000000710c00000, 0x0000000710d00000|  0%| F|  |TAMS 0x0000000710c00000, 0x0000000710c00000| Untracked 
| 137|0x0000000710d00000, 0x0000000710d00000, 0x0000000710e00000|  0%| F|  |TAMS 0x0000000710d00000, 0x0000000710d00000| Untracked 
| 138|0x0000000710e00000, 0x0000000710e00000, 0x0000000710f00000|  0%| F|  |TAMS 0x0000000710e00000, 0x0000000710e00000| Untracked 
| 139|0x0000000710f00000, 0x0000000710f00000, 0x0000000711000000|  0%| F|  |TAMS 0x0000000710f00000, 0x0000000710f00000| Untracked 
| 140|0x0000000711000000, 0x0000000711000000, 0x0000000711100000|  0%| F|  |TAMS 0x0000000711000000, 0x0000000711000000| Untracked 
| 141|0x0000000711100000, 0x0000000711100000, 0x0000000711200000|  0%| F|  |TAMS 0x0000000711100000, 0x0000000711100000| Untracked 
| 142|0x0000000711200000, 0x0000000711200000, 0x0000000711300000|  0%| F|  |TAMS 0x0000000711200000, 0x0000000711200000| Untracked 
| 143|0x0000000711300000, 0x0000000711300000, 0x0000000711400000|  0%| F|  |TAMS 0x0000000711300000, 0x0000000711300000| Untracked 
| 144|0x0000000711400000, 0x0000000711400000, 0x0000000711500000|  0%| F|  |TAMS 0x0000000711400000, 0x0000000711400000| Untracked 
| 145|0x0000000711500000, 0x0000000711500000, 0x0000000711600000|  0%| F|  |TAMS 0x0000000711500000, 0x0000000711500000| Untracked 
| 146|0x0000000711600000, 0x0000000711600000, 0x0000000711700000|  0%| F|  |TAMS 0x0000000711600000, 0x0000000711600000| Untracked 
| 147|0x0000000711700000, 0x0000000711700000, 0x0000000711800000|  0%| F|  |TAMS 0x0000000711700000, 0x0000000711700000| Untracked 
| 148|0x0000000711800000, 0x0000000711800000, 0x0000000711900000|  0%| F|  |TAMS 0x0000000711800000, 0x0000000711800000| Untracked 
| 149|0x0000000711900000, 0x0000000711900000, 0x0000000711a00000|  0%| F|  |TAMS 0x0000000711900000, 0x0000000711900000| Untracked 
| 150|0x0000000711a00000, 0x0000000711a00000, 0x0000000711b00000|  0%| F|  |TAMS 0x0000000711a00000, 0x0000000711a00000| Untracked 
| 151|0x0000000711b00000, 0x0000000711b00000, 0x0000000711c00000|  0%| F|  |TAMS 0x0000000711b00000, 0x0000000711b00000| Untracked 
| 152|0x0000000711c00000, 0x0000000711c00000, 0x0000000711d00000|  0%| F|  |TAMS 0x0000000711c00000, 0x0000000711c00000| Untracked 
| 153|0x0000000711d00000, 0x0000000711d00000, 0x0000000711e00000|  0%| F|  |TAMS 0x0000000711d00000, 0x0000000711d00000| Untracked 
| 154|0x0000000711e00000, 0x0000000711e00000, 0x0000000711f00000|  0%| F|  |TAMS 0x0000000711e00000, 0x0000000711e00000| Untracked 
| 155|0x0000000711f00000, 0x0000000711f00000, 0x0000000712000000|  0%| F|  |TAMS 0x0000000711f00000, 0x0000000711f00000| Untracked 
| 156|0x0000000712000000, 0x0000000712000000, 0x0000000712100000|  0%| F|  |TAMS 0x0000000712000000, 0x0000000712000000| Untracked 
| 157|0x0000000712100000, 0x0000000712100000, 0x0000000712200000|  0%| F|  |TAMS 0x0000000712100000, 0x0000000712100000| Untracked 
| 158|0x0000000712200000, 0x0000000712200000, 0x0000000712300000|  0%| F|  |TAMS 0x0000000712200000, 0x0000000712200000| Untracked 
| 159|0x0000000712300000, 0x0000000712300000, 0x0000000712400000|  0%| F|  |TAMS 0x0000000712300000, 0x0000000712300000| Untracked 
| 160|0x0000000712400000, 0x0000000712400000, 0x0000000712500000|  0%| F|  |TAMS 0x0000000712400000, 0x0000000712400000| Untracked 
| 161|0x0000000712500000, 0x0000000712500000, 0x0000000712600000|  0%| F|  |TAMS 0x0000000712500000, 0x0000000712500000| Untracked 
| 162|0x0000000712600000, 0x0000000712600000, 0x0000000712700000|  0%| F|  |TAMS 0x0000000712600000, 0x0000000712600000| Untracked 
| 163|0x0000000712700000, 0x0000000712700000, 0x0000000712800000|  0%| F|  |TAMS 0x0000000712700000, 0x0000000712700000| Untracked 
| 164|0x0000000712800000, 0x0000000712800000, 0x0000000712900000|  0%| F|  |TAMS 0x0000000712800000, 0x0000000712800000| Untracked 
| 165|0x0000000712900000, 0x0000000712900000, 0x0000000712a00000|  0%| F|  |TAMS 0x0000000712900000, 0x0000000712900000| Untracked 
| 166|0x0000000712a00000, 0x0000000712b00000, 0x0000000712b00000|100%| E|  |TAMS 0x0000000712a00000, 0x0000000712a00000| Complete 
| 167|0x0000000712b00000, 0x0000000712c00000, 0x0000000712c00000|100%| E|CS|TAMS 0x0000000712b00000, 0x0000000712b00000| Complete 
| 168|0x0000000712c00000, 0x0000000712d00000, 0x0000000712d00000|100%| E|CS|TAMS 0x0000000712c00000, 0x0000000712c00000| Complete 
| 169|0x0000000712d00000, 0x0000000712e00000, 0x0000000712e00000|100%| E|CS|TAMS 0x0000000712d00000, 0x0000000712d00000| Complete 
| 170|0x0000000712e00000, 0x0000000712f00000, 0x0000000712f00000|100%| E|CS|TAMS 0x0000000712e00000, 0x0000000712e00000| Complete 
| 171|0x0000000712f00000, 0x0000000713000000, 0x0000000713000000|100%| E|CS|TAMS 0x0000000712f00000, 0x0000000712f00000| Complete 
| 172|0x0000000713000000, 0x0000000713100000, 0x0000000713100000|100%| E|CS|TAMS 0x0000000713000000, 0x0000000713000000| Complete 
| 173|0x0000000713100000, 0x0000000713200000, 0x0000000713200000|100%| E|CS|TAMS 0x0000000713100000, 0x0000000713100000| Complete 
| 174|0x0000000713200000, 0x0000000713300000, 0x0000000713300000|100%| E|CS|TAMS 0x0000000713200000, 0x0000000713200000| Complete 
| 175|0x0000000713300000, 0x0000000713400000, 0x0000000713400000|100%| E|CS|TAMS 0x0000000713300000, 0x0000000713300000| Complete 
| 176|0x0000000713400000, 0x0000000713500000, 0x0000000713500000|100%| E|CS|TAMS 0x0000000713400000, 0x0000000713400000| Complete 
| 177|0x0000000713500000, 0x0000000713600000, 0x0000000713600000|100%| E|CS|TAMS 0x0000000713500000, 0x0000000713500000| Complete 
| 178|0x0000000713600000, 0x0000000713700000, 0x0000000713700000|100%| E|CS|TAMS 0x0000000713600000, 0x0000000713600000| Complete 
| 179|0x0000000713700000, 0x0000000713800000, 0x0000000713800000|100%| E|CS|TAMS 0x0000000713700000, 0x0000000713700000| Complete 
| 180|0x0000000713800000, 0x0000000713900000, 0x0000000713900000|100%| E|CS|TAMS 0x0000000713800000, 0x0000000713800000| Complete 
| 181|0x0000000713900000, 0x0000000713a00000, 0x0000000713a00000|100%| E|CS|TAMS 0x0000000713900000, 0x0000000713900000| Complete 
| 182|0x0000000713a00000, 0x0000000713b00000, 0x0000000713b00000|100%| E|CS|TAMS 0x0000000713a00000, 0x0000000713a00000| Complete 
| 183|0x0000000713b00000, 0x0000000713c00000, 0x0000000713c00000|100%| E|CS|TAMS 0x0000000713b00000, 0x0000000713b00000| Complete 
| 184|0x0000000713c00000, 0x0000000713d00000, 0x0000000713d00000|100%| E|CS|TAMS 0x0000000713c00000, 0x0000000713c00000| Complete 
| 185|0x0000000713d00000, 0x0000000713e00000, 0x0000000713e00000|100%| E|CS|TAMS 0x0000000713d00000, 0x0000000713d00000| Complete 
| 186|0x0000000713e00000, 0x0000000713f00000, 0x0000000713f00000|100%| E|CS|TAMS 0x0000000713e00000, 0x0000000713e00000| Complete 
| 187|0x0000000713f00000, 0x0000000714000000, 0x0000000714000000|100%| E|CS|TAMS 0x0000000713f00000, 0x0000000713f00000| Complete 
| 188|0x0000000714000000, 0x0000000714100000, 0x0000000714100000|100%| E|CS|TAMS 0x0000000714000000, 0x0000000714000000| Complete 
| 189|0x0000000714100000, 0x0000000714200000, 0x0000000714200000|100%| E|CS|TAMS 0x0000000714100000, 0x0000000714100000| Complete 
| 190|0x0000000714200000, 0x0000000714300000, 0x0000000714300000|100%| E|CS|TAMS 0x0000000714200000, 0x0000000714200000| Complete 
| 191|0x0000000714300000, 0x0000000714400000, 0x0000000714400000|100%| E|CS|TAMS 0x0000000714300000, 0x0000000714300000| Complete 
| 192|0x0000000714400000, 0x0000000714500000, 0x0000000714500000|100%| E|CS|TAMS 0x0000000714400000, 0x0000000714400000| Complete 
| 193|0x0000000714500000, 0x0000000714600000, 0x0000000714600000|100%| E|CS|TAMS 0x0000000714500000, 0x0000000714500000| Complete 
| 194|0x0000000714600000, 0x0000000714700000, 0x0000000714700000|100%| E|CS|TAMS 0x0000000714600000, 0x0000000714600000| Complete 
| 195|0x0000000714700000, 0x0000000714800000, 0x0000000714800000|100%| E|CS|TAMS 0x0000000714700000, 0x0000000714700000| Complete 
| 196|0x0000000714800000, 0x0000000714900000, 0x0000000714900000|100%| E|CS|TAMS 0x0000000714800000, 0x0000000714800000| Complete 
| 197|0x0000000714900000, 0x0000000714a00000, 0x0000000714a00000|100%| E|CS|TAMS 0x0000000714900000, 0x0000000714900000| Complete 
| 198|0x0000000714a00000, 0x0000000714b00000, 0x0000000714b00000|100%| E|CS|TAMS 0x0000000714a00000, 0x0000000714a00000| Complete 
| 199|0x0000000714b00000, 0x0000000714c00000, 0x0000000714c00000|100%| E|CS|TAMS 0x0000000714b00000, 0x0000000714b00000| Complete 
| 200|0x0000000714c00000, 0x0000000714d00000, 0x0000000714d00000|100%| E|CS|TAMS 0x0000000714c00000, 0x0000000714c00000| Complete 
| 201|0x0000000714d00000, 0x0000000714e00000, 0x0000000714e00000|100%| E|CS|TAMS 0x0000000714d00000, 0x0000000714d00000| Complete 
| 202|0x0000000714e00000, 0x0000000714f00000, 0x0000000714f00000|100%| E|CS|TAMS 0x0000000714e00000, 0x0000000714e00000| Complete 
| 203|0x0000000714f00000, 0x0000000715000000, 0x0000000715000000|100%| E|CS|TAMS 0x0000000714f00000, 0x0000000714f00000| Complete 
| 204|0x0000000715000000, 0x0000000715100000, 0x0000000715100000|100%| E|CS|TAMS 0x0000000715000000, 0x0000000715000000| Complete 
| 205|0x0000000715100000, 0x0000000715200000, 0x0000000715200000|100%| E|CS|TAMS 0x0000000715100000, 0x0000000715100000| Complete 
| 206|0x0000000715200000, 0x0000000715300000, 0x0000000715300000|100%| E|CS|TAMS 0x0000000715200000, 0x0000000715200000| Complete 
| 207|0x0000000715300000, 0x0000000715400000, 0x0000000715400000|100%| E|CS|TAMS 0x0000000715300000, 0x0000000715300000| Complete 
| 208|0x0000000715400000, 0x0000000715500000, 0x0000000715500000|100%| E|CS|TAMS 0x0000000715400000, 0x0000000715400000| Complete 
| 209|0x0000000715500000, 0x0000000715600000, 0x0000000715600000|100%| E|CS|TAMS 0x0000000715500000, 0x0000000715500000| Complete 
| 210|0x0000000715600000, 0x0000000715700000, 0x0000000715700000|100%| E|CS|TAMS 0x0000000715600000, 0x0000000715600000| Complete 
| 211|0x0000000715700000, 0x0000000715800000, 0x0000000715800000|100%| E|CS|TAMS 0x0000000715700000, 0x0000000715700000| Complete 
| 212|0x0000000715800000, 0x0000000715900000, 0x0000000715900000|100%| E|CS|TAMS 0x0000000715800000, 0x0000000715800000| Complete 
| 213|0x0000000715900000, 0x0000000715a00000, 0x0000000715a00000|100%| E|CS|TAMS 0x0000000715900000, 0x0000000715900000| Complete 
| 214|0x0000000715a00000, 0x0000000715b00000, 0x0000000715b00000|100%| E|CS|TAMS 0x0000000715a00000, 0x0000000715a00000| Complete 
| 215|0x0000000715b00000, 0x0000000715c00000, 0x0000000715c00000|100%| E|CS|TAMS 0x0000000715b00000, 0x0000000715b00000| Complete 
| 216|0x0000000715c00000, 0x0000000715d00000, 0x0000000715d00000|100%| E|CS|TAMS 0x0000000715c00000, 0x0000000715c00000| Complete 
| 217|0x0000000715d00000, 0x0000000715e00000, 0x0000000715e00000|100%| E|CS|TAMS 0x0000000715d00000, 0x0000000715d00000| Complete 
| 218|0x0000000715e00000, 0x0000000715f00000, 0x0000000715f00000|100%| E|CS|TAMS 0x0000000715e00000, 0x0000000715e00000| Complete 
| 219|0x0000000715f00000, 0x0000000716000000, 0x0000000716000000|100%| E|CS|TAMS 0x0000000715f00000, 0x0000000715f00000| Complete 
| 220|0x0000000716000000, 0x0000000716100000, 0x0000000716100000|100%| E|CS|TAMS 0x0000000716000000, 0x0000000716000000| Complete 
| 221|0x0000000716100000, 0x0000000716200000, 0x0000000716200000|100%| E|CS|TAMS 0x0000000716100000, 0x0000000716100000| Complete 
| 222|0x0000000716200000, 0x0000000716300000, 0x0000000716300000|100%| E|CS|TAMS 0x0000000716200000, 0x0000000716200000| Complete 
| 223|0x0000000716300000, 0x0000000716400000, 0x0000000716400000|100%| E|CS|TAMS 0x0000000716300000, 0x0000000716300000| Complete 
| 224|0x0000000716400000, 0x0000000716500000, 0x0000000716500000|100%| E|CS|TAMS 0x0000000716400000, 0x0000000716400000| Complete 
| 225|0x0000000716500000, 0x0000000716600000, 0x0000000716600000|100%| E|CS|TAMS 0x0000000716500000, 0x0000000716500000| Complete 
| 226|0x0000000716600000, 0x0000000716700000, 0x0000000716700000|100%| E|CS|TAMS 0x0000000716600000, 0x0000000716600000| Complete 
| 227|0x0000000716700000, 0x0000000716800000, 0x0000000716800000|100%| E|CS|TAMS 0x0000000716700000, 0x0000000716700000| Complete 
| 228|0x0000000716800000, 0x0000000716900000, 0x0000000716900000|100%| E|CS|TAMS 0x0000000716800000, 0x0000000716800000| Complete 
| 229|0x0000000716900000, 0x0000000716a00000, 0x0000000716a00000|100%| E|CS|TAMS 0x0000000716900000, 0x0000000716900000| Complete 
| 230|0x0000000716a00000, 0x0000000716b00000, 0x0000000716b00000|100%| E|CS|TAMS 0x0000000716a00000, 0x0000000716a00000| Complete 
| 231|0x0000000716b00000, 0x0000000716c00000, 0x0000000716c00000|100%| E|CS|TAMS 0x0000000716b00000, 0x0000000716b00000| Complete 
| 232|0x0000000716c00000, 0x0000000716d00000, 0x0000000716d00000|100%| E|CS|TAMS 0x0000000716c00000, 0x0000000716c00000| Complete 
| 233|0x0000000716d00000, 0x0000000716e00000, 0x0000000716e00000|100%| E|CS|TAMS 0x0000000716d00000, 0x0000000716d00000| Complete 
| 234|0x0000000716e00000, 0x0000000716f00000, 0x0000000716f00000|100%| E|CS|TAMS 0x0000000716e00000, 0x0000000716e00000| Complete 
| 235|0x0000000716f00000, 0x0000000717000000, 0x0000000717000000|100%| E|CS|TAMS 0x0000000716f00000, 0x0000000716f00000| Complete 
| 236|0x0000000717000000, 0x0000000717100000, 0x0000000717100000|100%| E|CS|TAMS 0x0000000717000000, 0x0000000717000000| Complete 
| 237|0x0000000717100000, 0x0000000717200000, 0x0000000717200000|100%| E|CS|TAMS 0x0000000717100000, 0x0000000717100000| Complete 
| 238|0x0000000717200000, 0x0000000717300000, 0x0000000717300000|100%| E|CS|TAMS 0x0000000717200000, 0x0000000717200000| Complete 
| 239|0x0000000717300000, 0x0000000717400000, 0x0000000717400000|100%| E|CS|TAMS 0x0000000717300000, 0x0000000717300000| Complete 
| 240|0x0000000717400000, 0x0000000717500000, 0x0000000717500000|100%| E|CS|TAMS 0x0000000717400000, 0x0000000717400000| Complete 
| 241|0x0000000717500000, 0x0000000717600000, 0x0000000717600000|100%| E|CS|TAMS 0x0000000717500000, 0x0000000717500000| Complete 
| 242|0x0000000717600000, 0x0000000717700000, 0x0000000717700000|100%| E|CS|TAMS 0x0000000717600000, 0x0000000717600000| Complete 
| 243|0x0000000717700000, 0x0000000717800000, 0x0000000717800000|100%| E|CS|TAMS 0x0000000717700000, 0x0000000717700000| Complete 
| 244|0x0000000717800000, 0x0000000717900000, 0x0000000717900000|100%| E|CS|TAMS 0x0000000717800000, 0x0000000717800000| Complete 
| 245|0x0000000717900000, 0x0000000717a00000, 0x0000000717a00000|100%| E|CS|TAMS 0x0000000717900000, 0x0000000717900000| Complete 
| 246|0x0000000717a00000, 0x0000000717b00000, 0x0000000717b00000|100%| E|CS|TAMS 0x0000000717a00000, 0x0000000717a00000| Complete 
| 247|0x0000000717b00000, 0x0000000717c00000, 0x0000000717c00000|100%| E|CS|TAMS 0x0000000717b00000, 0x0000000717b00000| Complete 
|2938|0x00000007bfe00000, 0x00000007bfe47000, 0x00000007bff00000| 27%|OA|  |TAMS 0x00000007bfe47000, 0x00000007bfe00000| Untracked 
|2939|0x00000007bff00000, 0x00000007bff6b000, 0x00000007c0000000| 41%|CA|  |TAMS 0x00000007bff6b000, 0x00000007bff00000| Untracked 

Card table byte_map: [0x00007f49a5016000,0x00007f49a57d4000] _byte_map_base: 0x00007f49a17d4000

Marking Bits (Prev, Next): (CMBitMap*) 0x00007f49a007da80, (CMBitMap*) 0x00007f49a007da48
 Prev Bits: [0x00007f497c420000, 0x00007f4980210000)
 Next Bits: [0x00007f4980210000, 0x00007f4984000000)

Polling page: 0x00007f49a6ce8000

Metaspace:

Usage:
  Non-class:     29,49 MB capacity,    28,77 MB ( 98%) used,   588,80 KB (  2%) free+waste,   151,62 KB ( <1%) overhead. 
      Class:      4,81 MB capacity,     4,31 MB ( 90%) used,   437,99 KB (  9%) free+waste,    75,88 KB (  2%) overhead. 
       Both:     34,30 MB capacity,    33,07 MB ( 96%) used,     1,00 MB (  3%) free+waste,   227,50 KB ( <1%) overhead. 

Virtual space:
  Non-class space:       30,00 MB reserved,      29,75 MB (>99%) committed 
      Class space:        1,00 GB reserved,       4,92 MB ( <1%) committed 
             Both:        1,03 GB reserved,      34,67 MB (  3%) committed 

Chunk freelists:
   Non-Class:  35,00 KB
       Class:  3,00 KB
        Both:  38,00 KB

MaxMetaspaceSize: unlimited
CompressedClassSpaceSize: 1,00 GB

CodeHeap 'non-profiled nmethods': size=120032Kb used=1988Kb max_used=1988Kb free=118043Kb
 bounds [0x00007f4990340000, 0x00007f49905b0000, 0x00007f4997878000]
CodeHeap 'profiled nmethods': size=120028Kb used=9080Kb max_used=9080Kb free=110947Kb
 bounds [0x00007f4988e09000, 0x00007f49896e9000, 0x00007f4990340000]
CodeHeap 'non-nmethods': size=5700Kb used=1155Kb max_used=1208Kb free=4545Kb
 bounds [0x00007f4988878000, 0x00007f4988ae8000, 0x00007f4988e09000]
 total_blobs=4531 nmethods=4030 adapters=413
 compilation: enabled
              stopped_count=0, restarted_count=0
 full_count=0

Compilation events (20 events):
Event: 1,839 Thread 0x00007f49a024d000 4009       3       org.springframework.core.ResolvableType::<init> (39 bytes)
Event: 1,839 Thread 0x00007f49a024d000 nmethod 4009 0x00007f49896ce710 code [0x00007f49896ce8e0, 0x00007f49896cecc0]
Event: 1,841 Thread 0x00007f49a024d000 4011       3       java.lang.PublicMethods$Key::equals (52 bytes)
Event: 1,841 Thread 0x00007f49a024d000 nmethod 4011 0x00007f49896ced90 code [0x00007f49896cef60, 0x00007f49896cf400]
Event: 1,842 Thread 0x00007f49a024d000 4012       3       java.util.Hashtable$Enumerator::nextElement (111 bytes)
Event: 1,842 Thread 0x00007f49a024d000 nmethod 4012 0x00007f49896cf510 code [0x00007f49896cf700, 0x00007f49896cfc40]
Event: 1,842 Thread 0x00007f49a024d000 4013       3       sun.reflect.generics.reflectiveObjects.WildcardTypeImpl::getLowerBounds (34 bytes)
Event: 1,842 Thread 0x00007f49a024d000 nmethod 4013 0x00007f49896cfe10 code [0x00007f49896d0000, 0x00007f49896d06b0]
Event: 1,842 Thread 0x00007f49a024d000 4014       3       sun.reflect.generics.reflectiveObjects.WildcardTypeImpl::getUpperBounds (34 bytes)
Event: 1,842 Thread 0x00007f49a024d000 nmethod 4014 0x00007f49896d0810 code [0x00007f49896d0a00, 0x00007f49896d10b0]
Event: 1,843 Thread 0x00007f49a024d000 4015       3       java.lang.reflect.Field::hashCode (19 bytes)
Event: 1,843 Thread 0x00007f49a024d000 nmethod 4015 0x00007f49896d1210 code [0x00007f49896d1400, 0x00007f49896d16c0]
Event: 1,843 Thread 0x00007f49a024d000 4016   !   3       jdk.internal.reflect.GeneratedMethodAccessor4::invoke (63 bytes)
Event: 1,843 Thread 0x00007f49a024d000 nmethod 4016 0x00007f49896d1810 code [0x00007f49896d1a80, 0x00007f49896d2540]
Event: 1,843 Thread 0x00007f49a024d000 4017       1       org.springframework.beans.factory.config.InstantiationAwareBeanPostProcessor::postProcessBeforeInstantiation (2 bytes)
Event: 1,844 Thread 0x00007f49a024d000 nmethod 4017 0x00007f4990523e10 code [0x00007f4990523fc0, 0x00007f4990524090]
Event: 1,844 Thread 0x00007f49a024d000 4018       3       java.util.LinkedHashSet::<init> (9 bytes)
Event: 1,844 Thread 0x00007f49a024d000 nmethod 4018 0x00007f49896d2a90 code [0x00007f49896d2ca0, 0x00007f49896d30e0]
Event: 1,844 Thread 0x00007f49a024d000 4019       3       jdk.internal.loader.ClassLoaders::platformClassLoader (4 bytes)
Event: 1,844 Thread 0x00007f49a024d000 nmethod 4019 0x00007f49896d3290 code [0x00007f49896d3440, 0x00007f49896d3530]

GC Heap History (6 events):
Event: 0,259 GC heap before
{Heap before GC invocations=0 (full 0):
 garbage-first heap   total 256000K, used 26312K [0x0000000708400000, 0x0000000800000000)
  region size 1024K, 24 young (24576K), 0 survivors (0K)
 Metaspace       used 3060K, capacity 5708K, committed 5760K, reserved 1056768K
  class space    used 334K, capacity 595K, committed 640K, reserved 1048576K
}
Event: 0,265 GC heap after
{Heap after GC invocations=1 (full 0):
 garbage-first heap   total 256000K, used 9136K [0x0000000708400000, 0x0000000800000000)
  region size 1024K, 3 young (3072K), 3 survivors (3072K)
 Metaspace       used 3060K, capacity 5708K, committed 5760K, reserved 1056768K
  class space    used 334K, capacity 595K, committed 640K, reserved 1048576K
}
Event: 1,027 GC heap before
{Heap before GC invocations=1 (full 0):
 garbage-first heap   total 256000K, used 148400K [0x0000000708400000, 0x0000000800000000)
  region size 1024K, 140 young (143360K), 3 survivors (3072K)
 Metaspace       used 20372K, capacity 21283K, committed 21296K, reserved 1067008K
  class space    used 2711K, capacity 3111K, committed 3120K, reserved 1048576K
}
Event: 1,034 GC heap after
{Heap after GC invocations=2 (full 0):
 garbage-first heap   total 256000K, used 14846K [0x0000000708400000, 0x0000000800000000)
  region size 1024K, 9 young (9216K), 9 survivors (9216K)
 Metaspace       used 20372K, capacity 21283K, committed 21296K, reserved 1067008K
  class space    used 2711K, capacity 3111K, committed 3120K, reserved 1048576K
}
Event: 1,397 GC heap before
{Heap before GC invocations=3 (full 0):
 garbage-first heap   total 256000K, used 133630K [0x0000000708400000, 0x0000000800000000)
  region size 1024K, 126 young (129024K), 9 survivors (9216K)
 Metaspace       used 28321K, capacity 29478K, committed 29744K, reserved 1075200K
  class space    used 3653K, capacity 4110K, committed 4144K, reserved 1048576K
}
Event: 1,404 GC heap after
{Heap after GC invocations=4 (full 0):
 garbage-first heap   total 256000K, used 18631K [0x0000000708400000, 0x0000000800000000)
  region size 1024K, 10 young (10240K), 10 survivors (10240K)
 Metaspace       used 28321K, capacity 29478K, committed 29744K, reserved 1075200K
  class space    used 3653K, capacity 4110K, committed 4144K, reserved 1048576K
}

Deoptimization events (20 events):
Event: 1,756 Thread 0x00007f49a0017800 Uncommon trap: trap_request=0xffffff4d fr.pc=0x00007f49904d89e8 relative=0x00000000000010c8
Event: 1,756 Thread 0x00007f49a0017800 Uncommon trap: reason=unstable_if action=reinterpret pc=0x00007f49904d89e8 method=org.springframework.beans.factory.support.AbstractAutowireCapableBeanFactory.predictBeanType(Ljava/lang/String;Lorg/springframework/beans/factory/support/RootBeanDefinition;
Event: 1,756 Thread 0x00007f49a0017800 DEOPT PACKING pc=0x00007f49904d89e8 sp=0x00007f49a6e1fad0
Event: 1,756 Thread 0x00007f49a0017800 DEOPT UNPACKING pc=0x00007f498889d9a5 sp=0x00007f49a6e1fa50 mode 2
Event: 1,785 Thread 0x00007f49a0017800 Uncommon trap: trap_request=0xffffffde fr.pc=0x00007f49904e2344 relative=0x0000000000000de4
Event: 1,785 Thread 0x00007f49a0017800 Uncommon trap: reason=class_check action=maybe_recompile pc=0x00007f49904e2344 method=org.springframework.beans.factory.support.AbstractBeanFactory.getBeanPostProcessorCache()Lorg/springframework/beans/factory/support/AbstractBeanFactory$BeanPostProcessor
Event: 1,785 Thread 0x00007f49a0017800 DEOPT PACKING pc=0x00007f49904e2344 sp=0x00007f49a6e1f9e0
Event: 1,785 Thread 0x00007f49a0017800 DEOPT UNPACKING pc=0x00007f498889d9a5 sp=0x00007f49a6e1f9b8 mode 2
Event: 1,830 Thread 0x00007f49a0017800 Uncommon trap: trap_request=0xffffffde fr.pc=0x00007f49904e2344 relative=0x0000000000000de4
Event: 1,830 Thread 0x00007f49a0017800 Uncommon trap: reason=class_check action=maybe_recompile pc=0x00007f49904e2344 method=org.springframework.beans.factory.support.AbstractBeanFactory.getBeanPostProcessorCache()Lorg/springframework/beans/factory/support/AbstractBeanFactory$BeanPostProcessor
Event: 1,830 Thread 0x00007f49a0017800 DEOPT PACKING pc=0x00007f49904e2344 sp=0x00007f49a6e1f910
Event: 1,830 Thread 0x00007f49a0017800 DEOPT UNPACKING pc=0x00007f498889d9a5 sp=0x00007f49a6e1f8f0 mode 2
Event: 1,839 Thread 0x00007f49a0017800 Uncommon trap: trap_request=0xffffff4d fr.pc=0x00007f49905209c8 relative=0x00000000000000a8
Event: 1,839 Thread 0x00007f49a0017800 Uncommon trap: reason=unstable_if action=reinterpret pc=0x00007f49905209c8 method=org.springframework.core.SerializableTypeWrapper.unwrap(Ljava/lang/reflect/Type;)Ljava/lang/reflect/Type; @ 6 c2
Event: 1,839 Thread 0x00007f49a0017800 DEOPT PACKING pc=0x00007f49905209c8 sp=0x00007f49a6e1e060
Event: 1,839 Thread 0x00007f49a0017800 DEOPT UNPACKING pc=0x00007f498889d9a5 sp=0x00007f49a6e1dfa8 mode 2
Event: 1,839 Thread 0x00007f49a0017800 Uncommon trap: trap_request=0xffffff4d fr.pc=0x00007f49904e1218 relative=0x0000000000000078
Event: 1,839 Thread 0x00007f49a0017800 Uncommon trap: reason=unstable_if action=reinterpret pc=0x00007f49904e1218 method=org.springframework.core.SerializableTypeWrapper.unwrap(Ljava/lang/reflect/Type;)Ljava/lang/reflect/Type; @ 6 c2
Event: 1,839 Thread 0x00007f49a0017800 DEOPT PACKING pc=0x00007f49904e1218 sp=0x00007f49a6e1de80
Event: 1,839 Thread 0x00007f49a0017800 DEOPT UNPACKING pc=0x00007f498889d9a5 sp=0x00007f49a6e1de20 mode 2

Classes redefined (0 events):
No events

Internal exceptions (20 events):
Event: 1,830 Thread 0x00007f49a0017800 Exception <a 'java/lang/ClassNotFoundException'{0x00000007132824d0}: org/springframework/boot/web/server/WebServerFactoryCustomizerBeanPostProcessorCustomizer> (0x00000007132824d0) thrown at [src/hotspot/share/classfile/systemDictionary.cpp, line 231]
Event: 1,830 Thread 0x00007f49a0017800 Exception <a 'java/lang/ClassNotFoundException'{0x00000007132a0d30}: org/springframework/beans/factory/config/BeanPostProcessorCustomizer> (0x00000007132a0d30) thrown at [src/hotspot/share/classfile/systemDictionary.cpp, line 231]
Event: 1,831 Thread 0x00007f49a0017800 Exception <a 'java/lang/ClassNotFoundException'{0x00000007132baa98}: org/springframework/beans/factory/BeanFactoryAwareCustomizer> (0x00000007132baa98) thrown at [src/hotspot/share/classfile/systemDictionary.cpp, line 231]
Event: 1,831 Thread 0x00007f49a0017800 Exception <a 'java/lang/ClassNotFoundException'{0x00000007132d1ea0}: org/springframework/beans/factory/AwareCustomizer> (0x00000007132d1ea0) thrown at [src/hotspot/share/classfile/systemDictionary.cpp, line 231]
Event: 1,831 Thread 0x00007f49a0017800 Exception <a 'java/lang/ClassNotFoundException'{0x00000007132da878}: java/lang/ObjectCustomizer> (0x00000007132da878) thrown at [src/hotspot/share/classfile/systemDictionary.cpp, line 231]
Event: 1,832 Thread 0x00007f49a0017800 Exception <a 'java/lang/ClassNotFoundException'{0x00000007132fa050}: org/springframework/boot/web/server/ErrorPageRegistrarBeanPostProcessorCustomizer> (0x00000007132fa050) thrown at [src/hotspot/share/classfile/systemDictionary.cpp, line 231]
Event: 1,832 Thread 0x00007f49a0017800 Exception <a 'java/lang/ClassNotFoundException'{0x0000000713118c68}: org/springframework/beans/factory/config/BeanPostProcessorCustomizer> (0x0000000713118c68) thrown at [src/hotspot/share/classfile/systemDictionary.cpp, line 231]
Event: 1,832 Thread 0x00007f49a0017800 Exception <a 'java/lang/ClassNotFoundException'{0x00000007131329d0}: org/springframework/beans/factory/BeanFactoryAwareCustomizer> (0x00000007131329d0) thrown at [src/hotspot/share/classfile/systemDictionary.cpp, line 231]
Event: 1,832 Thread 0x00007f49a0017800 Exception <a 'java/lang/ClassNotFoundException'{0x0000000713149dd8}: org/springframework/beans/factory/AwareCustomizer> (0x0000000713149dd8) thrown at [src/hotspot/share/classfile/systemDictionary.cpp, line 231]
Event: 1,836 Thread 0x00007f49a0017800 Exception <a 'java/lang/ClassNotFoundException'{0x00000007131858c0}: java/lang/ObjectCustomizer> (0x00000007131858c0) thrown at [src/hotspot/share/classfile/systemDictionary.cpp, line 231]
Event: 1,836 Thread 0x00007f49a0017800 Exception <a 'java/lang/ClassNotFoundException'{0x00000007131a8318}: org/springframework/transaction/annotation/AbstractTransactionManagementConfigurationCustomizer> (0x00000007131a8318) thrown at [src/hotspot/share/classfile/systemDictionary.cpp, line 231]
Event: 1,837 Thread 0x00007f49a0017800 Exception <a 'java/lang/ClassNotFoundException'{0x00000007131c98a0}: org/springframework/transaction/annotation/ProxyTransactionManagementConfigurationCustomizer> (0x00000007131c98a0) thrown at [src/hotspot/share/classfile/systemDictionary.cpp, line 231]
Event: 1,837 Thread 0x00007f49a0017800 Exception <a 'java/lang/ClassNotFoundException'{0x00000007131e6160}: org/springframework/context/annotation/ImportAwareCustomizer> (0x00000007131e6160) thrown at [src/hotspot/share/classfile/systemDictionary.cpp, line 231]
Event: 1,837 Thread 0x00007f49a0017800 Exception <a 'java/lang/ClassNotFoundException'{0x00000007131fd488}: org/springframework/beans/factory/AwareCustomizer> (0x00000007131fd488) thrown at [src/hotspot/share/classfile/systemDictionary.cpp, line 231]
Event: 1,841 Thread 0x00007f49a0017800 Exception <a 'java/lang/ClassNotFoundException'{0x000000071305dac0}: java/lang/ObjectCustomizer> (0x000000071305dac0) thrown at [src/hotspot/share/classfile/systemDictionary.cpp, line 231]
Event: 1,842 Thread 0x00007f49a0017800 Exception <a 'java/lang/ClassNotFoundException'{0x0000000713081008}: org/springframework/transaction/interceptor/AbstractFallbackTransactionAttributeSourceCustomizer> (0x0000000713081008) thrown at [src/hotspot/share/classfile/systemDictionary.cpp, line 231]
Event: 1,842 Thread 0x00007f49a0017800 Exception <a 'java/lang/ClassNotFoundException'{0x00000007130a2288}: org/springframework/transaction/annotation/AnnotationTransactionAttributeSourceCustomizer> (0x00000007130a2288) thrown at [src/hotspot/share/classfile/systemDictionary.cpp, line 231]
Event: 1,842 Thread 0x00007f49a0017800 Exception <a 'java/lang/ClassNotFoundException'{0x00000007130c3300}: org/springframework/transaction/interceptor/TransactionAttributeSourceCustomizer> (0x00000007130c3300) thrown at [src/hotspot/share/classfile/systemDictionary.cpp, line 231]
Event: 1,843 Thread 0x00007f49a0017800 Exception <a 'java/lang/ClassNotFoundException'{0x00000007130dece8}: org/springframework/context/EmbeddedValueResolverAwareCustomizer> (0x00000007130dece8) thrown at [src/hotspot/share/classfile/systemDictionary.cpp, line 231]
Event: 1,843 Thread 0x00007f49a0017800 Exception <a 'java/lang/ClassNotFoundException'{0x00000007130f65a0}: org/springframework/beans/factory/AwareCustomizer> (0x00000007130f65a0) thrown at [src/hotspot/share/classfile/systemDictionary.cpp, line 231]

Events (20 events):
Event: 1,844 loading class org/springframework/transaction/interceptor/TransactionAspectSupport$ThrowableHolderException
Event: 1,844 loading class org/springframework/transaction/interceptor/TransactionAspectSupport$ThrowableHolderException done
Event: 1,844 loading class org/springframework/transaction/TransactionSystemException
Event: 1,844 loading class org/springframework/transaction/TransactionSystemException done
Event: 1,844 loading class org/springframework/transaction/TransactionException
Event: 1,844 loading class org/springframework/transaction/TransactionException done
Event: 1,844 loading class org/springframework/transaction/NoTransactionException
Event: 1,844 loading class org/springframework/transaction/NoTransactionException done
Event: 1,844 loading class org/springframework/transaction/TransactionUsageException
Event: 1,844 loading class org/springframework/transaction/TransactionUsageException done
Event: 1,845 loading class org/springframework/transaction/interceptor/TransactionAspectSupport$InvocationCallback
Event: 1,845 loading class org/springframework/transaction/interceptor/TransactionAspectSupport$InvocationCallback done
Event: 1,845 loading class io/vavr/control/Try
Event: 1,845 loading class io/vavr/control/Try done
Event: 1,845 loading class io/vavr/control$Try
Event: 1,845 loading class io/vavr/control$Try done
Event: 1,845 loading class org/reactivestreams/Publisher
Event: 1,845 loading class org/reactivestreams/Publisher done
Event: 1,845 loading class org/reactivestreams$Publisher
Event: 1,845 loading class org/reactivestreams$Publisher done


Dynamic libraries:
708400000-717c00000 rw-p 00000000 00:00 0 
717c00000-7bfe00000 ---p 00000000 00:00 0 
7bfe00000-7bfe47000 rw-p 01111000 103:06 3801302                         /usr/lib/jvm/java-11-openjdk-amd64/lib/server/classes.jsa
7bfe47000-7bff00000 rw-p 00000000 00:00 0 
7bff00000-7bff6b000 rw-p 010a6000 103:06 3801302                         /usr/lib/jvm/java-11-openjdk-amd64/lib/server/classes.jsa
7bff6b000-7c0000000 rw-p 00000000 00:00 0 
7c0000000-800000000 ---p 00000000 00:00 0 
800000000-800002000 rwxp 00001000 103:06 3801302                         /usr/lib/jvm/java-11-openjdk-amd64/lib/server/classes.jsa
800002000-8003b9000 rw-p 00003000 103:06 3801302                         /usr/lib/jvm/java-11-openjdk-amd64/lib/server/classes.jsa
8003b9000-800a96000 r--p 003ba000 103:06 3801302                         /usr/lib/jvm/java-11-openjdk-amd64/lib/server/classes.jsa
800a96000-800a97000 rw-p 00a97000 103:06 3801302                         /usr/lib/jvm/java-11-openjdk-amd64/lib/server/classes.jsa
800a97000-8010a5000 r--p 00a98000 103:06 3801302                         /usr/lib/jvm/java-11-openjdk-amd64/lib/server/classes.jsa
840000000-8404ec000 rw-p 00000000 00:00 0 
8404ec000-880000000 ---p 00000000 00:00 0 
5575bbef4000-5575bbef5000 r--p 00000000 103:06 2889003                   /usr/lib/jvm/java-11-openjdk-amd64/bin/java
5575bbef5000-5575bbef6000 r-xp 00001000 103:06 2889003                   /usr/lib/jvm/java-11-openjdk-amd64/bin/java
5575bbef6000-5575bbef7000 r--p 00002000 103:06 2889003                   /usr/lib/jvm/java-11-openjdk-amd64/bin/java
5575bbef7000-5575bbef8000 r--p 00002000 103:06 2889003                   /usr/lib/jvm/java-11-openjdk-amd64/bin/java
5575bbef8000-5575bbef9000 rw-p 00003000 103:06 2889003                   /usr/lib/jvm/java-11-openjdk-amd64/bin/java
5575bd905000-5575bd926000 rw-p 00000000 00:00 0                          [heap]
7f4904000000-7f4904021000 rw-p 00000000 00:00 0 
7f4904021000-7f4908000000 ---p 00000000 00:00 0 
7f490c000000-7f490c48c000 rw-p 00000000 00:00 0 
7f490c48c000-7f4910000000 ---p 00000000 00:00 0 
7f4910000000-7f4910021000 rw-p 00000000 00:00 0 
7f4910021000-7f4914000000 ---p 00000000 00:00 0 
7f4914000000-7f4914ea2000 rw-p 00000000 00:00 0 
7f4914ea2000-7f4918000000 ---p 00000000 00:00 0 
7f491a9fa000-7f491abba000 rw-p 00000000 00:00 0 
7f491abba000-7f491abfa000 ---p 00000000 00:00 0 
7f491abfa000-7f491adfa000 rw-p 00000000 00:00 0 
7f491adfa000-7f491affa000 rw-p 00000000 00:00 0 
7f491affa000-7f491b1fa000 rw-p 00000000 00:00 0 
7f491b1fa000-7f491b3fa000 rw-p 00000000 00:00 0 
7f491b3fa000-7f491b5fa000 rw-p 00000000 00:00 0 
7f491b5fa000-7f491b5fb000 ---p 00000000 00:00 0 
7f491b5fb000-7f491b6fc000 rw-p 00000000 00:00 0 
7f491b6fc000-7f491b6fd000 ---p 00000000 00:00 0 
7f491b6fd000-7f491b9fe000 rw-p 00000000 00:00 0 
7f491b9fe000-7f491bbfe000 rw-p 00000000 00:00 0 
7f491bbfe000-7f491bc02000 ---p 00000000 00:00 0 
7f491bc02000-7f491beff000 rw-p 00000000 00:00 0 
7f491beff000-7f491bf03000 ---p 00000000 00:00 0 
7f491bf03000-7f491c000000 rw-p 00000000 00:00 0 
7f491c000000-7f491c021000 rw-p 00000000 00:00 0 
7f491c021000-7f4920000000 ---p 00000000 00:00 0 
7f4920000000-7f4920021000 rw-p 00000000 00:00 0 
7f4920021000-7f4924000000 ---p 00000000 00:00 0 
7f4924000000-7f4924021000 rw-p 00000000 00:00 0 
7f4924021000-7f4928000000 ---p 00000000 00:00 0 
7f4928000000-7f4928021000 rw-p 00000000 00:00 0 
7f4928021000-7f492c000000 ---p 00000000 00:00 0 
7f492c000000-7f492d679000 rw-p 00000000 00:00 0 
7f492d679000-7f4930000000 ---p 00000000 00:00 0 
7f4930000000-7f4930021000 rw-p 00000000 00:00 0 
7f4930021000-7f4934000000 ---p 00000000 00:00 0 
7f4934000000-7f493402d000 rw-p 00000000 00:00 0 
7f493402d000-7f4938000000 ---p 00000000 00:00 0 
7f4938000000-7f4938021000 rw-p 00000000 00:00 0 
7f4938021000-7f493c000000 ---p 00000000 00:00 0 
7f493c000000-7f493c021000 rw-p 00000000 00:00 0 
7f493c021000-7f4940000000 ---p 00000000 00:00 0 
7f4940000000-7f4940021000 rw-p 00000000 00:00 0 
7f4940021000-7f4944000000 ---p 00000000 00:00 0 
7f4944000000-7f4944021000 rw-p 00000000 00:00 0 
7f4944021000-7f4948000000 ---p 00000000 00:00 0 
7f4948000000-7f4948021000 rw-p 00000000 00:00 0 
7f4948021000-7f494c000000 ---p 00000000 00:00 0 
7f494c000000-7f494d332000 rw-p 00000000 00:00 0 
7f494d332000-7f4950000000 ---p 00000000 00:00 0 
7f4950000000-7f4950873000 rw-p 00000000 00:00 0 
7f4950873000-7f4954000000 ---p 00000000 00:00 0 
7f4954000000-7f4954021000 rw-p 00000000 00:00 0 
7f4954021000-7f4958000000 ---p 00000000 00:00 0 
7f4958000000-7f4958021000 rw-p 00000000 00:00 0 
7f4958021000-7f495c000000 ---p 00000000 00:00 0 
7f495c000000-7f495c021000 rw-p 00000000 00:00 0 
7f495c021000-7f4960000000 ---p 00000000 00:00 0 
7f4960000000-7f4960021000 rw-p 00000000 00:00 0 
7f4960021000-7f4964000000 ---p 00000000 00:00 0 
7f4964000000-7f4964021000 rw-p 00000000 00:00 0 
7f4964021000-7f4968000000 ---p 00000000 00:00 0 
7f4968000000-7f49680fc000 rw-p 00000000 00:00 0 
7f49680fc000-7f496c000000 ---p 00000000 00:00 0 
7f496c000000-7f496c021000 rw-p 00000000 00:00 0 
7f496c021000-7f4970000000 ---p 00000000 00:00 0 
7f4970000000-7f4970021000 rw-p 00000000 00:00 0 
7f4970021000-7f4974000000 ---p 00000000 00:00 0 
7f497407b000-7f497427b000 rw-p 00000000 00:00 0 
7f497427b000-7f497447b000 rw-p 00000000 00:00 0 
7f497447b000-7f497447c000 ---p 00000000 00:00 0 
7f497447c000-7f497457d000 rw-p 00000000 00:00 0 
7f497457d000-7f497457e000 ---p 00000000 00:00 0 
7f497457e000-7f497467f000 rw-p 00000000 00:00 0 
7f497467f000-7f4974680000 ---p 00000000 00:00 0 
7f4974680000-7f4974781000 rw-p 00000000 00:00 0 
7f4974781000-7f4974782000 ---p 00000000 00:00 0 
7f4974782000-7f4974883000 rw-p 00000000 00:00 0 
7f4974883000-7f4974884000 ---p 00000000 00:00 0 
7f4974884000-7f4974985000 rw-p 00000000 00:00 0 
7f4974985000-7f4974989000 ---p 00000000 00:00 0 
7f4974989000-7f4974a86000 rw-p 00000000 00:00 0 
7f4974a86000-7f4974a8a000 ---p 00000000 00:00 0 
7f4974a8a000-7f4974b87000 rw-p 00000000 00:00 0 
7f4974b87000-7f4974b8b000 ---p 00000000 00:00 0 
7f4974b8b000-7f4974c88000 rw-p 00000000 00:00 0 
7f4974c88000-7f4974c8c000 ---p 00000000 00:00 0 
7f4974c8c000-7f4974d89000 rw-p 00000000 00:00 0 
7f4974d89000-7f4974d8a000 ---p 00000000 00:00 0 
7f4974d8a000-7f4974e8b000 rw-p 00000000 00:00 0 
7f4974e8b000-7f4974e8f000 ---p 00000000 00:00 0 
7f4974e8f000-7f4974f8c000 rw-p 00000000 00:00 0 
7f4974f8c000-7f4974f90000 ---p 00000000 00:00 0 
7f4974f90000-7f497508d000 rw-p 00000000 00:00 0 
7f497508d000-7f4975091000 ---p 00000000 00:00 0 
7f4975091000-7f497518e000 rw-p 00000000 00:00 0 
7f497518e000-7f4975192000 ---p 00000000 00:00 0 
7f4975192000-7f497528f000 rw-p 00000000 00:00 0 
7f497528f000-7f4975800000 r--p 00000000 103:06 2889157                   /usr/lib/locale/locale-archive
7f4975800000-7f4978000000 rw-p 00000000 00:00 0 
7f4978000000-7f4978021000 rw-p 00000000 00:00 0 
7f4978021000-7f497c000000 ---p 00000000 00:00 0 
7f497c01b000-7f497c01f000 ---p 00000000 00:00 0 
7f497c01f000-7f497c11c000 rw-p 00000000 00:00 0 
7f497c11c000-7f497c120000 ---p 00000000 00:00 0 
7f497c120000-7f497c21d000 rw-p 00000000 00:00 0 
7f497c21d000-7f497c221000 ---p 00000000 00:00 0 
7f497c221000-7f497c31e000 rw-p 00000000 00:00 0 
7f497c31e000-7f497c31f000 ---p 00000000 00:00 0 
7f497c31f000-7f497c800000 rw-p 00000000 00:00 0 
7f497c800000-7f497f208000 ---p 00000000 00:00 0 
7f497f208000-7f497f210000 rw-p 00000000 00:00 0 
7f497f210000-7f4980210000 ---p 00000000 00:00 0 
7f4980210000-7f49805f0000 rw-p 00000000 00:00 0 
7f49805f0000-7f4982ff8000 ---p 00000000 00:00 0 
7f4982ff8000-7f4983000000 rw-p 00000000 00:00 0 
7f4983000000-7f4984000000 ---p 00000000 00:00 0 
7f4984000000-7f4984021000 rw-p 00000000 00:00 0 
7f4984021000-7f4988000000 ---p 00000000 00:00 0 
7f4988039000-7f498803d000 r--p 00000000 103:06 3674041                   /lib/x86_64-linux-gnu/libresolv-2.31.so
7f498803d000-7f498804d000 r-xp 00004000 103:06 3674041                   /lib/x86_64-linux-gnu/libresolv-2.31.so
7f498804d000-7f4988050000 r--p 00014000 103:06 3674041                   /lib/x86_64-linux-gnu/libresolv-2.31.so
7f4988050000-7f4988051000 ---p 00017000 103:06 3674041                   /lib/x86_64-linux-gnu/libresolv-2.31.so
7f4988051000-7f4988052000 r--p 00017000 103:06 3674041                   /lib/x86_64-linux-gnu/libresolv-2.31.so
7f4988052000-7f4988053000 rw-p 00018000 103:06 3674041                   /lib/x86_64-linux-gnu/libresolv-2.31.so
7f4988053000-7f4988055000 rw-p 00000000 00:00 0 
7f4988071000-7f4988075000 ---p 00000000 00:00 0 
7f4988075000-7f498816f000 rw-p 00000000 00:00 0 
7f498816f000-7f4988170000 ---p 00000000 00:00 0 
7f4988170000-7f4988271000 rw-p 00000000 00:00 0 
7f4988271000-7f4988272000 ---p 00000000 00:00 0 
7f4988272000-7f4988878000 rw-p 00000000 00:00 0 
7f4988878000-7f4988ae8000 rwxp 00000000 00:00 0 
7f4988ae8000-7f4988e09000 ---p 00000000 00:00 0 
7f4988e09000-7f49896f9000 rwxp 00000000 00:00 0 
7f49896f9000-7f4990340000 ---p 00000000 00:00 0 
7f4990340000-7f49905b0000 rwxp 00000000 00:00 0 
7f49905b0000-7f4997878000 ---p 00000000 00:00 0 
7f4997878000-7f49a0000000 r--s 00000000 103:06 2889069                   /usr/lib/jvm/java-11-openjdk-amd64/lib/modules
7f49a0000000-7f49a1577000 rw-p 00000000 00:00 0 
7f49a1577000-7f49a4000000 ---p 00000000 00:00 0 
7f49a400a000-7f49a400c000 r--p 00000000 103:06 3674019                   /lib/x86_64-linux-gnu/libnss_dns-2.31.so
7f49a400c000-7f49a4010000 r-xp 00002000 103:06 3674019                   /lib/x86_64-linux-gnu/libnss_dns-2.31.so
7f49a4010000-7f49a4011000 r--p 00006000 103:06 3674019                   /lib/x86_64-linux-gnu/libnss_dns-2.31.so
7f49a4011000-7f49a4012000 r--p 00006000 103:06 3674019                   /lib/x86_64-linux-gnu/libnss_dns-2.31.so
7f49a4012000-7f49a4013000 rw-p 00007000 103:06 3674019                   /lib/x86_64-linux-gnu/libnss_dns-2.31.so
7f49a4013000-7f49a4014000 r--p 00000000 103:06 3670771                   /lib/x86_64-linux-gnu/libnss_mdns4_minimal.so.2
7f49a4014000-7f49a4016000 r-xp 00001000 103:06 3670771                   /lib/x86_64-linux-gnu/libnss_mdns4_minimal.so.2
7f49a4016000-7f49a4017000 r--p 00003000 103:06 3670771                   /lib/x86_64-linux-gnu/libnss_mdns4_minimal.so.2
7f49a4017000-7f49a4018000 r--p 00003000 103:06 3670771                   /lib/x86_64-linux-gnu/libnss_mdns4_minimal.so.2
7f49a4018000-7f49a4019000 rw-p 00004000 103:06 3670771                   /lib/x86_64-linux-gnu/libnss_mdns4_minimal.so.2
7f49a4019000-7f49a401b000 r--p 00000000 103:06 2889057                   /usr/lib/jvm/java-11-openjdk-amd64/lib/libmanagement_ext.so
7f49a401b000-7f49a401e000 r-xp 00002000 103:06 2889057                   /usr/lib/jvm/java-11-openjdk-amd64/lib/libmanagement_ext.so
7f49a401e000-7f49a401f000 r--p 00005000 103:06 2889057                   /usr/lib/jvm/java-11-openjdk-amd64/lib/libmanagement_ext.so
7f49a401f000-7f49a4020000 ---p 00006000 103:06 2889057                   /usr/lib/jvm/java-11-openjdk-amd64/lib/libmanagement_ext.so
7f49a4020000-7f49a4021000 r--p 00006000 103:06 2889057                   /usr/lib/jvm/java-11-openjdk-amd64/lib/libmanagement_ext.so
7f49a4021000-7f49a4022000 rw-p 00007000 103:06 2889057                   /usr/lib/jvm/java-11-openjdk-amd64/lib/libmanagement_ext.so
7f49a4022000-7f49a4026000 r--p 00000000 103:06 2889059                   /usr/lib/jvm/java-11-openjdk-amd64/lib/libnet.so
7f49a4026000-7f49a4035000 r-xp 00004000 103:06 2889059                   /usr/lib/jvm/java-11-openjdk-amd64/lib/libnet.so
7f49a4035000-7f49a4039000 r--p 00013000 103:06 2889059                   /usr/lib/jvm/java-11-openjdk-amd64/lib/libnet.so
7f49a4039000-7f49a403a000 r--p 00016000 103:06 2889059                   /usr/lib/jvm/java-11-openjdk-amd64/lib/libnet.so
7f49a403a000-7f49a403b000 rw-p 00017000 103:06 2889059                   /usr/lib/jvm/java-11-openjdk-amd64/lib/libnet.so
7f49a403b000-7f49a4042000 r--p 00000000 103:06 2889060                   /usr/lib/jvm/java-11-openjdk-amd64/lib/libnio.so
7f49a4042000-7f49a404a000 r-xp 00007000 103:06 2889060                   /usr/lib/jvm/java-11-openjdk-amd64/lib/libnio.so
7f49a404a000-7f49a404d000 r--p 0000f000 103:06 2889060                   /usr/lib/jvm/java-11-openjdk-amd64/lib/libnio.so
7f49a404d000-7f49a404e000 r--p 00011000 103:06 2889060                   /usr/lib/jvm/java-11-openjdk-amd64/lib/libnio.so
7f49a404e000-7f49a404f000 rw-p 00012000 103:06 2889060                   /usr/lib/jvm/java-11-openjdk-amd64/lib/libnio.so
7f49a404f000-7f49a4554000 rw-p 00000000 00:00 0 
7f49a4554000-7f49a4555000 ---p 00000000 00:00 0 
7f49a4555000-7f49a4656000 rw-p 00000000 00:00 0 
7f49a4656000-7f49a4657000 ---p 00000000 00:00 0 
7f49a4657000-7f49a48d4000 rw-p 00000000 00:00 0 
7f49a48d4000-7f49a4e15000 ---p 00000000 00:00 0 
7f49a4e15000-7f49a4e16000 rw-p 00000000 00:00 0 
7f49a4e16000-7f49a5016000 ---p 00000000 00:00 0 
7f49a5016000-7f49a5092000 rw-p 00000000 00:00 0 
7f49a5092000-7f49a55d3000 ---p 00000000 00:00 0 
7f49a55d3000-7f49a55d4000 rw-p 00000000 00:00 0 
7f49a55d4000-7f49a57d4000 ---p 00000000 00:00 0 
7f49a57d4000-7f49a5850000 rw-p 00000000 00:00 0 
7f49a5850000-7f49a5d91000 ---p 00000000 00:00 0 
7f49a5d91000-7f49a5d92000 rw-p 00000000 00:00 0 
7f49a5d92000-7f49a5f92000 ---p 00000000 00:00 0 
7f49a5f92000-7f49a699c000 rw-p 00000000 00:00 0 
7f49a699c000-7f49a699d000 ---p 00000000 00:00 0 
7f49a699d000-7f49a6aa3000 rw-p 00000000 00:00 0 
7f49a6aa3000-7f49a6b89000 ---p 00000000 00:00 0 
7f49a6b89000-7f49a6b9b000 rw-p 00000000 00:00 0 
7f49a6b9b000-7f49a6c74000 ---p 00000000 00:00 0 
7f49a6c74000-7f49a6c79000 rw-p 00000000 00:00 0 
7f49a6c79000-7f49a6c80000 ---p 00000000 00:00 0 
7f49a6c80000-7f49a6c83000 r--p 00000000 103:06 3674023                   /lib/x86_64-linux-gnu/libnss_files-2.31.so
7f49a6c83000-7f49a6c8a000 r-xp 00003000 103:06 3674023                   /lib/x86_64-linux-gnu/libnss_files-2.31.so
7f49a6c8a000-7f49a6c8c000 r--p 0000a000 103:06 3674023                   /lib/x86_64-linux-gnu/libnss_files-2.31.so
7f49a6c8c000-7f49a6c8d000 r--p 0000b000 103:06 3674023                   /lib/x86_64-linux-gnu/libnss_files-2.31.so
7f49a6c8d000-7f49a6c8e000 rw-p 0000c000 103:06 3674023                   /lib/x86_64-linux-gnu/libnss_files-2.31.so
7f49a6c8e000-7f49a6c94000 rw-p 00000000 00:00 0 
7f49a6c94000-7f49a6c99000 r--p 00000000 103:06 3674009                   /lib/x86_64-linux-gnu/libnsl-2.31.so
7f49a6c99000-7f49a6ca9000 r-xp 00005000 103:06 3674009                   /lib/x86_64-linux-gnu/libnsl-2.31.so
7f49a6ca9000-7f49a6cad000 r--p 00015000 103:06 3674009                   /lib/x86_64-linux-gnu/libnsl-2.31.so
7f49a6cad000-7f49a6cae000 r--p 00018000 103:06 3674009                   /lib/x86_64-linux-gnu/libnsl-2.31.so
7f49a6cae000-7f49a6caf000 rw-p 00019000 103:06 3674009                   /lib/x86_64-linux-gnu/libnsl-2.31.so
7f49a6caf000-7f49a6cb1000 rw-p 00000000 00:00 0 
7f49a6cb1000-7f49a6cb4000 r--p 00000000 103:06 3674031                   /lib/x86_64-linux-gnu/libnss_nis-2.31.so
7f49a6cb4000-7f49a6cbc000 r-xp 00003000 103:06 3674031                   /lib/x86_64-linux-gnu/libnss_nis-2.31.so
7f49a6cbc000-7f49a6cbe000 r--p 0000b000 103:06 3674031                   /lib/x86_64-linux-gnu/libnss_nis-2.31.so
7f49a6cbe000-7f49a6cbf000 r--p 0000c000 103:06 3674031                   /lib/x86_64-linux-gnu/libnss_nis-2.31.so
7f49a6cbf000-7f49a6cc0000 rw-p 0000d000 103:06 3674031                   /lib/x86_64-linux-gnu/libnss_nis-2.31.so
7f49a6cc0000-7f49a6cc2000 r--p 00000000 103:06 3674013                   /lib/x86_64-linux-gnu/libnss_compat-2.31.so
7f49a6cc2000-7f49a6cc9000 r-xp 00002000 103:06 3674013                   /lib/x86_64-linux-gnu/libnss_compat-2.31.so
7f49a6cc9000-7f49a6cca000 r--p 00009000 103:06 3674013                   /lib/x86_64-linux-gnu/libnss_compat-2.31.so
7f49a6cca000-7f49a6ccb000 r--p 00009000 103:06 3674013                   /lib/x86_64-linux-gnu/libnss_compat-2.31.so
7f49a6ccb000-7f49a6ccc000 rw-p 0000a000 103:06 3674013                   /lib/x86_64-linux-gnu/libnss_compat-2.31.so
7f49a6ccd000-7f49a6cd0000 r--p 00000000 103:06 2889055                   /usr/lib/jvm/java-11-openjdk-amd64/lib/libmanagement.so
7f49a6cd0000-7f49a6cd1000 r-xp 00003000 103:06 2889055                   /usr/lib/jvm/java-11-openjdk-amd64/lib/libmanagement.so
7f49a6cd1000-7f49a6cd2000 r--p 00004000 103:06 2889055                   /usr/lib/jvm/java-11-openjdk-amd64/lib/libmanagement.so
7f49a6cd2000-7f49a6cd3000 r--p 00004000 103:06 2889055                   /usr/lib/jvm/java-11-openjdk-amd64/lib/libmanagement.so
7f49a6cd3000-7f49a6cd4000 rw-p 00005000 103:06 2889055                   /usr/lib/jvm/java-11-openjdk-amd64/lib/libmanagement.so
7f49a6cd4000-7f49a6cd6000 r--s 0000c000 103:06 3282460                   /usr/share/java/java-atk-wrapper.jar
7f49a6cd6000-7f49a6cd8000 r--p 00000000 103:06 2889068                   /usr/lib/jvm/java-11-openjdk-amd64/lib/libzip.so
7f49a6cd8000-7f49a6cdc000 r-xp 00002000 103:06 2889068                   /usr/lib/jvm/java-11-openjdk-amd64/lib/libzip.so
7f49a6cdc000-7f49a6cde000 r--p 00006000 103:06 2889068                   /usr/lib/jvm/java-11-openjdk-amd64/lib/libzip.so
7f49a6cde000-7f49a6cdf000 r--p 00007000 103:06 2889068                   /usr/lib/jvm/java-11-openjdk-amd64/lib/libzip.so
7f49a6cdf000-7f49a6ce0000 rw-p 00008000 103:06 2889068                   /usr/lib/jvm/java-11-openjdk-amd64/lib/libzip.so
7f49a6ce0000-7f49a6ce8000 rw-s 00000000 103:06 3801307                   /tmp/hsperfdata_artur/22963
7f49a6ce8000-7f49a6ce9000 ---p 00000000 00:00 0 
7f49a6ce9000-7f49a6cea000 r--p 00000000 00:00 0 
7f49a6cea000-7f49a6cf8000 r--p 00000000 103:06 2889047                   /usr/lib/jvm/java-11-openjdk-amd64/lib/libjava.so
7f49a6cf8000-7f49a6d0e000 r-xp 0000e000 103:06 2889047                   /usr/lib/jvm/java-11-openjdk-amd64/lib/libjava.so
7f49a6d0e000-7f49a6d15000 r--p 00024000 103:06 2889047                   /usr/lib/jvm/java-11-openjdk-amd64/lib/libjava.so
7f49a6d15000-7f49a6d16000 r--p 0002a000 103:06 2889047                   /usr/lib/jvm/java-11-openjdk-amd64/lib/libjava.so
7f49a6d16000-7f49a6d17000 rw-p 0002b000 103:06 2889047                   /usr/lib/jvm/java-11-openjdk-amd64/lib/libjava.so
7f49a6d17000-7f49a6d18000 rw-p 00000000 00:00 0 
7f49a6d18000-7f49a6d1b000 r--p 00000000 103:06 3674043                   /lib/x86_64-linux-gnu/librt-2.31.so
7f49a6d1b000-7f49a6d1f000 r-xp 00003000 103:06 3674043                   /lib/x86_64-linux-gnu/librt-2.31.so
7f49a6d1f000-7f49a6d20000 r--p 00007000 103:06 3674043                   /lib/x86_64-linux-gnu/librt-2.31.so
7f49a6d20000-7f49a6d21000 ---p 00008000 103:06 3674043                   /lib/x86_64-linux-gnu/librt-2.31.so
7f49a6d21000-7f49a6d22000 r--p 00008000 103:06 3674043                   /lib/x86_64-linux-gnu/librt-2.31.so
7f49a6d22000-7f49a6d23000 rw-p 00009000 103:06 3674043                   /lib/x86_64-linux-gnu/librt-2.31.so
7f49a6d23000-7f49a6d27000 ---p 00000000 00:00 0 
7f49a6d27000-7f49a6e24000 rw-p 00000000 00:00 0 
7f49a6e24000-7f49a6e27000 r--p 00000000 103:06 3670736                   /lib/x86_64-linux-gnu/libgcc_s.so.1
7f49a6e27000-7f49a6e39000 r-xp 00003000 103:06 3670736                   /lib/x86_64-linux-gnu/libgcc_s.so.1
7f49a6e39000-7f49a6e3d000 r--p 00015000 103:06 3670736                   /lib/x86_64-linux-gnu/libgcc_s.so.1
7f49a6e3d000-7f49a6e3e000 r--p 00018000 103:06 3670736                   /lib/x86_64-linux-gnu/libgcc_s.so.1
7f49a6e3e000-7f49a6e3f000 rw-p 00019000 103:06 3670736                   /lib/x86_64-linux-gnu/libgcc_s.so.1
7f49a6e3f000-7f49a6e4e000 r--p 00000000 103:06 3673997                   /lib/x86_64-linux-gnu/libm-2.31.so
7f49a6e4e000-7f49a6ef5000 r-xp 0000f000 103:06 3673997                   /lib/x86_64-linux-gnu/libm-2.31.so
7f49a6ef5000-7f49a6f8c000 r--p 000b6000 103:06 3673997                   /lib/x86_64-linux-gnu/libm-2.31.so
7f49a6f8c000-7f49a6f8d000 r--p 0014c000 103:06 3673997                   /lib/x86_64-linux-gnu/libm-2.31.so
7f49a6f8d000-7f49a6f8e000 rw-p 0014d000 103:06 3673997                   /lib/x86_64-linux-gnu/libm-2.31.so
7f49a6f8e000-7f49a7024000 r--p 00000000 103:06 2883678                   /usr/lib/x86_64-linux-gnu/libstdc++.so.6.0.28
7f49a7024000-7f49a7115000 r-xp 00096000 103:06 2883678                   /usr/lib/x86_64-linux-gnu/libstdc++.so.6.0.28
7f49a7115000-7f49a715e000 r--p 00187000 103:06 2883678                   /usr/lib/x86_64-linux-gnu/libstdc++.so.6.0.28
7f49a715e000-7f49a715f000 ---p 001d0000 103:06 2883678                   /usr/lib/x86_64-linux-gnu/libstdc++.so.6.0.28
7f49a715f000-7f49a716a000 r--p 001d0000 103:06 2883678                   /usr/lib/x86_64-linux-gnu/libstdc++.so.6.0.28
7f49a716a000-7f49a716d000 rw-p 001db000 103:06 2883678                   /usr/lib/x86_64-linux-gnu/libstdc++.so.6.0.28
7f49a716d000-7f49a7170000 rw-p 00000000 00:00 0 
7f49a7170000-7f49a73ea000 r--p 00000000 103:06 3801498                   /usr/lib/jvm/java-11-openjdk-amd64/lib/server/libjvm.so
7f49a73ea000-7f49a806f000 r-xp 0027a000 103:06 3801498                   /usr/lib/jvm/java-11-openjdk-amd64/lib/server/libjvm.so
7f49a806f000-7f49a82c6000 r--p 00eff000 103:06 3801498                   /usr/lib/jvm/java-11-openjdk-amd64/lib/server/libjvm.so
7f49a82c6000-7f49a8387000 r--p 01155000 103:06 3801498                   /usr/lib/jvm/java-11-openjdk-amd64/lib/server/libjvm.so
7f49a8387000-7f49a83c2000 rw-p 01216000 103:06 3801498                   /usr/lib/jvm/java-11-openjdk-amd64/lib/server/libjvm.so
7f49a83c2000-7f49a841b000 rw-p 00000000 00:00 0 
7f49a841b000-7f49a8422000 r--p 00000000 103:06 3674039                   /lib/x86_64-linux-gnu/libpthread-2.31.so
7f49a8422000-7f49a8433000 r-xp 00007000 103:06 3674039                   /lib/x86_64-linux-gnu/libpthread-2.31.so
7f49a8433000-7f49a8438000 r--p 00018000 103:06 3674039                   /lib/x86_64-linux-gnu/libpthread-2.31.so
7f49a8438000-7f49a8439000 r--p 0001c000 103:06 3674039                   /lib/x86_64-linux-gnu/libpthread-2.31.so
7f49a8439000-7f49a843a000 rw-p 0001d000 103:06 3674039                   /lib/x86_64-linux-gnu/libpthread-2.31.so
7f49a843a000-7f49a843e000 rw-p 00000000 00:00 0 
7f49a843e000-7f49a843f000 r--p 00000000 103:06 3673993                   /lib/x86_64-linux-gnu/libdl-2.31.so
7f49a843f000-7f49a8441000 r-xp 00001000 103:06 3673993                   /lib/x86_64-linux-gnu/libdl-2.31.so
7f49a8441000-7f49a8442000 r--p 00003000 103:06 3673993                   /lib/x86_64-linux-gnu/libdl-2.31.so
7f49a8442000-7f49a8443000 r--p 00003000 103:06 3673993                   /lib/x86_64-linux-gnu/libdl-2.31.so
7f49a8443000-7f49a8444000 rw-p 00004000 103:06 3673993                   /lib/x86_64-linux-gnu/libdl-2.31.so
7f49a8444000-7f49a8446000 r--p 00000000 103:06 3672661                   /lib/x86_64-linux-gnu/libz.so.1.2.11
7f49a8446000-7f49a8457000 r-xp 00002000 103:06 3672661                   /lib/x86_64-linux-gnu/libz.so.1.2.11
7f49a8457000-7f49a845d000 r--p 00013000 103:06 3672661                   /lib/x86_64-linux-gnu/libz.so.1.2.11
7f49a845d000-7f49a845e000 ---p 00019000 103:06 3672661                   /lib/x86_64-linux-gnu/libz.so.1.2.11
7f49a845e000-7f49a845f000 r--p 00019000 103:06 3672661                   /lib/x86_64-linux-gnu/libz.so.1.2.11
7f49a845f000-7f49a8460000 rw-p 0001a000 103:06 3672661                   /lib/x86_64-linux-gnu/libz.so.1.2.11
7f49a8460000-7f49a8485000 r--p 00000000 103:06 3673989                   /lib/x86_64-linux-gnu/libc-2.31.so
7f49a8485000-7f49a85fd000 r-xp 00025000 103:06 3673989                   /lib/x86_64-linux-gnu/libc-2.31.so
7f49a85fd000-7f49a8647000 r--p 0019d000 103:06 3673989                   /lib/x86_64-linux-gnu/libc-2.31.so
7f49a8647000-7f49a8648000 ---p 001e7000 103:06 3673989                   /lib/x86_64-linux-gnu/libc-2.31.so
7f49a8648000-7f49a864b000 r--p 001e7000 103:06 3673989                   /lib/x86_64-linux-gnu/libc-2.31.so
7f49a864b000-7f49a864e000 rw-p 001ea000 103:06 3673989                   /lib/x86_64-linux-gnu/libc-2.31.so
7f49a864e000-7f49a8652000 rw-p 00000000 00:00 0 
7f49a8653000-7f49a8655000 r--p 00000000 103:06 2889051                   /usr/lib/jvm/java-11-openjdk-amd64/lib/libjimage.so
7f49a8655000-7f49a8658000 r-xp 00002000 103:06 2889051                   /usr/lib/jvm/java-11-openjdk-amd64/lib/libjimage.so
7f49a8658000-7f49a8659000 r--p 00005000 103:06 2889051                   /usr/lib/jvm/java-11-openjdk-amd64/lib/libjimage.so
7f49a8659000-7f49a865a000 ---p 00006000 103:06 2889051                   /usr/lib/jvm/java-11-openjdk-amd64/lib/libjimage.so
7f49a865a000-7f49a865b000 r--p 00006000 103:06 2889051                   /usr/lib/jvm/java-11-openjdk-amd64/lib/libjimage.so
7f49a865b000-7f49a865c000 rw-p 00007000 103:06 2889051                   /usr/lib/jvm/java-11-openjdk-amd64/lib/libjimage.so
7f49a865c000-7f49a8661000 r--p 00000000 103:06 2889067                   /usr/lib/jvm/java-11-openjdk-amd64/lib/libverify.so
7f49a8661000-7f49a8668000 r-xp 00005000 103:06 2889067                   /usr/lib/jvm/java-11-openjdk-amd64/lib/libverify.so
7f49a8668000-7f49a866a000 r--p 0000c000 103:06 2889067                   /usr/lib/jvm/java-11-openjdk-amd64/lib/libverify.so
7f49a866a000-7f49a866b000 ---p 0000e000 103:06 2889067                   /usr/lib/jvm/java-11-openjdk-amd64/lib/libverify.so
7f49a866b000-7f49a866d000 r--p 0000e000 103:06 2889067                   /usr/lib/jvm/java-11-openjdk-amd64/lib/libverify.so
7f49a866d000-7f49a866e000 rw-p 00010000 103:06 2889067                   /usr/lib/jvm/java-11-openjdk-amd64/lib/libverify.so
7f49a866e000-7f49a8671000 r--p 00000000 103:06 3674757                   /usr/lib/jvm/java-11-openjdk-amd64/lib/jli/libjli.so
7f49a8671000-7f49a867b000 r-xp 00003000 103:06 3674757                   /usr/lib/jvm/java-11-openjdk-amd64/lib/jli/libjli.so
7f49a867b000-7f49a867e000 r--p 0000d000 103:06 3674757                   /usr/lib/jvm/java-11-openjdk-amd64/lib/jli/libjli.so
7f49a867e000-7f49a867f000 ---p 00010000 103:06 3674757                   /usr/lib/jvm/java-11-openjdk-amd64/lib/jli/libjli.so
7f49a867f000-7f49a8680000 r--p 00010000 103:06 3674757                   /usr/lib/jvm/java-11-openjdk-amd64/lib/jli/libjli.so
7f49a8680000-7f49a8681000 rw-p 00011000 103:06 3674757                   /usr/lib/jvm/java-11-openjdk-amd64/lib/jli/libjli.so
7f49a8681000-7f49a8683000 rw-p 00000000 00:00 0 
7f49a8683000-7f49a8686000 r--p 00000000 00:00 0                          [vvar]
7f49a8686000-7f49a8687000 r-xp 00000000 00:00 0                          [vdso]
7f49a8687000-7f49a8688000 r--p 00000000 103:06 3673973                   /lib/x86_64-linux-gnu/ld-2.31.so
7f49a8688000-7f49a86ab000 r-xp 00001000 103:06 3673973                   /lib/x86_64-linux-gnu/ld-2.31.so
7f49a86ab000-7f49a86b3000 r--p 00024000 103:06 3673973                   /lib/x86_64-linux-gnu/ld-2.31.so
7f49a86b4000-7f49a86b5000 r--p 0002c000 103:06 3673973                   /lib/x86_64-linux-gnu/ld-2.31.so
7f49a86b5000-7f49a86b6000 rw-p 0002d000 103:06 3673973                   /lib/x86_64-linux-gnu/ld-2.31.so
7f49a86b6000-7f49a86b7000 rw-p 00000000 00:00 0 
7ffeaff94000-7ffeaffb6000 rw-p 00000000 00:00 0                          [stack]
ffffffffff600000-ffffffffff601000 --xp 00000000 00:00 0                  [vsyscall]


VM Arguments:
java_command: /home/artur/Desktop/3ano/IES/medical-management-system/Project/medmanagesystem/target/surefire/surefirebooter1662999114494054373.jar /home/artur/Desktop/3ano/IES/medical-management-system/Project/medmanagesystem/target/surefire 2022-01-17T00-43-05_380-jvmRun1 surefire522488649602864052tmp surefire_03266471564762383460tmp
java_class_path (initial): /home/artur/Desktop/3ano/IES/medical-management-system/Project/medmanagesystem/target/surefire/surefirebooter1662999114494054373.jar
Launcher Type: SUN_STANDARD

[Global flags]
     intx CICompilerCount                          = 4                                         {product} {ergonomic}
     uint ConcGCThreads                            = 3                                         {product} {ergonomic}
     uint G1ConcRefinementThreads                  = 10                                        {product} {ergonomic}
   size_t G1HeapRegionSize                         = 1048576                                   {product} {ergonomic}
    uintx GCDrainStackTargetSize                   = 64                                        {product} {ergonomic}
   size_t InitialHeapSize                          = 260046848                                 {product} {ergonomic}
   size_t MarkStackSize                            = 4194304                                   {product} {ergonomic}
   size_t MaxHeapSize                              = 4156555264                                {product} {ergonomic}
   size_t MaxNewSize                               = 2493513728                                {product} {ergonomic}
   size_t MinHeapDeltaBytes                        = 1048576                                   {product} {ergonomic}
    uintx NonNMethodCodeHeapSize                   = 5836300                                {pd product} {ergonomic}
    uintx NonProfiledCodeHeapSize                  = 122910970                              {pd product} {ergonomic}
    uintx ProfiledCodeHeapSize                     = 122910970                              {pd product} {ergonomic}
    uintx ReservedCodeCacheSize                    = 251658240                              {pd product} {ergonomic}
     bool SegmentedCodeCache                       = true                                      {product} {ergonomic}
     bool UseCompressedClassPointers               = true                                 {lp64_product} {ergonomic}
     bool UseCompressedOops                        = true                                 {lp64_product} {ergonomic}
     bool UseG1GC                                  = true                                      {product} {ergonomic}

Logging:
Log output configuration:
 #0: stdout all=warning uptime,level,tags
 #1: stderr all=off uptime,level,tags

Environment Variables:
JAVA_HOME=/usr/lib/jvm/java-11-openjdk-amd64
CLASSPATH=.:/usr/local/lib/antlr-4.9.2-complete.jar:/usr/local/lib/ST-4.3.1.jar:
PATH=/home/artur/.nvm/versions/node/v14.17.0/bin:/home/artur/.local/bin:/usr/local/sbin:/usr/local/bin:/usr/sbin:/usr/bin:/sbin:/bin:/usr/games:/usr/local/games:/snap/bin:/usr/lib/jvm/java-16-oracle/bin:/usr/lib/jvm/java-16-oracle/db/bin:/opt/bin:.:
USERNAME=artur
SHELL=/bin/bash
DISPLAY=:0
LANG=en_US.UTF-8
LC_CTYPE=pt_PT.UTF-8

Signal Handlers:
SIGSEGV: [libjvm.so+0xe8ba00], sa_mask[0]=11111111011111111101111111111110, sa_flags=SA_RESTART|SA_SIGINFO
SIGBUS: [libjvm.so+0xe8ba00], sa_mask[0]=11111111011111111101111111111110, sa_flags=SA_RESTART|SA_SIGINFO
SIGFPE: [libjvm.so+0xe8ba00], sa_mask[0]=11111111011111111101111111111110, sa_flags=SA_RESTART|SA_SIGINFO
SIGPIPE: [libjvm.so+0xbd10f0], sa_mask[0]=11111111011111111101111111111110, sa_flags=SA_RESTART|SA_SIGINFO
SIGXFSZ: [libjvm.so+0xbd10f0], sa_mask[0]=11111111011111111101111111111110, sa_flags=SA_RESTART|SA_SIGINFO
SIGILL: [libjvm.so+0xe8ba00], sa_mask[0]=11111111011111111101111111111110, sa_flags=SA_RESTART|SA_SIGINFO
SIGUSR2: [libjvm.so+0xbd0f90], sa_mask[0]=00100000000000000000000000000000, sa_flags=SA_RESTART|SA_SIGINFO
SIGHUP: [libjvm.so+0xbd1430], sa_mask[0]=11111111011111111101111111111110, sa_flags=SA_RESTART|SA_SIGINFO
SIGINT: [libjvm.so+0xbd1430], sa_mask[0]=11111111011111111101111111111110, sa_flags=SA_RESTART|SA_SIGINFO
SIGTERM: [libjvm.so+0xbd1430], sa_mask[0]=11111111011111111101111111111110, sa_flags=SA_RESTART|SA_SIGINFO
SIGQUIT: [libjvm.so+0xbd1430], sa_mask[0]=11111111011111111101111111111110, sa_flags=SA_RESTART|SA_SIGINFO


---------------  S Y S T E M  ---------------

OS:DISTRIB_ID=Ubuntu
DISTRIB_RELEASE=20.04
DISTRIB_CODENAME=focal
DISTRIB_DESCRIPTION="Ubuntu 20.04.3 LTS"
uname:Linux 5.4.0-90-generic #101-Ubuntu SMP Fri Oct 15 20:00:55 UTC 2021 x86_64
OS uptime: 0 days 0:40 hours
libc:glibc 2.31 NPTL 2.31 
rlimit (soft/hard): STACK 8192k/infinity , CORE 0k/infinity , NPROC 63176/63176 , NOFILE 1048576/1048576 , AS infinity/infinity , CPU infinity/infinity , DATA infinity/infinity , FSIZE infinity/infinity , MEMLOCK 65536k/65536k
load average:1,37 2,91 2,33

/proc/meminfo:
MemTotal:       16235992 kB
MemFree:         4010280 kB
MemAvailable:    9830828 kB
Buffers:          919560 kB
Cached:          5197052 kB
SwapCached:            0 kB
Active:          7802624 kB
Inactive:        3165904 kB
Active(anon):    5141068 kB
Inactive(anon):   178292 kB
Active(file):    2661556 kB
Inactive(file):  2987612 kB
Unevictable:      280964 kB
Mlocked:              64 kB
SwapTotal:       2097148 kB
SwapFree:        2097148 kB
Dirty:              1072 kB
Writeback:             0 kB
AnonPages:       5133224 kB
Mapped:          1535360 kB
Shmem:            468716 kB
KReclaimable:     513432 kB
Slab:             788596 kB
SReclaimable:     513432 kB
SUnreclaim:       275164 kB
KernelStack:       24688 kB
PageTables:        58140 kB
NFS_Unstable:          0 kB
Bounce:                0 kB
WritebackTmp:          0 kB
CommitLimit:    10215144 kB
Committed_AS:   18351888 kB
VmallocTotal:   34359738367 kB
VmallocUsed:       49908 kB
VmallocChunk:          0 kB
Percpu:            17472 kB
HardwareCorrupted:     0 kB
AnonHugePages:         0 kB
ShmemHugePages:        0 kB
ShmemPmdMapped:        0 kB
FileHugePages:         0 kB
FilePmdMapped:         0 kB
CmaTotal:              0 kB
CmaFree:               0 kB
HugePages_Total:       0
HugePages_Free:        0
HugePages_Rsvd:        0
HugePages_Surp:        0
Hugepagesize:       2048 kB
Hugetlb:               0 kB
DirectMap4k:      504416 kB
DirectMap2M:    15065088 kB
DirectMap1G:     1048576 kB

/sys/kernel/mm/transparent_hugepage/enabled:
always [madvise] never
/sys/kernel/mm/transparent_hugepage/defrag (defrag/compaction efforts parameter):
always defer defer+madvise [madvise] never

Process Memory:
Virtual Size: 7709384K (peak: 15578864K)
Resident Set Size: 326924K (peak: 326924K) (anon: 298316K, file: 28608K, shmem: 0K)
Swapped out: 0K
C-Heap outstanding allocations: 72358K

/proc/sys/kernel/threads-max (system-wide limit on the number of threads):
126352
/proc/sys/vm/max_map_count (maximum number of memory map areas a process may have):
1048575
/proc/sys/kernel/pid_max (system-wide limit on number of process identifiers):
4194304

container (cgroup) information:
container_type: cgroupv1
cpu_cpuset_cpus: 0-11
cpu_memory_nodes: 0
active_processor_count: 12
cpu_quota: -1
cpu_period: 100000
cpu_shares: -1
memory_limit_in_bytes: -1
memory_and_swap_limit_in_bytes: -2
memory_soft_limit_in_bytes: -1
memory_usage_in_bytes: 7151226880
memory_max_usage_in_bytes: 8107552768

Steal ticks since vm start: 0
Steal ticks percentage since vm start:  0,000

CPU:total 12 (initial active 12) (6 cores per cpu, 2 threads per core) family 6 model 158 stepping 13 microcode 0xea, cmov, cx8, fxsr, mmx, sse, sse2, sse3, ssse3, sse4.1, sse4.2, popcnt, avx, avx2, aes, clmul, erms, 3dnowpref, lzcnt, ht, tsc, tscinvbit, bmi1, bmi2, adx, fma
CPU Model and flags from /proc/cpuinfo:
model name	: Intel(R) Core(TM) i7-9750H CPU @ 2.60GHz
flags		: fpu vme de pse tsc msr pae mce cx8 apic sep mtrr pge mca cmov pat pse36 clflush dts acpi mmx fxsr sse sse2 ss ht tm pbe syscall nx pdpe1gb rdtscp lm constant_tsc art arch_perfmon pebs bts rep_good nopl xtopology nonstop_tsc cpuid aperfmperf pni pclmulqdq dtes64 monitor ds_cpl vmx est tm2 ssse3 sdbg fma cx16 xtpr pdcm pcid sse4_1 sse4_2 x2apic movbe popcnt tsc_deadline_timer aes xsave avx f16c rdrand lahf_lm abm 3dnowprefetch cpuid_fault epb invpcid_single ssbd ibrs ibpb stibp ibrs_enhanced tpr_shadow vnmi flexpriority ept vpid ept_ad fsgsbase tsc_adjust bmi1 avx2 smep bmi2 erms invpcid mpx rdseed adx smap clflushopt intel_pt xsaveopt xsavec xgetbv1 xsaves dtherm ida arat pln pts hwp hwp_notify hwp_act_window hwp_epp md_clear flush_l1d arch_capabilities
Online cpus:
0-11
Offline cpus:

BIOS frequency limitation:
<Not Available>
Frequency switch latency (ns):
0
Available cpu frequencies:
<Not Available>
Current governor:
powersave
Core performance/turbo boost:
<Not Available>

Memory: 4k page, physical 16235992k(4010280k free), swap 2097148k(2097148k free)

vm_info: OpenJDK 64-Bit Server VM (11.0.11+9-Ubuntu-0ubuntu2.20.04) for linux-amd64 JRE (11.0.11+9-Ubuntu-0ubuntu2.20.04), built on Apr 21 2021 09:15:32 by "unknown" with gcc 9.3.0

END.
