#
# A fatal error has been detected by the Java Runtime Environment:
#
#  SIGSEGV (0xb) at pc=0x0000000000000000, pid=87597, tid=87625
#
# JRE version: OpenJDK Runtime Environment (11.0.13+8) (build 11.0.13+8-Ubuntu-0ubuntu1.20.04)
# Java VM: OpenJDK 64-Bit Server VM (11.0.13+8-Ubuntu-0ubuntu1.20.04, mixed mode, sharing, tiered, compressed oops, g1 gc, linux-amd64)
# Problematic frame:
# C  0x0000000000000000
#
# Core dump will be written. Default location: Core dumps may be processed with "/usr/share/apport/apport %p %s %c %d %P %E" (or dumping to /home/artur/Desktop/3ano/IES/medical-management-system/Project/medmanagesystem/core.87597)
#
# If you would like to submit a bug report, please visit:
#   https://bugs.launchpad.net/ubuntu/+source/openjdk-lts
#

---------------  S U M M A R Y ------------

Command Line: -Dmaven.home=/home/artur/Desktop/3ano/IES/medical-management-system/Project -Dmaven.multiModuleProjectDirectory=/home/artur/Desktop/3ano/IES/medical-management-system/Project/medmanagesystem org.apache.maven.wrapper.MavenWrapperMain spring-boot:run

Host: Intel(R) Core(TM) i7-9750H CPU @ 2.60GHz, 12 cores, 15G, Ubuntu 20.04.3 LTS
Time: Tue Jan 18 02:10:12 2022 WET elapsed time: 1.533424 seconds (0d 0h 0m 1s)

---------------  T H R E A D  ---------------

Current thread (0x00007f08ec001000):  GCTaskThread "GC Thread#1" [stack: 0x00007f08f9489000,0x00007f08f9589000] [id=87625]

Stack: [0x00007f08f9489000,0x00007f08f9589000],  sp=0x00007f08f9587af8,  free space=1018k

siginfo: si_signo: 11 (SIGSEGV), si_code: 1 (SEGV_MAPERR), si_addr: 0x0000000000000000

Register to memory mapping:

RAX=0x00007f092d18aa00: <offset 0x000000000126da00> in /usr/lib/jvm/java-11-openjdk-amd64/lib/server/libjvm.so at 0x00007f092bf1d000
RBX=
[error occurred during error reporting (printing register info), id 0xb, SIGSEGV (0xb) at pc=0x00007f092c56e94a]

Registers:
RAX=0x00007f092d18aa00, RBX=0x000000071039f678, RCX=0x000000000000047b, RDX=0x00000008002fc368
RSP=0x00007f08f9587af8, RBP=0x00007f08f9587b40, RSI=0x000000071039f678, RDI=0x00007f08bc0035a0
R8 =0x00007f08bc004740, R9 =0x000000000000007c, R10=0x0000000000000005, R11=0x00007f08bc000080
R12=0x00007f08bc003430, R13=0x0000000000000005, R14=0x00007f092412b7c0, R15=0x0000000000000001
RIP=0x0000000000000000, EFLAGS=0x0000000000010202, CSGSFS=0x002b000000000033, ERR=0x0000000000000014
  TRAPNO=0x000000000000000e

Top of Stack: (sp=0x00007f08f9587af8)
0x00007f08f9587af8:   00007f092c6ab12e 00007f092d18d368
0x00007f08f9587b08:   0000000000000000 00007f08f9587b70
0x00007f08f9587b18:   00000000095a0a58 000000071039f678
0x00007f08f9587b28:   00007f08bc003430 00000000095a0a58 

Instructions: (pc=0x0000000000000000)
0xffffffffffffff00:   


Stack slot to memory mapping:
stack at sp + 0 slots: 0x00007f092c6ab12e: <offset 0x000000000078e12e> in /usr/lib/jvm/java-11-openjdk-amd64/lib/server/libjvm.so at 0x00007f092bf1d000
stack at sp + 1 slots: 0x00007f092d18d368: <offset 0x0000000001270368> in /usr/lib/jvm/java-11-openjdk-amd64/lib/server/libjvm.so at 0x00007f092bf1d000
stack at sp + 2 slots: 0x0 is NULL
stack at sp + 3 slots: 0x00007f08f9587b70 points into unknown readable memory: 0x0000000000000005 | 05 00 00 00 00 00 00 00
stack at sp + 4 slots: 0x00000000095a0a58 is an unknown value
stack at sp + 5 slots: 
[error occurred during error reporting (inspecting top of stack), id 0xb, SIGSEGV (0xb) at pc=0x00007f092c56e94a]


---------------  P R O C E S S  ---------------

Threads class SMR info:
_java_thread_list=0x00007f08d4272f00, length=11, elements={
0x00007f0924017800, 0x00007f09241d7800, 0x00007f09241d9800, 0x00007f09241e0000,
0x00007f09241e2000, 0x00007f09241e4000, 0x00007f09241e6000, 0x00007f09241e8000,
0x00007f092422b800, 0x00007f08d4265000, 0x00007f08d4271800
}

Java Threads: ( => current thread )
  0x00007f0924017800 JavaThread "main" [_thread_blocked, id=87605, stack(0x00007f092bad0000,0x00007f092bbd1000)]
  0x00007f09241d7800 JavaThread "Reference Handler" daemon [_thread_blocked, id=87612, stack(0x00007f09283aa000,0x00007f09284ab000)]
  0x00007f09241d9800 JavaThread "Finalizer" daemon [_thread_blocked, id=87613, stack(0x00007f09282a9000,0x00007f09283aa000)]
  0x00007f09241e0000 JavaThread "Signal Dispatcher" daemon [_thread_blocked, id=87614, stack(0x00007f09281a8000,0x00007f09282a9000)]
  0x00007f09241e2000 JavaThread "Service Thread" daemon [_thread_blocked, id=87615, stack(0x00007f09280a7000,0x00007f09281a8000)]
  0x00007f09241e4000 JavaThread "C2 CompilerThread0" daemon [_thread_blocked, id=87616, stack(0x00007f090031f000,0x00007f0900420000)]
  0x00007f09241e6000 JavaThread "C1 CompilerThread0" daemon [_thread_blocked, id=87617, stack(0x00007f090021e000,0x00007f090031f000)]
  0x00007f09241e8000 JavaThread "Sweeper thread" daemon [_thread_blocked, id=87618, stack(0x00007f090011d000,0x00007f090021e000)]
  0x00007f092422b800 JavaThread "Common-Cleaner" daemon [_thread_blocked, id=87620, stack(0x00007f08f998e000,0x00007f08f9a8f000)]
  0x00007f08d4265000 JavaThread "C2 CompilerThread1" daemon [_thread_blocked, id=87623, stack(0x00007f08f968a000,0x00007f08f978b000)]
  0x00007f08d4271800 JavaThread "C2 CompilerThread2" daemon [_thread_in_native, id=87624, stack(0x00007f08f9589000,0x00007f08f968a000)]

Other Threads:
  0x00007f09241d4800 VMThread "VM Thread" [stack: 0x00007f09284ad000,0x00007f09285ad000] [id=87611]
  0x00007f0924229000 WatcherThread [stack: 0x00007f090001d000,0x00007f090011d000] [id=87619]
  0x00007f0924030800 GCTaskThread "GC Thread#0" [stack: 0x00007f092b74b000,0x00007f092b84b000] [id=87606]
=>0x00007f08ec001000 GCTaskThread "GC Thread#1" [stack: 0x00007f08f9489000,0x00007f08f9589000] [id=87625]
  0x00007f08ec002800 GCTaskThread "GC Thread#2" [stack: 0x00007f08f9387000,0x00007f08f9487000] [id=87626]
  0x00007f08ec004800 GCTaskThread "GC Thread#3" [stack: 0x00007f08f9285000,0x00007f08f9385000] [id=87627]
  0x00007f08ec006000 GCTaskThread "GC Thread#4" [stack: 0x00007f08f9183000,0x00007f08f9283000] [id=87628]
  0x00007f08ec008000 GCTaskThread "GC Thread#5" [stack: 0x00007f08f9081000,0x00007f08f9181000] [id=87629]
  0x00007f092408e800 ConcurrentGCThread "G1 Main Marker" [stack: 0x00007f0929405000,0x00007f0929505000] [id=87607]
  0x00007f0924090000 ConcurrentGCThread "G1 Conc#0" [stack: 0x00007f0929303000,0x00007f0929403000] [id=87608]
  0x00007f0924196800 ConcurrentGCThread "G1 Refine#0" [stack: 0x00007f09287f7000,0x00007f09288f7000] [id=87609]
  0x00007f0924198800 ConcurrentGCThread "G1 Young RemSet Sampling" [stack: 0x00007f09286f5000,0x00007f09287f5000] [id=87610]

Threads with active compile tasks:
C2 CompilerThread0   1534 3190       4       java.util.concurrent.ConcurrentHashMap::putAll (63 bytes)
C1 CompilerThread0   1534 3308   !   3       jdk.internal.reflect.GeneratedMethodAccessor3::invoke (61 bytes)
C2 CompilerThread1   1534 3294 % !   4       sun.nio.cs.ISO_8859_1$Decoder::decodeArrayLoop @ 129 (263 bytes)
C2 CompilerThread2   1534 2862   !   4       org.codehaus.plexus.interpolation.StringSearchInterpolator::interpolate (668 bytes)

VM state:at safepoint (normal execution)

VM Mutex/Monitor currently owned by a thread:  ([mutex/lock_event])
[0x00007f0924013690] Threads_lock - owner thread: 0x00007f09241d4800
[0x00007f0924013e70] Heap_lock - owner thread: 0x00007f0924017800

Heap address: 0x0000000708400000, size: 3964 MB, Compressed Oops mode: Zero based, Oop shift amount: 3
Narrow klass base: 0x0000000800000000, Narrow klass shift: 3
Compressed class space size: 1073741824 Address: 0x0000000840000000

Heap:
 garbage-first heap   total 256000K, used 152319K [0x0000000708400000, 0x0000000800000000)
  region size 1024K, 158 young (161792K), 13 survivors (13312K)
 Metaspace       used 14035K, capacity 15622K, committed 16000K, reserved 1062912K
  class space    used 1545K, capacity 1806K, committed 1920K, reserved 1048576K
Heap Regions: E=young(eden), S=young(survivor), O=old, HS=humongous(starts), HC=humongous(continues), CS=collection set, F=free, A=archive, TAMS=top-at-mark-start (previous, next)
|   0|0x0000000708400000, 0x0000000708500000, 0x0000000708500000|100%| O|  |TAMS 0x0000000708400000, 0x0000000708400000| Untracked 
|   1|0x0000000708500000, 0x0000000708600000, 0x0000000708600000|100%| O|  |TAMS 0x0000000708500000, 0x0000000708500000| Untracked 
|   2|0x0000000708600000, 0x0000000708600000, 0x0000000708700000|  0%| F|  |TAMS 0x0000000708600000, 0x0000000708600000| Untracked 
|   3|0x0000000708700000, 0x0000000708700000, 0x0000000708800000|  0%| F|  |TAMS 0x0000000708700000, 0x0000000708700000| Untracked 
|   4|0x0000000708800000, 0x0000000708800000, 0x0000000708900000|  0%| F|  |TAMS 0x0000000708800000, 0x0000000708800000| Untracked 
|   5|0x0000000708900000, 0x0000000708900000, 0x0000000708a00000|  0%| F|  |TAMS 0x0000000708900000, 0x0000000708900000| Untracked 
|   6|0x0000000708a00000, 0x0000000708a00000, 0x0000000708b00000|  0%| F|  |TAMS 0x0000000708a00000, 0x0000000708a00000| Untracked 
|   7|0x0000000708b00000, 0x0000000708b00000, 0x0000000708c00000|  0%| F|  |TAMS 0x0000000708b00000, 0x0000000708b00000| Untracked 
|   8|0x0000000708c00000, 0x0000000708c00000, 0x0000000708d00000|  0%| F|  |TAMS 0x0000000708c00000, 0x0000000708c00000| Untracked 
|   9|0x0000000708d00000, 0x0000000708d00000, 0x0000000708e00000|  0%| F|  |TAMS 0x0000000708d00000, 0x0000000708d00000| Untracked 
|  10|0x0000000708e00000, 0x0000000708e00000, 0x0000000708f00000|  0%| F|  |TAMS 0x0000000708e00000, 0x0000000708e00000| Untracked 
|  11|0x0000000708f00000, 0x0000000708f00000, 0x0000000709000000|  0%| F|  |TAMS 0x0000000708f00000, 0x0000000708f00000| Untracked 
|  12|0x0000000709000000, 0x0000000709000000, 0x0000000709100000|  0%| F|  |TAMS 0x0000000709000000, 0x0000000709000000| Untracked 
|  13|0x0000000709100000, 0x0000000709100000, 0x0000000709200000|  0%| F|  |TAMS 0x0000000709100000, 0x0000000709100000| Untracked 
|  14|0x0000000709200000, 0x0000000709200000, 0x0000000709300000|  0%| F|  |TAMS 0x0000000709200000, 0x0000000709200000| Untracked 
|  15|0x0000000709300000, 0x0000000709300000, 0x0000000709400000|  0%| F|  |TAMS 0x0000000709300000, 0x0000000709300000| Untracked 
|  16|0x0000000709400000, 0x0000000709400000, 0x0000000709500000|  0%| F|  |TAMS 0x0000000709400000, 0x0000000709400000| Untracked 
|  17|0x0000000709500000, 0x0000000709500000, 0x0000000709600000|  0%| F|  |TAMS 0x0000000709500000, 0x0000000709500000| Untracked 
|  18|0x0000000709600000, 0x0000000709600000, 0x0000000709700000|  0%| F|  |TAMS 0x0000000709600000, 0x0000000709600000| Untracked 
|  19|0x0000000709700000, 0x0000000709700000, 0x0000000709800000|  0%| F|  |TAMS 0x0000000709700000, 0x0000000709700000| Untracked 
|  20|0x0000000709800000, 0x0000000709800000, 0x0000000709900000|  0%| F|  |TAMS 0x0000000709800000, 0x0000000709800000| Untracked 
|  21|0x0000000709900000, 0x0000000709900000, 0x0000000709a00000|  0%| F|  |TAMS 0x0000000709900000, 0x0000000709900000| Untracked 
|  22|0x0000000709a00000, 0x0000000709a00000, 0x0000000709b00000|  0%| F|  |TAMS 0x0000000709a00000, 0x0000000709a00000| Untracked 
|  23|0x0000000709b00000, 0x0000000709b00000, 0x0000000709c00000|  0%| F|  |TAMS 0x0000000709b00000, 0x0000000709b00000| Untracked 
|  24|0x0000000709c00000, 0x0000000709c00000, 0x0000000709d00000|  0%| F|  |TAMS 0x0000000709c00000, 0x0000000709c00000| Untracked 
|  25|0x0000000709d00000, 0x0000000709d00000, 0x0000000709e00000|  0%| F|  |TAMS 0x0000000709d00000, 0x0000000709d00000| Untracked 
|  26|0x0000000709e00000, 0x0000000709e00000, 0x0000000709f00000|  0%| F|  |TAMS 0x0000000709e00000, 0x0000000709e00000| Untracked 
|  27|0x0000000709f00000, 0x0000000709f00000, 0x000000070a000000|  0%| F|  |TAMS 0x0000000709f00000, 0x0000000709f00000| Untracked 
|  28|0x000000070a000000, 0x000000070a000000, 0x000000070a100000|  0%| F|  |TAMS 0x000000070a000000, 0x000000070a000000| Untracked 
|  29|0x000000070a100000, 0x000000070a100000, 0x000000070a200000|  0%| F|  |TAMS 0x000000070a100000, 0x000000070a100000| Untracked 
|  30|0x000000070a200000, 0x000000070a200000, 0x000000070a300000|  0%| F|  |TAMS 0x000000070a200000, 0x000000070a200000| Untracked 
|  31|0x000000070a300000, 0x000000070a300000, 0x000000070a400000|  0%| F|  |TAMS 0x000000070a300000, 0x000000070a300000| Untracked 
|  32|0x000000070a400000, 0x000000070a400000, 0x000000070a500000|  0%| F|  |TAMS 0x000000070a400000, 0x000000070a400000| Untracked 
|  33|0x000000070a500000, 0x000000070a500000, 0x000000070a600000|  0%| F|  |TAMS 0x000000070a500000, 0x000000070a500000| Untracked 
|  34|0x000000070a600000, 0x000000070a600000, 0x000000070a700000|  0%| F|  |TAMS 0x000000070a600000, 0x000000070a600000| Untracked 
|  35|0x000000070a700000, 0x000000070a700000, 0x000000070a800000|  0%| F|  |TAMS 0x000000070a700000, 0x000000070a700000| Untracked 
|  36|0x000000070a800000, 0x000000070a800000, 0x000000070a900000|  0%| F|  |TAMS 0x000000070a800000, 0x000000070a800000| Untracked 
|  37|0x000000070a900000, 0x000000070a900000, 0x000000070aa00000|  0%| F|  |TAMS 0x000000070a900000, 0x000000070a900000| Untracked 
|  38|0x000000070aa00000, 0x000000070aa00000, 0x000000070ab00000|  0%| F|  |TAMS 0x000000070aa00000, 0x000000070aa00000| Untracked 
|  39|0x000000070ab00000, 0x000000070ab00000, 0x000000070ac00000|  0%| F|  |TAMS 0x000000070ab00000, 0x000000070ab00000| Untracked 
|  40|0x000000070ac00000, 0x000000070ac00000, 0x000000070ad00000|  0%| F|  |TAMS 0x000000070ac00000, 0x000000070ac00000| Untracked 
|  41|0x000000070ad00000, 0x000000070ad00000, 0x000000070ae00000|  0%| F|  |TAMS 0x000000070ad00000, 0x000000070ad00000| Untracked 
|  42|0x000000070ae00000, 0x000000070ae00000, 0x000000070af00000|  0%| F|  |TAMS 0x000000070ae00000, 0x000000070ae00000| Untracked 
|  43|0x000000070af00000, 0x000000070af00000, 0x000000070b000000|  0%| F|  |TAMS 0x000000070af00000, 0x000000070af00000| Untracked 
|  44|0x000000070b000000, 0x000000070b000000, 0x000000070b100000|  0%| F|  |TAMS 0x000000070b000000, 0x000000070b000000| Untracked 
|  45|0x000000070b100000, 0x000000070b100000, 0x000000070b200000|  0%| F|  |TAMS 0x000000070b100000, 0x000000070b100000| Untracked 
|  46|0x000000070b200000, 0x000000070b200000, 0x000000070b300000|  0%| F|  |TAMS 0x000000070b200000, 0x000000070b200000| Untracked 
|  47|0x000000070b300000, 0x000000070b300000, 0x000000070b400000|  0%| F|  |TAMS 0x000000070b300000, 0x000000070b300000| Untracked 
|  48|0x000000070b400000, 0x000000070b400000, 0x000000070b500000|  0%| F|  |TAMS 0x000000070b400000, 0x000000070b400000| Untracked 
|  49|0x000000070b500000, 0x000000070b500000, 0x000000070b600000|  0%| F|  |TAMS 0x000000070b500000, 0x000000070b500000| Untracked 
|  50|0x000000070b600000, 0x000000070b600000, 0x000000070b700000|  0%| F|  |TAMS 0x000000070b600000, 0x000000070b600000| Untracked 
|  51|0x000000070b700000, 0x000000070b700000, 0x000000070b800000|  0%| F|  |TAMS 0x000000070b700000, 0x000000070b700000| Untracked 
|  52|0x000000070b800000, 0x000000070b800000, 0x000000070b900000|  0%| F|  |TAMS 0x000000070b800000, 0x000000070b800000| Untracked 
|  53|0x000000070b900000, 0x000000070b900000, 0x000000070ba00000|  0%| F|  |TAMS 0x000000070b900000, 0x000000070b900000| Untracked 
|  54|0x000000070ba00000, 0x000000070ba00000, 0x000000070bb00000|  0%| F|  |TAMS 0x000000070ba00000, 0x000000070ba00000| Untracked 
|  55|0x000000070bb00000, 0x000000070bb00000, 0x000000070bc00000|  0%| F|  |TAMS 0x000000070bb00000, 0x000000070bb00000| Untracked 
|  56|0x000000070bc00000, 0x000000070bc00000, 0x000000070bd00000|  0%| F|  |TAMS 0x000000070bc00000, 0x000000070bc00000| Untracked 
|  57|0x000000070bd00000, 0x000000070bd00000, 0x000000070be00000|  0%| F|  |TAMS 0x000000070bd00000, 0x000000070bd00000| Untracked 
|  58|0x000000070be00000, 0x000000070be00000, 0x000000070bf00000|  0%| F|  |TAMS 0x000000070be00000, 0x000000070be00000| Untracked 
|  59|0x000000070bf00000, 0x000000070bf00000, 0x000000070c000000|  0%| F|  |TAMS 0x000000070bf00000, 0x000000070bf00000| Untracked 
|  60|0x000000070c000000, 0x000000070c000000, 0x000000070c100000|  0%| F|  |TAMS 0x000000070c000000, 0x000000070c000000| Untracked 
|  61|0x000000070c100000, 0x000000070c100000, 0x000000070c200000|  0%| F|  |TAMS 0x000000070c100000, 0x000000070c100000| Untracked 
|  62|0x000000070c200000, 0x000000070c200000, 0x000000070c300000|  0%| F|  |TAMS 0x000000070c200000, 0x000000070c200000| Untracked 
|  63|0x000000070c300000, 0x000000070c300000, 0x000000070c400000|  0%| F|  |TAMS 0x000000070c300000, 0x000000070c300000| Untracked 
|  64|0x000000070c400000, 0x000000070c400000, 0x000000070c500000|  0%| F|  |TAMS 0x000000070c400000, 0x000000070c400000| Untracked 
|  65|0x000000070c500000, 0x000000070c500000, 0x000000070c600000|  0%| F|  |TAMS 0x000000070c500000, 0x000000070c500000| Untracked 
|  66|0x000000070c600000, 0x000000070c600000, 0x000000070c700000|  0%| F|  |TAMS 0x000000070c600000, 0x000000070c600000| Untracked 
|  67|0x000000070c700000, 0x000000070c700000, 0x000000070c800000|  0%| F|  |TAMS 0x000000070c700000, 0x000000070c700000| Untracked 
|  68|0x000000070c800000, 0x000000070c800000, 0x000000070c900000|  0%| F|  |TAMS 0x000000070c800000, 0x000000070c800000| Untracked 
|  69|0x000000070c900000, 0x000000070c900000, 0x000000070ca00000|  0%| F|  |TAMS 0x000000070c900000, 0x000000070c900000| Untracked 
|  70|0x000000070ca00000, 0x000000070ca00000, 0x000000070cb00000|  0%| F|  |TAMS 0x000000070ca00000, 0x000000070ca00000| Untracked 
|  71|0x000000070cb00000, 0x000000070cb00000, 0x000000070cc00000|  0%| F|  |TAMS 0x000000070cb00000, 0x000000070cb00000| Untracked 
|  72|0x000000070cc00000, 0x000000070cc00000, 0x000000070cd00000|  0%| F|  |TAMS 0x000000070cc00000, 0x000000070cc00000| Untracked 
|  73|0x000000070cd00000, 0x000000070cd00000, 0x000000070ce00000|  0%| F|  |TAMS 0x000000070cd00000, 0x000000070cd00000| Untracked 
|  74|0x000000070ce00000, 0x000000070ce00000, 0x000000070cf00000|  0%| F|  |TAMS 0x000000070ce00000, 0x000000070ce00000| Untracked 
|  75|0x000000070cf00000, 0x000000070cf00000, 0x000000070d000000|  0%| F|  |TAMS 0x000000070cf00000, 0x000000070cf00000| Untracked 
|  76|0x000000070d000000, 0x000000070d000000, 0x000000070d100000|  0%| F|  |TAMS 0x000000070d000000, 0x000000070d000000| Untracked 
|  77|0x000000070d100000, 0x000000070d100000, 0x000000070d200000|  0%| F|  |TAMS 0x000000070d100000, 0x000000070d100000| Untracked 
|  78|0x000000070d200000, 0x000000070d200000, 0x000000070d300000|  0%| F|  |TAMS 0x000000070d200000, 0x000000070d200000| Untracked 
|  79|0x000000070d300000, 0x000000070d300000, 0x000000070d400000|  0%| F|  |TAMS 0x000000070d300000, 0x000000070d300000| Untracked 
|  80|0x000000070d400000, 0x000000070d400000, 0x000000070d500000|  0%| F|  |TAMS 0x000000070d400000, 0x000000070d400000| Untracked 
|  81|0x000000070d500000, 0x000000070d500000, 0x000000070d600000|  0%| F|  |TAMS 0x000000070d500000, 0x000000070d500000| Untracked 
|  82|0x000000070d600000, 0x000000070d600000, 0x000000070d700000|  0%| F|  |TAMS 0x000000070d600000, 0x000000070d600000| Untracked 
|  83|0x000000070d700000, 0x000000070d700000, 0x000000070d800000|  0%| F|  |TAMS 0x000000070d700000, 0x000000070d700000| Untracked 
|  84|0x000000070d800000, 0x000000070d800000, 0x000000070d900000|  0%| F|  |TAMS 0x000000070d800000, 0x000000070d800000| Untracked 
|  85|0x000000070d900000, 0x000000070d900000, 0x000000070da00000|  0%| F|  |TAMS 0x000000070d900000, 0x000000070d900000| Untracked 
|  86|0x000000070da00000, 0x000000070da00000, 0x000000070db00000|  0%| F|  |TAMS 0x000000070da00000, 0x000000070da00000| Untracked 
|  87|0x000000070db00000, 0x000000070dc00000, 0x000000070dc00000|100%| S|  |TAMS 0x000000070db00000, 0x000000070db00000| Complete 
|  88|0x000000070dc00000, 0x000000070dd00000, 0x000000070dd00000|100%| S|  |TAMS 0x000000070dc00000, 0x000000070dc00000| Complete 
|  89|0x000000070dd00000, 0x000000070de00000, 0x000000070de00000|100%| S|  |TAMS 0x000000070dd00000, 0x000000070dd00000| Complete 
|  90|0x000000070de00000, 0x000000070df00000, 0x000000070df00000|100%| S|  |TAMS 0x000000070de00000, 0x000000070de00000| Complete 
|  91|0x000000070df00000, 0x000000070e000000, 0x000000070e000000|100%| S|  |TAMS 0x000000070df00000, 0x000000070df00000| Complete 
|  92|0x000000070e000000, 0x000000070e100000, 0x000000070e100000|100%| S|  |TAMS 0x000000070e000000, 0x000000070e000000| Complete 
|  93|0x000000070e100000, 0x000000070e200000, 0x000000070e200000|100%| S|  |TAMS 0x000000070e100000, 0x000000070e100000| Complete 
|  94|0x000000070e200000, 0x000000070e300000, 0x000000070e300000|100%| S|  |TAMS 0x000000070e200000, 0x000000070e200000| Complete 
|  95|0x000000070e300000, 0x000000070e400000, 0x000000070e400000|100%| S|  |TAMS 0x000000070e300000, 0x000000070e300000| Complete 
|  96|0x000000070e400000, 0x000000070e500000, 0x000000070e500000|100%| S|  |TAMS 0x000000070e400000, 0x000000070e400000| Complete 
|  97|0x000000070e500000, 0x000000070e600000, 0x000000070e600000|100%| S|  |TAMS 0x000000070e500000, 0x000000070e500000| Complete 
|  98|0x000000070e600000, 0x000000070e700000, 0x000000070e700000|100%| S|  |TAMS 0x000000070e600000, 0x000000070e600000| Complete 
|  99|0x000000070e700000, 0x000000070e800000, 0x000000070e800000|100%| S|  |TAMS 0x000000070e700000, 0x000000070e700000| Complete 
| 100|0x000000070e800000, 0x000000070e900000, 0x000000070e900000|100%| E|CS|TAMS 0x000000070e800000, 0x000000070e800000| Complete 
| 101|0x000000070e900000, 0x000000070ea00000, 0x000000070ea00000|100%| E|CS|TAMS 0x000000070e900000, 0x000000070e900000| Complete 
| 102|0x000000070ea00000, 0x000000070eb00000, 0x000000070eb00000|100%| E|CS|TAMS 0x000000070ea00000, 0x000000070ea00000| Complete 
| 103|0x000000070eb00000, 0x000000070ec00000, 0x000000070ec00000|100%| E|CS|TAMS 0x000000070eb00000, 0x000000070eb00000| Complete 
| 104|0x000000070ec00000, 0x000000070ed00000, 0x000000070ed00000|100%| E|CS|TAMS 0x000000070ec00000, 0x000000070ec00000| Complete 
| 105|0x000000070ed00000, 0x000000070ee00000, 0x000000070ee00000|100%| E|CS|TAMS 0x000000070ed00000, 0x000000070ed00000| Complete 
| 106|0x000000070ee00000, 0x000000070ef00000, 0x000000070ef00000|100%| E|CS|TAMS 0x000000070ee00000, 0x000000070ee00000| Complete 
| 107|0x000000070ef00000, 0x000000070f000000, 0x000000070f000000|100%| E|CS|TAMS 0x000000070ef00000, 0x000000070ef00000| Complete 
| 108|0x000000070f000000, 0x000000070f100000, 0x000000070f100000|100%| E|CS|TAMS 0x000000070f000000, 0x000000070f000000| Complete 
| 109|0x000000070f100000, 0x000000070f200000, 0x000000070f200000|100%| E|CS|TAMS 0x000000070f100000, 0x000000070f100000| Complete 
| 110|0x000000070f200000, 0x000000070f300000, 0x000000070f300000|100%| E|CS|TAMS 0x000000070f200000, 0x000000070f200000| Complete 
| 111|0x000000070f300000, 0x000000070f400000, 0x000000070f400000|100%| E|CS|TAMS 0x000000070f300000, 0x000000070f300000| Complete 
| 112|0x000000070f400000, 0x000000070f500000, 0x000000070f500000|100%| E|CS|TAMS 0x000000070f400000, 0x000000070f400000| Complete 
| 113|0x000000070f500000, 0x000000070f600000, 0x000000070f600000|100%| E|CS|TAMS 0x000000070f500000, 0x000000070f500000| Complete 
| 114|0x000000070f600000, 0x000000070f700000, 0x000000070f700000|100%| E|CS|TAMS 0x000000070f600000, 0x000000070f600000| Complete 
| 115|0x000000070f700000, 0x000000070f800000, 0x000000070f800000|100%| E|CS|TAMS 0x000000070f700000, 0x000000070f700000| Complete 
| 116|0x000000070f800000, 0x000000070f900000, 0x000000070f900000|100%| E|CS|TAMS 0x000000070f800000, 0x000000070f800000| Complete 
| 117|0x000000070f900000, 0x000000070fa00000, 0x000000070fa00000|100%| E|CS|TAMS 0x000000070f900000, 0x000000070f900000| Complete 
| 118|0x000000070fa00000, 0x000000070fb00000, 0x000000070fb00000|100%| E|CS|TAMS 0x000000070fa00000, 0x000000070fa00000| Complete 
| 119|0x000000070fb00000, 0x000000070fc00000, 0x000000070fc00000|100%| E|CS|TAMS 0x000000070fb00000, 0x000000070fb00000| Complete 
| 120|0x000000070fc00000, 0x000000070fd00000, 0x000000070fd00000|100%| E|CS|TAMS 0x000000070fc00000, 0x000000070fc00000| Complete 
| 121|0x000000070fd00000, 0x000000070fe00000, 0x000000070fe00000|100%| E|CS|TAMS 0x000000070fd00000, 0x000000070fd00000| Complete 
| 122|0x000000070fe00000, 0x000000070ff00000, 0x000000070ff00000|100%| E|CS|TAMS 0x000000070fe00000, 0x000000070fe00000| Complete 
| 123|0x000000070ff00000, 0x0000000710000000, 0x0000000710000000|100%| E|CS|TAMS 0x000000070ff00000, 0x000000070ff00000| Complete 
| 124|0x0000000710000000, 0x0000000710100000, 0x0000000710100000|100%| E|CS|TAMS 0x0000000710000000, 0x0000000710000000| Complete 
| 125|0x0000000710100000, 0x0000000710200000, 0x0000000710200000|100%| E|CS|TAMS 0x0000000710100000, 0x0000000710100000| Complete 
| 126|0x0000000710200000, 0x0000000710300000, 0x0000000710300000|100%| E|CS|TAMS 0x0000000710200000, 0x0000000710200000| Complete 
| 127|0x0000000710300000, 0x0000000710400000, 0x0000000710400000|100%| E|CS|TAMS 0x0000000710300000, 0x0000000710300000| Complete 
| 128|0x0000000710400000, 0x0000000710500000, 0x0000000710500000|100%| E|CS|TAMS 0x0000000710400000, 0x0000000710400000| Complete 
| 129|0x0000000710500000, 0x0000000710600000, 0x0000000710600000|100%| E|CS|TAMS 0x0000000710500000, 0x0000000710500000| Complete 
| 130|0x0000000710600000, 0x0000000710700000, 0x0000000710700000|100%| E|CS|TAMS 0x0000000710600000, 0x0000000710600000| Complete 
| 131|0x0000000710700000, 0x0000000710800000, 0x0000000710800000|100%| E|CS|TAMS 0x0000000710700000, 0x0000000710700000| Complete 
| 132|0x0000000710800000, 0x0000000710900000, 0x0000000710900000|100%| E|CS|TAMS 0x0000000710800000, 0x0000000710800000| Complete 
| 133|0x0000000710900000, 0x0000000710a00000, 0x0000000710a00000|100%| E|CS|TAMS 0x0000000710900000, 0x0000000710900000| Complete 
| 134|0x0000000710a00000, 0x0000000710b00000, 0x0000000710b00000|100%| E|CS|TAMS 0x0000000710a00000, 0x0000000710a00000| Complete 
| 135|0x0000000710b00000, 0x0000000710c00000, 0x0000000710c00000|100%| E|CS|TAMS 0x0000000710b00000, 0x0000000710b00000| Complete 
| 136|0x0000000710c00000, 0x0000000710d00000, 0x0000000710d00000|100%| E|CS|TAMS 0x0000000710c00000, 0x0000000710c00000| Complete 
| 137|0x0000000710d00000, 0x0000000710e00000, 0x0000000710e00000|100%| E|CS|TAMS 0x0000000710d00000, 0x0000000710d00000| Complete 
| 138|0x0000000710e00000, 0x0000000710f00000, 0x0000000710f00000|100%| E|CS|TAMS 0x0000000710e00000, 0x0000000710e00000| Complete 
| 139|0x0000000710f00000, 0x0000000711000000, 0x0000000711000000|100%| E|CS|TAMS 0x0000000710f00000, 0x0000000710f00000| Complete 
| 140|0x0000000711000000, 0x0000000711100000, 0x0000000711100000|100%| E|CS|TAMS 0x0000000711000000, 0x0000000711000000| Complete 
| 141|0x0000000711100000, 0x0000000711200000, 0x0000000711200000|100%| E|CS|TAMS 0x0000000711100000, 0x0000000711100000| Complete 
| 142|0x0000000711200000, 0x0000000711300000, 0x0000000711300000|100%| E|CS|TAMS 0x0000000711200000, 0x0000000711200000| Complete 
| 143|0x0000000711300000, 0x0000000711400000, 0x0000000711400000|100%| E|CS|TAMS 0x0000000711300000, 0x0000000711300000| Complete 
| 144|0x0000000711400000, 0x0000000711500000, 0x0000000711500000|100%| E|CS|TAMS 0x0000000711400000, 0x0000000711400000| Complete 
| 145|0x0000000711500000, 0x0000000711600000, 0x0000000711600000|100%| E|CS|TAMS 0x0000000711500000, 0x0000000711500000| Complete 
| 146|0x0000000711600000, 0x0000000711700000, 0x0000000711700000|100%| E|CS|TAMS 0x0000000711600000, 0x0000000711600000| Complete 
| 147|0x0000000711700000, 0x0000000711800000, 0x0000000711800000|100%| E|CS|TAMS 0x0000000711700000, 0x0000000711700000| Complete 
| 148|0x0000000711800000, 0x0000000711900000, 0x0000000711900000|100%| E|CS|TAMS 0x0000000711800000, 0x0000000711800000| Complete 
| 149|0x0000000711900000, 0x0000000711a00000, 0x0000000711a00000|100%| E|CS|TAMS 0x0000000711900000, 0x0000000711900000| Complete 
| 150|0x0000000711a00000, 0x0000000711b00000, 0x0000000711b00000|100%| E|CS|TAMS 0x0000000711a00000, 0x0000000711a00000| Complete 
| 151|0x0000000711b00000, 0x0000000711c00000, 0x0000000711c00000|100%| E|CS|TAMS 0x0000000711b00000, 0x0000000711b00000| Complete 
| 152|0x0000000711c00000, 0x0000000711d00000, 0x0000000711d00000|100%| E|CS|TAMS 0x0000000711c00000, 0x0000000711c00000| Complete 
| 153|0x0000000711d00000, 0x0000000711e00000, 0x0000000711e00000|100%| E|CS|TAMS 0x0000000711d00000, 0x0000000711d00000| Complete 
| 154|0x0000000711e00000, 0x0000000711f00000, 0x0000000711f00000|100%| E|CS|TAMS 0x0000000711e00000, 0x0000000711e00000| Complete 
| 155|0x0000000711f00000, 0x0000000712000000, 0x0000000712000000|100%| E|CS|TAMS 0x0000000711f00000, 0x0000000711f00000| Complete 
| 156|0x0000000712000000, 0x0000000712100000, 0x0000000712100000|100%| E|CS|TAMS 0x0000000712000000, 0x0000000712000000| Complete 
| 157|0x0000000712100000, 0x0000000712200000, 0x0000000712200000|100%| E|CS|TAMS 0x0000000712100000, 0x0000000712100000| Complete 
| 158|0x0000000712200000, 0x0000000712300000, 0x0000000712300000|100%| E|CS|TAMS 0x0000000712200000, 0x0000000712200000| Complete 
| 159|0x0000000712300000, 0x0000000712400000, 0x0000000712400000|100%| E|CS|TAMS 0x0000000712300000, 0x0000000712300000| Complete 
| 160|0x0000000712400000, 0x0000000712500000, 0x0000000712500000|100%| E|CS|TAMS 0x0000000712400000, 0x0000000712400000| Complete 
| 161|0x0000000712500000, 0x0000000712600000, 0x0000000712600000|100%| E|CS|TAMS 0x0000000712500000, 0x0000000712500000| Complete 
| 162|0x0000000712600000, 0x0000000712700000, 0x0000000712700000|100%| E|CS|TAMS 0x0000000712600000, 0x0000000712600000| Complete 
| 163|0x0000000712700000, 0x0000000712800000, 0x0000000712800000|100%| E|CS|TAMS 0x0000000712700000, 0x0000000712700000| Complete 
| 164|0x0000000712800000, 0x0000000712900000, 0x0000000712900000|100%| E|CS|TAMS 0x0000000712800000, 0x0000000712800000| Complete 
| 165|0x0000000712900000, 0x0000000712a00000, 0x0000000712a00000|100%| E|CS|TAMS 0x0000000712900000, 0x0000000712900000| Complete 
| 166|0x0000000712a00000, 0x0000000712b00000, 0x0000000712b00000|100%| E|CS|TAMS 0x0000000712a00000, 0x0000000712a00000| Complete 
| 167|0x0000000712b00000, 0x0000000712c00000, 0x0000000712c00000|100%| E|CS|TAMS 0x0000000712b00000, 0x0000000712b00000| Complete 
| 168|0x0000000712c00000, 0x0000000712d00000, 0x0000000712d00000|100%| E|CS|TAMS 0x0000000712c00000, 0x0000000712c00000| Complete 
| 169|0x0000000712d00000, 0x0000000712e00000, 0x0000000712e00000|100%| E|CS|TAMS 0x0000000712d00000, 0x0000000712d00000| Complete 
| 170|0x0000000712e00000, 0x0000000712f00000, 0x0000000712f00000|100%| E|CS|TAMS 0x0000000712e00000, 0x0000000712e00000| Complete 
| 171|0x0000000712f00000, 0x0000000713000000, 0x0000000713000000|100%| E|CS|TAMS 0x0000000712f00000, 0x0000000712f00000| Complete 
| 172|0x0000000713000000, 0x0000000713100000, 0x0000000713100000|100%| E|CS|TAMS 0x0000000713000000, 0x0000000713000000| Complete 
| 173|0x0000000713100000, 0x0000000713200000, 0x0000000713200000|100%| E|CS|TAMS 0x0000000713100000, 0x0000000713100000| Complete 
| 174|0x0000000713200000, 0x0000000713300000, 0x0000000713300000|100%| E|CS|TAMS 0x0000000713200000, 0x0000000713200000| Complete 
| 175|0x0000000713300000, 0x0000000713400000, 0x0000000713400000|100%| E|CS|TAMS 0x0000000713300000, 0x0000000713300000| Complete 
| 176|0x0000000713400000, 0x0000000713500000, 0x0000000713500000|100%| E|CS|TAMS 0x0000000713400000, 0x0000000713400000| Complete 
| 177|0x0000000713500000, 0x0000000713600000, 0x0000000713600000|100%| E|CS|TAMS 0x0000000713500000, 0x0000000713500000| Complete 
| 178|0x0000000713600000, 0x0000000713700000, 0x0000000713700000|100%| E|CS|TAMS 0x0000000713600000, 0x0000000713600000| Complete 
| 179|0x0000000713700000, 0x0000000713800000, 0x0000000713800000|100%| E|CS|TAMS 0x0000000713700000, 0x0000000713700000| Complete 
| 180|0x0000000713800000, 0x0000000713900000, 0x0000000713900000|100%| E|CS|TAMS 0x0000000713800000, 0x0000000713800000| Complete 
| 181|0x0000000713900000, 0x0000000713a00000, 0x0000000713a00000|100%| E|CS|TAMS 0x0000000713900000, 0x0000000713900000| Complete 
| 182|0x0000000713a00000, 0x0000000713b00000, 0x0000000713b00000|100%| E|CS|TAMS 0x0000000713a00000, 0x0000000713a00000| Complete 
| 183|0x0000000713b00000, 0x0000000713c00000, 0x0000000713c00000|100%| E|CS|TAMS 0x0000000713b00000, 0x0000000713b00000| Complete 
| 184|0x0000000713c00000, 0x0000000713d00000, 0x0000000713d00000|100%| E|CS|TAMS 0x0000000713c00000, 0x0000000713c00000| Complete 
| 185|0x0000000713d00000, 0x0000000713e00000, 0x0000000713e00000|100%| E|CS|TAMS 0x0000000713d00000, 0x0000000713d00000| Complete 
| 186|0x0000000713e00000, 0x0000000713f00000, 0x0000000713f00000|100%| E|CS|TAMS 0x0000000713e00000, 0x0000000713e00000| Complete 
| 187|0x0000000713f00000, 0x0000000714000000, 0x0000000714000000|100%| E|CS|TAMS 0x0000000713f00000, 0x0000000713f00000| Complete 
| 188|0x0000000714000000, 0x0000000714100000, 0x0000000714100000|100%| E|CS|TAMS 0x0000000714000000, 0x0000000714000000| Complete 
| 189|0x0000000714100000, 0x0000000714200000, 0x0000000714200000|100%| E|CS|TAMS 0x0000000714100000, 0x0000000714100000| Complete 
| 190|0x0000000714200000, 0x0000000714300000, 0x0000000714300000|100%| E|CS|TAMS 0x0000000714200000, 0x0000000714200000| Complete 
| 191|0x0000000714300000, 0x0000000714400000, 0x0000000714400000|100%| E|CS|TAMS 0x0000000714300000, 0x0000000714300000| Complete 
| 192|0x0000000714400000, 0x0000000714500000, 0x0000000714500000|100%| E|CS|TAMS 0x0000000714400000, 0x0000000714400000| Complete 
| 193|0x0000000714500000, 0x0000000714600000, 0x0000000714600000|100%| E|CS|TAMS 0x0000000714500000, 0x0000000714500000| Complete 
| 194|0x0000000714600000, 0x0000000714700000, 0x0000000714700000|100%| E|CS|TAMS 0x0000000714600000, 0x0000000714600000| Complete 
| 195|0x0000000714700000, 0x0000000714800000, 0x0000000714800000|100%| E|CS|TAMS 0x0000000714700000, 0x0000000714700000| Complete 
| 196|0x0000000714800000, 0x0000000714900000, 0x0000000714900000|100%| E|CS|TAMS 0x0000000714800000, 0x0000000714800000| Complete 
| 197|0x0000000714900000, 0x0000000714a00000, 0x0000000714a00000|100%| E|CS|TAMS 0x0000000714900000, 0x0000000714900000| Complete 
| 198|0x0000000714a00000, 0x0000000714b00000, 0x0000000714b00000|100%| E|CS|TAMS 0x0000000714a00000, 0x0000000714a00000| Complete 
| 199|0x0000000714b00000, 0x0000000714c00000, 0x0000000714c00000|100%| E|CS|TAMS 0x0000000714b00000, 0x0000000714b00000| Complete 
| 200|0x0000000714c00000, 0x0000000714d00000, 0x0000000714d00000|100%| E|CS|TAMS 0x0000000714c00000, 0x0000000714c00000| Complete 
| 201|0x0000000714d00000, 0x0000000714e00000, 0x0000000714e00000|100%| E|CS|TAMS 0x0000000714d00000, 0x0000000714d00000| Complete 
| 202|0x0000000714e00000, 0x0000000714f00000, 0x0000000714f00000|100%| E|CS|TAMS 0x0000000714e00000, 0x0000000714e00000| Complete 
| 203|0x0000000714f00000, 0x0000000715000000, 0x0000000715000000|100%| E|CS|TAMS 0x0000000714f00000, 0x0000000714f00000| Complete 
| 204|0x0000000715000000, 0x0000000715100000, 0x0000000715100000|100%| E|CS|TAMS 0x0000000715000000, 0x0000000715000000| Complete 
| 205|0x0000000715100000, 0x0000000715200000, 0x0000000715200000|100%| E|CS|TAMS 0x0000000715100000, 0x0000000715100000| Complete 
| 206|0x0000000715200000, 0x0000000715300000, 0x0000000715300000|100%| E|CS|TAMS 0x0000000715200000, 0x0000000715200000| Complete 
| 207|0x0000000715300000, 0x0000000715400000, 0x0000000715400000|100%| E|CS|TAMS 0x0000000715300000, 0x0000000715300000| Complete 
| 208|0x0000000715400000, 0x0000000715500000, 0x0000000715500000|100%| E|CS|TAMS 0x0000000715400000, 0x0000000715400000| Complete 
| 209|0x0000000715500000, 0x0000000715600000, 0x0000000715600000|100%| E|CS|TAMS 0x0000000715500000, 0x0000000715500000| Complete 
| 210|0x0000000715600000, 0x0000000715700000, 0x0000000715700000|100%| E|CS|TAMS 0x0000000715600000, 0x0000000715600000| Complete 
| 211|0x0000000715700000, 0x0000000715800000, 0x0000000715800000|100%| E|CS|TAMS 0x0000000715700000, 0x0000000715700000| Complete 
| 212|0x0000000715800000, 0x0000000715900000, 0x0000000715900000|100%| E|CS|TAMS 0x0000000715800000, 0x0000000715800000| Complete 
| 213|0x0000000715900000, 0x0000000715a00000, 0x0000000715a00000|100%| E|CS|TAMS 0x0000000715900000, 0x0000000715900000| Complete 
| 214|0x0000000715a00000, 0x0000000715b00000, 0x0000000715b00000|100%| E|CS|TAMS 0x0000000715a00000, 0x0000000715a00000| Complete 
| 215|0x0000000715b00000, 0x0000000715c00000, 0x0000000715c00000|100%| E|CS|TAMS 0x0000000715b00000, 0x0000000715b00000| Complete 
| 216|0x0000000715c00000, 0x0000000715d00000, 0x0000000715d00000|100%| E|CS|TAMS 0x0000000715c00000, 0x0000000715c00000| Complete 
| 217|0x0000000715d00000, 0x0000000715e00000, 0x0000000715e00000|100%| E|CS|TAMS 0x0000000715d00000, 0x0000000715d00000| Complete 
| 218|0x0000000715e00000, 0x0000000715f00000, 0x0000000715f00000|100%| E|CS|TAMS 0x0000000715e00000, 0x0000000715e00000| Complete 
| 219|0x0000000715f00000, 0x0000000716000000, 0x0000000716000000|100%| E|CS|TAMS 0x0000000715f00000, 0x0000000715f00000| Complete 
| 220|0x0000000716000000, 0x0000000716100000, 0x0000000716100000|100%| E|CS|TAMS 0x0000000716000000, 0x0000000716000000| Complete 
| 221|0x0000000716100000, 0x0000000716200000, 0x0000000716200000|100%| E|CS|TAMS 0x0000000716100000, 0x0000000716100000| Complete 
| 222|0x0000000716200000, 0x0000000716300000, 0x0000000716300000|100%| E|CS|TAMS 0x0000000716200000, 0x0000000716200000| Complete 
| 223|0x0000000716300000, 0x0000000716400000, 0x0000000716400000|100%| E|CS|TAMS 0x0000000716300000, 0x0000000716300000| Complete 
| 224|0x0000000716400000, 0x0000000716500000, 0x0000000716500000|100%| E|CS|TAMS 0x0000000716400000, 0x0000000716400000| Complete 
| 225|0x0000000716500000, 0x0000000716600000, 0x0000000716600000|100%| E|CS|TAMS 0x0000000716500000, 0x0000000716500000| Complete 
| 226|0x0000000716600000, 0x0000000716700000, 0x0000000716700000|100%| E|CS|TAMS 0x0000000716600000, 0x0000000716600000| Complete 
| 227|0x0000000716700000, 0x0000000716800000, 0x0000000716800000|100%| E|CS|TAMS 0x0000000716700000, 0x0000000716700000| Complete 
| 228|0x0000000716800000, 0x0000000716900000, 0x0000000716900000|100%| E|CS|TAMS 0x0000000716800000, 0x0000000716800000| Complete 
| 229|0x0000000716900000, 0x0000000716a00000, 0x0000000716a00000|100%| E|CS|TAMS 0x0000000716900000, 0x0000000716900000| Complete 
| 230|0x0000000716a00000, 0x0000000716b00000, 0x0000000716b00000|100%| E|CS|TAMS 0x0000000716a00000, 0x0000000716a00000| Complete 
| 231|0x0000000716b00000, 0x0000000716c00000, 0x0000000716c00000|100%| E|CS|TAMS 0x0000000716b00000, 0x0000000716b00000| Complete 
| 232|0x0000000716c00000, 0x0000000716d00000, 0x0000000716d00000|100%| E|CS|TAMS 0x0000000716c00000, 0x0000000716c00000| Complete 
| 233|0x0000000716d00000, 0x0000000716e00000, 0x0000000716e00000|100%| E|CS|TAMS 0x0000000716d00000, 0x0000000716d00000| Complete 
| 234|0x0000000716e00000, 0x0000000716f00000, 0x0000000716f00000|100%| E|CS|TAMS 0x0000000716e00000, 0x0000000716e00000| Complete 
| 235|0x0000000716f00000, 0x0000000717000000, 0x0000000717000000|100%| E|CS|TAMS 0x0000000716f00000, 0x0000000716f00000| Complete 
| 236|0x0000000717000000, 0x0000000717100000, 0x0000000717100000|100%| E|CS|TAMS 0x0000000717000000, 0x0000000717000000| Complete 
| 237|0x0000000717100000, 0x0000000717200000, 0x0000000717200000|100%| E|CS|TAMS 0x0000000717100000, 0x0000000717100000| Complete 
| 238|0x0000000717200000, 0x0000000717300000, 0x0000000717300000|100%| E|CS|TAMS 0x0000000717200000, 0x0000000717200000| Complete 
| 239|0x0000000717300000, 0x0000000717400000, 0x0000000717400000|100%| E|CS|TAMS 0x0000000717300000, 0x0000000717300000| Complete 
| 240|0x0000000717400000, 0x0000000717500000, 0x0000000717500000|100%| E|CS|TAMS 0x0000000717400000, 0x0000000717400000| Complete 
| 241|0x0000000717500000, 0x0000000717600000, 0x0000000717600000|100%| E|CS|TAMS 0x0000000717500000, 0x0000000717500000| Complete 
| 242|0x0000000717600000, 0x0000000717700000, 0x0000000717700000|100%| E|CS|TAMS 0x0000000717600000, 0x0000000717600000| Complete 
| 243|0x0000000717700000, 0x0000000717800000, 0x0000000717800000|100%| E|CS|TAMS 0x0000000717700000, 0x0000000717700000| Complete 
| 244|0x0000000717800000, 0x0000000717900000, 0x0000000717900000|100%| E|CS|TAMS 0x0000000717800000, 0x0000000717800000| Complete 
| 245|0x0000000717900000, 0x0000000717a00000, 0x0000000717a00000|100%| E|CS|TAMS 0x0000000717900000, 0x0000000717900000| Complete 
| 246|0x0000000717a00000, 0x0000000717b00000, 0x0000000717b00000|100%| E|CS|TAMS 0x0000000717a00000, 0x0000000717a00000| Complete 
| 247|0x0000000717b00000, 0x0000000717c00000, 0x0000000717c00000|100%| E|CS|TAMS 0x0000000717b00000, 0x0000000717b00000| Complete 
|2938|0x00000007bfe00000, 0x00000007bfe47000, 0x00000007bff00000| 27%|OA|  |TAMS 0x00000007bfe00000, 0x00000007bfe00000| Untracked 
|2939|0x00000007bff00000, 0x00000007bff6b000, 0x00000007c0000000| 41%|CA|  |TAMS 0x00000007bff00000, 0x00000007bff00000| Untracked 

Card table byte_map: [0x00007f0929dc3000,0x00007f092a581000] _byte_map_base: 0x00007f0926581000

Marking Bits (Prev, Next): (CMBitMap*) 0x00007f092407de28, (CMBitMap*) 0x00007f092407de60
 Prev Bits: [0x00007f0904210000, 0x00007f0908000000)
 Next Bits: [0x00007f0900420000, 0x00007f0904210000)

Polling page: 0x00007f092ba95000

Metaspace:

Usage:
  Non-class:     13,49 MB capacity,    12,20 MB ( 90%) used,     1,28 MB (  9%) free+waste,    19,19 KB ( <1%) overhead. 
      Class:      1,76 MB capacity,     1,51 MB ( 86%) used,   252,45 KB ( 14%) free+waste,     8,38 KB ( <1%) overhead. 
       Both:     15,26 MB capacity,    13,71 MB ( 90%) used,     1,52 MB ( 10%) free+waste,    27,56 KB ( <1%) overhead. 

Virtual space:
  Non-class space:       14,00 MB reserved,      13,75 MB ( 98%) committed 
      Class space:        1,00 GB reserved,       1,88 MB ( <1%) committed 
             Both:        1,01 GB reserved,      15,62 MB (  2%) committed 

Chunk freelists:
   Non-Class:  92,00 KB
       Class:  18,00 KB
        Both:  110,00 KB

MaxMetaspaceSize: unlimited
CompressedClassSpaceSize: 1,00 GB
Initial GC threshold: 20,80 MB
Current GC threshold: 20,80 MB
CDS: on

CodeHeap 'non-profiled nmethods': size=120032Kb used=1616Kb max_used=1616Kb free=118415Kb
 bounds [0x00007f091431b000, 0x00007f091458b000, 0x00007f091b853000]
CodeHeap 'profiled nmethods': size=120028Kb used=7299Kb max_used=7299Kb free=112728Kb
 bounds [0x00007f090cde4000, 0x00007f090d514000, 0x00007f091431b000]
CodeHeap 'non-nmethods': size=5700Kb used=1171Kb max_used=1221Kb free=4528Kb
 bounds [0x00007f090c853000, 0x00007f090cac3000, 0x00007f090cde4000]
 total_blobs=3723 nmethods=3291 adapters=345
 compilation: enabled
              stopped_count=0, restarted_count=0
 full_count=0

Compilation events (20 events):
Event: 1,503 Thread 0x00007f09241e6000 nmethod 3300 0x00007f090d4fe990 code [0x00007f090d4fec20, 0x00007f090d4ff710]
Event: 1,503 Thread 0x00007f09241e6000 3296       1       org.apache.maven.model.ActivationFile::getExists (5 bytes)
Event: 1,503 Thread 0x00007f09241e6000 nmethod 3296 0x00007f09144a7b90 code [0x00007f09144a7d40, 0x00007f09144a7e10]
Event: 1,504 Thread 0x00007f09241e6000 3301   !   3       org.apache.maven.model.Parent::clone (73 bytes)
Event: 1,505 Thread 0x00007f09241e6000 nmethod 3301 0x00007f090d4ffb10 code [0x00007f090d4ffe00, 0x00007f090d500cb0]
Event: 1,505 Thread 0x00007f09241e6000 3302       3       java.util.regex.Pattern::expr (142 bytes)
Event: 1,506 Thread 0x00007f09241e6000 nmethod 3302 0x00007f090d501290 code [0x00007f090d501520, 0x00007f090d502200]
Event: 1,506 Thread 0x00007f09241e6000 3303       1       org.apache.maven.model.MailingList::setName (6 bytes)
Event: 1,506 Thread 0x00007f09241e6000 nmethod 3303 0x00007f09144a7e90 code [0x00007f09144a8040, 0x00007f09144a8170]
Event: 1,506 Thread 0x00007f09241e6000 3304       1       org.apache.maven.model.MailingList::setArchive (6 bytes)
Event: 1,506 Thread 0x00007f09241e6000 nmethod 3304 0x00007f09144a8210 code [0x00007f09144a83c0, 0x00007f09144a84f0]
Event: 1,506 Thread 0x00007f09241e6000 3306   !   3       java.util.regex.Pattern::<init> (144 bytes)
Event: 1,507 Thread 0x00007f09241e6000 nmethod 3306 0x00007f090d502690 code [0x00007f090d5029e0, 0x00007f090d503e10]
Event: 1,507 Thread 0x00007f09241e6000 3305       3       java.util.regex.Pattern::compile (10 bytes)
Event: 1,507 Thread 0x00007f08d4265000 nmethod 3142 0x00007f09144a8590 code [0x00007f09144a8940, 0x00007f09144acbd0]
Event: 1,507 Thread 0x00007f08d4265000 3294 % !   4       sun.nio.cs.ISO_8859_1$Decoder::decodeArrayLoop @ 129 (263 bytes)
Event: 1,507 Thread 0x00007f09241e6000 nmethod 3305 0x00007f090d504490 code [0x00007f090d504640, 0x00007f090d5047e0]
Event: 1,507 Thread 0x00007f09241e6000 3307       3       java.util.Formatter$Conversion::isGeneral (64 bytes)
Event: 1,507 Thread 0x00007f09241e6000 nmethod 3307 0x00007f090d504890 code [0x00007f090d504a40, 0x00007f090d504c10]
Event: 1,508 Thread 0x00007f09241e6000 3308   !   3       jdk.internal.reflect.GeneratedMethodAccessor3::invoke (61 bytes)

GC Heap History (3 events):
Event: 0,472 GC heap before
{Heap before GC invocations=0 (full 0):
 garbage-first heap   total 256000K, used 25288K [0x0000000708400000, 0x0000000800000000)
  region size 1024K, 24 young (24576K), 0 survivors (0K)
 Metaspace       used 5643K, capacity 7995K, committed 8192K, reserved 1056768K
  class space    used 649K, capacity 902K, committed 1024K, reserved 1048576K
}
Event: 0,480 GC heap after
{Heap after GC invocations=1 (full 0):
 garbage-first heap   total 256000K, used 3839K [0x0000000708400000, 0x0000000800000000)
  region size 1024K, 3 young (3072K), 3 survivors (3072K)
 Metaspace       used 5643K, capacity 7995K, committed 8192K, reserved 1056768K
  class space    used 649K, capacity 902K, committed 1024K, reserved 1048576K
}
Event: 1,508 GC heap before
{Heap before GC invocations=1 (full 0):
 garbage-first heap   total 256000K, used 152319K [0x0000000708400000, 0x0000000800000000)
  region size 1024K, 148 young (151552K), 3 survivors (3072K)
 Metaspace       used 14035K, capacity 15622K, committed 16000K, reserved 1062912K
  class space    used 1545K, capacity 1806K, committed 1920K, reserved 1048576K
}

Deoptimization events (20 events):
Event: 1,426 Thread 0x00007f0924017800 DEOPT PACKING pc=0x00007f090d176120 sp=0x00007f092bbcd5b0
Event: 1,426 Thread 0x00007f0924017800 DEOPT UNPACKING pc=0x00007f090c89d64a sp=0x00007f092bbccae8 mode 0
Event: 1,432 Thread 0x00007f0924017800 Uncommon trap: trap_request=0xffffffbe fr.pc=0x00007f0914496524 relative=0x0000000000001224
Event: 1,432 Thread 0x00007f0924017800 Uncommon trap: reason=profile_predicate action=maybe_recompile pc=0x00007f0914496524 method=java.util.concurrent.ConcurrentHashMap.putAll(Ljava/util/Map;)V @ 28 c2
Event: 1,432 Thread 0x00007f0924017800 DEOPT PACKING pc=0x00007f0914496524 sp=0x00007f092bbcd600
Event: 1,432 Thread 0x00007f0924017800 DEOPT UNPACKING pc=0x00007f090c89cea5 sp=0x00007f092bbcd5e0 mode 2
Event: 1,432 Thread 0x00007f0924017800 Uncommon trap: trap_request=0xffffffbe fr.pc=0x00007f0914496524 relative=0x0000000000001224
Event: 1,432 Thread 0x00007f0924017800 Uncommon trap: reason=profile_predicate action=maybe_recompile pc=0x00007f0914496524 method=java.util.concurrent.ConcurrentHashMap.putAll(Ljava/util/Map;)V @ 28 c2
Event: 1,432 Thread 0x00007f0924017800 DEOPT PACKING pc=0x00007f0914496524 sp=0x00007f092bbcd340
Event: 1,432 Thread 0x00007f0924017800 DEOPT UNPACKING pc=0x00007f090c89cea5 sp=0x00007f092bbcd320 mode 2
Event: 1,432 Thread 0x00007f0924017800 Uncommon trap: trap_request=0xffffffbe fr.pc=0x00007f0914496524 relative=0x0000000000001224
Event: 1,432 Thread 0x00007f0924017800 Uncommon trap: reason=profile_predicate action=maybe_recompile pc=0x00007f0914496524 method=java.util.concurrent.ConcurrentHashMap.putAll(Ljava/util/Map;)V @ 28 c2
Event: 1,432 Thread 0x00007f0924017800 DEOPT PACKING pc=0x00007f0914496524 sp=0x00007f092bbcd0b0
Event: 1,432 Thread 0x00007f0924017800 DEOPT UNPACKING pc=0x00007f090c89cea5 sp=0x00007f092bbcd090 mode 2
Event: 1,432 Thread 0x00007f0924017800 Uncommon trap: trap_request=0xffffffbe fr.pc=0x00007f0914496524 relative=0x0000000000001224
Event: 1,432 Thread 0x00007f0924017800 Uncommon trap: reason=profile_predicate action=maybe_recompile pc=0x00007f0914496524 method=java.util.concurrent.ConcurrentHashMap.putAll(Ljava/util/Map;)V @ 28 c2
Event: 1,432 Thread 0x00007f0924017800 DEOPT PACKING pc=0x00007f0914496524 sp=0x00007f092bbccfc0
Event: 1,432 Thread 0x00007f0924017800 DEOPT UNPACKING pc=0x00007f090c89cea5 sp=0x00007f092bbccfa0 mode 2
Event: 1,465 Thread 0x00007f0924017800 DEOPT PACKING pc=0x00007f090d176120 sp=0x00007f092bbcca10
Event: 1,465 Thread 0x00007f0924017800 DEOPT UNPACKING pc=0x00007f090c89d64a sp=0x00007f092bbcbf48 mode 0

Classes redefined (0 events):
No events

Internal exceptions (19 events):
Event: 0,251 Thread 0x00007f0924017800 Exception <a 'java/lang/NoSuchMethodError'{0x0000000717771ed0}: 'int java.lang.invoke.DirectMethodHandle$Holder.invokeSpecialIFC(java.lang.Object, java.lang.Object, int)'> (0x0000000717771ed0) thrown at [src/hotspot/share/interpreter/linkResolver.cpp, line 772]
Event: 0,256 Thread 0x00007f0924017800 Exception <a 'java/lang/NullPointerException'{0x00000007177e3348}> (0x00000007177e3348) thrown at [src/hotspot/share/interpreter/linkResolver.cpp, line 1358]
Event: 0,262 Thread 0x00007f0924017800 Exception <a 'java/lang/NullPointerException'{0x000000071763e748}> (0x000000071763e748) thrown at [src/hotspot/share/interpreter/linkResolver.cpp, line 1358]
Event: 0,262 Thread 0x00007f0924017800 Exception <a 'java/lang/NullPointerException'{0x000000071763ea18}> (0x000000071763ea18) thrown at [src/hotspot/share/interpreter/linkResolver.cpp, line 1358]
Event: 0,262 Thread 0x00007f0924017800 Exception <a 'java/lang/NullPointerException'{0x000000071763ece8}> (0x000000071763ece8) thrown at [src/hotspot/share/interpreter/linkResolver.cpp, line 1358]
Event: 0,263 Thread 0x00007f0924017800 Exception <a 'java/lang/NullPointerException'{0x0000000717647838}> (0x0000000717647838) thrown at [src/hotspot/share/interpreter/linkResolver.cpp, line 1358]
Event: 0,264 Thread 0x00007f0924017800 Exception <a 'java/lang/NullPointerException'{0x0000000717660a90}> (0x0000000717660a90) thrown at [src/hotspot/share/interpreter/linkResolver.cpp, line 1358]
Event: 0,264 Thread 0x00007f0924017800 Exception <a 'java/lang/NullPointerException'{0x0000000717660d60}> (0x0000000717660d60) thrown at [src/hotspot/share/interpreter/linkResolver.cpp, line 1358]
Event: 0,264 Thread 0x00007f0924017800 Exception <a 'java/lang/NullPointerException'{0x0000000717661030}> (0x0000000717661030) thrown at [src/hotspot/share/interpreter/linkResolver.cpp, line 1358]
Event: 0,264 Thread 0x00007f0924017800 Exception <a 'java/lang/NullPointerException'{0x0000000717661338}> (0x0000000717661338) thrown at [src/hotspot/share/interpreter/linkResolver.cpp, line 1358]
Event: 0,441 Thread 0x00007f0924017800 Exception <a 'java/lang/NoClassDefFoundError'{0x00000007167277b0}: javax/enterprise/inject/Typed> (0x00000007167277b0) thrown at [src/hotspot/share/classfile/systemDictionary.cpp, line 220]
Event: 0,877 Thread 0x00007f0924017800 Exception <a 'java/lang/NoClassDefFoundError'{0x0000000715156ca8}: com/google/inject/servlet/ServletModuleTargetVisitor> (0x0000000715156ca8) thrown at [src/hotspot/share/classfile/systemDictionary.cpp, line 220]
Event: 0,877 Thread 0x00007f0924017800 Exception <a 'java/lang/NoClassDefFoundError'{0x0000000715156ca8}> (0x0000000715156ca8) thrown at [src/hotspot/share/prims/jvm.cpp, line 1310]
Event: 0,974 Thread 0x00007f0924017800 Implicit null exception at 0x00007f0914344804 to 0x00007f0914344d14
Event: 0,974 Thread 0x00007f0924017800 Implicit null exception at 0x00007f0914343184 to 0x00007f0914343670
Event: 1,166 Thread 0x00007f0924017800 Implicit null exception at 0x00007f09144176cc to 0x00007f0914417ea8
Event: 1,166 Thread 0x00007f0924017800 Implicit null exception at 0x00007f0914396c85 to 0x00007f0914396e70
Event: 1,166 Thread 0x00007f0924017800 Implicit null exception at 0x00007f091439834b to 0x00007f0914398a28
Event: 1,413 Thread 0x00007f0924017800 Implicit null exception at 0x00007f09143c272f to 0x00007f09143c27ad

Events (20 events):
Event: 1,420 Executing VM operation: ICBufferFull done
Event: 1,421 loading class org/eclipse/aether/internal/impl/ArtifactRequestBuilder
Event: 1,421 loading class org/eclipse/aether/internal/impl/ArtifactRequestBuilder done
Event: 1,422 loading class org/eclipse/aether/util/graph/visitor/FilteringDependencyVisitor
Event: 1,422 loading class org/eclipse/aether/util/graph/visitor/FilteringDependencyVisitor done
Event: 1,422 loading class org/eclipse/aether/util/graph/visitor/Stack
Event: 1,422 loading class org/eclipse/aether/util/graph/visitor/Stack done
Event: 1,422 loading class org/eclipse/aether/util/graph/visitor/TreeDependencyVisitor
Event: 1,422 loading class org/eclipse/aether/util/graph/visitor/TreeDependencyVisitor done
Event: 1,431 loading class org/apache/maven/plugin/DefaultPluginRealmCache$CacheKey
Event: 1,431 loading class org/apache/maven/plugin/DefaultPluginRealmCache$CacheKey done
Event: 1,431 loading class org/apache/maven/plugin/CacheUtils
Event: 1,431 loading class org/apache/maven/plugin/CacheUtils done
Event: 1,431 loading class org/apache/maven/plugin/internal/PlexusUtilsInjector
Event: 1,431 loading class org/apache/maven/plugin/internal/PlexusUtilsInjector done
Event: 1,431 loading class org/apache/maven/plugin/internal/WagonExcluder
Event: 1,431 loading class org/apache/maven/plugin/internal/WagonExcluder done
Event: 1,463 loading class java/util/Collections$UnmodifiableList$1
Event: 1,463 loading class java/util/Collections$UnmodifiableList$1 done
Event: 1,508 Executing VM operation: G1CollectForAllocation


Dynamic libraries:
708400000-717c00000 rw-p 00000000 00:00 0 
717c00000-7bfe00000 ---p 00000000 00:00 0 
7bfe00000-7bfe47000 rw-p 01114000 103:06 3802055                         /usr/lib/jvm/java-11-openjdk-amd64/lib/server/classes.jsa
7bfe47000-7bff00000 rw-p 00000000 00:00 0 
7bff00000-7bff6b000 rw-p 010a9000 103:06 3802055                         /usr/lib/jvm/java-11-openjdk-amd64/lib/server/classes.jsa
7bff6b000-7c0000000 rw-p 00000000 00:00 0 
7c0000000-800000000 ---p 00000000 00:00 0 
800000000-800002000 rwxp 00001000 103:06 3802055                         /usr/lib/jvm/java-11-openjdk-amd64/lib/server/classes.jsa
800002000-8003b7000 rw-p 00003000 103:06 3802055                         /usr/lib/jvm/java-11-openjdk-amd64/lib/server/classes.jsa
8003b7000-800a97000 r--p 003b8000 103:06 3802055                         /usr/lib/jvm/java-11-openjdk-amd64/lib/server/classes.jsa
800a97000-800a98000 rw-p 00a98000 103:06 3802055                         /usr/lib/jvm/java-11-openjdk-amd64/lib/server/classes.jsa
800a98000-8010a8000 r--p 00a99000 103:06 3802055                         /usr/lib/jvm/java-11-openjdk-amd64/lib/server/classes.jsa
840000000-8401e0000 rw-p 00000000 00:00 0 
8401e0000-880000000 ---p 00000000 00:00 0 
55671aaf9000-55671aafa000 r--p 00000000 103:06 2889075                   /usr/lib/jvm/java-11-openjdk-amd64/bin/java
55671aafa000-55671aafb000 r-xp 00001000 103:06 2889075                   /usr/lib/jvm/java-11-openjdk-amd64/bin/java
55671aafb000-55671aafc000 r--p 00002000 103:06 2889075                   /usr/lib/jvm/java-11-openjdk-amd64/bin/java
55671aafc000-55671aafd000 r--p 00002000 103:06 2889075                   /usr/lib/jvm/java-11-openjdk-amd64/bin/java
55671aafd000-55671aafe000 rw-p 00003000 103:06 2889075                   /usr/lib/jvm/java-11-openjdk-amd64/bin/java
55671b6d6000-55671b6f7000 rw-p 00000000 00:00 0                          [heap]
7f08a8000000-7f08a8021000 rw-p 00000000 00:00 0 
7f08a8021000-7f08ac000000 ---p 00000000 00:00 0 
7f08ac000000-7f08ac021000 rw-p 00000000 00:00 0 
7f08ac021000-7f08b0000000 ---p 00000000 00:00 0 
7f08b0000000-7f08b0021000 rw-p 00000000 00:00 0 
7f08b0021000-7f08b4000000 ---p 00000000 00:00 0 
7f08b4000000-7f08b4021000 rw-p 00000000 00:00 0 
7f08b4021000-7f08b8000000 ---p 00000000 00:00 0 
7f08b8000000-7f08b8bec000 rw-p 00000000 00:00 0 
7f08b8bec000-7f08bc000000 ---p 00000000 00:00 0 
7f08bc000000-7f08bc021000 rw-p 00000000 00:00 0 
7f08bc021000-7f08c0000000 ---p 00000000 00:00 0 
7f08c0000000-7f08c0021000 rw-p 00000000 00:00 0 
7f08c0021000-7f08c4000000 ---p 00000000 00:00 0 
7f08c4000000-7f08c4a1a000 rw-p 00000000 00:00 0 
7f08c4a1a000-7f08c8000000 ---p 00000000 00:00 0 
7f08c8000000-7f08c8021000 rw-p 00000000 00:00 0 
7f08c8021000-7f08cc000000 ---p 00000000 00:00 0 
7f08cc000000-7f08cc021000 rw-p 00000000 00:00 0 
7f08cc021000-7f08d0000000 ---p 00000000 00:00 0 
7f08d0000000-7f08d0a94000 rw-p 00000000 00:00 0 
7f08d0a94000-7f08d4000000 ---p 00000000 00:00 0 
7f08d4000000-7f08d4a94000 rw-p 00000000 00:00 0 
7f08d4a94000-7f08d8000000 ---p 00000000 00:00 0 
7f08d8000000-7f08d8021000 rw-p 00000000 00:00 0 
7f08d8021000-7f08dc000000 ---p 00000000 00:00 0 
7f08dc000000-7f08dc021000 rw-p 00000000 00:00 0 
7f08dc021000-7f08e0000000 ---p 00000000 00:00 0 
7f08e0000000-7f08e0021000 rw-p 00000000 00:00 0 
7f08e0021000-7f08e4000000 ---p 00000000 00:00 0 
7f08e4000000-7f08e4021000 rw-p 00000000 00:00 0 
7f08e4021000-7f08e8000000 ---p 00000000 00:00 0 
7f08e8000000-7f08e8021000 rw-p 00000000 00:00 0 
7f08e8021000-7f08ec000000 ---p 00000000 00:00 0 
7f08ec000000-7f08ec021000 rw-p 00000000 00:00 0 
7f08ec021000-7f08f0000000 ---p 00000000 00:00 0 
7f08f0000000-7f08f0021000 rw-p 00000000 00:00 0 
7f08f0021000-7f08f4000000 ---p 00000000 00:00 0 
7f08f4000000-7f08f4021000 rw-p 00000000 00:00 0 
7f08f4021000-7f08f8000000 ---p 00000000 00:00 0 
7f08f878b000-7f08f894b000 rw-p 00000000 00:00 0 
7f08f894b000-7f08f898b000 ---p 00000000 00:00 0 
7f08f8ad7000-7f08f8e7f000 rw-p 00000000 00:00 0 
7f08f8e7f000-7f08f907f000 rw-p 00000000 00:00 0 
7f08f907f000-7f08f9080000 ---p 00000000 00:00 0 
7f08f9080000-7f08f9181000 rw-p 00000000 00:00 0 
7f08f9181000-7f08f9182000 ---p 00000000 00:00 0 
7f08f9182000-7f08f9283000 rw-p 00000000 00:00 0 
7f08f9283000-7f08f9284000 ---p 00000000 00:00 0 
7f08f9284000-7f08f9385000 rw-p 00000000 00:00 0 
7f08f9385000-7f08f9386000 ---p 00000000 00:00 0 
7f08f9386000-7f08f9487000 rw-p 00000000 00:00 0 
7f08f9487000-7f08f9488000 ---p 00000000 00:00 0 
7f08f9488000-7f08f9589000 rw-p 00000000 00:00 0 
7f08f9589000-7f08f958d000 ---p 00000000 00:00 0 
7f08f958d000-7f08f968a000 rw-p 00000000 00:00 0 
7f08f968a000-7f08f968e000 ---p 00000000 00:00 0 
7f08f968e000-7f08f978b000 rw-p 00000000 00:00 0 
7f08f978b000-7f08f978e000 r-xp 00000000 103:06 3802085                   /tmp/jansi-2.3.4-8539f5df686147df-libjansi.so
7f08f978e000-7f08f998d000 ---p 00003000 103:06 3802085                   /tmp/jansi-2.3.4-8539f5df686147df-libjansi.so
7f08f998d000-7f08f998e000 rw-p 00002000 103:06 3802085                   /tmp/jansi-2.3.4-8539f5df686147df-libjansi.so
7f08f998e000-7f08f9992000 ---p 00000000 00:00 0 
7f08f9992000-7f08f9a8f000 rw-p 00000000 00:00 0 
7f08f9a8f000-7f08fa000000 r--p 00000000 103:06 2889157                   /usr/lib/locale/locale-archive
7f08fa000000-7f08fc000000 rw-p 00000000 00:00 0 
7f08fc000000-7f08fc021000 rw-p 00000000 00:00 0 
7f08fc021000-7f0900000000 ---p 00000000 00:00 0 
7f090001b000-7f090001c000 ---p 00000000 00:00 0 
7f090001c000-7f090011d000 rw-p 00000000 00:00 0 
7f090011d000-7f0900121000 ---p 00000000 00:00 0 
7f0900121000-7f090021e000 rw-p 00000000 00:00 0 
7f090021e000-7f0900222000 ---p 00000000 00:00 0 
7f0900222000-7f090031f000 rw-p 00000000 00:00 0 
7f090031f000-7f0900323000 ---p 00000000 00:00 0 
7f0900323000-7f0900800000 rw-p 00000000 00:00 0 
7f0900800000-7f0903208000 ---p 00000000 00:00 0 
7f0903208000-7f0903210000 rw-p 00000000 00:00 0 
7f0903210000-7f0904210000 ---p 00000000 00:00 0 
7f0904210000-7f09045f0000 rw-p 00000000 00:00 0 
7f09045f0000-7f0906ff8000 ---p 00000000 00:00 0 
7f0906ff8000-7f0907000000 rw-p 00000000 00:00 0 
7f0907000000-7f0908000000 ---p 00000000 00:00 0 
7f0908000000-7f0908021000 rw-p 00000000 00:00 0 
7f0908021000-7f090c000000 ---p 00000000 00:00 0 
7f090c053000-7f090c853000 rw-p 00000000 00:00 0 
7f090c853000-7f090cac3000 rwxp 00000000 00:00 0 
7f090cac3000-7f090cde4000 ---p 00000000 00:00 0 
7f090cde4000-7f090d514000 rwxp 00000000 00:00 0 
7f090d514000-7f091431b000 ---p 00000000 00:00 0 
7f091431b000-7f091458b000 rwxp 00000000 00:00 0 
7f091458b000-7f091b853000 ---p 00000000 00:00 0 
7f091b853000-7f0924000000 r--s 00000000 103:06 2981063                   /usr/lib/jvm/java-11-openjdk-amd64/lib/modules
7f0924000000-7f0924b5b000 rw-p 00000000 00:00 0 
7f0924b5b000-7f0928000000 ---p 00000000 00:00 0 
7f0928049000-7f092807a000 rw-p 00000000 00:00 0 
7f092807a000-7f092807e000 r--p 00000000 103:06 2981053                   /usr/lib/jvm/java-11-openjdk-amd64/lib/libnet.so
7f092807e000-7f092808d000 r-xp 00004000 103:06 2981053                   /usr/lib/jvm/java-11-openjdk-amd64/lib/libnet.so
7f092808d000-7f0928091000 r--p 00013000 103:06 2981053                   /usr/lib/jvm/java-11-openjdk-amd64/lib/libnet.so
7f0928091000-7f0928092000 r--p 00016000 103:06 2981053                   /usr/lib/jvm/java-11-openjdk-amd64/lib/libnet.so
7f0928092000-7f0928093000 rw-p 00017000 103:06 2981053                   /usr/lib/jvm/java-11-openjdk-amd64/lib/libnet.so
7f0928093000-7f092809a000 r--p 00000000 103:06 2981054                   /usr/lib/jvm/java-11-openjdk-amd64/lib/libnio.so
7f092809a000-7f09280a2000 r-xp 00007000 103:06 2981054                   /usr/lib/jvm/java-11-openjdk-amd64/lib/libnio.so
7f09280a2000-7f09280a5000 r--p 0000f000 103:06 2981054                   /usr/lib/jvm/java-11-openjdk-amd64/lib/libnio.so
7f09280a5000-7f09280a6000 r--p 00011000 103:06 2981054                   /usr/lib/jvm/java-11-openjdk-amd64/lib/libnio.so
7f09280a6000-7f09280a7000 rw-p 00012000 103:06 2981054                   /usr/lib/jvm/java-11-openjdk-amd64/lib/libnio.so
7f09280a7000-7f09280ab000 ---p 00000000 00:00 0 
7f09280ab000-7f09281a8000 rw-p 00000000 00:00 0 
7f09281a8000-7f09281ac000 ---p 00000000 00:00 0 
7f09281ac000-7f09282a9000 rw-p 00000000 00:00 0 
7f09282a9000-7f09282ad000 ---p 00000000 00:00 0 
7f09282ad000-7f09283aa000 rw-p 00000000 00:00 0 
7f09283aa000-7f09283ae000 ---p 00000000 00:00 0 
7f09283ae000-7f09284ab000 rw-p 00000000 00:00 0 
7f09284ab000-7f09284ac000 ---p 00000000 00:00 0 
7f09284ac000-7f09286f3000 rw-p 00000000 00:00 0 
7f09286f3000-7f09286f4000 ---p 00000000 00:00 0 
7f09286f4000-7f09287f5000 rw-p 00000000 00:00 0 
7f09287f5000-7f09287f6000 ---p 00000000 00:00 0 
7f09287f6000-7f0929301000 rw-p 00000000 00:00 0 
7f0929301000-7f0929302000 ---p 00000000 00:00 0 
7f0929302000-7f0929403000 rw-p 00000000 00:00 0 
7f0929403000-7f0929404000 ---p 00000000 00:00 0 
7f0929404000-7f0929681000 rw-p 00000000 00:00 0 
7f0929681000-7f0929bc2000 ---p 00000000 00:00 0 
7f0929bc2000-7f0929bc3000 rw-p 00000000 00:00 0 
7f0929bc3000-7f0929dc3000 ---p 00000000 00:00 0 
7f0929dc3000-7f0929e3f000 rw-p 00000000 00:00 0 
7f0929e3f000-7f092a380000 ---p 00000000 00:00 0 
7f092a380000-7f092a381000 rw-p 00000000 00:00 0 
7f092a381000-7f092a581000 ---p 00000000 00:00 0 
7f092a581000-7f092a5fd000 rw-p 00000000 00:00 0 
7f092a5fd000-7f092ab3e000 ---p 00000000 00:00 0 
7f092ab3e000-7f092ab3f000 rw-p 00000000 00:00 0 
7f092ab3f000-7f092ad3f000 ---p 00000000 00:00 0 
7f092ad3f000-7f092b749000 rw-p 00000000 00:00 0 
7f092b749000-7f092b74a000 ---p 00000000 00:00 0 
7f092b74a000-7f092b850000 rw-p 00000000 00:00 0 
7f092b850000-7f092b936000 ---p 00000000 00:00 0 
7f092b936000-7f092b945000 rw-p 00000000 00:00 0 
7f092b945000-7f092ba21000 ---p 00000000 00:00 0 
7f092ba21000-7f092ba26000 rw-p 00000000 00:00 0 
7f092ba26000-7f092ba2d000 ---p 00000000 00:00 0 
7f092ba2d000-7f092ba30000 r--p 00000000 103:06 3674023                   /lib/x86_64-linux-gnu/libnss_files-2.31.so
7f092ba30000-7f092ba37000 r-xp 00003000 103:06 3674023                   /lib/x86_64-linux-gnu/libnss_files-2.31.so
7f092ba37000-7f092ba39000 r--p 0000a000 103:06 3674023                   /lib/x86_64-linux-gnu/libnss_files-2.31.so
7f092ba39000-7f092ba3a000 r--p 0000b000 103:06 3674023                   /lib/x86_64-linux-gnu/libnss_files-2.31.so
7f092ba3a000-7f092ba3b000 rw-p 0000c000 103:06 3674023                   /lib/x86_64-linux-gnu/libnss_files-2.31.so
7f092ba3b000-7f092ba41000 rw-p 00000000 00:00 0 
7f092ba41000-7f092ba46000 r--p 00000000 103:06 3674009                   /lib/x86_64-linux-gnu/libnsl-2.31.so
7f092ba46000-7f092ba56000 r-xp 00005000 103:06 3674009                   /lib/x86_64-linux-gnu/libnsl-2.31.so
7f092ba56000-7f092ba5a000 r--p 00015000 103:06 3674009                   /lib/x86_64-linux-gnu/libnsl-2.31.so
7f092ba5a000-7f092ba5b000 r--p 00018000 103:06 3674009                   /lib/x86_64-linux-gnu/libnsl-2.31.so
7f092ba5b000-7f092ba5c000 rw-p 00019000 103:06 3674009                   /lib/x86_64-linux-gnu/libnsl-2.31.so
7f092ba5c000-7f092ba5e000 rw-p 00000000 00:00 0 
7f092ba5e000-7f092ba61000 r--p 00000000 103:06 3674031                   /lib/x86_64-linux-gnu/libnss_nis-2.31.so
7f092ba61000-7f092ba69000 r-xp 00003000 103:06 3674031                   /lib/x86_64-linux-gnu/libnss_nis-2.31.so
7f092ba69000-7f092ba6b000 r--p 0000b000 103:06 3674031                   /lib/x86_64-linux-gnu/libnss_nis-2.31.so
7f092ba6b000-7f092ba6c000 r--p 0000c000 103:06 3674031                   /lib/x86_64-linux-gnu/libnss_nis-2.31.so
7f092ba6c000-7f092ba6d000 rw-p 0000d000 103:06 3674031                   /lib/x86_64-linux-gnu/libnss_nis-2.31.so
7f092ba6d000-7f092ba6f000 r--p 00000000 103:06 3674013                   /lib/x86_64-linux-gnu/libnss_compat-2.31.so
7f092ba6f000-7f092ba76000 r-xp 00002000 103:06 3674013                   /lib/x86_64-linux-gnu/libnss_compat-2.31.so
7f092ba76000-7f092ba77000 r--p 00009000 103:06 3674013                   /lib/x86_64-linux-gnu/libnss_compat-2.31.so
7f092ba77000-7f092ba78000 r--p 00009000 103:06 3674013                   /lib/x86_64-linux-gnu/libnss_compat-2.31.so
7f092ba78000-7f092ba79000 rw-p 0000a000 103:06 3674013                   /lib/x86_64-linux-gnu/libnss_compat-2.31.so
7f092ba81000-7f092ba83000 r--s 0000c000 103:06 3282460                   /usr/share/java/java-atk-wrapper.jar
7f092ba83000-7f092ba85000 r--p 00000000 103:06 2981062                   /usr/lib/jvm/java-11-openjdk-amd64/lib/libzip.so
7f092ba85000-7f092ba89000 r-xp 00002000 103:06 2981062                   /usr/lib/jvm/java-11-openjdk-amd64/lib/libzip.so
7f092ba89000-7f092ba8b000 r--p 00006000 103:06 2981062                   /usr/lib/jvm/java-11-openjdk-amd64/lib/libzip.so
7f092ba8b000-7f092ba8c000 r--p 00007000 103:06 2981062                   /usr/lib/jvm/java-11-openjdk-amd64/lib/libzip.so
7f092ba8c000-7f092ba8d000 rw-p 00008000 103:06 2981062                   /usr/lib/jvm/java-11-openjdk-amd64/lib/libzip.so
7f092ba8d000-7f092ba95000 rw-s 00000000 103:06 3801921                   /tmp/hsperfdata_artur/87597
7f092ba95000-7f092ba96000 ---p 00000000 00:00 0 
7f092ba96000-7f092ba97000 r--p 00000000 00:00 0 
7f092ba97000-7f092baa5000 r--p 00000000 103:06 2981042                   /usr/lib/jvm/java-11-openjdk-amd64/lib/libjava.so
7f092baa5000-7f092babb000 r-xp 0000e000 103:06 2981042                   /usr/lib/jvm/java-11-openjdk-amd64/lib/libjava.so
7f092babb000-7f092bac2000 r--p 00024000 103:06 2981042                   /usr/lib/jvm/java-11-openjdk-amd64/lib/libjava.so
7f092bac2000-7f092bac3000 r--p 0002a000 103:06 2981042                   /usr/lib/jvm/java-11-openjdk-amd64/lib/libjava.so
7f092bac3000-7f092bac4000 rw-p 0002b000 103:06 2981042                   /usr/lib/jvm/java-11-openjdk-amd64/lib/libjava.so
7f092bac4000-7f092bac5000 rw-p 00000000 00:00 0 
7f092bac5000-7f092bac8000 r--p 00000000 103:06 3674043                   /lib/x86_64-linux-gnu/librt-2.31.so
7f092bac8000-7f092bacc000 r-xp 00003000 103:06 3674043                   /lib/x86_64-linux-gnu/librt-2.31.so
7f092bacc000-7f092bacd000 r--p 00007000 103:06 3674043                   /lib/x86_64-linux-gnu/librt-2.31.so
7f092bacd000-7f092bace000 ---p 00008000 103:06 3674043                   /lib/x86_64-linux-gnu/librt-2.31.so
7f092bace000-7f092bacf000 r--p 00008000 103:06 3674043                   /lib/x86_64-linux-gnu/librt-2.31.so
7f092bacf000-7f092bad0000 rw-p 00009000 103:06 3674043                   /lib/x86_64-linux-gnu/librt-2.31.so
7f092bad0000-7f092bad4000 ---p 00000000 00:00 0 
7f092bad4000-7f092bbd1000 rw-p 00000000 00:00 0 
7f092bbd1000-7f092bbd4000 r--p 00000000 103:06 3670736                   /lib/x86_64-linux-gnu/libgcc_s.so.1
7f092bbd4000-7f092bbe6000 r-xp 00003000 103:06 3670736                   /lib/x86_64-linux-gnu/libgcc_s.so.1
7f092bbe6000-7f092bbea000 r--p 00015000 103:06 3670736                   /lib/x86_64-linux-gnu/libgcc_s.so.1
7f092bbea000-7f092bbeb000 r--p 00018000 103:06 3670736                   /lib/x86_64-linux-gnu/libgcc_s.so.1
7f092bbeb000-7f092bbec000 rw-p 00019000 103:06 3670736                   /lib/x86_64-linux-gnu/libgcc_s.so.1
7f092bbec000-7f092bbfb000 r--p 00000000 103:06 3673997                   /lib/x86_64-linux-gnu/libm-2.31.so
7f092bbfb000-7f092bca2000 r-xp 0000f000 103:06 3673997                   /lib/x86_64-linux-gnu/libm-2.31.so
7f092bca2000-7f092bd39000 r--p 000b6000 103:06 3673997                   /lib/x86_64-linux-gnu/libm-2.31.so
7f092bd39000-7f092bd3a000 r--p 0014c000 103:06 3673997                   /lib/x86_64-linux-gnu/libm-2.31.so
7f092bd3a000-7f092bd3b000 rw-p 0014d000 103:06 3673997                   /lib/x86_64-linux-gnu/libm-2.31.so
7f092bd3b000-7f092bdd1000 r--p 00000000 103:06 2883678                   /usr/lib/x86_64-linux-gnu/libstdc++.so.6.0.28
7f092bdd1000-7f092bec2000 r-xp 00096000 103:06 2883678                   /usr/lib/x86_64-linux-gnu/libstdc++.so.6.0.28
7f092bec2000-7f092bf0b000 r--p 00187000 103:06 2883678                   /usr/lib/x86_64-linux-gnu/libstdc++.so.6.0.28
7f092bf0b000-7f092bf0c000 ---p 001d0000 103:06 2883678                   /usr/lib/x86_64-linux-gnu/libstdc++.so.6.0.28
7f092bf0c000-7f092bf17000 r--p 001d0000 103:06 2883678                   /usr/lib/x86_64-linux-gnu/libstdc++.so.6.0.28
7f092bf17000-7f092bf1a000 rw-p 001db000 103:06 2883678                   /usr/lib/x86_64-linux-gnu/libstdc++.so.6.0.28
7f092bf1a000-7f092bf1d000 rw-p 00000000 00:00 0 
7f092bf1d000-7f092c19e000 r--p 00000000 103:06 3803217                   /usr/lib/jvm/java-11-openjdk-amd64/lib/server/libjvm.so
7f092c19e000-7f092ce1e000 r-xp 00281000 103:06 3803217                   /usr/lib/jvm/java-11-openjdk-amd64/lib/server/libjvm.so
7f092ce1e000-7f092d079000 r--p 00f01000 103:06 3803217                   /usr/lib/jvm/java-11-openjdk-amd64/lib/server/libjvm.so
7f092d079000-7f092d13d000 r--p 0115b000 103:06 3803217                   /usr/lib/jvm/java-11-openjdk-amd64/lib/server/libjvm.so
7f092d13d000-7f092d178000 rw-p 0121f000 103:06 3803217                   /usr/lib/jvm/java-11-openjdk-amd64/lib/server/libjvm.so
7f092d178000-7f092d1d1000 rw-p 00000000 00:00 0 
7f092d1d1000-7f092d1d8000 r--p 00000000 103:06 3674039                   /lib/x86_64-linux-gnu/libpthread-2.31.so
7f092d1d8000-7f092d1e9000 r-xp 00007000 103:06 3674039                   /lib/x86_64-linux-gnu/libpthread-2.31.so
7f092d1e9000-7f092d1ee000 r--p 00018000 103:06 3674039                   /lib/x86_64-linux-gnu/libpthread-2.31.so
7f092d1ee000-7f092d1ef000 r--p 0001c000 103:06 3674039                   /lib/x86_64-linux-gnu/libpthread-2.31.so
7f092d1ef000-7f092d1f0000 rw-p 0001d000 103:06 3674039                   /lib/x86_64-linux-gnu/libpthread-2.31.so
7f092d1f0000-7f092d1f4000 rw-p 00000000 00:00 0 
7f092d1f4000-7f092d1f5000 r--p 00000000 103:06 3673993                   /lib/x86_64-linux-gnu/libdl-2.31.so
7f092d1f5000-7f092d1f7000 r-xp 00001000 103:06 3673993                   /lib/x86_64-linux-gnu/libdl-2.31.so
7f092d1f7000-7f092d1f8000 r--p 00003000 103:06 3673993                   /lib/x86_64-linux-gnu/libdl-2.31.so
7f092d1f8000-7f092d1f9000 r--p 00003000 103:06 3673993                   /lib/x86_64-linux-gnu/libdl-2.31.so
7f092d1f9000-7f092d1fa000 rw-p 00004000 103:06 3673993                   /lib/x86_64-linux-gnu/libdl-2.31.so
7f092d1fa000-7f092d1fc000 r--p 00000000 103:06 3672661                   /lib/x86_64-linux-gnu/libz.so.1.2.11
7f092d1fc000-7f092d20d000 r-xp 00002000 103:06 3672661                   /lib/x86_64-linux-gnu/libz.so.1.2.11
7f092d20d000-7f092d213000 r--p 00013000 103:06 3672661                   /lib/x86_64-linux-gnu/libz.so.1.2.11
7f092d213000-7f092d214000 ---p 00019000 103:06 3672661                   /lib/x86_64-linux-gnu/libz.so.1.2.11
7f092d214000-7f092d215000 r--p 00019000 103:06 3672661                   /lib/x86_64-linux-gnu/libz.so.1.2.11
7f092d215000-7f092d216000 rw-p 0001a000 103:06 3672661                   /lib/x86_64-linux-gnu/libz.so.1.2.11
7f092d216000-7f092d23b000 r--p 00000000 103:06 3673989                   /lib/x86_64-linux-gnu/libc-2.31.so
7f092d23b000-7f092d3b3000 r-xp 00025000 103:06 3673989                   /lib/x86_64-linux-gnu/libc-2.31.so
7f092d3b3000-7f092d3fd000 r--p 0019d000 103:06 3673989                   /lib/x86_64-linux-gnu/libc-2.31.so
7f092d3fd000-7f092d3fe000 ---p 001e7000 103:06 3673989                   /lib/x86_64-linux-gnu/libc-2.31.so
7f092d3fe000-7f092d401000 r--p 001e7000 103:06 3673989                   /lib/x86_64-linux-gnu/libc-2.31.so
7f092d401000-7f092d404000 rw-p 001ea000 103:06 3673989                   /lib/x86_64-linux-gnu/libc-2.31.so
7f092d404000-7f092d408000 rw-p 00000000 00:00 0 
7f092d409000-7f092d40b000 r--p 00000000 103:06 2981045                   /usr/lib/jvm/java-11-openjdk-amd64/lib/libjimage.so
7f092d40b000-7f092d40e000 r-xp 00002000 103:06 2981045                   /usr/lib/jvm/java-11-openjdk-amd64/lib/libjimage.so
7f092d40e000-7f092d40f000 r--p 00005000 103:06 2981045                   /usr/lib/jvm/java-11-openjdk-amd64/lib/libjimage.so
7f092d40f000-7f092d410000 ---p 00006000 103:06 2981045                   /usr/lib/jvm/java-11-openjdk-amd64/lib/libjimage.so
7f092d410000-7f092d411000 r--p 00006000 103:06 2981045                   /usr/lib/jvm/java-11-openjdk-amd64/lib/libjimage.so
7f092d411000-7f092d412000 rw-p 00007000 103:06 2981045                   /usr/lib/jvm/java-11-openjdk-amd64/lib/libjimage.so
7f092d412000-7f092d417000 r--p 00000000 103:06 2981061                   /usr/lib/jvm/java-11-openjdk-amd64/lib/libverify.so
7f092d417000-7f092d41e000 r-xp 00005000 103:06 2981061                   /usr/lib/jvm/java-11-openjdk-amd64/lib/libverify.so
7f092d41e000-7f092d420000 r--p 0000c000 103:06 2981061                   /usr/lib/jvm/java-11-openjdk-amd64/lib/libverify.so
7f092d420000-7f092d421000 ---p 0000e000 103:06 2981061                   /usr/lib/jvm/java-11-openjdk-amd64/lib/libverify.so
7f092d421000-7f092d423000 r--p 0000e000 103:06 2981061                   /usr/lib/jvm/java-11-openjdk-amd64/lib/libverify.so
7f092d423000-7f092d424000 rw-p 00010000 103:06 2981061                   /usr/lib/jvm/java-11-openjdk-amd64/lib/libverify.so
7f092d424000-7f092d427000 r--p 00000000 103:06 3710597                   /usr/lib/jvm/java-11-openjdk-amd64/lib/jli/libjli.so
7f092d427000-7f092d431000 r-xp 00003000 103:06 3710597                   /usr/lib/jvm/java-11-openjdk-amd64/lib/jli/libjli.so
7f092d431000-7f092d434000 r--p 0000d000 103:06 3710597                   /usr/lib/jvm/java-11-openjdk-amd64/lib/jli/libjli.so
7f092d434000-7f092d435000 ---p 00010000 103:06 3710597                   /usr/lib/jvm/java-11-openjdk-amd64/lib/jli/libjli.so
7f092d435000-7f092d436000 r--p 00010000 103:06 3710597                   /usr/lib/jvm/java-11-openjdk-amd64/lib/jli/libjli.so
7f092d436000-7f092d437000 rw-p 00011000 103:06 3710597                   /usr/lib/jvm/java-11-openjdk-amd64/lib/jli/libjli.so
7f092d437000-7f092d439000 rw-p 00000000 00:00 0 
7f092d439000-7f092d43a000 r--p 00000000 103:06 3673973                   /lib/x86_64-linux-gnu/ld-2.31.so
7f092d43a000-7f092d45d000 r-xp 00001000 103:06 3673973                   /lib/x86_64-linux-gnu/ld-2.31.so
7f092d45d000-7f092d465000 r--p 00024000 103:06 3673973                   /lib/x86_64-linux-gnu/ld-2.31.so
7f092d466000-7f092d467000 r--p 0002c000 103:06 3673973                   /lib/x86_64-linux-gnu/ld-2.31.so
7f092d467000-7f092d468000 rw-p 0002d000 103:06 3673973                   /lib/x86_64-linux-gnu/ld-2.31.so
7f092d468000-7f092d469000 rw-p 00000000 00:00 0 
7ffde0fe2000-7ffde1004000 rw-p 00000000 00:00 0                          [stack]
7ffde103a000-7ffde103d000 r--p 00000000 00:00 0                          [vvar]
7ffde103d000-7ffde103e000 r-xp 00000000 00:00 0                          [vdso]
ffffffffff600000-ffffffffff601000 --xp 00000000 00:00 0                  [vsyscall]


VM Arguments:
jvm_args: -Dmaven.home=/home/artur/Desktop/3ano/IES/medical-management-system/Project -Dmaven.multiModuleProjectDirectory=/home/artur/Desktop/3ano/IES/medical-management-system/Project/medmanagesystem 
java_command: org.apache.maven.wrapper.MavenWrapperMain spring-boot:run
java_class_path (initial): /home/artur/Desktop/3ano/IES/medical-management-system/Project/medmanagesystem/.mvn/wrapper/maven-wrapper.jar
Launcher Type: SUN_STANDARD

[Global flags]
     intx CICompilerCount                          = 4                                         {product} {ergonomic}
     uint ConcGCThreads                            = 3                                         {product} {ergonomic}
     uint G1ConcRefinementThreads                  = 10                                        {product} {ergonomic}
   size_t G1HeapRegionSize                         = 1048576                                   {product} {ergonomic}
    uintx GCDrainStackTargetSize                   = 64                                        {product} {ergonomic}
   size_t InitialHeapSize                          = 260046848                                 {product} {ergonomic}
   size_t MarkStackSize                            = 4194304                                   {product} {ergonomic}
   size_t MaxHeapSize                              = 4156555264                                {product} {ergonomic}
   size_t MaxNewSize                               = 2493513728                                {product} {ergonomic}
   size_t MinHeapDeltaBytes                        = 1048576                                   {product} {ergonomic}
    uintx NonNMethodCodeHeapSize                   = 5836300                                {pd product} {ergonomic}
    uintx NonProfiledCodeHeapSize                  = 122910970                              {pd product} {ergonomic}
    uintx ProfiledCodeHeapSize                     = 122910970                              {pd product} {ergonomic}
    uintx ReservedCodeCacheSize                    = 251658240                              {pd product} {ergonomic}
     bool SegmentedCodeCache                       = true                                      {product} {ergonomic}
     bool UseCompressedClassPointers               = true                                 {lp64_product} {ergonomic}
     bool UseCompressedOops                        = true                                 {lp64_product} {ergonomic}
     bool UseG1GC                                  = true                                      {product} {ergonomic}

Logging:
Log output configuration:
 #0: stdout all=warning uptime,level,tags
 #1: stderr all=off uptime,level,tags

Environment Variables:
JAVA_HOME=/usr/lib/jvm/java-11-openjdk-amd64
CLASSPATH=.:/usr/local/lib/antlr-4.9.2-complete.jar:/usr/local/lib/ST-4.3.1.jar:
PATH=/home/artur/.nvm/versions/node/v14.17.0/bin:/home/artur/.local/bin:/usr/local/sbin:/usr/local/bin:/usr/sbin:/usr/bin:/sbin:/bin:/usr/games:/usr/local/games:/snap/bin:/usr/lib/jvm/java-16-oracle/bin:/usr/lib/jvm/java-16-oracle/db/bin:/opt/bin:.:
USERNAME=artur
SHELL=/bin/bash
DISPLAY=:0
LANG=en_US.UTF-8
LC_CTYPE=pt_PT.UTF-8

Signal Handlers:
SIGSEGV: [libjvm.so+0xe8e8d0], sa_mask[0]=11111111011111111101111111111110, sa_flags=SA_RESTART|SA_SIGINFO
SIGBUS: [libjvm.so+0xe8e8d0], sa_mask[0]=11111111011111111101111111111110, sa_flags=SA_RESTART|SA_SIGINFO
SIGFPE: [libjvm.so+0xe8e8d0], sa_mask[0]=11111111011111111101111111111110, sa_flags=SA_RESTART|SA_SIGINFO
SIGPIPE: [libjvm.so+0xbd6910], sa_mask[0]=11111111011111111101111111111110, sa_flags=SA_RESTART|SA_SIGINFO
SIGXFSZ: [libjvm.so+0xbd6910], sa_mask[0]=11111111011111111101111111111110, sa_flags=SA_RESTART|SA_SIGINFO
SIGILL: [libjvm.so+0xe8e8d0], sa_mask[0]=11111111011111111101111111111110, sa_flags=SA_RESTART|SA_SIGINFO
SIGUSR2: [libjvm.so+0xbd67b0], sa_mask[0]=00000000000000000000000000000000, sa_flags=SA_RESTART|SA_SIGINFO
SIGHUP: [libjvm.so+0xbd6c50], sa_mask[0]=11111111011111111101111111111110, sa_flags=SA_RESTART|SA_SIGINFO
SIGINT: [libjvm.so+0xbd6c50], sa_mask[0]=11111111011111111101111111111110, sa_flags=SA_RESTART|SA_SIGINFO
SIGTERM: [libjvm.so+0xbd6c50], sa_mask[0]=11111111011111111101111111111110, sa_flags=SA_RESTART|SA_SIGINFO
SIGQUIT: [libjvm.so+0xbd6c50], sa_mask[0]=11111111011111111101111111111110, sa_flags=SA_RESTART|SA_SIGINFO


---------------  S Y S T E M  ---------------

OS:DISTRIB_ID=Ubuntu
DISTRIB_RELEASE=20.04
DISTRIB_CODENAME=focal
DISTRIB_DESCRIPTION="Ubuntu 20.04.3 LTS"
uname:Linux 5.4.0-94-generic #106-Ubuntu SMP Thu Jan 6 23:58:14 UTC 2022 x86_64
OS uptime: 0 days 8:47 hours
libc:glibc 2.31 NPTL 2.31 
rlimit (soft/hard): STACK 8192k/infinity , CORE 0k/infinity , NPROC 63160/63160 , NOFILE 1048576/1048576 , AS infinity/infinity , CPU infinity/infinity , DATA infinity/infinity , FSIZE infinity/infinity , MEMLOCK 65536k/65536k
load average:1,20 1,06 1,29

/proc/meminfo:
MemTotal:       16231516 kB
MemFree:         2111252 kB
MemAvailable:    6606144 kB
Buffers:          875952 kB
Cached:          4379048 kB
SwapCached:         2684 kB
Active:         10271836 kB
Inactive:        2752212 kB
Active(anon):    7120924 kB
Inactive(anon):  1424232 kB
Active(file):    3150912 kB
Inactive(file):  1327980 kB
Unevictable:      190492 kB
Mlocked:             128 kB
SwapTotal:       2097148 kB
SwapFree:        2077180 kB
Dirty:               220 kB
Writeback:             0 kB
AnonPages:       7958612 kB
Mapped:          1967684 kB
Shmem:            778184 kB
KReclaimable:     358048 kB
Slab:             637020 kB
SReclaimable:     358048 kB
SUnreclaim:       278972 kB
KernelStack:       30592 kB
PageTables:        83324 kB
NFS_Unstable:          0 kB
Bounce:                0 kB
WritebackTmp:          0 kB
CommitLimit:    10212904 kB
Committed_AS:   26974636 kB
VmallocTotal:   34359738367 kB
VmallocUsed:       65772 kB
VmallocChunk:          0 kB
Percpu:            19072 kB
HardwareCorrupted:     0 kB
AnonHugePages:         0 kB
ShmemHugePages:        0 kB
ShmemPmdMapped:        0 kB
FileHugePages:         0 kB
FilePmdMapped:         0 kB
CmaTotal:              0 kB
CmaFree:               0 kB
HugePages_Total:       0
HugePages_Free:        0
HugePages_Rsvd:        0
HugePages_Surp:        0
Hugepagesize:       2048 kB
Hugetlb:               0 kB
DirectMap4k:      676448 kB
DirectMap2M:    12795904 kB
DirectMap1G:     3145728 kB

/sys/kernel/mm/transparent_hugepage/enabled:
always [madvise] never
/sys/kernel/mm/transparent_hugepage/defrag (defrag/compaction efforts parameter):
always defer defer+madvise [madvise] never

Process Memory:
Virtual Size: 7298836K (peak: 15579060K)
Resident Set Size: 280500K (peak: 280500K) (anon: 252340K, file: 28160K, shmem: 0K)
Swapped out: 0K
C-Heap outstanding allocations: 45453K

/proc/sys/kernel/threads-max (system-wide limit on the number of threads):
126320
/proc/sys/vm/max_map_count (maximum number of memory map areas a process may have):
1048575
/proc/sys/kernel/pid_max (system-wide limit on number of process identifiers):
4194304

container (cgroup) information:
container_type: cgroupv1
cpu_cpuset_cpus: 0-11
cpu_memory_nodes: 0
active_processor_count: 12
cpu_quota: -1
cpu_period: 100000
cpu_shares: -1
memory_limit_in_bytes: -1
memory_and_swap_limit_in_bytes: -2
memory_soft_limit_in_bytes: -1
memory_usage_in_bytes: 10841247744
memory_max_usage_in_bytes: 12891639808

Steal ticks since vm start: 0
Steal ticks percentage since vm start:  0,000

CPU:total 12 (initial active 12) (6 cores per cpu, 2 threads per core) family 6 model 158 stepping 13 microcode 0xea, cmov, cx8, fxsr, mmx, sse, sse2, sse3, ssse3, sse4.1, sse4.2, popcnt, avx, avx2, aes, clmul, erms, 3dnowpref, lzcnt, ht, tsc, tscinvbit, bmi1, bmi2, adx, fma
CPU Model and flags from /proc/cpuinfo:
model name	: Intel(R) Core(TM) i7-9750H CPU @ 2.60GHz
flags		: fpu vme de pse tsc msr pae mce cx8 apic sep mtrr pge mca cmov pat pse36 clflush dts acpi mmx fxsr sse sse2 ss ht tm pbe syscall nx pdpe1gb rdtscp lm constant_tsc art arch_perfmon pebs bts rep_good nopl xtopology nonstop_tsc cpuid aperfmperf pni pclmulqdq dtes64 monitor ds_cpl vmx est tm2 ssse3 sdbg fma cx16 xtpr pdcm pcid sse4_1 sse4_2 x2apic movbe popcnt tsc_deadline_timer aes xsave avx f16c rdrand lahf_lm abm 3dnowprefetch cpuid_fault epb invpcid_single ssbd ibrs ibpb stibp ibrs_enhanced tpr_shadow vnmi flexpriority ept vpid ept_ad fsgsbase tsc_adjust bmi1 avx2 smep bmi2 erms invpcid mpx rdseed adx smap clflushopt intel_pt xsaveopt xsavec xgetbv1 xsaves dtherm ida arat pln pts hwp hwp_notify hwp_act_window hwp_epp md_clear flush_l1d arch_capabilities
Online cpus:
0-11
Offline cpus:

BIOS frequency limitation:
<Not Available>
Frequency switch latency (ns):
0
Available cpu frequencies:
<Not Available>
Current governor:
powersave
Core performance/turbo boost:
<Not Available>

Memory: 4k page, physical 16231516k(2111252k free), swap 2097148k(2077180k free)

vm_info: OpenJDK 64-Bit Server VM (11.0.13+8-Ubuntu-0ubuntu1.20.04) for linux-amd64 JRE (11.0.13+8-Ubuntu-0ubuntu1.20.04), built on Oct 29 2021 09:11:30 by "unknown" with gcc 9.3.0

END.
