#
# A fatal error has been detected by the Java Runtime Environment:
#
#  SIGSEGV (0xb) at pc=0x0000000000000000, pid=87751, tid=87760
#
# JRE version: OpenJDK Runtime Environment (11.0.13+8) (build 11.0.13+8-Ubuntu-0ubuntu1.20.04)
# Java VM: OpenJDK 64-Bit Server VM (11.0.13+8-Ubuntu-0ubuntu1.20.04, mixed mode, sharing, tiered, compressed oops, g1 gc, linux-amd64)
# Problematic frame:
# C  0x0000000000000000
#
# Core dump will be written. Default location: Core dumps may be processed with "/usr/share/apport/apport %p %s %c %d %P %E" (or dumping to /home/artur/Desktop/3ano/IES/medical-management-system/Project/medmanagesystem/core.87751)
#
# If you would like to submit a bug report, please visit:
#   https://bugs.launchpad.net/ubuntu/+source/openjdk-lts
#

---------------  S U M M A R Y ------------

Command Line: -Dmaven.home=/home/artur/Desktop/3ano/IES/medical-management-system/Project -Dmaven.multiModuleProjectDirectory=/home/artur/Desktop/3ano/IES/medical-management-system/Project/medmanagesystem org.apache.maven.wrapper.MavenWrapperMain spring-boot:run

Host: Intel(R) Core(TM) i7-9750H CPU @ 2.60GHz, 12 cores, 15G, Ubuntu 20.04.3 LTS
Time: Tue Jan 18 02:10:27 2022 WET elapsed time: 1.667636 seconds (0d 0h 0m 1s)

---------------  T H R E A D  ---------------

Current thread (0x00007fc22c030800):  GCTaskThread "GC Thread#0" [stack: 0x00007fc23130d000,0x00007fc23140d000] [id=87760]

Stack: [0x00007fc23130d000,0x00007fc23140d000],  sp=0x00007fc23140a588,  free space=1013k
JavaThread 0x00007fc22c017800 (nid = 87759) was being processed
Java frames: (J=compiled Java code, j=interpreted, Vv=VM code)
J 3889  java.lang.ClassLoader.defineClass2(Ljava/lang/ClassLoader;Ljava/lang/String;Ljava/nio/ByteBuffer;IILjava/security/ProtectionDomain;Ljava/lang/String;)Ljava/lang/Class; java.base@11.0.13 (0 bytes) @ 0x00007fc21c51cf80 [0x00007fc21c51cec0+0x00000000000000c0]
J 3883 c1 java.lang.ClassLoader.defineClass(Ljava/lang/String;Ljava/nio/ByteBuffer;Ljava/security/ProtectionDomain;)Ljava/lang/Class; java.base@11.0.13 (108 bytes) @ 0x00007fc215686dcc [0x00007fc215686600+0x00000000000007cc]
J 3879 c1 jdk.internal.loader.BuiltinClassLoader.defineClass(Ljava/lang/String;Ljdk/internal/loader/BuiltinClassLoader$LoadedModule;)Ljava/lang/Class; java.base@11.0.13 (162 bytes) @ 0x00007fc21568443c [0x00007fc215683420+0x000000000000101c]
J 368 c1 jdk.internal.loader.BuiltinClassLoader.loadClassOrNull(Ljava/lang/String;Z)Ljava/lang/Class; java.base@11.0.13 (143 bytes) @ 0x00007fc214e5c214 [0x00007fc214e5b700+0x0000000000000b14]
J 3754 c1 jdk.internal.loader.ClassLoaders$AppClassLoader.loadClass(Ljava/lang/String;Z)Ljava/lang/Class; java.base@11.0.13 (40 bytes) @ 0x00007fc215645554 [0x00007fc215644f60+0x00000000000005f4]
J 3736 c1 java.lang.ClassLoader.loadClass(Ljava/lang/String;)Ljava/lang/Class; java.base@11.0.13 (7 bytes) @ 0x00007fc21563cf44 [0x00007fc21563cec0+0x0000000000000084]
v  ~StubRoutines::call_stub
j  com.sun.tools.javac.tree.TreeMaker.<init>(Lcom/sun/tools/javac/util/Context;)V+57 jdk.compiler@11.0.13
j  com.sun.tools.javac.tree.TreeMaker.instance(Lcom/sun/tools/javac/util/Context;)Lcom/sun/tools/javac/tree/TreeMaker;+20 jdk.compiler@11.0.13
j  com.sun.tools.javac.comp.Enter.<init>(Lcom/sun/tools/javac/util/Context;)V+33 jdk.compiler@11.0.13
j  com.sun.tools.javac.comp.Enter.instance(Lcom/sun/tools/javac/util/Context;)Lcom/sun/tools/javac/comp/Enter;+20 jdk.compiler@11.0.13
j  com.sun.tools.javac.comp.DeferredAttr.<init>(Lcom/sun/tools/javac/util/Context;)V+70 jdk.compiler@11.0.13
j  com.sun.tools.javac.comp.DeferredAttr.instance(Lcom/sun/tools/javac/util/Context;)Lcom/sun/tools/javac/comp/DeferredAttr;+20 jdk.compiler@11.0.13
j  com.sun.tools.javac.comp.Resolve.<init>(Lcom/sun/tools/javac/util/Context;)V+284 jdk.compiler@11.0.13
j  com.sun.tools.javac.comp.Resolve.instance(Lcom/sun/tools/javac/util/Context;)Lcom/sun/tools/javac/comp/Resolve;+20 jdk.compiler@11.0.13
j  com.sun.tools.javac.comp.Check.<init>(Lcom/sun/tools/javac/util/Context;)V+187 jdk.compiler@11.0.13
j  com.sun.tools.javac.comp.Check.instance(Lcom/sun/tools/javac/util/Context;)Lcom/sun/tools/javac/comp/Check;+20 jdk.compiler@11.0.13
j  com.sun.tools.javac.comp.Modules.<init>(Lcom/sun/tools/javac/util/Context;)V+111 jdk.compiler@11.0.13
j  com.sun.tools.javac.comp.Modules.instance(Lcom/sun/tools/javac/util/Context;)Lcom/sun/tools/javac/comp/Modules;+19 jdk.compiler@11.0.13
j  com.sun.tools.javac.code.Symtab.<init>(Lcom/sun/tools/javac/util/Context;)V+992 jdk.compiler@11.0.13
j  com.sun.tools.javac.code.Symtab.instance(Lcom/sun/tools/javac/util/Context;)Lcom/sun/tools/javac/code/Symtab;+20 jdk.compiler@11.0.13
j  com.sun.tools.javac.comp.Attr.<init>(Lcom/sun/tools/javac/util/Context;)V+82 jdk.compiler@11.0.13
j  com.sun.tools.javac.comp.Attr.instance(Lcom/sun/tools/javac/util/Context;)Lcom/sun/tools/javac/comp/Attr;+20 jdk.compiler@11.0.13
j  com.sun.tools.javac.comp.Annotate.<init>(Lcom/sun/tools/javac/util/Context;)V+80 jdk.compiler@11.0.13
j  com.sun.tools.javac.comp.Annotate.instance(Lcom/sun/tools/javac/util/Context;)Lcom/sun/tools/javac/comp/Annotate;+20 jdk.compiler@11.0.13
j  com.sun.tools.javac.jvm.ClassReader.<init>(Lcom/sun/tools/javac/util/Context;)V+152 jdk.compiler@11.0.13
j  com.sun.tools.javac.jvm.ClassReader.instance(Lcom/sun/tools/javac/util/Context;)Lcom/sun/tools/javac/jvm/ClassReader;+20 jdk.compiler@11.0.13
j  com.sun.tools.javac.code.ClassFinder.<init>(Lcom/sun/tools/javac/util/Context;)V+46 jdk.compiler@11.0.13
j  com.sun.tools.javac.code.ClassFinder.instance(Lcom/sun/tools/javac/util/Context;)Lcom/sun/tools/javac/code/ClassFinder;+20 jdk.compiler@11.0.13
j  com.sun.tools.javac.main.JavaCompiler.<init>(Lcom/sun/tools/javac/util/Context;)V+130 jdk.compiler@11.0.13
j  com.sun.tools.javac.main.JavaCompiler.instance(Lcom/sun/tools/javac/util/Context;)Lcom/sun/tools/javac/main/JavaCompiler;+20 jdk.compiler@11.0.13
j  com.sun.tools.javac.api.JavacTaskImpl.prepareCompiler(Z)V+121 jdk.compiler@11.0.13
j  com.sun.tools.javac.api.JavacTaskImpl.lambda$doCall$0()Lcom/sun/tools/javac/main/Main$Result;+2 jdk.compiler@11.0.13
j  com.sun.tools.javac.api.JavacTaskImpl$$Lambda$52.call()Ljava/lang/Object;+4 jdk.compiler@11.0.13
j  com.sun.tools.javac.api.JavacTaskImpl.handleExceptions(Ljava/util/concurrent/Callable;Ljava/lang/Object;Ljava/lang/Object;)Ljava/lang/Object;+17 jdk.compiler@11.0.13
j  com.sun.tools.javac.api.JavacTaskImpl.doCall()Lcom/sun/tools/javac/main/Main$Result;+13 jdk.compiler@11.0.13
j  com.sun.tools.javac.api.JavacTaskImpl.call()Ljava/lang/Boolean;+1 jdk.compiler@11.0.13
j  org.codehaus.plexus.compiler.javac.JavaxToolsCompiler.compileInProcess([Ljava/lang/String;Lorg/codehaus/plexus/compiler/CompilerConfiguration;[Ljava/lang/String;)Lorg/codehaus/plexus/compiler/CompilerResult;+129
j  org.codehaus.plexus.compiler.javac.JavacCompiler.performCompile(Lorg/codehaus/plexus/compiler/CompilerConfiguration;)Lorg/codehaus/plexus/compiler/CompilerResult;+211
j  org.apache.maven.plugin.compiler.AbstractCompilerMojo.execute()V+3204
j  org.apache.maven.plugin.compiler.CompilerMojo.execute()V+44
j  org.apache.maven.plugin.DefaultBuildPluginManager.executeMojo(Lorg/apache/maven/execution/MavenSession;Lorg/apache/maven/plugin/MojoExecution;)V+152
j  org.apache.maven.lifecycle.internal.MojoExecutor.execute(Lorg/apache/maven/execution/MavenSession;Lorg/apache/maven/plugin/MojoExecution;Lorg/apache/maven/lifecycle/internal/ProjectIndex;Lorg/apache/maven/lifecycle/internal/DependencyContext;)V+215
j  org.apache.maven.lifecycle.internal.MojoExecutor.execute(Lorg/apache/maven/execution/MavenSession;Lorg/apache/maven/plugin/MojoExecution;Lorg/apache/maven/lifecycle/internal/ProjectIndex;Lorg/apache/maven/lifecycle/internal/DependencyContext;Lorg/apache/maven/lifecycle/internal/PhaseRecorder;)V+6
j  org.apache.maven.lifecycle.internal.MojoExecutor.execute(Lorg/apache/maven/execution/MavenSession;Ljava/util/List;Lorg/apache/maven/lifecycle/internal/ProjectIndex;)V+60
j  org.apache.maven.lifecycle.internal.MojoExecutor.executeForkedExecutions(Lorg/apache/maven/plugin/MojoExecution;Lorg/apache/maven/execution/MavenSession;Lorg/apache/maven/lifecycle/internal/ProjectIndex;)Ljava/util/List;+242
j  org.apache.maven.lifecycle.internal.MojoExecutor.execute(Lorg/apache/maven/execution/MavenSession;Lorg/apache/maven/plugin/MojoExecution;Lorg/apache/maven/lifecycle/internal/ProjectIndex;Lorg/apache/maven/lifecycle/internal/DependencyContext;)V+181
j  org.apache.maven.lifecycle.internal.MojoExecutor.execute(Lorg/apache/maven/execution/MavenSession;Lorg/apache/maven/plugin/MojoExecution;Lorg/apache/maven/lifecycle/internal/ProjectIndex;Lorg/apache/maven/lifecycle/internal/DependencyContext;Lorg/apache/maven/lifecycle/internal/PhaseRecorder;)V+6
j  org.apache.maven.lifecycle.internal.MojoExecutor.execute(Lorg/apache/maven/execution/MavenSession;Ljava/util/List;Lorg/apache/maven/lifecycle/internal/ProjectIndex;)V+60
j  org.apache.maven.lifecycle.internal.LifecycleModuleBuilder.buildProject(Lorg/apache/maven/execution/MavenSession;Lorg/apache/maven/execution/MavenSession;Lorg/apache/maven/lifecycle/internal/ReactorContext;Lorg/apache/maven/project/MavenProject;Lorg/apache/maven/lifecycle/internal/TaskSegment;)V+179
j  org.apache.maven.lifecycle.internal.LifecycleModuleBuilder.buildProject(Lorg/apache/maven/execution/MavenSession;Lorg/apache/maven/lifecycle/internal/ReactorContext;Lorg/apache/maven/project/MavenProject;Lorg/apache/maven/lifecycle/internal/TaskSegment;)V+7
j  org.apache.maven.lifecycle.internal.builder.singlethreaded.SingleThreadedBuilder.build(Lorg/apache/maven/execution/MavenSession;Lorg/apache/maven/lifecycle/internal/ReactorContext;Lorg/apache/maven/lifecycle/internal/ProjectBuildList;Ljava/util/List;Lorg/apache/maven/lifecycle/internal/ReactorBuildStatus;)V+77
j  org.apache.maven.lifecycle.internal.LifecycleStarter.execute(Lorg/apache/maven/execution/MavenSession;)V+348
j  org.apache.maven.DefaultMaven.doExecute(Lorg/apache/maven/execution/MavenExecutionRequest;Lorg/apache/maven/execution/MavenSession;Lorg/apache/maven/execution/MavenExecutionResult;Lorg/eclipse/aether/DefaultRepositorySystemSession;)Lorg/apache/maven/execution/MavenExecutionResult;+425
j  org.apache.maven.DefaultMaven.doExecute(Lorg/apache/maven/execution/MavenExecutionRequest;)Lorg/apache/maven/execution/MavenExecutionResult;+98
j  org.apache.maven.DefaultMaven.execute(Lorg/apache/maven/execution/MavenExecutionRequest;)Lorg/apache/maven/execution/MavenExecutionResult;+2
j  org.apache.maven.cli.MavenCli.execute(Lorg/apache/maven/cli/CliRequest;)I+27
j  org.apache.maven.cli.MavenCli.doMain(Lorg/apache/maven/cli/CliRequest;)I+71
j  org.apache.maven.cli.MavenCli.main([Ljava/lang/String;Lorg/codehaus/plexus/classworlds/ClassWorld;)I+24
v  ~StubRoutines::call_stub
j  jdk.internal.reflect.NativeMethodAccessorImpl.invoke0(Ljava/lang/reflect/Method;Ljava/lang/Object;[Ljava/lang/Object;)Ljava/lang/Object;+0 java.base@11.0.13
j  jdk.internal.reflect.NativeMethodAccessorImpl.invoke(Ljava/lang/Object;[Ljava/lang/Object;)Ljava/lang/Object;+100 java.base@11.0.13
j  jdk.internal.reflect.DelegatingMethodAccessorImpl.invoke(Ljava/lang/Object;[Ljava/lang/Object;)Ljava/lang/Object;+6 java.base@11.0.13
j  java.lang.reflect.Method.invoke(Ljava/lang/Object;[Ljava/lang/Object;)Ljava/lang/Object;+59 java.base@11.0.13
j  org.codehaus.plexus.classworlds.launcher.Launcher.launchEnhanced([Ljava/lang/String;)V+45
j  org.codehaus.plexus.classworlds.launcher.Launcher.launch([Ljava/lang/String;)V+2
j  org.codehaus.plexus.classworlds.launcher.Launcher.mainWithExitCode([Ljava/lang/String;)I+101
j  org.codehaus.plexus.classworlds.launcher.Launcher.main([Ljava/lang/String;)V+1
v  ~StubRoutines::call_stub
j  jdk.internal.reflect.NativeMethodAccessorImpl.invoke0(Ljava/lang/reflect/Method;Ljava/lang/Object;[Ljava/lang/Object;)Ljava/lang/Object;+0 java.base@11.0.13
j  jdk.internal.reflect.NativeMethodAccessorImpl.invoke(Ljava/lang/Object;[Ljava/lang/Object;)Ljava/lang/Object;+100 java.base@11.0.13
j  jdk.internal.reflect.DelegatingMethodAccessorImpl.invoke(Ljava/lang/Object;[Ljava/lang/Object;)Ljava/lang/Object;+6 java.base@11.0.13
j  java.lang.reflect.Method.invoke(Ljava/lang/Object;[Ljava/lang/Object;)Ljava/lang/Object;+59 java.base@11.0.13
j  org.apache.maven.wrapper.BootstrapMainStarter.start([Ljava/lang/String;Ljava/io/File;)V+110
j  org.apache.maven.wrapper.WrapperExecutor.execute([Ljava/lang/String;Lorg/apache/maven/wrapper/Installer;Lorg/apache/maven/wrapper/BootstrapMainStarter;)V+14
j  org.apache.maven.wrapper.MavenWrapperMain.main([Ljava/lang/String;)V+104
v  ~StubRoutines::call_stub

siginfo: si_signo: 11 (SIGSEGV), si_code: 1 (SEGV_MAPERR), si_addr: 0x0000000000000000

Register to memory mapping:

RAX=0x00007fc232d4ca00: <offset 0x000000000126da00> in /usr/lib/jvm/java-11-openjdk-amd64/lib/server/libjvm.so at 0x00007fc231adf000
RBX=0x0000000000000009 is an unknown value
RCX=0x00000000000000e2 is an unknown value
RDX=0x0000000800000000 is pointing into metadata
RSP=0x00007fc23140a588 points into unknown readable memory: 0x00007fc23226d423 | 23 d4 26 32 c2 7f 00 00
RBP=0x00007fc23140a610 points into unknown readable memory: 0x00007fc23140a6a0 | a0 a6 40 31 c2 7f 00 00
RSI=0x000000070bf86490 points into unknown readable memory: 0xe1ce0524e1ccc671 | 71 c6 cc e1 24 05 ce e1
RDI=0x00007fc210005a20 points into unknown readable memory: 0x00007fc232c480f0 | f0 80 c4 32 c2 7f 00 00
R8 =0x0000000800000000 is pointing into metadata
R9 =0x000000070bf86490 points into unknown readable memory: 0xe1ce0524e1ccc671 | 71 c6 cc e1 24 05 ce e1
R10=0xe1ce0524e1ccc671 is an unknown value
R11=0x0000000000000002 is an unknown value
R12=0x000000070e663388 points into unknown readable memory: 0x000000070bf86493 | 93 64 f8 0b 07 00 00 00
R13=0x00007fc2100058b0 points into unknown readable memory: 0x00007fc232c48130 | 30 81 c4 32 c2 7f 00 00
R14=0x00007fc210005a20 points into unknown readable memory: 0x00007fc232c480f0 | f0 80 c4 32 c2 7f 00 00
R15=0x0000000000000001 is an unknown value


Registers:
RAX=0x00007fc232d4ca00, RBX=0x0000000000000009, RCX=0x00000000000000e2, RDX=0x0000000800000000
RSP=0x00007fc23140a588, RBP=0x00007fc23140a610, RSI=0x000000070bf86490, RDI=0x00007fc210005a20
R8 =0x0000000800000000, R9 =0x000000070bf86490, R10=0xe1ce0524e1ccc671, R11=0x0000000000000002
R12=0x000000070e663388, R13=0x00007fc2100058b0, R14=0x00007fc210005a20, R15=0x0000000000000001
RIP=0x0000000000000000, EFLAGS=0x0000000000010206, CSGSFS=0x002b000000000033, ERR=0x0000000000000014
  TRAPNO=0x000000000000000e

Top of Stack: (sp=0x00007fc23140a588)
0x00007fc23140a588:   00007fc23226d423 00007fc23140a5b0
0x00007fc23140a598:   00007ffe3c9ec918 00007fc23140a5e0
0x00007fc23140a5a8:   000000000000000d e1ce0524e1ccc671
0x00007fc23140a5b8:   000000070bf86202 00007fc200000001 

Instructions: (pc=0x0000000000000000)
0xffffffffffffff00:   


Stack slot to memory mapping:
stack at sp + 0 slots: 0x00007fc23226d423: <offset 0x000000000078e423> in /usr/lib/jvm/java-11-openjdk-amd64/lib/server/libjvm.so at 0x00007fc231adf000
stack at sp + 1 slots: 0x00007fc23140a5b0 points into unknown readable memory: 0xe1ce0524e1ccc671 | 71 c6 cc e1 24 05 ce e1
stack at sp + 2 slots: 0x00007ffe3c9ec918: clock_gettime+0x0000000000000038 in linux-vdso.so.1 at 0x00007ffe3c9ec000
stack at sp + 3 slots: 0x00007fc23140a5e0 points into unknown readable memory: 0x000000000000543d | 3d 54 00 00 00 00 00 00
stack at sp + 4 slots: 0x000000000000000d is an unknown value
stack at sp + 5 slots: 0xe1ce0524e1ccc671 is an unknown value
stack at sp + 6 slots: 0x000000070bf86202 points into unknown readable memory: 07 00 02 00 00 00
stack at sp + 7 slots: 0x00007fc200000001 points into unknown readable memory: 00 00 00 c2 7f 00 00


---------------  P R O C E S S  ---------------

Threads class SMR info:
_java_thread_list=0x00007fc1d02435d0, length=11, elements={
0x00007fc22c017800, 0x00007fc22c1d7800, 0x00007fc22c1d9800, 0x00007fc22c1e0000,
0x00007fc22c1e2000, 0x00007fc22c1e4000, 0x00007fc22c1e6000, 0x00007fc22c1e8000,
0x00007fc22c233800, 0x00007fc1d023f000, 0x00007fc1d0242000
}

Java Threads: ( => current thread )
  0x00007fc22c017800 JavaThread "main" [_thread_blocked, id=87759, stack(0x00007fc231692000,0x00007fc231793000)]
  0x00007fc22c1d7800 JavaThread "Reference Handler" daemon [_thread_blocked, id=87766, stack(0x00007fc2043cc000,0x00007fc2044cd000)]
  0x00007fc22c1d9800 JavaThread "Finalizer" daemon [_thread_blocked, id=87767, stack(0x00007fc2042cb000,0x00007fc2043cc000)]
  0x00007fc22c1e0000 JavaThread "Signal Dispatcher" daemon [_thread_blocked, id=87768, stack(0x00007fc2041ca000,0x00007fc2042cb000)]
  0x00007fc22c1e2000 JavaThread "Service Thread" daemon [_thread_blocked, id=87769, stack(0x00007fc2040c9000,0x00007fc2041ca000)]
  0x00007fc22c1e4000 JavaThread "C2 CompilerThread0" daemon [_thread_blocked, id=87770, stack(0x00007fc1e798e000,0x00007fc1e7a8f000)]
  0x00007fc22c1e6000 JavaThread "C1 CompilerThread0" daemon [_thread_blocked, id=87771, stack(0x00007fc1e788d000,0x00007fc1e798e000)]
  0x00007fc22c1e8000 JavaThread "Sweeper thread" daemon [_thread_blocked, id=87772, stack(0x00007fc1e778c000,0x00007fc1e788d000)]
  0x00007fc22c233800 JavaThread "Common-Cleaner" daemon [_thread_blocked, id=87774, stack(0x00007fc1e7589000,0x00007fc1e768a000)]
  0x00007fc1d023f000 JavaThread "C2 CompilerThread1" daemon [_thread_blocked, id=87775, stack(0x00007fc1e7285000,0x00007fc1e7386000)]
  0x00007fc1d0242000 JavaThread "C2 CompilerThread2" daemon [_thread_blocked, id=87776, stack(0x00007fc1e7184000,0x00007fc1e7285000)]

Other Threads:
  0x00007fc22c1d4800 VMThread "VM Thread" [stack: 0x00007fc2044cf000,0x00007fc2045cf000] [id=87765]
  0x00007fc22c231000 WatcherThread [stack: 0x00007fc1e768c000,0x00007fc1e778c000] [id=87773]
=>0x00007fc22c030800 GCTaskThread "GC Thread#0" [stack: 0x00007fc23130d000,0x00007fc23140d000] [id=87760]
  0x00007fc1f4001000 GCTaskThread "GC Thread#1" [stack: 0x00007fc1e7084000,0x00007fc1e7184000] [id=87777]
  0x00007fc1f4002800 GCTaskThread "GC Thread#2" [stack: 0x00007fc1e6f82000,0x00007fc1e7082000] [id=87778]
  0x00007fc1f4004800 GCTaskThread "GC Thread#3" [stack: 0x00007fc1e6e80000,0x00007fc1e6f80000] [id=87779]
  0x00007fc1f4006000 GCTaskThread "GC Thread#4" [stack: 0x00007fc1e6d7e000,0x00007fc1e6e7e000] [id=87780]
  0x00007fc1f4008000 GCTaskThread "GC Thread#5" [stack: 0x00007fc1e6c7c000,0x00007fc1e6d7c000] [id=87781]
  0x00007fc22c08e800 ConcurrentGCThread "G1 Main Marker" [stack: 0x00007fc207b62000,0x00007fc207c62000] [id=87761]
  0x00007fc22c090000 ConcurrentGCThread "G1 Conc#0" [stack: 0x00007fc207a60000,0x00007fc207b60000] [id=87762]
  0x00007fc22c196800 ConcurrentGCThread "G1 Refine#0" [stack: 0x00007fc204f54000,0x00007fc205054000] [id=87763]
  0x00007fc22c198800 ConcurrentGCThread "G1 Young RemSet Sampling" [stack: 0x00007fc204e52000,0x00007fc204f52000] [id=87764]

Threads with active compile tasks:
C2 CompilerThread0   1672 3823 % !   4       java.util.jar.Attributes::read @ 186 (390 bytes)

VM state:at safepoint (normal execution)

VM Mutex/Monitor currently owned by a thread:  ([mutex/lock_event])
[0x00007fc22c013690] Threads_lock - owner thread: 0x00007fc22c1d4800
[0x00007fc22c013e70] Heap_lock - owner thread: 0x00007fc22c017800

Heap address: 0x0000000708400000, size: 3964 MB, Compressed Oops mode: Zero based, Oop shift amount: 3
Narrow klass base: 0x0000000800000000, Narrow klass shift: 3
Compressed class space size: 1073741824 Address: 0x0000000840000000

Heap:
 garbage-first heap   total 256000K, used 169285K [0x0000000708400000, 0x0000000800000000)
  region size 1024K, 105 young (107520K), 4 survivors (4096K)
 Metaspace       used 19831K, capacity 20903K, committed 21248K, reserved 1069056K
  class space    used 2214K, capacity 2446K, committed 2560K, reserved 1048576K
Heap Regions: E=young(eden), S=young(survivor), O=old, HS=humongous(starts), HC=humongous(continues), CS=collection set, F=free, A=archive, TAMS=top-at-mark-start (previous, next)
|   0|0x0000000708400000, 0x0000000708500000, 0x0000000708500000|100%| O|  |TAMS 0x0000000708400000, 0x0000000708500000| Untracked 
|   1|0x0000000708500000, 0x0000000708600000, 0x0000000708600000|100%|HS|  |TAMS 0x0000000708500000, 0x0000000708600000| Complete 
|   2|0x0000000708600000, 0x0000000708700000, 0x0000000708700000|100%|HC|  |TAMS 0x0000000708600000, 0x0000000708700000| Complete 
|   3|0x0000000708700000, 0x0000000708800000, 0x0000000708800000|100%|HC|  |TAMS 0x0000000708700000, 0x0000000708800000| Complete 
|   4|0x0000000708800000, 0x0000000708900000, 0x0000000708900000|100%|HC|  |TAMS 0x0000000708800000, 0x0000000708900000| Complete 
|   5|0x0000000708900000, 0x0000000708a00000, 0x0000000708a00000|100%|HC|  |TAMS 0x0000000708900000, 0x0000000708a00000| Complete 
|   6|0x0000000708a00000, 0x0000000708b00000, 0x0000000708b00000|100%|HC|  |TAMS 0x0000000708a00000, 0x0000000708b00000| Complete 
|   7|0x0000000708b00000, 0x0000000708c00000, 0x0000000708c00000|100%|HC|  |TAMS 0x0000000708b00000, 0x0000000708c00000| Complete 
|   8|0x0000000708c00000, 0x0000000708d00000, 0x0000000708d00000|100%|HC|  |TAMS 0x0000000708c00000, 0x0000000708d00000| Complete 
|   9|0x0000000708d00000, 0x0000000708e00000, 0x0000000708e00000|100%|HS|  |TAMS 0x0000000708d00000, 0x0000000708e00000| Complete 
|  10|0x0000000708e00000, 0x0000000708f00000, 0x0000000708f00000|100%|HC|  |TAMS 0x0000000708e00000, 0x0000000708f00000| Complete 
|  11|0x0000000708f00000, 0x0000000709000000, 0x0000000709000000|100%|HC|  |TAMS 0x0000000708f00000, 0x0000000709000000| Complete 
|  12|0x0000000709000000, 0x0000000709100000, 0x0000000709100000|100%|HC|  |TAMS 0x0000000709000000, 0x0000000709100000| Complete 
|  13|0x0000000709100000, 0x0000000709200000, 0x0000000709200000|100%|HC|  |TAMS 0x0000000709100000, 0x0000000709200000| Complete 
|  14|0x0000000709200000, 0x0000000709300000, 0x0000000709300000|100%|HC|  |TAMS 0x0000000709200000, 0x0000000709300000| Complete 
|  15|0x0000000709300000, 0x0000000709400000, 0x0000000709400000|100%|HC|  |TAMS 0x0000000709300000, 0x0000000709400000| Complete 
|  16|0x0000000709400000, 0x0000000709500000, 0x0000000709500000|100%|HC|  |TAMS 0x0000000709400000, 0x0000000709500000| Complete 
|  17|0x0000000709500000, 0x0000000709600000, 0x0000000709600000|100%|HC|  |TAMS 0x0000000709500000, 0x0000000709600000| Complete 
|  18|0x0000000709600000, 0x0000000709700000, 0x0000000709700000|100%|HC|  |TAMS 0x0000000709600000, 0x0000000709700000| Complete 
|  19|0x0000000709700000, 0x0000000709800000, 0x0000000709800000|100%|HC|  |TAMS 0x0000000709700000, 0x0000000709800000| Complete 
|  20|0x0000000709800000, 0x0000000709900000, 0x0000000709900000|100%|HC|  |TAMS 0x0000000709800000, 0x0000000709900000| Complete 
|  21|0x0000000709900000, 0x0000000709a00000, 0x0000000709a00000|100%|HS|  |TAMS 0x0000000709900000, 0x0000000709a00000| Complete 
|  22|0x0000000709a00000, 0x0000000709b00000, 0x0000000709b00000|100%|HC|  |TAMS 0x0000000709a00000, 0x0000000709b00000| Complete 
|  23|0x0000000709b00000, 0x0000000709c00000, 0x0000000709c00000|100%|HC|  |TAMS 0x0000000709b00000, 0x0000000709c00000| Complete 
|  24|0x0000000709c00000, 0x0000000709d00000, 0x0000000709d00000|100%|HC|  |TAMS 0x0000000709c00000, 0x0000000709d00000| Complete 
|  25|0x0000000709d00000, 0x0000000709e00000, 0x0000000709e00000|100%|HC|  |TAMS 0x0000000709d00000, 0x0000000709e00000| Complete 
|  26|0x0000000709e00000, 0x0000000709f00000, 0x0000000709f00000|100%|HC|  |TAMS 0x0000000709e00000, 0x0000000709f00000| Complete 
|  27|0x0000000709f00000, 0x000000070a000000, 0x000000070a000000|100%|HC|  |TAMS 0x0000000709f00000, 0x000000070a000000| Complete 
|  28|0x000000070a000000, 0x000000070a100000, 0x000000070a100000|100%|HC|  |TAMS 0x000000070a000000, 0x000000070a100000| Complete 
|  29|0x000000070a100000, 0x000000070a200000, 0x000000070a200000|100%|HC|  |TAMS 0x000000070a100000, 0x000000070a200000| Complete 
|  30|0x000000070a200000, 0x000000070a300000, 0x000000070a300000|100%|HC|  |TAMS 0x000000070a200000, 0x000000070a300000| Complete 
|  31|0x000000070a300000, 0x000000070a400000, 0x000000070a400000|100%|HC|  |TAMS 0x000000070a300000, 0x000000070a400000| Complete 
|  32|0x000000070a400000, 0x000000070a500000, 0x000000070a500000|100%|HC|  |TAMS 0x000000070a400000, 0x000000070a500000| Complete 
|  33|0x000000070a500000, 0x000000070a600000, 0x000000070a600000|100%|HS|  |TAMS 0x000000070a500000, 0x000000070a600000| Complete 
|  34|0x000000070a600000, 0x000000070a700000, 0x000000070a700000|100%|HC|  |TAMS 0x000000070a600000, 0x000000070a700000| Complete 
|  35|0x000000070a700000, 0x000000070a800000, 0x000000070a800000|100%|HC|  |TAMS 0x000000070a700000, 0x000000070a800000| Complete 
|  36|0x000000070a800000, 0x000000070a900000, 0x000000070a900000|100%|HC|  |TAMS 0x000000070a800000, 0x000000070a900000| Complete 
|  37|0x000000070a900000, 0x000000070aa00000, 0x000000070aa00000|100%|HC|  |TAMS 0x000000070a900000, 0x000000070aa00000| Complete 
|  38|0x000000070aa00000, 0x000000070ab00000, 0x000000070ab00000|100%|HC|  |TAMS 0x000000070aa00000, 0x000000070ab00000| Complete 
|  39|0x000000070ab00000, 0x000000070ac00000, 0x000000070ac00000|100%|HC|  |TAMS 0x000000070ab00000, 0x000000070ac00000| Complete 
|  40|0x000000070ac00000, 0x000000070ad00000, 0x000000070ad00000|100%|HC|  |TAMS 0x000000070ac00000, 0x000000070ad00000| Complete 
|  41|0x000000070ad00000, 0x000000070ae00000, 0x000000070ae00000|100%|HS|  |TAMS 0x000000070ad00000, 0x000000070ae00000| Complete 
|  42|0x000000070ae00000, 0x000000070af00000, 0x000000070af00000|100%|HC|  |TAMS 0x000000070ae00000, 0x000000070af00000| Complete 
|  43|0x000000070af00000, 0x000000070b000000, 0x000000070b000000|100%|HC|  |TAMS 0x000000070af00000, 0x000000070b000000| Complete 
|  44|0x000000070b000000, 0x000000070b100000, 0x000000070b100000|100%|HC|  |TAMS 0x000000070b000000, 0x000000070b100000| Complete 
|  45|0x000000070b100000, 0x000000070b200000, 0x000000070b200000|100%|HC|  |TAMS 0x000000070b100000, 0x000000070b200000| Complete 
|  46|0x000000070b200000, 0x000000070b300000, 0x000000070b300000|100%|HC|  |TAMS 0x000000070b200000, 0x000000070b300000| Complete 
|  47|0x000000070b300000, 0x000000070b400000, 0x000000070b400000|100%|HC|  |TAMS 0x000000070b300000, 0x000000070b400000| Complete 
|  48|0x000000070b400000, 0x000000070b500000, 0x000000070b500000|100%|HC|  |TAMS 0x000000070b400000, 0x000000070b500000| Complete 
|  49|0x000000070b500000, 0x000000070b600000, 0x000000070b600000|100%|HS|  |TAMS 0x000000070b500000, 0x000000070b600000| Complete 
|  50|0x000000070b600000, 0x000000070b700000, 0x000000070b700000|100%|HS|  |TAMS 0x000000070b600000, 0x000000070b700000| Complete 
|  51|0x000000070b700000, 0x000000070b800000, 0x000000070b800000|100%| O|  |TAMS 0x000000070b700000, 0x000000070b800000| Untracked 
|  52|0x000000070b800000, 0x000000070b900000, 0x000000070b900000|100%| O|  |TAMS 0x000000070b800000, 0x000000070b900000| Untracked 
|  53|0x000000070b900000, 0x000000070ba00000, 0x000000070ba00000|100%| O|  |TAMS 0x000000070b900000, 0x000000070ba00000| Untracked 
|  54|0x000000070ba00000, 0x000000070bb00000, 0x000000070bb00000|100%| O|  |TAMS 0x000000070ba00000, 0x000000070bb00000| Untracked 
|  55|0x000000070bb00000, 0x000000070bc00000, 0x000000070bc00000|100%| O|  |TAMS 0x000000070bb00000, 0x000000070bc00000| Untracked 
|  56|0x000000070bc00000, 0x000000070bd00000, 0x000000070bd00000|100%| O|  |TAMS 0x000000070bc00000, 0x000000070bd00000| Untracked 
|  57|0x000000070bd00000, 0x000000070be00000, 0x000000070be00000|100%| O|  |TAMS 0x000000070bd00000, 0x000000070be00000| Untracked 
|  58|0x000000070be00000, 0x000000070bf00000, 0x000000070bf00000|100%| O|  |TAMS 0x000000070be00000, 0x000000070bf00000| Untracked 
|  59|0x000000070bf00000, 0x000000070bf86a20, 0x000000070c000000| 52%| O|  |TAMS 0x000000070bf00000, 0x000000070c000000| Untracked 
|  60|0x000000070c000000, 0x000000070c000000, 0x000000070c100000|  0%| F|  |TAMS 0x000000070c000000, 0x000000070c000000| Untracked 
|  61|0x000000070c100000, 0x000000070c100000, 0x000000070c200000|  0%| F|  |TAMS 0x000000070c100000, 0x000000070c100000| Untracked 
|  62|0x000000070c200000, 0x000000070c200000, 0x000000070c300000|  0%| F|  |TAMS 0x000000070c200000, 0x000000070c200000| Untracked 
|  63|0x000000070c300000, 0x000000070c300000, 0x000000070c400000|  0%| F|  |TAMS 0x000000070c300000, 0x000000070c300000| Untracked 
|  64|0x000000070c400000, 0x000000070c400000, 0x000000070c500000|  0%| F|  |TAMS 0x000000070c400000, 0x000000070c400000| Untracked 
|  65|0x000000070c500000, 0x000000070c500000, 0x000000070c600000|  0%| F|  |TAMS 0x000000070c500000, 0x000000070c500000| Untracked 
|  66|0x000000070c600000, 0x000000070c600000, 0x000000070c700000|  0%| F|  |TAMS 0x000000070c600000, 0x000000070c600000| Untracked 
|  67|0x000000070c700000, 0x000000070c700000, 0x000000070c800000|  0%| F|  |TAMS 0x000000070c700000, 0x000000070c700000| Untracked 
|  68|0x000000070c800000, 0x000000070c800000, 0x000000070c900000|  0%| F|  |TAMS 0x000000070c800000, 0x000000070c800000| Untracked 
|  69|0x000000070c900000, 0x000000070c900000, 0x000000070ca00000|  0%| F|  |TAMS 0x000000070c900000, 0x000000070c900000| Untracked 
|  70|0x000000070ca00000, 0x000000070ca00000, 0x000000070cb00000|  0%| F|  |TAMS 0x000000070ca00000, 0x000000070ca00000| Untracked 
|  71|0x000000070cb00000, 0x000000070cb00000, 0x000000070cc00000|  0%| F|  |TAMS 0x000000070cb00000, 0x000000070cb00000| Untracked 
|  72|0x000000070cc00000, 0x000000070cc00000, 0x000000070cd00000|  0%| F|  |TAMS 0x000000070cc00000, 0x000000070cc00000| Untracked 
|  73|0x000000070cd00000, 0x000000070cd00000, 0x000000070ce00000|  0%| F|  |TAMS 0x000000070cd00000, 0x000000070cd00000| Untracked 
|  74|0x000000070ce00000, 0x000000070ce00000, 0x000000070cf00000|  0%| F|  |TAMS 0x000000070ce00000, 0x000000070ce00000| Untracked 
|  75|0x000000070cf00000, 0x000000070cf00000, 0x000000070d000000|  0%| F|  |TAMS 0x000000070cf00000, 0x000000070cf00000| Untracked 
|  76|0x000000070d000000, 0x000000070d000000, 0x000000070d100000|  0%| F|  |TAMS 0x000000070d000000, 0x000000070d000000| Untracked 
|  77|0x000000070d100000, 0x000000070d100000, 0x000000070d200000|  0%| F|  |TAMS 0x000000070d100000, 0x000000070d100000| Untracked 
|  78|0x000000070d200000, 0x000000070d200000, 0x000000070d300000|  0%| F|  |TAMS 0x000000070d200000, 0x000000070d200000| Untracked 
|  79|0x000000070d300000, 0x000000070d300000, 0x000000070d400000|  0%| F|  |TAMS 0x000000070d300000, 0x000000070d300000| Untracked 
|  80|0x000000070d400000, 0x000000070d400000, 0x000000070d500000|  0%| F|  |TAMS 0x000000070d400000, 0x000000070d400000| Untracked 
|  81|0x000000070d500000, 0x000000070d500000, 0x000000070d600000|  0%| F|  |TAMS 0x000000070d500000, 0x000000070d500000| Untracked 
|  82|0x000000070d600000, 0x000000070d600000, 0x000000070d700000|  0%| F|  |TAMS 0x000000070d600000, 0x000000070d600000| Untracked 
|  83|0x000000070d700000, 0x000000070d700000, 0x000000070d800000|  0%| F|  |TAMS 0x000000070d700000, 0x000000070d700000| Untracked 
|  84|0x000000070d800000, 0x000000070d800000, 0x000000070d900000|  0%| F|  |TAMS 0x000000070d800000, 0x000000070d800000| Untracked 
|  85|0x000000070d900000, 0x000000070d90ff80, 0x000000070da00000|  6%| E|CS|TAMS 0x000000070d900000, 0x000000070d90ff80| Complete 
|  86|0x000000070da00000, 0x000000070db00000, 0x000000070db00000|100%| E|CS|TAMS 0x000000070da00000, 0x000000070db00000| Complete 
|  87|0x000000070db00000, 0x000000070dc00000, 0x000000070dc00000|100%| E|CS|TAMS 0x000000070db00000, 0x000000070dc00000| Complete 
|  88|0x000000070dc00000, 0x000000070dd00000, 0x000000070dd00000|100%| E|CS|TAMS 0x000000070dc00000, 0x000000070dd00000| Complete 
|  89|0x000000070dd00000, 0x000000070de00000, 0x000000070de00000|100%| E|CS|TAMS 0x000000070dd00000, 0x000000070de00000| Complete 
|  90|0x000000070de00000, 0x000000070df00000, 0x000000070df00000|100%| E|CS|TAMS 0x000000070de00000, 0x000000070df00000| Complete 
|  91|0x000000070df00000, 0x000000070e000000, 0x000000070e000000|100%| E|CS|TAMS 0x000000070df00000, 0x000000070e000000| Complete 
|  92|0x000000070e000000, 0x000000070e100000, 0x000000070e100000|100%| E|CS|TAMS 0x000000070e000000, 0x000000070e100000| Complete 
|  93|0x000000070e100000, 0x000000070e200000, 0x000000070e200000|100%| E|CS|TAMS 0x000000070e100000, 0x000000070e200000| Complete 
|  94|0x000000070e200000, 0x000000070e300000, 0x000000070e300000|100%| E|CS|TAMS 0x000000070e200000, 0x000000070e300000| Complete 
|  95|0x000000070e300000, 0x000000070e400000, 0x000000070e400000|100%| E|CS|TAMS 0x000000070e300000, 0x000000070e400000| Complete 
|  96|0x000000070e400000, 0x000000070e500000, 0x000000070e500000|100%| E|CS|TAMS 0x000000070e400000, 0x000000070e500000| Complete 
|  97|0x000000070e500000, 0x000000070e600000, 0x000000070e600000|100%| E|CS|TAMS 0x000000070e500000, 0x000000070e600000| Complete 
|  98|0x000000070e600000, 0x000000070e700000, 0x000000070e700000|100%| E|CS|TAMS 0x000000070e600000, 0x000000070e700000| Complete 
|  99|0x000000070e700000, 0x000000070e800000, 0x000000070e800000|100%| E|CS|TAMS 0x000000070e700000, 0x000000070e800000| Complete 
| 100|0x000000070e800000, 0x000000070e800000, 0x000000070e900000|  0%| F|  |TAMS 0x000000070e800000, 0x000000070e800000| Untracked 
| 101|0x000000070e900000, 0x000000070e900000, 0x000000070ea00000|  0%| F|  |TAMS 0x000000070e900000, 0x000000070e900000| Untracked 
| 102|0x000000070ea00000, 0x000000070ea00000, 0x000000070eb00000|  0%| F|  |TAMS 0x000000070ea00000, 0x000000070ea00000| Untracked 
| 103|0x000000070eb00000, 0x000000070eb00000, 0x000000070ec00000|  0%| F|  |TAMS 0x000000070eb00000, 0x000000070eb00000| Untracked 
| 104|0x000000070ec00000, 0x000000070ec00000, 0x000000070ed00000|  0%| F|  |TAMS 0x000000070ec00000, 0x000000070ec00000| Untracked 
| 105|0x000000070ed00000, 0x000000070ed00000, 0x000000070ee00000|  0%| F|  |TAMS 0x000000070ed00000, 0x000000070ed00000| Untracked 
| 106|0x000000070ee00000, 0x000000070ee00000, 0x000000070ef00000|  0%| F|  |TAMS 0x000000070ee00000, 0x000000070ee00000| Untracked 
| 107|0x000000070ef00000, 0x000000070ef00000, 0x000000070f000000|  0%| F|  |TAMS 0x000000070ef00000, 0x000000070ef00000| Untracked 
| 108|0x000000070f000000, 0x000000070f000000, 0x000000070f100000|  0%| F|  |TAMS 0x000000070f000000, 0x000000070f000000| Untracked 
| 109|0x000000070f100000, 0x000000070f100000, 0x000000070f200000|  0%| F|  |TAMS 0x000000070f100000, 0x000000070f100000| Untracked 
| 110|0x000000070f200000, 0x000000070f200000, 0x000000070f300000|  0%| F|  |TAMS 0x000000070f200000, 0x000000070f200000| Untracked 
| 111|0x000000070f300000, 0x000000070f300000, 0x000000070f400000|  0%| F|  |TAMS 0x000000070f300000, 0x000000070f300000| Untracked 
| 112|0x000000070f400000, 0x000000070f400000, 0x000000070f500000|  0%| F|  |TAMS 0x000000070f400000, 0x000000070f400000| Untracked 
| 113|0x000000070f500000, 0x000000070f500000, 0x000000070f600000|  0%| F|  |TAMS 0x000000070f500000, 0x000000070f500000| Untracked 
| 114|0x000000070f600000, 0x000000070f600000, 0x000000070f700000|  0%| F|  |TAMS 0x000000070f600000, 0x000000070f600000| Untracked 
| 115|0x000000070f700000, 0x000000070f700000, 0x000000070f800000|  0%| F|  |TAMS 0x000000070f700000, 0x000000070f700000| Untracked 
| 116|0x000000070f800000, 0x000000070f800000, 0x000000070f900000|  0%| F|  |TAMS 0x000000070f800000, 0x000000070f800000| Untracked 
| 117|0x000000070f900000, 0x000000070f900000, 0x000000070fa00000|  0%| F|  |TAMS 0x000000070f900000, 0x000000070f900000| Untracked 
| 118|0x000000070fa00000, 0x000000070fa00000, 0x000000070fb00000|  0%| F|  |TAMS 0x000000070fa00000, 0x000000070fa00000| Untracked 
| 119|0x000000070fb00000, 0x000000070fb00000, 0x000000070fc00000|  0%| F|  |TAMS 0x000000070fb00000, 0x000000070fb00000| Untracked 
| 120|0x000000070fc00000, 0x000000070fc00000, 0x000000070fd00000|  0%| F|  |TAMS 0x000000070fc00000, 0x000000070fc00000| Untracked 
| 121|0x000000070fd00000, 0x000000070fd00000, 0x000000070fe00000|  0%| F|  |TAMS 0x000000070fd00000, 0x000000070fd00000| Untracked 
| 122|0x000000070fe00000, 0x000000070fe00000, 0x000000070ff00000|  0%| F|  |TAMS 0x000000070fe00000, 0x000000070fe00000| Untracked 
| 123|0x000000070ff00000, 0x000000070ff00000, 0x0000000710000000|  0%| F|  |TAMS 0x000000070ff00000, 0x000000070ff00000| Untracked 
| 124|0x0000000710000000, 0x0000000710000000, 0x0000000710100000|  0%| F|  |TAMS 0x0000000710000000, 0x0000000710000000| Untracked 
| 125|0x0000000710100000, 0x0000000710100000, 0x0000000710200000|  0%| F|  |TAMS 0x0000000710100000, 0x0000000710100000| Untracked 
| 126|0x0000000710200000, 0x0000000710200000, 0x0000000710300000|  0%| F|  |TAMS 0x0000000710200000, 0x0000000710200000| Untracked 
| 127|0x0000000710300000, 0x0000000710300000, 0x0000000710400000|  0%| F|  |TAMS 0x0000000710300000, 0x0000000710300000| Untracked 
| 128|0x0000000710400000, 0x0000000710400000, 0x0000000710500000|  0%| F|  |TAMS 0x0000000710400000, 0x0000000710400000| Untracked 
| 129|0x0000000710500000, 0x0000000710500000, 0x0000000710600000|  0%| F|  |TAMS 0x0000000710500000, 0x0000000710500000| Untracked 
| 130|0x0000000710600000, 0x0000000710600000, 0x0000000710700000|  0%| F|  |TAMS 0x0000000710600000, 0x0000000710600000| Untracked 
| 131|0x0000000710700000, 0x0000000710700000, 0x0000000710800000|  0%| F|  |TAMS 0x0000000710700000, 0x0000000710700000| Untracked 
| 132|0x0000000710800000, 0x0000000710800000, 0x0000000710900000|  0%| F|  |TAMS 0x0000000710800000, 0x0000000710800000| Untracked 
| 133|0x0000000710900000, 0x0000000710900000, 0x0000000710a00000|  0%| F|  |TAMS 0x0000000710900000, 0x0000000710900000| Untracked 
| 134|0x0000000710a00000, 0x0000000710a00000, 0x0000000710b00000|  0%| F|  |TAMS 0x0000000710a00000, 0x0000000710a00000| Untracked 
| 135|0x0000000710b00000, 0x0000000710b00000, 0x0000000710c00000|  0%| F|  |TAMS 0x0000000710b00000, 0x0000000710b00000| Untracked 
| 136|0x0000000710c00000, 0x0000000710c00000, 0x0000000710d00000|  0%| F|  |TAMS 0x0000000710c00000, 0x0000000710c00000| Untracked 
| 137|0x0000000710d00000, 0x0000000710d00000, 0x0000000710e00000|  0%| F|  |TAMS 0x0000000710d00000, 0x0000000710d00000| Untracked 
| 138|0x0000000710e00000, 0x0000000710e00000, 0x0000000710f00000|  0%| F|  |TAMS 0x0000000710e00000, 0x0000000710e00000| Untracked 
| 139|0x0000000710f00000, 0x0000000710f00000, 0x0000000711000000|  0%| F|  |TAMS 0x0000000710f00000, 0x0000000710f00000| Untracked 
| 140|0x0000000711000000, 0x0000000711000000, 0x0000000711100000|  0%| F|  |TAMS 0x0000000711000000, 0x0000000711000000| Untracked 
| 141|0x0000000711100000, 0x0000000711100000, 0x0000000711200000|  0%| F|  |TAMS 0x0000000711100000, 0x0000000711100000| Untracked 
| 142|0x0000000711200000, 0x0000000711200000, 0x0000000711300000|  0%| F|  |TAMS 0x0000000711200000, 0x0000000711200000| Untracked 
| 143|0x0000000711300000, 0x0000000711400000, 0x0000000711400000|100%| S|  |TAMS 0x0000000711300000, 0x0000000711300000| Complete 
| 144|0x0000000711400000, 0x0000000711500000, 0x0000000711500000|100%| S|  |TAMS 0x0000000711400000, 0x0000000711400000| Complete 
| 145|0x0000000711500000, 0x0000000711600000, 0x0000000711600000|100%| S|  |TAMS 0x0000000711500000, 0x0000000711500000| Complete 
| 146|0x0000000711600000, 0x0000000711700000, 0x0000000711700000|100%| S|  |TAMS 0x0000000711600000, 0x0000000711600000| Complete 
| 147|0x0000000711700000, 0x0000000711780800, 0x0000000711800000| 50%| E|CS|TAMS 0x0000000711700000, 0x0000000711780800| Complete 
| 148|0x0000000711800000, 0x0000000711900000, 0x0000000711900000|100%| E|CS|TAMS 0x0000000711800000, 0x0000000711900000| Complete 
| 149|0x0000000711900000, 0x0000000711a00000, 0x0000000711a00000|100%| E|CS|TAMS 0x0000000711900000, 0x0000000711a00000| Complete 
| 150|0x0000000711a00000, 0x0000000711b00000, 0x0000000711b00000|100%| E|CS|TAMS 0x0000000711a00000, 0x0000000711b00000| Complete 
| 151|0x0000000711b00000, 0x0000000711c00000, 0x0000000711c00000|100%| E|CS|TAMS 0x0000000711b00000, 0x0000000711c00000| Complete 
| 152|0x0000000711c00000, 0x0000000711d00000, 0x0000000711d00000|100%| E|CS|TAMS 0x0000000711c00000, 0x0000000711d00000| Complete 
| 153|0x0000000711d00000, 0x0000000711e00000, 0x0000000711e00000|100%| E|CS|TAMS 0x0000000711d00000, 0x0000000711e00000| Complete 
| 154|0x0000000711e00000, 0x0000000711f00000, 0x0000000711f00000|100%| E|CS|TAMS 0x0000000711e00000, 0x0000000711f00000| Complete 
| 155|0x0000000711f00000, 0x0000000712000000, 0x0000000712000000|100%| E|CS|TAMS 0x0000000711f00000, 0x0000000712000000| Complete 
| 156|0x0000000712000000, 0x0000000712100000, 0x0000000712100000|100%| E|CS|TAMS 0x0000000712000000, 0x0000000712100000| Complete 
| 157|0x0000000712100000, 0x0000000712200000, 0x0000000712200000|100%| E|CS|TAMS 0x0000000712100000, 0x0000000712200000| Complete 
| 158|0x0000000712200000, 0x0000000712300000, 0x0000000712300000|100%| E|CS|TAMS 0x0000000712200000, 0x0000000712300000| Complete 
| 159|0x0000000712300000, 0x0000000712400000, 0x0000000712400000|100%| E|CS|TAMS 0x0000000712300000, 0x0000000712400000| Complete 
| 160|0x0000000712400000, 0x0000000712500000, 0x0000000712500000|100%| E|CS|TAMS 0x0000000712400000, 0x0000000712500000| Complete 
| 161|0x0000000712500000, 0x0000000712600000, 0x0000000712600000|100%| E|CS|TAMS 0x0000000712500000, 0x0000000712600000| Complete 
| 162|0x0000000712600000, 0x0000000712700000, 0x0000000712700000|100%| E|CS|TAMS 0x0000000712600000, 0x0000000712700000| Complete 
| 163|0x0000000712700000, 0x0000000712800000, 0x0000000712800000|100%| E|CS|TAMS 0x0000000712700000, 0x0000000712800000| Complete 
| 164|0x0000000712800000, 0x0000000712900000, 0x0000000712900000|100%| E|CS|TAMS 0x0000000712800000, 0x0000000712900000| Complete 
| 165|0x0000000712900000, 0x0000000712a00000, 0x0000000712a00000|100%| E|CS|TAMS 0x0000000712900000, 0x0000000712a00000| Complete 
| 166|0x0000000712a00000, 0x0000000712b00000, 0x0000000712b00000|100%| E|CS|TAMS 0x0000000712a00000, 0x0000000712b00000| Complete 
| 167|0x0000000712b00000, 0x0000000712c00000, 0x0000000712c00000|100%| E|CS|TAMS 0x0000000712b00000, 0x0000000712c00000| Complete 
| 168|0x0000000712c00000, 0x0000000712d00000, 0x0000000712d00000|100%| E|CS|TAMS 0x0000000712c00000, 0x0000000712d00000| Complete 
| 169|0x0000000712d00000, 0x0000000712e00000, 0x0000000712e00000|100%| E|CS|TAMS 0x0000000712d00000, 0x0000000712e00000| Complete 
| 170|0x0000000712e00000, 0x0000000712f00000, 0x0000000712f00000|100%| E|CS|TAMS 0x0000000712e00000, 0x0000000712f00000| Complete 
| 171|0x0000000712f00000, 0x0000000713000000, 0x0000000713000000|100%| E|CS|TAMS 0x0000000712f00000, 0x0000000713000000| Complete 
| 172|0x0000000713000000, 0x0000000713100000, 0x0000000713100000|100%| E|CS|TAMS 0x0000000713000000, 0x0000000713100000| Complete 
| 173|0x0000000713100000, 0x0000000713200000, 0x0000000713200000|100%| E|CS|TAMS 0x0000000713100000, 0x0000000713200000| Complete 
| 174|0x0000000713200000, 0x0000000713300000, 0x0000000713300000|100%| E|CS|TAMS 0x0000000713200000, 0x0000000713300000| Complete 
| 175|0x0000000713300000, 0x0000000713400000, 0x0000000713400000|100%| E|CS|TAMS 0x0000000713300000, 0x0000000713400000| Complete 
| 176|0x0000000713400000, 0x0000000713500000, 0x0000000713500000|100%| E|CS|TAMS 0x0000000713400000, 0x0000000713500000| Complete 
| 177|0x0000000713500000, 0x0000000713600000, 0x0000000713600000|100%| E|CS|TAMS 0x0000000713500000, 0x0000000713600000| Complete 
| 178|0x0000000713600000, 0x0000000713700000, 0x0000000713700000|100%| E|CS|TAMS 0x0000000713600000, 0x0000000713700000| Complete 
| 179|0x0000000713700000, 0x0000000713800000, 0x0000000713800000|100%| E|CS|TAMS 0x0000000713700000, 0x0000000713800000| Complete 
| 180|0x0000000713800000, 0x0000000713900000, 0x0000000713900000|100%| E|CS|TAMS 0x0000000713800000, 0x0000000713900000| Complete 
| 181|0x0000000713900000, 0x0000000713a00000, 0x0000000713a00000|100%| E|CS|TAMS 0x0000000713900000, 0x0000000713a00000| Complete 
| 182|0x0000000713a00000, 0x0000000713b00000, 0x0000000713b00000|100%| E|CS|TAMS 0x0000000713a00000, 0x0000000713b00000| Complete 
| 183|0x0000000713b00000, 0x0000000713c00000, 0x0000000713c00000|100%| E|CS|TAMS 0x0000000713b00000, 0x0000000713c00000| Complete 
| 184|0x0000000713c00000, 0x0000000713d00000, 0x0000000713d00000|100%| E|CS|TAMS 0x0000000713c00000, 0x0000000713d00000| Complete 
| 185|0x0000000713d00000, 0x0000000713e00000, 0x0000000713e00000|100%| E|CS|TAMS 0x0000000713d00000, 0x0000000713e00000| Complete 
| 186|0x0000000713e00000, 0x0000000713f00000, 0x0000000713f00000|100%| E|CS|TAMS 0x0000000713e00000, 0x0000000713f00000| Complete 
| 187|0x0000000713f00000, 0x0000000714000000, 0x0000000714000000|100%| E|CS|TAMS 0x0000000713f00000, 0x0000000714000000| Complete 
| 188|0x0000000714000000, 0x0000000714100000, 0x0000000714100000|100%| E|CS|TAMS 0x0000000714000000, 0x0000000714100000| Complete 
| 189|0x0000000714100000, 0x0000000714200000, 0x0000000714200000|100%| E|CS|TAMS 0x0000000714100000, 0x0000000714200000| Complete 
| 190|0x0000000714200000, 0x0000000714300000, 0x0000000714300000|100%| E|CS|TAMS 0x0000000714200000, 0x0000000714300000| Complete 
| 191|0x0000000714300000, 0x0000000714400000, 0x0000000714400000|100%| E|CS|TAMS 0x0000000714300000, 0x0000000714400000| Complete 
| 192|0x0000000714400000, 0x0000000714500000, 0x0000000714500000|100%| E|CS|TAMS 0x0000000714400000, 0x0000000714500000| Complete 
| 193|0x0000000714500000, 0x0000000714600000, 0x0000000714600000|100%| E|CS|TAMS 0x0000000714500000, 0x0000000714600000| Complete 
| 194|0x0000000714600000, 0x0000000714700000, 0x0000000714700000|100%| E|CS|TAMS 0x0000000714600000, 0x0000000714700000| Complete 
| 195|0x0000000714700000, 0x0000000714800000, 0x0000000714800000|100%| E|CS|TAMS 0x0000000714700000, 0x0000000714800000| Complete 
| 196|0x0000000714800000, 0x0000000714900000, 0x0000000714900000|100%| E|CS|TAMS 0x0000000714800000, 0x0000000714900000| Complete 
| 197|0x0000000714900000, 0x0000000714a00000, 0x0000000714a00000|100%| E|CS|TAMS 0x0000000714900000, 0x0000000714a00000| Complete 
| 198|0x0000000714a00000, 0x0000000714b00000, 0x0000000714b00000|100%| E|CS|TAMS 0x0000000714a00000, 0x0000000714b00000| Complete 
| 199|0x0000000714b00000, 0x0000000714c00000, 0x0000000714c00000|100%| E|CS|TAMS 0x0000000714b00000, 0x0000000714c00000| Complete 
| 200|0x0000000714c00000, 0x0000000714d00000, 0x0000000714d00000|100%| E|CS|TAMS 0x0000000714c00000, 0x0000000714d00000| Complete 
| 201|0x0000000714d00000, 0x0000000714e00000, 0x0000000714e00000|100%| E|CS|TAMS 0x0000000714d00000, 0x0000000714e00000| Complete 
| 202|0x0000000714e00000, 0x0000000714f00000, 0x0000000714f00000|100%| E|CS|TAMS 0x0000000714e00000, 0x0000000714f00000| Complete 
| 203|0x0000000714f00000, 0x0000000715000000, 0x0000000715000000|100%| E|CS|TAMS 0x0000000714f00000, 0x0000000715000000| Complete 
| 204|0x0000000715000000, 0x0000000715100000, 0x0000000715100000|100%| E|CS|TAMS 0x0000000715000000, 0x0000000715100000| Complete 
| 205|0x0000000715100000, 0x0000000715200000, 0x0000000715200000|100%| E|CS|TAMS 0x0000000715100000, 0x0000000715200000| Complete 
| 206|0x0000000715200000, 0x0000000715300000, 0x0000000715300000|100%| E|CS|TAMS 0x0000000715200000, 0x0000000715300000| Complete 
| 207|0x0000000715300000, 0x0000000715400000, 0x0000000715400000|100%| E|CS|TAMS 0x0000000715300000, 0x0000000715400000| Complete 
| 208|0x0000000715400000, 0x0000000715500000, 0x0000000715500000|100%| E|CS|TAMS 0x0000000715400000, 0x0000000715500000| Complete 
| 209|0x0000000715500000, 0x0000000715600000, 0x0000000715600000|100%| E|CS|TAMS 0x0000000715500000, 0x0000000715600000| Complete 
| 210|0x0000000715600000, 0x0000000715700000, 0x0000000715700000|100%| E|CS|TAMS 0x0000000715600000, 0x0000000715700000| Complete 
| 211|0x0000000715700000, 0x0000000715800000, 0x0000000715800000|100%| E|CS|TAMS 0x0000000715700000, 0x0000000715800000| Complete 
| 212|0x0000000715800000, 0x0000000715900000, 0x0000000715900000|100%| E|CS|TAMS 0x0000000715800000, 0x0000000715900000| Complete 
| 213|0x0000000715900000, 0x0000000715a00000, 0x0000000715a00000|100%| E|CS|TAMS 0x0000000715900000, 0x0000000715a00000| Complete 
| 214|0x0000000715a00000, 0x0000000715b00000, 0x0000000715b00000|100%| E|CS|TAMS 0x0000000715a00000, 0x0000000715b00000| Complete 
| 215|0x0000000715b00000, 0x0000000715c00000, 0x0000000715c00000|100%| E|CS|TAMS 0x0000000715b00000, 0x0000000715c00000| Complete 
| 216|0x0000000715c00000, 0x0000000715d00000, 0x0000000715d00000|100%| E|CS|TAMS 0x0000000715c00000, 0x0000000715d00000| Complete 
| 217|0x0000000715d00000, 0x0000000715e00000, 0x0000000715e00000|100%| E|CS|TAMS 0x0000000715d00000, 0x0000000715e00000| Complete 
| 218|0x0000000715e00000, 0x0000000715f00000, 0x0000000715f00000|100%| E|CS|TAMS 0x0000000715e00000, 0x0000000715f00000| Complete 
| 219|0x0000000715f00000, 0x0000000716000000, 0x0000000716000000|100%| E|CS|TAMS 0x0000000715f00000, 0x0000000716000000| Complete 
| 220|0x0000000716000000, 0x0000000716100000, 0x0000000716100000|100%| E|CS|TAMS 0x0000000716000000, 0x0000000716100000| Complete 
| 221|0x0000000716100000, 0x0000000716200000, 0x0000000716200000|100%| E|CS|TAMS 0x0000000716100000, 0x0000000716200000| Complete 
| 222|0x0000000716200000, 0x0000000716300000, 0x0000000716300000|100%| E|CS|TAMS 0x0000000716200000, 0x0000000716300000| Complete 
| 223|0x0000000716300000, 0x0000000716400000, 0x0000000716400000|100%| E|CS|TAMS 0x0000000716300000, 0x0000000716400000| Complete 
| 224|0x0000000716400000, 0x0000000716500000, 0x0000000716500000|100%| E|CS|TAMS 0x0000000716400000, 0x0000000716500000| Complete 
| 225|0x0000000716500000, 0x0000000716600000, 0x0000000716600000|100%| E|CS|TAMS 0x0000000716500000, 0x0000000716600000| Complete 
| 226|0x0000000716600000, 0x0000000716700000, 0x0000000716700000|100%| E|CS|TAMS 0x0000000716600000, 0x0000000716700000| Complete 
| 227|0x0000000716700000, 0x0000000716800000, 0x0000000716800000|100%| E|CS|TAMS 0x0000000716700000, 0x0000000716800000| Complete 
| 228|0x0000000716800000, 0x0000000716900000, 0x0000000716900000|100%| E|CS|TAMS 0x0000000716800000, 0x0000000716900000| Complete 
| 229|0x0000000716900000, 0x0000000716a00000, 0x0000000716a00000|100%| E|CS|TAMS 0x0000000716900000, 0x0000000716a00000| Complete 
| 230|0x0000000716a00000, 0x0000000716b00000, 0x0000000716b00000|100%| E|CS|TAMS 0x0000000716a00000, 0x0000000716b00000| Complete 
| 231|0x0000000716b00000, 0x0000000716c00000, 0x0000000716c00000|100%| E|CS|TAMS 0x0000000716b00000, 0x0000000716c00000| Complete 
| 232|0x0000000716c00000, 0x0000000716d00000, 0x0000000716d00000|100%| E|CS|TAMS 0x0000000716c00000, 0x0000000716d00000| Complete 
| 233|0x0000000716d00000, 0x0000000716e00000, 0x0000000716e00000|100%| E|CS|TAMS 0x0000000716d00000, 0x0000000716e00000| Complete 
| 234|0x0000000716e00000, 0x0000000716f00000, 0x0000000716f00000|100%| E|CS|TAMS 0x0000000716e00000, 0x0000000716f00000| Complete 
| 235|0x0000000716f00000, 0x0000000717000000, 0x0000000717000000|100%| E|CS|TAMS 0x0000000716f00000, 0x0000000717000000| Complete 
| 236|0x0000000717000000, 0x0000000717100000, 0x0000000717100000|100%| E|CS|TAMS 0x0000000717000000, 0x0000000717100000| Complete 
| 237|0x0000000717100000, 0x0000000717200000, 0x0000000717200000|100%| E|CS|TAMS 0x0000000717100000, 0x0000000717200000| Complete 
| 238|0x0000000717200000, 0x0000000717300000, 0x0000000717300000|100%| E|CS|TAMS 0x0000000717200000, 0x0000000717300000| Complete 
| 239|0x0000000717300000, 0x0000000717400000, 0x0000000717400000|100%| E|CS|TAMS 0x0000000717300000, 0x0000000717400000| Complete 
| 240|0x0000000717400000, 0x0000000717500000, 0x0000000717500000|100%| E|CS|TAMS 0x0000000717400000, 0x0000000717500000| Complete 
| 241|0x0000000717500000, 0x0000000717600000, 0x0000000717600000|100%| E|CS|TAMS 0x0000000717500000, 0x0000000717600000| Complete 
| 242|0x0000000717600000, 0x0000000717700000, 0x0000000717700000|100%| E|CS|TAMS 0x0000000717600000, 0x0000000717700000| Complete 
| 243|0x0000000717700000, 0x0000000717800000, 0x0000000717800000|100%| E|CS|TAMS 0x0000000717700000, 0x0000000717800000| Complete 
| 244|0x0000000717800000, 0x0000000717900000, 0x0000000717900000|100%| E|CS|TAMS 0x0000000717800000, 0x0000000717900000| Complete 
| 245|0x0000000717900000, 0x0000000717a00000, 0x0000000717a00000|100%| E|CS|TAMS 0x0000000717900000, 0x0000000717a00000| Complete 
| 246|0x0000000717a00000, 0x0000000717b00000, 0x0000000717b00000|100%| E|CS|TAMS 0x0000000717a00000, 0x0000000717b00000| Complete 
| 247|0x0000000717b00000, 0x0000000717c00000, 0x0000000717c00000|100%| E|CS|TAMS 0x0000000717b00000, 0x0000000717c00000| Complete 
|2938|0x00000007bfe00000, 0x00000007bfe47000, 0x00000007bff00000| 27%|OA|  |TAMS 0x00000007bfe00000, 0x00000007bfe47000| Untracked 
|2939|0x00000007bff00000, 0x00000007bff6b000, 0x00000007c0000000| 41%|CA|  |TAMS 0x00000007bff00000, 0x00000007bff6b000| Untracked 

Card table byte_map: [0x00007fc214095000,0x00007fc214853000] _byte_map_base: 0x00007fc210853000

Marking Bits (Prev, Next): (CMBitMap*) 0x00007fc22c07de28, (CMBitMap*) 0x00007fc22c07de60
 Prev Bits: [0x00007fc20ba52000, 0x00007fc20f842000)
 Next Bits: [0x00007fc207c62000, 0x00007fc20ba52000)

Polling page: 0x00007fc231657000

Metaspace:

Usage:
  Non-class:     18,02 MB capacity,    17,20 MB ( 95%) used,   811,34 KB (  4%) free+waste,    28,75 KB ( <1%) overhead. 
      Class:      2,39 MB capacity,     2,16 MB ( 91%) used,   218,69 KB (  9%) free+waste,    12,88 KB ( <1%) overhead. 
       Both:     20,41 MB capacity,    19,37 MB ( 95%) used,     1,01 MB (  5%) free+waste,    41,62 KB ( <1%) overhead. 

Virtual space:
  Non-class space:       20,00 MB reserved,      18,25 MB ( 91%) committed 
      Class space:        1,00 GB reserved,       2,50 MB ( <1%) committed 
             Both:        1,02 GB reserved,      20,75 MB (  2%) committed 

Chunk freelists:
   Non-Class:  227,00 KB
       Class:  18,00 KB
        Both:  245,00 KB

MaxMetaspaceSize: unlimited
CompressedClassSpaceSize: 1,00 GB
Initial GC threshold: 20,80 MB
Current GC threshold: 20,80 MB
CDS: on

CodeHeap 'non-profiled nmethods': size=120032Kb used=2067Kb max_used=2067Kb free=117964Kb
 bounds [0x00007fc21c31b000, 0x00007fc21c58b000, 0x00007fc223853000]
CodeHeap 'profiled nmethods': size=120028Kb used=8901Kb max_used=8901Kb free=111126Kb
 bounds [0x00007fc214de4000, 0x00007fc2156a4000, 0x00007fc21c31b000]
CodeHeap 'non-nmethods': size=5700Kb used=1191Kb max_used=1246Kb free=4508Kb
 bounds [0x00007fc214853000, 0x00007fc214ac3000, 0x00007fc214de4000]
 total_blobs=4353 nmethods=3895 adapters=371
 compilation: enabled
              stopped_count=0, restarted_count=0
 full_count=0

Compilation events (20 events):
Event: 1,622 Thread 0x00007fc22c1e6000 3898   !   3       jdk.internal.jimage.BasicImageReader::readBuffer (232 bytes)
Event: 1,622 Thread 0x00007fc22c1e6000 nmethod 3898 0x00007fc21568ff90 code [0x00007fc215690300, 0x00007fc215691950]
Event: 1,622 Thread 0x00007fc22c1e6000 3893       3       java.lang.invoke.MemberName::getType (19 bytes)
Event: 1,622 Thread 0x00007fc22c1e6000 nmethod 3893 0x00007fc215692110 code [0x00007fc215692300, 0x00007fc2156926b0]
Event: 1,622 Thread 0x00007fc22c1e6000 3897       3       java.lang.invoke.LambdaForm::parameter (52 bytes)
Event: 1,622 Thread 0x00007fc22c1e6000 nmethod 3897 0x00007fc215692810 code [0x00007fc2156929c0, 0x00007fc215692b30]
Event: 1,622 Thread 0x00007fc22c1e6000 3894       3       java.lang.invoke.MethodHandles$Lookup::isClassAccessible (32 bytes)
Event: 1,623 Thread 0x00007fc22c1e6000 nmethod 3894 0x00007fc215692c10 code [0x00007fc215692e00, 0x00007fc215693210]
Event: 1,623 Thread 0x00007fc1d0242000 3899       4       java.security.CodeSource::getCertificates (98 bytes)
Event: 1,623 Thread 0x00007fc1d0242000 nmethod 3899 0x00007fc21c51f790 code [0x00007fc21c51f920, 0x00007fc21c51f9b8]
Event: 1,629 Thread 0x00007fc22c1e6000 3900       3       java.lang.invoke.MemberName::isCallerSensitive (7 bytes)
Event: 1,629 Thread 0x00007fc22c1e6000 nmethod 3900 0x00007fc215693390 code [0x00007fc215693540, 0x00007fc215693790]
Event: 1,629 Thread 0x00007fc22c1e6000 3901       3       jdk.internal.org.objectweb.asm.MethodVisitor::<init> (35 bytes)
Event: 1,629 Thread 0x00007fc1d0242000 3902       4       java.lang.Object::equals (11 bytes)
Event: 1,629 Thread 0x00007fc22c1e6000 nmethod 3901 0x00007fc215693890 code [0x00007fc215693a60, 0x00007fc215693d80]
Event: 1,629 Thread 0x00007fc22c1e6000 3903       3       java.lang.invoke.MethodHandles$Lookup::checkSymbolicClass (24 bytes)
Event: 1,629 Thread 0x00007fc1d0242000 nmethod 3902 0x00007fc21c51fa90 code [0x00007fc21c51fc20, 0x00007fc21c51fc98]
Event: 1,630 Thread 0x00007fc22c1e6000 nmethod 3903 0x00007fc215693e90 code [0x00007fc215694160, 0x00007fc215694d30]
Event: 1,630 Thread 0x00007fc22c1e6000 3904       3       jdk.internal.org.objectweb.asm.Label::<init> (5 bytes)
Event: 1,630 Thread 0x00007fc22c1e6000 nmethod 3904 0x00007fc215695210 code [0x00007fc2156953c0, 0x00007fc215695530]

GC Heap History (5 events):
Event: 0,415 GC heap before
{Heap before GC invocations=0 (full 0):
 garbage-first heap   total 256000K, used 25288K [0x0000000708400000, 0x0000000800000000)
  region size 1024K, 24 young (24576K), 0 survivors (0K)
 Metaspace       used 5662K, capacity 7995K, committed 8192K, reserved 1056768K
  class space    used 649K, capacity 902K, committed 1024K, reserved 1048576K
}
Event: 0,424 GC heap after
{Heap after GC invocations=1 (full 0):
 garbage-first heap   total 256000K, used 3844K [0x0000000708400000, 0x0000000800000000)
  region size 1024K, 3 young (3072K), 3 survivors (3072K)
 Metaspace       used 5662K, capacity 7995K, committed 8192K, reserved 1056768K
  class space    used 649K, capacity 902K, committed 1024K, reserved 1048576K
}
Event: 1,274 GC heap before
{Heap before GC invocations=1 (full 0):
 garbage-first heap   total 256000K, used 152324K [0x0000000708400000, 0x0000000800000000)
  region size 1024K, 148 young (151552K), 3 survivors (3072K)
 Metaspace       used 14066K, capacity 15620K, committed 16000K, reserved 1062912K
  class space    used 1545K, capacity 1806K, committed 1920K, reserved 1048576K
}
Event: 1,283 GC heap after
{Heap after GC invocations=2 (full 0):
 garbage-first heap   total 256000K, used 15171K [0x0000000708400000, 0x0000000800000000)
  region size 1024K, 15 young (15360K), 15 survivors (15360K)
 Metaspace       used 14066K, capacity 15620K, committed 16000K, reserved 1062912K
  class space    used 1545K, capacity 1806K, committed 1920K, reserved 1048576K
}
Event: 1,635 GC heap before
{Heap before GC invocations=2 (full 0):
 garbage-first heap   total 256000K, used 167747K [0x0000000708400000, 0x0000000800000000)
  region size 1024K, 116 young (118784K), 15 survivors (15360K)
 Metaspace       used 19831K, capacity 20903K, committed 21248K, reserved 1069056K
  class space    used 2214K, capacity 2446K, committed 2560K, reserved 1048576K
}

Deoptimization events (20 events):
Event: 1,580 Thread 0x00007fc22c017800 DEOPT PACKING pc=0x00007fc215673e18 sp=0x00007fc23178ecc0
Event: 1,580 Thread 0x00007fc22c017800 DEOPT UNPACKING pc=0x00007fc21489d64a sp=0x00007fc23178e170 mode 0
Event: 1,580 Thread 0x00007fc22c017800 DEOPT PACKING pc=0x00007fc215673e18 sp=0x00007fc23178eb50
Event: 1,580 Thread 0x00007fc22c017800 DEOPT UNPACKING pc=0x00007fc21489d64a sp=0x00007fc23178e000 mode 0
Event: 1,580 Thread 0x00007fc22c017800 DEOPT PACKING pc=0x00007fc215673e18 sp=0x00007fc23178eb50
Event: 1,580 Thread 0x00007fc22c017800 DEOPT UNPACKING pc=0x00007fc21489d64a sp=0x00007fc23178e000 mode 0
Event: 1,580 Thread 0x00007fc22c017800 DEOPT PACKING pc=0x00007fc215673e18 sp=0x00007fc23178ecc0
Event: 1,580 Thread 0x00007fc22c017800 DEOPT UNPACKING pc=0x00007fc21489d64a sp=0x00007fc23178e170 mode 0
Event: 1,580 Thread 0x00007fc22c017800 DEOPT PACKING pc=0x00007fc215673e18 sp=0x00007fc23178eb50
Event: 1,580 Thread 0x00007fc22c017800 DEOPT UNPACKING pc=0x00007fc21489d64a sp=0x00007fc23178e000 mode 0
Event: 1,581 Thread 0x00007fc22c017800 DEOPT PACKING pc=0x00007fc215673e18 sp=0x00007fc23178eb50
Event: 1,581 Thread 0x00007fc22c017800 DEOPT UNPACKING pc=0x00007fc21489d64a sp=0x00007fc23178e000 mode 0
Event: 1,581 Thread 0x00007fc22c017800 DEOPT PACKING pc=0x00007fc215673e18 sp=0x00007fc23178eb50
Event: 1,581 Thread 0x00007fc22c017800 DEOPT UNPACKING pc=0x00007fc21489d64a sp=0x00007fc23178e000 mode 0
Event: 1,581 Thread 0x00007fc22c017800 DEOPT PACKING pc=0x00007fc215673e18 sp=0x00007fc23178eb50
Event: 1,581 Thread 0x00007fc22c017800 DEOPT UNPACKING pc=0x00007fc21489d64a sp=0x00007fc23178e000 mode 0
Event: 1,581 Thread 0x00007fc22c017800 DEOPT PACKING pc=0x00007fc215673e18 sp=0x00007fc23178eb50
Event: 1,581 Thread 0x00007fc22c017800 DEOPT UNPACKING pc=0x00007fc21489d64a sp=0x00007fc23178e000 mode 0
Event: 1,583 Thread 0x00007fc22c017800 DEOPT PACKING pc=0x00007fc215673e18 sp=0x00007fc23178eab0
Event: 1,583 Thread 0x00007fc22c017800 DEOPT UNPACKING pc=0x00007fc21489d64a sp=0x00007fc23178df60 mode 0

Classes redefined (0 events):
No events

Internal exceptions (20 events):
Event: 0,228 Thread 0x00007fc22c017800 Exception <a 'java/lang/NullPointerException'{0x00000007177e3348}> (0x00000007177e3348) thrown at [src/hotspot/share/interpreter/linkResolver.cpp, line 1358]
Event: 0,234 Thread 0x00007fc22c017800 Exception <a 'java/lang/NullPointerException'{0x000000071763ee08}> (0x000000071763ee08) thrown at [src/hotspot/share/interpreter/linkResolver.cpp, line 1358]
Event: 0,234 Thread 0x00007fc22c017800 Exception <a 'java/lang/NullPointerException'{0x000000071763f0d8}> (0x000000071763f0d8) thrown at [src/hotspot/share/interpreter/linkResolver.cpp, line 1358]
Event: 0,234 Thread 0x00007fc22c017800 Exception <a 'java/lang/NullPointerException'{0x000000071763f3a8}> (0x000000071763f3a8) thrown at [src/hotspot/share/interpreter/linkResolver.cpp, line 1358]
Event: 0,234 Thread 0x00007fc22c017800 Exception <a 'java/lang/NullPointerException'{0x0000000717647ef8}> (0x0000000717647ef8) thrown at [src/hotspot/share/interpreter/linkResolver.cpp, line 1358]
Event: 0,235 Thread 0x00007fc22c017800 Exception <a 'java/lang/NullPointerException'{0x0000000717661150}> (0x0000000717661150) thrown at [src/hotspot/share/interpreter/linkResolver.cpp, line 1358]
Event: 0,235 Thread 0x00007fc22c017800 Exception <a 'java/lang/NullPointerException'{0x0000000717661420}> (0x0000000717661420) thrown at [src/hotspot/share/interpreter/linkResolver.cpp, line 1358]
Event: 0,235 Thread 0x00007fc22c017800 Exception <a 'java/lang/NullPointerException'{0x00000007176616f0}> (0x00000007176616f0) thrown at [src/hotspot/share/interpreter/linkResolver.cpp, line 1358]
Event: 0,235 Thread 0x00007fc22c017800 Exception <a 'java/lang/NullPointerException'{0x00000007176619f8}> (0x00000007176619f8) thrown at [src/hotspot/share/interpreter/linkResolver.cpp, line 1358]
Event: 0,388 Thread 0x00007fc22c017800 Exception <a 'java/lang/NoClassDefFoundError'{0x0000000716738f38}: javax/enterprise/inject/Typed> (0x0000000716738f38) thrown at [src/hotspot/share/classfile/systemDictionary.cpp, line 220]
Event: 0,714 Thread 0x00007fc22c017800 Exception <a 'java/lang/NoClassDefFoundError'{0x0000000715023590}: com/google/inject/servlet/ServletModuleTargetVisitor> (0x0000000715023590) thrown at [src/hotspot/share/classfile/systemDictionary.cpp, line 220]
Event: 0,714 Thread 0x00007fc22c017800 Exception <a 'java/lang/NoClassDefFoundError'{0x0000000715023590}> (0x0000000715023590) thrown at [src/hotspot/share/prims/jvm.cpp, line 1310]
Event: 0,790 Thread 0x00007fc22c017800 Implicit null exception at 0x00007fc21c34da84 to 0x00007fc21c34df94
Event: 0,790 Thread 0x00007fc22c017800 Implicit null exception at 0x00007fc21c33f484 to 0x00007fc21c33f970
Event: 0,949 Thread 0x00007fc22c017800 Implicit null exception at 0x00007fc21c408a13 to 0x00007fc21c408c14
Event: 0,949 Thread 0x00007fc22c017800 Implicit null exception at 0x00007fc21c3e674c to 0x00007fc21c3e6f28
Event: 0,949 Thread 0x00007fc22c017800 Implicit null exception at 0x00007fc21c3a7585 to 0x00007fc21c3a7770
Event: 0,949 Thread 0x00007fc22c017800 Implicit null exception at 0x00007fc21c39244b to 0x00007fc21c392b28
Event: 1,589 Thread 0x00007fc22c017800 Exception <a 'java/lang/NoSuchMethodError'{0x00000007119d7fc8}: 'int java.lang.invoke.DirectMethodHandle$Holder.invokeVirtual(java.lang.Object, java.lang.Object, java.lang.Object)'> (0x00000007119d7fc8) thrown at [src/hotspot/share/interpreter/linkResolver.cpp, line 772]
Event: 1,621 Thread 0x00007fc22c017800 Exception <a 'java/lang/NoSuchMethodError'{0x00000007118f0ed0}: 'int java.lang.invoke.DirectMethodHandle$Holder.invokeStaticInit(java.lang.Object, java.lang.Object)'> (0x00000007118f0ed0) thrown at [src/hotspot/share/interpreter/linkResolver.cpp, line 772]

Events (20 events):
Event: 1,625 loading class com/sun/tools/javac/code/Symbol done
Event: 1,625 loading class com/sun/tools/javac/code/Symbol
Event: 1,625 loading class com/sun/tools/javac/code/Symbol done
Event: 1,625 loading class com/sun/tools/javac/util/Filter
Event: 1,625 loading class com/sun/tools/javac/util/Filter done
Event: 1,629 loading class com/sun/tools/javac/comp/Env
Event: 1,629 loading class com/sun/tools/javac/comp/Env done
Event: 1,629 loading class com/sun/tools/javac/comp/Env
Event: 1,629 loading class com/sun/tools/javac/comp/Env done
Event: 1,629 loading class com/sun/tools/javac/comp/Resolve$RecoveryLoadClass
Event: 1,629 loading class com/sun/tools/javac/comp/Resolve$RecoveryLoadClass done
Event: 1,629 loading class com/sun/tools/javac/comp/Env
Event: 1,629 loading class com/sun/tools/javac/comp/Env done
Event: 1,629 loading class com/sun/tools/javac/comp/Resolve
Event: 1,629 loading class com/sun/tools/javac/comp/Resolve done
Event: 1,629 loading class com/sun/tools/javac/comp/Env
Event: 1,629 loading class com/sun/tools/javac/comp/Env done
Event: 1,629 loading class com/sun/tools/javac/comp/Resolve
Event: 1,629 loading class com/sun/tools/javac/comp/Resolve done
Event: 1,635 Executing VM operation: CollectForMetadataAllocation


Dynamic libraries:
708400000-717c00000 rw-p 00000000 00:00 0 
717c00000-7bfe00000 ---p 00000000 00:00 0 
7bfe00000-7bfe47000 rw-p 01114000 103:06 3802055                         /usr/lib/jvm/java-11-openjdk-amd64/lib/server/classes.jsa
7bfe47000-7bff00000 rw-p 00000000 00:00 0 
7bff00000-7bff6b000 rw-p 010a9000 103:06 3802055                         /usr/lib/jvm/java-11-openjdk-amd64/lib/server/classes.jsa
7bff6b000-7c0000000 rw-p 00000000 00:00 0 
7c0000000-800000000 ---p 00000000 00:00 0 
800000000-800002000 rwxp 00001000 103:06 3802055                         /usr/lib/jvm/java-11-openjdk-amd64/lib/server/classes.jsa
800002000-8003b7000 rw-p 00003000 103:06 3802055                         /usr/lib/jvm/java-11-openjdk-amd64/lib/server/classes.jsa
8003b7000-800a97000 r--p 003b8000 103:06 3802055                         /usr/lib/jvm/java-11-openjdk-amd64/lib/server/classes.jsa
800a97000-800a98000 rw-p 00a98000 103:06 3802055                         /usr/lib/jvm/java-11-openjdk-amd64/lib/server/classes.jsa
800a98000-8010a8000 r--p 00a99000 103:06 3802055                         /usr/lib/jvm/java-11-openjdk-amd64/lib/server/classes.jsa
840000000-840280000 rw-p 00000000 00:00 0 
840280000-880000000 ---p 00000000 00:00 0 
55f5a7010000-55f5a7011000 r--p 00000000 103:06 2889075                   /usr/lib/jvm/java-11-openjdk-amd64/bin/java
55f5a7011000-55f5a7012000 r-xp 00001000 103:06 2889075                   /usr/lib/jvm/java-11-openjdk-amd64/bin/java
55f5a7012000-55f5a7013000 r--p 00002000 103:06 2889075                   /usr/lib/jvm/java-11-openjdk-amd64/bin/java
55f5a7013000-55f5a7014000 r--p 00002000 103:06 2889075                   /usr/lib/jvm/java-11-openjdk-amd64/bin/java
55f5a7014000-55f5a7015000 rw-p 00003000 103:06 2889075                   /usr/lib/jvm/java-11-openjdk-amd64/bin/java
55f5a7584000-55f5a75a5000 rw-p 00000000 00:00 0                          [heap]
7fc1a8000000-7fc1a8021000 rw-p 00000000 00:00 0 
7fc1a8021000-7fc1ac000000 ---p 00000000 00:00 0 
7fc1b0000000-7fc1b0021000 rw-p 00000000 00:00 0 
7fc1b0021000-7fc1b4000000 ---p 00000000 00:00 0 
7fc1b4000000-7fc1b4021000 rw-p 00000000 00:00 0 
7fc1b4021000-7fc1b8000000 ---p 00000000 00:00 0 
7fc1b8000000-7fc1b8021000 rw-p 00000000 00:00 0 
7fc1b8021000-7fc1bc000000 ---p 00000000 00:00 0 
7fc1bc000000-7fc1bc021000 rw-p 00000000 00:00 0 
7fc1bc021000-7fc1c0000000 ---p 00000000 00:00 0 
7fc1c0000000-7fc1c0a3c000 rw-p 00000000 00:00 0 
7fc1c0a3c000-7fc1c4000000 ---p 00000000 00:00 0 
7fc1c4000000-7fc1c4d32000 rw-p 00000000 00:00 0 
7fc1c4d32000-7fc1c8000000 ---p 00000000 00:00 0 
7fc1c8000000-7fc1c8021000 rw-p 00000000 00:00 0 
7fc1c8021000-7fc1cc000000 ---p 00000000 00:00 0 
7fc1cc000000-7fc1cc021000 rw-p 00000000 00:00 0 
7fc1cc021000-7fc1d0000000 ---p 00000000 00:00 0 
7fc1d0000000-7fc1d09ab000 rw-p 00000000 00:00 0 
7fc1d09ab000-7fc1d4000000 ---p 00000000 00:00 0 
7fc1d4000000-7fc1d4021000 rw-p 00000000 00:00 0 
7fc1d4021000-7fc1d8000000 ---p 00000000 00:00 0 
7fc1d8000000-7fc1d8021000 rw-p 00000000 00:00 0 
7fc1d8021000-7fc1dc000000 ---p 00000000 00:00 0 
7fc1dc000000-7fc1dcbe0000 rw-p 00000000 00:00 0 
7fc1dcbe0000-7fc1e0000000 ---p 00000000 00:00 0 
7fc1e0000000-7fc1e0021000 rw-p 00000000 00:00 0 
7fc1e0021000-7fc1e4000000 ---p 00000000 00:00 0 
7fc1e5ed1000-7fc1e5f11000 rw-p 00000000 00:00 0 
7fc1e5f11000-7fc1e60d1000 ---p 00000000 00:00 0 
7fc1e60d1000-7fc1e62d1000 rw-p 00000000 00:00 0 
7fc1e62d1000-7fc1e64d1000 rw-p 00000000 00:00 0 
7fc1e667a000-7fc1e687a000 rw-p 00000000 00:00 0 
7fc1e687a000-7fc1e6a7a000 rw-p 00000000 00:00 0 
7fc1e6a7a000-7fc1e6c7a000 rw-p 00000000 00:00 0 
7fc1e6c7a000-7fc1e6c7b000 ---p 00000000 00:00 0 
7fc1e6c7b000-7fc1e6d7c000 rw-p 00000000 00:00 0 
7fc1e6d7c000-7fc1e6d7d000 ---p 00000000 00:00 0 
7fc1e6d7d000-7fc1e6e7e000 rw-p 00000000 00:00 0 
7fc1e6e7e000-7fc1e6e7f000 ---p 00000000 00:00 0 
7fc1e6e7f000-7fc1e6f80000 rw-p 00000000 00:00 0 
7fc1e6f80000-7fc1e6f81000 ---p 00000000 00:00 0 
7fc1e6f81000-7fc1e7082000 rw-p 00000000 00:00 0 
7fc1e7082000-7fc1e7083000 ---p 00000000 00:00 0 
7fc1e7083000-7fc1e7184000 rw-p 00000000 00:00 0 
7fc1e7184000-7fc1e7188000 ---p 00000000 00:00 0 
7fc1e7188000-7fc1e7285000 rw-p 00000000 00:00 0 
7fc1e7285000-7fc1e7289000 ---p 00000000 00:00 0 
7fc1e7289000-7fc1e7386000 rw-p 00000000 00:00 0 
7fc1e7386000-7fc1e7389000 r-xp 00000000 103:06 3802143                   /tmp/jansi-2.3.4-876e63d826ed28f8-libjansi.so
7fc1e7389000-7fc1e7588000 ---p 00003000 103:06 3802143                   /tmp/jansi-2.3.4-876e63d826ed28f8-libjansi.so
7fc1e7588000-7fc1e7589000 rw-p 00002000 103:06 3802143                   /tmp/jansi-2.3.4-876e63d826ed28f8-libjansi.so
7fc1e7589000-7fc1e758d000 ---p 00000000 00:00 0 
7fc1e758d000-7fc1e768a000 rw-p 00000000 00:00 0 
7fc1e768a000-7fc1e768b000 ---p 00000000 00:00 0 
7fc1e768b000-7fc1e778c000 rw-p 00000000 00:00 0 
7fc1e778c000-7fc1e7790000 ---p 00000000 00:00 0 
7fc1e7790000-7fc1e788d000 rw-p 00000000 00:00 0 
7fc1e788d000-7fc1e7891000 ---p 00000000 00:00 0 
7fc1e7891000-7fc1e798e000 rw-p 00000000 00:00 0 
7fc1e798e000-7fc1e7992000 ---p 00000000 00:00 0 
7fc1e7992000-7fc1e7a8f000 rw-p 00000000 00:00 0 
7fc1e7a8f000-7fc1e8000000 r--p 00000000 103:06 2889157                   /usr/lib/locale/locale-archive
7fc1e8000000-7fc1e8021000 rw-p 00000000 00:00 0 
7fc1e8021000-7fc1ec000000 ---p 00000000 00:00 0 
7fc1ec000000-7fc1ec021000 rw-p 00000000 00:00 0 
7fc1ec021000-7fc1f0000000 ---p 00000000 00:00 0 
7fc1f0000000-7fc1f0021000 rw-p 00000000 00:00 0 
7fc1f0021000-7fc1f4000000 ---p 00000000 00:00 0 
7fc1f4000000-7fc1f4021000 rw-p 00000000 00:00 0 
7fc1f4021000-7fc1f8000000 ---p 00000000 00:00 0 
7fc1f8000000-7fc1f8021000 rw-p 00000000 00:00 0 
7fc1f8021000-7fc1fc000000 ---p 00000000 00:00 0 
7fc1fc000000-7fc1fc021000 rw-p 00000000 00:00 0 
7fc1fc021000-7fc200000000 ---p 00000000 00:00 0 
7fc200000000-7fc200021000 rw-p 00000000 00:00 0 
7fc200021000-7fc204000000 ---p 00000000 00:00 0 
7fc20406b000-7fc20409c000 rw-p 00000000 00:00 0 
7fc20409c000-7fc2040a0000 r--p 00000000 103:06 2981053                   /usr/lib/jvm/java-11-openjdk-amd64/lib/libnet.so
7fc2040a0000-7fc2040af000 r-xp 00004000 103:06 2981053                   /usr/lib/jvm/java-11-openjdk-amd64/lib/libnet.so
7fc2040af000-7fc2040b3000 r--p 00013000 103:06 2981053                   /usr/lib/jvm/java-11-openjdk-amd64/lib/libnet.so
7fc2040b3000-7fc2040b4000 r--p 00016000 103:06 2981053                   /usr/lib/jvm/java-11-openjdk-amd64/lib/libnet.so
7fc2040b4000-7fc2040b5000 rw-p 00017000 103:06 2981053                   /usr/lib/jvm/java-11-openjdk-amd64/lib/libnet.so
7fc2040b5000-7fc2040bc000 r--p 00000000 103:06 2981054                   /usr/lib/jvm/java-11-openjdk-amd64/lib/libnio.so
7fc2040bc000-7fc2040c4000 r-xp 00007000 103:06 2981054                   /usr/lib/jvm/java-11-openjdk-amd64/lib/libnio.so
7fc2040c4000-7fc2040c7000 r--p 0000f000 103:06 2981054                   /usr/lib/jvm/java-11-openjdk-amd64/lib/libnio.so
7fc2040c7000-7fc2040c8000 r--p 00011000 103:06 2981054                   /usr/lib/jvm/java-11-openjdk-amd64/lib/libnio.so
7fc2040c8000-7fc2040c9000 rw-p 00012000 103:06 2981054                   /usr/lib/jvm/java-11-openjdk-amd64/lib/libnio.so
7fc2040c9000-7fc2040cd000 ---p 00000000 00:00 0 
7fc2040cd000-7fc2041ca000 rw-p 00000000 00:00 0 
7fc2041ca000-7fc2041ce000 ---p 00000000 00:00 0 
7fc2041ce000-7fc2042cb000 rw-p 00000000 00:00 0 
7fc2042cb000-7fc2042cf000 ---p 00000000 00:00 0 
7fc2042cf000-7fc2043cc000 rw-p 00000000 00:00 0 
7fc2043cc000-7fc2043d0000 ---p 00000000 00:00 0 
7fc2043d0000-7fc2044cd000 rw-p 00000000 00:00 0 
7fc2044cd000-7fc2044ce000 ---p 00000000 00:00 0 
7fc2044ce000-7fc204e50000 rw-p 00000000 00:00 0 
7fc204e50000-7fc204e51000 ---p 00000000 00:00 0 
7fc204e51000-7fc204f52000 rw-p 00000000 00:00 0 
7fc204f52000-7fc204f53000 ---p 00000000 00:00 0 
7fc204f53000-7fc207a5e000 rw-p 00000000 00:00 0 
7fc207a5e000-7fc207a5f000 ---p 00000000 00:00 0 
7fc207a5f000-7fc207b60000 rw-p 00000000 00:00 0 
7fc207b60000-7fc207b61000 ---p 00000000 00:00 0 
7fc207b61000-7fc208042000 rw-p 00000000 00:00 0 
7fc208042000-7fc20aa4a000 ---p 00000000 00:00 0 
7fc20aa4a000-7fc20aa52000 rw-p 00000000 00:00 0 
7fc20aa52000-7fc20ba52000 ---p 00000000 00:00 0 
7fc20ba52000-7fc20be32000 rw-p 00000000 00:00 0 
7fc20be32000-7fc20e83a000 ---p 00000000 00:00 0 
7fc20e83a000-7fc20e842000 rw-p 00000000 00:00 0 
7fc20e842000-7fc20f842000 ---p 00000000 00:00 0 
7fc20f842000-7fc20f8be000 rw-p 00000000 00:00 0 
7fc20f8be000-7fc20fdff000 ---p 00000000 00:00 0 
7fc20fdff000-7fc20fe00000 rw-p 00000000 00:00 0 
7fc20fe00000-7fc210000000 ---p 00000000 00:00 0 
7fc210000000-7fc210021000 rw-p 00000000 00:00 0 
7fc210021000-7fc214000000 ---p 00000000 00:00 0 
7fc214012000-7fc214111000 rw-p 00000000 00:00 0 
7fc214111000-7fc214652000 ---p 00000000 00:00 0 
7fc214652000-7fc214653000 rw-p 00000000 00:00 0 
7fc214653000-7fc214853000 ---p 00000000 00:00 0 
7fc214853000-7fc214ac3000 rwxp 00000000 00:00 0 
7fc214ac3000-7fc214de4000 ---p 00000000 00:00 0 
7fc214de4000-7fc2156a4000 rwxp 00000000 00:00 0 
7fc2156a4000-7fc21c31b000 ---p 00000000 00:00 0 
7fc21c31b000-7fc21c58b000 rwxp 00000000 00:00 0 
7fc21c58b000-7fc223853000 ---p 00000000 00:00 0 
7fc223853000-7fc22c000000 r--s 00000000 103:06 2981063                   /usr/lib/jvm/java-11-openjdk-amd64/lib/modules
7fc22c000000-7fc22cff1000 rw-p 00000000 00:00 0 
7fc22cff1000-7fc230000000 ---p 00000000 00:00 0 
7fc230001000-7fc2301bf000 rw-p 00000000 00:00 0 
7fc2301bf000-7fc230700000 ---p 00000000 00:00 0 
7fc230700000-7fc230701000 rw-p 00000000 00:00 0 
7fc230701000-7fc230901000 ---p 00000000 00:00 0 
7fc230901000-7fc23130b000 rw-p 00000000 00:00 0 
7fc23130b000-7fc23130c000 ---p 00000000 00:00 0 
7fc23130c000-7fc231412000 rw-p 00000000 00:00 0 
7fc231412000-7fc2314f8000 ---p 00000000 00:00 0 
7fc2314f8000-7fc23150a000 rw-p 00000000 00:00 0 
7fc23150a000-7fc2315e3000 ---p 00000000 00:00 0 
7fc2315e3000-7fc2315e8000 rw-p 00000000 00:00 0 
7fc2315e8000-7fc2315ef000 ---p 00000000 00:00 0 
7fc2315ef000-7fc2315f2000 r--p 00000000 103:06 3674023                   /lib/x86_64-linux-gnu/libnss_files-2.31.so
7fc2315f2000-7fc2315f9000 r-xp 00003000 103:06 3674023                   /lib/x86_64-linux-gnu/libnss_files-2.31.so
7fc2315f9000-7fc2315fb000 r--p 0000a000 103:06 3674023                   /lib/x86_64-linux-gnu/libnss_files-2.31.so
7fc2315fb000-7fc2315fc000 r--p 0000b000 103:06 3674023                   /lib/x86_64-linux-gnu/libnss_files-2.31.so
7fc2315fc000-7fc2315fd000 rw-p 0000c000 103:06 3674023                   /lib/x86_64-linux-gnu/libnss_files-2.31.so
7fc2315fd000-7fc231603000 rw-p 00000000 00:00 0 
7fc231603000-7fc231608000 r--p 00000000 103:06 3674009                   /lib/x86_64-linux-gnu/libnsl-2.31.so
7fc231608000-7fc231618000 r-xp 00005000 103:06 3674009                   /lib/x86_64-linux-gnu/libnsl-2.31.so
7fc231618000-7fc23161c000 r--p 00015000 103:06 3674009                   /lib/x86_64-linux-gnu/libnsl-2.31.so
7fc23161c000-7fc23161d000 r--p 00018000 103:06 3674009                   /lib/x86_64-linux-gnu/libnsl-2.31.so
7fc23161d000-7fc23161e000 rw-p 00019000 103:06 3674009                   /lib/x86_64-linux-gnu/libnsl-2.31.so
7fc23161e000-7fc231620000 rw-p 00000000 00:00 0 
7fc231620000-7fc231623000 r--p 00000000 103:06 3674031                   /lib/x86_64-linux-gnu/libnss_nis-2.31.so
7fc231623000-7fc23162b000 r-xp 00003000 103:06 3674031                   /lib/x86_64-linux-gnu/libnss_nis-2.31.so
7fc23162b000-7fc23162d000 r--p 0000b000 103:06 3674031                   /lib/x86_64-linux-gnu/libnss_nis-2.31.so
7fc23162d000-7fc23162e000 r--p 0000c000 103:06 3674031                   /lib/x86_64-linux-gnu/libnss_nis-2.31.so
7fc23162e000-7fc23162f000 rw-p 0000d000 103:06 3674031                   /lib/x86_64-linux-gnu/libnss_nis-2.31.so
7fc23162f000-7fc231631000 r--p 00000000 103:06 3674013                   /lib/x86_64-linux-gnu/libnss_compat-2.31.so
7fc231631000-7fc231638000 r-xp 00002000 103:06 3674013                   /lib/x86_64-linux-gnu/libnss_compat-2.31.so
7fc231638000-7fc231639000 r--p 00009000 103:06 3674013                   /lib/x86_64-linux-gnu/libnss_compat-2.31.so
7fc231639000-7fc23163a000 r--p 00009000 103:06 3674013                   /lib/x86_64-linux-gnu/libnss_compat-2.31.so
7fc23163a000-7fc23163b000 rw-p 0000a000 103:06 3674013                   /lib/x86_64-linux-gnu/libnss_compat-2.31.so
7fc231643000-7fc231645000 r--s 0000c000 103:06 3282460                   /usr/share/java/java-atk-wrapper.jar
7fc231645000-7fc231647000 r--p 00000000 103:06 2981062                   /usr/lib/jvm/java-11-openjdk-amd64/lib/libzip.so
7fc231647000-7fc23164b000 r-xp 00002000 103:06 2981062                   /usr/lib/jvm/java-11-openjdk-amd64/lib/libzip.so
7fc23164b000-7fc23164d000 r--p 00006000 103:06 2981062                   /usr/lib/jvm/java-11-openjdk-amd64/lib/libzip.so
7fc23164d000-7fc23164e000 r--p 00007000 103:06 2981062                   /usr/lib/jvm/java-11-openjdk-amd64/lib/libzip.so
7fc23164e000-7fc23164f000 rw-p 00008000 103:06 2981062                   /usr/lib/jvm/java-11-openjdk-amd64/lib/libzip.so
7fc23164f000-7fc231657000 rw-s 00000000 103:06 3801921                   /tmp/hsperfdata_artur/87751
7fc231657000-7fc231658000 ---p 00000000 00:00 0 
7fc231658000-7fc231659000 r--p 00000000 00:00 0 
7fc231659000-7fc231667000 r--p 00000000 103:06 2981042                   /usr/lib/jvm/java-11-openjdk-amd64/lib/libjava.so
7fc231667000-7fc23167d000 r-xp 0000e000 103:06 2981042                   /usr/lib/jvm/java-11-openjdk-amd64/lib/libjava.so
7fc23167d000-7fc231684000 r--p 00024000 103:06 2981042                   /usr/lib/jvm/java-11-openjdk-amd64/lib/libjava.so
7fc231684000-7fc231685000 r--p 0002a000 103:06 2981042                   /usr/lib/jvm/java-11-openjdk-amd64/lib/libjava.so
7fc231685000-7fc231686000 rw-p 0002b000 103:06 2981042                   /usr/lib/jvm/java-11-openjdk-amd64/lib/libjava.so
7fc231686000-7fc231687000 rw-p 00000000 00:00 0 
7fc231687000-7fc23168a000 r--p 00000000 103:06 3674043                   /lib/x86_64-linux-gnu/librt-2.31.so
7fc23168a000-7fc23168e000 r-xp 00003000 103:06 3674043                   /lib/x86_64-linux-gnu/librt-2.31.so
7fc23168e000-7fc23168f000 r--p 00007000 103:06 3674043                   /lib/x86_64-linux-gnu/librt-2.31.so
7fc23168f000-7fc231690000 ---p 00008000 103:06 3674043                   /lib/x86_64-linux-gnu/librt-2.31.so
7fc231690000-7fc231691000 r--p 00008000 103:06 3674043                   /lib/x86_64-linux-gnu/librt-2.31.so
7fc231691000-7fc231692000 rw-p 00009000 103:06 3674043                   /lib/x86_64-linux-gnu/librt-2.31.so
7fc231692000-7fc231696000 ---p 00000000 00:00 0 
7fc231696000-7fc231793000 rw-p 00000000 00:00 0 
7fc231793000-7fc231796000 r--p 00000000 103:06 3670736                   /lib/x86_64-linux-gnu/libgcc_s.so.1
7fc231796000-7fc2317a8000 r-xp 00003000 103:06 3670736                   /lib/x86_64-linux-gnu/libgcc_s.so.1
7fc2317a8000-7fc2317ac000 r--p 00015000 103:06 3670736                   /lib/x86_64-linux-gnu/libgcc_s.so.1
7fc2317ac000-7fc2317ad000 r--p 00018000 103:06 3670736                   /lib/x86_64-linux-gnu/libgcc_s.so.1
7fc2317ad000-7fc2317ae000 rw-p 00019000 103:06 3670736                   /lib/x86_64-linux-gnu/libgcc_s.so.1
7fc2317ae000-7fc2317bd000 r--p 00000000 103:06 3673997                   /lib/x86_64-linux-gnu/libm-2.31.so
7fc2317bd000-7fc231864000 r-xp 0000f000 103:06 3673997                   /lib/x86_64-linux-gnu/libm-2.31.so
7fc231864000-7fc2318fb000 r--p 000b6000 103:06 3673997                   /lib/x86_64-linux-gnu/libm-2.31.so
7fc2318fb000-7fc2318fc000 r--p 0014c000 103:06 3673997                   /lib/x86_64-linux-gnu/libm-2.31.so
7fc2318fc000-7fc2318fd000 rw-p 0014d000 103:06 3673997                   /lib/x86_64-linux-gnu/libm-2.31.so
7fc2318fd000-7fc231993000 r--p 00000000 103:06 2883678                   /usr/lib/x86_64-linux-gnu/libstdc++.so.6.0.28
7fc231993000-7fc231a84000 r-xp 00096000 103:06 2883678                   /usr/lib/x86_64-linux-gnu/libstdc++.so.6.0.28
7fc231a84000-7fc231acd000 r--p 00187000 103:06 2883678                   /usr/lib/x86_64-linux-gnu/libstdc++.so.6.0.28
7fc231acd000-7fc231ace000 ---p 001d0000 103:06 2883678                   /usr/lib/x86_64-linux-gnu/libstdc++.so.6.0.28
7fc231ace000-7fc231ad9000 r--p 001d0000 103:06 2883678                   /usr/lib/x86_64-linux-gnu/libstdc++.so.6.0.28
7fc231ad9000-7fc231adc000 rw-p 001db000 103:06 2883678                   /usr/lib/x86_64-linux-gnu/libstdc++.so.6.0.28
7fc231adc000-7fc231adf000 rw-p 00000000 00:00 0 
7fc231adf000-7fc231d60000 r--p 00000000 103:06 3803217                   /usr/lib/jvm/java-11-openjdk-amd64/lib/server/libjvm.so
7fc231d60000-7fc2329e0000 r-xp 00281000 103:06 3803217                   /usr/lib/jvm/java-11-openjdk-amd64/lib/server/libjvm.so
7fc2329e0000-7fc232c3b000 r--p 00f01000 103:06 3803217                   /usr/lib/jvm/java-11-openjdk-amd64/lib/server/libjvm.so
7fc232c3b000-7fc232cff000 r--p 0115b000 103:06 3803217                   /usr/lib/jvm/java-11-openjdk-amd64/lib/server/libjvm.so
7fc232cff000-7fc232d3a000 rw-p 0121f000 103:06 3803217                   /usr/lib/jvm/java-11-openjdk-amd64/lib/server/libjvm.so
7fc232d3a000-7fc232d93000 rw-p 00000000 00:00 0 
7fc232d93000-7fc232d9a000 r--p 00000000 103:06 3674039                   /lib/x86_64-linux-gnu/libpthread-2.31.so
7fc232d9a000-7fc232dab000 r-xp 00007000 103:06 3674039                   /lib/x86_64-linux-gnu/libpthread-2.31.so
7fc232dab000-7fc232db0000 r--p 00018000 103:06 3674039                   /lib/x86_64-linux-gnu/libpthread-2.31.so
7fc232db0000-7fc232db1000 r--p 0001c000 103:06 3674039                   /lib/x86_64-linux-gnu/libpthread-2.31.so
7fc232db1000-7fc232db2000 rw-p 0001d000 103:06 3674039                   /lib/x86_64-linux-gnu/libpthread-2.31.so
7fc232db2000-7fc232db6000 rw-p 00000000 00:00 0 
7fc232db6000-7fc232db7000 r--p 00000000 103:06 3673993                   /lib/x86_64-linux-gnu/libdl-2.31.so
7fc232db7000-7fc232db9000 r-xp 00001000 103:06 3673993                   /lib/x86_64-linux-gnu/libdl-2.31.so
7fc232db9000-7fc232dba000 r--p 00003000 103:06 3673993                   /lib/x86_64-linux-gnu/libdl-2.31.so
7fc232dba000-7fc232dbb000 r--p 00003000 103:06 3673993                   /lib/x86_64-linux-gnu/libdl-2.31.so
7fc232dbb000-7fc232dbc000 rw-p 00004000 103:06 3673993                   /lib/x86_64-linux-gnu/libdl-2.31.so
7fc232dbc000-7fc232dbe000 r--p 00000000 103:06 3672661                   /lib/x86_64-linux-gnu/libz.so.1.2.11
7fc232dbe000-7fc232dcf000 r-xp 00002000 103:06 3672661                   /lib/x86_64-linux-gnu/libz.so.1.2.11
7fc232dcf000-7fc232dd5000 r--p 00013000 103:06 3672661                   /lib/x86_64-linux-gnu/libz.so.1.2.11
7fc232dd5000-7fc232dd6000 ---p 00019000 103:06 3672661                   /lib/x86_64-linux-gnu/libz.so.1.2.11
7fc232dd6000-7fc232dd7000 r--p 00019000 103:06 3672661                   /lib/x86_64-linux-gnu/libz.so.1.2.11
7fc232dd7000-7fc232dd8000 rw-p 0001a000 103:06 3672661                   /lib/x86_64-linux-gnu/libz.so.1.2.11
7fc232dd8000-7fc232dfd000 r--p 00000000 103:06 3673989                   /lib/x86_64-linux-gnu/libc-2.31.so
7fc232dfd000-7fc232f75000 r-xp 00025000 103:06 3673989                   /lib/x86_64-linux-gnu/libc-2.31.so
7fc232f75000-7fc232fbf000 r--p 0019d000 103:06 3673989                   /lib/x86_64-linux-gnu/libc-2.31.so
7fc232fbf000-7fc232fc0000 ---p 001e7000 103:06 3673989                   /lib/x86_64-linux-gnu/libc-2.31.so
7fc232fc0000-7fc232fc3000 r--p 001e7000 103:06 3673989                   /lib/x86_64-linux-gnu/libc-2.31.so
7fc232fc3000-7fc232fc6000 rw-p 001ea000 103:06 3673989                   /lib/x86_64-linux-gnu/libc-2.31.so
7fc232fc6000-7fc232fca000 rw-p 00000000 00:00 0 
7fc232fcb000-7fc232fcd000 r--p 00000000 103:06 2981045                   /usr/lib/jvm/java-11-openjdk-amd64/lib/libjimage.so
7fc232fcd000-7fc232fd0000 r-xp 00002000 103:06 2981045                   /usr/lib/jvm/java-11-openjdk-amd64/lib/libjimage.so
7fc232fd0000-7fc232fd1000 r--p 00005000 103:06 2981045                   /usr/lib/jvm/java-11-openjdk-amd64/lib/libjimage.so
7fc232fd1000-7fc232fd2000 ---p 00006000 103:06 2981045                   /usr/lib/jvm/java-11-openjdk-amd64/lib/libjimage.so
7fc232fd2000-7fc232fd3000 r--p 00006000 103:06 2981045                   /usr/lib/jvm/java-11-openjdk-amd64/lib/libjimage.so
7fc232fd3000-7fc232fd4000 rw-p 00007000 103:06 2981045                   /usr/lib/jvm/java-11-openjdk-amd64/lib/libjimage.so
7fc232fd4000-7fc232fd9000 r--p 00000000 103:06 2981061                   /usr/lib/jvm/java-11-openjdk-amd64/lib/libverify.so
7fc232fd9000-7fc232fe0000 r-xp 00005000 103:06 2981061                   /usr/lib/jvm/java-11-openjdk-amd64/lib/libverify.so
7fc232fe0000-7fc232fe2000 r--p 0000c000 103:06 2981061                   /usr/lib/jvm/java-11-openjdk-amd64/lib/libverify.so
7fc232fe2000-7fc232fe3000 ---p 0000e000 103:06 2981061                   /usr/lib/jvm/java-11-openjdk-amd64/lib/libverify.so
7fc232fe3000-7fc232fe5000 r--p 0000e000 103:06 2981061                   /usr/lib/jvm/java-11-openjdk-amd64/lib/libverify.so
7fc232fe5000-7fc232fe6000 rw-p 00010000 103:06 2981061                   /usr/lib/jvm/java-11-openjdk-amd64/lib/libverify.so
7fc232fe6000-7fc232fe9000 r--p 00000000 103:06 3710597                   /usr/lib/jvm/java-11-openjdk-amd64/lib/jli/libjli.so
7fc232fe9000-7fc232ff3000 r-xp 00003000 103:06 3710597                   /usr/lib/jvm/java-11-openjdk-amd64/lib/jli/libjli.so
7fc232ff3000-7fc232ff6000 r--p 0000d000 103:06 3710597                   /usr/lib/jvm/java-11-openjdk-amd64/lib/jli/libjli.so
7fc232ff6000-7fc232ff7000 ---p 00010000 103:06 3710597                   /usr/lib/jvm/java-11-openjdk-amd64/lib/jli/libjli.so
7fc232ff7000-7fc232ff8000 r--p 00010000 103:06 3710597                   /usr/lib/jvm/java-11-openjdk-amd64/lib/jli/libjli.so
7fc232ff8000-7fc232ff9000 rw-p 00011000 103:06 3710597                   /usr/lib/jvm/java-11-openjdk-amd64/lib/jli/libjli.so
7fc232ff9000-7fc232ffb000 rw-p 00000000 00:00 0 
7fc232ffb000-7fc232ffc000 r--p 00000000 103:06 3673973                   /lib/x86_64-linux-gnu/ld-2.31.so
7fc232ffc000-7fc23301f000 r-xp 00001000 103:06 3673973                   /lib/x86_64-linux-gnu/ld-2.31.so
7fc23301f000-7fc233027000 r--p 00024000 103:06 3673973                   /lib/x86_64-linux-gnu/ld-2.31.so
7fc233028000-7fc233029000 r--p 0002c000 103:06 3673973                   /lib/x86_64-linux-gnu/ld-2.31.so
7fc233029000-7fc23302a000 rw-p 0002d000 103:06 3673973                   /lib/x86_64-linux-gnu/ld-2.31.so
7fc23302a000-7fc23302b000 rw-p 00000000 00:00 0 
7ffe3c9c6000-7ffe3c9e8000 rw-p 00000000 00:00 0                          [stack]
7ffe3c9e9000-7ffe3c9ec000 r--p 00000000 00:00 0                          [vvar]
7ffe3c9ec000-7ffe3c9ed000 r-xp 00000000 00:00 0                          [vdso]
ffffffffff600000-ffffffffff601000 --xp 00000000 00:00 0                  [vsyscall]


VM Arguments:
jvm_args: -Dmaven.home=/home/artur/Desktop/3ano/IES/medical-management-system/Project -Dmaven.multiModuleProjectDirectory=/home/artur/Desktop/3ano/IES/medical-management-system/Project/medmanagesystem 
java_command: org.apache.maven.wrapper.MavenWrapperMain spring-boot:run
java_class_path (initial): /home/artur/Desktop/3ano/IES/medical-management-system/Project/medmanagesystem/.mvn/wrapper/maven-wrapper.jar
Launcher Type: SUN_STANDARD

[Global flags]
     intx CICompilerCount                          = 4                                         {product} {ergonomic}
     uint ConcGCThreads                            = 3                                         {product} {ergonomic}
     uint G1ConcRefinementThreads                  = 10                                        {product} {ergonomic}
   size_t G1HeapRegionSize                         = 1048576                                   {product} {ergonomic}
    uintx GCDrainStackTargetSize                   = 64                                        {product} {ergonomic}
   size_t InitialHeapSize                          = 260046848                                 {product} {ergonomic}
   size_t MarkStackSize                            = 4194304                                   {product} {ergonomic}
   size_t MaxHeapSize                              = 4156555264                                {product} {ergonomic}
   size_t MaxNewSize                               = 2493513728                                {product} {ergonomic}
   size_t MinHeapDeltaBytes                        = 1048576                                   {product} {ergonomic}
    uintx NonNMethodCodeHeapSize                   = 5836300                                {pd product} {ergonomic}
    uintx NonProfiledCodeHeapSize                  = 122910970                              {pd product} {ergonomic}
    uintx ProfiledCodeHeapSize                     = 122910970                              {pd product} {ergonomic}
    uintx ReservedCodeCacheSize                    = 251658240                              {pd product} {ergonomic}
     bool SegmentedCodeCache                       = true                                      {product} {ergonomic}
     bool UseCompressedClassPointers               = true                                 {lp64_product} {ergonomic}
     bool UseCompressedOops                        = true                                 {lp64_product} {ergonomic}
     bool UseG1GC                                  = true                                      {product} {ergonomic}

Logging:
Log output configuration:
 #0: stdout all=warning uptime,level,tags
 #1: stderr all=off uptime,level,tags

Environment Variables:
JAVA_HOME=/usr/lib/jvm/java-11-openjdk-amd64
CLASSPATH=.:/usr/local/lib/antlr-4.9.2-complete.jar:/usr/local/lib/ST-4.3.1.jar:
PATH=/home/artur/.nvm/versions/node/v14.17.0/bin:/home/artur/.local/bin:/usr/local/sbin:/usr/local/bin:/usr/sbin:/usr/bin:/sbin:/bin:/usr/games:/usr/local/games:/snap/bin:/usr/lib/jvm/java-16-oracle/bin:/usr/lib/jvm/java-16-oracle/db/bin:/opt/bin:.:
USERNAME=artur
SHELL=/bin/bash
DISPLAY=:0
LANG=en_US.UTF-8
LC_CTYPE=pt_PT.UTF-8

Signal Handlers:
SIGSEGV: [libjvm.so+0xe8e8d0], sa_mask[0]=11111111011111111101111111111110, sa_flags=SA_RESTART|SA_SIGINFO
SIGBUS: [libjvm.so+0xe8e8d0], sa_mask[0]=11111111011111111101111111111110, sa_flags=SA_RESTART|SA_SIGINFO
SIGFPE: [libjvm.so+0xe8e8d0], sa_mask[0]=11111111011111111101111111111110, sa_flags=SA_RESTART|SA_SIGINFO
SIGPIPE: [libjvm.so+0xbd6910], sa_mask[0]=11111111011111111101111111111110, sa_flags=SA_RESTART|SA_SIGINFO
SIGXFSZ: [libjvm.so+0xbd6910], sa_mask[0]=11111111011111111101111111111110, sa_flags=SA_RESTART|SA_SIGINFO
SIGILL: [libjvm.so+0xe8e8d0], sa_mask[0]=11111111011111111101111111111110, sa_flags=SA_RESTART|SA_SIGINFO
SIGUSR2: [libjvm.so+0xbd67b0], sa_mask[0]=00000000000000000000000000000000, sa_flags=SA_RESTART|SA_SIGINFO
SIGHUP: [libjvm.so+0xbd6c50], sa_mask[0]=11111111011111111101111111111110, sa_flags=SA_RESTART|SA_SIGINFO
SIGINT: [libjvm.so+0xbd6c50], sa_mask[0]=11111111011111111101111111111110, sa_flags=SA_RESTART|SA_SIGINFO
SIGTERM: [libjvm.so+0xbd6c50], sa_mask[0]=11111111011111111101111111111110, sa_flags=SA_RESTART|SA_SIGINFO
SIGQUIT: [libjvm.so+0xbd6c50], sa_mask[0]=11111111011111111101111111111110, sa_flags=SA_RESTART|SA_SIGINFO


---------------  S Y S T E M  ---------------

OS:DISTRIB_ID=Ubuntu
DISTRIB_RELEASE=20.04
DISTRIB_CODENAME=focal
DISTRIB_DESCRIPTION="Ubuntu 20.04.3 LTS"
uname:Linux 5.4.0-94-generic #106-Ubuntu SMP Thu Jan 6 23:58:14 UTC 2022 x86_64
OS uptime: 0 days 8:47 hours
libc:glibc 2.31 NPTL 2.31 
rlimit (soft/hard): STACK 8192k/infinity , CORE 0k/infinity , NPROC 63160/63160 , NOFILE 1048576/1048576 , AS infinity/infinity , CPU infinity/infinity , DATA infinity/infinity , FSIZE infinity/infinity , MEMLOCK 65536k/65536k
load average:1,23 1,07 1,29

/proc/meminfo:
MemTotal:       16231516 kB
MemFree:         2066708 kB
MemAvailable:    6562804 kB
Buffers:          876016 kB
Cached:          4367416 kB
SwapCached:         2684 kB
Active:         10327896 kB
Inactive:        2751276 kB
Active(anon):    7176900 kB
Inactive(anon):  1422224 kB
Active(file):    3150996 kB
Inactive(file):  1329052 kB
Unevictable:      180032 kB
Mlocked:             128 kB
SwapTotal:       2097148 kB
SwapFree:        2077180 kB
Dirty:               600 kB
Writeback:             0 kB
AnonPages:       8014248 kB
Mapped:          1964012 kB
Shmem:            765720 kB
KReclaimable:     358096 kB
Slab:             637496 kB
SReclaimable:     358096 kB
SUnreclaim:       279400 kB
KernelStack:       30416 kB
PageTables:        83580 kB
NFS_Unstable:          0 kB
Bounce:                0 kB
WritebackTmp:          0 kB
CommitLimit:    10212904 kB
Committed_AS:   26925212 kB
VmallocTotal:   34359738367 kB
VmallocUsed:       65692 kB
VmallocChunk:          0 kB
Percpu:            19072 kB
HardwareCorrupted:     0 kB
AnonHugePages:         0 kB
ShmemHugePages:        0 kB
ShmemPmdMapped:        0 kB
FileHugePages:         0 kB
FilePmdMapped:         0 kB
CmaTotal:              0 kB
CmaFree:               0 kB
HugePages_Total:       0
HugePages_Free:        0
HugePages_Rsvd:        0
HugePages_Surp:        0
Hugepagesize:       2048 kB
Hugetlb:               0 kB
DirectMap4k:      676448 kB
DirectMap2M:    12795904 kB
DirectMap1G:     3145728 kB

/sys/kernel/mm/transparent_hugepage/enabled:
always [madvise] never
/sys/kernel/mm/transparent_hugepage/defrag (defrag/compaction efforts parameter):
always defer defer+madvise [madvise] never

Process Memory:
Virtual Size: 7303284K (peak: 15579060K)
Resident Set Size: 354456K (peak: 354456K) (anon: 320672K, file: 33784K, shmem: 0K)
Swapped out: 0K
C-Heap outstanding allocations: 45038K

/proc/sys/kernel/threads-max (system-wide limit on the number of threads):
126320
/proc/sys/vm/max_map_count (maximum number of memory map areas a process may have):
1048575
/proc/sys/kernel/pid_max (system-wide limit on number of process identifiers):
4194304

container (cgroup) information:
container_type: cgroupv1
cpu_cpuset_cpus: 0-11
cpu_memory_nodes: 0
active_processor_count: 12
cpu_quota: -1
cpu_period: 100000
cpu_shares: -1
memory_limit_in_bytes: -1
memory_and_swap_limit_in_bytes: -2
memory_soft_limit_in_bytes: -1
memory_usage_in_bytes: 10888531968
memory_max_usage_in_bytes: 12891639808

Steal ticks since vm start: 0
Steal ticks percentage since vm start:  0,000

CPU:total 12 (initial active 12) (6 cores per cpu, 2 threads per core) family 6 model 158 stepping 13 microcode 0xea, cmov, cx8, fxsr, mmx, sse, sse2, sse3, ssse3, sse4.1, sse4.2, popcnt, avx, avx2, aes, clmul, erms, 3dnowpref, lzcnt, ht, tsc, tscinvbit, bmi1, bmi2, adx, fma
CPU Model and flags from /proc/cpuinfo:
model name	: Intel(R) Core(TM) i7-9750H CPU @ 2.60GHz
flags		: fpu vme de pse tsc msr pae mce cx8 apic sep mtrr pge mca cmov pat pse36 clflush dts acpi mmx fxsr sse sse2 ss ht tm pbe syscall nx pdpe1gb rdtscp lm constant_tsc art arch_perfmon pebs bts rep_good nopl xtopology nonstop_tsc cpuid aperfmperf pni pclmulqdq dtes64 monitor ds_cpl vmx est tm2 ssse3 sdbg fma cx16 xtpr pdcm pcid sse4_1 sse4_2 x2apic movbe popcnt tsc_deadline_timer aes xsave avx f16c rdrand lahf_lm abm 3dnowprefetch cpuid_fault epb invpcid_single ssbd ibrs ibpb stibp ibrs_enhanced tpr_shadow vnmi flexpriority ept vpid ept_ad fsgsbase tsc_adjust bmi1 avx2 smep bmi2 erms invpcid mpx rdseed adx smap clflushopt intel_pt xsaveopt xsavec xgetbv1 xsaves dtherm ida arat pln pts hwp hwp_notify hwp_act_window hwp_epp md_clear flush_l1d arch_capabilities
Online cpus:
0-11
Offline cpus:

BIOS frequency limitation:
<Not Available>
Frequency switch latency (ns):
0
Available cpu frequencies:
<Not Available>
Current governor:
powersave
Core performance/turbo boost:
<Not Available>

Memory: 4k page, physical 16231516k(2066708k free), swap 2097148k(2077180k free)

vm_info: OpenJDK 64-Bit Server VM (11.0.13+8-Ubuntu-0ubuntu1.20.04) for linux-amd64 JRE (11.0.13+8-Ubuntu-0ubuntu1.20.04), built on Oct 29 2021 09:11:30 by "unknown" with gcc 9.3.0

END.
