#
# A fatal error has been detected by the Java Runtime Environment:
#
#  SIGSEGV (0xb) at pc=0x00007f9605bf6185, pid=40903, tid=40909
#
# JRE version: OpenJDK Runtime Environment (11.0.11+9) (build 11.0.11+9-Ubuntu-0ubuntu2.20.04)
# Java VM: OpenJDK 64-Bit Server VM (11.0.11+9-Ubuntu-0ubuntu2.20.04, mixed mode, sharing, tiered, compressed oops, g1 gc, linux-amd64)
# Problematic frame:
# V  [libjvm.so+0x79d185]
#
# Core dump will be written. Default location: Core dumps may be processed with "/usr/share/apport/apport %p %s %c %d %P %E" (or dumping to /home/artur/Desktop/3ano/IES/medical-management-system/Project/medmanagesystem/core.40903)
#
# If you would like to submit a bug report, please visit:
#   https://bugs.launchpad.net/ubuntu/+source/openjdk-lts
#

---------------  S U M M A R Y ------------

Command Line: /home/artur/Desktop/3ano/IES/medical-management-system/Project/medmanagesystem/target/surefire/surefirebooter6214754848786950517.jar /home/artur/Desktop/3ano/IES/medical-management-system/Project/medmanagesystem/target/surefire 2022-01-05T19-23-51_420-jvmRun1 surefire17673180401266127072tmp surefire_08581931423407113454tmp

Host: Intel(R) Core(TM) i7-9750H CPU @ 2.60GHz, 12 cores, 15G, Ubuntu 20.04.3 LTS
Time: Wed Jan  5 19:23:53 2022 WET elapsed time: 2.136475 seconds (0d 0h 0m 2s)

---------------  T H R E A D  ---------------

Current thread (0x00007f9600030000):  GCTaskThread "GC Thread#0" [stack: 0x00007f9604c87000,0x00007f9604d87000] [id=40909]

Stack: [0x00007f9604c87000,0x00007f9604d87000],  sp=0x00007f9604d85b10,  free space=1018k
Native frames: (J=compiled Java code, A=aot compiled Java code, j=interpreted, Vv=VM code, C=native code)
V  [libjvm.so+0x79d185]
V  [libjvm.so+0xd801a6]
V  [libjvm.so+0x79ff64]
V  [libjvm.so+0x7477ac]
V  [libjvm.so+0xeb88dd]
V  [libjvm.so+0xe1d690]
V  [libjvm.so+0xbdac76]


siginfo: si_signo: 11 (SIGSEGV), si_code: 128 (SI_KERNEL), si_addr: 0x0000000000000000

Register to memory mapping:

RAX=0x00007f95df294000 points into unknown readable memory: 0x0000000000000000 | 00 00 00 00 00 00 00 00
RBX=0x00007f95e4002cc8 points into unknown readable memory: 0x00007f96065bbd70 | 70 bd 5b 06 96 7f 00 00
RCX=0x0000000000000002 is an unknown value
RDX=0x00007f960007da48 points into unknown readable memory: 0x0000000708400000 | 00 00 40 08 07 00 00 00
RSP=0x00007f9604d85b10 points into unknown readable memory: 0x00007f9604d85b30 | 30 5b d8 04 96 7f 00 00
RBP=0x00007f9604d85b40 points into unknown readable memory: 0x00007f9604d85bc0 | c0 5b d8 04 96 7f 00 00
RSI=0x000000000009678e is an unknown value
RDI=0x04007f95c3084000 is an unknown value
R8 =0x000000080031f438 is pointing into metadata
R9 =0x0000000000000004 is an unknown value
R10=0x0000000000400000 is an unknown value
R11=0x0000000000000001 is an unknown value
R12=0x0000000000000004 is an unknown value
R13=0x00007f960007da30 points into unknown readable memory: 0x00007f960008e000 | 00 e0 08 00 96 7f 00 00
R14=0x0000000000000014 is an unknown value
R15=0x0000000000000014 is an unknown value


Registers:
RAX=0x00007f95df294000, RBX=0x00007f95e4002cc8, RCX=0x0000000000000002, RDX=0x00007f960007da48
RSP=0x00007f9604d85b10, RBP=0x00007f9604d85b40, RSI=0x000000000009678e, RDI=0x04007f95c3084000
R8 =0x000000080031f438, R9 =0x0000000000000004, R10=0x0000000000400000, R11=0x0000000000000001
R12=0x0000000000000004, R13=0x00007f960007da30, R14=0x0000000000000014, R15=0x0000000000000014
RIP=0x00007f9605bf6185, EFLAGS=0x0000000000010202, CSGSFS=0x002b000000000033, ERR=0x0000000000000000
  TRAPNO=0x000000000000000d

Top of Stack: (sp=0x00007f9604d85b10)
0x00007f9604d85b10:   00007f9604d85b30 ffffffffff800000
0x00007f9604d85b20:   00007f95e4002cc8 00007f9604d85b70
0x00007f9604d85b30:   00007f95d8792270 00000000000000be
0x00007f9604d85b40:   00007f9604d85bc0 00007f96061d91a6 

Instructions: (pc=0x00007f9605bf6185)
0x00007f9605bf6085:   0f 8e 85 01 00 00 49 8b 0c 24 48 89 c8 83 e0 03
0x00007f9605bf6095:   48 83 f8 03 0f 85 91 01 00 00 48 8d 05 72 ff a7
0x00007f9605bf60a5:   00 80 38 00 0f 85 99 01 00 00 48 83 e1 fc 49 89
0x00007f9605bf60b5:   ce 4d 89 75 00 4d 89 f7 4d 39 f4 0f 84 50 01 00
0x00007f9605bf60c5:   00 48 8d 05 7f 83 ac 00 4c 8b 6b 28 0f b6 00 84
0x00007f9605bf60d5:   c0 0f 84 94 01 00 00 48 8d 15 ad b5 a9 00 41 8b
0x00007f9605bf60e5:   7c 24 08 8b 4a 08 48 d3 e7 48 03 3a 8b 4f 08 85
0x00007f9605bf60f5:   c9 0f 8e d4 01 00 00 f6 c1 01 74 1a 48 8b 07 48
0x00007f9605bf6105:   8d 15 25 97 da ff 48 8b 80 10 01 00 00 48 39 d0
0x00007f9605bf6115:   0f 85 19 02 00 00 c1 f9 03 48 63 f1 49 8b 45 08
0x00007f9605bf6125:   4c 89 fa 8b 88 c0 02 00 00 48 8b 80 b0 02 00 00
0x00007f9605bf6135:   48 d3 ea 48 8b 04 d0 4c 39 b0 60 01 00 00 0f 86
0x00007f9605bf6145:   cd 00 00 00 49 8b 95 90 00 00 00 4c 89 f9 41 b9
0x00007f9605bf6155:   01 00 00 00 44 8b 63 18 48 2b 0a 48 89 c8 8b 4a
0x00007f9605bf6165:   10 48 c1 e8 03 48 d3 e8 48 89 c1 48 89 c7 48 8b
0x00007f9605bf6175:   42 18 48 c1 ef 06 83 e1 3f 48 8d 3c f8 49 d3 e1
0x00007f9605bf6185:   48 8b 0f eb 09 66 0f 1f 44 00 00 48 89 c1 4c 89
0x00007f9605bf6195:   ca 48 09 ca 48 39 d1 74 78 48 89 c8 f0 48 0f b1
0x00007f9605bf61a5:   17 48 39 c1 75 e5 48 85 f6 0f 84 bc 01 00 00 49
0x00007f9605bf61b5:   8b 85 f0 02 00 00 4a 8b 14 e0 48 8b 42 18 4c 2b
0x00007f9605bf61c5:   78 10 48 8d 05 36 94 ac 00 8b 08 49 d3 ef 44 89
0x00007f9605bf61d5:   f8 23 42 68 48 c1 e0 04 48 03 42 48 8b 08 41 39
0x00007f9605bf61e5:   cf 0f 84 74 01 00 00 48 8b 78 08 48 85 ff 0f 85
0x00007f9605bf61f5:   4f 01 00 00 48 c7 40 08 00 00 00 00 44 89 38 48
0x00007f9605bf6205:   83 42 60 01 48 01 70 08 eb 07 90 40 80 fe ff 74
0x00007f9605bf6215:   7a 48 8b 7b 10 48 83 c4 08 5b 41 5c 41 5d 41 5e
0x00007f9605bf6225:   41 5f 5d e9 63 2d fe ff 0f 1f 00 48 8b 7f 10 4c
0x00007f9605bf6235:   89 e2 e8 64 54 fe ff 49 89 c6 e9 72 fe ff ff 0f
0x00007f9605bf6245:   1f 40 00 48 89 c8 83 e0 07 48 83 f8 05 0f 85 57
0x00007f9605bf6255:   fe ff ff 49 c7 45 00 00 00 00 00 45 31 ff 45 31
0x00007f9605bf6265:   f6 e9 5b fe ff ff 0f 1f 44 00 00 49 8b 7c 24 08
0x00007f9605bf6275:   e9 77 fe ff ff 66 0f 1f 44 00 00 48 83 c4 08 5b 


Stack slot to memory mapping:
stack at sp + 0 slots: 0x00007f9604d85b30 points into unknown readable memory: 0x00007f95d8792270 | 70 22 79 d8 95 7f 00 00
stack at sp + 1 slots: 0xffffffffff800000 is an unknown value
stack at sp + 2 slots: 0x00007f95e4002cc8 points into unknown readable memory: 0x00007f96065bbd70 | 70 bd 5b 06 96 7f 00 00
stack at sp + 3 slots: 0x00007f9604d85b70 points into unknown readable memory: 0x00000000000000bd | bd 00 00 00 00 00 00 00
stack at sp + 4 slots: 0x00007f95d8792270 points into unknown readable memory: 0x00007f960021dad0 | d0 da 21 00 96 7f 00 00
stack at sp + 5 slots: 0x00000000000000be is an unknown value
stack at sp + 6 slots: 0x00007f9604d85bc0 points into unknown readable memory: 0x00007f9604d85cd0 | d0 5c d8 04 96 7f 00 00
stack at sp + 7 slots: 0x00007f96061d91a6: <offset 0x0000000000d801a6> in /usr/lib/jvm/java-11-openjdk-amd64/lib/server/libjvm.so at 0x00007f9605459000


---------------  P R O C E S S  ---------------

Threads class SMR info:
_java_thread_list=0x00007f96013073f0, length=15, elements={
0x00007f9600017800, 0x00007f960023e000, 0x00007f9600240000, 0x00007f9600247000,
0x00007f9600249000, 0x00007f960024b000, 0x00007f960024d000, 0x00007f960024f000,
0x00007f960029a000, 0x00007f9600325800, 0x00007f960035b800, 0x00007f959000b800,
0x00007f95ac086800, 0x00007f95ac464000, 0x00007f9601306800
}

Java Threads: ( => current thread )
  0x00007f9600017800 JavaThread "main" [_thread_blocked, id=40904, stack(0x00007f960500c000,0x00007f960510d000)]
  0x00007f960023e000 JavaThread "Reference Handler" daemon [_thread_blocked, id=40915, stack(0x00007f95d8591000,0x00007f95d8692000)]
  0x00007f9600240000 JavaThread "Finalizer" daemon [_thread_blocked, id=40916, stack(0x00007f95d8490000,0x00007f95d8591000)]
  0x00007f9600247000 JavaThread "Signal Dispatcher" daemon [_thread_blocked, id=40917, stack(0x00007f95d838f000,0x00007f95d8490000)]
  0x00007f9600249000 JavaThread "Service Thread" daemon [_thread_blocked, id=40918, stack(0x00007f95d828e000,0x00007f95d838f000)]
  0x00007f960024b000 JavaThread "C2 CompilerThread0" daemon [_thread_in_native, id=40919, stack(0x00007f95d818d000,0x00007f95d828e000)]
  0x00007f960024d000 JavaThread "C1 CompilerThread0" daemon [_thread_blocked, id=40920, stack(0x00007f95d808c000,0x00007f95d818d000)]
  0x00007f960024f000 JavaThread "Sweeper thread" daemon [_thread_blocked, id=40921, stack(0x00007f95cb18e000,0x00007f95cb28f000)]
  0x00007f960029a000 JavaThread "Common-Cleaner" daemon [_thread_blocked, id=40923, stack(0x00007f95caf8b000,0x00007f95cb08c000)]
  0x00007f9600325800 JavaThread "surefire-forkedjvm-command-thread" daemon [_thread_in_native, id=40924, stack(0x00007f95cae8a000,0x00007f95caf8b000)]
  0x00007f960035b800 JavaThread "surefire-forkedjvm-ping-30s" daemon [_thread_blocked, id=40925, stack(0x00007f95cad89000,0x00007f95cae8a000)]
  0x00007f959000b800 JavaThread "process reaper" daemon [_thread_blocked, id=40928, stack(0x00007f95d806a000,0x00007f95d808c000)]
  0x00007f95ac086800 JavaThread "C2 CompilerThread1" daemon [_thread_in_native, id=40929, stack(0x00007f95cac88000,0x00007f95cad89000)]
  0x00007f95ac464000 JavaThread "C2 CompilerThread2" daemon [_thread_in_native, id=40930, stack(0x00007f95cab87000,0x00007f95cac88000)]
  0x00007f9601306800 JavaThread "mysql-cj-abandoned-connection-cleanup" daemon [_thread_blocked, id=40942, stack(0x00007f95ca17c000,0x00007f95ca27d000)]

Other Threads:
  0x00007f960023b800 VMThread "VM Thread" [stack: 0x00007f95d8694000,0x00007f95d8794000] [id=40914]
  0x00007f9600297800 WatcherThread [stack: 0x00007f95cb08e000,0x00007f95cb18e000] [id=40922]
=>0x00007f9600030000 GCTaskThread "GC Thread#0" [stack: 0x00007f9604c87000,0x00007f9604d87000] [id=40909]
  0x00007f95c0059000 GCTaskThread "GC Thread#1" [stack: 0x00007f95caa87000,0x00007f95cab87000] [id=40931]
  0x00007f95c005a800 GCTaskThread "GC Thread#2" [stack: 0x00007f95ca985000,0x00007f95caa85000] [id=40932]
  0x00007f95c005c000 GCTaskThread "GC Thread#3" [stack: 0x00007f95ca883000,0x00007f95ca983000] [id=40933]
  0x00007f95c005d800 GCTaskThread "GC Thread#4" [stack: 0x00007f95ca781000,0x00007f95ca881000] [id=40934]
  0x00007f95c005f800 GCTaskThread "GC Thread#5" [stack: 0x00007f95ca67f000,0x00007f95ca77f000] [id=40935]
  0x00007f960008e000 ConcurrentGCThread "G1 Main Marker" [stack: 0x00007f960407b000,0x00007f960417b000] [id=40910]
  0x00007f9600090000 ConcurrentGCThread "G1 Conc#0" [stack: 0x00007f95db3a4000,0x00007f95db4a4000] [id=40911]
  0x00007f95d4001000 ConcurrentGCThread "G1 Conc#1" [stack: 0x00007f95c997b000,0x00007f95c9a7b000] [id=40938]
  0x00007f95d4002000 ConcurrentGCThread "G1 Conc#2" [stack: 0x00007f95c9879000,0x00007f95c9979000] [id=40939]
  0x00007f9600196800 ConcurrentGCThread "G1 Refine#0" [stack: 0x00007f95d8898000,0x00007f95d8998000] [id=40912]
  0x00007f9600198000 ConcurrentGCThread "G1 Young RemSet Sampling" [stack: 0x00007f95d8796000,0x00007f95d8896000] [id=40913]

Threads with active compile tasks:
C2 CompilerThread0   2138 3670       4       sun.net.util.URLUtil::urlNoFragString (114 bytes)
C2 CompilerThread1   2138 3505       4       org.springframework.boot.context.properties.source.ConfigurationPropertyName$ElementsParser::parse (234 bytes)
C2 CompilerThread2   2138 3442       4       org.springframework.beans.factory.support.AbstractBeanFactory::isTypeMatch (607 bytes)

VM state:at safepoint (normal execution)

VM Mutex/Monitor currently owned by a thread:  ([mutex/lock_event])
[0x00007f96000135b0] Threads_lock - owner thread: 0x00007f960023b800
[0x00007f9600013d90] Heap_lock - owner thread: 0x00007f9600017800

Heap address: 0x0000000708400000, size: 3964 MB, Compressed Oops mode: Zero based, Oop shift amount: 3
Narrow klass base: 0x0000000800000000, Narrow klass shift: 3
Compressed class space size: 1073741824 Address: 0x0000000840000000

Heap:
 garbage-first heap   total 256000K, used 99922K [0x0000000708400000, 0x0000000800000000)
  region size 1024K, 91 young (93184K), 7 survivors (7168K)
 Metaspace       used 34562K, capacity 35832K, committed 35964K, reserved 1079296K
  class space    used 4625K, capacity 5183K, committed 5248K, reserved 1048576K
Heap Regions: E=young(eden), S=young(survivor), O=old, HS=humongous(starts), HC=humongous(continues), CS=collection set, F=free, A=archive, TAMS=top-at-mark-start (previous, next)
|   0|0x0000000708400000, 0x0000000708500000, 0x0000000708500000|100%|HS|  |TAMS 0x0000000708500000, 0x0000000708500000| Complete 
|   1|0x0000000708500000, 0x0000000708600000, 0x0000000708600000|100%| O|  |TAMS 0x0000000708600000, 0x0000000708600000| Untracked 
|   2|0x0000000708600000, 0x0000000708700000, 0x0000000708700000|100%| O|  |TAMS 0x0000000708700000, 0x0000000708700000| Untracked 
|   3|0x0000000708700000, 0x0000000708800000, 0x0000000708800000|100%| O|  |TAMS 0x00000007087dce00, 0x0000000708800000| Untracked 
|   4|0x0000000708800000, 0x0000000708900000, 0x0000000708900000|100%| O|  |TAMS 0x0000000708800000, 0x0000000708900000| Untracked 
|   5|0x0000000708900000, 0x0000000708a00000, 0x0000000708a00000|100%| O|  |TAMS 0x0000000708900000, 0x0000000708a00000| Untracked 
|   6|0x0000000708a00000, 0x0000000708b00000, 0x0000000708b00000|100%| O|  |TAMS 0x0000000708a00000, 0x0000000708b00000| Untracked 
|   7|0x0000000708b00000, 0x0000000708c00000, 0x0000000708c00000|100%| O|  |TAMS 0x0000000708b00000, 0x0000000708c00000| Untracked 
|   8|0x0000000708c00000, 0x0000000708d00000, 0x0000000708d00000|100%| O|  |TAMS 0x0000000708c00000, 0x0000000708d00000| Untracked 
|   9|0x0000000708d00000, 0x0000000708e00000, 0x0000000708e00000|100%| O|  |TAMS 0x0000000708d00000, 0x0000000708e00000| Untracked 
|  10|0x0000000708e00000, 0x0000000708effc00, 0x0000000708f00000| 99%| O|  |TAMS 0x0000000708e00000, 0x0000000708f00000| Untracked 
|  11|0x0000000708f00000, 0x0000000708f00000, 0x0000000709000000|  0%| F|  |TAMS 0x0000000708f00000, 0x0000000708f00000| Untracked 
|  12|0x0000000709000000, 0x0000000709000000, 0x0000000709100000|  0%| F|  |TAMS 0x0000000709000000, 0x0000000709000000| Untracked 
|  13|0x0000000709100000, 0x0000000709100000, 0x0000000709200000|  0%| F|  |TAMS 0x0000000709100000, 0x0000000709100000| Untracked 
|  14|0x0000000709200000, 0x0000000709200000, 0x0000000709300000|  0%| F|  |TAMS 0x0000000709200000, 0x0000000709200000| Untracked 
|  15|0x0000000709300000, 0x0000000709300000, 0x0000000709400000|  0%| F|  |TAMS 0x0000000709300000, 0x0000000709300000| Untracked 
|  16|0x0000000709400000, 0x0000000709400000, 0x0000000709500000|  0%| F|  |TAMS 0x0000000709400000, 0x0000000709400000| Untracked 
|  17|0x0000000709500000, 0x0000000709500000, 0x0000000709600000|  0%| F|  |TAMS 0x0000000709500000, 0x0000000709500000| Untracked 
|  18|0x0000000709600000, 0x0000000709600000, 0x0000000709700000|  0%| F|  |TAMS 0x0000000709600000, 0x0000000709600000| Untracked 
|  19|0x0000000709700000, 0x0000000709700000, 0x0000000709800000|  0%| F|  |TAMS 0x0000000709700000, 0x0000000709700000| Untracked 
|  20|0x0000000709800000, 0x0000000709800000, 0x0000000709900000|  0%| F|  |TAMS 0x0000000709800000, 0x0000000709800000| Untracked 
|  21|0x0000000709900000, 0x0000000709900000, 0x0000000709a00000|  0%| F|  |TAMS 0x0000000709900000, 0x0000000709900000| Untracked 
|  22|0x0000000709a00000, 0x0000000709a00000, 0x0000000709b00000|  0%| F|  |TAMS 0x0000000709a00000, 0x0000000709a00000| Untracked 
|  23|0x0000000709b00000, 0x0000000709b00000, 0x0000000709c00000|  0%| F|  |TAMS 0x0000000709b00000, 0x0000000709b00000| Untracked 
|  24|0x0000000709c00000, 0x0000000709c00000, 0x0000000709d00000|  0%| F|  |TAMS 0x0000000709c00000, 0x0000000709c00000| Untracked 
|  25|0x0000000709d00000, 0x0000000709d00000, 0x0000000709e00000|  0%| F|  |TAMS 0x0000000709d00000, 0x0000000709d00000| Untracked 
|  26|0x0000000709e00000, 0x0000000709e00000, 0x0000000709f00000|  0%| F|  |TAMS 0x0000000709e00000, 0x0000000709e00000| Untracked 
|  27|0x0000000709f00000, 0x0000000709f00000, 0x000000070a000000|  0%| F|  |TAMS 0x0000000709f00000, 0x0000000709f00000| Untracked 
|  28|0x000000070a000000, 0x000000070a000000, 0x000000070a100000|  0%| F|  |TAMS 0x000000070a000000, 0x000000070a000000| Untracked 
|  29|0x000000070a100000, 0x000000070a100000, 0x000000070a200000|  0%| F|  |TAMS 0x000000070a100000, 0x000000070a100000| Untracked 
|  30|0x000000070a200000, 0x000000070a200000, 0x000000070a300000|  0%| F|  |TAMS 0x000000070a200000, 0x000000070a200000| Untracked 
|  31|0x000000070a300000, 0x000000070a300000, 0x000000070a400000|  0%| F|  |TAMS 0x000000070a300000, 0x000000070a300000| Untracked 
|  32|0x000000070a400000, 0x000000070a400000, 0x000000070a500000|  0%| F|  |TAMS 0x000000070a400000, 0x000000070a400000| Untracked 
|  33|0x000000070a500000, 0x000000070a500000, 0x000000070a600000|  0%| F|  |TAMS 0x000000070a500000, 0x000000070a500000| Untracked 
|  34|0x000000070a600000, 0x000000070a600000, 0x000000070a700000|  0%| F|  |TAMS 0x000000070a600000, 0x000000070a600000| Untracked 
|  35|0x000000070a700000, 0x000000070a700000, 0x000000070a800000|  0%| F|  |TAMS 0x000000070a700000, 0x000000070a700000| Untracked 
|  36|0x000000070a800000, 0x000000070a800000, 0x000000070a900000|  0%| F|  |TAMS 0x000000070a800000, 0x000000070a800000| Untracked 
|  37|0x000000070a900000, 0x000000070a900000, 0x000000070aa00000|  0%| F|  |TAMS 0x000000070a900000, 0x000000070a900000| Untracked 
|  38|0x000000070aa00000, 0x000000070aa00000, 0x000000070ab00000|  0%| F|  |TAMS 0x000000070aa00000, 0x000000070aa00000| Untracked 
|  39|0x000000070ab00000, 0x000000070ab00000, 0x000000070ac00000|  0%| F|  |TAMS 0x000000070ab00000, 0x000000070ab00000| Untracked 
|  40|0x000000070ac00000, 0x000000070ac00000, 0x000000070ad00000|  0%| F|  |TAMS 0x000000070ac00000, 0x000000070ac00000| Untracked 
|  41|0x000000070ad00000, 0x000000070ad00000, 0x000000070ae00000|  0%| F|  |TAMS 0x000000070ad00000, 0x000000070ad00000| Untracked 
|  42|0x000000070ae00000, 0x000000070ae00000, 0x000000070af00000|  0%| F|  |TAMS 0x000000070ae00000, 0x000000070ae00000| Untracked 
|  43|0x000000070af00000, 0x000000070af00000, 0x000000070b000000|  0%| F|  |TAMS 0x000000070af00000, 0x000000070af00000| Untracked 
|  44|0x000000070b000000, 0x000000070b000000, 0x000000070b100000|  0%| F|  |TAMS 0x000000070b000000, 0x000000070b000000| Untracked 
|  45|0x000000070b100000, 0x000000070b100000, 0x000000070b200000|  0%| F|  |TAMS 0x000000070b100000, 0x000000070b100000| Untracked 
|  46|0x000000070b200000, 0x000000070b200000, 0x000000070b300000|  0%| F|  |TAMS 0x000000070b200000, 0x000000070b200000| Untracked 
|  47|0x000000070b300000, 0x000000070b300000, 0x000000070b400000|  0%| F|  |TAMS 0x000000070b300000, 0x000000070b300000| Untracked 
|  48|0x000000070b400000, 0x000000070b400000, 0x000000070b500000|  0%| F|  |TAMS 0x000000070b400000, 0x000000070b400000| Untracked 
|  49|0x000000070b500000, 0x000000070b500000, 0x000000070b600000|  0%| F|  |TAMS 0x000000070b500000, 0x000000070b500000| Untracked 
|  50|0x000000070b600000, 0x000000070b600000, 0x000000070b700000|  0%| F|  |TAMS 0x000000070b600000, 0x000000070b600000| Untracked 
|  51|0x000000070b700000, 0x000000070b700000, 0x000000070b800000|  0%| F|  |TAMS 0x000000070b700000, 0x000000070b700000| Untracked 
|  52|0x000000070b800000, 0x000000070b800000, 0x000000070b900000|  0%| F|  |TAMS 0x000000070b800000, 0x000000070b800000| Untracked 
|  53|0x000000070b900000, 0x000000070b900000, 0x000000070ba00000|  0%| F|  |TAMS 0x000000070b900000, 0x000000070b900000| Untracked 
|  54|0x000000070ba00000, 0x000000070ba00000, 0x000000070bb00000|  0%| F|  |TAMS 0x000000070ba00000, 0x000000070ba00000| Untracked 
|  55|0x000000070bb00000, 0x000000070bb00000, 0x000000070bc00000|  0%| F|  |TAMS 0x000000070bb00000, 0x000000070bb00000| Untracked 
|  56|0x000000070bc00000, 0x000000070bc00000, 0x000000070bd00000|  0%| F|  |TAMS 0x000000070bc00000, 0x000000070bc00000| Untracked 
|  57|0x000000070bd00000, 0x000000070bd00000, 0x000000070be00000|  0%| F|  |TAMS 0x000000070bd00000, 0x000000070bd00000| Untracked 
|  58|0x000000070be00000, 0x000000070be00000, 0x000000070bf00000|  0%| F|  |TAMS 0x000000070be00000, 0x000000070be00000| Untracked 
|  59|0x000000070bf00000, 0x000000070bf00000, 0x000000070c000000|  0%| F|  |TAMS 0x000000070bf00000, 0x000000070bf00000| Untracked 
|  60|0x000000070c000000, 0x000000070c000000, 0x000000070c100000|  0%| F|  |TAMS 0x000000070c000000, 0x000000070c000000| Untracked 
|  61|0x000000070c100000, 0x000000070c100000, 0x000000070c200000|  0%| F|  |TAMS 0x000000070c100000, 0x000000070c100000| Untracked 
|  62|0x000000070c200000, 0x000000070c200000, 0x000000070c300000|  0%| F|  |TAMS 0x000000070c200000, 0x000000070c200000| Untracked 
|  63|0x000000070c300000, 0x000000070c300000, 0x000000070c400000|  0%| F|  |TAMS 0x000000070c300000, 0x000000070c300000| Untracked 
|  64|0x000000070c400000, 0x000000070c400000, 0x000000070c500000|  0%| F|  |TAMS 0x000000070c400000, 0x000000070c400000| Untracked 
|  65|0x000000070c500000, 0x000000070c500000, 0x000000070c600000|  0%| F|  |TAMS 0x000000070c500000, 0x000000070c500000| Untracked 
|  66|0x000000070c600000, 0x000000070c600000, 0x000000070c700000|  0%| F|  |TAMS 0x000000070c600000, 0x000000070c600000| Untracked 
|  67|0x000000070c700000, 0x000000070c700000, 0x000000070c800000|  0%| F|  |TAMS 0x000000070c700000, 0x000000070c700000| Untracked 
|  68|0x000000070c800000, 0x000000070c800000, 0x000000070c900000|  0%| F|  |TAMS 0x000000070c800000, 0x000000070c800000| Untracked 
|  69|0x000000070c900000, 0x000000070c900000, 0x000000070ca00000|  0%| F|  |TAMS 0x000000070c900000, 0x000000070c900000| Untracked 
|  70|0x000000070ca00000, 0x000000070ca00000, 0x000000070cb00000|  0%| F|  |TAMS 0x000000070ca00000, 0x000000070ca00000| Untracked 
|  71|0x000000070cb00000, 0x000000070cb00000, 0x000000070cc00000|  0%| F|  |TAMS 0x000000070cb00000, 0x000000070cb00000| Untracked 
|  72|0x000000070cc00000, 0x000000070cc00000, 0x000000070cd00000|  0%| F|  |TAMS 0x000000070cc00000, 0x000000070cc00000| Untracked 
|  73|0x000000070cd00000, 0x000000070cd00000, 0x000000070ce00000|  0%| F|  |TAMS 0x000000070cd00000, 0x000000070cd00000| Untracked 
|  74|0x000000070ce00000, 0x000000070ce00000, 0x000000070cf00000|  0%| F|  |TAMS 0x000000070ce00000, 0x000000070ce00000| Untracked 
|  75|0x000000070cf00000, 0x000000070cf00000, 0x000000070d000000|  0%| F|  |TAMS 0x000000070cf00000, 0x000000070cf00000| Untracked 
|  76|0x000000070d000000, 0x000000070d000000, 0x000000070d100000|  0%| F|  |TAMS 0x000000070d000000, 0x000000070d000000| Untracked 
|  77|0x000000070d100000, 0x000000070d100000, 0x000000070d200000|  0%| F|  |TAMS 0x000000070d100000, 0x000000070d100000| Untracked 
|  78|0x000000070d200000, 0x000000070d200000, 0x000000070d300000|  0%| F|  |TAMS 0x000000070d200000, 0x000000070d200000| Untracked 
|  79|0x000000070d300000, 0x000000070d300000, 0x000000070d400000|  0%| F|  |TAMS 0x000000070d300000, 0x000000070d300000| Untracked 
|  80|0x000000070d400000, 0x000000070d400000, 0x000000070d500000|  0%| F|  |TAMS 0x000000070d400000, 0x000000070d400000| Untracked 
|  81|0x000000070d500000, 0x000000070d500000, 0x000000070d600000|  0%| F|  |TAMS 0x000000070d500000, 0x000000070d500000| Untracked 
|  82|0x000000070d600000, 0x000000070d600000, 0x000000070d700000|  0%| F|  |TAMS 0x000000070d600000, 0x000000070d600000| Untracked 
|  83|0x000000070d700000, 0x000000070d700000, 0x000000070d800000|  0%| F|  |TAMS 0x000000070d700000, 0x000000070d700000| Untracked 
|  84|0x000000070d800000, 0x000000070d800000, 0x000000070d900000|  0%| F|  |TAMS 0x000000070d800000, 0x000000070d800000| Untracked 
|  85|0x000000070d900000, 0x000000070d900000, 0x000000070da00000|  0%| F|  |TAMS 0x000000070d900000, 0x000000070d900000| Untracked 
|  86|0x000000070da00000, 0x000000070da00000, 0x000000070db00000|  0%| F|  |TAMS 0x000000070da00000, 0x000000070da00000| Untracked 
|  87|0x000000070db00000, 0x000000070db00000, 0x000000070dc00000|  0%| F|  |TAMS 0x000000070db00000, 0x000000070db00000| Untracked 
|  88|0x000000070dc00000, 0x000000070dc00000, 0x000000070dd00000|  0%| F|  |TAMS 0x000000070dc00000, 0x000000070dc00000| Untracked 
|  89|0x000000070dd00000, 0x000000070dd00000, 0x000000070de00000|  0%| F|  |TAMS 0x000000070dd00000, 0x000000070dd00000| Untracked 
|  90|0x000000070de00000, 0x000000070de00000, 0x000000070df00000|  0%| F|  |TAMS 0x000000070de00000, 0x000000070de00000| Untracked 
|  91|0x000000070df00000, 0x000000070df00000, 0x000000070e000000|  0%| F|  |TAMS 0x000000070df00000, 0x000000070df00000| Untracked 
|  92|0x000000070e000000, 0x000000070e000000, 0x000000070e100000|  0%| F|  |TAMS 0x000000070e000000, 0x000000070e000000| Untracked 
|  93|0x000000070e100000, 0x000000070e100000, 0x000000070e200000|  0%| F|  |TAMS 0x000000070e100000, 0x000000070e100000| Untracked 
|  94|0x000000070e200000, 0x000000070e200000, 0x000000070e300000|  0%| F|  |TAMS 0x000000070e200000, 0x000000070e200000| Untracked 
|  95|0x000000070e300000, 0x000000070e300000, 0x000000070e400000|  0%| F|  |TAMS 0x000000070e300000, 0x000000070e300000| Untracked 
|  96|0x000000070e400000, 0x000000070e400000, 0x000000070e500000|  0%| F|  |TAMS 0x000000070e400000, 0x000000070e400000| Untracked 
|  97|0x000000070e500000, 0x000000070e500000, 0x000000070e600000|  0%| F|  |TAMS 0x000000070e500000, 0x000000070e500000| Untracked 
|  98|0x000000070e600000, 0x000000070e600000, 0x000000070e700000|  0%| F|  |TAMS 0x000000070e600000, 0x000000070e600000| Untracked 
|  99|0x000000070e700000, 0x000000070e700000, 0x000000070e800000|  0%| F|  |TAMS 0x000000070e700000, 0x000000070e700000| Untracked 
| 100|0x000000070e800000, 0x000000070e800000, 0x000000070e900000|  0%| F|  |TAMS 0x000000070e800000, 0x000000070e800000| Untracked 
| 101|0x000000070e900000, 0x000000070e900000, 0x000000070ea00000|  0%| F|  |TAMS 0x000000070e900000, 0x000000070e900000| Untracked 
| 102|0x000000070ea00000, 0x000000070ea00000, 0x000000070eb00000|  0%| F|  |TAMS 0x000000070ea00000, 0x000000070ea00000| Untracked 
| 103|0x000000070eb00000, 0x000000070eb00000, 0x000000070ec00000|  0%| F|  |TAMS 0x000000070eb00000, 0x000000070eb00000| Untracked 
| 104|0x000000070ec00000, 0x000000070ec00000, 0x000000070ed00000|  0%| F|  |TAMS 0x000000070ec00000, 0x000000070ec00000| Untracked 
| 105|0x000000070ed00000, 0x000000070ed00000, 0x000000070ee00000|  0%| F|  |TAMS 0x000000070ed00000, 0x000000070ed00000| Untracked 
| 106|0x000000070ee00000, 0x000000070ee00000, 0x000000070ef00000|  0%| F|  |TAMS 0x000000070ee00000, 0x000000070ee00000| Untracked 
| 107|0x000000070ef00000, 0x000000070ef00000, 0x000000070f000000|  0%| F|  |TAMS 0x000000070ef00000, 0x000000070ef00000| Untracked 
| 108|0x000000070f000000, 0x000000070f000000, 0x000000070f100000|  0%| F|  |TAMS 0x000000070f000000, 0x000000070f000000| Untracked 
| 109|0x000000070f100000, 0x000000070f100000, 0x000000070f200000|  0%| F|  |TAMS 0x000000070f100000, 0x000000070f100000| Untracked 
| 110|0x000000070f200000, 0x000000070f200000, 0x000000070f300000|  0%| F|  |TAMS 0x000000070f200000, 0x000000070f200000| Untracked 
| 111|0x000000070f300000, 0x000000070f300000, 0x000000070f400000|  0%| F|  |TAMS 0x000000070f300000, 0x000000070f300000| Untracked 
| 112|0x000000070f400000, 0x000000070f400000, 0x000000070f500000|  0%| F|  |TAMS 0x000000070f400000, 0x000000070f400000| Untracked 
| 113|0x000000070f500000, 0x000000070f500000, 0x000000070f600000|  0%| F|  |TAMS 0x000000070f500000, 0x000000070f500000| Untracked 
| 114|0x000000070f600000, 0x000000070f600000, 0x000000070f700000|  0%| F|  |TAMS 0x000000070f600000, 0x000000070f600000| Untracked 
| 115|0x000000070f700000, 0x000000070f700000, 0x000000070f800000|  0%| F|  |TAMS 0x000000070f700000, 0x000000070f700000| Untracked 
| 116|0x000000070f800000, 0x000000070f800000, 0x000000070f900000|  0%| F|  |TAMS 0x000000070f800000, 0x000000070f800000| Untracked 
| 117|0x000000070f900000, 0x000000070f900000, 0x000000070fa00000|  0%| F|  |TAMS 0x000000070f900000, 0x000000070f900000| Untracked 
| 118|0x000000070fa00000, 0x000000070fa00000, 0x000000070fb00000|  0%| F|  |TAMS 0x000000070fa00000, 0x000000070fa00000| Untracked 
| 119|0x000000070fb00000, 0x000000070fb00000, 0x000000070fc00000|  0%| F|  |TAMS 0x000000070fb00000, 0x000000070fb00000| Untracked 
| 120|0x000000070fc00000, 0x000000070fc00000, 0x000000070fd00000|  0%| F|  |TAMS 0x000000070fc00000, 0x000000070fc00000| Untracked 
| 121|0x000000070fd00000, 0x000000070fd00000, 0x000000070fe00000|  0%| F|  |TAMS 0x000000070fd00000, 0x000000070fd00000| Untracked 
| 122|0x000000070fe00000, 0x000000070fe00000, 0x000000070ff00000|  0%| F|  |TAMS 0x000000070fe00000, 0x000000070fe00000| Untracked 
| 123|0x000000070ff00000, 0x000000070ff00000, 0x0000000710000000|  0%| F|  |TAMS 0x000000070ff00000, 0x000000070ff00000| Untracked 
| 124|0x0000000710000000, 0x0000000710000000, 0x0000000710100000|  0%| F|  |TAMS 0x0000000710000000, 0x0000000710000000| Untracked 
| 125|0x0000000710100000, 0x0000000710100000, 0x0000000710200000|  0%| F|  |TAMS 0x0000000710100000, 0x0000000710100000| Untracked 
| 126|0x0000000710200000, 0x0000000710200000, 0x0000000710300000|  0%| F|  |TAMS 0x0000000710200000, 0x0000000710200000| Untracked 
| 127|0x0000000710300000, 0x0000000710300000, 0x0000000710400000|  0%| F|  |TAMS 0x0000000710300000, 0x0000000710300000| Untracked 
| 128|0x0000000710400000, 0x0000000710400000, 0x0000000710500000|  0%| F|  |TAMS 0x0000000710400000, 0x0000000710400000| Untracked 
| 129|0x0000000710500000, 0x0000000710500000, 0x0000000710600000|  0%| F|  |TAMS 0x0000000710500000, 0x0000000710500000| Untracked 
| 130|0x0000000710600000, 0x0000000710600000, 0x0000000710700000|  0%| F|  |TAMS 0x0000000710600000, 0x0000000710600000| Untracked 
| 131|0x0000000710700000, 0x0000000710700000, 0x0000000710800000|  0%| F|  |TAMS 0x0000000710700000, 0x0000000710700000| Untracked 
| 132|0x0000000710800000, 0x0000000710800000, 0x0000000710900000|  0%| F|  |TAMS 0x0000000710800000, 0x0000000710800000| Untracked 
| 133|0x0000000710900000, 0x0000000710900000, 0x0000000710a00000|  0%| F|  |TAMS 0x0000000710900000, 0x0000000710900000| Untracked 
| 134|0x0000000710a00000, 0x0000000710a00000, 0x0000000710b00000|  0%| F|  |TAMS 0x0000000710a00000, 0x0000000710a00000| Untracked 
| 135|0x0000000710b00000, 0x0000000710b00000, 0x0000000710c00000|  0%| F|  |TAMS 0x0000000710b00000, 0x0000000710b00000| Untracked 
| 136|0x0000000710c00000, 0x0000000710c00000, 0x0000000710d00000|  0%| F|  |TAMS 0x0000000710c00000, 0x0000000710c00000| Untracked 
| 137|0x0000000710d00000, 0x0000000710d00000, 0x0000000710e00000|  0%| F|  |TAMS 0x0000000710d00000, 0x0000000710d00000| Untracked 
| 138|0x0000000710e00000, 0x0000000710e00000, 0x0000000710f00000|  0%| F|  |TAMS 0x0000000710e00000, 0x0000000710e00000| Untracked 
| 139|0x0000000710f00000, 0x0000000710f00000, 0x0000000711000000|  0%| F|  |TAMS 0x0000000710f00000, 0x0000000710f00000| Untracked 
| 140|0x0000000711000000, 0x0000000711000000, 0x0000000711100000|  0%| F|  |TAMS 0x0000000711000000, 0x0000000711000000| Untracked 
| 141|0x0000000711100000, 0x0000000711100000, 0x0000000711200000|  0%| F|  |TAMS 0x0000000711100000, 0x0000000711100000| Untracked 
| 142|0x0000000711200000, 0x0000000711200000, 0x0000000711300000|  0%| F|  |TAMS 0x0000000711200000, 0x0000000711200000| Untracked 
| 143|0x0000000711300000, 0x0000000711300000, 0x0000000711400000|  0%| F|  |TAMS 0x0000000711300000, 0x0000000711300000| Untracked 
| 144|0x0000000711400000, 0x0000000711400000, 0x0000000711500000|  0%| F|  |TAMS 0x0000000711400000, 0x0000000711400000| Untracked 
| 145|0x0000000711500000, 0x0000000711500000, 0x0000000711600000|  0%| F|  |TAMS 0x0000000711500000, 0x0000000711500000| Untracked 
| 146|0x0000000711600000, 0x0000000711600000, 0x0000000711700000|  0%| F|  |TAMS 0x0000000711600000, 0x0000000711600000| Untracked 
| 147|0x0000000711700000, 0x0000000711700000, 0x0000000711800000|  0%| F|  |TAMS 0x0000000711700000, 0x0000000711700000| Untracked 
| 148|0x0000000711800000, 0x0000000711800000, 0x0000000711900000|  0%| F|  |TAMS 0x0000000711800000, 0x0000000711800000| Untracked 
| 149|0x0000000711900000, 0x0000000711900000, 0x0000000711a00000|  0%| F|  |TAMS 0x0000000711900000, 0x0000000711900000| Untracked 
| 150|0x0000000711a00000, 0x0000000711a00000, 0x0000000711b00000|  0%| F|  |TAMS 0x0000000711a00000, 0x0000000711a00000| Untracked 
| 151|0x0000000711b00000, 0x0000000711b00000, 0x0000000711c00000|  0%| F|  |TAMS 0x0000000711b00000, 0x0000000711b00000| Untracked 
| 152|0x0000000711c00000, 0x0000000711c00000, 0x0000000711d00000|  0%| F|  |TAMS 0x0000000711c00000, 0x0000000711c00000| Untracked 
| 153|0x0000000711d00000, 0x0000000711d00000, 0x0000000711e00000|  0%| F|  |TAMS 0x0000000711d00000, 0x0000000711d00000| Untracked 
| 154|0x0000000711e00000, 0x0000000711e187d8, 0x0000000711f00000|  9%| S|  |TAMS 0x0000000711e00000, 0x0000000711e00000| Complete 
| 155|0x0000000711f00000, 0x0000000712000000, 0x0000000712000000|100%| S|  |TAMS 0x0000000711f00000, 0x0000000711f00000| Complete 
| 156|0x0000000712000000, 0x0000000712100000, 0x0000000712100000|100%| S|  |TAMS 0x0000000712000000, 0x0000000712000000| Complete 
| 157|0x0000000712100000, 0x0000000712200000, 0x0000000712200000|100%| S|  |TAMS 0x0000000712100000, 0x0000000712100000| Complete 
| 158|0x0000000712200000, 0x0000000712300000, 0x0000000712300000|100%| S|  |TAMS 0x0000000712200000, 0x0000000712200000| Complete 
| 159|0x0000000712300000, 0x0000000712400000, 0x0000000712400000|100%| S|  |TAMS 0x0000000712300000, 0x0000000712300000| Complete 
| 160|0x0000000712400000, 0x0000000712500000, 0x0000000712500000|100%| S|  |TAMS 0x0000000712400000, 0x0000000712400000| Complete 
| 161|0x0000000712500000, 0x0000000712580800, 0x0000000712600000| 50%| E|CS|TAMS 0x0000000712500000, 0x0000000712580800| Complete 
| 162|0x0000000712600000, 0x0000000712700000, 0x0000000712700000|100%| E|CS|TAMS 0x0000000712600000, 0x0000000712700000| Complete 
| 163|0x0000000712700000, 0x0000000712800000, 0x0000000712800000|100%| E|CS|TAMS 0x0000000712700000, 0x0000000712800000| Complete 
| 164|0x0000000712800000, 0x0000000712900000, 0x0000000712900000|100%| E|CS|TAMS 0x0000000712800000, 0x0000000712900000| Complete 
| 165|0x0000000712900000, 0x0000000712a00000, 0x0000000712a00000|100%| E|CS|TAMS 0x0000000712900000, 0x0000000712a00000| Complete 
| 166|0x0000000712a00000, 0x0000000712b00000, 0x0000000712b00000|100%| E|CS|TAMS 0x0000000712a00000, 0x0000000712b00000| Complete 
| 167|0x0000000712b00000, 0x0000000712c00000, 0x0000000712c00000|100%| E|CS|TAMS 0x0000000712b00000, 0x0000000712c00000| Complete 
| 168|0x0000000712c00000, 0x0000000712d00000, 0x0000000712d00000|100%| E|CS|TAMS 0x0000000712c00000, 0x0000000712d00000| Complete 
| 169|0x0000000712d00000, 0x0000000712e00000, 0x0000000712e00000|100%| E|CS|TAMS 0x0000000712d00000, 0x0000000712e00000| Complete 
| 170|0x0000000712e00000, 0x0000000712f00000, 0x0000000712f00000|100%| E|CS|TAMS 0x0000000712e00000, 0x0000000712f00000| Complete 
| 171|0x0000000712f00000, 0x0000000713000000, 0x0000000713000000|100%| E|CS|TAMS 0x0000000712f00000, 0x0000000713000000| Complete 
| 172|0x0000000713000000, 0x0000000713100000, 0x0000000713100000|100%| E|CS|TAMS 0x0000000713000000, 0x0000000713100000| Complete 
| 173|0x0000000713100000, 0x0000000713200000, 0x0000000713200000|100%| E|CS|TAMS 0x0000000713100000, 0x0000000713200000| Complete 
| 174|0x0000000713200000, 0x0000000713300000, 0x0000000713300000|100%| E|CS|TAMS 0x0000000713200000, 0x0000000713300000| Complete 
| 175|0x0000000713300000, 0x0000000713400000, 0x0000000713400000|100%| E|CS|TAMS 0x0000000713300000, 0x0000000713400000| Complete 
| 176|0x0000000713400000, 0x0000000713500000, 0x0000000713500000|100%| E|CS|TAMS 0x0000000713400000, 0x0000000713500000| Complete 
| 177|0x0000000713500000, 0x0000000713562640, 0x0000000713600000| 38%| E|CS|TAMS 0x0000000713500000, 0x0000000713562640| Complete 
| 178|0x0000000713600000, 0x0000000713700000, 0x0000000713700000|100%| E|CS|TAMS 0x0000000713600000, 0x0000000713700000| Complete 
| 179|0x0000000713700000, 0x0000000713800000, 0x0000000713800000|100%| E|CS|TAMS 0x0000000713700000, 0x0000000713800000| Complete 
| 180|0x0000000713800000, 0x0000000713900000, 0x0000000713900000|100%| E|CS|TAMS 0x0000000713800000, 0x0000000713900000| Complete 
| 181|0x0000000713900000, 0x0000000713a00000, 0x0000000713a00000|100%| E|CS|TAMS 0x0000000713900000, 0x0000000713a00000| Complete 
| 182|0x0000000713a00000, 0x0000000713b00000, 0x0000000713b00000|100%| E|CS|TAMS 0x0000000713a00000, 0x0000000713b00000| Complete 
| 183|0x0000000713b00000, 0x0000000713c00000, 0x0000000713c00000|100%| E|CS|TAMS 0x0000000713b00000, 0x0000000713c00000| Complete 
| 184|0x0000000713c00000, 0x0000000713d00000, 0x0000000713d00000|100%| E|CS|TAMS 0x0000000713c00000, 0x0000000713d00000| Complete 
| 185|0x0000000713d00000, 0x0000000713e00000, 0x0000000713e00000|100%| E|CS|TAMS 0x0000000713d00000, 0x0000000713e00000| Complete 
| 186|0x0000000713e00000, 0x0000000713f00000, 0x0000000713f00000|100%| E|CS|TAMS 0x0000000713e00000, 0x0000000713f00000| Complete 
| 187|0x0000000713f00000, 0x0000000714000000, 0x0000000714000000|100%| E|CS|TAMS 0x0000000713f00000, 0x0000000714000000| Complete 
| 188|0x0000000714000000, 0x0000000714100000, 0x0000000714100000|100%| E|CS|TAMS 0x0000000714000000, 0x0000000714100000| Complete 
| 189|0x0000000714100000, 0x0000000714200000, 0x0000000714200000|100%| E|CS|TAMS 0x0000000714100000, 0x0000000714200000| Complete 
| 190|0x0000000714200000, 0x0000000714300000, 0x0000000714300000|100%| E|CS|TAMS 0x0000000714200000, 0x0000000714300000| Complete 
| 191|0x0000000714300000, 0x0000000714400000, 0x0000000714400000|100%| E|CS|TAMS 0x0000000714300000, 0x0000000714400000| Complete 
| 192|0x0000000714400000, 0x0000000714500000, 0x0000000714500000|100%| E|CS|TAMS 0x0000000714400000, 0x0000000714500000| Complete 
| 193|0x0000000714500000, 0x0000000714600000, 0x0000000714600000|100%| E|CS|TAMS 0x0000000714500000, 0x0000000714600000| Complete 
| 194|0x0000000714600000, 0x0000000714700000, 0x0000000714700000|100%| E|CS|TAMS 0x0000000714600000, 0x0000000714700000| Complete 
| 195|0x0000000714700000, 0x0000000714800000, 0x0000000714800000|100%| E|CS|TAMS 0x0000000714700000, 0x0000000714800000| Complete 
| 196|0x0000000714800000, 0x0000000714900000, 0x0000000714900000|100%| E|CS|TAMS 0x0000000714800000, 0x0000000714900000| Complete 
| 197|0x0000000714900000, 0x0000000714a00000, 0x0000000714a00000|100%| E|CS|TAMS 0x0000000714900000, 0x0000000714a00000| Complete 
| 198|0x0000000714a00000, 0x0000000714b00000, 0x0000000714b00000|100%| E|CS|TAMS 0x0000000714a00000, 0x0000000714b00000| Complete 
| 199|0x0000000714b00000, 0x0000000714c00000, 0x0000000714c00000|100%| E|CS|TAMS 0x0000000714b00000, 0x0000000714c00000| Complete 
| 200|0x0000000714c00000, 0x0000000714d00000, 0x0000000714d00000|100%| E|CS|TAMS 0x0000000714c00000, 0x0000000714d00000| Complete 
| 201|0x0000000714d00000, 0x0000000714e00000, 0x0000000714e00000|100%| E|CS|TAMS 0x0000000714d00000, 0x0000000714e00000| Complete 
| 202|0x0000000714e00000, 0x0000000714f00000, 0x0000000714f00000|100%| E|CS|TAMS 0x0000000714e00000, 0x0000000714f00000| Complete 
| 203|0x0000000714f00000, 0x0000000715000000, 0x0000000715000000|100%| E|CS|TAMS 0x0000000714f00000, 0x0000000715000000| Complete 
| 204|0x0000000715000000, 0x0000000715100000, 0x0000000715100000|100%| E|CS|TAMS 0x0000000715000000, 0x0000000715100000| Complete 
| 205|0x0000000715100000, 0x0000000715200000, 0x0000000715200000|100%| E|CS|TAMS 0x0000000715100000, 0x0000000715200000| Complete 
| 206|0x0000000715200000, 0x0000000715300000, 0x0000000715300000|100%| E|CS|TAMS 0x0000000715200000, 0x0000000715300000| Complete 
| 207|0x0000000715300000, 0x0000000715400000, 0x0000000715400000|100%| E|CS|TAMS 0x0000000715300000, 0x0000000715400000| Complete 
| 208|0x0000000715400000, 0x0000000715500000, 0x0000000715500000|100%| E|CS|TAMS 0x0000000715400000, 0x0000000715500000| Complete 
| 209|0x0000000715500000, 0x0000000715600000, 0x0000000715600000|100%| E|CS|TAMS 0x0000000715500000, 0x0000000715600000| Complete 
| 210|0x0000000715600000, 0x0000000715700000, 0x0000000715700000|100%| E|CS|TAMS 0x0000000715600000, 0x0000000715700000| Complete 
| 211|0x0000000715700000, 0x0000000715800000, 0x0000000715800000|100%| E|CS|TAMS 0x0000000715700000, 0x0000000715800000| Complete 
| 212|0x0000000715800000, 0x0000000715900000, 0x0000000715900000|100%| E|CS|TAMS 0x0000000715800000, 0x0000000715900000| Complete 
| 213|0x0000000715900000, 0x0000000715a00000, 0x0000000715a00000|100%| E|CS|TAMS 0x0000000715900000, 0x0000000715a00000| Complete 
| 214|0x0000000715a00000, 0x0000000715b00000, 0x0000000715b00000|100%| E|CS|TAMS 0x0000000715a00000, 0x0000000715b00000| Complete 
| 215|0x0000000715b00000, 0x0000000715c00000, 0x0000000715c00000|100%| E|CS|TAMS 0x0000000715b00000, 0x0000000715c00000| Complete 
| 216|0x0000000715c00000, 0x0000000715d00000, 0x0000000715d00000|100%| E|CS|TAMS 0x0000000715c00000, 0x0000000715d00000| Complete 
| 217|0x0000000715d00000, 0x0000000715e00000, 0x0000000715e00000|100%| E|CS|TAMS 0x0000000715d00000, 0x0000000715e00000| Complete 
| 218|0x0000000715e00000, 0x0000000715f00000, 0x0000000715f00000|100%| E|CS|TAMS 0x0000000715e00000, 0x0000000715f00000| Complete 
| 219|0x0000000715f00000, 0x0000000716000000, 0x0000000716000000|100%| E|CS|TAMS 0x0000000715f00000, 0x0000000716000000| Complete 
| 220|0x0000000716000000, 0x0000000716100000, 0x0000000716100000|100%| E|CS|TAMS 0x0000000716000000, 0x0000000716100000| Complete 
| 221|0x0000000716100000, 0x0000000716200000, 0x0000000716200000|100%| E|CS|TAMS 0x0000000716100000, 0x0000000716200000| Complete 
| 222|0x0000000716200000, 0x0000000716300000, 0x0000000716300000|100%| E|CS|TAMS 0x0000000716200000, 0x0000000716300000| Complete 
| 223|0x0000000716300000, 0x0000000716400000, 0x0000000716400000|100%| E|CS|TAMS 0x0000000716300000, 0x0000000716400000| Complete 
| 224|0x0000000716400000, 0x0000000716500000, 0x0000000716500000|100%| E|CS|TAMS 0x0000000716400000, 0x0000000716500000| Complete 
| 225|0x0000000716500000, 0x0000000716600000, 0x0000000716600000|100%| E|CS|TAMS 0x0000000716500000, 0x0000000716600000| Complete 
| 226|0x0000000716600000, 0x0000000716700000, 0x0000000716700000|100%| E|CS|TAMS 0x0000000716600000, 0x0000000716700000| Complete 
| 227|0x0000000716700000, 0x0000000716800000, 0x0000000716800000|100%| E|CS|TAMS 0x0000000716700000, 0x0000000716800000| Complete 
| 228|0x0000000716800000, 0x0000000716900000, 0x0000000716900000|100%| E|CS|TAMS 0x0000000716800000, 0x0000000716900000| Complete 
| 229|0x0000000716900000, 0x0000000716a00000, 0x0000000716a00000|100%| E|CS|TAMS 0x0000000716900000, 0x0000000716a00000| Complete 
| 230|0x0000000716a00000, 0x0000000716b00000, 0x0000000716b00000|100%| E|CS|TAMS 0x0000000716a00000, 0x0000000716b00000| Complete 
| 231|0x0000000716b00000, 0x0000000716c00000, 0x0000000716c00000|100%| E|CS|TAMS 0x0000000716b00000, 0x0000000716c00000| Complete 
| 232|0x0000000716c00000, 0x0000000716d00000, 0x0000000716d00000|100%| E|CS|TAMS 0x0000000716c00000, 0x0000000716d00000| Complete 
| 233|0x0000000716d00000, 0x0000000716e00000, 0x0000000716e00000|100%| E|CS|TAMS 0x0000000716d00000, 0x0000000716e00000| Complete 
| 234|0x0000000716e00000, 0x0000000716f00000, 0x0000000716f00000|100%| E|CS|TAMS 0x0000000716e00000, 0x0000000716f00000| Complete 
| 235|0x0000000716f00000, 0x0000000717000000, 0x0000000717000000|100%| E|CS|TAMS 0x0000000716f00000, 0x0000000717000000| Complete 
| 236|0x0000000717000000, 0x0000000717100000, 0x0000000717100000|100%| E|CS|TAMS 0x0000000717000000, 0x0000000717100000| Complete 
| 237|0x0000000717100000, 0x0000000717200000, 0x0000000717200000|100%| E|CS|TAMS 0x0000000717100000, 0x0000000717200000| Complete 
| 238|0x0000000717200000, 0x0000000717300000, 0x0000000717300000|100%| E|CS|TAMS 0x0000000717200000, 0x0000000717300000| Complete 
| 239|0x0000000717300000, 0x0000000717400000, 0x0000000717400000|100%| E|CS|TAMS 0x0000000717300000, 0x0000000717400000| Complete 
| 240|0x0000000717400000, 0x0000000717500000, 0x0000000717500000|100%| E|CS|TAMS 0x0000000717400000, 0x0000000717500000| Complete 
| 241|0x0000000717500000, 0x0000000717600000, 0x0000000717600000|100%| E|CS|TAMS 0x0000000717500000, 0x0000000717600000| Complete 
| 242|0x0000000717600000, 0x0000000717700000, 0x0000000717700000|100%| E|CS|TAMS 0x0000000717600000, 0x0000000717700000| Complete 
| 243|0x0000000717700000, 0x0000000717800000, 0x0000000717800000|100%| E|CS|TAMS 0x0000000717700000, 0x0000000717800000| Complete 
| 244|0x0000000717800000, 0x0000000717900000, 0x0000000717900000|100%| E|CS|TAMS 0x0000000717800000, 0x0000000717900000| Complete 
| 245|0x0000000717900000, 0x0000000717a00000, 0x0000000717a00000|100%| E|CS|TAMS 0x0000000717900000, 0x0000000717a00000| Complete 
| 246|0x0000000717a00000, 0x0000000717b00000, 0x0000000717b00000|100%| E|CS|TAMS 0x0000000717a00000, 0x0000000717b00000| Complete 
| 247|0x0000000717b00000, 0x0000000717c00000, 0x0000000717c00000|100%| E|CS|TAMS 0x0000000717b00000, 0x0000000717c00000| Complete 
|2938|0x00000007bfe00000, 0x00000007bfe47000, 0x00000007bff00000| 27%|OA|  |TAMS 0x00000007bfe47000, 0x00000007bfe47000| Untracked 
|2939|0x00000007bff00000, 0x00000007bff6b000, 0x00000007c0000000| 41%|CA|  |TAMS 0x00000007bff6b000, 0x00000007bff6b000| Untracked 

Card table byte_map: [0x00007f95e3842000,0x00007f95e4000000] _byte_map_base: 0x00007f95e0000000

Marking Bits (Prev, Next): (CMBitMap*) 0x00007f960007da80, (CMBitMap*) 0x00007f960007da48
 Prev Bits: [0x00007f95db4a4000, 0x00007f95df294000)
 Next Bits: [0x00007f95df294000, 0x00007f95e3084000)

Polling page: 0x00007f9604fd1000

Metaspace:

Usage:
  Non-class:     29,93 MB capacity,    29,24 MB ( 98%) used,   563,47 KB (  2%) free+waste,   147,81 KB ( <1%) overhead. 
      Class:      5,06 MB capacity,     4,52 MB ( 89%) used,   483,34 KB (  9%) free+waste,    74,44 KB (  1%) overhead. 
       Both:     34,99 MB capacity,    33,75 MB ( 96%) used,     1,02 MB (  3%) free+waste,   222,25 KB ( <1%) overhead. 

Virtual space:
  Non-class space:       30,00 MB reserved,      30,00 MB (>99%) committed 
      Class space:        1,00 GB reserved,       5,12 MB ( <1%) committed 
             Both:        1,03 GB reserved,      35,12 MB (  3%) committed 

Chunk freelists:
   Non-Class:  31,00 KB
       Class:  1,00 KB
        Both:  32,00 KB

MaxMetaspaceSize: unlimited
CompressedClassSpaceSize: 1,00 GB

CodeHeap 'non-profiled nmethods': size=120032Kb used=1799Kb max_used=1799Kb free=118232Kb
 bounds [0x00007f95f0340000, 0x00007f95f05b0000, 0x00007f95f7878000]
CodeHeap 'profiled nmethods': size=120028Kb used=8639Kb max_used=8639Kb free=111388Kb
 bounds [0x00007f95e8e09000, 0x00007f95e9679000, 0x00007f95f0340000]
CodeHeap 'non-nmethods': size=5700Kb used=1151Kb max_used=1223Kb free=4549Kb
 bounds [0x00007f95e8878000, 0x00007f95e8ae8000, 0x00007f95e8e09000]
 total_blobs=4156 nmethods=3661 adapters=407
 compilation: enabled
              stopped_count=0, restarted_count=0
 full_count=0

Compilation events (20 events):
Event: 2,060 Thread 0x00007f960024d000 3664       3       java.lang.reflect.ProxyGenerator$ProxyMethod::codeUnwrapReturnValue (213 bytes)
Event: 2,061 Thread 0x00007f960024d000 nmethod 3664 0x00007f95e966d210 code [0x00007f95e966d820, 0x00007f95e9670d80]
Event: 2,061 Thread 0x00007f960024d000 3660       3       java.lang.reflect.ProxyGenerator::getMethodDescriptor (37 bytes)
Event: 2,062 Thread 0x00007f960024d000 nmethod 3660 0x00007f95e9671f90 code [0x00007f95e9672200, 0x00007f95e9672a20]
Event: 2,066 Thread 0x00007f960024b000 nmethod 3666 0x00007f95f04ffe90 code [0x00007f95f0500040, 0x00007f95f0500b38]
Event: 2,066 Thread 0x00007f960024b000 3669       4       jdk.internal.misc.VM::isModuleSystemInited (13 bytes)
Event: 2,066 Thread 0x00007f960024b000 nmethod 3669 0x00007f95f0500e10 code [0x00007f95f0500fa0, 0x00007f95f0501018]
Event: 2,066 Thread 0x00007f960024b000 3667   !   4       jdk.internal.ref.PhantomCleanable::insert (53 bytes)
Event: 2,070 Thread 0x00007f960024b000 nmethod 3667 0x00007f95f0501090 code [0x00007f95f0501220, 0x00007f95f05017d8]
Event: 2,070 Thread 0x00007f960024b000 3668       4       java.util.ArrayDeque::pollFirst (36 bytes)
Event: 2,071 Thread 0x00007f960024b000 nmethod 3668 0x00007f95f0501910 code [0x00007f95f0501aa0, 0x00007f95f0501bb8]
Event: 2,081 Thread 0x00007f960024b000 3670       4       sun.net.util.URLUtil::urlNoFragString (114 bytes)
Event: 2,084 Thread 0x00007f960024d000 3671       3       java.util.concurrent.ConcurrentHashMap::<init> (5 bytes)
Event: 2,084 Thread 0x00007f960024d000 nmethod 3671 0x00007f95e9672d10 code [0x00007f95e9672ec0, 0x00007f95e9673090]
Event: 2,093 Thread 0x00007f960024d000 3673   !   3       java.util.concurrent.ConcurrentHashMap::transfer (828 bytes)
Event: 2,095 Thread 0x00007f960024d000 nmethod 3673 0x00007f95e9673190 code [0x00007f95e9673620, 0x00007f95e9676b10]
Event: 2,101 Thread 0x00007f960024d000 3674       3       java.util.regex.Matcher::start (22 bytes)
Event: 2,102 Thread 0x00007f960024d000 nmethod 3674 0x00007f95e9678410 code [0x00007f95e96785e0, 0x00007f95e9678800]
Event: 2,113 Thread 0x00007f960024d000 3675       3       java.util.Objects::hash (5 bytes)
Event: 2,113 Thread 0x00007f960024d000 nmethod 3675 0x00007f95e9678910 code [0x00007f95e9678ac0, 0x00007f95e9678bc0]

GC Heap History (9 events):
Event: 0,284 GC heap before
{Heap before GC invocations=0 (full 0):
 garbage-first heap   total 256000K, used 25288K [0x0000000708400000, 0x0000000800000000)
  region size 1024K, 24 young (24576K), 0 survivors (0K)
 Metaspace       used 4152K, capacity 6350K, committed 6656K, reserved 1056768K
  class space    used 479K, capacity 705K, committed 768K, reserved 1048576K
}
Event: 0,291 GC heap after
{Heap after GC invocations=1 (full 0):
 garbage-first heap   total 256000K, used 7739K [0x0000000708400000, 0x0000000800000000)
  region size 1024K, 3 young (3072K), 3 survivors (3072K)
 Metaspace       used 4152K, capacity 6350K, committed 6656K, reserved 1056768K
  class space    used 479K, capacity 705K, committed 768K, reserved 1048576K
}
Event: 1,088 GC heap before
{Heap before GC invocations=1 (full 0):
 garbage-first heap   total 256000K, used 155195K [0x0000000708400000, 0x0000000800000000)
  region size 1024K, 148 young (151552K), 3 survivors (3072K)
 Metaspace       used 19686K, capacity 20562K, committed 20736K, reserved 1067008K
  class space    used 2657K, capacity 3010K, committed 3072K, reserved 1048576K
}
Event: 1,095 GC heap after
{Heap after GC invocations=2 (full 0):
 garbage-first heap   total 256000K, used 12642K [0x0000000708400000, 0x0000000800000000)
  region size 1024K, 8 young (8192K), 8 survivors (8192K)
 Metaspace       used 19686K, capacity 20562K, committed 20736K, reserved 1067008K
  class space    used 2657K, capacity 3010K, committed 3072K, reserved 1048576K
}
Event: 1,109 GC heap before
{Heap before GC invocations=2 (full 0):
 garbage-first heap   total 256000K, used 23906K [0x0000000708400000, 0x0000000800000000)
  region size 1024K, 21 young (21504K), 8 survivors (8192K)
 Metaspace       used 20232K, capacity 21108K, committed 21248K, reserved 1067008K
  class space    used 2700K, capacity 3043K, committed 3072K, reserved 1048576K
}
Event: 1,119 GC heap after
{Heap after GC invocations=3 (full 0):
 garbage-first heap   total 256000K, used 13155K [0x0000000708400000, 0x0000000800000000)
  region size 1024K, 9 young (9216K), 9 survivors (9216K)
 Metaspace       used 20232K, capacity 21108K, committed 21248K, reserved 1067008K
  class space    used 2700K, capacity 3043K, committed 3072K, reserved 1048576K
}
Event: 1,407 GC heap before
{Heap before GC invocations=4 (full 0):
 garbage-first heap   total 256000K, used 73571K [0x0000000708400000, 0x0000000800000000)
  region size 1024K, 68 young (69632K), 9 survivors (9216K)
 Metaspace       used 25768K, capacity 26787K, committed 27132K, reserved 1073152K
  class space    used 3365K, capacity 3759K, committed 3840K, reserved 1048576K
}
Event: 1,414 GC heap after
{Heap after GC invocations=5 (full 0):
 garbage-first heap   total 256000K, used 14416K [0x0000000708400000, 0x0000000800000000)
  region size 1024K, 3 young (3072K), 3 survivors (3072K)
 Metaspace       used 25768K, capacity 26787K, committed 27132K, reserved 1073152K
  class space    used 3365K, capacity 3759K, committed 3840K, reserved 1048576K
}
Event: 2,119 GC heap before
{Heap before GC invocations=5 (full 0):
 garbage-first heap   total 256000K, used 99408K [0x0000000708400000, 0x0000000800000000)
  region size 1024K, 87 young (89088K), 3 survivors (3072K)
 Metaspace       used 34562K, capacity 35832K, committed 35964K, reserved 1079296K
  class space    used 4625K, capacity 5183K, committed 5248K, reserved 1048576K
}

Deoptimization events (20 events):
Event: 1,848 Thread 0x00007f9600017800 Uncommon trap: trap_request=0xffffffde fr.pc=0x00007f95f04b57a0 relative=0x0000000000000260
Event: 1,848 Thread 0x00007f9600017800 Uncommon trap: reason=class_check action=maybe_recompile pc=0x00007f95f04b57a0 method=sun.reflect.generics.reflectiveObjects.TypeVariableImpl.hashCode()I @ 4 c2
Event: 1,848 Thread 0x00007f9600017800 DEOPT PACKING pc=0x00007f95f04b57a0 sp=0x00007f96051070b0
Event: 1,848 Thread 0x00007f9600017800 DEOPT UNPACKING pc=0x00007f95e889d9a5 sp=0x00007f9605107068 mode 2
Event: 1,850 Thread 0x00007f9600017800 Uncommon trap: trap_request=0xffffffde fr.pc=0x00007f95f04b57a0 relative=0x0000000000000260
Event: 1,850 Thread 0x00007f9600017800 Uncommon trap: reason=class_check action=maybe_recompile pc=0x00007f95f04b57a0 method=sun.reflect.generics.reflectiveObjects.TypeVariableImpl.hashCode()I @ 4 c2
Event: 1,850 Thread 0x00007f9600017800 DEOPT PACKING pc=0x00007f95f04b57a0 sp=0x00007f9605106f30
Event: 1,850 Thread 0x00007f9600017800 DEOPT UNPACKING pc=0x00007f95e889d9a5 sp=0x00007f9605106ee8 mode 2
Event: 1,853 Thread 0x00007f9600017800 DEOPT PACKING pc=0x00007f95e9135ee9 sp=0x00007f9605106900
Event: 1,853 Thread 0x00007f9600017800 DEOPT UNPACKING pc=0x00007f95e889e14a sp=0x00007f9605105db0 mode 0
Event: 1,856 Thread 0x00007f9600017800 DEOPT PACKING pc=0x00007f95e9135ee9 sp=0x00007f9605106a40
Event: 1,856 Thread 0x00007f9600017800 DEOPT UNPACKING pc=0x00007f95e889e14a sp=0x00007f9605105ef0 mode 0
Event: 1,859 Thread 0x00007f9600017800 DEOPT PACKING pc=0x00007f95e9135ee9 sp=0x00007f9605106900
Event: 1,859 Thread 0x00007f9600017800 DEOPT UNPACKING pc=0x00007f95e889e14a sp=0x00007f9605105db0 mode 0
Event: 1,875 Thread 0x00007f9600017800 DEOPT PACKING pc=0x00007f95e9135ee9 sp=0x00007f9605106300
Event: 1,875 Thread 0x00007f9600017800 DEOPT UNPACKING pc=0x00007f95e889e14a sp=0x00007f96051057b0 mode 0
Event: 1,903 Thread 0x00007f9600017800 Uncommon trap: trap_request=0xfffffff4 fr.pc=0x00007f95f04a18a0 relative=0x00000000000007c0
Event: 1,903 Thread 0x00007f9600017800 Uncommon trap: reason=null_check action=make_not_entrant pc=0x00007f95f04a18a0 method=org.springframework.beans.factory.support.DefaultListableBeanFactory.getBeanDefinition(Ljava/lang/String;)Lorg/springframework/beans/factory/config/BeanDefinition; @ 10 
Event: 1,903 Thread 0x00007f9600017800 DEOPT PACKING pc=0x00007f95f04a18a0 sp=0x00007f9605107b80
Event: 1,903 Thread 0x00007f9600017800 DEOPT UNPACKING pc=0x00007f95e889d9a5 sp=0x00007f9605107ad8 mode 2

Classes redefined (0 events):
No events

Internal exceptions (20 events):
Event: 1,899 Thread 0x00007f9600017800 Exception <a 'java/lang/ClassNotFoundException'{0x00000007140e3cd8}: org/springframework/boot/orm/jpa/EntityManagerFactoryBuilderCustomizer> (0x00000007140e3cd8) thrown at [src/hotspot/share/classfile/systemDictionary.cpp, line 231]
Event: 1,903 Thread 0x00007f9600017800 Implicit null exception at 0x00007f95f04a14ff to 0x00007f95f04a1890
Event: 1,907 Thread 0x00007f9600017800 Exception <a 'java/lang/ClassNotFoundException'{0x0000000713fdc728}: java/lang/ObjectCustomizer> (0x0000000713fdc728) thrown at [src/hotspot/share/classfile/systemDictionary.cpp, line 231]
Event: 1,908 Thread 0x00007f9600017800 Exception <a 'java/lang/ClassNotFoundException'{0x0000000713ff5ce0}: org/springframework/orm/jpa/AbstractEntityManagerFactoryBeanCustomizer> (0x0000000713ff5ce0) thrown at [src/hotspot/share/classfile/systemDictionary.cpp, line 231]
Event: 1,909 Thread 0x00007f9600017800 Exception <a 'java/lang/ClassNotFoundException'{0x0000000713e2ef60}: org/springframework/orm/jpa/LocalContainerEntityManagerFactoryBeanCustomizer> (0x0000000713e2ef60) thrown at [src/hotspot/share/classfile/systemDictionary.cpp, line 231]
Event: 1,910 Thread 0x00007f9600017800 Exception <a 'java/lang/ClassNotFoundException'{0x0000000713e834a8}: org/springframework/context/ResourceLoaderAwareCustomizer> (0x0000000713e834a8) thrown at [src/hotspot/share/classfile/systemDictionary.cpp, line 231]
Event: 1,910 Thread 0x00007f9600017800 Exception <a 'java/lang/ClassNotFoundException'{0x0000000713e96918}: org/springframework/beans/factory/AwareCustomizer> (0x0000000713e96918) thrown at [src/hotspot/share/classfile/systemDictionary.cpp, line 231]
Event: 1,911 Thread 0x00007f9600017800 Exception <a 'java/lang/ClassNotFoundException'{0x0000000713eaba50}: org/springframework/context/weaving/LoadTimeWeaverAwareCustomizer> (0x0000000713eaba50) thrown at [src/hotspot/share/classfile/systemDictionary.cpp, line 231]
Event: 1,911 Thread 0x00007f9600017800 Exception <a 'java/lang/ClassNotFoundException'{0x0000000713ebf3b8}: org/springframework/beans/factory/AwareCustomizer> (0x0000000713ebf3b8) thrown at [src/hotspot/share/classfile/systemDictionary.cpp, line 231]
Event: 1,911 Thread 0x00007f9600017800 Exception <a 'java/lang/ClassNotFoundException'{0x0000000713ed3010}: org/springframework/beans/factory/FactoryBeanCustomizer> (0x0000000713ed3010) thrown at [src/hotspot/share/classfile/systemDictionary.cpp, line 231]
Event: 1,912 Thread 0x00007f9600017800 Exception <a 'java/lang/ClassNotFoundException'{0x0000000713eec100}: org/springframework/beans/factory/BeanClassLoaderAwareCustomizer> (0x0000000713eec100) thrown at [src/hotspot/share/classfile/systemDictionary.cpp, line 231]
Event: 1,912 Thread 0x00007f9600017800 Exception <a 'java/lang/ClassNotFoundException'{0x0000000713eff5c8}: org/springframework/beans/factory/AwareCustomizer> (0x0000000713eff5c8) thrown at [src/hotspot/share/classfile/systemDictionary.cpp, line 231]
Event: 1,912 Thread 0x00007f9600017800 Exception <a 'java/lang/ClassNotFoundException'{0x0000000713d14390}: org/springframework/beans/factory/BeanFactoryAwareCustomizer> (0x0000000713d14390) thrown at [src/hotspot/share/classfile/systemDictionary.cpp, line 231]
Event: 1,912 Thread 0x00007f9600017800 Exception <a 'java/lang/ClassNotFoundException'{0x0000000713d27d58}: org/springframework/beans/factory/AwareCustomizer> (0x0000000713d27d58) thrown at [src/hotspot/share/classfile/systemDictionary.cpp, line 231]
Event: 1,912 Thread 0x00007f9600017800 Exception <a 'java/lang/ClassNotFoundException'{0x0000000713d3b940}: org/springframework/beans/factory/BeanNameAwareCustomizer> (0x0000000713d3b940) thrown at [src/hotspot/share/classfile/systemDictionary.cpp, line 231]
Event: 1,913 Thread 0x00007f9600017800 Exception <a 'java/lang/ClassNotFoundException'{0x0000000713d4f1c8}: org/springframework/beans/factory/AwareCustomizer> (0x0000000713d4f1c8) thrown at [src/hotspot/share/classfile/systemDictionary.cpp, line 231]
Event: 1,913 Thread 0x00007f9600017800 Exception <a 'java/lang/ClassNotFoundException'{0x0000000713d63a20}: org/springframework/beans/factory/InitializingBeanCustomizer> (0x0000000713d63a20) thrown at [src/hotspot/share/classfile/systemDictionary.cpp, line 231]
Event: 1,913 Thread 0x00007f9600017800 Exception <a 'java/lang/ClassNotFoundException'{0x0000000713d78418}: org/springframework/beans/factory/DisposableBeanCustomizer> (0x0000000713d78418) thrown at [src/hotspot/share/classfile/systemDictionary.cpp, line 231]
Event: 1,913 Thread 0x00007f9600017800 Exception <a 'java/lang/ClassNotFoundException'{0x0000000713d8e290}: org/springframework/orm/jpa/EntityManagerFactoryInfoCustomizer> (0x0000000713d8e290) thrown at [src/hotspot/share/classfile/systemDictionary.cpp, line 231]
Event: 1,914 Thread 0x00007f9600017800 Exception <a 'java/lang/ClassNotFoundException'{0x0000000713daf0a8}: org/springframework/dao/support/PersistenceExceptionTranslatorCustomizer> (0x0000000713daf0a8) thrown at [src/hotspot/share/classfile/systemDictionary.cpp, line 231]

Events (20 events):
Event: 2,118 loading class org/hibernate/type/descriptor/sql/ClobTypeDescriptor$2 done
Event: 2,118 loading class org/hibernate/type/descriptor/sql/ClobTypeDescriptor$3
Event: 2,118 loading class org/hibernate/type/descriptor/sql/ClobTypeDescriptor$3 done
Event: 2,118 loading class org/hibernate/type/descriptor/sql/ClobTypeDescriptor$4
Event: 2,118 loading class org/hibernate/type/descriptor/sql/ClobTypeDescriptor$4 done
Event: 2,118 loading class org/hibernate/type/descriptor/sql/ClobTypeDescriptor$5
Event: 2,118 loading class org/hibernate/type/descriptor/sql/ClobTypeDescriptor$5 done
Event: 2,118 loading class org/hibernate/type/descriptor/sql/ClobTypeDescriptor$2$1
Event: 2,118 loading class org/hibernate/type/descriptor/sql/ClobTypeDescriptor$2$1 done
Event: 2,118 loading class org/hibernate/type/descriptor/sql/ClobTypeDescriptor$3$1
Event: 2,118 loading class org/hibernate/type/descriptor/sql/ClobTypeDescriptor$3$1 done
Event: 2,118 loading class org/hibernate/type/descriptor/sql/ClobTypeDescriptor$4$1
Event: 2,118 loading class org/hibernate/type/descriptor/sql/ClobTypeDescriptor$4$1 done
Event: 2,118 loading class org/hibernate/type/descriptor/sql/ClobTypeDescriptor$5$1
Event: 2,118 loading class org/hibernate/type/descriptor/sql/ClobTypeDescriptor$5$1 done
Event: 2,119 loading class org/hibernate/type/descriptor/sql/NCharTypeDescriptor
Event: 2,119 loading class org/hibernate/type/descriptor/sql/NCharTypeDescriptor done
Event: 2,119 loading class org/hibernate/type/descriptor/sql/NVarcharTypeDescriptor
Event: 2,119 loading class org/hibernate/type/descriptor/sql/NVarcharTypeDescriptor done
Event: 2,119 Executing VM operation: CollectForMetadataAllocation


Dynamic libraries:
708400000-717c00000 rw-p 00000000 00:00 0 
717c00000-7bfe00000 ---p 00000000 00:00 0 
7bfe00000-7bfe47000 rw-p 01111000 103:06 3801302                         /usr/lib/jvm/java-11-openjdk-amd64/lib/server/classes.jsa
7bfe47000-7bff00000 rw-p 00000000 00:00 0 
7bff00000-7bff6b000 rw-p 010a6000 103:06 3801302                         /usr/lib/jvm/java-11-openjdk-amd64/lib/server/classes.jsa
7bff6b000-7c0000000 rw-p 00000000 00:00 0 
7c0000000-800000000 ---p 00000000 00:00 0 
800000000-800002000 rwxp 00001000 103:06 3801302                         /usr/lib/jvm/java-11-openjdk-amd64/lib/server/classes.jsa
800002000-8003b9000 rw-p 00003000 103:06 3801302                         /usr/lib/jvm/java-11-openjdk-amd64/lib/server/classes.jsa
8003b9000-800a96000 r--p 003ba000 103:06 3801302                         /usr/lib/jvm/java-11-openjdk-amd64/lib/server/classes.jsa
800a96000-800a97000 rw-p 00a97000 103:06 3801302                         /usr/lib/jvm/java-11-openjdk-amd64/lib/server/classes.jsa
800a97000-8010a5000 r--p 00a98000 103:06 3801302                         /usr/lib/jvm/java-11-openjdk-amd64/lib/server/classes.jsa
840000000-840520000 rw-p 00000000 00:00 0 
840520000-880000000 ---p 00000000 00:00 0 
55cc299a7000-55cc299a8000 r--p 00000000 103:06 2889003                   /usr/lib/jvm/java-11-openjdk-amd64/bin/java
55cc299a8000-55cc299a9000 r-xp 00001000 103:06 2889003                   /usr/lib/jvm/java-11-openjdk-amd64/bin/java
55cc299a9000-55cc299aa000 r--p 00002000 103:06 2889003                   /usr/lib/jvm/java-11-openjdk-amd64/bin/java
55cc299aa000-55cc299ab000 r--p 00002000 103:06 2889003                   /usr/lib/jvm/java-11-openjdk-amd64/bin/java
55cc299ab000-55cc299ac000 rw-p 00003000 103:06 2889003                   /usr/lib/jvm/java-11-openjdk-amd64/bin/java
55cc2a562000-55cc2a583000 rw-p 00000000 00:00 0                          [heap]
7f9568000000-7f956805a000 rw-p 00000000 00:00 0 
7f956805a000-7f956c000000 ---p 00000000 00:00 0 
7f956c000000-7f956c021000 rw-p 00000000 00:00 0 
7f956c021000-7f9570000000 ---p 00000000 00:00 0 
7f9570000000-7f9570021000 rw-p 00000000 00:00 0 
7f9570021000-7f9574000000 ---p 00000000 00:00 0 
7f9574000000-7f95743b8000 rw-p 00000000 00:00 0 
7f95743b8000-7f9578000000 ---p 00000000 00:00 0 
7f9578000000-7f9578021000 rw-p 00000000 00:00 0 
7f9578021000-7f957c000000 ---p 00000000 00:00 0 
7f957c000000-7f957c021000 rw-p 00000000 00:00 0 
7f957c021000-7f9580000000 ---p 00000000 00:00 0 
7f9580000000-7f9580021000 rw-p 00000000 00:00 0 
7f9580021000-7f9584000000 ---p 00000000 00:00 0 
7f9584000000-7f9584021000 rw-p 00000000 00:00 0 
7f9584021000-7f9588000000 ---p 00000000 00:00 0 
7f9588000000-7f958926e000 rw-p 00000000 00:00 0 
7f958926e000-7f958c000000 ---p 00000000 00:00 0 
7f958c000000-7f958d067000 rw-p 00000000 00:00 0 
7f958d067000-7f9590000000 ---p 00000000 00:00 0 
7f9590000000-7f959002b000 rw-p 00000000 00:00 0 
7f959002b000-7f9594000000 ---p 00000000 00:00 0 
7f9594000000-7f9594021000 rw-p 00000000 00:00 0 
7f9594021000-7f9598000000 ---p 00000000 00:00 0 
7f9598000000-7f9598021000 rw-p 00000000 00:00 0 
7f9598021000-7f959c000000 ---p 00000000 00:00 0 
7f959c000000-7f959c021000 rw-p 00000000 00:00 0 
7f959c021000-7f95a0000000 ---p 00000000 00:00 0 
7f95a0000000-7f95a0021000 rw-p 00000000 00:00 0 
7f95a0021000-7f95a4000000 ---p 00000000 00:00 0 
7f95a4000000-7f95a4021000 rw-p 00000000 00:00 0 
7f95a4021000-7f95a8000000 ---p 00000000 00:00 0 
7f95a8000000-7f95a94a7000 rw-p 00000000 00:00 0 
7f95a94a7000-7f95ac000000 ---p 00000000 00:00 0 
7f95ac000000-7f95ac930000 rw-p 00000000 00:00 0 
7f95ac930000-7f95b0000000 ---p 00000000 00:00 0 
7f95b0000000-7f95b0021000 rw-p 00000000 00:00 0 
7f95b0021000-7f95b4000000 ---p 00000000 00:00 0 
7f95b4000000-7f95b4021000 rw-p 00000000 00:00 0 
7f95b4021000-7f95b8000000 ---p 00000000 00:00 0 
7f95b8000000-7f95b8021000 rw-p 00000000 00:00 0 
7f95b8021000-7f95bc000000 ---p 00000000 00:00 0 
7f95bc000000-7f95bc021000 rw-p 00000000 00:00 0 
7f95bc021000-7f95c0000000 ---p 00000000 00:00 0 
7f95c0000000-7f95c012e000 rw-p 00000000 00:00 0 
7f95c012e000-7f95c4000000 ---p 00000000 00:00 0 
7f95c4000000-7f95c4021000 rw-p 00000000 00:00 0 
7f95c4021000-7f95c8000000 ---p 00000000 00:00 0 
7f95c8ab9000-7f95c8cb9000 rw-p 00000000 00:00 0 
7f95c8cb9000-7f95c8eb9000 rw-p 00000000 00:00 0 
7f95c8eb9000-7f95c90b9000 rw-p 00000000 00:00 0 
7f95c9277000-7f95c9477000 rw-p 00000000 00:00 0 
7f95c9477000-7f95c9677000 rw-p 00000000 00:00 0 
7f95c9677000-7f95c9877000 rw-p 00000000 00:00 0 
7f95c9877000-7f95c9878000 ---p 00000000 00:00 0 
7f95c9878000-7f95c9979000 rw-p 00000000 00:00 0 
7f95c9979000-7f95c997a000 ---p 00000000 00:00 0 
7f95c997a000-7f95c9a7b000 rw-p 00000000 00:00 0 
7f95c9a7b000-7f95c9a7f000 ---p 00000000 00:00 0 
7f95c9a7f000-7f95c9d7b000 rw-p 00000000 00:00 0 
7f95c9d7b000-7f95c9d7c000 ---p 00000000 00:00 0 
7f95c9d7c000-7f95c9f7c000 rw-p 00000000 00:00 0 
7f95c9f7c000-7f95ca17c000 rw-p 00000000 00:00 0 
7f95ca17c000-7f95ca180000 ---p 00000000 00:00 0 
7f95ca180000-7f95ca47d000 rw-p 00000000 00:00 0 
7f95ca47d000-7f95ca67d000 rw-p 00000000 00:00 0 
7f95ca67d000-7f95ca67e000 ---p 00000000 00:00 0 
7f95ca67e000-7f95ca77f000 rw-p 00000000 00:00 0 
7f95ca77f000-7f95ca780000 ---p 00000000 00:00 0 
7f95ca780000-7f95ca881000 rw-p 00000000 00:00 0 
7f95ca881000-7f95ca882000 ---p 00000000 00:00 0 
7f95ca882000-7f95ca983000 rw-p 00000000 00:00 0 
7f95ca983000-7f95ca984000 ---p 00000000 00:00 0 
7f95ca984000-7f95caa85000 rw-p 00000000 00:00 0 
7f95caa85000-7f95caa86000 ---p 00000000 00:00 0 
7f95caa86000-7f95cab87000 rw-p 00000000 00:00 0 
7f95cab87000-7f95cab8b000 ---p 00000000 00:00 0 
7f95cab8b000-7f95cac88000 rw-p 00000000 00:00 0 
7f95cac88000-7f95cac8c000 ---p 00000000 00:00 0 
7f95cac8c000-7f95cad89000 rw-p 00000000 00:00 0 
7f95cad89000-7f95cad8d000 ---p 00000000 00:00 0 
7f95cad8d000-7f95cae8a000 rw-p 00000000 00:00 0 
7f95cae8a000-7f95cae8e000 ---p 00000000 00:00 0 
7f95cae8e000-7f95caf8b000 rw-p 00000000 00:00 0 
7f95caf8b000-7f95caf8f000 ---p 00000000 00:00 0 
7f95caf8f000-7f95cb08c000 rw-p 00000000 00:00 0 
7f95cb08c000-7f95cb08d000 ---p 00000000 00:00 0 
7f95cb08d000-7f95cb18e000 rw-p 00000000 00:00 0 
7f95cb18e000-7f95cb192000 ---p 00000000 00:00 0 
7f95cb192000-7f95cb28f000 rw-p 00000000 00:00 0 
7f95cb28f000-7f95cb800000 r--p 00000000 103:06 2889157                   /usr/lib/locale/locale-archive
7f95cb800000-7f95cc000000 rw-p 00000000 00:00 0 
7f95cc000000-7f95cc021000 rw-p 00000000 00:00 0 
7f95cc021000-7f95d0000000 ---p 00000000 00:00 0 
7f95d0000000-7f95d0021000 rw-p 00000000 00:00 0 
7f95d0021000-7f95d4000000 ---p 00000000 00:00 0 
7f95d4000000-7f95d4021000 rw-p 00000000 00:00 0 
7f95d4021000-7f95d8000000 ---p 00000000 00:00 0 
7f95d803f000-7f95d8041000 r--p 00000000 103:06 3674019                   /lib/x86_64-linux-gnu/libnss_dns-2.31.so
7f95d8041000-7f95d8045000 r-xp 00002000 103:06 3674019                   /lib/x86_64-linux-gnu/libnss_dns-2.31.so
7f95d8045000-7f95d8046000 r--p 00006000 103:06 3674019                   /lib/x86_64-linux-gnu/libnss_dns-2.31.so
7f95d8046000-7f95d8047000 r--p 00006000 103:06 3674019                   /lib/x86_64-linux-gnu/libnss_dns-2.31.so
7f95d8047000-7f95d8048000 rw-p 00007000 103:06 3674019                   /lib/x86_64-linux-gnu/libnss_dns-2.31.so
7f95d8048000-7f95d804c000 r--p 00000000 103:06 3674041                   /lib/x86_64-linux-gnu/libresolv-2.31.so
7f95d804c000-7f95d805c000 r-xp 00004000 103:06 3674041                   /lib/x86_64-linux-gnu/libresolv-2.31.so
7f95d805c000-7f95d805f000 r--p 00014000 103:06 3674041                   /lib/x86_64-linux-gnu/libresolv-2.31.so
7f95d805f000-7f95d8060000 ---p 00017000 103:06 3674041                   /lib/x86_64-linux-gnu/libresolv-2.31.so
7f95d8060000-7f95d8061000 r--p 00017000 103:06 3674041                   /lib/x86_64-linux-gnu/libresolv-2.31.so
7f95d8061000-7f95d8062000 rw-p 00018000 103:06 3674041                   /lib/x86_64-linux-gnu/libresolv-2.31.so
7f95d8062000-7f95d8064000 rw-p 00000000 00:00 0 
7f95d8064000-7f95d8065000 r--p 00000000 103:06 3670771                   /lib/x86_64-linux-gnu/libnss_mdns4_minimal.so.2
7f95d8065000-7f95d8067000 r-xp 00001000 103:06 3670771                   /lib/x86_64-linux-gnu/libnss_mdns4_minimal.so.2
7f95d8067000-7f95d8068000 r--p 00003000 103:06 3670771                   /lib/x86_64-linux-gnu/libnss_mdns4_minimal.so.2
7f95d8068000-7f95d8069000 r--p 00003000 103:06 3670771                   /lib/x86_64-linux-gnu/libnss_mdns4_minimal.so.2
7f95d8069000-7f95d806a000 rw-p 00004000 103:06 3670771                   /lib/x86_64-linux-gnu/libnss_mdns4_minimal.so.2
7f95d806a000-7f95d806e000 ---p 00000000 00:00 0 
7f95d806e000-7f95d808c000 rw-p 00000000 00:00 0 
7f95d808c000-7f95d8090000 ---p 00000000 00:00 0 
7f95d8090000-7f95d818d000 rw-p 00000000 00:00 0 
7f95d818d000-7f95d8191000 ---p 00000000 00:00 0 
7f95d8191000-7f95d828e000 rw-p 00000000 00:00 0 
7f95d828e000-7f95d8292000 ---p 00000000 00:00 0 
7f95d8292000-7f95d838f000 rw-p 00000000 00:00 0 
7f95d838f000-7f95d8393000 ---p 00000000 00:00 0 
7f95d8393000-7f95d8490000 rw-p 00000000 00:00 0 
7f95d8490000-7f95d8494000 ---p 00000000 00:00 0 
7f95d8494000-7f95d8591000 rw-p 00000000 00:00 0 
7f95d8591000-7f95d8595000 ---p 00000000 00:00 0 
7f95d8595000-7f95d8692000 rw-p 00000000 00:00 0 
7f95d8692000-7f95d8693000 ---p 00000000 00:00 0 
7f95d8693000-7f95d8794000 rw-p 00000000 00:00 0 
7f95d8794000-7f95d8795000 ---p 00000000 00:00 0 
7f95d8795000-7f95d8896000 rw-p 00000000 00:00 0 
7f95d8896000-7f95d8897000 ---p 00000000 00:00 0 
7f95d8897000-7f95db3a2000 rw-p 00000000 00:00 0 
7f95db3a2000-7f95db3a3000 ---p 00000000 00:00 0 
7f95db3a3000-7f95db884000 rw-p 00000000 00:00 0 
7f95db884000-7f95de28c000 ---p 00000000 00:00 0 
7f95de28c000-7f95de294000 rw-p 00000000 00:00 0 
7f95de294000-7f95df294000 ---p 00000000 00:00 0 
7f95df294000-7f95df674000 rw-p 00000000 00:00 0 
7f95df674000-7f95e207c000 ---p 00000000 00:00 0 
7f95e207c000-7f95e2084000 rw-p 00000000 00:00 0 
7f95e2084000-7f95e3084000 ---p 00000000 00:00 0 
7f95e3084000-7f95e3100000 rw-p 00000000 00:00 0 
7f95e3100000-7f95e3641000 ---p 00000000 00:00 0 
7f95e3641000-7f95e3642000 rw-p 00000000 00:00 0 
7f95e3642000-7f95e3842000 ---p 00000000 00:00 0 
7f95e3842000-7f95e38be000 rw-p 00000000 00:00 0 
7f95e38be000-7f95e3dff000 ---p 00000000 00:00 0 
7f95e3dff000-7f95e3e00000 rw-p 00000000 00:00 0 
7f95e3e00000-7f95e4000000 ---p 00000000 00:00 0 
7f95e4000000-7f95e4021000 rw-p 00000000 00:00 0 
7f95e4021000-7f95e8000000 ---p 00000000 00:00 0 
7f95e8020000-7f95e8024000 r--p 00000000 103:06 2889059                   /usr/lib/jvm/java-11-openjdk-amd64/lib/libnet.so
7f95e8024000-7f95e8033000 r-xp 00004000 103:06 2889059                   /usr/lib/jvm/java-11-openjdk-amd64/lib/libnet.so
7f95e8033000-7f95e8037000 r--p 00013000 103:06 2889059                   /usr/lib/jvm/java-11-openjdk-amd64/lib/libnet.so
7f95e8037000-7f95e8038000 r--p 00016000 103:06 2889059                   /usr/lib/jvm/java-11-openjdk-amd64/lib/libnet.so
7f95e8038000-7f95e8039000 rw-p 00017000 103:06 2889059                   /usr/lib/jvm/java-11-openjdk-amd64/lib/libnet.so
7f95e8039000-7f95e8136000 rw-p 00000000 00:00 0 
7f95e8136000-7f95e8677000 ---p 00000000 00:00 0 
7f95e8677000-7f95e8678000 rw-p 00000000 00:00 0 
7f95e8678000-7f95e8878000 ---p 00000000 00:00 0 
7f95e8878000-7f95e8ae8000 rwxp 00000000 00:00 0 
7f95e8ae8000-7f95e8e09000 ---p 00000000 00:00 0 
7f95e8e09000-7f95e9679000 rwxp 00000000 00:00 0 
7f95e9679000-7f95f0340000 ---p 00000000 00:00 0 
7f95f0340000-7f95f05b0000 rwxp 00000000 00:00 0 
7f95f05b0000-7f95f7878000 ---p 00000000 00:00 0 
7f95f7878000-7f9600000000 r--s 00000000 103:06 2889069                   /usr/lib/jvm/java-11-openjdk-amd64/lib/modules
7f9600000000-7f96015e0000 rw-p 00000000 00:00 0 
7f96015e0000-7f9604000000 ---p 00000000 00:00 0 
7f9604001000-7f9604003000 r--p 00000000 103:06 2889057                   /usr/lib/jvm/java-11-openjdk-amd64/lib/libmanagement_ext.so
7f9604003000-7f9604006000 r-xp 00002000 103:06 2889057                   /usr/lib/jvm/java-11-openjdk-amd64/lib/libmanagement_ext.so
7f9604006000-7f9604007000 r--p 00005000 103:06 2889057                   /usr/lib/jvm/java-11-openjdk-amd64/lib/libmanagement_ext.so
7f9604007000-7f9604008000 ---p 00006000 103:06 2889057                   /usr/lib/jvm/java-11-openjdk-amd64/lib/libmanagement_ext.so
7f9604008000-7f9604009000 r--p 00006000 103:06 2889057                   /usr/lib/jvm/java-11-openjdk-amd64/lib/libmanagement_ext.so
7f9604009000-7f960400a000 rw-p 00007000 103:06 2889057                   /usr/lib/jvm/java-11-openjdk-amd64/lib/libmanagement_ext.so
7f960400a000-7f9604011000 r--p 00000000 103:06 2889060                   /usr/lib/jvm/java-11-openjdk-amd64/lib/libnio.so
7f9604011000-7f9604019000 r-xp 00007000 103:06 2889060                   /usr/lib/jvm/java-11-openjdk-amd64/lib/libnio.so
7f9604019000-7f960401c000 r--p 0000f000 103:06 2889060                   /usr/lib/jvm/java-11-openjdk-amd64/lib/libnio.so
7f960401c000-7f960401d000 r--p 00011000 103:06 2889060                   /usr/lib/jvm/java-11-openjdk-amd64/lib/libnio.so
7f960401d000-7f960401e000 rw-p 00012000 103:06 2889060                   /usr/lib/jvm/java-11-openjdk-amd64/lib/libnio.so
7f960401e000-7f9604079000 rw-p 00000000 00:00 0 
7f9604079000-7f960407a000 ---p 00000000 00:00 0 
7f960407a000-7f9604c85000 rw-p 00000000 00:00 0 
7f9604c85000-7f9604c86000 ---p 00000000 00:00 0 
7f9604c86000-7f9604d8c000 rw-p 00000000 00:00 0 
7f9604d8c000-7f9604e72000 ---p 00000000 00:00 0 
7f9604e72000-7f9604e83000 rw-p 00000000 00:00 0 
7f9604e83000-7f9604f5d000 ---p 00000000 00:00 0 
7f9604f5d000-7f9604f62000 rw-p 00000000 00:00 0 
7f9604f62000-7f9604f69000 ---p 00000000 00:00 0 
7f9604f69000-7f9604f6c000 r--p 00000000 103:06 3674023                   /lib/x86_64-linux-gnu/libnss_files-2.31.so
7f9604f6c000-7f9604f73000 r-xp 00003000 103:06 3674023                   /lib/x86_64-linux-gnu/libnss_files-2.31.so
7f9604f73000-7f9604f75000 r--p 0000a000 103:06 3674023                   /lib/x86_64-linux-gnu/libnss_files-2.31.so
7f9604f75000-7f9604f76000 r--p 0000b000 103:06 3674023                   /lib/x86_64-linux-gnu/libnss_files-2.31.so
7f9604f76000-7f9604f77000 rw-p 0000c000 103:06 3674023                   /lib/x86_64-linux-gnu/libnss_files-2.31.so
7f9604f77000-7f9604f7d000 rw-p 00000000 00:00 0 
7f9604f7d000-7f9604f82000 r--p 00000000 103:06 3674009                   /lib/x86_64-linux-gnu/libnsl-2.31.so
7f9604f82000-7f9604f92000 r-xp 00005000 103:06 3674009                   /lib/x86_64-linux-gnu/libnsl-2.31.so
7f9604f92000-7f9604f96000 r--p 00015000 103:06 3674009                   /lib/x86_64-linux-gnu/libnsl-2.31.so
7f9604f96000-7f9604f97000 r--p 00018000 103:06 3674009                   /lib/x86_64-linux-gnu/libnsl-2.31.so
7f9604f97000-7f9604f98000 rw-p 00019000 103:06 3674009                   /lib/x86_64-linux-gnu/libnsl-2.31.so
7f9604f98000-7f9604f9a000 rw-p 00000000 00:00 0 
7f9604f9a000-7f9604f9d000 r--p 00000000 103:06 3674031                   /lib/x86_64-linux-gnu/libnss_nis-2.31.so
7f9604f9d000-7f9604fa5000 r-xp 00003000 103:06 3674031                   /lib/x86_64-linux-gnu/libnss_nis-2.31.so
7f9604fa5000-7f9604fa7000 r--p 0000b000 103:06 3674031                   /lib/x86_64-linux-gnu/libnss_nis-2.31.so
7f9604fa7000-7f9604fa8000 r--p 0000c000 103:06 3674031                   /lib/x86_64-linux-gnu/libnss_nis-2.31.so
7f9604fa8000-7f9604fa9000 rw-p 0000d000 103:06 3674031                   /lib/x86_64-linux-gnu/libnss_nis-2.31.so
7f9604fa9000-7f9604fab000 r--p 00000000 103:06 3674013                   /lib/x86_64-linux-gnu/libnss_compat-2.31.so
7f9604fab000-7f9604fb2000 r-xp 00002000 103:06 3674013                   /lib/x86_64-linux-gnu/libnss_compat-2.31.so
7f9604fb2000-7f9604fb3000 r--p 00009000 103:06 3674013                   /lib/x86_64-linux-gnu/libnss_compat-2.31.so
7f9604fb3000-7f9604fb4000 r--p 00009000 103:06 3674013                   /lib/x86_64-linux-gnu/libnss_compat-2.31.so
7f9604fb4000-7f9604fb5000 rw-p 0000a000 103:06 3674013                   /lib/x86_64-linux-gnu/libnss_compat-2.31.so
7f9604fb6000-7f9604fb9000 r--p 00000000 103:06 2889055                   /usr/lib/jvm/java-11-openjdk-amd64/lib/libmanagement.so
7f9604fb9000-7f9604fba000 r-xp 00003000 103:06 2889055                   /usr/lib/jvm/java-11-openjdk-amd64/lib/libmanagement.so
7f9604fba000-7f9604fbb000 r--p 00004000 103:06 2889055                   /usr/lib/jvm/java-11-openjdk-amd64/lib/libmanagement.so
7f9604fbb000-7f9604fbc000 r--p 00004000 103:06 2889055                   /usr/lib/jvm/java-11-openjdk-amd64/lib/libmanagement.so
7f9604fbc000-7f9604fbd000 rw-p 00005000 103:06 2889055                   /usr/lib/jvm/java-11-openjdk-amd64/lib/libmanagement.so
7f9604fbd000-7f9604fbf000 r--s 0000c000 103:06 3282460                   /usr/share/java/java-atk-wrapper.jar
7f9604fbf000-7f9604fc1000 r--p 00000000 103:06 2889068                   /usr/lib/jvm/java-11-openjdk-amd64/lib/libzip.so
7f9604fc1000-7f9604fc5000 r-xp 00002000 103:06 2889068                   /usr/lib/jvm/java-11-openjdk-amd64/lib/libzip.so
7f9604fc5000-7f9604fc7000 r--p 00006000 103:06 2889068                   /usr/lib/jvm/java-11-openjdk-amd64/lib/libzip.so
7f9604fc7000-7f9604fc8000 r--p 00007000 103:06 2889068                   /usr/lib/jvm/java-11-openjdk-amd64/lib/libzip.so
7f9604fc8000-7f9604fc9000 rw-p 00008000 103:06 2889068                   /usr/lib/jvm/java-11-openjdk-amd64/lib/libzip.so
7f9604fc9000-7f9604fd1000 rw-s 00000000 103:06 3808904                   /tmp/hsperfdata_artur/40903
7f9604fd1000-7f9604fd2000 ---p 00000000 00:00 0 
7f9604fd2000-7f9604fd3000 r--p 00000000 00:00 0 
7f9604fd3000-7f9604fe1000 r--p 00000000 103:06 2889047                   /usr/lib/jvm/java-11-openjdk-amd64/lib/libjava.so
7f9604fe1000-7f9604ff7000 r-xp 0000e000 103:06 2889047                   /usr/lib/jvm/java-11-openjdk-amd64/lib/libjava.so
7f9604ff7000-7f9604ffe000 r--p 00024000 103:06 2889047                   /usr/lib/jvm/java-11-openjdk-amd64/lib/libjava.so
7f9604ffe000-7f9604fff000 r--p 0002a000 103:06 2889047                   /usr/lib/jvm/java-11-openjdk-amd64/lib/libjava.so
7f9604fff000-7f9605000000 rw-p 0002b000 103:06 2889047                   /usr/lib/jvm/java-11-openjdk-amd64/lib/libjava.so
7f9605000000-7f9605001000 rw-p 00000000 00:00 0 
7f9605001000-7f9605004000 r--p 00000000 103:06 3674043                   /lib/x86_64-linux-gnu/librt-2.31.so
7f9605004000-7f9605008000 r-xp 00003000 103:06 3674043                   /lib/x86_64-linux-gnu/librt-2.31.so
7f9605008000-7f9605009000 r--p 00007000 103:06 3674043                   /lib/x86_64-linux-gnu/librt-2.31.so
7f9605009000-7f960500a000 ---p 00008000 103:06 3674043                   /lib/x86_64-linux-gnu/librt-2.31.so
7f960500a000-7f960500b000 r--p 00008000 103:06 3674043                   /lib/x86_64-linux-gnu/librt-2.31.so
7f960500b000-7f960500c000 rw-p 00009000 103:06 3674043                   /lib/x86_64-linux-gnu/librt-2.31.so
7f960500c000-7f9605010000 ---p 00000000 00:00 0 
7f9605010000-7f960510d000 rw-p 00000000 00:00 0 
7f960510d000-7f9605110000 r--p 00000000 103:06 3670736                   /lib/x86_64-linux-gnu/libgcc_s.so.1
7f9605110000-7f9605122000 r-xp 00003000 103:06 3670736                   /lib/x86_64-linux-gnu/libgcc_s.so.1
7f9605122000-7f9605126000 r--p 00015000 103:06 3670736                   /lib/x86_64-linux-gnu/libgcc_s.so.1
7f9605126000-7f9605127000 r--p 00018000 103:06 3670736                   /lib/x86_64-linux-gnu/libgcc_s.so.1
7f9605127000-7f9605128000 rw-p 00019000 103:06 3670736                   /lib/x86_64-linux-gnu/libgcc_s.so.1
7f9605128000-7f9605137000 r--p 00000000 103:06 3673997                   /lib/x86_64-linux-gnu/libm-2.31.so
7f9605137000-7f96051de000 r-xp 0000f000 103:06 3673997                   /lib/x86_64-linux-gnu/libm-2.31.so
7f96051de000-7f9605275000 r--p 000b6000 103:06 3673997                   /lib/x86_64-linux-gnu/libm-2.31.so
7f9605275000-7f9605276000 r--p 0014c000 103:06 3673997                   /lib/x86_64-linux-gnu/libm-2.31.so
7f9605276000-7f9605277000 rw-p 0014d000 103:06 3673997                   /lib/x86_64-linux-gnu/libm-2.31.so
7f9605277000-7f960530d000 r--p 00000000 103:06 2883678                   /usr/lib/x86_64-linux-gnu/libstdc++.so.6.0.28
7f960530d000-7f96053fe000 r-xp 00096000 103:06 2883678                   /usr/lib/x86_64-linux-gnu/libstdc++.so.6.0.28
7f96053fe000-7f9605447000 r--p 00187000 103:06 2883678                   /usr/lib/x86_64-linux-gnu/libstdc++.so.6.0.28
7f9605447000-7f9605448000 ---p 001d0000 103:06 2883678                   /usr/lib/x86_64-linux-gnu/libstdc++.so.6.0.28
7f9605448000-7f9605453000 r--p 001d0000 103:06 2883678                   /usr/lib/x86_64-linux-gnu/libstdc++.so.6.0.28
7f9605453000-7f9605456000 rw-p 001db000 103:06 2883678                   /usr/lib/x86_64-linux-gnu/libstdc++.so.6.0.28
7f9605456000-7f9605459000 rw-p 00000000 00:00 0 
7f9605459000-7f96056d3000 r--p 00000000 103:06 3801498                   /usr/lib/jvm/java-11-openjdk-amd64/lib/server/libjvm.so
7f96056d3000-7f9606358000 r-xp 0027a000 103:06 3801498                   /usr/lib/jvm/java-11-openjdk-amd64/lib/server/libjvm.so
7f9606358000-7f96065af000 r--p 00eff000 103:06 3801498                   /usr/lib/jvm/java-11-openjdk-amd64/lib/server/libjvm.so
7f96065af000-7f9606670000 r--p 01155000 103:06 3801498                   /usr/lib/jvm/java-11-openjdk-amd64/lib/server/libjvm.so
7f9606670000-7f96066ab000 rw-p 01216000 103:06 3801498                   /usr/lib/jvm/java-11-openjdk-amd64/lib/server/libjvm.so
7f96066ab000-7f9606704000 rw-p 00000000 00:00 0 
7f9606704000-7f960670b000 r--p 00000000 103:06 3674039                   /lib/x86_64-linux-gnu/libpthread-2.31.so
7f960670b000-7f960671c000 r-xp 00007000 103:06 3674039                   /lib/x86_64-linux-gnu/libpthread-2.31.so
7f960671c000-7f9606721000 r--p 00018000 103:06 3674039                   /lib/x86_64-linux-gnu/libpthread-2.31.so
7f9606721000-7f9606722000 r--p 0001c000 103:06 3674039                   /lib/x86_64-linux-gnu/libpthread-2.31.so
7f9606722000-7f9606723000 rw-p 0001d000 103:06 3674039                   /lib/x86_64-linux-gnu/libpthread-2.31.so
7f9606723000-7f9606727000 rw-p 00000000 00:00 0 
7f9606727000-7f9606728000 r--p 00000000 103:06 3673993                   /lib/x86_64-linux-gnu/libdl-2.31.so
7f9606728000-7f960672a000 r-xp 00001000 103:06 3673993                   /lib/x86_64-linux-gnu/libdl-2.31.so
7f960672a000-7f960672b000 r--p 00003000 103:06 3673993                   /lib/x86_64-linux-gnu/libdl-2.31.so
7f960672b000-7f960672c000 r--p 00003000 103:06 3673993                   /lib/x86_64-linux-gnu/libdl-2.31.so
7f960672c000-7f960672d000 rw-p 00004000 103:06 3673993                   /lib/x86_64-linux-gnu/libdl-2.31.so
7f960672d000-7f960672f000 r--p 00000000 103:06 3672661                   /lib/x86_64-linux-gnu/libz.so.1.2.11
7f960672f000-7f9606740000 r-xp 00002000 103:06 3672661                   /lib/x86_64-linux-gnu/libz.so.1.2.11
7f9606740000-7f9606746000 r--p 00013000 103:06 3672661                   /lib/x86_64-linux-gnu/libz.so.1.2.11
7f9606746000-7f9606747000 ---p 00019000 103:06 3672661                   /lib/x86_64-linux-gnu/libz.so.1.2.11
7f9606747000-7f9606748000 r--p 00019000 103:06 3672661                   /lib/x86_64-linux-gnu/libz.so.1.2.11
7f9606748000-7f9606749000 rw-p 0001a000 103:06 3672661                   /lib/x86_64-linux-gnu/libz.so.1.2.11
7f9606749000-7f960676e000 r--p 00000000 103:06 3673989                   /lib/x86_64-linux-gnu/libc-2.31.so
7f960676e000-7f96068e6000 r-xp 00025000 103:06 3673989                   /lib/x86_64-linux-gnu/libc-2.31.so
7f96068e6000-7f9606930000 r--p 0019d000 103:06 3673989                   /lib/x86_64-linux-gnu/libc-2.31.so
7f9606930000-7f9606931000 ---p 001e7000 103:06 3673989                   /lib/x86_64-linux-gnu/libc-2.31.so
7f9606931000-7f9606934000 r--p 001e7000 103:06 3673989                   /lib/x86_64-linux-gnu/libc-2.31.so
7f9606934000-7f9606937000 rw-p 001ea000 103:06 3673989                   /lib/x86_64-linux-gnu/libc-2.31.so
7f9606937000-7f960693b000 rw-p 00000000 00:00 0 
7f960693c000-7f960693e000 r--p 00000000 103:06 2889051                   /usr/lib/jvm/java-11-openjdk-amd64/lib/libjimage.so
7f960693e000-7f9606941000 r-xp 00002000 103:06 2889051                   /usr/lib/jvm/java-11-openjdk-amd64/lib/libjimage.so
7f9606941000-7f9606942000 r--p 00005000 103:06 2889051                   /usr/lib/jvm/java-11-openjdk-amd64/lib/libjimage.so
7f9606942000-7f9606943000 ---p 00006000 103:06 2889051                   /usr/lib/jvm/java-11-openjdk-amd64/lib/libjimage.so
7f9606943000-7f9606944000 r--p 00006000 103:06 2889051                   /usr/lib/jvm/java-11-openjdk-amd64/lib/libjimage.so
7f9606944000-7f9606945000 rw-p 00007000 103:06 2889051                   /usr/lib/jvm/java-11-openjdk-amd64/lib/libjimage.so
7f9606945000-7f960694a000 r--p 00000000 103:06 2889067                   /usr/lib/jvm/java-11-openjdk-amd64/lib/libverify.so
7f960694a000-7f9606951000 r-xp 00005000 103:06 2889067                   /usr/lib/jvm/java-11-openjdk-amd64/lib/libverify.so
7f9606951000-7f9606953000 r--p 0000c000 103:06 2889067                   /usr/lib/jvm/java-11-openjdk-amd64/lib/libverify.so
7f9606953000-7f9606954000 ---p 0000e000 103:06 2889067                   /usr/lib/jvm/java-11-openjdk-amd64/lib/libverify.so
7f9606954000-7f9606956000 r--p 0000e000 103:06 2889067                   /usr/lib/jvm/java-11-openjdk-amd64/lib/libverify.so
7f9606956000-7f9606957000 rw-p 00010000 103:06 2889067                   /usr/lib/jvm/java-11-openjdk-amd64/lib/libverify.so
7f9606957000-7f960695a000 r--p 00000000 103:06 3674757                   /usr/lib/jvm/java-11-openjdk-amd64/lib/jli/libjli.so
7f960695a000-7f9606964000 r-xp 00003000 103:06 3674757                   /usr/lib/jvm/java-11-openjdk-amd64/lib/jli/libjli.so
7f9606964000-7f9606967000 r--p 0000d000 103:06 3674757                   /usr/lib/jvm/java-11-openjdk-amd64/lib/jli/libjli.so
7f9606967000-7f9606968000 ---p 00010000 103:06 3674757                   /usr/lib/jvm/java-11-openjdk-amd64/lib/jli/libjli.so
7f9606968000-7f9606969000 r--p 00010000 103:06 3674757                   /usr/lib/jvm/java-11-openjdk-amd64/lib/jli/libjli.so
7f9606969000-7f960696a000 rw-p 00011000 103:06 3674757                   /usr/lib/jvm/java-11-openjdk-amd64/lib/jli/libjli.so
7f960696a000-7f960696c000 rw-p 00000000 00:00 0 
7f960696c000-7f960696d000 r--p 00000000 103:06 3673973                   /lib/x86_64-linux-gnu/ld-2.31.so
7f960696d000-7f9606990000 r-xp 00001000 103:06 3673973                   /lib/x86_64-linux-gnu/ld-2.31.so
7f9606990000-7f9606998000 r--p 00024000 103:06 3673973                   /lib/x86_64-linux-gnu/ld-2.31.so
7f9606999000-7f960699a000 r--p 0002c000 103:06 3673973                   /lib/x86_64-linux-gnu/ld-2.31.so
7f960699a000-7f960699b000 rw-p 0002d000 103:06 3673973                   /lib/x86_64-linux-gnu/ld-2.31.so
7f960699b000-7f960699c000 rw-p 00000000 00:00 0 
7ffc95076000-7ffc95098000 rw-p 00000000 00:00 0                          [stack]
7ffc951d6000-7ffc951d9000 r--p 00000000 00:00 0                          [vvar]
7ffc951d9000-7ffc951da000 r-xp 00000000 00:00 0                          [vdso]
ffffffffff600000-ffffffffff601000 --xp 00000000 00:00 0                  [vsyscall]


VM Arguments:
java_command: /home/artur/Desktop/3ano/IES/medical-management-system/Project/medmanagesystem/target/surefire/surefirebooter6214754848786950517.jar /home/artur/Desktop/3ano/IES/medical-management-system/Project/medmanagesystem/target/surefire 2022-01-05T19-23-51_420-jvmRun1 surefire17673180401266127072tmp surefire_08581931423407113454tmp
java_class_path (initial): /home/artur/Desktop/3ano/IES/medical-management-system/Project/medmanagesystem/target/surefire/surefirebooter6214754848786950517.jar
Launcher Type: SUN_STANDARD

[Global flags]
     intx CICompilerCount                          = 4                                         {product} {ergonomic}
     uint ConcGCThreads                            = 3                                         {product} {ergonomic}
     uint G1ConcRefinementThreads                  = 10                                        {product} {ergonomic}
   size_t G1HeapRegionSize                         = 1048576                                   {product} {ergonomic}
    uintx GCDrainStackTargetSize                   = 64                                        {product} {ergonomic}
   size_t InitialHeapSize                          = 260046848                                 {product} {ergonomic}
   size_t MarkStackSize                            = 4194304                                   {product} {ergonomic}
   size_t MaxHeapSize                              = 4156555264                                {product} {ergonomic}
   size_t MaxNewSize                               = 2493513728                                {product} {ergonomic}
   size_t MinHeapDeltaBytes                        = 1048576                                   {product} {ergonomic}
    uintx NonNMethodCodeHeapSize                   = 5836300                                {pd product} {ergonomic}
    uintx NonProfiledCodeHeapSize                  = 122910970                              {pd product} {ergonomic}
    uintx ProfiledCodeHeapSize                     = 122910970                              {pd product} {ergonomic}
    uintx ReservedCodeCacheSize                    = 251658240                              {pd product} {ergonomic}
     bool SegmentedCodeCache                       = true                                      {product} {ergonomic}
     bool UseCompressedClassPointers               = true                                 {lp64_product} {ergonomic}
     bool UseCompressedOops                        = true                                 {lp64_product} {ergonomic}
     bool UseG1GC                                  = true                                      {product} {ergonomic}

Logging:
Log output configuration:
 #0: stdout all=warning uptime,level,tags
 #1: stderr all=off uptime,level,tags

Environment Variables:
JAVA_HOME=/usr/lib/jvm/java-11-openjdk-amd64
CLASSPATH=.:/usr/local/lib/antlr-4.9.2-complete.jar:/usr/local/lib/ST-4.3.1.jar:
PATH=/home/artur/.local/bin:/home/artur/.nvm/versions/node/v14.17.0/bin:/home/artur/.local/bin:/usr/local/sbin:/usr/local/bin:/usr/sbin:/usr/bin:/sbin:/bin:/usr/games:/usr/local/games:/snap/bin:/usr/lib/jvm/java-16-oracle/bin:/usr/lib/jvm/java-16-oracle/db/bin:/usr/lib/jvm/java-16-oracle/bin:/usr/lib/jvm/java-16-oracle/db/bin:/opt/bin:.::/opt/bin:.:
USERNAME=artur
SHELL=/bin/bash
DISPLAY=:0
LANG=en_US.UTF-8
LC_CTYPE=pt_PT.UTF-8

Signal Handlers:
SIGSEGV: [libjvm.so+0xe8ba00], sa_mask[0]=11111111011111111101111111111110, sa_flags=SA_RESTART|SA_SIGINFO
SIGBUS: [libjvm.so+0xe8ba00], sa_mask[0]=11111111011111111101111111111110, sa_flags=SA_RESTART|SA_SIGINFO
SIGFPE: [libjvm.so+0xe8ba00], sa_mask[0]=11111111011111111101111111111110, sa_flags=SA_RESTART|SA_SIGINFO
SIGPIPE: [libjvm.so+0xbd10f0], sa_mask[0]=11111111011111111101111111111110, sa_flags=SA_RESTART|SA_SIGINFO
SIGXFSZ: [libjvm.so+0xbd10f0], sa_mask[0]=11111111011111111101111111111110, sa_flags=SA_RESTART|SA_SIGINFO
SIGILL: [libjvm.so+0xe8ba00], sa_mask[0]=11111111011111111101111111111110, sa_flags=SA_RESTART|SA_SIGINFO
SIGUSR2: [libjvm.so+0xbd0f90], sa_mask[0]=00100000000000000000000000000000, sa_flags=SA_RESTART|SA_SIGINFO
SIGHUP: [libjvm.so+0xbd1430], sa_mask[0]=11111111011111111101111111111110, sa_flags=SA_RESTART|SA_SIGINFO
SIGINT: [libjvm.so+0xbd1430], sa_mask[0]=11111111011111111101111111111110, sa_flags=SA_RESTART|SA_SIGINFO
SIGTERM: [libjvm.so+0xbd1430], sa_mask[0]=11111111011111111101111111111110, sa_flags=SA_RESTART|SA_SIGINFO
SIGQUIT: [libjvm.so+0xbd1430], sa_mask[0]=11111111011111111101111111111110, sa_flags=SA_RESTART|SA_SIGINFO


---------------  S Y S T E M  ---------------

OS:DISTRIB_ID=Ubuntu
DISTRIB_RELEASE=20.04
DISTRIB_CODENAME=focal
DISTRIB_DESCRIPTION="Ubuntu 20.04.3 LTS"
uname:Linux 5.4.0-90-generic #101-Ubuntu SMP Fri Oct 15 20:00:55 UTC 2021 x86_64
OS uptime: 0 days 1:24 hours
libc:glibc 2.31 NPTL 2.31 
rlimit (soft/hard): STACK 8192k/infinity , CORE 0k/infinity , NPROC 63176/63176 , NOFILE 1048576/1048576 , AS infinity/infinity , CPU infinity/infinity , DATA infinity/infinity , FSIZE infinity/infinity , MEMLOCK 65536k/65536k
load average:2,26 2,32 2,25

/proc/meminfo:
MemTotal:       16235992 kB
MemFree:         4382420 kB
MemAvailable:   11084048 kB
Buffers:          611244 kB
Cached:          6595884 kB
SwapCached:            0 kB
Active:          6394668 kB
Inactive:        4276156 kB
Active(anon):    3785216 kB
Inactive(anon):   238812 kB
Active(file):    2609452 kB
Inactive(file):  4037344 kB
Unevictable:      310752 kB
Mlocked:             112 kB
SwapTotal:       2097148 kB
SwapFree:        2097148 kB
Dirty:              3824 kB
Writeback:             0 kB
AnonPages:       3774320 kB
Mapped:          1523748 kB
Shmem:            560324 kB
KReclaimable:     396884 kB
Slab:             678524 kB
SReclaimable:     396884 kB
SUnreclaim:       281640 kB
KernelStack:       25744 kB
PageTables:        56700 kB
NFS_Unstable:          0 kB
Bounce:                0 kB
WritebackTmp:          0 kB
CommitLimit:    10215144 kB
Committed_AS:   17748888 kB
VmallocTotal:   34359738367 kB
VmallocUsed:       51048 kB
VmallocChunk:          0 kB
Percpu:            19776 kB
HardwareCorrupted:     0 kB
AnonHugePages:         0 kB
ShmemHugePages:        0 kB
ShmemPmdMapped:        0 kB
FileHugePages:         0 kB
FilePmdMapped:         0 kB
CmaTotal:              0 kB
CmaFree:               0 kB
HugePages_Total:       0
HugePages_Free:        0
HugePages_Rsvd:        0
HugePages_Surp:        0
Hugepagesize:       2048 kB
Hugetlb:               0 kB
DirectMap4k:      561760 kB
DirectMap2M:    13959168 kB
DirectMap1G:     2097152 kB

/sys/kernel/mm/transparent_hugepage/enabled:
always [madvise] never
/sys/kernel/mm/transparent_hugepage/defrag (defrag/compaction efforts parameter):
always defer defer+madvise [madvise] never

Process Memory:
Virtual Size: 7710412K (peak: 15578864K)
Resident Set Size: 347552K (peak: 347552K) (anon: 318944K, file: 28608K, shmem: 0K)
Swapped out: 0K
C-Heap outstanding allocations: 81766K

/proc/sys/kernel/threads-max (system-wide limit on the number of threads):
126352
/proc/sys/vm/max_map_count (maximum number of memory map areas a process may have):
1048575
/proc/sys/kernel/pid_max (system-wide limit on number of process identifiers):
4194304

container (cgroup) information:
container_type: cgroupv1
cpu_cpuset_cpus: 0-11
cpu_memory_nodes: 0
active_processor_count: 12
cpu_quota: -1
cpu_period: 100000
cpu_shares: -1
memory_limit_in_bytes: -1
memory_and_swap_limit_in_bytes: -2
memory_soft_limit_in_bytes: -1
memory_usage_in_bytes: 7562612736
memory_max_usage_in_bytes: 7650467840

Steal ticks since vm start: 0
Steal ticks percentage since vm start:  0,000

CPU:total 12 (initial active 12) (6 cores per cpu, 2 threads per core) family 6 model 158 stepping 13 microcode 0xea, cmov, cx8, fxsr, mmx, sse, sse2, sse3, ssse3, sse4.1, sse4.2, popcnt, avx, avx2, aes, clmul, erms, 3dnowpref, lzcnt, ht, tsc, tscinvbit, bmi1, bmi2, adx, fma
CPU Model and flags from /proc/cpuinfo:
model name	: Intel(R) Core(TM) i7-9750H CPU @ 2.60GHz
flags		: fpu vme de pse tsc msr pae mce cx8 apic sep mtrr pge mca cmov pat pse36 clflush dts acpi mmx fxsr sse sse2 ss ht tm pbe syscall nx pdpe1gb rdtscp lm constant_tsc art arch_perfmon pebs bts rep_good nopl xtopology nonstop_tsc cpuid aperfmperf pni pclmulqdq dtes64 monitor ds_cpl vmx est tm2 ssse3 sdbg fma cx16 xtpr pdcm pcid sse4_1 sse4_2 x2apic movbe popcnt tsc_deadline_timer aes xsave avx f16c rdrand lahf_lm abm 3dnowprefetch cpuid_fault epb invpcid_single ssbd ibrs ibpb stibp ibrs_enhanced tpr_shadow vnmi flexpriority ept vpid ept_ad fsgsbase tsc_adjust bmi1 avx2 smep bmi2 erms invpcid mpx rdseed adx smap clflushopt intel_pt xsaveopt xsavec xgetbv1 xsaves dtherm ida arat pln pts hwp hwp_notify hwp_act_window hwp_epp md_clear flush_l1d arch_capabilities
Online cpus:
0-11
Offline cpus:

BIOS frequency limitation:
<Not Available>
Frequency switch latency (ns):
0
Available cpu frequencies:
<Not Available>
Current governor:
powersave
Core performance/turbo boost:
<Not Available>

Memory: 4k page, physical 16235992k(4381964k free), swap 2097148k(2097148k free)

vm_info: OpenJDK 64-Bit Server VM (11.0.11+9-Ubuntu-0ubuntu2.20.04) for linux-amd64 JRE (11.0.11+9-Ubuntu-0ubuntu2.20.04), built on Apr 21 2021 09:15:32 by "unknown" with gcc 9.3.0

END.
