#
# A fatal error has been detected by the Java Runtime Environment:
#
#  SIGSEGV (0xb) at pc=0x00007f9924466540, pid=197870, tid=197897
#
# JRE version: OpenJDK Runtime Environment (11.0.11+9) (build 11.0.11+9-Ubuntu-0ubuntu2.20.04)
# Java VM: OpenJDK 64-Bit Server VM (11.0.11+9-Ubuntu-0ubuntu2.20.04, mixed mode, sharing, tiered, compressed oops, g1 gc, linux-amd64)
# Problematic frame:
# V  [libjvm.so+0x1264540]
#
# Core dump will be written. Default location: Core dumps may be processed with "/usr/share/apport/apport %p %s %c %d %P %E" (or dumping to /home/artur/Desktop/3ano/IES/medical-management-system/Project/medmanagesystem/core.197870)
#
# If you would like to submit a bug report, please visit:
#   https://bugs.launchpad.net/ubuntu/+source/openjdk-lts
#

---------------  S U M M A R Y ------------

Command Line: -Xverify:none -XX:TieredStopAtLevel=1 com.mms.medmanagesystem.MedmanagesystemApplication

Host: Intel(R) Core(TM) i7-9750H CPU @ 2.60GHz, 12 cores, 15G, Ubuntu 20.04.3 LTS
Time: Thu Jan 13 00:25:18 2022 WET elapsed time: 1.481984 seconds (0d 0h 0m 1s)

---------------  T H R E A D  ---------------

Current thread (0x00007f98e400c800):  GCTaskThread "GC Thread#7" [stack: 0x00007f989fd00000,0x00007f989fe00000] [id=197897]

Stack: [0x00007f989fd00000,0x00007f989fe00000],  sp=0x00007f989fdfeaf8,  free space=1018k
Native frames: (J=compiled Java code, A=aot compiled Java code, j=interpreted, Vv=VM code, C=native code)
V  [libjvm.so+0x1264540]
V  [libjvm.so+0x782a8e]
V  [libjvm.so+0x783493]
V  [libjvm.so+0x740175]
V  [libjvm.so+0x747826]
V  [libjvm.so+0xeb88dd]
V  [libjvm.so+0xe1d690]
V  [libjvm.so+0xbdac76]


siginfo: si_signo: 11 (SIGSEGV), si_code: 2 (SEGV_ACCERR), si_addr: 0x00007f9924466540

Register to memory mapping:

RAX=0x00007f99244665c0: <offset 0x00000000012645c0> in /usr/lib/jvm/java-11-openjdk-amd64/lib/server/libjvm.so at 0x00007f9923202000
RBX=0x000000070f7c1f40 points into unknown readable memory: 0x000000070f7c1f43 | 43 1f 7c 0f 07 00 00 00
RCX=0x0000000000000008 is an unknown value
RDX=0x000000080031f1f8 is pointing into metadata
RSP=0x00007f989fdfeaf8 points into unknown readable memory: 0x00007f992398467e | 7e 46 98 23 99 7f 00 00
RBP=0x00007f989fdfeb40 points into unknown readable memory: 0x00007f989fdfebd0 | d0 eb df 9f 98 7f 00 00
RSI=0x000000070f7c1f40 points into unknown readable memory: 0x000000070f7c1f43 | 43 1f 7c 0f 07 00 00 00
RDI=0x00007f9890000d40 points into unknown readable memory: 0x00007f99243649b0 | b0 49 36 24 99 7f 00 00
R8 =0x00007f98900132d0 points into unknown readable memory: 0x000000070f7c1f40 | 40 1f 7c 0f 07 00 00 00
R9 =0x000000000000007c is an unknown value
R10=0x0000000000000005 is an unknown value
R11=0x00007f9890000080 points into unknown readable memory: 0x00007f989001a8a0 | a0 a8 01 90 98 7f 00 00
R12=0x00007f9890000bd0 points into unknown readable memory: 0x00007f99243649f0 | f0 49 36 24 99 7f 00 00
R13=0x0000000000000005 is an unknown value
R14=0x00007f991c122280 points into unknown readable memory: 0x00007f992440d3c0 | c0 d3 40 24 99 7f 00 00
R15=0x0000000000000001 is an unknown value


Registers:
RAX=0x00007f99244665c0, RBX=0x000000070f7c1f40, RCX=0x0000000000000008, RDX=0x000000080031f1f8
RSP=0x00007f989fdfeaf8, RBP=0x00007f989fdfeb40, RSI=0x000000070f7c1f40, RDI=0x00007f9890000d40
R8 =0x00007f98900132d0, R9 =0x000000000000007c, R10=0x0000000000000005, R11=0x00007f9890000080
R12=0x00007f9890000bd0, R13=0x0000000000000005, R14=0x00007f991c122280, R15=0x0000000000000001
RIP=0x00007f9924466540, EFLAGS=0x0000000000010202, CSGSFS=0x002b000000000033, ERR=0x0000000000000015
  TRAPNO=0x000000000000000e

Top of Stack: (sp=0x00007f989fdfeaf8)
0x00007f989fdfeaf8:   00007f992398467e 00007f9924468e08
0x00007f989fdfeb08:   0000000000000000 00007f989fdfeb70
0x00007f989fdfeb18:   000000000012a04f 000000070f7c1f40
0x00007f989fdfeb28:   00007f9890000bd0 000000000012a04f 

Instructions: (pc=0x00007f9924466540)
0x00007f9924466440:   30 a8 97 23 99 7f 00 00 60 a8 97 23 99 7f 00 00
0x00007f9924466450:   90 a8 97 23 99 7f 00 00 c0 a8 97 23 99 7f 00 00
0x00007f9924466460:   20 a9 97 23 99 7f 00 00 f0 a8 97 23 99 7f 00 00
0x00007f9924466470:   00 00 00 00 00 00 00 00 00 00 00 00 00 00 00 00
0x00007f9924466480:   10 a7 97 23 99 7f 00 00 40 a7 97 23 99 7f 00 00
0x00007f9924466490:   70 a7 97 23 99 7f 00 00 a0 a7 97 23 99 7f 00 00
0x00007f99244664a0:   00 a8 97 23 99 7f 00 00 d0 a7 97 23 99 7f 00 00
0x00007f99244664b0:   01 00 00 00 00 00 00 00 00 00 00 00 00 00 00 00
0x00007f99244664c0:   40 63 46 24 99 7f 00 00 02 00 00 00 00 00 00 00
0x00007f99244664d0:   2a 00 00 00 2f 00 00 00 00 00 00 00 00 00 00 00
0x00007f99244664e0:   00 00 00 00 00 00 00 00 00 00 00 00 00 00 00 00
0x00007f99244664f0:   00 00 00 00 00 00 00 00 00 00 00 00 00 00 00 00
0x00007f9924466500:   00 00 00 00 00 00 00 00 40 c5 0b 80 92 55 00 00
0x00007f9924466510:   40 c5 0b 80 92 55 00 00 00 00 00 00 00 00 00 00
0x00007f9924466520:   04 0c 00 00 00 00 00 00 a0 04 98 23 99 7f 00 00
0x00007f9924466530:   01 00 00 00 00 00 00 00 00 00 00 00 00 00 00 00
0x00007f9924466540:   c0 64 46 24 99 7f 00 00 02 00 00 00 00 00 00 00
0x00007f9924466550:   2a 00 00 00 45 00 00 00 00 00 00 00 00 00 00 00
0x00007f9924466560:   00 00 00 00 00 00 00 00 00 00 00 00 00 00 00 00
0x00007f9924466570:   00 00 00 00 00 00 00 00 00 00 00 00 00 00 00 00
0x00007f9924466580:   00 00 00 00 00 00 00 00 60 c5 0b 80 92 55 00 00
0x00007f9924466590:   60 c5 0b 80 92 55 00 00 00 00 00 00 00 00 00 00
0x00007f99244665a0:   04 0c 00 00 00 00 00 00 60 0b 98 23 99 7f 00 00
0x00007f99244665b0:   01 00 00 00 00 00 00 00 00 00 00 00 00 00 00 00
0x00007f99244665c0:   90 64 98 23 99 7f 00 00 20 89 98 23 99 7f 00 00
0x00007f99244665d0:   c0 70 98 23 99 7f 00 00 30 5f 98 23 99 7f 00 00
0x00007f99244665e0:   90 5c 98 23 99 7f 00 00 60 6e 98 23 99 7f 00 00
0x00007f99244665f0:   01 00 00 00 00 00 00 00 00 00 00 00 00 00 00 00
0x00007f9924466600:   40 65 46 24 99 7f 00 00 03 00 00 00 00 00 00 00
0x00007f9924466610:   2a 00 00 00 23 00 00 00 2f 00 00 00 00 00 00 00
0x00007f9924466620:   00 00 00 00 00 00 00 00 00 00 00 00 00 00 00 00
0x00007f9924466630:   00 00 00 00 00 00 00 00 00 00 00 00 00 00 00 00 


Stack slot to memory mapping:
stack at sp + 0 slots: 0x00007f992398467e: <offset 0x000000000078267e> in /usr/lib/jvm/java-11-openjdk-amd64/lib/server/libjvm.so at 0x00007f9923202000
stack at sp + 1 slots: 0x00007f9924468e08: <offset 0x0000000001266e08> in /usr/lib/jvm/java-11-openjdk-amd64/lib/server/libjvm.so at 0x00007f9923202000
stack at sp + 2 slots: 0x0 is NULL
stack at sp + 3 slots: 0x00007f989fdfeb70 points into unknown readable memory: 0x0000000000000005 | 05 00 00 00 00 00 00 00
stack at sp + 4 slots: 0x000000000012a04f is an unknown value
stack at sp + 5 slots: 0x000000070f7c1f40 points into unknown readable memory: 0x000000070f7c1f43 | 43 1f 7c 0f 07 00 00 00
stack at sp + 6 slots: 0x00007f9890000bd0 points into unknown readable memory: 0x00007f99243649f0 | f0 49 36 24 99 7f 00 00
stack at sp + 7 slots: 0x000000000012a04f is an unknown value


---------------  P R O C E S S  ---------------

Threads class SMR info:
_java_thread_list=0x00007f98a42cf200, length=10, elements={
0x00007f991c019000, 0x00007f991c1d8800, 0x00007f991c1e2800, 0x00007f991c1e9000,
0x00007f991c1eb000, 0x00007f991c1ed000, 0x00007f991c1ef800, 0x00007f991c243000,
0x00007f991c855000, 0x00007f98ac00a800
}

Java Threads: ( => current thread )
  0x00007f991c019000 JavaThread "main" [_thread_blocked, id=197871, stack(0x00007f9922db5000,0x00007f9922eb6000)]
  0x00007f991c1d8800 JavaThread "Reference Handler" daemon [_thread_blocked, id=197879, stack(0x00007f98f821d000,0x00007f98f831e000)]
  0x00007f991c1e2800 JavaThread "Finalizer" daemon [_thread_blocked, id=197880, stack(0x00007f98f811c000,0x00007f98f821d000)]
  0x00007f991c1e9000 JavaThread "Signal Dispatcher" daemon [_thread_blocked, id=197881, stack(0x00007f98f801b000,0x00007f98f811c000)]
  0x00007f991c1eb000 JavaThread "Service Thread" daemon [_thread_blocked, id=197882, stack(0x00007f98f118e000,0x00007f98f128f000)]
  0x00007f991c1ed000 JavaThread "C1 CompilerThread0" daemon [_thread_blocked, id=197883, stack(0x00007f98f108d000,0x00007f98f118e000)]
  0x00007f991c1ef800 JavaThread "Sweeper thread" daemon [_thread_blocked, id=197884, stack(0x00007f98f0f8c000,0x00007f98f108d000)]
  0x00007f991c243000 JavaThread "Common-Cleaner" daemon [_thread_blocked, id=197886, stack(0x00007f98f0d89000,0x00007f98f0e8a000)]
  0x00007f991c855000 JavaThread "Thread-0" [_thread_blocked, id=197892, stack(0x00007f98f077e000,0x00007f98f087f000)]
  0x00007f98ac00a800 JavaThread "restartedMain" [_thread_blocked, id=197893, stack(0x00007f98f067d000,0x00007f98f077e000)]

Other Threads:
  0x00007f991c1d5800 VMThread "VM Thread" [stack: 0x00007f98f8320000,0x00007f98f8420000] [id=197878]
  0x00007f991c240800 WatcherThread [stack: 0x00007f98f0e8c000,0x00007f98f0f8c000] [id=197885]
  0x00007f991c031800 GCTaskThread "GC Thread#0" [stack: 0x00007f9922a31000,0x00007f9922b31000] [id=197873]
  0x00007f98e4001000 GCTaskThread "GC Thread#1" [stack: 0x00007f98f0c89000,0x00007f98f0d89000] [id=197887]
  0x00007f98e4002800 GCTaskThread "GC Thread#2" [stack: 0x00007f98f0b87000,0x00007f98f0c87000] [id=197888]
  0x00007f98e4004000 GCTaskThread "GC Thread#3" [stack: 0x00007f98f0a85000,0x00007f98f0b85000] [id=197889]
  0x00007f98e4006000 GCTaskThread "GC Thread#4" [stack: 0x00007f98f0983000,0x00007f98f0a83000] [id=197890]
  0x00007f98e4007800 GCTaskThread "GC Thread#5" [stack: 0x00007f98f0881000,0x00007f98f0981000] [id=197891]
  0x00007f98e400b000 GCTaskThread "GC Thread#6" [stack: 0x00007f98f007c000,0x00007f98f017c000] [id=197896]
=>0x00007f98e400c800 GCTaskThread "GC Thread#7" [stack: 0x00007f989fd00000,0x00007f989fe00000] [id=197897]
  0x00007f991c08f800 ConcurrentGCThread "G1 Main Marker" [stack: 0x00007f99206eb000,0x00007f99207eb000] [id=197874]
  0x00007f991c091800 ConcurrentGCThread "G1 Conc#0" [stack: 0x00007f99205e9000,0x00007f99206e9000] [id=197875]
  0x00007f98f4001000 ConcurrentGCThread "G1 Conc#1" [stack: 0x00007f989f7fe000,0x00007f989f8fe000] [id=197901]
  0x00007f98f4002000 ConcurrentGCThread "G1 Conc#2" [stack: 0x00007f989f6fc000,0x00007f989f7fc000] [id=197902]
  0x00007f991c198000 ConcurrentGCThread "G1 Refine#0" [stack: 0x00007f9904273000,0x00007f9904373000] [id=197876]
  0x00007f991c199800 ConcurrentGCThread "G1 Young RemSet Sampling" [stack: 0x00007f9904171000,0x00007f9904271000] [id=197877]

Threads with active compile tasks:

VM state:at safepoint (normal execution)

VM Mutex/Monitor currently owned by a thread:  ([mutex/lock_event])
[0x00007f991c015050] Threads_lock - owner thread: 0x00007f991c1d5800
[0x00007f991c015830] Heap_lock - owner thread: 0x00007f98ac00a800

Heap address: 0x0000000708400000, size: 3964 MB, Compressed Oops mode: Zero based, Oop shift amount: 3
Narrow klass base: 0x0000000800000000, Narrow klass shift: 3
Compressed class space size: 1073741824 Address: 0x0000000840000000

Heap:
 garbage-first heap   total 256000K, used 163606K [0x0000000708400000, 0x0000000800000000)
  region size 1024K, 156 young (159744K), 18 survivors (18432K)
 Metaspace       used 27773K, capacity 28900K, committed 29360K, reserved 1075200K
  class space    used 3792K, capacity 4260K, committed 4352K, reserved 1048576K
Heap Regions: E=young(eden), S=young(survivor), O=old, HS=humongous(starts), HC=humongous(continues), CS=collection set, F=free, A=archive, TAMS=top-at-mark-start (previous, next)
|   0|0x0000000708400000, 0x0000000708500000, 0x0000000708500000|100%|HS|  |TAMS 0x0000000708500000, 0x0000000708400000| Complete 
|   1|0x0000000708500000, 0x0000000708600000, 0x0000000708600000|100%|HS|  |TAMS 0x0000000708500000, 0x0000000708500000| Complete 
|   2|0x0000000708600000, 0x0000000708700000, 0x0000000708700000|100%| O|  |TAMS 0x0000000708700000, 0x0000000708600000| Untracked 
|   3|0x0000000708700000, 0x0000000708800000, 0x0000000708800000|100%| O|  |TAMS 0x0000000708800000, 0x0000000708700000| Untracked 
|   4|0x0000000708800000, 0x0000000708900000, 0x0000000708900000|100%| O|  |TAMS 0x000000070888a000, 0x0000000708800000| Untracked 
|   5|0x0000000708900000, 0x0000000708a00000, 0x0000000708a00000|100%|HS|  |TAMS 0x0000000708900000, 0x0000000708900000| Complete 
|   6|0x0000000708a00000, 0x0000000708b00000, 0x0000000708b00000|100%|HS|  |TAMS 0x0000000708a00000, 0x0000000708a00000| Complete 
|   7|0x0000000708b00000, 0x0000000708c00000, 0x0000000708c00000|100%|HS|  |TAMS 0x0000000708b00000, 0x0000000708b00000| Complete 
|   8|0x0000000708c00000, 0x0000000708d00000, 0x0000000708d00000|100%|HS|  |TAMS 0x0000000708c00000, 0x0000000708c00000| Complete 
|   9|0x0000000708d00000, 0x0000000708e00000, 0x0000000708e00000|100%|HS|  |TAMS 0x0000000708d00000, 0x0000000708d00000| Complete 
|  10|0x0000000708e00000, 0x0000000708f00000, 0x0000000708f00000|100%|HS|  |TAMS 0x0000000708e00000, 0x0000000708e00000| Complete 
|  11|0x0000000708f00000, 0x0000000709000000, 0x0000000709000000|100%|HS|  |TAMS 0x0000000708f00000, 0x0000000708f00000| Complete 
|  12|0x0000000709000000, 0x0000000709000000, 0x0000000709100000|  0%| O|  |TAMS 0x0000000709000000, 0x0000000709000000| Untracked 
|  13|0x0000000709100000, 0x0000000709100000, 0x0000000709200000|  0%| F|  |TAMS 0x0000000709100000, 0x0000000709100000| Untracked 
|  14|0x0000000709200000, 0x0000000709200000, 0x0000000709300000|  0%| F|  |TAMS 0x0000000709200000, 0x0000000709200000| Untracked 
|  15|0x0000000709300000, 0x0000000709300000, 0x0000000709400000|  0%| F|  |TAMS 0x0000000709300000, 0x0000000709300000| Untracked 
|  16|0x0000000709400000, 0x0000000709400000, 0x0000000709500000|  0%| F|  |TAMS 0x0000000709400000, 0x0000000709400000| Untracked 
|  17|0x0000000709500000, 0x0000000709500000, 0x0000000709600000|  0%| F|  |TAMS 0x0000000709500000, 0x0000000709500000| Untracked 
|  18|0x0000000709600000, 0x0000000709600000, 0x0000000709700000|  0%| F|  |TAMS 0x0000000709600000, 0x0000000709600000| Untracked 
|  19|0x0000000709700000, 0x0000000709700000, 0x0000000709800000|  0%| F|  |TAMS 0x0000000709700000, 0x0000000709700000| Untracked 
|  20|0x0000000709800000, 0x0000000709800000, 0x0000000709900000|  0%| F|  |TAMS 0x0000000709800000, 0x0000000709800000| Untracked 
|  21|0x0000000709900000, 0x0000000709900000, 0x0000000709a00000|  0%| F|  |TAMS 0x0000000709900000, 0x0000000709900000| Untracked 
|  22|0x0000000709a00000, 0x0000000709a00000, 0x0000000709b00000|  0%| F|  |TAMS 0x0000000709a00000, 0x0000000709a00000| Untracked 
|  23|0x0000000709b00000, 0x0000000709b00000, 0x0000000709c00000|  0%| F|  |TAMS 0x0000000709b00000, 0x0000000709b00000| Untracked 
|  24|0x0000000709c00000, 0x0000000709c00000, 0x0000000709d00000|  0%| F|  |TAMS 0x0000000709c00000, 0x0000000709c00000| Untracked 
|  25|0x0000000709d00000, 0x0000000709d00000, 0x0000000709e00000|  0%| F|  |TAMS 0x0000000709d00000, 0x0000000709d00000| Untracked 
|  26|0x0000000709e00000, 0x0000000709e00000, 0x0000000709f00000|  0%| F|  |TAMS 0x0000000709e00000, 0x0000000709e00000| Untracked 
|  27|0x0000000709f00000, 0x0000000709f00000, 0x000000070a000000|  0%| F|  |TAMS 0x0000000709f00000, 0x0000000709f00000| Untracked 
|  28|0x000000070a000000, 0x000000070a000000, 0x000000070a100000|  0%| F|  |TAMS 0x000000070a000000, 0x000000070a000000| Untracked 
|  29|0x000000070a100000, 0x000000070a100000, 0x000000070a200000|  0%| F|  |TAMS 0x000000070a100000, 0x000000070a100000| Untracked 
|  30|0x000000070a200000, 0x000000070a200000, 0x000000070a300000|  0%| F|  |TAMS 0x000000070a200000, 0x000000070a200000| Untracked 
|  31|0x000000070a300000, 0x000000070a300000, 0x000000070a400000|  0%| F|  |TAMS 0x000000070a300000, 0x000000070a300000| Untracked 
|  32|0x000000070a400000, 0x000000070a400000, 0x000000070a500000|  0%| F|  |TAMS 0x000000070a400000, 0x000000070a400000| Untracked 
|  33|0x000000070a500000, 0x000000070a500000, 0x000000070a600000|  0%| F|  |TAMS 0x000000070a500000, 0x000000070a500000| Untracked 
|  34|0x000000070a600000, 0x000000070a600000, 0x000000070a700000|  0%| F|  |TAMS 0x000000070a600000, 0x000000070a600000| Untracked 
|  35|0x000000070a700000, 0x000000070a700000, 0x000000070a800000|  0%| F|  |TAMS 0x000000070a700000, 0x000000070a700000| Untracked 
|  36|0x000000070a800000, 0x000000070a800000, 0x000000070a900000|  0%| F|  |TAMS 0x000000070a800000, 0x000000070a800000| Untracked 
|  37|0x000000070a900000, 0x000000070a900000, 0x000000070aa00000|  0%| F|  |TAMS 0x000000070a900000, 0x000000070a900000| Untracked 
|  38|0x000000070aa00000, 0x000000070aa00000, 0x000000070ab00000|  0%| F|  |TAMS 0x000000070aa00000, 0x000000070aa00000| Untracked 
|  39|0x000000070ab00000, 0x000000070ab00000, 0x000000070ac00000|  0%| F|  |TAMS 0x000000070ab00000, 0x000000070ab00000| Untracked 
|  40|0x000000070ac00000, 0x000000070ac00000, 0x000000070ad00000|  0%| F|  |TAMS 0x000000070ac00000, 0x000000070ac00000| Untracked 
|  41|0x000000070ad00000, 0x000000070ad00000, 0x000000070ae00000|  0%| F|  |TAMS 0x000000070ad00000, 0x000000070ad00000| Untracked 
|  42|0x000000070ae00000, 0x000000070ae00000, 0x000000070af00000|  0%| F|  |TAMS 0x000000070ae00000, 0x000000070ae00000| Untracked 
|  43|0x000000070af00000, 0x000000070af00000, 0x000000070b000000|  0%| F|  |TAMS 0x000000070af00000, 0x000000070af00000| Untracked 
|  44|0x000000070b000000, 0x000000070b000000, 0x000000070b100000|  0%| F|  |TAMS 0x000000070b000000, 0x000000070b000000| Untracked 
|  45|0x000000070b100000, 0x000000070b100000, 0x000000070b200000|  0%| F|  |TAMS 0x000000070b100000, 0x000000070b100000| Untracked 
|  46|0x000000070b200000, 0x000000070b200000, 0x000000070b300000|  0%| F|  |TAMS 0x000000070b200000, 0x000000070b200000| Untracked 
|  47|0x000000070b300000, 0x000000070b300000, 0x000000070b400000|  0%| F|  |TAMS 0x000000070b300000, 0x000000070b300000| Untracked 
|  48|0x000000070b400000, 0x000000070b400000, 0x000000070b500000|  0%| F|  |TAMS 0x000000070b400000, 0x000000070b400000| Untracked 
|  49|0x000000070b500000, 0x000000070b500000, 0x000000070b600000|  0%| F|  |TAMS 0x000000070b500000, 0x000000070b500000| Untracked 
|  50|0x000000070b600000, 0x000000070b600000, 0x000000070b700000|  0%| F|  |TAMS 0x000000070b600000, 0x000000070b600000| Untracked 
|  51|0x000000070b700000, 0x000000070b700000, 0x000000070b800000|  0%| F|  |TAMS 0x000000070b700000, 0x000000070b700000| Untracked 
|  52|0x000000070b800000, 0x000000070b800000, 0x000000070b900000|  0%| F|  |TAMS 0x000000070b800000, 0x000000070b800000| Untracked 
|  53|0x000000070b900000, 0x000000070b900000, 0x000000070ba00000|  0%| F|  |TAMS 0x000000070b900000, 0x000000070b900000| Untracked 
|  54|0x000000070ba00000, 0x000000070ba00000, 0x000000070bb00000|  0%| F|  |TAMS 0x000000070ba00000, 0x000000070ba00000| Untracked 
|  55|0x000000070bb00000, 0x000000070bb00000, 0x000000070bc00000|  0%| F|  |TAMS 0x000000070bb00000, 0x000000070bb00000| Untracked 
|  56|0x000000070bc00000, 0x000000070bc00000, 0x000000070bd00000|  0%| F|  |TAMS 0x000000070bc00000, 0x000000070bc00000| Untracked 
|  57|0x000000070bd00000, 0x000000070bd00000, 0x000000070be00000|  0%| F|  |TAMS 0x000000070bd00000, 0x000000070bd00000| Untracked 
|  58|0x000000070be00000, 0x000000070be00000, 0x000000070bf00000|  0%| F|  |TAMS 0x000000070be00000, 0x000000070be00000| Untracked 
|  59|0x000000070bf00000, 0x000000070bf00000, 0x000000070c000000|  0%| F|  |TAMS 0x000000070bf00000, 0x000000070bf00000| Untracked 
|  60|0x000000070c000000, 0x000000070c000000, 0x000000070c100000|  0%| F|  |TAMS 0x000000070c000000, 0x000000070c000000| Untracked 
|  61|0x000000070c100000, 0x000000070c100000, 0x000000070c200000|  0%| F|  |TAMS 0x000000070c100000, 0x000000070c100000| Untracked 
|  62|0x000000070c200000, 0x000000070c200000, 0x000000070c300000|  0%| F|  |TAMS 0x000000070c200000, 0x000000070c200000| Untracked 
|  63|0x000000070c300000, 0x000000070c300000, 0x000000070c400000|  0%| F|  |TAMS 0x000000070c300000, 0x000000070c300000| Untracked 
|  64|0x000000070c400000, 0x000000070c400000, 0x000000070c500000|  0%| F|  |TAMS 0x000000070c400000, 0x000000070c400000| Untracked 
|  65|0x000000070c500000, 0x000000070c500000, 0x000000070c600000|  0%| F|  |TAMS 0x000000070c500000, 0x000000070c500000| Untracked 
|  66|0x000000070c600000, 0x000000070c600000, 0x000000070c700000|  0%| F|  |TAMS 0x000000070c600000, 0x000000070c600000| Untracked 
|  67|0x000000070c700000, 0x000000070c700000, 0x000000070c800000|  0%| F|  |TAMS 0x000000070c700000, 0x000000070c700000| Untracked 
|  68|0x000000070c800000, 0x000000070c800000, 0x000000070c900000|  0%| F|  |TAMS 0x000000070c800000, 0x000000070c800000| Untracked 
|  69|0x000000070c900000, 0x000000070c900000, 0x000000070ca00000|  0%| F|  |TAMS 0x000000070c900000, 0x000000070c900000| Untracked 
|  70|0x000000070ca00000, 0x000000070ca00000, 0x000000070cb00000|  0%| F|  |TAMS 0x000000070ca00000, 0x000000070ca00000| Untracked 
|  71|0x000000070cb00000, 0x000000070cb00000, 0x000000070cc00000|  0%| F|  |TAMS 0x000000070cb00000, 0x000000070cb00000| Untracked 
|  72|0x000000070cc00000, 0x000000070cc00000, 0x000000070cd00000|  0%| F|  |TAMS 0x000000070cc00000, 0x000000070cc00000| Untracked 
|  73|0x000000070cd00000, 0x000000070cd00000, 0x000000070ce00000|  0%| F|  |TAMS 0x000000070cd00000, 0x000000070cd00000| Untracked 
|  74|0x000000070ce00000, 0x000000070ce00000, 0x000000070cf00000|  0%| F|  |TAMS 0x000000070ce00000, 0x000000070ce00000| Untracked 
|  75|0x000000070cf00000, 0x000000070cf00000, 0x000000070d000000|  0%| F|  |TAMS 0x000000070cf00000, 0x000000070cf00000| Untracked 
|  76|0x000000070d000000, 0x000000070d000000, 0x000000070d100000|  0%| F|  |TAMS 0x000000070d000000, 0x000000070d000000| Untracked 
|  77|0x000000070d100000, 0x000000070d100000, 0x000000070d200000|  0%| F|  |TAMS 0x000000070d100000, 0x000000070d100000| Untracked 
|  78|0x000000070d200000, 0x000000070d200000, 0x000000070d300000|  0%| F|  |TAMS 0x000000070d200000, 0x000000070d200000| Untracked 
|  79|0x000000070d300000, 0x000000070d300000, 0x000000070d400000|  0%| F|  |TAMS 0x000000070d300000, 0x000000070d300000| Untracked 
|  80|0x000000070d400000, 0x000000070d400000, 0x000000070d500000|  0%| F|  |TAMS 0x000000070d400000, 0x000000070d400000| Untracked 
|  81|0x000000070d500000, 0x000000070d500000, 0x000000070d600000|  0%| F|  |TAMS 0x000000070d500000, 0x000000070d500000| Untracked 
|  82|0x000000070d600000, 0x000000070d63b398, 0x000000070d700000| 23%| S|  |TAMS 0x000000070d600000, 0x000000070d600000| Complete 
|  83|0x000000070d700000, 0x000000070d800000, 0x000000070d800000|100%| S|  |TAMS 0x000000070d700000, 0x000000070d700000| Complete 
|  84|0x000000070d800000, 0x000000070d900000, 0x000000070d900000|100%| S|  |TAMS 0x000000070d800000, 0x000000070d800000| Complete 
|  85|0x000000070d900000, 0x000000070da00000, 0x000000070da00000|100%| S|  |TAMS 0x000000070d900000, 0x000000070d900000| Complete 
|  86|0x000000070da00000, 0x000000070db00000, 0x000000070db00000|100%| S|  |TAMS 0x000000070da00000, 0x000000070da00000| Complete 
|  87|0x000000070db00000, 0x000000070dc00000, 0x000000070dc00000|100%| S|  |TAMS 0x000000070db00000, 0x000000070db00000| Complete 
|  88|0x000000070dc00000, 0x000000070dd00000, 0x000000070dd00000|100%| S|  |TAMS 0x000000070dc00000, 0x000000070dc00000| Complete 
|  89|0x000000070dd00000, 0x000000070de00000, 0x000000070de00000|100%| S|  |TAMS 0x000000070dd00000, 0x000000070dd00000| Complete 
|  90|0x000000070de00000, 0x000000070df00000, 0x000000070df00000|100%| S|  |TAMS 0x000000070de00000, 0x000000070de00000| Complete 
|  91|0x000000070df00000, 0x000000070e000000, 0x000000070e000000|100%| S|  |TAMS 0x000000070df00000, 0x000000070df00000| Complete 
|  92|0x000000070e000000, 0x000000070e100000, 0x000000070e100000|100%| S|  |TAMS 0x000000070e000000, 0x000000070e000000| Complete 
|  93|0x000000070e100000, 0x000000070e200000, 0x000000070e200000|100%| S|  |TAMS 0x000000070e100000, 0x000000070e100000| Complete 
|  94|0x000000070e200000, 0x000000070e300000, 0x000000070e300000|100%| S|  |TAMS 0x000000070e200000, 0x000000070e200000| Complete 
|  95|0x000000070e300000, 0x000000070e400000, 0x000000070e400000|100%| S|  |TAMS 0x000000070e300000, 0x000000070e300000| Complete 
|  96|0x000000070e400000, 0x000000070e500000, 0x000000070e500000|100%| S|  |TAMS 0x000000070e400000, 0x000000070e400000| Complete 
|  97|0x000000070e500000, 0x000000070e600000, 0x000000070e600000|100%| S|  |TAMS 0x000000070e500000, 0x000000070e500000| Complete 
|  98|0x000000070e600000, 0x000000070e700000, 0x000000070e700000|100%| S|  |TAMS 0x000000070e600000, 0x000000070e600000| Complete 
|  99|0x000000070e700000, 0x000000070e800000, 0x000000070e800000|100%| S|  |TAMS 0x000000070e700000, 0x000000070e700000| Complete 
| 100|0x000000070e800000, 0x000000070e900000, 0x000000070e900000|100%| E|CS|TAMS 0x000000070e800000, 0x000000070e800000| Complete 
| 101|0x000000070e900000, 0x000000070ea00000, 0x000000070ea00000|100%| E|CS|TAMS 0x000000070e900000, 0x000000070e900000| Complete 
| 102|0x000000070ea00000, 0x000000070eb00000, 0x000000070eb00000|100%| E|CS|TAMS 0x000000070ea00000, 0x000000070ea00000| Complete 
| 103|0x000000070eb00000, 0x000000070ec00000, 0x000000070ec00000|100%| E|CS|TAMS 0x000000070eb00000, 0x000000070eb00000| Complete 
| 104|0x000000070ec00000, 0x000000070ed00000, 0x000000070ed00000|100%| E|CS|TAMS 0x000000070ec00000, 0x000000070ec00000| Complete 
| 105|0x000000070ed00000, 0x000000070ee00000, 0x000000070ee00000|100%| E|CS|TAMS 0x000000070ed00000, 0x000000070ed00000| Complete 
| 106|0x000000070ee00000, 0x000000070ef00000, 0x000000070ef00000|100%| E|CS|TAMS 0x000000070ee00000, 0x000000070ee00000| Complete 
| 107|0x000000070ef00000, 0x000000070f000000, 0x000000070f000000|100%| E|CS|TAMS 0x000000070ef00000, 0x000000070ef00000| Complete 
| 108|0x000000070f000000, 0x000000070f100000, 0x000000070f100000|100%| E|CS|TAMS 0x000000070f000000, 0x000000070f000000| Complete 
| 109|0x000000070f100000, 0x000000070f200000, 0x000000070f200000|100%| E|CS|TAMS 0x000000070f100000, 0x000000070f100000| Complete 
| 110|0x000000070f200000, 0x000000070f300000, 0x000000070f300000|100%| E|CS|TAMS 0x000000070f200000, 0x000000070f200000| Complete 
| 111|0x000000070f300000, 0x000000070f400000, 0x000000070f400000|100%| E|CS|TAMS 0x000000070f300000, 0x000000070f300000| Complete 
| 112|0x000000070f400000, 0x000000070f500000, 0x000000070f500000|100%| E|CS|TAMS 0x000000070f400000, 0x000000070f400000| Complete 
| 113|0x000000070f500000, 0x000000070f600000, 0x000000070f600000|100%| E|CS|TAMS 0x000000070f500000, 0x000000070f500000| Complete 
| 114|0x000000070f600000, 0x000000070f700000, 0x000000070f700000|100%| E|CS|TAMS 0x000000070f600000, 0x000000070f600000| Complete 
| 115|0x000000070f700000, 0x000000070f800000, 0x000000070f800000|100%| E|CS|TAMS 0x000000070f700000, 0x000000070f700000| Complete 
| 116|0x000000070f800000, 0x000000070f900000, 0x000000070f900000|100%| E|CS|TAMS 0x000000070f800000, 0x000000070f800000| Complete 
| 117|0x000000070f900000, 0x000000070fa00000, 0x000000070fa00000|100%| E|CS|TAMS 0x000000070f900000, 0x000000070f900000| Complete 
| 118|0x000000070fa00000, 0x000000070fb00000, 0x000000070fb00000|100%| E|CS|TAMS 0x000000070fa00000, 0x000000070fa00000| Complete 
| 119|0x000000070fb00000, 0x000000070fc00000, 0x000000070fc00000|100%| E|CS|TAMS 0x000000070fb00000, 0x000000070fb00000| Complete 
| 120|0x000000070fc00000, 0x000000070fc89bc0, 0x000000070fd00000| 53%| E|CS|TAMS 0x000000070fc00000, 0x000000070fc00000| Complete 
| 121|0x000000070fd00000, 0x000000070fe00000, 0x000000070fe00000|100%| E|CS|TAMS 0x000000070fd00000, 0x000000070fd00000| Complete 
| 122|0x000000070fe00000, 0x000000070ff00000, 0x000000070ff00000|100%| E|CS|TAMS 0x000000070fe00000, 0x000000070fe00000| Complete 
| 123|0x000000070ff00000, 0x0000000710000000, 0x0000000710000000|100%| E|CS|TAMS 0x000000070ff00000, 0x000000070ff00000| Complete 
| 124|0x0000000710000000, 0x0000000710100000, 0x0000000710100000|100%| E|CS|TAMS 0x0000000710000000, 0x0000000710000000| Complete 
| 125|0x0000000710100000, 0x0000000710200000, 0x0000000710200000|100%| E|CS|TAMS 0x0000000710100000, 0x0000000710100000| Complete 
| 126|0x0000000710200000, 0x0000000710300000, 0x0000000710300000|100%| E|CS|TAMS 0x0000000710200000, 0x0000000710200000| Complete 
| 127|0x0000000710300000, 0x0000000710400000, 0x0000000710400000|100%| E|CS|TAMS 0x0000000710300000, 0x0000000710300000| Complete 
| 128|0x0000000710400000, 0x0000000710500000, 0x0000000710500000|100%| E|CS|TAMS 0x0000000710400000, 0x0000000710400000| Complete 
| 129|0x0000000710500000, 0x0000000710600000, 0x0000000710600000|100%| E|CS|TAMS 0x0000000710500000, 0x0000000710500000| Complete 
| 130|0x0000000710600000, 0x0000000710700000, 0x0000000710700000|100%| E|CS|TAMS 0x0000000710600000, 0x0000000710600000| Complete 
| 131|0x0000000710700000, 0x0000000710800000, 0x0000000710800000|100%| E|CS|TAMS 0x0000000710700000, 0x0000000710700000| Complete 
| 132|0x0000000710800000, 0x0000000710900000, 0x0000000710900000|100%| E|CS|TAMS 0x0000000710800000, 0x0000000710800000| Complete 
| 133|0x0000000710900000, 0x0000000710a00000, 0x0000000710a00000|100%| E|CS|TAMS 0x0000000710900000, 0x0000000710900000| Complete 
| 134|0x0000000710a00000, 0x0000000710b00000, 0x0000000710b00000|100%| E|CS|TAMS 0x0000000710a00000, 0x0000000710a00000| Complete 
| 135|0x0000000710b00000, 0x0000000710c00000, 0x0000000710c00000|100%| E|CS|TAMS 0x0000000710b00000, 0x0000000710b00000| Complete 
| 136|0x0000000710c00000, 0x0000000710d00000, 0x0000000710d00000|100%| E|CS|TAMS 0x0000000710c00000, 0x0000000710c00000| Complete 
| 137|0x0000000710d00000, 0x0000000710e00000, 0x0000000710e00000|100%| E|CS|TAMS 0x0000000710d00000, 0x0000000710d00000| Complete 
| 138|0x0000000710e00000, 0x0000000710f00000, 0x0000000710f00000|100%| E|CS|TAMS 0x0000000710e00000, 0x0000000710e00000| Complete 
| 139|0x0000000710f00000, 0x0000000711000000, 0x0000000711000000|100%| E|CS|TAMS 0x0000000710f00000, 0x0000000710f00000| Complete 
| 140|0x0000000711000000, 0x0000000711100000, 0x0000000711100000|100%| E|CS|TAMS 0x0000000711000000, 0x0000000711000000| Complete 
| 141|0x0000000711100000, 0x0000000711200000, 0x0000000711200000|100%| E|CS|TAMS 0x0000000711100000, 0x0000000711100000| Complete 
| 142|0x0000000711200000, 0x0000000711300000, 0x0000000711300000|100%| E|CS|TAMS 0x0000000711200000, 0x0000000711200000| Complete 
| 143|0x0000000711300000, 0x0000000711400000, 0x0000000711400000|100%| E|CS|TAMS 0x0000000711300000, 0x0000000711300000| Complete 
| 144|0x0000000711400000, 0x0000000711500000, 0x0000000711500000|100%| E|CS|TAMS 0x0000000711400000, 0x0000000711400000| Complete 
| 145|0x0000000711500000, 0x0000000711600000, 0x0000000711600000|100%| E|CS|TAMS 0x0000000711500000, 0x0000000711500000| Complete 
| 146|0x0000000711600000, 0x0000000711700000, 0x0000000711700000|100%| E|CS|TAMS 0x0000000711600000, 0x0000000711600000| Complete 
| 147|0x0000000711700000, 0x0000000711800000, 0x0000000711800000|100%| E|CS|TAMS 0x0000000711700000, 0x0000000711700000| Complete 
| 148|0x0000000711800000, 0x0000000711900000, 0x0000000711900000|100%| E|CS|TAMS 0x0000000711800000, 0x0000000711800000| Complete 
| 149|0x0000000711900000, 0x0000000711a00000, 0x0000000711a00000|100%| E|CS|TAMS 0x0000000711900000, 0x0000000711900000| Complete 
| 150|0x0000000711a00000, 0x0000000711b00000, 0x0000000711b00000|100%| E|CS|TAMS 0x0000000711a00000, 0x0000000711a00000| Complete 
| 151|0x0000000711b00000, 0x0000000711c00000, 0x0000000711c00000|100%| E|CS|TAMS 0x0000000711b00000, 0x0000000711b00000| Complete 
| 152|0x0000000711c00000, 0x0000000711d00000, 0x0000000711d00000|100%| E|CS|TAMS 0x0000000711c00000, 0x0000000711c00000| Complete 
| 153|0x0000000711d00000, 0x0000000711e00000, 0x0000000711e00000|100%| E|CS|TAMS 0x0000000711d00000, 0x0000000711d00000| Complete 
| 154|0x0000000711e00000, 0x0000000711f00000, 0x0000000711f00000|100%| E|CS|TAMS 0x0000000711e00000, 0x0000000711e00000| Complete 
| 155|0x0000000711f00000, 0x0000000712000000, 0x0000000712000000|100%| E|CS|TAMS 0x0000000711f00000, 0x0000000711f00000| Complete 
| 156|0x0000000712000000, 0x0000000712100000, 0x0000000712100000|100%| E|CS|TAMS 0x0000000712000000, 0x0000000712000000| Complete 
| 157|0x0000000712100000, 0x0000000712200000, 0x0000000712200000|100%| E|CS|TAMS 0x0000000712100000, 0x0000000712100000| Complete 
| 158|0x0000000712200000, 0x0000000712300000, 0x0000000712300000|100%| E|CS|TAMS 0x0000000712200000, 0x0000000712200000| Complete 
| 159|0x0000000712300000, 0x0000000712400000, 0x0000000712400000|100%| E|CS|TAMS 0x0000000712300000, 0x0000000712300000| Complete 
| 160|0x0000000712400000, 0x0000000712500000, 0x0000000712500000|100%| E|CS|TAMS 0x0000000712400000, 0x0000000712400000| Complete 
| 161|0x0000000712500000, 0x0000000712600000, 0x0000000712600000|100%| E|CS|TAMS 0x0000000712500000, 0x0000000712500000| Complete 
| 162|0x0000000712600000, 0x0000000712700000, 0x0000000712700000|100%| E|CS|TAMS 0x0000000712600000, 0x0000000712600000| Complete 
| 163|0x0000000712700000, 0x0000000712800000, 0x0000000712800000|100%| E|CS|TAMS 0x0000000712700000, 0x0000000712700000| Complete 
| 164|0x0000000712800000, 0x0000000712900000, 0x0000000712900000|100%| E|CS|TAMS 0x0000000712800000, 0x0000000712800000| Complete 
| 165|0x0000000712900000, 0x0000000712a00000, 0x0000000712a00000|100%| E|CS|TAMS 0x0000000712900000, 0x0000000712900000| Complete 
| 166|0x0000000712a00000, 0x0000000712b00000, 0x0000000712b00000|100%| E|CS|TAMS 0x0000000712a00000, 0x0000000712a00000| Complete 
| 167|0x0000000712b00000, 0x0000000712c00000, 0x0000000712c00000|100%| E|CS|TAMS 0x0000000712b00000, 0x0000000712b00000| Complete 
| 168|0x0000000712c00000, 0x0000000712d00000, 0x0000000712d00000|100%| E|CS|TAMS 0x0000000712c00000, 0x0000000712c00000| Complete 
| 169|0x0000000712d00000, 0x0000000712e00000, 0x0000000712e00000|100%| E|CS|TAMS 0x0000000712d00000, 0x0000000712d00000| Complete 
| 170|0x0000000712e00000, 0x0000000712f00000, 0x0000000712f00000|100%| E|CS|TAMS 0x0000000712e00000, 0x0000000712e00000| Complete 
| 171|0x0000000712f00000, 0x0000000713000000, 0x0000000713000000|100%| E|CS|TAMS 0x0000000712f00000, 0x0000000712f00000| Complete 
| 172|0x0000000713000000, 0x0000000713100000, 0x0000000713100000|100%| E|CS|TAMS 0x0000000713000000, 0x0000000713000000| Complete 
| 173|0x0000000713100000, 0x0000000713200000, 0x0000000713200000|100%| E|CS|TAMS 0x0000000713100000, 0x0000000713100000| Complete 
| 174|0x0000000713200000, 0x0000000713300000, 0x0000000713300000|100%| E|CS|TAMS 0x0000000713200000, 0x0000000713200000| Complete 
| 175|0x0000000713300000, 0x0000000713400000, 0x0000000713400000|100%| E|CS|TAMS 0x0000000713300000, 0x0000000713300000| Complete 
| 176|0x0000000713400000, 0x0000000713500000, 0x0000000713500000|100%| E|CS|TAMS 0x0000000713400000, 0x0000000713400000| Complete 
| 177|0x0000000713500000, 0x0000000713600000, 0x0000000713600000|100%| E|CS|TAMS 0x0000000713500000, 0x0000000713500000| Complete 
| 178|0x0000000713600000, 0x0000000713700000, 0x0000000713700000|100%| E|CS|TAMS 0x0000000713600000, 0x0000000713600000| Complete 
| 179|0x0000000713700000, 0x0000000713800000, 0x0000000713800000|100%| E|CS|TAMS 0x0000000713700000, 0x0000000713700000| Complete 
| 180|0x0000000713800000, 0x0000000713900000, 0x0000000713900000|100%| E|CS|TAMS 0x0000000713800000, 0x0000000713800000| Complete 
| 181|0x0000000713900000, 0x0000000713a00000, 0x0000000713a00000|100%| E|CS|TAMS 0x0000000713900000, 0x0000000713900000| Complete 
| 182|0x0000000713a00000, 0x0000000713b00000, 0x0000000713b00000|100%| E|CS|TAMS 0x0000000713a00000, 0x0000000713a00000| Complete 
| 183|0x0000000713b00000, 0x0000000713c00000, 0x0000000713c00000|100%| E|CS|TAMS 0x0000000713b00000, 0x0000000713b00000| Complete 
| 184|0x0000000713c00000, 0x0000000713d00000, 0x0000000713d00000|100%| E|CS|TAMS 0x0000000713c00000, 0x0000000713c00000| Complete 
| 185|0x0000000713d00000, 0x0000000713e00000, 0x0000000713e00000|100%| E|CS|TAMS 0x0000000713d00000, 0x0000000713d00000| Complete 
| 186|0x0000000713e00000, 0x0000000713f00000, 0x0000000713f00000|100%| E|CS|TAMS 0x0000000713e00000, 0x0000000713e00000| Complete 
| 187|0x0000000713f00000, 0x0000000714000000, 0x0000000714000000|100%| E|CS|TAMS 0x0000000713f00000, 0x0000000713f00000| Complete 
| 188|0x0000000714000000, 0x0000000714100000, 0x0000000714100000|100%| E|CS|TAMS 0x0000000714000000, 0x0000000714000000| Complete 
| 189|0x0000000714100000, 0x0000000714200000, 0x0000000714200000|100%| E|CS|TAMS 0x0000000714100000, 0x0000000714100000| Complete 
| 190|0x0000000714200000, 0x0000000714300000, 0x0000000714300000|100%| E|CS|TAMS 0x0000000714200000, 0x0000000714200000| Complete 
| 191|0x0000000714300000, 0x0000000714400000, 0x0000000714400000|100%| E|CS|TAMS 0x0000000714300000, 0x0000000714300000| Complete 
| 192|0x0000000714400000, 0x0000000714500000, 0x0000000714500000|100%| E|CS|TAMS 0x0000000714400000, 0x0000000714400000| Complete 
| 193|0x0000000714500000, 0x0000000714600000, 0x0000000714600000|100%| E|CS|TAMS 0x0000000714500000, 0x0000000714500000| Complete 
| 194|0x0000000714600000, 0x0000000714700000, 0x0000000714700000|100%| E|CS|TAMS 0x0000000714600000, 0x0000000714600000| Complete 
| 195|0x0000000714700000, 0x0000000714800000, 0x0000000714800000|100%| E|CS|TAMS 0x0000000714700000, 0x0000000714700000| Complete 
| 196|0x0000000714800000, 0x0000000714900000, 0x0000000714900000|100%| E|CS|TAMS 0x0000000714800000, 0x0000000714800000| Complete 
| 197|0x0000000714900000, 0x0000000714a00000, 0x0000000714a00000|100%| E|CS|TAMS 0x0000000714900000, 0x0000000714900000| Complete 
| 198|0x0000000714a00000, 0x0000000714b00000, 0x0000000714b00000|100%| E|CS|TAMS 0x0000000714a00000, 0x0000000714a00000| Complete 
| 199|0x0000000714b00000, 0x0000000714c00000, 0x0000000714c00000|100%| E|CS|TAMS 0x0000000714b00000, 0x0000000714b00000| Complete 
| 200|0x0000000714c00000, 0x0000000714d00000, 0x0000000714d00000|100%| E|CS|TAMS 0x0000000714c00000, 0x0000000714c00000| Complete 
| 201|0x0000000714d00000, 0x0000000714e00000, 0x0000000714e00000|100%| E|CS|TAMS 0x0000000714d00000, 0x0000000714d00000| Complete 
| 202|0x0000000714e00000, 0x0000000714f00000, 0x0000000714f00000|100%| E|CS|TAMS 0x0000000714e00000, 0x0000000714e00000| Complete 
| 203|0x0000000714f00000, 0x0000000715000000, 0x0000000715000000|100%| E|CS|TAMS 0x0000000714f00000, 0x0000000714f00000| Complete 
| 204|0x0000000715000000, 0x0000000715100000, 0x0000000715100000|100%| E|CS|TAMS 0x0000000715000000, 0x0000000715000000| Complete 
| 205|0x0000000715100000, 0x0000000715200000, 0x0000000715200000|100%| E|CS|TAMS 0x0000000715100000, 0x0000000715100000| Complete 
| 206|0x0000000715200000, 0x0000000715300000, 0x0000000715300000|100%| E|CS|TAMS 0x0000000715200000, 0x0000000715200000| Complete 
| 207|0x0000000715300000, 0x0000000715400000, 0x0000000715400000|100%| E|CS|TAMS 0x0000000715300000, 0x0000000715300000| Complete 
| 208|0x0000000715400000, 0x0000000715500000, 0x0000000715500000|100%| E|CS|TAMS 0x0000000715400000, 0x0000000715400000| Complete 
| 209|0x0000000715500000, 0x0000000715600000, 0x0000000715600000|100%| E|CS|TAMS 0x0000000715500000, 0x0000000715500000| Complete 
| 210|0x0000000715600000, 0x0000000715700000, 0x0000000715700000|100%| E|CS|TAMS 0x0000000715600000, 0x0000000715600000| Complete 
| 211|0x0000000715700000, 0x0000000715800000, 0x0000000715800000|100%| E|CS|TAMS 0x0000000715700000, 0x0000000715700000| Complete 
| 212|0x0000000715800000, 0x0000000715900000, 0x0000000715900000|100%| E|CS|TAMS 0x0000000715800000, 0x0000000715800000| Complete 
| 213|0x0000000715900000, 0x0000000715a00000, 0x0000000715a00000|100%| E|CS|TAMS 0x0000000715900000, 0x0000000715900000| Complete 
| 214|0x0000000715a00000, 0x0000000715b00000, 0x0000000715b00000|100%| E|CS|TAMS 0x0000000715a00000, 0x0000000715a00000| Complete 
| 215|0x0000000715b00000, 0x0000000715c00000, 0x0000000715c00000|100%| E|CS|TAMS 0x0000000715b00000, 0x0000000715b00000| Complete 
| 216|0x0000000715c00000, 0x0000000715d00000, 0x0000000715d00000|100%| E|CS|TAMS 0x0000000715c00000, 0x0000000715c00000| Complete 
| 217|0x0000000715d00000, 0x0000000715e00000, 0x0000000715e00000|100%| E|CS|TAMS 0x0000000715d00000, 0x0000000715d00000| Complete 
| 218|0x0000000715e00000, 0x0000000715f00000, 0x0000000715f00000|100%| E|CS|TAMS 0x0000000715e00000, 0x0000000715e00000| Complete 
| 219|0x0000000715f00000, 0x0000000716000000, 0x0000000716000000|100%| E|CS|TAMS 0x0000000715f00000, 0x0000000715f00000| Complete 
| 220|0x0000000716000000, 0x0000000716100000, 0x0000000716100000|100%| E|CS|TAMS 0x0000000716000000, 0x0000000716000000| Complete 
| 221|0x0000000716100000, 0x0000000716200000, 0x0000000716200000|100%| E|CS|TAMS 0x0000000716100000, 0x0000000716100000| Complete 
| 222|0x0000000716200000, 0x0000000716300000, 0x0000000716300000|100%| E|CS|TAMS 0x0000000716200000, 0x0000000716200000| Complete 
| 223|0x0000000716300000, 0x0000000716400000, 0x0000000716400000|100%| E|CS|TAMS 0x0000000716300000, 0x0000000716300000| Complete 
| 224|0x0000000716400000, 0x0000000716500000, 0x0000000716500000|100%| E|CS|TAMS 0x0000000716400000, 0x0000000716400000| Complete 
| 225|0x0000000716500000, 0x0000000716600000, 0x0000000716600000|100%| E|CS|TAMS 0x0000000716500000, 0x0000000716500000| Complete 
| 226|0x0000000716600000, 0x0000000716700000, 0x0000000716700000|100%| E|CS|TAMS 0x0000000716600000, 0x0000000716600000| Complete 
| 227|0x0000000716700000, 0x0000000716800000, 0x0000000716800000|100%| E|CS|TAMS 0x0000000716700000, 0x0000000716700000| Complete 
| 228|0x0000000716800000, 0x0000000716900000, 0x0000000716900000|100%| E|CS|TAMS 0x0000000716800000, 0x0000000716800000| Complete 
| 229|0x0000000716900000, 0x0000000716a00000, 0x0000000716a00000|100%| E|CS|TAMS 0x0000000716900000, 0x0000000716900000| Complete 
| 230|0x0000000716a00000, 0x0000000716b00000, 0x0000000716b00000|100%| E|CS|TAMS 0x0000000716a00000, 0x0000000716a00000| Complete 
| 231|0x0000000716b00000, 0x0000000716c00000, 0x0000000716c00000|100%| E|CS|TAMS 0x0000000716b00000, 0x0000000716b00000| Complete 
| 232|0x0000000716c00000, 0x0000000716d00000, 0x0000000716d00000|100%| E|CS|TAMS 0x0000000716c00000, 0x0000000716c00000| Complete 
| 233|0x0000000716d00000, 0x0000000716e00000, 0x0000000716e00000|100%| E|CS|TAMS 0x0000000716d00000, 0x0000000716d00000| Complete 
| 234|0x0000000716e00000, 0x0000000716f00000, 0x0000000716f00000|100%| E|CS|TAMS 0x0000000716e00000, 0x0000000716e00000| Complete 
| 235|0x0000000716f00000, 0x0000000717000000, 0x0000000717000000|100%| E|CS|TAMS 0x0000000716f00000, 0x0000000716f00000| Complete 
| 236|0x0000000717000000, 0x0000000717100000, 0x0000000717100000|100%| E|CS|TAMS 0x0000000717000000, 0x0000000717000000| Complete 
| 237|0x0000000717100000, 0x0000000717200000, 0x0000000717200000|100%| E|CS|TAMS 0x0000000717100000, 0x0000000717100000| Complete 
| 238|0x0000000717200000, 0x0000000717300000, 0x0000000717300000|100%| E|CS|TAMS 0x0000000717200000, 0x0000000717200000| Complete 
| 239|0x0000000717300000, 0x0000000717400000, 0x0000000717400000|100%| E|CS|TAMS 0x0000000717300000, 0x0000000717300000| Complete 
| 240|0x0000000717400000, 0x0000000717500000, 0x0000000717500000|100%| E|CS|TAMS 0x0000000717400000, 0x0000000717400000| Complete 
| 241|0x0000000717500000, 0x0000000717600000, 0x0000000717600000|100%| E|CS|TAMS 0x0000000717500000, 0x0000000717500000| Complete 
| 242|0x0000000717600000, 0x0000000717700000, 0x0000000717700000|100%| E|CS|TAMS 0x0000000717600000, 0x0000000717600000| Complete 
| 243|0x0000000717700000, 0x0000000717800000, 0x0000000717800000|100%| E|CS|TAMS 0x0000000717700000, 0x0000000717700000| Complete 
| 244|0x0000000717800000, 0x0000000717900000, 0x0000000717900000|100%| E|CS|TAMS 0x0000000717800000, 0x0000000717800000| Complete 
| 245|0x0000000717900000, 0x0000000717a00000, 0x0000000717a00000|100%| E|CS|TAMS 0x0000000717900000, 0x0000000717900000| Complete 
| 246|0x0000000717a00000, 0x0000000717b00000, 0x0000000717b00000|100%| E|CS|TAMS 0x0000000717a00000, 0x0000000717a00000| Complete 
| 247|0x0000000717b00000, 0x0000000717c00000, 0x0000000717c00000|100%| E|CS|TAMS 0x0000000717b00000, 0x0000000717b00000| Complete 
|2938|0x00000007bfe00000, 0x00000007bfe47000, 0x00000007bff00000| 27%|OA|  |TAMS 0x00000007bfe47000, 0x00000007bfe00000| Untracked 
|2939|0x00000007bff00000, 0x00000007bff6b000, 0x00000007c0000000| 41%|CA|  |TAMS 0x00000007bff6b000, 0x00000007bff00000| Untracked 

Card table byte_map: [0x00007f99210a9000,0x00007f9921867000] _byte_map_base: 0x00007f991d867000

Marking Bits (Prev, Next): (CMBitMap*) 0x00007f991c07f2a0, (CMBitMap*) 0x00007f991c07f268
 Prev Bits: [0x00007f98f8420000, 0x00007f98fc210000)
 Next Bits: [0x00007f98fc210000, 0x00007f9900000000)

Polling page: 0x00007f9922d7a000

Metaspace:

Usage:
  Non-class:     24,06 MB capacity,    23,42 MB ( 97%) used,   540,72 KB (  2%) free+waste,   118,38 KB ( <1%) overhead. 
      Class:      4,16 MB capacity,     3,70 MB ( 89%) used,   406,03 KB ( 10%) free+waste,    61,12 KB (  1%) overhead. 
       Both:     28,22 MB capacity,    27,12 MB ( 96%) used,   946,75 KB (  3%) free+waste,   179,50 KB ( <1%) overhead. 

Virtual space:
  Non-class space:       26,00 MB reserved,      24,42 MB ( 94%) committed 
      Class space:        1,00 GB reserved,       4,25 MB ( <1%) committed 
             Both:        1,03 GB reserved,      28,67 MB (  3%) committed 

Chunk freelists:
   Non-Class:  136,00 KB
       Class:  0 bytes
        Both:  136,00 KB

MaxMetaspaceSize: unlimited
CompressedClassSpaceSize: 1,00 GB

CodeHeap 'non-profiled nmethods': size=238384Kb used=6103Kb max_used=6103Kb free=232280Kb
 bounds [0x00007f9904fac000, 0x00007f99055ac000, 0x00007f9913878000]
CodeHeap 'non-nmethods': size=7376Kb used=1140Kb max_used=1140Kb free=6235Kb
 bounds [0x00007f9904878000, 0x00007f9904ae8000, 0x00007f9904fac000]
 total_blobs=4309 nmethods=3836 adapters=400
 compilation: enabled
              stopped_count=0, restarted_count=0
 full_count=0

Compilation events (20 events):
Event: 1,446 Thread 0x00007f991c1ed000 3827       1       java.lang.invoke.MethodHandles::identity (87 bytes)
Event: 1,447 Thread 0x00007f991c1ed000 nmethod 3827 0x00007f990559de90 code [0x00007f990559e180, 0x00007f990559f120]
Event: 1,447 Thread 0x00007f991c1ed000 3828       1       java.lang.invoke.DelegatingMethodHandle::rebind (8 bytes)
Event: 1,447 Thread 0x00007f991c1ed000 nmethod 3828 0x00007f990559f910 code [0x00007f990559fae0, 0x00007f990559fbf0]
Event: 1,447 Thread 0x00007f991c1ed000 3829       1       java.lang.invoke.SimpleMethodHandle::speciesData (4 bytes)
Event: 1,447 Thread 0x00007f991c1ed000 nmethod 3829 0x00007f990559fc90 code [0x00007f990559fe40, 0x00007f990559ff10]
Event: 1,447 Thread 0x00007f991c1ed000 3830       1       java.lang.invoke.SimpleMethodHandle::copyWithExtendL (7 bytes)
Event: 1,447 Thread 0x00007f991c1ed000 nmethod 3830 0x00007f990559ff90 code [0x00007f99055a0140, 0x00007f99055a0320]
Event: 1,447 Thread 0x00007f991c1ed000 3832       1       java.util.logging.Level::intValue (5 bytes)
Event: 1,447 Thread 0x00007f991c1ed000 nmethod 3832 0x00007f99055a0410 code [0x00007f99055a05c0, 0x00007f99055a0690]
Event: 1,447 Thread 0x00007f991c1ed000 3831       1       java.lang.Module::getName (5 bytes)
Event: 1,447 Thread 0x00007f991c1ed000 nmethod 3831 0x00007f99055a0710 code [0x00007f99055a08c0, 0x00007f99055a0990]
Event: 1,452 Thread 0x00007f991c1ed000 3833       1       sun.util.calendar.CalendarDate::getYear (5 bytes)
Event: 1,452 Thread 0x00007f991c1ed000 nmethod 3833 0x00007f99055a0a10 code [0x00007f99055a0bc0, 0x00007f99055a0c90]
Event: 1,452 Thread 0x00007f991c1ed000 3834       1       java.util.concurrent.ConcurrentHashMap::<init> (5 bytes)
Event: 1,452 Thread 0x00007f991c1ed000 nmethod 3834 0x00007f99055a0d10 code [0x00007f99055a0ec0, 0x00007f99055a0f90]
Event: 1,456 Thread 0x00007f991c1ed000 3835       1       java.util.BitSet::expandTo (23 bytes)
Event: 1,456 Thread 0x00007f991c1ed000 nmethod 3835 0x00007f99055a1010 code [0x00007f99055a11c0, 0x00007f99055a12e0]
Event: 1,456 Thread 0x00007f991c1ed000 3836       1       java.util.BitSet::set (58 bytes)
Event: 1,457 Thread 0x00007f991c1ed000 nmethod 3836 0x00007f99055a1390 code [0x00007f99055a15c0, 0x00007f99055a1a50]

GC Heap History (7 events):
Event: 0,194 GC heap before
{Heap before GC invocations=0 (full 0):
 garbage-first heap   total 256000K, used 27336K [0x0000000708400000, 0x0000000800000000)
  region size 1024K, 24 young (24576K), 0 survivors (0K)
 Metaspace       used 2876K, capacity 6095K, committed 6272K, reserved 1056768K
  class space    used 327K, capacity 586K, committed 640K, reserved 1048576K
}
Event: 0,199 GC heap after
{Heap after GC invocations=1 (full 0):
 garbage-first heap   total 256000K, used 7408K [0x0000000708400000, 0x0000000800000000)
  region size 1024K, 3 young (3072K), 3 survivors (3072K)
 Metaspace       used 2876K, capacity 6095K, committed 6272K, reserved 1056768K
  class space    used 327K, capacity 586K, committed 640K, reserved 1048576K
}
Event: 0,652 GC heap before
{Heap before GC invocations=1 (full 0):
 garbage-first heap   total 256000K, used 155888K [0x0000000708400000, 0x0000000800000000)
  region size 1024K, 148 young (151552K), 3 survivors (3072K)
 Metaspace       used 15375K, capacity 16634K, committed 16768K, reserved 1062912K
  class space    used 2130K, capacity 2381K, committed 2432K, reserved 1048576K
}
Event: 0,656 GC heap after
{Heap after GC invocations=2 (full 0):
 garbage-first heap   total 256000K, used 11217K [0x0000000708400000, 0x0000000800000000)
  region size 1024K, 7 young (7168K), 7 survivors (7168K)
 Metaspace       used 15375K, capacity 16634K, committed 16768K, reserved 1062912K
  class space    used 2130K, capacity 2381K, committed 2432K, reserved 1048576K
}
Event: 0,987 GC heap before
{Heap before GC invocations=2 (full 0):
 garbage-first heap   total 256000K, used 130001K [0x0000000708400000, 0x0000000800000000)
  region size 1024K, 125 young (128000K), 7 survivors (7168K)
 Metaspace       used 19776K, capacity 21135K, committed 21296K, reserved 1067008K
  class space    used 2747K, capacity 3113K, committed 3200K, reserved 1048576K
}
Event: 0,996 GC heap after
{Heap after GC invocations=3 (full 0):
 garbage-first heap   total 256000K, used 14102K [0x0000000708400000, 0x0000000800000000)
  region size 1024K, 10 young (10240K), 10 survivors (10240K)
 Metaspace       used 19776K, capacity 21135K, committed 21296K, reserved 1067008K
  class space    used 2747K, capacity 3113K, committed 3200K, reserved 1048576K
}
Event: 1,458 GC heap before
{Heap before GC invocations=4 (full 0):
 garbage-first heap   total 256000K, used 162582K [0x0000000708400000, 0x0000000800000000)
  region size 1024K, 148 young (151552K), 10 survivors (10240K)
 Metaspace       used 27773K, capacity 28900K, committed 29360K, reserved 1075200K
  class space    used 3792K, capacity 4260K, committed 4352K, reserved 1048576K
}

Deoptimization events (2 events):
Event: 1,020 Thread 0x00007f98ac00a800 DEOPT PACKING pc=0x00007f99052a70c4 sp=0x00007f98f077abe0
Event: 1,020 Thread 0x00007f98ac00a800 DEOPT UNPACKING pc=0x00007f990489e14a sp=0x00007f98f077a168 mode 0

Classes redefined (0 events):
No events

Internal exceptions (20 events):
Event: 1,168 Thread 0x00007f98ac00a800 Exception <a 'java/lang/ClassNotFoundException'{0x0000000715ae5df8}: org/springframework/aop/aspectj/annotation/AnnotationAwareAspectJAutoProxyCreatorCustomizer> (0x0000000715ae5df8) thrown at [src/hotspot/share/classfile/systemDictionary.cpp, line 231]
Event: 1,168 Thread 0x00007f98ac00a800 Exception <a 'java/lang/ClassNotFoundException'{0x0000000715914de0}: org/springframework/beans/factory/config/SmartInstantiationAwareBeanPostProcessorCustomizer> (0x0000000715914de0) thrown at [src/hotspot/share/classfile/systemDictionary.cpp, line 231]
Event: 1,169 Thread 0x00007f98ac00a800 Exception <a 'java/lang/ClassNotFoundException'{0x0000000715932b08}: org/springframework/beans/factory/config/InstantiationAwareBeanPostProcessorCustomizer> (0x0000000715932b08) thrown at [src/hotspot/share/classfile/systemDictionary.cpp, line 231]
Event: 1,169 Thread 0x00007f98ac00a800 Exception <a 'java/lang/ClassNotFoundException'{0x000000071594d550}: org/springframework/beans/factory/config/BeanPostProcessorCustomizer> (0x000000071594d550) thrown at [src/hotspot/share/classfile/systemDictionary.cpp, line 231]
Event: 1,169 Thread 0x00007f98ac00a800 Exception <a 'java/lang/ClassNotFoundException'{0x00000007159647c8}: org/springframework/beans/factory/BeanFactoryAwareCustomizer> (0x00000007159647c8) thrown at [src/hotspot/share/classfile/systemDictionary.cpp, line 231]
Event: 1,169 Thread 0x00007f98ac00a800 Exception <a 'java/lang/ClassNotFoundException'{0x0000000715979d38}: org/springframework/beans/factory/AwareCustomizer> (0x0000000715979d38) thrown at [src/hotspot/share/classfile/systemDictionary.cpp, line 231]
Event: 1,169 Thread 0x00007f98ac00a800 Exception <a 'java/lang/ClassNotFoundException'{0x000000071598cda8}: org/springframework/core/OrderedCustomizer> (0x000000071598cda8) thrown at [src/hotspot/share/classfile/systemDictionary.cpp, line 231]
Event: 1,170 Thread 0x00007f98ac00a800 Exception <a 'java/lang/ClassNotFoundException'{0x00000007159a3e68}: org/springframework/beans/factory/BeanClassLoaderAwareCustomizer> (0x00000007159a3e68) thrown at [src/hotspot/share/classfile/systemDictionary.cpp, line 231]
Event: 1,170 Thread 0x00007f98ac00a800 Exception <a 'java/lang/ClassNotFoundException'{0x00000007159b8aa8}: org/springframework/beans/factory/AwareCustomizer> (0x00000007159b8aa8) thrown at [src/hotspot/share/classfile/systemDictionary.cpp, line 231]
Event: 1,170 Thread 0x00007f98ac00a800 Exception <a 'java/lang/ClassNotFoundException'{0x00000007159cf058}: org/springframework/aop/framework/AopInfrastructureBeanCustomizer> (0x00000007159cf058) thrown at [src/hotspot/share/classfile/systemDictionary.cpp, line 231]
Event: 1,177 Thread 0x00007f98ac00a800 Exception <a 'java/lang/ClassNotFoundException'{0x000000071589d850}: java/lang/ObjectCustomizer> (0x000000071589d850) thrown at [src/hotspot/share/classfile/systemDictionary.cpp, line 231]
Event: 1,177 Thread 0x00007f98ac00a800 Exception <a 'java/lang/ClassNotFoundException'{0x00000007158bcf20}: org/springframework/transaction/annotation/AbstractTransactionManagementConfigurationCustomizer> (0x00000007158bcf20) thrown at [src/hotspot/share/classfile/systemDictionary.cpp, line 231]
Event: 1,177 Thread 0x00007f98ac00a800 Exception <a 'java/lang/ClassNotFoundException'{0x00000007158dab00}: org/springframework/transaction/annotation/ProxyTransactionManagementConfigurationCustomizer> (0x00000007158dab00) thrown at [src/hotspot/share/classfile/systemDictionary.cpp, line 231]
Event: 1,178 Thread 0x00007f98ac00a800 Exception <a 'java/lang/ClassNotFoundException'{0x00000007158f4e88}: org/springframework/context/annotation/ImportAwareCustomizer> (0x00000007158f4e88) thrown at [src/hotspot/share/classfile/systemDictionary.cpp, line 231]
Event: 1,178 Thread 0x00007f98ac00a800 Exception <a 'java/lang/ClassNotFoundException'{0x000000071570ab70}: org/springframework/beans/factory/AwareCustomizer> (0x000000071570ab70) thrown at [src/hotspot/share/classfile/systemDictionary.cpp, line 231]
Event: 1,191 Thread 0x00007f98ac00a800 Exception <a 'java/lang/NoSuchMethodError'{0x00000007155b4cf0}: 'java.lang.Object java.lang.invoke.DirectMethodHandle$Holder.invokeSpecialIFC(java.lang.Object, java.lang.Object, java.lang.Object)'> (0x00000007155b4cf0) thrown at [src/hotspot/share/interpreter/linkResolver.cpp, line 772]
Event: 1,224 Thread 0x00007f98ac00a800 Exception <a 'java/lang/NoSuchMethodError'{0x0000000714e1b068}: 'void java.lang.invoke.DirectMethodHandle$Holder.invokeInterface(java.lang.Object, java.lang.Object, int)'> (0x0000000714e1b068) thrown at [src/hotspot/share/interpreter/linkResolver.cpp, line 772]
Event: 1,225 Thread 0x00007f98ac00a800 Exception <a 'java/lang/NoSuchMethodError'{0x0000000714e33120}: 'int java.lang.invoke.DirectMethodHandle$Holder.invokeVirtual(java.lang.Object, java.lang.Object)'> (0x0000000714e33120) thrown at [src/hotspot/share/interpreter/linkResolver.cpp, line 772]
Event: 1,226 Thread 0x00007f98ac00a800 Exception <a 'java/lang/IncompatibleClassChangeError'{0x0000000714e68d00}: Found class java.lang.Object, but interface was expected> (0x0000000714e68d00) thrown at [src/hotspot/share/interpreter/linkResolver.cpp, line 839]
Event: 1,226 Thread 0x00007f98ac00a800 Exception <a 'java/lang/NoSuchMethodError'{0x0000000714e6dba8}: 'void java.lang.invoke.DirectMethodHandle$Holder.invokeStatic(java.lang.Object, int, java.lang.Object)'> (0x0000000714e6dba8) thrown at [src/hotspot/share/interpreter/linkResolver.cpp, line 772]

Events (20 events):
Event: 1,454 loading class sun/util/resources/cldr/TimeZoneNames_en_US done
Event: 1,455 loading class sun/util/resources/TimeZoneNames
Event: 1,455 loading class sun/util/resources/TimeZoneNames done
Event: 1,455 loading class sun/util/resources/TimeZoneNames_en
Event: 1,455 loading class sun/util/resources/TimeZoneNames_en done
Event: 1,456 loading class org/apache/tomcat/util/http/LocalStrings
Event: 1,456 loading class org/apache/tomcat/util/http/LocalStrings done
Event: 1,456 loading class org/apache/tomcat/util/http/SameSiteCookies
Event: 1,456 loading class org/apache/tomcat/util/http/SameSiteCookies done
Event: 1,456 loading class org/apache/catalina/util/ExtensionValidator
Event: 1,456 loading class org/apache/catalina/util/ExtensionValidator done
Event: 1,457 loading class java/util/jar/JarInputStream
Event: 1,457 loading class java/util/zip/ZipInputStream
Event: 1,457 loading class java/util/zip/ZipInputStream done
Event: 1,457 loading class java/util/jar/JarInputStream done
Event: 1,457 loading class java/io/PushbackInputStream
Event: 1,457 loading class java/io/PushbackInputStream done
Event: 1,457 loading class org/apache/catalina/util/ManifestResource
Event: 1,457 loading class org/apache/catalina/util/ManifestResource done
Event: 1,458 Executing VM operation: G1CollectForAllocation


Dynamic libraries:
708400000-717c00000 rw-p 00000000 00:00 0 
717c00000-7bfe00000 ---p 00000000 00:00 0 
7bfe00000-7bfe47000 rw-p 01111000 103:06 3801302                         /usr/lib/jvm/java-11-openjdk-amd64/lib/server/classes.jsa
7bfe47000-7bff00000 rw-p 00000000 00:00 0 
7bff00000-7bff6b000 rw-p 010a6000 103:06 3801302                         /usr/lib/jvm/java-11-openjdk-amd64/lib/server/classes.jsa
7bff6b000-7c0000000 rw-p 00000000 00:00 0 
7c0000000-800000000 ---p 00000000 00:00 0 
800000000-800002000 rwxp 00001000 103:06 3801302                         /usr/lib/jvm/java-11-openjdk-amd64/lib/server/classes.jsa
800002000-8003b9000 rw-p 00003000 103:06 3801302                         /usr/lib/jvm/java-11-openjdk-amd64/lib/server/classes.jsa
8003b9000-800a96000 r--p 003ba000 103:06 3801302                         /usr/lib/jvm/java-11-openjdk-amd64/lib/server/classes.jsa
800a96000-800a97000 rw-p 00a97000 103:06 3801302                         /usr/lib/jvm/java-11-openjdk-amd64/lib/server/classes.jsa
800a97000-8010a5000 r--p 00a98000 103:06 3801302                         /usr/lib/jvm/java-11-openjdk-amd64/lib/server/classes.jsa
840000000-840440000 rw-p 00000000 00:00 0 
840440000-880000000 ---p 00000000 00:00 0 
55927e299000-55927e29a000 r--p 00000000 103:06 2889003                   /usr/lib/jvm/java-11-openjdk-amd64/bin/java
55927e29a000-55927e29b000 r-xp 00001000 103:06 2889003                   /usr/lib/jvm/java-11-openjdk-amd64/bin/java
55927e29b000-55927e29c000 r--p 00002000 103:06 2889003                   /usr/lib/jvm/java-11-openjdk-amd64/bin/java
55927e29c000-55927e29d000 r--p 00002000 103:06 2889003                   /usr/lib/jvm/java-11-openjdk-amd64/bin/java
55927e29d000-55927e29e000 rw-p 00003000 103:06 2889003                   /usr/lib/jvm/java-11-openjdk-amd64/bin/java
5592800a4000-5592800c5000 rw-p 00000000 00:00 0                          [heap]
7f9890000000-7f9890021000 rw-p 00000000 00:00 0 
7f9890021000-7f9894000000 ---p 00000000 00:00 0 
7f9894000000-7f9894021000 rw-p 00000000 00:00 0 
7f9894021000-7f9898000000 ---p 00000000 00:00 0 
7f9898000000-7f9898021000 rw-p 00000000 00:00 0 
7f9898021000-7f989c000000 ---p 00000000 00:00 0 
7f989eefa000-7f989ef7a000 rw-p 00000000 00:00 0 
7f989ef7a000-7f989f0fa000 ---p 00000000 00:00 0 
7f989f0fa000-7f989f2fa000 rw-p 00000000 00:00 0 
7f989f2fa000-7f989f4fa000 rw-p 00000000 00:00 0 
7f989f4fa000-7f989f6fa000 rw-p 00000000 00:00 0 
7f989f6fa000-7f989f6fb000 ---p 00000000 00:00 0 
7f989f6fb000-7f989f7fc000 rw-p 00000000 00:00 0 
7f989f7fc000-7f989f7fd000 ---p 00000000 00:00 0 
7f989f7fd000-7f989faea000 rw-p 00000000 00:00 0 
7f989faea000-7f989fafe000 ---p 00000000 00:00 0 
7f989fafe000-7f989fcfe000 rw-p 00000000 00:00 0 
7f989fcfe000-7f989fcff000 ---p 00000000 00:00 0 
7f989fcff000-7f98a0000000 rw-p 00000000 00:00 0 
7f98a0000000-7f98a09de000 rw-p 00000000 00:00 0 
7f98a09de000-7f98a4000000 ---p 00000000 00:00 0 
7f98a4000000-7f98a42e7000 rw-p 00000000 00:00 0 
7f98a42e7000-7f98a8000000 ---p 00000000 00:00 0 
7f98a8000000-7f98a8021000 rw-p 00000000 00:00 0 
7f98a8021000-7f98ac000000 ---p 00000000 00:00 0 
7f98ac000000-7f98ac021000 rw-p 00000000 00:00 0 
7f98ac021000-7f98b0000000 ---p 00000000 00:00 0 
7f98b0000000-7f98b0021000 rw-p 00000000 00:00 0 
7f98b0021000-7f98b4000000 ---p 00000000 00:00 0 
7f98b4000000-7f98b4021000 rw-p 00000000 00:00 0 
7f98b4021000-7f98b8000000 ---p 00000000 00:00 0 
7f98b8000000-7f98b8021000 rw-p 00000000 00:00 0 
7f98b8021000-7f98bc000000 ---p 00000000 00:00 0 
7f98bc000000-7f98bc021000 rw-p 00000000 00:00 0 
7f98bc021000-7f98c0000000 ---p 00000000 00:00 0 
7f98c0000000-7f98c0021000 rw-p 00000000 00:00 0 
7f98c0021000-7f98c4000000 ---p 00000000 00:00 0 
7f98c4000000-7f98c4021000 rw-p 00000000 00:00 0 
7f98c4021000-7f98c8000000 ---p 00000000 00:00 0 
7f98c8000000-7f98c82f7000 rw-p 00000000 00:00 0 
7f98c82f7000-7f98cc000000 ---p 00000000 00:00 0 
7f98cc000000-7f98cc021000 rw-p 00000000 00:00 0 
7f98cc021000-7f98d0000000 ---p 00000000 00:00 0 
7f98d0000000-7f98d0021000 rw-p 00000000 00:00 0 
7f98d0021000-7f98d4000000 ---p 00000000 00:00 0 
7f98d4000000-7f98d4021000 rw-p 00000000 00:00 0 
7f98d4021000-7f98d8000000 ---p 00000000 00:00 0 
7f98d8000000-7f98d8021000 rw-p 00000000 00:00 0 
7f98d8021000-7f98dc000000 ---p 00000000 00:00 0 
7f98dc000000-7f98dc021000 rw-p 00000000 00:00 0 
7f98dc021000-7f98e0000000 ---p 00000000 00:00 0 
7f98e0000000-7f98e0021000 rw-p 00000000 00:00 0 
7f98e0021000-7f98e4000000 ---p 00000000 00:00 0 
7f98e4000000-7f98e4021000 rw-p 00000000 00:00 0 
7f98e4021000-7f98e8000000 ---p 00000000 00:00 0 
7f98e8000000-7f98e8021000 rw-p 00000000 00:00 0 
7f98e8021000-7f98ec000000 ---p 00000000 00:00 0 
7f98ec000000-7f98ec021000 rw-p 00000000 00:00 0 
7f98ec021000-7f98f0000000 ---p 00000000 00:00 0 
7f98f007a000-7f98f007b000 ---p 00000000 00:00 0 
7f98f007b000-7f98f037c000 rw-p 00000000 00:00 0 
7f98f037c000-7f98f057c000 rw-p 00000000 00:00 0 
7f98f057c000-7f98f0580000 ---p 00000000 00:00 0 
7f98f0580000-7f98f067d000 rw-p 00000000 00:00 0 
7f98f067d000-7f98f0681000 ---p 00000000 00:00 0 
7f98f0681000-7f98f077e000 rw-p 00000000 00:00 0 
7f98f077e000-7f98f0782000 ---p 00000000 00:00 0 
7f98f0782000-7f98f087f000 rw-p 00000000 00:00 0 
7f98f087f000-7f98f0880000 ---p 00000000 00:00 0 
7f98f0880000-7f98f0981000 rw-p 00000000 00:00 0 
7f98f0981000-7f98f0982000 ---p 00000000 00:00 0 
7f98f0982000-7f98f0a83000 rw-p 00000000 00:00 0 
7f98f0a83000-7f98f0a84000 ---p 00000000 00:00 0 
7f98f0a84000-7f98f0b85000 rw-p 00000000 00:00 0 
7f98f0b85000-7f98f0b86000 ---p 00000000 00:00 0 
7f98f0b86000-7f98f0c87000 rw-p 00000000 00:00 0 
7f98f0c87000-7f98f0c88000 ---p 00000000 00:00 0 
7f98f0c88000-7f98f0d89000 rw-p 00000000 00:00 0 
7f98f0d89000-7f98f0d8d000 ---p 00000000 00:00 0 
7f98f0d8d000-7f98f0e8a000 rw-p 00000000 00:00 0 
7f98f0e8a000-7f98f0e8b000 ---p 00000000 00:00 0 
7f98f0e8b000-7f98f0f8c000 rw-p 00000000 00:00 0 
7f98f0f8c000-7f98f0f90000 ---p 00000000 00:00 0 
7f98f0f90000-7f98f108d000 rw-p 00000000 00:00 0 
7f98f108d000-7f98f1091000 ---p 00000000 00:00 0 
7f98f1091000-7f98f118e000 rw-p 00000000 00:00 0 
7f98f118e000-7f98f1192000 ---p 00000000 00:00 0 
7f98f1192000-7f98f128f000 rw-p 00000000 00:00 0 
7f98f128f000-7f98f1800000 r--p 00000000 103:06 2889157                   /usr/lib/locale/locale-archive
7f98f1800000-7f98f4000000 rw-p 00000000 00:00 0 
7f98f4000000-7f98f4021000 rw-p 00000000 00:00 0 
7f98f4021000-7f98f8000000 ---p 00000000 00:00 0 
7f98f801b000-7f98f801f000 ---p 00000000 00:00 0 
7f98f801f000-7f98f811c000 rw-p 00000000 00:00 0 
7f98f811c000-7f98f8120000 ---p 00000000 00:00 0 
7f98f8120000-7f98f821d000 rw-p 00000000 00:00 0 
7f98f821d000-7f98f8221000 ---p 00000000 00:00 0 
7f98f8221000-7f98f831e000 rw-p 00000000 00:00 0 
7f98f831e000-7f98f831f000 ---p 00000000 00:00 0 
7f98f831f000-7f98f8800000 rw-p 00000000 00:00 0 
7f98f8800000-7f98fb208000 ---p 00000000 00:00 0 
7f98fb208000-7f98fb210000 rw-p 00000000 00:00 0 
7f98fb210000-7f98fc210000 ---p 00000000 00:00 0 
7f98fc210000-7f98fc5f0000 rw-p 00000000 00:00 0 
7f98fc5f0000-7f98feff8000 ---p 00000000 00:00 0 
7f98feff8000-7f98ff000000 rw-p 00000000 00:00 0 
7f98ff000000-7f9900000000 ---p 00000000 00:00 0 
7f9900000000-7f9900021000 rw-p 00000000 00:00 0 
7f9900021000-7f9904000000 ---p 00000000 00:00 0 
7f990402b000-7f9904033000 r--p 00000000 103:06 2889065                   /usr/lib/jvm/java-11-openjdk-amd64/lib/libsunec.so
7f9904033000-7f990404c000 r-xp 00008000 103:06 2889065                   /usr/lib/jvm/java-11-openjdk-amd64/lib/libsunec.so
7f990404c000-7f9904056000 r--p 00021000 103:06 2889065                   /usr/lib/jvm/java-11-openjdk-amd64/lib/libsunec.so
7f9904056000-7f9904057000 ---p 0002b000 103:06 2889065                   /usr/lib/jvm/java-11-openjdk-amd64/lib/libsunec.so
7f9904057000-7f990405b000 r--p 0002b000 103:06 2889065                   /usr/lib/jvm/java-11-openjdk-amd64/lib/libsunec.so
7f990405b000-7f990405d000 rw-p 0002f000 103:06 2889065                   /usr/lib/jvm/java-11-openjdk-amd64/lib/libsunec.so
7f990405d000-7f990405f000 r--p 00000000 103:06 3674019                   /lib/x86_64-linux-gnu/libnss_dns-2.31.so
7f990405f000-7f9904063000 r-xp 00002000 103:06 3674019                   /lib/x86_64-linux-gnu/libnss_dns-2.31.so
7f9904063000-7f9904064000 r--p 00006000 103:06 3674019                   /lib/x86_64-linux-gnu/libnss_dns-2.31.so
7f9904064000-7f9904065000 r--p 00006000 103:06 3674019                   /lib/x86_64-linux-gnu/libnss_dns-2.31.so
7f9904065000-7f9904066000 rw-p 00007000 103:06 3674019                   /lib/x86_64-linux-gnu/libnss_dns-2.31.so
7f9904066000-7f990406a000 r--p 00000000 103:06 3674041                   /lib/x86_64-linux-gnu/libresolv-2.31.so
7f990406a000-7f990407a000 r-xp 00004000 103:06 3674041                   /lib/x86_64-linux-gnu/libresolv-2.31.so
7f990407a000-7f990407d000 r--p 00014000 103:06 3674041                   /lib/x86_64-linux-gnu/libresolv-2.31.so
7f990407d000-7f990407e000 ---p 00017000 103:06 3674041                   /lib/x86_64-linux-gnu/libresolv-2.31.so
7f990407e000-7f990407f000 r--p 00017000 103:06 3674041                   /lib/x86_64-linux-gnu/libresolv-2.31.so
7f990407f000-7f9904080000 rw-p 00018000 103:06 3674041                   /lib/x86_64-linux-gnu/libresolv-2.31.so
7f9904080000-7f9904082000 rw-p 00000000 00:00 0 
7f9904082000-7f9904083000 r--p 00000000 103:06 3670771                   /lib/x86_64-linux-gnu/libnss_mdns4_minimal.so.2
7f9904083000-7f9904085000 r-xp 00001000 103:06 3670771                   /lib/x86_64-linux-gnu/libnss_mdns4_minimal.so.2
7f9904085000-7f9904086000 r--p 00003000 103:06 3670771                   /lib/x86_64-linux-gnu/libnss_mdns4_minimal.so.2
7f9904086000-7f9904087000 r--p 00003000 103:06 3670771                   /lib/x86_64-linux-gnu/libnss_mdns4_minimal.so.2
7f9904087000-7f9904088000 rw-p 00004000 103:06 3670771                   /lib/x86_64-linux-gnu/libnss_mdns4_minimal.so.2
7f99040a4000-7f99040d5000 rw-p 00000000 00:00 0 
7f99040d5000-7f99040d9000 r--p 00000000 103:06 2889059                   /usr/lib/jvm/java-11-openjdk-amd64/lib/libnet.so
7f99040d9000-7f99040e8000 r-xp 00004000 103:06 2889059                   /usr/lib/jvm/java-11-openjdk-amd64/lib/libnet.so
7f99040e8000-7f99040ec000 r--p 00013000 103:06 2889059                   /usr/lib/jvm/java-11-openjdk-amd64/lib/libnet.so
7f99040ec000-7f99040ed000 r--p 00016000 103:06 2889059                   /usr/lib/jvm/java-11-openjdk-amd64/lib/libnet.so
7f99040ed000-7f99040ee000 rw-p 00017000 103:06 2889059                   /usr/lib/jvm/java-11-openjdk-amd64/lib/libnet.so
7f99040ee000-7f990416f000 rw-p 00000000 00:00 0 
7f990416f000-7f9904170000 ---p 00000000 00:00 0 
7f9904170000-7f9904271000 rw-p 00000000 00:00 0 
7f9904271000-7f9904272000 ---p 00000000 00:00 0 
7f9904272000-7f9904878000 rw-p 00000000 00:00 0 
7f9904878000-7f9904ae8000 rwxp 00000000 00:00 0 
7f9904ae8000-7f9904fac000 ---p 00000000 00:00 0 
7f9904fac000-7f99055ac000 rwxp 00000000 00:00 0 
7f99055ac000-7f9913878000 ---p 00000000 00:00 0 
7f9913878000-7f991c000000 r--s 00000000 103:06 2889069                   /usr/lib/jvm/java-11-openjdk-amd64/lib/modules
7f991c000000-7f991c865000 rw-p 00000000 00:00 0 
7f991c865000-7f9920000000 ---p 00000000 00:00 0 
7f9920000000-7f9920002000 r--p 00000000 103:06 2889057                   /usr/lib/jvm/java-11-openjdk-amd64/lib/libmanagement_ext.so
7f9920002000-7f9920005000 r-xp 00002000 103:06 2889057                   /usr/lib/jvm/java-11-openjdk-amd64/lib/libmanagement_ext.so
7f9920005000-7f9920006000 r--p 00005000 103:06 2889057                   /usr/lib/jvm/java-11-openjdk-amd64/lib/libmanagement_ext.so
7f9920006000-7f9920007000 ---p 00006000 103:06 2889057                   /usr/lib/jvm/java-11-openjdk-amd64/lib/libmanagement_ext.so
7f9920007000-7f9920008000 r--p 00006000 103:06 2889057                   /usr/lib/jvm/java-11-openjdk-amd64/lib/libmanagement_ext.so
7f9920008000-7f9920009000 rw-p 00007000 103:06 2889057                   /usr/lib/jvm/java-11-openjdk-amd64/lib/libmanagement_ext.so
7f9920009000-7f9920010000 r--p 00000000 103:06 2889060                   /usr/lib/jvm/java-11-openjdk-amd64/lib/libnio.so
7f9920010000-7f9920018000 r-xp 00007000 103:06 2889060                   /usr/lib/jvm/java-11-openjdk-amd64/lib/libnio.so
7f9920018000-7f992001b000 r--p 0000f000 103:06 2889060                   /usr/lib/jvm/java-11-openjdk-amd64/lib/libnio.so
7f992001b000-7f992001c000 r--p 00011000 103:06 2889060                   /usr/lib/jvm/java-11-openjdk-amd64/lib/libnio.so
7f992001c000-7f992001d000 rw-p 00012000 103:06 2889060                   /usr/lib/jvm/java-11-openjdk-amd64/lib/libnio.so
7f992001d000-7f99205e7000 rw-p 00000000 00:00 0 
7f99205e7000-7f99205e8000 ---p 00000000 00:00 0 
7f99205e8000-7f99206e9000 rw-p 00000000 00:00 0 
7f99206e9000-7f99206ea000 ---p 00000000 00:00 0 
7f99206ea000-7f9920967000 rw-p 00000000 00:00 0 
7f9920967000-7f9920ea8000 ---p 00000000 00:00 0 
7f9920ea8000-7f9920ea9000 rw-p 00000000 00:00 0 
7f9920ea9000-7f99210a9000 ---p 00000000 00:00 0 
7f99210a9000-7f9921125000 rw-p 00000000 00:00 0 
7f9921125000-7f9921666000 ---p 00000000 00:00 0 
7f9921666000-7f9921667000 rw-p 00000000 00:00 0 
7f9921667000-7f9921867000 ---p 00000000 00:00 0 
7f9921867000-7f99218e3000 rw-p 00000000 00:00 0 
7f99218e3000-7f9921e24000 ---p 00000000 00:00 0 
7f9921e24000-7f9921e25000 rw-p 00000000 00:00 0 
7f9921e25000-7f9922025000 ---p 00000000 00:00 0 
7f9922025000-7f9922a2f000 rw-p 00000000 00:00 0 
7f9922a2f000-7f9922a30000 ---p 00000000 00:00 0 
7f9922a30000-7f9922b3d000 rw-p 00000000 00:00 0 
7f9922b3d000-7f9922d03000 ---p 00000000 00:00 0 
7f9922d03000-7f9922d08000 rw-p 00000000 00:00 0 
7f9922d08000-7f9922d12000 ---p 00000000 00:00 0 
7f9922d12000-7f9922d15000 r--p 00000000 103:06 3674023                   /lib/x86_64-linux-gnu/libnss_files-2.31.so
7f9922d15000-7f9922d1c000 r-xp 00003000 103:06 3674023                   /lib/x86_64-linux-gnu/libnss_files-2.31.so
7f9922d1c000-7f9922d1e000 r--p 0000a000 103:06 3674023                   /lib/x86_64-linux-gnu/libnss_files-2.31.so
7f9922d1e000-7f9922d1f000 r--p 0000b000 103:06 3674023                   /lib/x86_64-linux-gnu/libnss_files-2.31.so
7f9922d1f000-7f9922d20000 rw-p 0000c000 103:06 3674023                   /lib/x86_64-linux-gnu/libnss_files-2.31.so
7f9922d20000-7f9922d26000 rw-p 00000000 00:00 0 
7f9922d26000-7f9922d2b000 r--p 00000000 103:06 3674009                   /lib/x86_64-linux-gnu/libnsl-2.31.so
7f9922d2b000-7f9922d3b000 r-xp 00005000 103:06 3674009                   /lib/x86_64-linux-gnu/libnsl-2.31.so
7f9922d3b000-7f9922d3f000 r--p 00015000 103:06 3674009                   /lib/x86_64-linux-gnu/libnsl-2.31.so
7f9922d3f000-7f9922d40000 r--p 00018000 103:06 3674009                   /lib/x86_64-linux-gnu/libnsl-2.31.so
7f9922d40000-7f9922d41000 rw-p 00019000 103:06 3674009                   /lib/x86_64-linux-gnu/libnsl-2.31.so
7f9922d41000-7f9922d43000 rw-p 00000000 00:00 0 
7f9922d43000-7f9922d46000 r--p 00000000 103:06 3674031                   /lib/x86_64-linux-gnu/libnss_nis-2.31.so
7f9922d46000-7f9922d4e000 r-xp 00003000 103:06 3674031                   /lib/x86_64-linux-gnu/libnss_nis-2.31.so
7f9922d4e000-7f9922d50000 r--p 0000b000 103:06 3674031                   /lib/x86_64-linux-gnu/libnss_nis-2.31.so
7f9922d50000-7f9922d51000 r--p 0000c000 103:06 3674031                   /lib/x86_64-linux-gnu/libnss_nis-2.31.so
7f9922d51000-7f9922d52000 rw-p 0000d000 103:06 3674031                   /lib/x86_64-linux-gnu/libnss_nis-2.31.so
7f9922d52000-7f9922d54000 r--p 00000000 103:06 3674013                   /lib/x86_64-linux-gnu/libnss_compat-2.31.so
7f9922d54000-7f9922d5b000 r-xp 00002000 103:06 3674013                   /lib/x86_64-linux-gnu/libnss_compat-2.31.so
7f9922d5b000-7f9922d5c000 r--p 00009000 103:06 3674013                   /lib/x86_64-linux-gnu/libnss_compat-2.31.so
7f9922d5c000-7f9922d5d000 r--p 00009000 103:06 3674013                   /lib/x86_64-linux-gnu/libnss_compat-2.31.so
7f9922d5d000-7f9922d5e000 rw-p 0000a000 103:06 3674013                   /lib/x86_64-linux-gnu/libnss_compat-2.31.so
7f9922d5f000-7f9922d62000 r--p 00000000 103:06 2889055                   /usr/lib/jvm/java-11-openjdk-amd64/lib/libmanagement.so
7f9922d62000-7f9922d63000 r-xp 00003000 103:06 2889055                   /usr/lib/jvm/java-11-openjdk-amd64/lib/libmanagement.so
7f9922d63000-7f9922d64000 r--p 00004000 103:06 2889055                   /usr/lib/jvm/java-11-openjdk-amd64/lib/libmanagement.so
7f9922d64000-7f9922d65000 r--p 00004000 103:06 2889055                   /usr/lib/jvm/java-11-openjdk-amd64/lib/libmanagement.so
7f9922d65000-7f9922d66000 rw-p 00005000 103:06 2889055                   /usr/lib/jvm/java-11-openjdk-amd64/lib/libmanagement.so
7f9922d66000-7f9922d68000 r--s 0000c000 103:06 3282460                   /usr/share/java/java-atk-wrapper.jar
7f9922d68000-7f9922d6a000 r--p 00000000 103:06 2889068                   /usr/lib/jvm/java-11-openjdk-amd64/lib/libzip.so
7f9922d6a000-7f9922d6e000 r-xp 00002000 103:06 2889068                   /usr/lib/jvm/java-11-openjdk-amd64/lib/libzip.so
7f9922d6e000-7f9922d70000 r--p 00006000 103:06 2889068                   /usr/lib/jvm/java-11-openjdk-amd64/lib/libzip.so
7f9922d70000-7f9922d71000 r--p 00007000 103:06 2889068                   /usr/lib/jvm/java-11-openjdk-amd64/lib/libzip.so
7f9922d71000-7f9922d72000 rw-p 00008000 103:06 2889068                   /usr/lib/jvm/java-11-openjdk-amd64/lib/libzip.so
7f9922d72000-7f9922d7a000 rw-s 00000000 103:06 3809755                   /tmp/hsperfdata_artur/197870
7f9922d7a000-7f9922d7b000 ---p 00000000 00:00 0 
7f9922d7b000-7f9922d7c000 r--p 00000000 00:00 0 
7f9922d7c000-7f9922d8a000 r--p 00000000 103:06 2889047                   /usr/lib/jvm/java-11-openjdk-amd64/lib/libjava.so
7f9922d8a000-7f9922da0000 r-xp 0000e000 103:06 2889047                   /usr/lib/jvm/java-11-openjdk-amd64/lib/libjava.so
7f9922da0000-7f9922da7000 r--p 00024000 103:06 2889047                   /usr/lib/jvm/java-11-openjdk-amd64/lib/libjava.so
7f9922da7000-7f9922da8000 r--p 0002a000 103:06 2889047                   /usr/lib/jvm/java-11-openjdk-amd64/lib/libjava.so
7f9922da8000-7f9922da9000 rw-p 0002b000 103:06 2889047                   /usr/lib/jvm/java-11-openjdk-amd64/lib/libjava.so
7f9922da9000-7f9922daa000 rw-p 00000000 00:00 0 
7f9922daa000-7f9922dad000 r--p 00000000 103:06 3674043                   /lib/x86_64-linux-gnu/librt-2.31.so
7f9922dad000-7f9922db1000 r-xp 00003000 103:06 3674043                   /lib/x86_64-linux-gnu/librt-2.31.so
7f9922db1000-7f9922db2000 r--p 00007000 103:06 3674043                   /lib/x86_64-linux-gnu/librt-2.31.so
7f9922db2000-7f9922db3000 ---p 00008000 103:06 3674043                   /lib/x86_64-linux-gnu/librt-2.31.so
7f9922db3000-7f9922db4000 r--p 00008000 103:06 3674043                   /lib/x86_64-linux-gnu/librt-2.31.so
7f9922db4000-7f9922db5000 rw-p 00009000 103:06 3674043                   /lib/x86_64-linux-gnu/librt-2.31.so
7f9922db5000-7f9922db9000 ---p 00000000 00:00 0 
7f9922db9000-7f9922eb6000 rw-p 00000000 00:00 0 
7f9922eb6000-7f9922eb9000 r--p 00000000 103:06 3670736                   /lib/x86_64-linux-gnu/libgcc_s.so.1
7f9922eb9000-7f9922ecb000 r-xp 00003000 103:06 3670736                   /lib/x86_64-linux-gnu/libgcc_s.so.1
7f9922ecb000-7f9922ecf000 r--p 00015000 103:06 3670736                   /lib/x86_64-linux-gnu/libgcc_s.so.1
7f9922ecf000-7f9922ed0000 r--p 00018000 103:06 3670736                   /lib/x86_64-linux-gnu/libgcc_s.so.1
7f9922ed0000-7f9922ed1000 rw-p 00019000 103:06 3670736                   /lib/x86_64-linux-gnu/libgcc_s.so.1
7f9922ed1000-7f9922ee0000 r--p 00000000 103:06 3673997                   /lib/x86_64-linux-gnu/libm-2.31.so
7f9922ee0000-7f9922f87000 r-xp 0000f000 103:06 3673997                   /lib/x86_64-linux-gnu/libm-2.31.so
7f9922f87000-7f992301e000 r--p 000b6000 103:06 3673997                   /lib/x86_64-linux-gnu/libm-2.31.so
7f992301e000-7f992301f000 r--p 0014c000 103:06 3673997                   /lib/x86_64-linux-gnu/libm-2.31.so
7f992301f000-7f9923020000 rw-p 0014d000 103:06 3673997                   /lib/x86_64-linux-gnu/libm-2.31.so
7f9923020000-7f99230b6000 r--p 00000000 103:06 2883678                   /usr/lib/x86_64-linux-gnu/libstdc++.so.6.0.28
7f99230b6000-7f99231a7000 r-xp 00096000 103:06 2883678                   /usr/lib/x86_64-linux-gnu/libstdc++.so.6.0.28
7f99231a7000-7f99231f0000 r--p 00187000 103:06 2883678                   /usr/lib/x86_64-linux-gnu/libstdc++.so.6.0.28
7f99231f0000-7f99231f1000 ---p 001d0000 103:06 2883678                   /usr/lib/x86_64-linux-gnu/libstdc++.so.6.0.28
7f99231f1000-7f99231fc000 r--p 001d0000 103:06 2883678                   /usr/lib/x86_64-linux-gnu/libstdc++.so.6.0.28
7f99231fc000-7f99231ff000 rw-p 001db000 103:06 2883678                   /usr/lib/x86_64-linux-gnu/libstdc++.so.6.0.28
7f99231ff000-7f9923202000 rw-p 00000000 00:00 0 
7f9923202000-7f992347c000 r--p 00000000 103:06 3801498                   /usr/lib/jvm/java-11-openjdk-amd64/lib/server/libjvm.so
7f992347c000-7f9924101000 r-xp 0027a000 103:06 3801498                   /usr/lib/jvm/java-11-openjdk-amd64/lib/server/libjvm.so
7f9924101000-7f9924358000 r--p 00eff000 103:06 3801498                   /usr/lib/jvm/java-11-openjdk-amd64/lib/server/libjvm.so
7f9924358000-7f9924419000 r--p 01155000 103:06 3801498                   /usr/lib/jvm/java-11-openjdk-amd64/lib/server/libjvm.so
7f9924419000-7f9924454000 rw-p 01216000 103:06 3801498                   /usr/lib/jvm/java-11-openjdk-amd64/lib/server/libjvm.so
7f9924454000-7f99244ad000 rw-p 00000000 00:00 0 
7f99244ad000-7f99244b4000 r--p 00000000 103:06 3674039                   /lib/x86_64-linux-gnu/libpthread-2.31.so
7f99244b4000-7f99244c5000 r-xp 00007000 103:06 3674039                   /lib/x86_64-linux-gnu/libpthread-2.31.so
7f99244c5000-7f99244ca000 r--p 00018000 103:06 3674039                   /lib/x86_64-linux-gnu/libpthread-2.31.so
7f99244ca000-7f99244cb000 r--p 0001c000 103:06 3674039                   /lib/x86_64-linux-gnu/libpthread-2.31.so
7f99244cb000-7f99244cc000 rw-p 0001d000 103:06 3674039                   /lib/x86_64-linux-gnu/libpthread-2.31.so
7f99244cc000-7f99244d0000 rw-p 00000000 00:00 0 
7f99244d0000-7f99244d1000 r--p 00000000 103:06 3673993                   /lib/x86_64-linux-gnu/libdl-2.31.so
7f99244d1000-7f99244d3000 r-xp 00001000 103:06 3673993                   /lib/x86_64-linux-gnu/libdl-2.31.so
7f99244d3000-7f99244d4000 r--p 00003000 103:06 3673993                   /lib/x86_64-linux-gnu/libdl-2.31.so
7f99244d4000-7f99244d5000 r--p 00003000 103:06 3673993                   /lib/x86_64-linux-gnu/libdl-2.31.so
7f99244d5000-7f99244d6000 rw-p 00004000 103:06 3673993                   /lib/x86_64-linux-gnu/libdl-2.31.so
7f99244d6000-7f99244d8000 r--p 00000000 103:06 3672661                   /lib/x86_64-linux-gnu/libz.so.1.2.11
7f99244d8000-7f99244e9000 r-xp 00002000 103:06 3672661                   /lib/x86_64-linux-gnu/libz.so.1.2.11
7f99244e9000-7f99244ef000 r--p 00013000 103:06 3672661                   /lib/x86_64-linux-gnu/libz.so.1.2.11
7f99244ef000-7f99244f0000 ---p 00019000 103:06 3672661                   /lib/x86_64-linux-gnu/libz.so.1.2.11
7f99244f0000-7f99244f1000 r--p 00019000 103:06 3672661                   /lib/x86_64-linux-gnu/libz.so.1.2.11
7f99244f1000-7f99244f2000 rw-p 0001a000 103:06 3672661                   /lib/x86_64-linux-gnu/libz.so.1.2.11
7f99244f2000-7f9924517000 r--p 00000000 103:06 3673989                   /lib/x86_64-linux-gnu/libc-2.31.so
7f9924517000-7f992468f000 r-xp 00025000 103:06 3673989                   /lib/x86_64-linux-gnu/libc-2.31.so
7f992468f000-7f99246d9000 r--p 0019d000 103:06 3673989                   /lib/x86_64-linux-gnu/libc-2.31.so
7f99246d9000-7f99246da000 ---p 001e7000 103:06 3673989                   /lib/x86_64-linux-gnu/libc-2.31.so
7f99246da000-7f99246dd000 r--p 001e7000 103:06 3673989                   /lib/x86_64-linux-gnu/libc-2.31.so
7f99246dd000-7f99246e0000 rw-p 001ea000 103:06 3673989                   /lib/x86_64-linux-gnu/libc-2.31.so
7f99246e0000-7f99246e4000 rw-p 00000000 00:00 0 
7f99246e5000-7f99246e7000 r--p 00000000 103:06 2889051                   /usr/lib/jvm/java-11-openjdk-amd64/lib/libjimage.so
7f99246e7000-7f99246ea000 r-xp 00002000 103:06 2889051                   /usr/lib/jvm/java-11-openjdk-amd64/lib/libjimage.so
7f99246ea000-7f99246eb000 r--p 00005000 103:06 2889051                   /usr/lib/jvm/java-11-openjdk-amd64/lib/libjimage.so
7f99246eb000-7f99246ec000 ---p 00006000 103:06 2889051                   /usr/lib/jvm/java-11-openjdk-amd64/lib/libjimage.so
7f99246ec000-7f99246ed000 r--p 00006000 103:06 2889051                   /usr/lib/jvm/java-11-openjdk-amd64/lib/libjimage.so
7f99246ed000-7f99246ee000 rw-p 00007000 103:06 2889051                   /usr/lib/jvm/java-11-openjdk-amd64/lib/libjimage.so
7f99246ee000-7f99246f3000 r--p 00000000 103:06 2889067                   /usr/lib/jvm/java-11-openjdk-amd64/lib/libverify.so
7f99246f3000-7f99246fa000 r-xp 00005000 103:06 2889067                   /usr/lib/jvm/java-11-openjdk-amd64/lib/libverify.so
7f99246fa000-7f99246fc000 r--p 0000c000 103:06 2889067                   /usr/lib/jvm/java-11-openjdk-amd64/lib/libverify.so
7f99246fc000-7f99246fd000 ---p 0000e000 103:06 2889067                   /usr/lib/jvm/java-11-openjdk-amd64/lib/libverify.so
7f99246fd000-7f99246ff000 r--p 0000e000 103:06 2889067                   /usr/lib/jvm/java-11-openjdk-amd64/lib/libverify.so
7f99246ff000-7f9924700000 rw-p 00010000 103:06 2889067                   /usr/lib/jvm/java-11-openjdk-amd64/lib/libverify.so
7f9924700000-7f9924703000 r--p 00000000 103:06 3674757                   /usr/lib/jvm/java-11-openjdk-amd64/lib/jli/libjli.so
7f9924703000-7f992470d000 r-xp 00003000 103:06 3674757                   /usr/lib/jvm/java-11-openjdk-amd64/lib/jli/libjli.so
7f992470d000-7f9924710000 r--p 0000d000 103:06 3674757                   /usr/lib/jvm/java-11-openjdk-amd64/lib/jli/libjli.so
7f9924710000-7f9924711000 ---p 00010000 103:06 3674757                   /usr/lib/jvm/java-11-openjdk-amd64/lib/jli/libjli.so
7f9924711000-7f9924712000 r--p 00010000 103:06 3674757                   /usr/lib/jvm/java-11-openjdk-amd64/lib/jli/libjli.so
7f9924712000-7f9924713000 rw-p 00011000 103:06 3674757                   /usr/lib/jvm/java-11-openjdk-amd64/lib/jli/libjli.so
7f9924713000-7f9924715000 rw-p 00000000 00:00 0 
7f9924715000-7f9924716000 r--p 00000000 103:06 3673973                   /lib/x86_64-linux-gnu/ld-2.31.so
7f9924716000-7f9924739000 r-xp 00001000 103:06 3673973                   /lib/x86_64-linux-gnu/ld-2.31.so
7f9924739000-7f9924741000 r--p 00024000 103:06 3673973                   /lib/x86_64-linux-gnu/ld-2.31.so
7f9924742000-7f9924743000 r--p 0002c000 103:06 3673973                   /lib/x86_64-linux-gnu/ld-2.31.so
7f9924743000-7f9924744000 rw-p 0002d000 103:06 3673973                   /lib/x86_64-linux-gnu/ld-2.31.so
7f9924744000-7f9924745000 rw-p 00000000 00:00 0 
7ffd4b90e000-7ffd4b931000 rw-p 00000000 00:00 0                          [stack]
7ffd4b9b1000-7ffd4b9b4000 r--p 00000000 00:00 0                          [vvar]
7ffd4b9b4000-7ffd4b9b5000 r-xp 00000000 00:00 0                          [vdso]
ffffffffff600000-ffffffffff601000 --xp 00000000 00:00 0                  [vsyscall]


VM Arguments:
jvm_args: -Xverify:none -XX:TieredStopAtLevel=1 
java_command: com.mms.medmanagesystem.MedmanagesystemApplication
java_class_path (initial): /home/artur/Desktop/3ano/IES/medical-management-system/Project/medmanagesystem/target/classes:/home/artur/.m2/repository/org/springframework/spring-aop/5.3.14/spring-aop-5.3.14.jar:/home/artur/.m2/repository/org/aspectj/aspectjweaver/1.9.7/aspectjweaver-1.9.7.jar:/home/artur/.m2/repository/com/zaxxer/HikariCP/4.0.3/HikariCP-4.0.3.jar:/home/artur/.m2/repository/org/springframework/spring-jdbc/5.3.14/spring-jdbc-5.3.14.jar:/home/artur/.m2/repository/jakarta/transaction/jakarta.transaction-api/1.3.3/jakarta.transaction-api-1.3.3.jar:/home/artur/.m2/repository/jakarta/persistence/jakarta.persistence-api/2.2.3/jakarta.persistence-api-2.2.3.jar:/home/artur/.m2/repository/org/hibernate/hibernate-core/5.6.3.Final/hibernate-core-5.6.3.Final.jar:/home/artur/.m2/repository/org/jboss/logging/jboss-logging/3.4.2.Final/jboss-logging-3.4.2.Final.jar:/home/artur/.m2/repository/net/bytebuddy/byte-buddy/1.11.22/byte-buddy-1.11.22.jar:/home/artur/.m2/repository/antlr/antlr/2.7.7/antlr-2.7.7.jar:/home/artur/.m2/repository/org/jboss/jandex/2.2.3.Final/jandex-2.2.3.Final.jar:/home/artur/.m2/repository/com/fasterxml/classmate/1.5.1/classmate-1.5.1.jar:/home/artur/.m2/repository/org/hibernate/common/hibernate-commons-annotations/5.1.2.Final/hibernate-commons-annotations-5.1.2.Final.jar:/home/artur/.m2/repository/org/glassfish/jaxb/jaxb-runtime/2.3.5/jaxb-runtime-2.3.5.jar:/home/artur/.m2/repository/org/glassfish/jaxb/txw2/2.3.5/txw2-2.3.5.jar:/home/artur/.m2/repository/com/sun/istack/istack-commons-runtime/3.0.12/istack-commons-runtime-3.0.12.jar:/home/artur/.m2/repository/com/sun/activation/jakarta.activation/1.2.2/jakarta.activation-1.2.2.jar:/home/artur/.m2/repository/org/springframework/data/spring-data-jpa/2.6.0/spring-data-jpa-2.6.0.jar:/home/artur/.m2/repository/org/springframework/data/spring-data-commons/2.6.0/spring-data-commons-2.6.0.jar:/home/artur/.m2/repository/org/springframework/spring-orm/5.3.14/spring-orm-5.3.14.jar:/home/artur/.m2/repository/
Launcher Type: SUN_STANDARD

[Global flags]
     bool BytecodeVerificationLocal                = false                                     {product} {command line}
     bool BytecodeVerificationRemote               = false                                     {product} {command line}
     intx CICompilerCount                          = 4                                         {product} {ergonomic}
     uint ConcGCThreads                            = 3                                         {product} {ergonomic}
     uint G1ConcRefinementThreads                  = 10                                        {product} {ergonomic}
   size_t G1HeapRegionSize                         = 1048576                                   {product} {ergonomic}
    uintx GCDrainStackTargetSize                   = 64                                        {product} {ergonomic}
   size_t InitialHeapSize                          = 260046848                                 {product} {ergonomic}
   size_t MarkStackSize                            = 4194304                                   {product} {ergonomic}
   size_t MaxHeapSize                              = 4156555264                                {product} {ergonomic}
   size_t MaxNewSize                               = 2493513728                                {product} {ergonomic}
   size_t MinHeapDeltaBytes                        = 1048576                                   {product} {ergonomic}
    uintx NonNMethodCodeHeapSize                   = 7549744                                {pd product} {ergonomic}
    uintx NonProfiledCodeHeapSize                  = 244108496                              {pd product} {ergonomic}
    uintx ProfiledCodeHeapSize                     = 0                                      {pd product} {ergonomic}
    uintx ReservedCodeCacheSize                    = 251658240                              {pd product} {ergonomic}
     bool SegmentedCodeCache                       = true                                      {product} {ergonomic}
     intx TieredStopAtLevel                        = 1                                         {product} {command line}
     bool UseCompressedClassPointers               = true                                 {lp64_product} {ergonomic}
     bool UseCompressedOops                        = true                                 {lp64_product} {ergonomic}
     bool UseG1GC                                  = true                                      {product} {ergonomic}

Logging:
Log output configuration:
 #0: stdout all=warning uptime,level,tags
 #1: stderr all=off uptime,level,tags

Environment Variables:
JAVA_HOME=/usr/lib/jvm/java-11-openjdk-amd64
CLASSPATH=.:/usr/local/lib/antlr-4.9.2-complete.jar:/usr/local/lib/ST-4.3.1.jar:
PATH=/home/artur/.nvm/versions/node/v14.17.0/bin:/home/artur/.local/bin:/usr/local/sbin:/usr/local/bin:/usr/sbin:/usr/bin:/sbin:/bin:/usr/games:/usr/local/games:/snap/bin:/usr/lib/jvm/java-16-oracle/bin:/usr/lib/jvm/java-16-oracle/db/bin:/opt/bin:.:
USERNAME=artur
SHELL=/bin/bash
DISPLAY=:0
LANG=en_US.UTF-8
LC_CTYPE=pt_PT.UTF-8

Signal Handlers:
SIGSEGV: [libjvm.so+0xe8ba00], sa_mask[0]=11111111011111111101111111111110, sa_flags=SA_RESTART|SA_SIGINFO
SIGBUS: [libjvm.so+0xe8ba00], sa_mask[0]=11111111011111111101111111111110, sa_flags=SA_RESTART|SA_SIGINFO
SIGFPE: [libjvm.so+0xe8ba00], sa_mask[0]=11111111011111111101111111111110, sa_flags=SA_RESTART|SA_SIGINFO
SIGPIPE: [libjvm.so+0xbd10f0], sa_mask[0]=11111111011111111101111111111110, sa_flags=SA_RESTART|SA_SIGINFO
SIGXFSZ: [libjvm.so+0xbd10f0], sa_mask[0]=11111111011111111101111111111110, sa_flags=SA_RESTART|SA_SIGINFO
SIGILL: [libjvm.so+0xe8ba00], sa_mask[0]=11111111011111111101111111111110, sa_flags=SA_RESTART|SA_SIGINFO
SIGUSR2: [libjvm.so+0xbd0f90], sa_mask[0]=00100000000000000000000000000000, sa_flags=SA_RESTART|SA_SIGINFO
SIGHUP: [libjvm.so+0xbd1430], sa_mask[0]=11111111011111111101111111111110, sa_flags=SA_RESTART|SA_SIGINFO
SIGINT: [libjvm.so+0xbd1430], sa_mask[0]=11111111011111111101111111111110, sa_flags=SA_RESTART|SA_SIGINFO
SIGTERM: [libjvm.so+0xbd1430], sa_mask[0]=11111111011111111101111111111110, sa_flags=SA_RESTART|SA_SIGINFO
SIGQUIT: [libjvm.so+0xbd1430], sa_mask[0]=11111111011111111101111111111110, sa_flags=SA_RESTART|SA_SIGINFO


---------------  S Y S T E M  ---------------

OS:DISTRIB_ID=Ubuntu
DISTRIB_RELEASE=20.04
DISTRIB_CODENAME=focal
DISTRIB_DESCRIPTION="Ubuntu 20.04.3 LTS"
uname:Linux 5.4.0-90-generic #101-Ubuntu SMP Fri Oct 15 20:00:55 UTC 2021 x86_64
OS uptime: 1 days 2:18 hours
libc:glibc 2.31 NPTL 2.31 
rlimit (soft/hard): STACK 8192k/infinity , CORE 0k/infinity , NPROC 63176/63176 , NOFILE 1048576/1048576 , AS infinity/infinity , CPU infinity/infinity , DATA infinity/infinity , FSIZE infinity/infinity , MEMLOCK 65536k/65536k
load average:0,73 0,51 0,53

/proc/meminfo:
MemTotal:       16235992 kB
MemFree:          926372 kB
MemAvailable:    5497572 kB
Buffers:          682688 kB
Cached:          5117160 kB
SwapCached:         2320 kB
Active:         10867732 kB
Inactive:        3424712 kB
Active(anon):    7968444 kB
Inactive(anon):  1729704 kB
Active(file):    2899288 kB
Inactive(file):  1695008 kB
Unevictable:      152504 kB
Mlocked:             160 kB
SwapTotal:       2097148 kB
SwapFree:        2034880 kB
Dirty:              4848 kB
Writeback:             0 kB
AnonPages:       8643904 kB
Mapped:          1808828 kB
Shmem:           1211728 kB
KReclaimable:     318956 kB
Slab:             602952 kB
SReclaimable:     318956 kB
SUnreclaim:       283996 kB
KernelStack:       33888 kB
PageTables:        98684 kB
NFS_Unstable:          0 kB
Bounce:                0 kB
WritebackTmp:          0 kB
CommitLimit:    10215144 kB
Committed_AS:   30196720 kB
VmallocTotal:   34359738367 kB
VmallocUsed:       59792 kB
VmallocChunk:          0 kB
Percpu:            17728 kB
HardwareCorrupted:     0 kB
AnonHugePages:         0 kB
ShmemHugePages:        0 kB
ShmemPmdMapped:        0 kB
FileHugePages:         0 kB
FilePmdMapped:         0 kB
CmaTotal:              0 kB
CmaFree:               0 kB
HugePages_Total:       0
HugePages_Free:        0
HugePages_Rsvd:        0
HugePages_Surp:        0
Hugepagesize:       2048 kB
Hugetlb:               0 kB
DirectMap4k:      750176 kB
DirectMap2M:    15867904 kB
DirectMap1G:           0 kB

/sys/kernel/mm/transparent_hugepage/enabled:
always [madvise] never
/sys/kernel/mm/transparent_hugepage/defrag (defrag/compaction efforts parameter):
always defer defer+madvise [madvise] never

Process Memory:
Virtual Size: 7508344K (peak: 15578864K)
Resident Set Size: 270752K (peak: 270752K) (anon: 244168K, file: 26584K, shmem: 0K)
Swapped out: 0K
C-Heap outstanding allocations: 25256K

/proc/sys/kernel/threads-max (system-wide limit on the number of threads):
126352
/proc/sys/vm/max_map_count (maximum number of memory map areas a process may have):
1048575
/proc/sys/kernel/pid_max (system-wide limit on number of process identifiers):
4194304

container (cgroup) information:
container_type: cgroupv1
cpu_cpuset_cpus: 0-11
cpu_memory_nodes: 0
active_processor_count: 12
cpu_quota: -1
cpu_period: 100000
cpu_shares: -1
memory_limit_in_bytes: -1
memory_and_swap_limit_in_bytes: -2
memory_soft_limit_in_bytes: -1
memory_usage_in_bytes: 11862364160
memory_max_usage_in_bytes: 12831219712

Steal ticks since vm start: 0
Steal ticks percentage since vm start:  0,000

CPU:total 12 (initial active 12) (6 cores per cpu, 2 threads per core) family 6 model 158 stepping 13 microcode 0xea, cmov, cx8, fxsr, mmx, sse, sse2, sse3, ssse3, sse4.1, sse4.2, popcnt, avx, avx2, aes, clmul, erms, 3dnowpref, lzcnt, ht, tsc, tscinvbit, bmi1, bmi2, adx, fma
CPU Model and flags from /proc/cpuinfo:
model name	: Intel(R) Core(TM) i7-9750H CPU @ 2.60GHz
flags		: fpu vme de pse tsc msr pae mce cx8 apic sep mtrr pge mca cmov pat pse36 clflush dts acpi mmx fxsr sse sse2 ss ht tm pbe syscall nx pdpe1gb rdtscp lm constant_tsc art arch_perfmon pebs bts rep_good nopl xtopology nonstop_tsc cpuid aperfmperf pni pclmulqdq dtes64 monitor ds_cpl vmx est tm2 ssse3 sdbg fma cx16 xtpr pdcm pcid sse4_1 sse4_2 x2apic movbe popcnt tsc_deadline_timer aes xsave avx f16c rdrand lahf_lm abm 3dnowprefetch cpuid_fault epb invpcid_single ssbd ibrs ibpb stibp ibrs_enhanced tpr_shadow vnmi flexpriority ept vpid ept_ad fsgsbase tsc_adjust bmi1 avx2 smep bmi2 erms invpcid mpx rdseed adx smap clflushopt intel_pt xsaveopt xsavec xgetbv1 xsaves dtherm ida arat pln pts hwp hwp_notify hwp_act_window hwp_epp md_clear flush_l1d arch_capabilities
Online cpus:
0-11
Offline cpus:

BIOS frequency limitation:
<Not Available>
Frequency switch latency (ns):
0
Available cpu frequencies:
<Not Available>
Current governor:
powersave
Core performance/turbo boost:
<Not Available>

Memory: 4k page, physical 16235992k(926372k free), swap 2097148k(2034880k free)

vm_info: OpenJDK 64-Bit Server VM (11.0.11+9-Ubuntu-0ubuntu2.20.04) for linux-amd64 JRE (11.0.11+9-Ubuntu-0ubuntu2.20.04), built on Apr 21 2021 09:15:32 by "unknown" with gcc 9.3.0

END.
