#
# A fatal error has been detected by the Java Runtime Environment:
#
#  SIGSEGV (0xb) at pc=0x00007fa9eb62f6e6, pid=22655, tid=22673
#
# JRE version: OpenJDK Runtime Environment (11.0.11+9) (build 11.0.11+9-Ubuntu-0ubuntu2.20.04)
# Java VM: OpenJDK 64-Bit Server VM (11.0.11+9-Ubuntu-0ubuntu2.20.04, mixed mode, sharing, tiered, compressed oops, g1 gc, linux-amd64)
# Problematic frame:
# V  [libjvm.so+0x7826e6]
#
# Core dump will be written. Default location: Core dumps may be processed with "/usr/share/apport/apport %p %s %c %d %P %E" (or dumping to /home/artur/Desktop/3ano/IES/medical-management-system/Project/medmanagesystem/core.22655)
#
# If you would like to submit a bug report, please visit:
#   https://bugs.launchpad.net/ubuntu/+source/openjdk-lts
#

---------------  S U M M A R Y ------------

Command Line: -Xverify:none -XX:TieredStopAtLevel=1 com.mms.medmanagesystem.MedmanagesystemApplication

Host: Intel(R) Core(TM) i7-9750H CPU @ 2.60GHz, 12 cores, 15G, Ubuntu 20.04.3 LTS
Time: Mon Jan 17 00:41:32 2022 WET elapsed time: 0.680373 seconds (0d 0h 0m 0s)

---------------  T H R E A D  ---------------

Current thread (0x00007fa9ac002800):  GCTaskThread "GC Thread#2" [stack: 0x00007fa9b8884000,0x00007fa9b8984000] [id=22673]

Stack: [0x00007fa9b8884000,0x00007fa9b8984000],  sp=0x00007fa9b89829b0,  free space=1018k
Native frames: (J=compiled Java code, A=aot compiled Java code, j=interpreted, Vv=VM code, C=native code)
V  [libjvm.so+0x7826e6]
V  [libjvm.so+0x7803cb]
V  [libjvm.so+0x5b719a]
V  [libjvm.so+0x77f9c9]
V  [libjvm.so+0x5b9811]
V  [libjvm.so+0x79f86b]
V  [libjvm.so+0x79fefb]
V  [libjvm.so+0x7477ac]
V  [libjvm.so+0xeb88dd]
V  [libjvm.so+0xe1d690]
V  [libjvm.so+0xbdac76]


siginfo: si_signo: 11 (SIGSEGV), si_code: 1 (SEGV_MAPERR), si_addr: 0x0000000f0f38aa48

Register to memory mapping:

RAX=0x0000000000000001 is an unknown value
RBX=0x00007fa9ec0e56a0: <offset 0x00000000012386a0> in /usr/lib/jvm/java-11-openjdk-amd64/lib/server/libjvm.so at 0x00007fa9eaead000
RCX=0x0000000000000003 is an unknown value
RDX=0x00007fa9ec0e5690: <offset 0x0000000001238690> in /usr/lib/jvm/java-11-openjdk-amd64/lib/server/libjvm.so at 0x00007fa9eaead000
RSP=0x00007fa9b89829b0 points into unknown readable memory: 0x00007fa9b89829d0 | d0 29 98 b8 a9 7f 00 00
RBP=0x00007fa9b8982a30 points into unknown readable memory: 0x00007fa9b8982ac0 | c0 2a 98 b8 a9 7f 00 00
RSI=0x0000000000000001 is an unknown value
RDI=0x0000000f0f38aa40 is an unknown value
R8 =0x0000000800397be0 is pointing into metadata
R9 =0x0000000000000001 is an unknown value
R10=0xe2c68051e1e70f9e is an unknown value
R11=0x0000000000000001 is an unknown value
R12=0x000000070f387cb0 points into unknown readable memory: 0xe2c68051e1e70f9e | 9e 0f e7 e1 51 80 c6 e2
R13=0x00007fa9840017b0 points into unknown readable memory: 0x00007fa9ec00f9f0 | f0 f9 00 ec a9 7f 00 00
R14=0x00007fa984001920 points into unknown readable memory: 0x00007fa9ec00f9b0 | b0 f9 00 ec a9 7f 00 00
R15=0x0000000000000001 is an unknown value


Registers:
RAX=0x0000000000000001, RBX=0x00007fa9ec0e56a0, RCX=0x0000000000000003, RDX=0x00007fa9ec0e5690
RSP=0x00007fa9b89829b0, RBP=0x00007fa9b8982a30, RSI=0x0000000000000001, RDI=0x0000000f0f38aa40
R8 =0x0000000800397be0, R9 =0x0000000000000001, R10=0xe2c68051e1e70f9e, R11=0x0000000000000001
R12=0x000000070f387cb0, R13=0x00007fa9840017b0, R14=0x00007fa984001920, R15=0x0000000000000001
RIP=0x00007fa9eb62f6e6, EFLAGS=0x0000000000010202, CSGSFS=0x002b000000000033, ERR=0x0000000000000004
  TRAPNO=0x000000000000000e

Top of Stack: (sp=0x00007fa9b89829b0)
0x00007fa9b89829b0:   00007fa9b89829d0 00007ffe96bce918
0x00007fa9b89829c0:   00007fa9b8982a00 0000000000000001
0x00007fa9b89829d0:   0000000000000001 000000070e6d6601
0x00007fa9b89829e0:   0000000000000087 000000070e6da330 

Instructions: (pc=0x00007fa9eb62f6e6)
0x00007fa9eb62f5e6:   10 4d 8b 46 50 49 8d be 04 01 00 00 4d 8b 7e 08
0x00007fa9eb62f5f6:   4c 89 4d c0 4c 89 45 c8 e8 1d f0 08 00 4c 8b 4d
0x00007fa9eb62f606:   c0 4c 8b 45 c8 4c 89 f9 48 89 c2 48 8d 35 51 03
0x00007fa9eb62f616:   7c 00 48 8d 3d 99 ab 7b 00 31 c0 e8 8a 65 fa ff
0x00007fa9eb62f626:   49 8b 7c 24 08 41 8b b4 24 9c 01 00 00 4c 89 e9
0x00007fa9eb62f636:   48 89 da e8 72 5d fb ff 48 8d 05 07 2e ae 00 4d
0x00007fa9eb62f646:   89 b4 24 90 01 00 00 49 8d bc 24 70 01 00 00 80
0x00007fa9eb62f656:   38 00 74 36 48 8d 05 2f 60 ab 00 8b 53 08 8b 48
0x00007fa9eb62f666:   08 48 d3 e2 48 03 10 48 63 4a 0c 48 8d 05 48 1f
0x00007fa9eb62f676:   ae 00 48 89 de ff 14 c8 48 83 c4 18 48 89 d8 5b
0x00007fa9eb62f686:   41 5c 41 5d 41 5e 41 5f 5d c3 48 8b 53 08 eb d7
0x00007fa9eb62f696:   66 2e 0f 1f 84 00 00 00 00 00 f3 0f 1e fa 55 49
0x00007fa9eb62f6a6:   89 ca 48 89 e5 41 57 41 89 f7 41 56 41 55 49 89
0x00007fa9eb62f6b6:   fd 41 54 49 89 d4 53 48 83 ec 58 48 8d 05 84 2d
0x00007fa9eb62f6c6:   ae 00 0f b6 00 84 c0 0f 84 0d 03 00 00 8b 7a 08
0x00007fa9eb62f6d6:   48 8d 15 b3 5f ab 00 8b 4a 08 48 d3 e7 48 03 3a
0x00007fa9eb62f6e6:   8b 5f 08 85 db 0f 8e 9f 02 00 00 f6 c3 01 0f 85
0x00007fa9eb62f6f6:   46 01 00 00 c1 fb 03 4c 63 f3 49 8b 45 08 4c 89
0x00007fa9eb62f706:   e2 c7 45 b8 00 00 00 00 8b 88 c0 02 00 00 48 8b
0x00007fa9eb62f716:   80 b0 02 00 00 48 d3 ea 48 8b 04 d0 8b 80 40 01
0x00007fa9eb62f726:   00 00 89 45 b0 41 80 ff 01 0f 84 bb 02 00 00 49
0x00007fa9eb62f736:   0f be c7 41 80 bd c8 01 00 00 00 45 0f b6 9c 05
0x00007fa9eb62f746:   68 01 00 00 74 0a 41 80 fb 02 0f 84 2a 03 00 00
0x00007fa9eb62f756:   41 80 fb 01 49 0f be c3 0f 95 c1 49 8b 7d 60 48
0x00007fa9eb62f766:   8b 84 c7 10 01 00 00 44 8b 87 28 01 00 00 48 8b
0x00007fa9eb62f776:   50 38 4c 8b 48 30 45 85 c0 74 08 84 c9 0f 84 17
0x00007fa9eb62f786:   03 00 00 4c 29 ca 48 c1 ea 03 4c 39 f2 0f 82 77
0x00007fa9eb62f796:   04 00 00 4b 8d 14 f1 48 89 50 30 4d 85 c9 0f 84
0x00007fa9eb62f7a6:   5b 04 00 00 48 8d 05 c7 9d a9 00 48 8b 00 41 0f
0x00007fa9eb62f7b6:   18 0c 01 4c 89 c9 49 8b 14 24 48 83 c9 03 eb 1f
0x00007fa9eb62f7c6:   66 2e 0f 1f 84 00 00 00 00 00 48 89 d0 f0 49 0f
0x00007fa9eb62f7d6:   b1 0c 24 48 39 c2 0f 84 96 00 00 00 48 89 c2 48 


Stack slot to memory mapping:
stack at sp + 0 slots: 0x00007fa9b89829d0 points into unknown readable memory: 0x0000000000000001 | 01 00 00 00 00 00 00 00
stack at sp + 1 slots: 0x00007ffe96bce918: clock_gettime+0x0000000000000038 in linux-vdso.so.1 at 0x00007ffe96bce000
stack at sp + 2 slots: 0x00007fa9b8982a00 points into unknown readable memory: 0x0000000000000903 | 03 09 00 00 00 00 00 00
stack at sp + 3 slots: 0x0000000000000001 is an unknown value
stack at sp + 4 slots: 0x0000000000000001 is an unknown value
stack at sp + 5 slots: 0x000000070e6d6601 points into unknown readable memory: 00 00 00 00 00 00 00
stack at sp + 6 slots: 0x0000000000000087 is an unknown value
stack at sp + 7 slots: 0x000000070e6da330 points into unknown readable memory: 0x000000000000000d | 0d 00 00 00 00 00 00 00


---------------  P R O C E S S  ---------------

Threads class SMR info:
_java_thread_list=0x00007fa9681430c0, length=11, elements={
0x00007fa9e4019000, 0x00007fa9e41d8800, 0x00007fa9e41da800, 0x00007fa9e41e1000,
0x00007fa9e41e3000, 0x00007fa9e41e5000, 0x00007fa9e41e7800, 0x00007fa9e4242800,
0x00007fa9e4857800, 0x00007fa97400a800, 0x00007fa968143800
}

Java Threads: ( => current thread )
  0x00007fa9e4019000 JavaThread "main" [_thread_blocked, id=22656, stack(0x00007fa9eaa60000,0x00007fa9eab61000)]
  0x00007fa9e41d8800 JavaThread "Reference Handler" daemon [_thread_blocked, id=22664, stack(0x00007fa9b96ff000,0x00007fa9b9800000)]
  0x00007fa9e41da800 JavaThread "Finalizer" daemon [_thread_blocked, id=22665, stack(0x00007fa9b95fe000,0x00007fa9b96ff000)]
  0x00007fa9e41e1000 JavaThread "Signal Dispatcher" daemon [_thread_blocked, id=22666, stack(0x00007fa9b8f8c000,0x00007fa9b908d000)]
  0x00007fa9e41e3000 JavaThread "Service Thread" daemon [_thread_blocked, id=22667, stack(0x00007fa9b8e8b000,0x00007fa9b8f8c000)]
  0x00007fa9e41e5000 JavaThread "C1 CompilerThread0" daemon [_thread_blocked, id=22668, stack(0x00007fa9b8d8a000,0x00007fa9b8e8b000)]
  0x00007fa9e41e7800 JavaThread "Sweeper thread" daemon [_thread_blocked, id=22669, stack(0x00007fa9b8c89000,0x00007fa9b8d8a000)]
  0x00007fa9e4242800 JavaThread "Common-Cleaner" daemon [_thread_blocked, id=22671, stack(0x00007fa9b8a86000,0x00007fa9b8b87000)]
  0x00007fa9e4857800 JavaThread "Thread-0" [_thread_blocked, id=22677, stack(0x00007fa9b847b000,0x00007fa9b857c000)]
  0x00007fa97400a800 JavaThread "restartedMain" [_thread_blocked, id=22678, stack(0x00007fa9b837a000,0x00007fa9b847b000)]
  0x00007fa968143800 JavaThread "background-preinit" [_thread_blocked, id=22680, stack(0x00007fa9b8279000,0x00007fa9b837a000)]

Other Threads:
  0x00007fa9e41d5800 VMThread "VM Thread" [stack: 0x00007fa9c009b000,0x00007fa9c019b000] [id=22663]
  0x00007fa9e4240000 WatcherThread [stack: 0x00007fa9b8b89000,0x00007fa9b8c89000] [id=22670]
  0x00007fa9e4031800 GCTaskThread "GC Thread#0" [stack: 0x00007fa9ea6dc000,0x00007fa9ea7dc000] [id=22658]
  0x00007fa9ac001000 GCTaskThread "GC Thread#1" [stack: 0x00007fa9b8986000,0x00007fa9b8a86000] [id=22672]
=>0x00007fa9ac002800 GCTaskThread "GC Thread#2" [stack: 0x00007fa9b8884000,0x00007fa9b8984000] [id=22673]
  0x00007fa9ac004000 GCTaskThread "GC Thread#3" [stack: 0x00007fa9b8782000,0x00007fa9b8882000] [id=22674]
  0x00007fa9ac006000 GCTaskThread "GC Thread#4" [stack: 0x00007fa9b8680000,0x00007fa9b8780000] [id=22675]
  0x00007fa9ac007800 GCTaskThread "GC Thread#5" [stack: 0x00007fa9b857e000,0x00007fa9b867e000] [id=22676]
  0x00007fa9ac00b000 GCTaskThread "GC Thread#6" [stack: 0x00007fa967b00000,0x00007fa967c00000] [id=22681]
  0x00007fa9ac00c800 GCTaskThread "GC Thread#7" [stack: 0x00007fa9679fe000,0x00007fa967afe000] [id=22682]
  0x00007fa9e408f800 ConcurrentGCThread "G1 Main Marker" [stack: 0x00007fa9e8396000,0x00007fa9e8496000] [id=22659]
  0x00007fa9e4091800 ConcurrentGCThread "G1 Conc#0" [stack: 0x00007fa9e8294000,0x00007fa9e8394000] [id=22660]
  0x00007fa9e4198000 ConcurrentGCThread "G1 Refine#0" [stack: 0x00007fa9c0320000,0x00007fa9c0420000] [id=22661]
  0x00007fa9e4199800 ConcurrentGCThread "G1 Young RemSet Sampling" [stack: 0x00007fa9c021e000,0x00007fa9c031e000] [id=22662]

Threads with active compile tasks:

VM state:at safepoint (normal execution)

VM Mutex/Monitor currently owned by a thread:  ([mutex/lock_event])
[0x00007fa9e40150a0] Threads_lock - owner thread: 0x00007fa9e41d5800
[0x00007fa9e4015880] Heap_lock - owner thread: 0x00007fa968143800

Heap address: 0x0000000708400000, size: 3964 MB, Compressed Oops mode: Zero based, Oop shift amount: 3
Narrow klass base: 0x0000000800000000, Narrow klass shift: 3
Compressed class space size: 1073741824 Address: 0x0000000840000000

Heap:
 garbage-first heap   total 256000K, used 156818K [0x0000000708400000, 0x0000000800000000)
  region size 1024K, 152 young (155648K), 7 survivors (7168K)
 Metaspace       used 15370K, capacity 16657K, committed 16768K, reserved 1062912K
  class space    used 2134K, capacity 2389K, committed 2432K, reserved 1048576K
Heap Regions: E=young(eden), S=young(survivor), O=old, HS=humongous(starts), HC=humongous(continues), CS=collection set, F=free, A=archive, TAMS=top-at-mark-start (previous, next)
|   0|0x0000000708400000, 0x0000000708500000, 0x0000000708500000|100%|HS|  |TAMS 0x0000000708400000, 0x0000000708400000| Complete 
|   1|0x0000000708500000, 0x0000000708600000, 0x0000000708600000|100%|HS|  |TAMS 0x0000000708500000, 0x0000000708500000| Complete 
|   2|0x0000000708600000, 0x0000000708700000, 0x0000000708700000|100%| O|  |TAMS 0x0000000708600000, 0x0000000708600000| Untracked 
|   3|0x0000000708700000, 0x0000000708800000, 0x0000000708800000|100%| O|  |TAMS 0x0000000708700000, 0x0000000708700000| Untracked 
|   4|0x0000000708800000, 0x0000000708872800, 0x0000000708900000| 44%| O|  |TAMS 0x0000000708800000, 0x0000000708800000| Untracked 
|   5|0x0000000708900000, 0x0000000708900000, 0x0000000708a00000|  0%| F|  |TAMS 0x0000000708900000, 0x0000000708900000| Untracked 
|   6|0x0000000708a00000, 0x0000000708a00000, 0x0000000708b00000|  0%| F|  |TAMS 0x0000000708a00000, 0x0000000708a00000| Untracked 
|   7|0x0000000708b00000, 0x0000000708b00000, 0x0000000708c00000|  0%| F|  |TAMS 0x0000000708b00000, 0x0000000708b00000| Untracked 
|   8|0x0000000708c00000, 0x0000000708c00000, 0x0000000708d00000|  0%| F|  |TAMS 0x0000000708c00000, 0x0000000708c00000| Untracked 
|   9|0x0000000708d00000, 0x0000000708d00000, 0x0000000708e00000|  0%| F|  |TAMS 0x0000000708d00000, 0x0000000708d00000| Untracked 
|  10|0x0000000708e00000, 0x0000000708e00000, 0x0000000708f00000|  0%| F|  |TAMS 0x0000000708e00000, 0x0000000708e00000| Untracked 
|  11|0x0000000708f00000, 0x0000000708f00000, 0x0000000709000000|  0%| F|  |TAMS 0x0000000708f00000, 0x0000000708f00000| Untracked 
|  12|0x0000000709000000, 0x0000000709000000, 0x0000000709100000|  0%| F|  |TAMS 0x0000000709000000, 0x0000000709000000| Untracked 
|  13|0x0000000709100000, 0x0000000709100000, 0x0000000709200000|  0%| F|  |TAMS 0x0000000709100000, 0x0000000709100000| Untracked 
|  14|0x0000000709200000, 0x0000000709200000, 0x0000000709300000|  0%| F|  |TAMS 0x0000000709200000, 0x0000000709200000| Untracked 
|  15|0x0000000709300000, 0x0000000709300000, 0x0000000709400000|  0%| F|  |TAMS 0x0000000709300000, 0x0000000709300000| Untracked 
|  16|0x0000000709400000, 0x0000000709400000, 0x0000000709500000|  0%| F|  |TAMS 0x0000000709400000, 0x0000000709400000| Untracked 
|  17|0x0000000709500000, 0x0000000709500000, 0x0000000709600000|  0%| F|  |TAMS 0x0000000709500000, 0x0000000709500000| Untracked 
|  18|0x0000000709600000, 0x0000000709600000, 0x0000000709700000|  0%| F|  |TAMS 0x0000000709600000, 0x0000000709600000| Untracked 
|  19|0x0000000709700000, 0x0000000709700000, 0x0000000709800000|  0%| F|  |TAMS 0x0000000709700000, 0x0000000709700000| Untracked 
|  20|0x0000000709800000, 0x0000000709800000, 0x0000000709900000|  0%| F|  |TAMS 0x0000000709800000, 0x0000000709800000| Untracked 
|  21|0x0000000709900000, 0x0000000709900000, 0x0000000709a00000|  0%| F|  |TAMS 0x0000000709900000, 0x0000000709900000| Untracked 
|  22|0x0000000709a00000, 0x0000000709a00000, 0x0000000709b00000|  0%| F|  |TAMS 0x0000000709a00000, 0x0000000709a00000| Untracked 
|  23|0x0000000709b00000, 0x0000000709b00000, 0x0000000709c00000|  0%| F|  |TAMS 0x0000000709b00000, 0x0000000709b00000| Untracked 
|  24|0x0000000709c00000, 0x0000000709c00000, 0x0000000709d00000|  0%| F|  |TAMS 0x0000000709c00000, 0x0000000709c00000| Untracked 
|  25|0x0000000709d00000, 0x0000000709d00000, 0x0000000709e00000|  0%| F|  |TAMS 0x0000000709d00000, 0x0000000709d00000| Untracked 
|  26|0x0000000709e00000, 0x0000000709e00000, 0x0000000709f00000|  0%| F|  |TAMS 0x0000000709e00000, 0x0000000709e00000| Untracked 
|  27|0x0000000709f00000, 0x0000000709f00000, 0x000000070a000000|  0%| F|  |TAMS 0x0000000709f00000, 0x0000000709f00000| Untracked 
|  28|0x000000070a000000, 0x000000070a000000, 0x000000070a100000|  0%| F|  |TAMS 0x000000070a000000, 0x000000070a000000| Untracked 
|  29|0x000000070a100000, 0x000000070a100000, 0x000000070a200000|  0%| F|  |TAMS 0x000000070a100000, 0x000000070a100000| Untracked 
|  30|0x000000070a200000, 0x000000070a200000, 0x000000070a300000|  0%| F|  |TAMS 0x000000070a200000, 0x000000070a200000| Untracked 
|  31|0x000000070a300000, 0x000000070a300000, 0x000000070a400000|  0%| F|  |TAMS 0x000000070a300000, 0x000000070a300000| Untracked 
|  32|0x000000070a400000, 0x000000070a400000, 0x000000070a500000|  0%| F|  |TAMS 0x000000070a400000, 0x000000070a400000| Untracked 
|  33|0x000000070a500000, 0x000000070a500000, 0x000000070a600000|  0%| F|  |TAMS 0x000000070a500000, 0x000000070a500000| Untracked 
|  34|0x000000070a600000, 0x000000070a600000, 0x000000070a700000|  0%| F|  |TAMS 0x000000070a600000, 0x000000070a600000| Untracked 
|  35|0x000000070a700000, 0x000000070a700000, 0x000000070a800000|  0%| F|  |TAMS 0x000000070a700000, 0x000000070a700000| Untracked 
|  36|0x000000070a800000, 0x000000070a800000, 0x000000070a900000|  0%| F|  |TAMS 0x000000070a800000, 0x000000070a800000| Untracked 
|  37|0x000000070a900000, 0x000000070a900000, 0x000000070aa00000|  0%| F|  |TAMS 0x000000070a900000, 0x000000070a900000| Untracked 
|  38|0x000000070aa00000, 0x000000070aa00000, 0x000000070ab00000|  0%| F|  |TAMS 0x000000070aa00000, 0x000000070aa00000| Untracked 
|  39|0x000000070ab00000, 0x000000070ab00000, 0x000000070ac00000|  0%| F|  |TAMS 0x000000070ab00000, 0x000000070ab00000| Untracked 
|  40|0x000000070ac00000, 0x000000070ac00000, 0x000000070ad00000|  0%| F|  |TAMS 0x000000070ac00000, 0x000000070ac00000| Untracked 
|  41|0x000000070ad00000, 0x000000070ad00000, 0x000000070ae00000|  0%| F|  |TAMS 0x000000070ad00000, 0x000000070ad00000| Untracked 
|  42|0x000000070ae00000, 0x000000070ae00000, 0x000000070af00000|  0%| F|  |TAMS 0x000000070ae00000, 0x000000070ae00000| Untracked 
|  43|0x000000070af00000, 0x000000070af00000, 0x000000070b000000|  0%| F|  |TAMS 0x000000070af00000, 0x000000070af00000| Untracked 
|  44|0x000000070b000000, 0x000000070b000000, 0x000000070b100000|  0%| F|  |TAMS 0x000000070b000000, 0x000000070b000000| Untracked 
|  45|0x000000070b100000, 0x000000070b100000, 0x000000070b200000|  0%| F|  |TAMS 0x000000070b100000, 0x000000070b100000| Untracked 
|  46|0x000000070b200000, 0x000000070b200000, 0x000000070b300000|  0%| F|  |TAMS 0x000000070b200000, 0x000000070b200000| Untracked 
|  47|0x000000070b300000, 0x000000070b300000, 0x000000070b400000|  0%| F|  |TAMS 0x000000070b300000, 0x000000070b300000| Untracked 
|  48|0x000000070b400000, 0x000000070b400000, 0x000000070b500000|  0%| F|  |TAMS 0x000000070b400000, 0x000000070b400000| Untracked 
|  49|0x000000070b500000, 0x000000070b500000, 0x000000070b600000|  0%| F|  |TAMS 0x000000070b500000, 0x000000070b500000| Untracked 
|  50|0x000000070b600000, 0x000000070b600000, 0x000000070b700000|  0%| F|  |TAMS 0x000000070b600000, 0x000000070b600000| Untracked 
|  51|0x000000070b700000, 0x000000070b700000, 0x000000070b800000|  0%| F|  |TAMS 0x000000070b700000, 0x000000070b700000| Untracked 
|  52|0x000000070b800000, 0x000000070b800000, 0x000000070b900000|  0%| F|  |TAMS 0x000000070b800000, 0x000000070b800000| Untracked 
|  53|0x000000070b900000, 0x000000070b900000, 0x000000070ba00000|  0%| F|  |TAMS 0x000000070b900000, 0x000000070b900000| Untracked 
|  54|0x000000070ba00000, 0x000000070ba00000, 0x000000070bb00000|  0%| F|  |TAMS 0x000000070ba00000, 0x000000070ba00000| Untracked 
|  55|0x000000070bb00000, 0x000000070bb00000, 0x000000070bc00000|  0%| F|  |TAMS 0x000000070bb00000, 0x000000070bb00000| Untracked 
|  56|0x000000070bc00000, 0x000000070bc00000, 0x000000070bd00000|  0%| F|  |TAMS 0x000000070bc00000, 0x000000070bc00000| Untracked 
|  57|0x000000070bd00000, 0x000000070bd00000, 0x000000070be00000|  0%| F|  |TAMS 0x000000070bd00000, 0x000000070bd00000| Untracked 
|  58|0x000000070be00000, 0x000000070be00000, 0x000000070bf00000|  0%| F|  |TAMS 0x000000070be00000, 0x000000070be00000| Untracked 
|  59|0x000000070bf00000, 0x000000070bf00000, 0x000000070c000000|  0%| F|  |TAMS 0x000000070bf00000, 0x000000070bf00000| Untracked 
|  60|0x000000070c000000, 0x000000070c000000, 0x000000070c100000|  0%| F|  |TAMS 0x000000070c000000, 0x000000070c000000| Untracked 
|  61|0x000000070c100000, 0x000000070c100000, 0x000000070c200000|  0%| F|  |TAMS 0x000000070c100000, 0x000000070c100000| Untracked 
|  62|0x000000070c200000, 0x000000070c200000, 0x000000070c300000|  0%| F|  |TAMS 0x000000070c200000, 0x000000070c200000| Untracked 
|  63|0x000000070c300000, 0x000000070c300000, 0x000000070c400000|  0%| F|  |TAMS 0x000000070c300000, 0x000000070c300000| Untracked 
|  64|0x000000070c400000, 0x000000070c400000, 0x000000070c500000|  0%| F|  |TAMS 0x000000070c400000, 0x000000070c400000| Untracked 
|  65|0x000000070c500000, 0x000000070c500000, 0x000000070c600000|  0%| F|  |TAMS 0x000000070c500000, 0x000000070c500000| Untracked 
|  66|0x000000070c600000, 0x000000070c600000, 0x000000070c700000|  0%| F|  |TAMS 0x000000070c600000, 0x000000070c600000| Untracked 
|  67|0x000000070c700000, 0x000000070c700000, 0x000000070c800000|  0%| F|  |TAMS 0x000000070c700000, 0x000000070c700000| Untracked 
|  68|0x000000070c800000, 0x000000070c800000, 0x000000070c900000|  0%| F|  |TAMS 0x000000070c800000, 0x000000070c800000| Untracked 
|  69|0x000000070c900000, 0x000000070c900000, 0x000000070ca00000|  0%| F|  |TAMS 0x000000070c900000, 0x000000070c900000| Untracked 
|  70|0x000000070ca00000, 0x000000070ca00000, 0x000000070cb00000|  0%| F|  |TAMS 0x000000070ca00000, 0x000000070ca00000| Untracked 
|  71|0x000000070cb00000, 0x000000070cb00000, 0x000000070cc00000|  0%| F|  |TAMS 0x000000070cb00000, 0x000000070cb00000| Untracked 
|  72|0x000000070cc00000, 0x000000070cc00000, 0x000000070cd00000|  0%| F|  |TAMS 0x000000070cc00000, 0x000000070cc00000| Untracked 
|  73|0x000000070cd00000, 0x000000070cd00000, 0x000000070ce00000|  0%| F|  |TAMS 0x000000070cd00000, 0x000000070cd00000| Untracked 
|  74|0x000000070ce00000, 0x000000070ce00000, 0x000000070cf00000|  0%| F|  |TAMS 0x000000070ce00000, 0x000000070ce00000| Untracked 
|  75|0x000000070cf00000, 0x000000070cf00000, 0x000000070d000000|  0%| F|  |TAMS 0x000000070cf00000, 0x000000070cf00000| Untracked 
|  76|0x000000070d000000, 0x000000070d000000, 0x000000070d100000|  0%| F|  |TAMS 0x000000070d000000, 0x000000070d000000| Untracked 
|  77|0x000000070d100000, 0x000000070d100000, 0x000000070d200000|  0%| F|  |TAMS 0x000000070d100000, 0x000000070d100000| Untracked 
|  78|0x000000070d200000, 0x000000070d200000, 0x000000070d300000|  0%| F|  |TAMS 0x000000070d200000, 0x000000070d200000| Untracked 
|  79|0x000000070d300000, 0x000000070d300000, 0x000000070d400000|  0%| F|  |TAMS 0x000000070d300000, 0x000000070d300000| Untracked 
|  80|0x000000070d400000, 0x000000070d400000, 0x000000070d500000|  0%| F|  |TAMS 0x000000070d400000, 0x000000070d400000| Untracked 
|  81|0x000000070d500000, 0x000000070d500000, 0x000000070d600000|  0%| F|  |TAMS 0x000000070d500000, 0x000000070d500000| Untracked 
|  82|0x000000070d600000, 0x000000070d600000, 0x000000070d700000|  0%| F|  |TAMS 0x000000070d600000, 0x000000070d600000| Untracked 
|  83|0x000000070d700000, 0x000000070d700000, 0x000000070d800000|  0%| F|  |TAMS 0x000000070d700000, 0x000000070d700000| Untracked 
|  84|0x000000070d800000, 0x000000070d800000, 0x000000070d900000|  0%| F|  |TAMS 0x000000070d800000, 0x000000070d800000| Untracked 
|  85|0x000000070d900000, 0x000000070d900000, 0x000000070da00000|  0%| F|  |TAMS 0x000000070d900000, 0x000000070d900000| Untracked 
|  86|0x000000070da00000, 0x000000070da00000, 0x000000070db00000|  0%| F|  |TAMS 0x000000070da00000, 0x000000070da00000| Untracked 
|  87|0x000000070db00000, 0x000000070db00000, 0x000000070dc00000|  0%| F|  |TAMS 0x000000070db00000, 0x000000070db00000| Untracked 
|  88|0x000000070dc00000, 0x000000070dc00000, 0x000000070dd00000|  0%| F|  |TAMS 0x000000070dc00000, 0x000000070dc00000| Untracked 
|  89|0x000000070dd00000, 0x000000070dd00000, 0x000000070de00000|  0%| F|  |TAMS 0x000000070dd00000, 0x000000070dd00000| Untracked 
|  90|0x000000070de00000, 0x000000070de00000, 0x000000070df00000|  0%| F|  |TAMS 0x000000070de00000, 0x000000070de00000| Untracked 
|  91|0x000000070df00000, 0x000000070df00000, 0x000000070e000000|  0%| F|  |TAMS 0x000000070df00000, 0x000000070df00000| Untracked 
|  92|0x000000070e000000, 0x000000070e000000, 0x000000070e100000|  0%| F|  |TAMS 0x000000070e000000, 0x000000070e000000| Untracked 
|  93|0x000000070e100000, 0x000000070e193c78, 0x000000070e200000| 57%| S|  |TAMS 0x000000070e100000, 0x000000070e100000| Complete 
|  94|0x000000070e200000, 0x000000070e300000, 0x000000070e300000|100%| S|  |TAMS 0x000000070e200000, 0x000000070e200000| Complete 
|  95|0x000000070e300000, 0x000000070e400000, 0x000000070e400000|100%| S|  |TAMS 0x000000070e300000, 0x000000070e300000| Complete 
|  96|0x000000070e400000, 0x000000070e500000, 0x000000070e500000|100%| S|  |TAMS 0x000000070e400000, 0x000000070e400000| Complete 
|  97|0x000000070e500000, 0x000000070e600000, 0x000000070e600000|100%| S|  |TAMS 0x000000070e500000, 0x000000070e500000| Complete 
|  98|0x000000070e600000, 0x000000070e700000, 0x000000070e700000|100%| S|  |TAMS 0x000000070e600000, 0x000000070e600000| Complete 
|  99|0x000000070e700000, 0x000000070e800000, 0x000000070e800000|100%| S|  |TAMS 0x000000070e700000, 0x000000070e700000| Complete 
| 100|0x000000070e800000, 0x000000070e900000, 0x000000070e900000|100%| E|CS|TAMS 0x000000070e800000, 0x000000070e800000| Complete 
| 101|0x000000070e900000, 0x000000070ea00000, 0x000000070ea00000|100%| E|CS|TAMS 0x000000070e900000, 0x000000070e900000| Complete 
| 102|0x000000070ea00000, 0x000000070eb00000, 0x000000070eb00000|100%| E|CS|TAMS 0x000000070ea00000, 0x000000070ea00000| Complete 
| 103|0x000000070eb00000, 0x000000070ec00000, 0x000000070ec00000|100%| E|CS|TAMS 0x000000070eb00000, 0x000000070eb00000| Complete 
| 104|0x000000070ec00000, 0x000000070ed00000, 0x000000070ed00000|100%| E|CS|TAMS 0x000000070ec00000, 0x000000070ec00000| Complete 
| 105|0x000000070ed00000, 0x000000070ee00000, 0x000000070ee00000|100%| E|CS|TAMS 0x000000070ed00000, 0x000000070ed00000| Complete 
| 106|0x000000070ee00000, 0x000000070ef00000, 0x000000070ef00000|100%| E|CS|TAMS 0x000000070ee00000, 0x000000070ee00000| Complete 
| 107|0x000000070ef00000, 0x000000070f000000, 0x000000070f000000|100%| E|CS|TAMS 0x000000070ef00000, 0x000000070ef00000| Complete 
| 108|0x000000070f000000, 0x000000070f100000, 0x000000070f100000|100%| E|CS|TAMS 0x000000070f000000, 0x000000070f000000| Complete 
| 109|0x000000070f100000, 0x000000070f200000, 0x000000070f200000|100%| E|CS|TAMS 0x000000070f100000, 0x000000070f100000| Complete 
| 110|0x000000070f200000, 0x000000070f300000, 0x000000070f300000|100%| E|CS|TAMS 0x000000070f200000, 0x000000070f200000| Complete 
| 111|0x000000070f300000, 0x000000070f400000, 0x000000070f400000|100%| E|CS|TAMS 0x000000070f300000, 0x000000070f300000| Complete 
| 112|0x000000070f400000, 0x000000070f500000, 0x000000070f500000|100%| E|CS|TAMS 0x000000070f400000, 0x000000070f400000| Complete 
| 113|0x000000070f500000, 0x000000070f600000, 0x000000070f600000|100%| E|CS|TAMS 0x000000070f500000, 0x000000070f500000| Complete 
| 114|0x000000070f600000, 0x000000070f700000, 0x000000070f700000|100%| E|CS|TAMS 0x000000070f600000, 0x000000070f600000| Complete 
| 115|0x000000070f700000, 0x000000070f800000, 0x000000070f800000|100%| E|CS|TAMS 0x000000070f700000, 0x000000070f700000| Complete 
| 116|0x000000070f800000, 0x000000070f900000, 0x000000070f900000|100%| E|CS|TAMS 0x000000070f800000, 0x000000070f800000| Complete 
| 117|0x000000070f900000, 0x000000070fa00000, 0x000000070fa00000|100%| E|CS|TAMS 0x000000070f900000, 0x000000070f900000| Complete 
| 118|0x000000070fa00000, 0x000000070fb00000, 0x000000070fb00000|100%| E|CS|TAMS 0x000000070fa00000, 0x000000070fa00000| Complete 
| 119|0x000000070fb00000, 0x000000070fc00000, 0x000000070fc00000|100%| E|CS|TAMS 0x000000070fb00000, 0x000000070fb00000| Complete 
| 120|0x000000070fc00000, 0x000000070fd00000, 0x000000070fd00000|100%| E|CS|TAMS 0x000000070fc00000, 0x000000070fc00000| Complete 
| 121|0x000000070fd00000, 0x000000070fe00000, 0x000000070fe00000|100%| E|CS|TAMS 0x000000070fd00000, 0x000000070fd00000| Complete 
| 122|0x000000070fe00000, 0x000000070ff00000, 0x000000070ff00000|100%| E|CS|TAMS 0x000000070fe00000, 0x000000070fe00000| Complete 
| 123|0x000000070ff00000, 0x0000000710000000, 0x0000000710000000|100%| E|CS|TAMS 0x000000070ff00000, 0x000000070ff00000| Complete 
| 124|0x0000000710000000, 0x0000000710100000, 0x0000000710100000|100%| E|CS|TAMS 0x0000000710000000, 0x0000000710000000| Complete 
| 125|0x0000000710100000, 0x0000000710200000, 0x0000000710200000|100%| E|CS|TAMS 0x0000000710100000, 0x0000000710100000| Complete 
| 126|0x0000000710200000, 0x0000000710300000, 0x0000000710300000|100%| E|CS|TAMS 0x0000000710200000, 0x0000000710200000| Complete 
| 127|0x0000000710300000, 0x0000000710400000, 0x0000000710400000|100%| E|CS|TAMS 0x0000000710300000, 0x0000000710300000| Complete 
| 128|0x0000000710400000, 0x0000000710500000, 0x0000000710500000|100%| E|CS|TAMS 0x0000000710400000, 0x0000000710400000| Complete 
| 129|0x0000000710500000, 0x0000000710600000, 0x0000000710600000|100%| E|CS|TAMS 0x0000000710500000, 0x0000000710500000| Complete 
| 130|0x0000000710600000, 0x0000000710700000, 0x0000000710700000|100%| E|CS|TAMS 0x0000000710600000, 0x0000000710600000| Complete 
| 131|0x0000000710700000, 0x0000000710800000, 0x0000000710800000|100%| E|CS|TAMS 0x0000000710700000, 0x0000000710700000| Complete 
| 132|0x0000000710800000, 0x0000000710900000, 0x0000000710900000|100%| E|CS|TAMS 0x0000000710800000, 0x0000000710800000| Complete 
| 133|0x0000000710900000, 0x0000000710a00000, 0x0000000710a00000|100%| E|CS|TAMS 0x0000000710900000, 0x0000000710900000| Complete 
| 134|0x0000000710a00000, 0x0000000710b00000, 0x0000000710b00000|100%| E|CS|TAMS 0x0000000710a00000, 0x0000000710a00000| Complete 
| 135|0x0000000710b00000, 0x0000000710c00000, 0x0000000710c00000|100%| E|CS|TAMS 0x0000000710b00000, 0x0000000710b00000| Complete 
| 136|0x0000000710c00000, 0x0000000710d00000, 0x0000000710d00000|100%| E|CS|TAMS 0x0000000710c00000, 0x0000000710c00000| Complete 
| 137|0x0000000710d00000, 0x0000000710e00000, 0x0000000710e00000|100%| E|CS|TAMS 0x0000000710d00000, 0x0000000710d00000| Complete 
| 138|0x0000000710e00000, 0x0000000710f00000, 0x0000000710f00000|100%| E|CS|TAMS 0x0000000710e00000, 0x0000000710e00000| Complete 
| 139|0x0000000710f00000, 0x0000000711000000, 0x0000000711000000|100%| E|CS|TAMS 0x0000000710f00000, 0x0000000710f00000| Complete 
| 140|0x0000000711000000, 0x0000000711100000, 0x0000000711100000|100%| E|CS|TAMS 0x0000000711000000, 0x0000000711000000| Complete 
| 141|0x0000000711100000, 0x0000000711200000, 0x0000000711200000|100%| E|CS|TAMS 0x0000000711100000, 0x0000000711100000| Complete 
| 142|0x0000000711200000, 0x0000000711300000, 0x0000000711300000|100%| E|CS|TAMS 0x0000000711200000, 0x0000000711200000| Complete 
| 143|0x0000000711300000, 0x0000000711400000, 0x0000000711400000|100%| E|CS|TAMS 0x0000000711300000, 0x0000000711300000| Complete 
| 144|0x0000000711400000, 0x0000000711500000, 0x0000000711500000|100%| E|CS|TAMS 0x0000000711400000, 0x0000000711400000| Complete 
| 145|0x0000000711500000, 0x0000000711600000, 0x0000000711600000|100%| E|CS|TAMS 0x0000000711500000, 0x0000000711500000| Complete 
| 146|0x0000000711600000, 0x0000000711700000, 0x0000000711700000|100%| E|CS|TAMS 0x0000000711600000, 0x0000000711600000| Complete 
| 147|0x0000000711700000, 0x0000000711800000, 0x0000000711800000|100%| E|CS|TAMS 0x0000000711700000, 0x0000000711700000| Complete 
| 148|0x0000000711800000, 0x0000000711900000, 0x0000000711900000|100%| E|CS|TAMS 0x0000000711800000, 0x0000000711800000| Complete 
| 149|0x0000000711900000, 0x0000000711a00000, 0x0000000711a00000|100%| E|CS|TAMS 0x0000000711900000, 0x0000000711900000| Complete 
| 150|0x0000000711a00000, 0x0000000711b00000, 0x0000000711b00000|100%| E|CS|TAMS 0x0000000711a00000, 0x0000000711a00000| Complete 
| 151|0x0000000711b00000, 0x0000000711c00000, 0x0000000711c00000|100%| E|CS|TAMS 0x0000000711b00000, 0x0000000711b00000| Complete 
| 152|0x0000000711c00000, 0x0000000711d00000, 0x0000000711d00000|100%| E|CS|TAMS 0x0000000711c00000, 0x0000000711c00000| Complete 
| 153|0x0000000711d00000, 0x0000000711e00000, 0x0000000711e00000|100%| E|CS|TAMS 0x0000000711d00000, 0x0000000711d00000| Complete 
| 154|0x0000000711e00000, 0x0000000711f00000, 0x0000000711f00000|100%| E|CS|TAMS 0x0000000711e00000, 0x0000000711e00000| Complete 
| 155|0x0000000711f00000, 0x0000000712000000, 0x0000000712000000|100%| E|CS|TAMS 0x0000000711f00000, 0x0000000711f00000| Complete 
| 156|0x0000000712000000, 0x0000000712100000, 0x0000000712100000|100%| E|CS|TAMS 0x0000000712000000, 0x0000000712000000| Complete 
| 157|0x0000000712100000, 0x0000000712200000, 0x0000000712200000|100%| E|CS|TAMS 0x0000000712100000, 0x0000000712100000| Complete 
| 158|0x0000000712200000, 0x0000000712300000, 0x0000000712300000|100%| E|CS|TAMS 0x0000000712200000, 0x0000000712200000| Complete 
| 159|0x0000000712300000, 0x0000000712400000, 0x0000000712400000|100%| E|CS|TAMS 0x0000000712300000, 0x0000000712300000| Complete 
| 160|0x0000000712400000, 0x0000000712500000, 0x0000000712500000|100%| E|CS|TAMS 0x0000000712400000, 0x0000000712400000| Complete 
| 161|0x0000000712500000, 0x0000000712600000, 0x0000000712600000|100%| E|CS|TAMS 0x0000000712500000, 0x0000000712500000| Complete 
| 162|0x0000000712600000, 0x0000000712700000, 0x0000000712700000|100%| E|CS|TAMS 0x0000000712600000, 0x0000000712600000| Complete 
| 163|0x0000000712700000, 0x0000000712800000, 0x0000000712800000|100%| E|CS|TAMS 0x0000000712700000, 0x0000000712700000| Complete 
| 164|0x0000000712800000, 0x0000000712900000, 0x0000000712900000|100%| E|CS|TAMS 0x0000000712800000, 0x0000000712800000| Complete 
| 165|0x0000000712900000, 0x0000000712a00000, 0x0000000712a00000|100%| E|CS|TAMS 0x0000000712900000, 0x0000000712900000| Complete 
| 166|0x0000000712a00000, 0x0000000712b00000, 0x0000000712b00000|100%| E|CS|TAMS 0x0000000712a00000, 0x0000000712a00000| Complete 
| 167|0x0000000712b00000, 0x0000000712c00000, 0x0000000712c00000|100%| E|CS|TAMS 0x0000000712b00000, 0x0000000712b00000| Complete 
| 168|0x0000000712c00000, 0x0000000712d00000, 0x0000000712d00000|100%| E|CS|TAMS 0x0000000712c00000, 0x0000000712c00000| Complete 
| 169|0x0000000712d00000, 0x0000000712e00000, 0x0000000712e00000|100%| E|CS|TAMS 0x0000000712d00000, 0x0000000712d00000| Complete 
| 170|0x0000000712e00000, 0x0000000712f00000, 0x0000000712f00000|100%| E|CS|TAMS 0x0000000712e00000, 0x0000000712e00000| Complete 
| 171|0x0000000712f00000, 0x0000000713000000, 0x0000000713000000|100%| E|CS|TAMS 0x0000000712f00000, 0x0000000712f00000| Complete 
| 172|0x0000000713000000, 0x0000000713100000, 0x0000000713100000|100%| E|CS|TAMS 0x0000000713000000, 0x0000000713000000| Complete 
| 173|0x0000000713100000, 0x0000000713200000, 0x0000000713200000|100%| E|CS|TAMS 0x0000000713100000, 0x0000000713100000| Complete 
| 174|0x0000000713200000, 0x0000000713300000, 0x0000000713300000|100%| E|CS|TAMS 0x0000000713200000, 0x0000000713200000| Complete 
| 175|0x0000000713300000, 0x0000000713400000, 0x0000000713400000|100%| E|CS|TAMS 0x0000000713300000, 0x0000000713300000| Complete 
| 176|0x0000000713400000, 0x0000000713500000, 0x0000000713500000|100%| E|CS|TAMS 0x0000000713400000, 0x0000000713400000| Complete 
| 177|0x0000000713500000, 0x0000000713600000, 0x0000000713600000|100%| E|CS|TAMS 0x0000000713500000, 0x0000000713500000| Complete 
| 178|0x0000000713600000, 0x0000000713700000, 0x0000000713700000|100%| E|CS|TAMS 0x0000000713600000, 0x0000000713600000| Complete 
| 179|0x0000000713700000, 0x0000000713800000, 0x0000000713800000|100%| E|CS|TAMS 0x0000000713700000, 0x0000000713700000| Complete 
| 180|0x0000000713800000, 0x0000000713900000, 0x0000000713900000|100%| E|CS|TAMS 0x0000000713800000, 0x0000000713800000| Complete 
| 181|0x0000000713900000, 0x0000000713a00000, 0x0000000713a00000|100%| E|CS|TAMS 0x0000000713900000, 0x0000000713900000| Complete 
| 182|0x0000000713a00000, 0x0000000713b00000, 0x0000000713b00000|100%| E|CS|TAMS 0x0000000713a00000, 0x0000000713a00000| Complete 
| 183|0x0000000713b00000, 0x0000000713c00000, 0x0000000713c00000|100%| E|CS|TAMS 0x0000000713b00000, 0x0000000713b00000| Complete 
| 184|0x0000000713c00000, 0x0000000713d00000, 0x0000000713d00000|100%| E|CS|TAMS 0x0000000713c00000, 0x0000000713c00000| Complete 
| 185|0x0000000713d00000, 0x0000000713e00000, 0x0000000713e00000|100%| E|CS|TAMS 0x0000000713d00000, 0x0000000713d00000| Complete 
| 186|0x0000000713e00000, 0x0000000713f00000, 0x0000000713f00000|100%| E|CS|TAMS 0x0000000713e00000, 0x0000000713e00000| Complete 
| 187|0x0000000713f00000, 0x0000000714000000, 0x0000000714000000|100%| E|CS|TAMS 0x0000000713f00000, 0x0000000713f00000| Complete 
| 188|0x0000000714000000, 0x0000000714100000, 0x0000000714100000|100%| E|CS|TAMS 0x0000000714000000, 0x0000000714000000| Complete 
| 189|0x0000000714100000, 0x0000000714200000, 0x0000000714200000|100%| E|CS|TAMS 0x0000000714100000, 0x0000000714100000| Complete 
| 190|0x0000000714200000, 0x0000000714300000, 0x0000000714300000|100%| E|CS|TAMS 0x0000000714200000, 0x0000000714200000| Complete 
| 191|0x0000000714300000, 0x0000000714400000, 0x0000000714400000|100%| E|CS|TAMS 0x0000000714300000, 0x0000000714300000| Complete 
| 192|0x0000000714400000, 0x0000000714500000, 0x0000000714500000|100%| E|CS|TAMS 0x0000000714400000, 0x0000000714400000| Complete 
| 193|0x0000000714500000, 0x0000000714600000, 0x0000000714600000|100%| E|CS|TAMS 0x0000000714500000, 0x0000000714500000| Complete 
| 194|0x0000000714600000, 0x0000000714700000, 0x0000000714700000|100%| E|CS|TAMS 0x0000000714600000, 0x0000000714600000| Complete 
| 195|0x0000000714700000, 0x0000000714800000, 0x0000000714800000|100%| E|CS|TAMS 0x0000000714700000, 0x0000000714700000| Complete 
| 196|0x0000000714800000, 0x0000000714900000, 0x0000000714900000|100%| E|CS|TAMS 0x0000000714800000, 0x0000000714800000| Complete 
| 197|0x0000000714900000, 0x0000000714a00000, 0x0000000714a00000|100%| E|CS|TAMS 0x0000000714900000, 0x0000000714900000| Complete 
| 198|0x0000000714a00000, 0x0000000714b00000, 0x0000000714b00000|100%| E|CS|TAMS 0x0000000714a00000, 0x0000000714a00000| Complete 
| 199|0x0000000714b00000, 0x0000000714c00000, 0x0000000714c00000|100%| E|CS|TAMS 0x0000000714b00000, 0x0000000714b00000| Complete 
| 200|0x0000000714c00000, 0x0000000714d00000, 0x0000000714d00000|100%| E|CS|TAMS 0x0000000714c00000, 0x0000000714c00000| Complete 
| 201|0x0000000714d00000, 0x0000000714e00000, 0x0000000714e00000|100%| E|CS|TAMS 0x0000000714d00000, 0x0000000714d00000| Complete 
| 202|0x0000000714e00000, 0x0000000714f00000, 0x0000000714f00000|100%| E|CS|TAMS 0x0000000714e00000, 0x0000000714e00000| Complete 
| 203|0x0000000714f00000, 0x0000000715000000, 0x0000000715000000|100%| E|CS|TAMS 0x0000000714f00000, 0x0000000714f00000| Complete 
| 204|0x0000000715000000, 0x0000000715100000, 0x0000000715100000|100%| E|CS|TAMS 0x0000000715000000, 0x0000000715000000| Complete 
| 205|0x0000000715100000, 0x0000000715200000, 0x0000000715200000|100%| E|CS|TAMS 0x0000000715100000, 0x0000000715100000| Complete 
| 206|0x0000000715200000, 0x0000000715300000, 0x0000000715300000|100%| E|CS|TAMS 0x0000000715200000, 0x0000000715200000| Complete 
| 207|0x0000000715300000, 0x0000000715400000, 0x0000000715400000|100%| E|CS|TAMS 0x0000000715300000, 0x0000000715300000| Complete 
| 208|0x0000000715400000, 0x0000000715500000, 0x0000000715500000|100%| E|CS|TAMS 0x0000000715400000, 0x0000000715400000| Complete 
| 209|0x0000000715500000, 0x0000000715600000, 0x0000000715600000|100%| E|CS|TAMS 0x0000000715500000, 0x0000000715500000| Complete 
| 210|0x0000000715600000, 0x0000000715700000, 0x0000000715700000|100%| E|CS|TAMS 0x0000000715600000, 0x0000000715600000| Complete 
| 211|0x0000000715700000, 0x0000000715800000, 0x0000000715800000|100%| E|CS|TAMS 0x0000000715700000, 0x0000000715700000| Complete 
| 212|0x0000000715800000, 0x0000000715900000, 0x0000000715900000|100%| E|CS|TAMS 0x0000000715800000, 0x0000000715800000| Complete 
| 213|0x0000000715900000, 0x0000000715a00000, 0x0000000715a00000|100%| E|CS|TAMS 0x0000000715900000, 0x0000000715900000| Complete 
| 214|0x0000000715a00000, 0x0000000715b00000, 0x0000000715b00000|100%| E|CS|TAMS 0x0000000715a00000, 0x0000000715a00000| Complete 
| 215|0x0000000715b00000, 0x0000000715c00000, 0x0000000715c00000|100%| E|CS|TAMS 0x0000000715b00000, 0x0000000715b00000| Complete 
| 216|0x0000000715c00000, 0x0000000715d00000, 0x0000000715d00000|100%| E|CS|TAMS 0x0000000715c00000, 0x0000000715c00000| Complete 
| 217|0x0000000715d00000, 0x0000000715e00000, 0x0000000715e00000|100%| E|CS|TAMS 0x0000000715d00000, 0x0000000715d00000| Complete 
| 218|0x0000000715e00000, 0x0000000715f00000, 0x0000000715f00000|100%| E|CS|TAMS 0x0000000715e00000, 0x0000000715e00000| Complete 
| 219|0x0000000715f00000, 0x0000000716000000, 0x0000000716000000|100%| E|CS|TAMS 0x0000000715f00000, 0x0000000715f00000| Complete 
| 220|0x0000000716000000, 0x0000000716100000, 0x0000000716100000|100%| E|CS|TAMS 0x0000000716000000, 0x0000000716000000| Complete 
| 221|0x0000000716100000, 0x0000000716200000, 0x0000000716200000|100%| E|CS|TAMS 0x0000000716100000, 0x0000000716100000| Complete 
| 222|0x0000000716200000, 0x0000000716300000, 0x0000000716300000|100%| E|CS|TAMS 0x0000000716200000, 0x0000000716200000| Complete 
| 223|0x0000000716300000, 0x0000000716400000, 0x0000000716400000|100%| E|CS|TAMS 0x0000000716300000, 0x0000000716300000| Complete 
| 224|0x0000000716400000, 0x0000000716500000, 0x0000000716500000|100%| E|CS|TAMS 0x0000000716400000, 0x0000000716400000| Complete 
| 225|0x0000000716500000, 0x0000000716600000, 0x0000000716600000|100%| E|CS|TAMS 0x0000000716500000, 0x0000000716500000| Complete 
| 226|0x0000000716600000, 0x0000000716700000, 0x0000000716700000|100%| E|CS|TAMS 0x0000000716600000, 0x0000000716600000| Complete 
| 227|0x0000000716700000, 0x0000000716800000, 0x0000000716800000|100%| E|CS|TAMS 0x0000000716700000, 0x0000000716700000| Complete 
| 228|0x0000000716800000, 0x0000000716900000, 0x0000000716900000|100%| E|CS|TAMS 0x0000000716800000, 0x0000000716800000| Complete 
| 229|0x0000000716900000, 0x0000000716a00000, 0x0000000716a00000|100%| E|CS|TAMS 0x0000000716900000, 0x0000000716900000| Complete 
| 230|0x0000000716a00000, 0x0000000716b00000, 0x0000000716b00000|100%| E|CS|TAMS 0x0000000716a00000, 0x0000000716a00000| Complete 
| 231|0x0000000716b00000, 0x0000000716c00000, 0x0000000716c00000|100%| E|CS|TAMS 0x0000000716b00000, 0x0000000716b00000| Complete 
| 232|0x0000000716c00000, 0x0000000716d00000, 0x0000000716d00000|100%| E|CS|TAMS 0x0000000716c00000, 0x0000000716c00000| Complete 
| 233|0x0000000716d00000, 0x0000000716e00000, 0x0000000716e00000|100%| E|CS|TAMS 0x0000000716d00000, 0x0000000716d00000| Complete 
| 234|0x0000000716e00000, 0x0000000716f00000, 0x0000000716f00000|100%| E|CS|TAMS 0x0000000716e00000, 0x0000000716e00000| Complete 
| 235|0x0000000716f00000, 0x0000000717000000, 0x0000000717000000|100%| E|CS|TAMS 0x0000000716f00000, 0x0000000716f00000| Complete 
| 236|0x0000000717000000, 0x0000000717100000, 0x0000000717100000|100%| E|CS|TAMS 0x0000000717000000, 0x0000000717000000| Complete 
| 237|0x0000000717100000, 0x0000000717200000, 0x0000000717200000|100%| E|CS|TAMS 0x0000000717100000, 0x0000000717100000| Complete 
| 238|0x0000000717200000, 0x0000000717300000, 0x0000000717300000|100%| E|CS|TAMS 0x0000000717200000, 0x0000000717200000| Complete 
| 239|0x0000000717300000, 0x0000000717400000, 0x0000000717400000|100%| E|CS|TAMS 0x0000000717300000, 0x0000000717300000| Complete 
| 240|0x0000000717400000, 0x0000000717500000, 0x0000000717500000|100%| E|CS|TAMS 0x0000000717400000, 0x0000000717400000| Complete 
| 241|0x0000000717500000, 0x0000000717600000, 0x0000000717600000|100%| E|CS|TAMS 0x0000000717500000, 0x0000000717500000| Complete 
| 242|0x0000000717600000, 0x0000000717700000, 0x0000000717700000|100%| E|CS|TAMS 0x0000000717600000, 0x0000000717600000| Complete 
| 243|0x0000000717700000, 0x0000000717800000, 0x0000000717800000|100%| E|CS|TAMS 0x0000000717700000, 0x0000000717700000| Complete 
| 244|0x0000000717800000, 0x0000000717900000, 0x0000000717900000|100%| E|CS|TAMS 0x0000000717800000, 0x0000000717800000| Complete 
| 245|0x0000000717900000, 0x0000000717a00000, 0x0000000717a00000|100%| E|CS|TAMS 0x0000000717900000, 0x0000000717900000| Complete 
| 246|0x0000000717a00000, 0x0000000717b00000, 0x0000000717b00000|100%| E|CS|TAMS 0x0000000717a00000, 0x0000000717a00000| Complete 
| 247|0x0000000717b00000, 0x0000000717c00000, 0x0000000717c00000|100%| E|CS|TAMS 0x0000000717b00000, 0x0000000717b00000| Complete 
|2938|0x00000007bfe00000, 0x00000007bfe47000, 0x00000007bff00000| 27%|OA|  |TAMS 0x00000007bfe00000, 0x00000007bfe00000| Untracked 
|2939|0x00000007bff00000, 0x00000007bff6b000, 0x00000007c0000000| 41%|CA|  |TAMS 0x00000007bff00000, 0x00000007bff00000| Untracked 

Card table byte_map: [0x00007fa9e8d54000,0x00007fa9e9512000] _byte_map_base: 0x00007fa9e5512000

Marking Bits (Prev, Next): (CMBitMap*) 0x00007fa9e407f2b8, (CMBitMap*) 0x00007fa9e407f2f0
 Prev Bits: [0x00007fa9c4210000, 0x00007fa9c8000000)
 Next Bits: [0x00007fa9c0420000, 0x00007fa9c4210000)

Polling page: 0x00007fa9eaa25000

Metaspace:

Usage:
  Non-class:     13,93 MB capacity,    12,93 MB ( 93%) used,   965,44 KB (  7%) free+waste,    66,38 KB ( <1%) overhead. 
      Class:      2,33 MB capacity,     2,08 MB ( 89%) used,   218,68 KB (  9%) free+waste,    35,56 KB (  1%) overhead. 
       Both:     16,27 MB capacity,    15,01 MB ( 92%) used,     1,16 MB (  7%) free+waste,   101,94 KB ( <1%) overhead. 

Virtual space:
  Non-class space:       14,00 MB reserved,      14,00 MB (100%) committed 
      Class space:        1,00 GB reserved,       2,38 MB ( <1%) committed 
             Both:        1,01 GB reserved,      16,38 MB (  2%) committed 

Chunk freelists:
   Non-Class:  4,00 KB
       Class:  11,00 KB
        Both:  15,00 KB

MaxMetaspaceSize: unlimited
CompressedClassSpaceSize: 1,00 GB

CodeHeap 'non-profiled nmethods': size=238384Kb used=3234Kb max_used=3234Kb free=235149Kb
 bounds [0x00007fa9ccfac000, 0x00007fa9cd2dc000, 0x00007fa9db878000]
CodeHeap 'non-nmethods': size=7376Kb used=1129Kb max_used=1129Kb free=6246Kb
 bounds [0x00007fa9cc878000, 0x00007fa9ccae8000, 0x00007fa9ccfac000]
 total_blobs=2686 nmethods=2231 adapters=382
 compilation: enabled
              stopped_count=0, restarted_count=0
 full_count=0

Compilation events (20 events):
Event: 0,675 Thread 0x00007fa9e41e5000 2217       1       java.lang.Package$VersionInfo::getInstance (53 bytes)
Event: 0,675 Thread 0x00007fa9e41e5000 nmethod 2217 0x00007fa9cd2cef10 code [0x00007fa9cd2cf0c0, 0x00007fa9cd2cf2c0]
Event: 0,675 Thread 0x00007fa9e41e5000 2220       1       java.lang.Class::getMethod (59 bytes)
Event: 0,676 Thread 0x00007fa9e41e5000 nmethod 2220 0x00007fa9cd2cf390 code [0x00007fa9cd2cf5e0, 0x00007fa9cd2cfb80]
Event: 0,676 Thread 0x00007fa9e41e5000 2221       1       java.lang.Class::getMethod0 (31 bytes)
Event: 0,676 Thread 0x00007fa9e41e5000 nmethod 2221 0x00007fa9cd2cfe10 code [0x00007fa9cd2cffe0, 0x00007fa9cd2d0130]
Event: 0,676 Thread 0x00007fa9e41e5000 2222       1       jdk.internal.loader.BuiltinClassLoader::definePackage (276 bytes)
Event: 0,677 Thread 0x00007fa9e41e5000 nmethod 2222 0x00007fa9cd2d0a10 code [0x00007fa9cd2d0d60, 0x00007fa9cd2d1a90]
Event: 0,677 Thread 0x00007fa9e41e5000 2224       1       java.lang.invoke.LambdaForm::<init> (115 bytes)
Event: 0,677 Thread 0x00007fa9e41e5000 nmethod 2224 0x00007fa9cd2d2390 code [0x00007fa9cd2d2580, 0x00007fa9cd2d28e0]
Event: 0,677 Thread 0x00007fa9e41e5000 2230       1       org.springframework.core.ResolvableType::as (86 bytes)
Event: 0,677 Thread 0x00007fa9e41e5000 nmethod 2230 0x00007fa9cd2d2a90 code [0x00007fa9cd2d2c80, 0x00007fa9cd2d2eb0]
Event: 0,677 Thread 0x00007fa9e41e5000 2229       1       org.springframework.core.ResolvableType::resolveType (151 bytes)
Event: 0,677 Thread 0x00007fa9e41e5000 nmethod 2229 0x00007fa9cd2d3090 code [0x00007fa9cd2d32e0, 0x00007fa9cd2d3950]
Event: 0,677 Thread 0x00007fa9e41e5000 2232       1       org.springframework.core.ResolvableType::<init> (47 bytes)
Event: 0,677 Thread 0x00007fa9e41e5000 nmethod 2232 0x00007fa9cd2d3c10 code [0x00007fa9cd2d3dc0, 0x00007fa9cd2d4030]
Event: 0,677 Thread 0x00007fa9e41e5000 2231       1       org.springframework.core.ResolvableType::isArray (58 bytes)
Event: 0,678 Thread 0x00007fa9e41e5000 nmethod 2231 0x00007fa9cd2d4090 code [0x00007fa9cd2d4260, 0x00007fa9cd2d4500]
Event: 0,678 Thread 0x00007fa9e41e5000 2225       1       java.lang.invoke.LambdaForm::fixResult (31 bytes)
Event: 0,678 Thread 0x00007fa9e41e5000 nmethod 2225 0x00007fa9cd2d4610 code [0x00007fa9cd2d47c0, 0x00007fa9cd2d48d0]

GC Heap History (3 events):
Event: 0,207 GC heap before
{Heap before GC invocations=0 (full 0):
 garbage-first heap   total 256000K, used 27336K [0x0000000708400000, 0x0000000800000000)
  region size 1024K, 24 young (24576K), 0 survivors (0K)
 Metaspace       used 2867K, capacity 6095K, committed 6272K, reserved 1056768K
  class space    used 325K, capacity 586K, committed 640K, reserved 1048576K
}
Event: 0,213 GC heap after
{Heap after GC invocations=1 (full 0):
 garbage-first heap   total 256000K, used 7314K [0x0000000708400000, 0x0000000800000000)
  region size 1024K, 3 young (3072K), 3 survivors (3072K)
 Metaspace       used 2867K, capacity 6095K, committed 6272K, reserved 1056768K
  class space    used 325K, capacity 586K, committed 640K, reserved 1048576K
}
Event: 0,679 GC heap before
{Heap before GC invocations=1 (full 0):
 garbage-first heap   total 256000K, used 155794K [0x0000000708400000, 0x0000000800000000)
  region size 1024K, 148 young (151552K), 3 survivors (3072K)
 Metaspace       used 15370K, capacity 16657K, committed 16768K, reserved 1062912K
  class space    used 2134K, capacity 2389K, committed 2432K, reserved 1048576K
}

Deoptimization events (0 events):
No events

Classes redefined (0 events):
No events

Internal exceptions (20 events):
Event: 0,580 Thread 0x00007fa97400a800 Exception <a 'java/lang/ClassNotFoundException'{0x0000000710ca32c0}: java/lang/ObjectCustomizer> (0x0000000710ca32c0) thrown at [src/hotspot/share/classfile/systemDictionary.cpp, line 231]
Event: 0,585 Thread 0x00007fa97400a800 Exception <a 'java/lang/ClassNotFoundException'{0x0000000710cd78b8}: org/springframework/context/annotation/ConfigurationClassPostProcessorCustomizer> (0x0000000710cd78b8) thrown at [src/hotspot/share/classfile/systemDictionary.cpp, line 231]
Event: 0,587 Thread 0x00007fa97400a800 Exception <a 'java/lang/ClassNotFoundException'{0x0000000710a1a068}: org/springframework/beans/factory/support/BeanDefinitionRegistryPostProcessorCustomizer> (0x0000000710a1a068) thrown at [src/hotspot/share/classfile/systemDictionary.cpp, line 231]
Event: 0,587 Thread 0x00007fa97400a800 Exception <a 'java/lang/ClassNotFoundException'{0x0000000710a33498}: org/springframework/beans/factory/config/BeanFactoryPostProcessorCustomizer> (0x0000000710a33498) thrown at [src/hotspot/share/classfile/systemDictionary.cpp, line 231]
Event: 0,588 Thread 0x00007fa97400a800 Exception <a 'java/lang/ClassNotFoundException'{0x0000000710a48a68}: org/springframework/core/PriorityOrderedCustomizer> (0x0000000710a48a68) thrown at [src/hotspot/share/classfile/systemDictionary.cpp, line 231]
Event: 0,588 Thread 0x00007fa97400a800 Exception <a 'java/lang/ClassNotFoundException'{0x0000000710a5bb00}: org/springframework/core/OrderedCustomizer> (0x0000000710a5bb00) thrown at [src/hotspot/share/classfile/systemDictionary.cpp, line 231]
Event: 0,589 Thread 0x00007fa97400a800 Exception <a 'java/lang/ClassNotFoundException'{0x0000000710a71e60}: org/springframework/context/ResourceLoaderAwareCustomizer> (0x0000000710a71e60) thrown at [src/hotspot/share/classfile/systemDictionary.cpp, line 231]
Event: 0,589 Thread 0x00007fa97400a800 Exception <a 'java/lang/ClassNotFoundException'{0x0000000710906d00}: org/springframework/beans/factory/AwareCustomizer> (0x0000000710906d00) thrown at [src/hotspot/share/classfile/systemDictionary.cpp, line 231]
Event: 0,590 Thread 0x00007fa97400a800 Exception <a 'java/lang/ClassNotFoundException'{0x000000071091cc88}: org/springframework/context/ApplicationStartupAwareCustomizer> (0x000000071091cc88) thrown at [src/hotspot/share/classfile/systemDictionary.cpp, line 231]
Event: 0,590 Thread 0x00007fa97400a800 Exception <a 'java/lang/ClassNotFoundException'{0x00000007109320d0}: org/springframework/beans/factory/AwareCustomizer> (0x00000007109320d0) thrown at [src/hotspot/share/classfile/systemDictionary.cpp, line 231]
Event: 0,590 Thread 0x00007fa97400a800 Exception <a 'java/lang/ClassNotFoundException'{0x00000007109487d0}: org/springframework/beans/factory/BeanClassLoaderAwareCustomizer> (0x00000007109487d0) thrown at [src/hotspot/share/classfile/systemDictionary.cpp, line 231]
Event: 0,591 Thread 0x00007fa97400a800 Exception <a 'java/lang/ClassNotFoundException'{0x000000071095d9b8}: org/springframework/beans/factory/AwareCustomizer> (0x000000071095d9b8) thrown at [src/hotspot/share/classfile/systemDictionary.cpp, line 231]
Event: 0,591 Thread 0x00007fa97400a800 Exception <a 'java/lang/ClassNotFoundException'{0x00000007109729e8}: org/springframework/context/EnvironmentAwareCustomizer> (0x00000007109729e8) thrown at [src/hotspot/share/classfile/systemDictionary.cpp, line 231]
Event: 0,592 Thread 0x00007fa97400a800 Exception <a 'java/lang/ClassNotFoundException'{0x00000007108077e8}: org/springframework/beans/factory/AwareCustomizer> (0x00000007108077e8) thrown at [src/hotspot/share/classfile/systemDictionary.cpp, line 231]
Event: 0,620 Thread 0x00007fa97400a800 Exception <a 'java/lang/NoSuchMethodError'{0x000000070fe61ef0}: 'void java.lang.invoke.DirectMethodHandle$Holder.invokeInterface(java.lang.Object, java.lang.Object, java.lang.Object, java.lang.Object)'> (0x000000070fe61ef0) thrown at [src/hotspot/share/interpreter/linkResolver.cpp, line 772]
Event: 0,643 Thread 0x00007fa968143800 Exception <a 'java/lang/NoSuchMethodError'{0x000000070f5fb7d0}: 'java.lang.Object java.lang.invoke.DirectMethodHandle$Holder.invokeStaticInit(java.lang.Object, java.lang.Object, java.lang.Object, java.lang.Object, java.lang.Object)'> (0x000000070f5fb7d0) thrown at [src/hotspot/share/interpreter/linkResolver.cpp, line 772]
Event: 0,646 Thread 0x00007fa968143800 Exception <a 'java/lang/NoSuchMethodError'{0x000000070f4e7aa0}: 'java.lang.Object java.lang.invoke.DirectMethodHandle$Holder.invokeSpecial(java.lang.Object, java.lang.Object, int, int, java.lang.Object, java.lang.Object, java.lang.Object)'> (0x000000070f4e7aa0) thrown at [src/hotspot/share/interpreter/linkResolver.cpp, line 772]
Event: 0,646 Thread 0x00007fa968143800 Exception <a 'java/lang/NoSuchMethodError'{0x000000070f4eb030}: 'java.lang.Object java.lang.invoke.DelegatingMethodHandle$Holder.reinvoke_L(java.lang.Object, int, int, java.lang.Object, java.lang.Object, java.lang.Object)'> (0x000000070f4eb030) thrown at [src/hotspot/share/interpreter/linkResolver.cpp, line 772]
Event: 0,646 Thread 0x00007fa968143800 Exception <a 'java/lang/NoSuchMethodError'{0x000000070f4eee10}: 'java.lang.Object java.lang.invoke.DirectMethodHandle$Holder.invokeStatic(java.lang.Object, java.lang.Object, java.lang.Object, java.lang.Object, int)'> (0x000000070f4eee10) thrown at [src/hotspot/share/interpreter/linkResolver.cpp, line 772]
Event: 0,652 Thread 0x00007fa97400a800 Exception <a 'java/lang/NoSuchMethodError'{0x000000070f26e5d0}: 'void java.lang.invoke.DirectMethodHandle$Holder.invokeSpecial(java.lang.Object, java.lang.Object, java.lang.Object, java.lang.Object, java.lang.Object, java.lang.Object)'> (0x000000070f26e5d0) thrown at [src/hotspot/share/interpreter/linkResolver.cpp, line 772]

Events (20 events):
Event: 0,677 loading class com/fasterxml/jackson/databind/DeserializationContext done
Event: 0,677 loading class org/springframework/boot/devtools/restart/classloader/ClassLoaderFile
Event: 0,677 loading class org/springframework/boot/devtools/restart/classloader/ClassLoaderFile done
Event: 0,678 loading class org/springframework/context/support/LiveBeansView
Event: 0,678 loading class org/springframework/context/support/LiveBeansView done
Event: 0,678 loading class org/springframework/context/support/LiveBeansViewMBean
Event: 0,678 loading class org/springframework/context/support/LiveBeansViewMBean done
Event: 0,678 loading class com/fasterxml/jackson/databind/deser/BeanDeserializerFactory
Event: 0,678 loading class com/fasterxml/jackson/databind/deser/BeanDeserializerFactory done
Event: 0,678 loading class org/springframework/util/ConcurrentReferenceHashMap$EntrySet
Event: 0,678 loading class org/springframework/util/ConcurrentReferenceHashMap$EntrySet done
Event: 0,678 loading class com/fasterxml/jackson/databind/deser/BasicDeserializerFactory
Event: 0,678 loading class com/fasterxml/jackson/databind/deser/BasicDeserializerFactory done
Event: 0,678 loading class org/springframework/util/ConcurrentReferenceHashMap$EntryIterator
Event: 0,678 loading class org/springframework/util/ConcurrentReferenceHashMap$EntryIterator done
Event: 0,679 loading class org/springframework/context/ConfigurableApplicationContext
Event: 0,679 loading class org/springframework/context/ConfigurableApplicationContext done
Event: 0,679 loading class org/springframework/context/ConfigurableApplicationContext
Event: 0,679 loading class org/springframework/context/ConfigurableApplicationContext done
Event: 0,679 Executing VM operation: G1CollectForAllocation


Dynamic libraries:
708400000-717c00000 rw-p 00000000 00:00 0 
717c00000-7bfe00000 ---p 00000000 00:00 0 
7bfe00000-7bfe47000 rw-p 01111000 103:06 3801302                         /usr/lib/jvm/java-11-openjdk-amd64/lib/server/classes.jsa
7bfe47000-7bff00000 rw-p 00000000 00:00 0 
7bff00000-7bff6b000 rw-p 010a6000 103:06 3801302                         /usr/lib/jvm/java-11-openjdk-amd64/lib/server/classes.jsa
7bff6b000-7c0000000 rw-p 00000000 00:00 0 
7c0000000-800000000 ---p 00000000 00:00 0 
800000000-800002000 rwxp 00001000 103:06 3801302                         /usr/lib/jvm/java-11-openjdk-amd64/lib/server/classes.jsa
800002000-8003b9000 rw-p 00003000 103:06 3801302                         /usr/lib/jvm/java-11-openjdk-amd64/lib/server/classes.jsa
8003b9000-800a96000 r--p 003ba000 103:06 3801302                         /usr/lib/jvm/java-11-openjdk-amd64/lib/server/classes.jsa
800a96000-800a97000 rw-p 00a97000 103:06 3801302                         /usr/lib/jvm/java-11-openjdk-amd64/lib/server/classes.jsa
800a97000-8010a5000 r--p 00a98000 103:06 3801302                         /usr/lib/jvm/java-11-openjdk-amd64/lib/server/classes.jsa
840000000-840260000 rw-p 00000000 00:00 0 
840260000-880000000 ---p 00000000 00:00 0 
5641c860c000-5641c860d000 r--p 00000000 103:06 2889003                   /usr/lib/jvm/java-11-openjdk-amd64/bin/java
5641c860d000-5641c860e000 r-xp 00001000 103:06 2889003                   /usr/lib/jvm/java-11-openjdk-amd64/bin/java
5641c860e000-5641c860f000 r--p 00002000 103:06 2889003                   /usr/lib/jvm/java-11-openjdk-amd64/bin/java
5641c860f000-5641c8610000 r--p 00002000 103:06 2889003                   /usr/lib/jvm/java-11-openjdk-amd64/bin/java
5641c8610000-5641c8611000 rw-p 00003000 103:06 2889003                   /usr/lib/jvm/java-11-openjdk-amd64/bin/java
5641c94bf000-5641c94e0000 rw-p 00000000 00:00 0                          [heap]
7fa958000000-7fa958021000 rw-p 00000000 00:00 0 
7fa958021000-7fa95c000000 ---p 00000000 00:00 0 
7fa960000000-7fa960021000 rw-p 00000000 00:00 0 
7fa960021000-7fa964000000 ---p 00000000 00:00 0 
7fa9679fc000-7fa9679fd000 ---p 00000000 00:00 0 
7fa9679fd000-7fa967afe000 rw-p 00000000 00:00 0 
7fa967afe000-7fa967aff000 ---p 00000000 00:00 0 
7fa967aff000-7fa967e00000 rw-p 00000000 00:00 0 
7fa967e00000-7fa968000000 rw-p 00000000 00:00 0 
7fa968000000-7fa968297000 rw-p 00000000 00:00 0 
7fa968297000-7fa96c000000 ---p 00000000 00:00 0 
7fa96c000000-7fa96c238000 rw-p 00000000 00:00 0 
7fa96c238000-7fa970000000 ---p 00000000 00:00 0 
7fa970000000-7fa970021000 rw-p 00000000 00:00 0 
7fa970021000-7fa974000000 ---p 00000000 00:00 0 
7fa974000000-7fa974021000 rw-p 00000000 00:00 0 
7fa974021000-7fa978000000 ---p 00000000 00:00 0 
7fa978000000-7fa978021000 rw-p 00000000 00:00 0 
7fa978021000-7fa97c000000 ---p 00000000 00:00 0 
7fa97c000000-7fa97c021000 rw-p 00000000 00:00 0 
7fa97c021000-7fa980000000 ---p 00000000 00:00 0 
7fa980000000-7fa980021000 rw-p 00000000 00:00 0 
7fa980021000-7fa984000000 ---p 00000000 00:00 0 
7fa984000000-7fa984021000 rw-p 00000000 00:00 0 
7fa984021000-7fa988000000 ---p 00000000 00:00 0 
7fa988000000-7fa988021000 rw-p 00000000 00:00 0 
7fa988021000-7fa98c000000 ---p 00000000 00:00 0 
7fa98c000000-7fa98c021000 rw-p 00000000 00:00 0 
7fa98c021000-7fa990000000 ---p 00000000 00:00 0 
7fa990000000-7fa9902b7000 rw-p 00000000 00:00 0 
7fa9902b7000-7fa994000000 ---p 00000000 00:00 0 
7fa994000000-7fa994021000 rw-p 00000000 00:00 0 
7fa994021000-7fa998000000 ---p 00000000 00:00 0 
7fa998000000-7fa998021000 rw-p 00000000 00:00 0 
7fa998021000-7fa99c000000 ---p 00000000 00:00 0 
7fa99c000000-7fa99c021000 rw-p 00000000 00:00 0 
7fa99c021000-7fa9a0000000 ---p 00000000 00:00 0 
7fa9a0000000-7fa9a0021000 rw-p 00000000 00:00 0 
7fa9a0021000-7fa9a4000000 ---p 00000000 00:00 0 
7fa9a4000000-7fa9a4021000 rw-p 00000000 00:00 0 
7fa9a4021000-7fa9a8000000 ---p 00000000 00:00 0 
7fa9a8000000-7fa9a8021000 rw-p 00000000 00:00 0 
7fa9a8021000-7fa9ac000000 ---p 00000000 00:00 0 
7fa9ac000000-7fa9ac021000 rw-p 00000000 00:00 0 
7fa9ac021000-7fa9b0000000 ---p 00000000 00:00 0 
7fa9b0000000-7fa9b0021000 rw-p 00000000 00:00 0 
7fa9b0021000-7fa9b4000000 ---p 00000000 00:00 0 
7fa9b4000000-7fa9b4021000 rw-p 00000000 00:00 0 
7fa9b4021000-7fa9b8000000 ---p 00000000 00:00 0 
7fa9b8079000-7fa9b8279000 rw-p 00000000 00:00 0 
7fa9b8279000-7fa9b827d000 ---p 00000000 00:00 0 
7fa9b827d000-7fa9b837a000 rw-p 00000000 00:00 0 
7fa9b837a000-7fa9b837e000 ---p 00000000 00:00 0 
7fa9b837e000-7fa9b847b000 rw-p 00000000 00:00 0 
7fa9b847b000-7fa9b847f000 ---p 00000000 00:00 0 
7fa9b847f000-7fa9b857c000 rw-p 00000000 00:00 0 
7fa9b857c000-7fa9b857d000 ---p 00000000 00:00 0 
7fa9b857d000-7fa9b867e000 rw-p 00000000 00:00 0 
7fa9b867e000-7fa9b867f000 ---p 00000000 00:00 0 
7fa9b867f000-7fa9b8780000 rw-p 00000000 00:00 0 
7fa9b8780000-7fa9b8781000 ---p 00000000 00:00 0 
7fa9b8781000-7fa9b8882000 rw-p 00000000 00:00 0 
7fa9b8882000-7fa9b8883000 ---p 00000000 00:00 0 
7fa9b8883000-7fa9b8984000 rw-p 00000000 00:00 0 
7fa9b8984000-7fa9b8985000 ---p 00000000 00:00 0 
7fa9b8985000-7fa9b8a86000 rw-p 00000000 00:00 0 
7fa9b8a86000-7fa9b8a8a000 ---p 00000000 00:00 0 
7fa9b8a8a000-7fa9b8b87000 rw-p 00000000 00:00 0 
7fa9b8b87000-7fa9b8b88000 ---p 00000000 00:00 0 
7fa9b8b88000-7fa9b8c89000 rw-p 00000000 00:00 0 
7fa9b8c89000-7fa9b8c8d000 ---p 00000000 00:00 0 
7fa9b8c8d000-7fa9b8d8a000 rw-p 00000000 00:00 0 
7fa9b8d8a000-7fa9b8d8e000 ---p 00000000 00:00 0 
7fa9b8d8e000-7fa9b8e8b000 rw-p 00000000 00:00 0 
7fa9b8e8b000-7fa9b8e8f000 ---p 00000000 00:00 0 
7fa9b8e8f000-7fa9b8f8c000 rw-p 00000000 00:00 0 
7fa9b8f8c000-7fa9b8f90000 ---p 00000000 00:00 0 
7fa9b8f90000-7fa9b908d000 rw-p 00000000 00:00 0 
7fa9b908d000-7fa9b95fe000 r--p 00000000 103:06 2889157                   /usr/lib/locale/locale-archive
7fa9b95fe000-7fa9b9602000 ---p 00000000 00:00 0 
7fa9b9602000-7fa9b96ff000 rw-p 00000000 00:00 0 
7fa9b96ff000-7fa9b9703000 ---p 00000000 00:00 0 
7fa9b9703000-7fa9bc000000 rw-p 00000000 00:00 0 
7fa9bc000000-7fa9bc021000 rw-p 00000000 00:00 0 
7fa9bc021000-7fa9c0000000 ---p 00000000 00:00 0 
7fa9c0017000-7fa9c001b000 r--p 00000000 103:06 3674041                   /lib/x86_64-linux-gnu/libresolv-2.31.so
7fa9c001b000-7fa9c002b000 r-xp 00004000 103:06 3674041                   /lib/x86_64-linux-gnu/libresolv-2.31.so
7fa9c002b000-7fa9c002e000 r--p 00014000 103:06 3674041                   /lib/x86_64-linux-gnu/libresolv-2.31.so
7fa9c002e000-7fa9c002f000 ---p 00017000 103:06 3674041                   /lib/x86_64-linux-gnu/libresolv-2.31.so
7fa9c002f000-7fa9c0030000 r--p 00017000 103:06 3674041                   /lib/x86_64-linux-gnu/libresolv-2.31.so
7fa9c0030000-7fa9c0031000 rw-p 00018000 103:06 3674041                   /lib/x86_64-linux-gnu/libresolv-2.31.so
7fa9c0031000-7fa9c0033000 rw-p 00000000 00:00 0 
7fa9c004f000-7fa9c0080000 rw-p 00000000 00:00 0 
7fa9c0080000-7fa9c0084000 r--p 00000000 103:06 2889059                   /usr/lib/jvm/java-11-openjdk-amd64/lib/libnet.so
7fa9c0084000-7fa9c0093000 r-xp 00004000 103:06 2889059                   /usr/lib/jvm/java-11-openjdk-amd64/lib/libnet.so
7fa9c0093000-7fa9c0097000 r--p 00013000 103:06 2889059                   /usr/lib/jvm/java-11-openjdk-amd64/lib/libnet.so
7fa9c0097000-7fa9c0098000 r--p 00016000 103:06 2889059                   /usr/lib/jvm/java-11-openjdk-amd64/lib/libnet.so
7fa9c0098000-7fa9c0099000 rw-p 00017000 103:06 2889059                   /usr/lib/jvm/java-11-openjdk-amd64/lib/libnet.so
7fa9c0099000-7fa9c009a000 ---p 00000000 00:00 0 
7fa9c009a000-7fa9c021c000 rw-p 00000000 00:00 0 
7fa9c021c000-7fa9c021d000 ---p 00000000 00:00 0 
7fa9c021d000-7fa9c031e000 rw-p 00000000 00:00 0 
7fa9c031e000-7fa9c031f000 ---p 00000000 00:00 0 
7fa9c031f000-7fa9c0800000 rw-p 00000000 00:00 0 
7fa9c0800000-7fa9c3208000 ---p 00000000 00:00 0 
7fa9c3208000-7fa9c3210000 rw-p 00000000 00:00 0 
7fa9c3210000-7fa9c4210000 ---p 00000000 00:00 0 
7fa9c4210000-7fa9c45f0000 rw-p 00000000 00:00 0 
7fa9c45f0000-7fa9c6ff8000 ---p 00000000 00:00 0 
7fa9c6ff8000-7fa9c7000000 rw-p 00000000 00:00 0 
7fa9c7000000-7fa9c8000000 ---p 00000000 00:00 0 
7fa9c8000000-7fa9c8021000 rw-p 00000000 00:00 0 
7fa9c8021000-7fa9cc000000 ---p 00000000 00:00 0 
7fa9cc00c000-7fa9cc00e000 r--p 00000000 103:06 3674019                   /lib/x86_64-linux-gnu/libnss_dns-2.31.so
7fa9cc00e000-7fa9cc012000 r-xp 00002000 103:06 3674019                   /lib/x86_64-linux-gnu/libnss_dns-2.31.so
7fa9cc012000-7fa9cc013000 r--p 00006000 103:06 3674019                   /lib/x86_64-linux-gnu/libnss_dns-2.31.so
7fa9cc013000-7fa9cc014000 r--p 00006000 103:06 3674019                   /lib/x86_64-linux-gnu/libnss_dns-2.31.so
7fa9cc014000-7fa9cc015000 rw-p 00007000 103:06 3674019                   /lib/x86_64-linux-gnu/libnss_dns-2.31.so
7fa9cc015000-7fa9cc878000 rw-p 00000000 00:00 0 
7fa9cc878000-7fa9ccae8000 rwxp 00000000 00:00 0 
7fa9ccae8000-7fa9ccfac000 ---p 00000000 00:00 0 
7fa9ccfac000-7fa9cd2dc000 rwxp 00000000 00:00 0 
7fa9cd2dc000-7fa9db878000 ---p 00000000 00:00 0 
7fa9db878000-7fa9e4000000 r--s 00000000 103:06 2889069                   /usr/lib/jvm/java-11-openjdk-amd64/lib/modules
7fa9e4000000-7fa9e4868000 rw-p 00000000 00:00 0 
7fa9e4868000-7fa9e8000000 ---p 00000000 00:00 0 
7fa9e8003000-7fa9e8004000 r--p 00000000 103:06 3670771                   /lib/x86_64-linux-gnu/libnss_mdns4_minimal.so.2
7fa9e8004000-7fa9e8006000 r-xp 00001000 103:06 3670771                   /lib/x86_64-linux-gnu/libnss_mdns4_minimal.so.2
7fa9e8006000-7fa9e8007000 r--p 00003000 103:06 3670771                   /lib/x86_64-linux-gnu/libnss_mdns4_minimal.so.2
7fa9e8007000-7fa9e8008000 r--p 00003000 103:06 3670771                   /lib/x86_64-linux-gnu/libnss_mdns4_minimal.so.2
7fa9e8008000-7fa9e8009000 rw-p 00004000 103:06 3670771                   /lib/x86_64-linux-gnu/libnss_mdns4_minimal.so.2
7fa9e8009000-7fa9e800b000 r--p 00000000 103:06 2889057                   /usr/lib/jvm/java-11-openjdk-amd64/lib/libmanagement_ext.so
7fa9e800b000-7fa9e800e000 r-xp 00002000 103:06 2889057                   /usr/lib/jvm/java-11-openjdk-amd64/lib/libmanagement_ext.so
7fa9e800e000-7fa9e800f000 r--p 00005000 103:06 2889057                   /usr/lib/jvm/java-11-openjdk-amd64/lib/libmanagement_ext.so
7fa9e800f000-7fa9e8010000 ---p 00006000 103:06 2889057                   /usr/lib/jvm/java-11-openjdk-amd64/lib/libmanagement_ext.so
7fa9e8010000-7fa9e8011000 r--p 00006000 103:06 2889057                   /usr/lib/jvm/java-11-openjdk-amd64/lib/libmanagement_ext.so
7fa9e8011000-7fa9e8012000 rw-p 00007000 103:06 2889057                   /usr/lib/jvm/java-11-openjdk-amd64/lib/libmanagement_ext.so
7fa9e8012000-7fa9e8019000 r--p 00000000 103:06 2889060                   /usr/lib/jvm/java-11-openjdk-amd64/lib/libnio.so
7fa9e8019000-7fa9e8021000 r-xp 00007000 103:06 2889060                   /usr/lib/jvm/java-11-openjdk-amd64/lib/libnio.so
7fa9e8021000-7fa9e8024000 r--p 0000f000 103:06 2889060                   /usr/lib/jvm/java-11-openjdk-amd64/lib/libnio.so
7fa9e8024000-7fa9e8025000 r--p 00011000 103:06 2889060                   /usr/lib/jvm/java-11-openjdk-amd64/lib/libnio.so
7fa9e8025000-7fa9e8026000 rw-p 00012000 103:06 2889060                   /usr/lib/jvm/java-11-openjdk-amd64/lib/libnio.so
7fa9e8026000-7fa9e8292000 rw-p 00000000 00:00 0 
7fa9e8292000-7fa9e8293000 ---p 00000000 00:00 0 
7fa9e8293000-7fa9e8394000 rw-p 00000000 00:00 0 
7fa9e8394000-7fa9e8395000 ---p 00000000 00:00 0 
7fa9e8395000-7fa9e8612000 rw-p 00000000 00:00 0 
7fa9e8612000-7fa9e8b53000 ---p 00000000 00:00 0 
7fa9e8b53000-7fa9e8b54000 rw-p 00000000 00:00 0 
7fa9e8b54000-7fa9e8d54000 ---p 00000000 00:00 0 
7fa9e8d54000-7fa9e8dd0000 rw-p 00000000 00:00 0 
7fa9e8dd0000-7fa9e9311000 ---p 00000000 00:00 0 
7fa9e9311000-7fa9e9312000 rw-p 00000000 00:00 0 
7fa9e9312000-7fa9e9512000 ---p 00000000 00:00 0 
7fa9e9512000-7fa9e958e000 rw-p 00000000 00:00 0 
7fa9e958e000-7fa9e9acf000 ---p 00000000 00:00 0 
7fa9e9acf000-7fa9e9ad0000 rw-p 00000000 00:00 0 
7fa9e9ad0000-7fa9e9cd0000 ---p 00000000 00:00 0 
7fa9e9cd0000-7fa9ea6da000 rw-p 00000000 00:00 0 
7fa9ea6da000-7fa9ea6db000 ---p 00000000 00:00 0 
7fa9ea6db000-7fa9ea7e3000 rw-p 00000000 00:00 0 
7fa9ea7e3000-7fa9ea9ae000 ---p 00000000 00:00 0 
7fa9ea9ae000-7fa9ea9b3000 rw-p 00000000 00:00 0 
7fa9ea9b3000-7fa9ea9bd000 ---p 00000000 00:00 0 
7fa9ea9bd000-7fa9ea9c0000 r--p 00000000 103:06 3674023                   /lib/x86_64-linux-gnu/libnss_files-2.31.so
7fa9ea9c0000-7fa9ea9c7000 r-xp 00003000 103:06 3674023                   /lib/x86_64-linux-gnu/libnss_files-2.31.so
7fa9ea9c7000-7fa9ea9c9000 r--p 0000a000 103:06 3674023                   /lib/x86_64-linux-gnu/libnss_files-2.31.so
7fa9ea9c9000-7fa9ea9ca000 r--p 0000b000 103:06 3674023                   /lib/x86_64-linux-gnu/libnss_files-2.31.so
7fa9ea9ca000-7fa9ea9cb000 rw-p 0000c000 103:06 3674023                   /lib/x86_64-linux-gnu/libnss_files-2.31.so
7fa9ea9cb000-7fa9ea9d1000 rw-p 00000000 00:00 0 
7fa9ea9d1000-7fa9ea9d6000 r--p 00000000 103:06 3674009                   /lib/x86_64-linux-gnu/libnsl-2.31.so
7fa9ea9d6000-7fa9ea9e6000 r-xp 00005000 103:06 3674009                   /lib/x86_64-linux-gnu/libnsl-2.31.so
7fa9ea9e6000-7fa9ea9ea000 r--p 00015000 103:06 3674009                   /lib/x86_64-linux-gnu/libnsl-2.31.so
7fa9ea9ea000-7fa9ea9eb000 r--p 00018000 103:06 3674009                   /lib/x86_64-linux-gnu/libnsl-2.31.so
7fa9ea9eb000-7fa9ea9ec000 rw-p 00019000 103:06 3674009                   /lib/x86_64-linux-gnu/libnsl-2.31.so
7fa9ea9ec000-7fa9ea9ee000 rw-p 00000000 00:00 0 
7fa9ea9ee000-7fa9ea9f1000 r--p 00000000 103:06 3674031                   /lib/x86_64-linux-gnu/libnss_nis-2.31.so
7fa9ea9f1000-7fa9ea9f9000 r-xp 00003000 103:06 3674031                   /lib/x86_64-linux-gnu/libnss_nis-2.31.so
7fa9ea9f9000-7fa9ea9fb000 r--p 0000b000 103:06 3674031                   /lib/x86_64-linux-gnu/libnss_nis-2.31.so
7fa9ea9fb000-7fa9ea9fc000 r--p 0000c000 103:06 3674031                   /lib/x86_64-linux-gnu/libnss_nis-2.31.so
7fa9ea9fc000-7fa9ea9fd000 rw-p 0000d000 103:06 3674031                   /lib/x86_64-linux-gnu/libnss_nis-2.31.so
7fa9ea9fd000-7fa9ea9ff000 r--p 00000000 103:06 3674013                   /lib/x86_64-linux-gnu/libnss_compat-2.31.so
7fa9ea9ff000-7fa9eaa06000 r-xp 00002000 103:06 3674013                   /lib/x86_64-linux-gnu/libnss_compat-2.31.so
7fa9eaa06000-7fa9eaa07000 r--p 00009000 103:06 3674013                   /lib/x86_64-linux-gnu/libnss_compat-2.31.so
7fa9eaa07000-7fa9eaa08000 r--p 00009000 103:06 3674013                   /lib/x86_64-linux-gnu/libnss_compat-2.31.so
7fa9eaa08000-7fa9eaa09000 rw-p 0000a000 103:06 3674013                   /lib/x86_64-linux-gnu/libnss_compat-2.31.so
7fa9eaa0a000-7fa9eaa0d000 r--p 00000000 103:06 2889055                   /usr/lib/jvm/java-11-openjdk-amd64/lib/libmanagement.so
7fa9eaa0d000-7fa9eaa0e000 r-xp 00003000 103:06 2889055                   /usr/lib/jvm/java-11-openjdk-amd64/lib/libmanagement.so
7fa9eaa0e000-7fa9eaa0f000 r--p 00004000 103:06 2889055                   /usr/lib/jvm/java-11-openjdk-amd64/lib/libmanagement.so
7fa9eaa0f000-7fa9eaa10000 r--p 00004000 103:06 2889055                   /usr/lib/jvm/java-11-openjdk-amd64/lib/libmanagement.so
7fa9eaa10000-7fa9eaa11000 rw-p 00005000 103:06 2889055                   /usr/lib/jvm/java-11-openjdk-amd64/lib/libmanagement.so
7fa9eaa11000-7fa9eaa13000 r--s 0000c000 103:06 3282460                   /usr/share/java/java-atk-wrapper.jar
7fa9eaa13000-7fa9eaa15000 r--p 00000000 103:06 2889068                   /usr/lib/jvm/java-11-openjdk-amd64/lib/libzip.so
7fa9eaa15000-7fa9eaa19000 r-xp 00002000 103:06 2889068                   /usr/lib/jvm/java-11-openjdk-amd64/lib/libzip.so
7fa9eaa19000-7fa9eaa1b000 r--p 00006000 103:06 2889068                   /usr/lib/jvm/java-11-openjdk-amd64/lib/libzip.so
7fa9eaa1b000-7fa9eaa1c000 r--p 00007000 103:06 2889068                   /usr/lib/jvm/java-11-openjdk-amd64/lib/libzip.so
7fa9eaa1c000-7fa9eaa1d000 rw-p 00008000 103:06 2889068                   /usr/lib/jvm/java-11-openjdk-amd64/lib/libzip.so
7fa9eaa1d000-7fa9eaa25000 rw-s 00000000 103:06 3801309                   /tmp/hsperfdata_artur/22655
7fa9eaa25000-7fa9eaa26000 ---p 00000000 00:00 0 
7fa9eaa26000-7fa9eaa27000 r--p 00000000 00:00 0 
7fa9eaa27000-7fa9eaa35000 r--p 00000000 103:06 2889047                   /usr/lib/jvm/java-11-openjdk-amd64/lib/libjava.so
7fa9eaa35000-7fa9eaa4b000 r-xp 0000e000 103:06 2889047                   /usr/lib/jvm/java-11-openjdk-amd64/lib/libjava.so
7fa9eaa4b000-7fa9eaa52000 r--p 00024000 103:06 2889047                   /usr/lib/jvm/java-11-openjdk-amd64/lib/libjava.so
7fa9eaa52000-7fa9eaa53000 r--p 0002a000 103:06 2889047                   /usr/lib/jvm/java-11-openjdk-amd64/lib/libjava.so
7fa9eaa53000-7fa9eaa54000 rw-p 0002b000 103:06 2889047                   /usr/lib/jvm/java-11-openjdk-amd64/lib/libjava.so
7fa9eaa54000-7fa9eaa55000 rw-p 00000000 00:00 0 
7fa9eaa55000-7fa9eaa58000 r--p 00000000 103:06 3674043                   /lib/x86_64-linux-gnu/librt-2.31.so
7fa9eaa58000-7fa9eaa5c000 r-xp 00003000 103:06 3674043                   /lib/x86_64-linux-gnu/librt-2.31.so
7fa9eaa5c000-7fa9eaa5d000 r--p 00007000 103:06 3674043                   /lib/x86_64-linux-gnu/librt-2.31.so
7fa9eaa5d000-7fa9eaa5e000 ---p 00008000 103:06 3674043                   /lib/x86_64-linux-gnu/librt-2.31.so
7fa9eaa5e000-7fa9eaa5f000 r--p 00008000 103:06 3674043                   /lib/x86_64-linux-gnu/librt-2.31.so
7fa9eaa5f000-7fa9eaa60000 rw-p 00009000 103:06 3674043                   /lib/x86_64-linux-gnu/librt-2.31.so
7fa9eaa60000-7fa9eaa64000 ---p 00000000 00:00 0 
7fa9eaa64000-7fa9eab61000 rw-p 00000000 00:00 0 
7fa9eab61000-7fa9eab64000 r--p 00000000 103:06 3670736                   /lib/x86_64-linux-gnu/libgcc_s.so.1
7fa9eab64000-7fa9eab76000 r-xp 00003000 103:06 3670736                   /lib/x86_64-linux-gnu/libgcc_s.so.1
7fa9eab76000-7fa9eab7a000 r--p 00015000 103:06 3670736                   /lib/x86_64-linux-gnu/libgcc_s.so.1
7fa9eab7a000-7fa9eab7b000 r--p 00018000 103:06 3670736                   /lib/x86_64-linux-gnu/libgcc_s.so.1
7fa9eab7b000-7fa9eab7c000 rw-p 00019000 103:06 3670736                   /lib/x86_64-linux-gnu/libgcc_s.so.1
7fa9eab7c000-7fa9eab8b000 r--p 00000000 103:06 3673997                   /lib/x86_64-linux-gnu/libm-2.31.so
7fa9eab8b000-7fa9eac32000 r-xp 0000f000 103:06 3673997                   /lib/x86_64-linux-gnu/libm-2.31.so
7fa9eac32000-7fa9eacc9000 r--p 000b6000 103:06 3673997                   /lib/x86_64-linux-gnu/libm-2.31.so
7fa9eacc9000-7fa9eacca000 r--p 0014c000 103:06 3673997                   /lib/x86_64-linux-gnu/libm-2.31.so
7fa9eacca000-7fa9eaccb000 rw-p 0014d000 103:06 3673997                   /lib/x86_64-linux-gnu/libm-2.31.so
7fa9eaccb000-7fa9ead61000 r--p 00000000 103:06 2883678                   /usr/lib/x86_64-linux-gnu/libstdc++.so.6.0.28
7fa9ead61000-7fa9eae52000 r-xp 00096000 103:06 2883678                   /usr/lib/x86_64-linux-gnu/libstdc++.so.6.0.28
7fa9eae52000-7fa9eae9b000 r--p 00187000 103:06 2883678                   /usr/lib/x86_64-linux-gnu/libstdc++.so.6.0.28
7fa9eae9b000-7fa9eae9c000 ---p 001d0000 103:06 2883678                   /usr/lib/x86_64-linux-gnu/libstdc++.so.6.0.28
7fa9eae9c000-7fa9eaea7000 r--p 001d0000 103:06 2883678                   /usr/lib/x86_64-linux-gnu/libstdc++.so.6.0.28
7fa9eaea7000-7fa9eaeaa000 rw-p 001db000 103:06 2883678                   /usr/lib/x86_64-linux-gnu/libstdc++.so.6.0.28
7fa9eaeaa000-7fa9eaead000 rw-p 00000000 00:00 0 
7fa9eaead000-7fa9eb127000 r--p 00000000 103:06 3801498                   /usr/lib/jvm/java-11-openjdk-amd64/lib/server/libjvm.so
7fa9eb127000-7fa9ebdac000 r-xp 0027a000 103:06 3801498                   /usr/lib/jvm/java-11-openjdk-amd64/lib/server/libjvm.so
7fa9ebdac000-7fa9ec003000 r--p 00eff000 103:06 3801498                   /usr/lib/jvm/java-11-openjdk-amd64/lib/server/libjvm.so
7fa9ec003000-7fa9ec0c4000 r--p 01155000 103:06 3801498                   /usr/lib/jvm/java-11-openjdk-amd64/lib/server/libjvm.so
7fa9ec0c4000-7fa9ec0ff000 rw-p 01216000 103:06 3801498                   /usr/lib/jvm/java-11-openjdk-amd64/lib/server/libjvm.so
7fa9ec0ff000-7fa9ec158000 rw-p 00000000 00:00 0 
7fa9ec158000-7fa9ec15f000 r--p 00000000 103:06 3674039                   /lib/x86_64-linux-gnu/libpthread-2.31.so
7fa9ec15f000-7fa9ec170000 r-xp 00007000 103:06 3674039                   /lib/x86_64-linux-gnu/libpthread-2.31.so
7fa9ec170000-7fa9ec175000 r--p 00018000 103:06 3674039                   /lib/x86_64-linux-gnu/libpthread-2.31.so
7fa9ec175000-7fa9ec176000 r--p 0001c000 103:06 3674039                   /lib/x86_64-linux-gnu/libpthread-2.31.so
7fa9ec176000-7fa9ec177000 rw-p 0001d000 103:06 3674039                   /lib/x86_64-linux-gnu/libpthread-2.31.so
7fa9ec177000-7fa9ec17b000 rw-p 00000000 00:00 0 
7fa9ec17b000-7fa9ec17c000 r--p 00000000 103:06 3673993                   /lib/x86_64-linux-gnu/libdl-2.31.so
7fa9ec17c000-7fa9ec17e000 r-xp 00001000 103:06 3673993                   /lib/x86_64-linux-gnu/libdl-2.31.so
7fa9ec17e000-7fa9ec17f000 r--p 00003000 103:06 3673993                   /lib/x86_64-linux-gnu/libdl-2.31.so
7fa9ec17f000-7fa9ec180000 r--p 00003000 103:06 3673993                   /lib/x86_64-linux-gnu/libdl-2.31.so
7fa9ec180000-7fa9ec181000 rw-p 00004000 103:06 3673993                   /lib/x86_64-linux-gnu/libdl-2.31.so
7fa9ec181000-7fa9ec183000 r--p 00000000 103:06 3672661                   /lib/x86_64-linux-gnu/libz.so.1.2.11
7fa9ec183000-7fa9ec194000 r-xp 00002000 103:06 3672661                   /lib/x86_64-linux-gnu/libz.so.1.2.11
7fa9ec194000-7fa9ec19a000 r--p 00013000 103:06 3672661                   /lib/x86_64-linux-gnu/libz.so.1.2.11
7fa9ec19a000-7fa9ec19b000 ---p 00019000 103:06 3672661                   /lib/x86_64-linux-gnu/libz.so.1.2.11
7fa9ec19b000-7fa9ec19c000 r--p 00019000 103:06 3672661                   /lib/x86_64-linux-gnu/libz.so.1.2.11
7fa9ec19c000-7fa9ec19d000 rw-p 0001a000 103:06 3672661                   /lib/x86_64-linux-gnu/libz.so.1.2.11
7fa9ec19d000-7fa9ec1c2000 r--p 00000000 103:06 3673989                   /lib/x86_64-linux-gnu/libc-2.31.so
7fa9ec1c2000-7fa9ec33a000 r-xp 00025000 103:06 3673989                   /lib/x86_64-linux-gnu/libc-2.31.so
7fa9ec33a000-7fa9ec384000 r--p 0019d000 103:06 3673989                   /lib/x86_64-linux-gnu/libc-2.31.so
7fa9ec384000-7fa9ec385000 ---p 001e7000 103:06 3673989                   /lib/x86_64-linux-gnu/libc-2.31.so
7fa9ec385000-7fa9ec388000 r--p 001e7000 103:06 3673989                   /lib/x86_64-linux-gnu/libc-2.31.so
7fa9ec388000-7fa9ec38b000 rw-p 001ea000 103:06 3673989                   /lib/x86_64-linux-gnu/libc-2.31.so
7fa9ec38b000-7fa9ec38f000 rw-p 00000000 00:00 0 
7fa9ec390000-7fa9ec392000 r--p 00000000 103:06 2889051                   /usr/lib/jvm/java-11-openjdk-amd64/lib/libjimage.so
7fa9ec392000-7fa9ec395000 r-xp 00002000 103:06 2889051                   /usr/lib/jvm/java-11-openjdk-amd64/lib/libjimage.so
7fa9ec395000-7fa9ec396000 r--p 00005000 103:06 2889051                   /usr/lib/jvm/java-11-openjdk-amd64/lib/libjimage.so
7fa9ec396000-7fa9ec397000 ---p 00006000 103:06 2889051                   /usr/lib/jvm/java-11-openjdk-amd64/lib/libjimage.so
7fa9ec397000-7fa9ec398000 r--p 00006000 103:06 2889051                   /usr/lib/jvm/java-11-openjdk-amd64/lib/libjimage.so
7fa9ec398000-7fa9ec399000 rw-p 00007000 103:06 2889051                   /usr/lib/jvm/java-11-openjdk-amd64/lib/libjimage.so
7fa9ec399000-7fa9ec39e000 r--p 00000000 103:06 2889067                   /usr/lib/jvm/java-11-openjdk-amd64/lib/libverify.so
7fa9ec39e000-7fa9ec3a5000 r-xp 00005000 103:06 2889067                   /usr/lib/jvm/java-11-openjdk-amd64/lib/libverify.so
7fa9ec3a5000-7fa9ec3a7000 r--p 0000c000 103:06 2889067                   /usr/lib/jvm/java-11-openjdk-amd64/lib/libverify.so
7fa9ec3a7000-7fa9ec3a8000 ---p 0000e000 103:06 2889067                   /usr/lib/jvm/java-11-openjdk-amd64/lib/libverify.so
7fa9ec3a8000-7fa9ec3aa000 r--p 0000e000 103:06 2889067                   /usr/lib/jvm/java-11-openjdk-amd64/lib/libverify.so
7fa9ec3aa000-7fa9ec3ab000 rw-p 00010000 103:06 2889067                   /usr/lib/jvm/java-11-openjdk-amd64/lib/libverify.so
7fa9ec3ab000-7fa9ec3ae000 r--p 00000000 103:06 3674757                   /usr/lib/jvm/java-11-openjdk-amd64/lib/jli/libjli.so
7fa9ec3ae000-7fa9ec3b8000 r-xp 00003000 103:06 3674757                   /usr/lib/jvm/java-11-openjdk-amd64/lib/jli/libjli.so
7fa9ec3b8000-7fa9ec3bb000 r--p 0000d000 103:06 3674757                   /usr/lib/jvm/java-11-openjdk-amd64/lib/jli/libjli.so
7fa9ec3bb000-7fa9ec3bc000 ---p 00010000 103:06 3674757                   /usr/lib/jvm/java-11-openjdk-amd64/lib/jli/libjli.so
7fa9ec3bc000-7fa9ec3bd000 r--p 00010000 103:06 3674757                   /usr/lib/jvm/java-11-openjdk-amd64/lib/jli/libjli.so
7fa9ec3bd000-7fa9ec3be000 rw-p 00011000 103:06 3674757                   /usr/lib/jvm/java-11-openjdk-amd64/lib/jli/libjli.so
7fa9ec3be000-7fa9ec3c0000 rw-p 00000000 00:00 0 
7fa9ec3c0000-7fa9ec3c1000 r--p 00000000 103:06 3673973                   /lib/x86_64-linux-gnu/ld-2.31.so
7fa9ec3c1000-7fa9ec3e4000 r-xp 00001000 103:06 3673973                   /lib/x86_64-linux-gnu/ld-2.31.so
7fa9ec3e4000-7fa9ec3ec000 r--p 00024000 103:06 3673973                   /lib/x86_64-linux-gnu/ld-2.31.so
7fa9ec3ed000-7fa9ec3ee000 r--p 0002c000 103:06 3673973                   /lib/x86_64-linux-gnu/ld-2.31.so
7fa9ec3ee000-7fa9ec3ef000 rw-p 0002d000 103:06 3673973                   /lib/x86_64-linux-gnu/ld-2.31.so
7fa9ec3ef000-7fa9ec3f0000 rw-p 00000000 00:00 0 
7ffe96b7f000-7ffe96ba2000 rw-p 00000000 00:00 0                          [stack]
7ffe96bcb000-7ffe96bce000 r--p 00000000 00:00 0                          [vvar]
7ffe96bce000-7ffe96bcf000 r-xp 00000000 00:00 0                          [vdso]
ffffffffff600000-ffffffffff601000 --xp 00000000 00:00 0                  [vsyscall]


VM Arguments:
jvm_args: -Xverify:none -XX:TieredStopAtLevel=1 
java_command: com.mms.medmanagesystem.MedmanagesystemApplication
java_class_path (initial): /home/artur/Desktop/3ano/IES/medical-management-system/Project/medmanagesystem/target/classes:/home/artur/.m2/repository/org/springframework/spring-aop/5.3.14/spring-aop-5.3.14.jar:/home/artur/.m2/repository/org/aspectj/aspectjweaver/1.9.7/aspectjweaver-1.9.7.jar:/home/artur/.m2/repository/com/zaxxer/HikariCP/4.0.3/HikariCP-4.0.3.jar:/home/artur/.m2/repository/org/springframework/spring-jdbc/5.3.14/spring-jdbc-5.3.14.jar:/home/artur/.m2/repository/jakarta/transaction/jakarta.transaction-api/1.3.3/jakarta.transaction-api-1.3.3.jar:/home/artur/.m2/repository/jakarta/persistence/jakarta.persistence-api/2.2.3/jakarta.persistence-api-2.2.3.jar:/home/artur/.m2/repository/org/hibernate/hibernate-core/5.6.3.Final/hibernate-core-5.6.3.Final.jar:/home/artur/.m2/repository/org/jboss/logging/jboss-logging/3.4.2.Final/jboss-logging-3.4.2.Final.jar:/home/artur/.m2/repository/net/bytebuddy/byte-buddy/1.11.22/byte-buddy-1.11.22.jar:/home/artur/.m2/repository/antlr/antlr/2.7.7/antlr-2.7.7.jar:/home/artur/.m2/repository/org/jboss/jandex/2.2.3.Final/jandex-2.2.3.Final.jar:/home/artur/.m2/repository/com/fasterxml/classmate/1.5.1/classmate-1.5.1.jar:/home/artur/.m2/repository/org/hibernate/common/hibernate-commons-annotations/5.1.2.Final/hibernate-commons-annotations-5.1.2.Final.jar:/home/artur/.m2/repository/org/glassfish/jaxb/jaxb-runtime/2.3.5/jaxb-runtime-2.3.5.jar:/home/artur/.m2/repository/org/glassfish/jaxb/txw2/2.3.5/txw2-2.3.5.jar:/home/artur/.m2/repository/com/sun/istack/istack-commons-runtime/3.0.12/istack-commons-runtime-3.0.12.jar:/home/artur/.m2/repository/com/sun/activation/jakarta.activation/1.2.2/jakarta.activation-1.2.2.jar:/home/artur/.m2/repository/org/springframework/data/spring-data-jpa/2.6.0/spring-data-jpa-2.6.0.jar:/home/artur/.m2/repository/org/springframework/data/spring-data-commons/2.6.0/spring-data-commons-2.6.0.jar:/home/artur/.m2/repository/org/springframework/spring-orm/5.3.14/spring-orm-5.3.14.jar:/home/artur/.m2/repository/
Launcher Type: SUN_STANDARD

[Global flags]
     bool BytecodeVerificationLocal                = false                                     {product} {command line}
     bool BytecodeVerificationRemote               = false                                     {product} {command line}
     intx CICompilerCount                          = 4                                         {product} {ergonomic}
     uint ConcGCThreads                            = 3                                         {product} {ergonomic}
     uint G1ConcRefinementThreads                  = 10                                        {product} {ergonomic}
   size_t G1HeapRegionSize                         = 1048576                                   {product} {ergonomic}
    uintx GCDrainStackTargetSize                   = 64                                        {product} {ergonomic}
   size_t InitialHeapSize                          = 260046848                                 {product} {ergonomic}
   size_t MarkStackSize                            = 4194304                                   {product} {ergonomic}
   size_t MaxHeapSize                              = 4156555264                                {product} {ergonomic}
   size_t MaxNewSize                               = 2493513728                                {product} {ergonomic}
   size_t MinHeapDeltaBytes                        = 1048576                                   {product} {ergonomic}
    uintx NonNMethodCodeHeapSize                   = 7549744                                {pd product} {ergonomic}
    uintx NonProfiledCodeHeapSize                  = 244108496                              {pd product} {ergonomic}
    uintx ProfiledCodeHeapSize                     = 0                                      {pd product} {ergonomic}
    uintx ReservedCodeCacheSize                    = 251658240                              {pd product} {ergonomic}
     bool SegmentedCodeCache                       = true                                      {product} {ergonomic}
     intx TieredStopAtLevel                        = 1                                         {product} {command line}
     bool UseCompressedClassPointers               = true                                 {lp64_product} {ergonomic}
     bool UseCompressedOops                        = true                                 {lp64_product} {ergonomic}
     bool UseG1GC                                  = true                                      {product} {ergonomic}

Logging:
Log output configuration:
 #0: stdout all=warning uptime,level,tags
 #1: stderr all=off uptime,level,tags

Environment Variables:
JAVA_HOME=/usr/lib/jvm/java-11-openjdk-amd64
CLASSPATH=.:/usr/local/lib/antlr-4.9.2-complete.jar:/usr/local/lib/ST-4.3.1.jar:
PATH=/home/artur/.nvm/versions/node/v14.17.0/bin:/home/artur/.local/bin:/usr/local/sbin:/usr/local/bin:/usr/sbin:/usr/bin:/sbin:/bin:/usr/games:/usr/local/games:/snap/bin:/usr/lib/jvm/java-16-oracle/bin:/usr/lib/jvm/java-16-oracle/db/bin:/opt/bin:.:
USERNAME=artur
SHELL=/bin/bash
DISPLAY=:0
LANG=en_US.UTF-8
LC_CTYPE=pt_PT.UTF-8

Signal Handlers:
SIGSEGV: [libjvm.so+0xe8ba00], sa_mask[0]=11111111011111111101111111111110, sa_flags=SA_RESTART|SA_SIGINFO
SIGBUS: [libjvm.so+0xe8ba00], sa_mask[0]=11111111011111111101111111111110, sa_flags=SA_RESTART|SA_SIGINFO
SIGFPE: [libjvm.so+0xe8ba00], sa_mask[0]=11111111011111111101111111111110, sa_flags=SA_RESTART|SA_SIGINFO
SIGPIPE: [libjvm.so+0xbd10f0], sa_mask[0]=11111111011111111101111111111110, sa_flags=SA_RESTART|SA_SIGINFO
SIGXFSZ: [libjvm.so+0xbd10f0], sa_mask[0]=11111111011111111101111111111110, sa_flags=SA_RESTART|SA_SIGINFO
SIGILL: [libjvm.so+0xe8ba00], sa_mask[0]=11111111011111111101111111111110, sa_flags=SA_RESTART|SA_SIGINFO
SIGUSR2: [libjvm.so+0xbd0f90], sa_mask[0]=00100000000000000000000000000000, sa_flags=SA_RESTART|SA_SIGINFO
SIGHUP: [libjvm.so+0xbd1430], sa_mask[0]=11111111011111111101111111111110, sa_flags=SA_RESTART|SA_SIGINFO
SIGINT: [libjvm.so+0xbd1430], sa_mask[0]=11111111011111111101111111111110, sa_flags=SA_RESTART|SA_SIGINFO
SIGTERM: [libjvm.so+0xbd1430], sa_mask[0]=11111111011111111101111111111110, sa_flags=SA_RESTART|SA_SIGINFO
SIGQUIT: [libjvm.so+0xbd1430], sa_mask[0]=11111111011111111101111111111110, sa_flags=SA_RESTART|SA_SIGINFO


---------------  S Y S T E M  ---------------

OS:DISTRIB_ID=Ubuntu
DISTRIB_RELEASE=20.04
DISTRIB_CODENAME=focal
DISTRIB_DESCRIPTION="Ubuntu 20.04.3 LTS"
uname:Linux 5.4.0-90-generic #101-Ubuntu SMP Fri Oct 15 20:00:55 UTC 2021 x86_64
OS uptime: 0 days 0:38 hours
libc:glibc 2.31 NPTL 2.31 
rlimit (soft/hard): STACK 8192k/infinity , CORE 0k/infinity , NPROC 63176/63176 , NOFILE 1048576/1048576 , AS infinity/infinity , CPU infinity/infinity , DATA infinity/infinity , FSIZE infinity/infinity , MEMLOCK 65536k/65536k
load average:4,40 3,67 2,48

/proc/meminfo:
MemTotal:       16235992 kB
MemFree:         3953168 kB
MemAvailable:    9826992 kB
Buffers:          918840 kB
Cached:          5265848 kB
SwapCached:            0 kB
Active:          7807644 kB
Inactive:        3205676 kB
Active(anon):    5125512 kB
Inactive(anon):   186332 kB
Active(file):    2682132 kB
Inactive(file):  3019344 kB
Unevictable:      288744 kB
Mlocked:              64 kB
SwapTotal:       2097148 kB
SwapFree:        2097148 kB
Dirty:              5884 kB
Writeback:             0 kB
AnonPages:       5117576 kB
Mapped:          1538428 kB
Shmem:            484484 kB
KReclaimable:     514400 kB
Slab:             789608 kB
SReclaimable:     514400 kB
SUnreclaim:       275208 kB
KernelStack:       24912 kB
PageTables:        58524 kB
NFS_Unstable:          0 kB
Bounce:                0 kB
WritebackTmp:          0 kB
CommitLimit:    10215144 kB
Committed_AS:   18367564 kB
VmallocTotal:   34359738367 kB
VmallocUsed:       50148 kB
VmallocChunk:          0 kB
Percpu:            17472 kB
HardwareCorrupted:     0 kB
AnonHugePages:         0 kB
ShmemHugePages:        0 kB
ShmemPmdMapped:        0 kB
FileHugePages:         0 kB
FilePmdMapped:         0 kB
CmaTotal:              0 kB
CmaFree:               0 kB
HugePages_Total:       0
HugePages_Free:        0
HugePages_Rsvd:        0
HugePages_Surp:        0
Hugepagesize:       2048 kB
Hugetlb:               0 kB
DirectMap4k:      504416 kB
DirectMap2M:    15065088 kB
DirectMap1G:     1048576 kB

/sys/kernel/mm/transparent_hugepage/enabled:
always [madvise] never
/sys/kernel/mm/transparent_hugepage/defrag (defrag/compaction efforts parameter):
always defer defer+madvise [madvise] never

Process Memory:
Virtual Size: 7428256K (peak: 15578864K)
Resident Set Size: 227252K (peak: 227252K) (anon: 201004K, file: 26248K, shmem: 0K)
Swapped out: 0K
C-Heap outstanding allocations: 16693K

/proc/sys/kernel/threads-max (system-wide limit on the number of threads):
126352
/proc/sys/vm/max_map_count (maximum number of memory map areas a process may have):
1048575
/proc/sys/kernel/pid_max (system-wide limit on number of process identifiers):
4194304

container (cgroup) information:
container_type: cgroupv1
cpu_cpuset_cpus: 0-11
cpu_memory_nodes: 0
active_processor_count: 12
cpu_quota: -1
cpu_period: 100000
cpu_shares: -1
memory_limit_in_bytes: -1
memory_and_swap_limit_in_bytes: -2
memory_soft_limit_in_bytes: -1
memory_usage_in_bytes: 7213608960
memory_max_usage_in_bytes: 8107552768

Steal ticks since vm start: 0
Steal ticks percentage since vm start:  0,000

CPU:total 12 (initial active 12) (6 cores per cpu, 2 threads per core) family 6 model 158 stepping 13 microcode 0xea, cmov, cx8, fxsr, mmx, sse, sse2, sse3, ssse3, sse4.1, sse4.2, popcnt, avx, avx2, aes, clmul, erms, 3dnowpref, lzcnt, ht, tsc, tscinvbit, bmi1, bmi2, adx, fma
CPU Model and flags from /proc/cpuinfo:
model name	: Intel(R) Core(TM) i7-9750H CPU @ 2.60GHz
flags		: fpu vme de pse tsc msr pae mce cx8 apic sep mtrr pge mca cmov pat pse36 clflush dts acpi mmx fxsr sse sse2 ss ht tm pbe syscall nx pdpe1gb rdtscp lm constant_tsc art arch_perfmon pebs bts rep_good nopl xtopology nonstop_tsc cpuid aperfmperf pni pclmulqdq dtes64 monitor ds_cpl vmx est tm2 ssse3 sdbg fma cx16 xtpr pdcm pcid sse4_1 sse4_2 x2apic movbe popcnt tsc_deadline_timer aes xsave avx f16c rdrand lahf_lm abm 3dnowprefetch cpuid_fault epb invpcid_single ssbd ibrs ibpb stibp ibrs_enhanced tpr_shadow vnmi flexpriority ept vpid ept_ad fsgsbase tsc_adjust bmi1 avx2 smep bmi2 erms invpcid mpx rdseed adx smap clflushopt intel_pt xsaveopt xsavec xgetbv1 xsaves dtherm ida arat pln pts hwp hwp_notify hwp_act_window hwp_epp md_clear flush_l1d arch_capabilities
Online cpus:
0-11
Offline cpus:

BIOS frequency limitation:
<Not Available>
Frequency switch latency (ns):
0
Available cpu frequencies:
<Not Available>
Current governor:
powersave
Core performance/turbo boost:
<Not Available>

Memory: 4k page, physical 16235992k(3953168k free), swap 2097148k(2097148k free)

vm_info: OpenJDK 64-Bit Server VM (11.0.11+9-Ubuntu-0ubuntu2.20.04) for linux-amd64 JRE (11.0.11+9-Ubuntu-0ubuntu2.20.04), built on Apr 21 2021 09:15:32 by "unknown" with gcc 9.3.0

END.
