#
# A fatal error has been detected by the Java Runtime Environment:
#
#  SIGSEGV (0xb) at pc=0x00007ff4b8870ece, pid=85586, tid=85594
#
# JRE version: OpenJDK Runtime Environment (11.0.13+8) (build 11.0.13+8-Ubuntu-0ubuntu1.20.04)
# Java VM: OpenJDK 64-Bit Server VM (11.0.13+8-Ubuntu-0ubuntu1.20.04, mixed mode, sharing, tiered, compressed oops, g1 gc, linux-amd64)
# Problematic frame:
# j  com.sun.tools.javac.comp.Annotate.flush()V+118 jdk.compiler@11.0.13
#
# Core dump will be written. Default location: Core dumps may be processed with "/usr/share/apport/apport %p %s %c %d %P %E" (or dumping to /home/artur/Desktop/3ano/IES/medical-management-system/Project/medmanagesystem/core.85586)
#
# If you would like to submit a bug report, please visit:
#   https://bugs.launchpad.net/ubuntu/+source/openjdk-lts
#

---------------  S U M M A R Y ------------

Command Line: -Dmaven.home=/home/artur/Desktop/3ano/IES/medical-management-system/Project -Dmaven.multiModuleProjectDirectory=/home/artur/Desktop/3ano/IES/medical-management-system/Project/medmanagesystem org.apache.maven.wrapper.MavenWrapperMain spring-boot:run

Host: Intel(R) Core(TM) i7-9750H CPU @ 2.60GHz, 12 cores, 15G, Ubuntu 20.04.3 LTS
Time: Tue Jan 18 01:57:13 2022 WET elapsed time: 2.402036 seconds (0d 0h 0m 2s)

---------------  T H R E A D  ---------------

Current thread (0x00007ff4d0017800):  JavaThread "main" [_thread_in_Java, id=85594, stack(0x00007ff4d58c1000,0x00007ff4d59c2000)]

Stack: [0x00007ff4d58c1000,0x00007ff4d59c2000],  sp=0x00007ff4d59be5d8,  free space=1013k
Native frames: (J=compiled Java code, A=aot compiled Java code, j=interpreted, Vv=VM code, C=native code)
j  com.sun.tools.javac.comp.Annotate.flush()V+118 jdk.compiler@11.0.13
j  com.sun.tools.javac.comp.Annotate.unblockAnnotations()V+18 jdk.compiler@11.0.13
j  com.sun.tools.javac.comp.Annotate.enterDone()V+1 jdk.compiler@11.0.13
j  com.sun.tools.javac.main.JavaCompiler.enterDone()V+9 jdk.compiler@11.0.13
j  com.sun.tools.javac.main.JavaCompiler.enterTrees(Lcom/sun/tools/javac/util/List;)Lcom/sun/tools/javac/util/List;+68 jdk.compiler@11.0.13
j  com.sun.tools.javac.main.JavaCompiler.compile(Ljava/util/Collection;Ljava/util/Collection;Ljava/lang/Iterable;Ljava/util/Collection;)V+304 jdk.compiler@11.0.13
j  com.sun.tools.javac.api.JavacTaskImpl.lambda$doCall$0()Lcom/sun/tools/javac/main/Main$Result;+45 jdk.compiler@11.0.13
j  com.sun.tools.javac.api.JavacTaskImpl$$Lambda$52.call()Ljava/lang/Object;+4 jdk.compiler@11.0.13
j  com.sun.tools.javac.api.JavacTaskImpl.handleExceptions(Ljava/util/concurrent/Callable;Ljava/lang/Object;Ljava/lang/Object;)Ljava/lang/Object;+17 jdk.compiler@11.0.13
j  com.sun.tools.javac.api.JavacTaskImpl.doCall()Lcom/sun/tools/javac/main/Main$Result;+13 jdk.compiler@11.0.13
j  com.sun.tools.javac.api.JavacTaskImpl.call()Ljava/lang/Boolean;+1 jdk.compiler@11.0.13
j  org.codehaus.plexus.compiler.javac.JavaxToolsCompiler.compileInProcess([Ljava/lang/String;Lorg/codehaus/plexus/compiler/CompilerConfiguration;[Ljava/lang/String;)Lorg/codehaus/plexus/compiler/CompilerResult;+129
j  org.codehaus.plexus.compiler.javac.JavacCompiler.performCompile(Lorg/codehaus/plexus/compiler/CompilerConfiguration;)Lorg/codehaus/plexus/compiler/CompilerResult;+211
j  org.apache.maven.plugin.compiler.AbstractCompilerMojo.execute()V+3204
j  org.apache.maven.plugin.compiler.CompilerMojo.execute()V+44
j  org.apache.maven.plugin.DefaultBuildPluginManager.executeMojo(Lorg/apache/maven/execution/MavenSession;Lorg/apache/maven/plugin/MojoExecution;)V+152
j  org.apache.maven.lifecycle.internal.MojoExecutor.execute(Lorg/apache/maven/execution/MavenSession;Lorg/apache/maven/plugin/MojoExecution;Lorg/apache/maven/lifecycle/internal/ProjectIndex;Lorg/apache/maven/lifecycle/internal/DependencyContext;)V+215
j  org.apache.maven.lifecycle.internal.MojoExecutor.execute(Lorg/apache/maven/execution/MavenSession;Lorg/apache/maven/plugin/MojoExecution;Lorg/apache/maven/lifecycle/internal/ProjectIndex;Lorg/apache/maven/lifecycle/internal/DependencyContext;Lorg/apache/maven/lifecycle/internal/PhaseRecorder;)V+6
j  org.apache.maven.lifecycle.internal.MojoExecutor.execute(Lorg/apache/maven/execution/MavenSession;Ljava/util/List;Lorg/apache/maven/lifecycle/internal/ProjectIndex;)V+60
j  org.apache.maven.lifecycle.internal.MojoExecutor.executeForkedExecutions(Lorg/apache/maven/plugin/MojoExecution;Lorg/apache/maven/execution/MavenSession;Lorg/apache/maven/lifecycle/internal/ProjectIndex;)Ljava/util/List;+242
j  org.apache.maven.lifecycle.internal.MojoExecutor.execute(Lorg/apache/maven/execution/MavenSession;Lorg/apache/maven/plugin/MojoExecution;Lorg/apache/maven/lifecycle/internal/ProjectIndex;Lorg/apache/maven/lifecycle/internal/DependencyContext;)V+181
j  org.apache.maven.lifecycle.internal.MojoExecutor.execute(Lorg/apache/maven/execution/MavenSession;Lorg/apache/maven/plugin/MojoExecution;Lorg/apache/maven/lifecycle/internal/ProjectIndex;Lorg/apache/maven/lifecycle/internal/DependencyContext;Lorg/apache/maven/lifecycle/internal/PhaseRecorder;)V+6
j  org.apache.maven.lifecycle.internal.MojoExecutor.execute(Lorg/apache/maven/execution/MavenSession;Ljava/util/List;Lorg/apache/maven/lifecycle/internal/ProjectIndex;)V+60
j  org.apache.maven.lifecycle.internal.LifecycleModuleBuilder.buildProject(Lorg/apache/maven/execution/MavenSession;Lorg/apache/maven/execution/MavenSession;Lorg/apache/maven/lifecycle/internal/ReactorContext;Lorg/apache/maven/project/MavenProject;Lorg/apache/maven/lifecycle/internal/TaskSegment;)V+179
j  org.apache.maven.lifecycle.internal.LifecycleModuleBuilder.buildProject(Lorg/apache/maven/execution/MavenSession;Lorg/apache/maven/lifecycle/internal/ReactorContext;Lorg/apache/maven/project/MavenProject;Lorg/apache/maven/lifecycle/internal/TaskSegment;)V+7
j  org.apache.maven.lifecycle.internal.builder.singlethreaded.SingleThreadedBuilder.build(Lorg/apache/maven/execution/MavenSession;Lorg/apache/maven/lifecycle/internal/ReactorContext;Lorg/apache/maven/lifecycle/internal/ProjectBuildList;Ljava/util/List;Lorg/apache/maven/lifecycle/internal/ReactorBuildStatus;)V+77
j  org.apache.maven.lifecycle.internal.LifecycleStarter.execute(Lorg/apache/maven/execution/MavenSession;)V+348
j  org.apache.maven.DefaultMaven.doExecute(Lorg/apache/maven/execution/MavenExecutionRequest;Lorg/apache/maven/execution/MavenSession;Lorg/apache/maven/execution/MavenExecutionResult;Lorg/eclipse/aether/DefaultRepositorySystemSession;)Lorg/apache/maven/execution/MavenExecutionResult;+425
j  org.apache.maven.DefaultMaven.doExecute(Lorg/apache/maven/execution/MavenExecutionRequest;)Lorg/apache/maven/execution/MavenExecutionResult;+98
j  org.apache.maven.DefaultMaven.execute(Lorg/apache/maven/execution/MavenExecutionRequest;)Lorg/apache/maven/execution/MavenExecutionResult;+2
j  org.apache.maven.cli.MavenCli.execute(Lorg/apache/maven/cli/CliRequest;)I+27
j  org.apache.maven.cli.MavenCli.doMain(Lorg/apache/maven/cli/CliRequest;)I+71
j  org.apache.maven.cli.MavenCli.main([Ljava/lang/String;Lorg/codehaus/plexus/classworlds/ClassWorld;)I+24
v  ~StubRoutines::call_stub
V  [libjvm.so+0x863bf4]
V  [libjvm.so+0xc788f1]
V  [libjvm.so+0xc79214]
V  [libjvm.so+0x9195c0]  JVM_InvokeMethod+0x140
j  jdk.internal.reflect.NativeMethodAccessorImpl.invoke0(Ljava/lang/reflect/Method;Ljava/lang/Object;[Ljava/lang/Object;)Ljava/lang/Object;+0 java.base@11.0.13
j  jdk.internal.reflect.NativeMethodAccessorImpl.invoke(Ljava/lang/Object;[Ljava/lang/Object;)Ljava/lang/Object;+100 java.base@11.0.13
j  jdk.internal.reflect.DelegatingMethodAccessorImpl.invoke(Ljava/lang/Object;[Ljava/lang/Object;)Ljava/lang/Object;+6 java.base@11.0.13
j  java.lang.reflect.Method.invoke(Ljava/lang/Object;[Ljava/lang/Object;)Ljava/lang/Object;+59 java.base@11.0.13
j  org.codehaus.plexus.classworlds.launcher.Launcher.launchEnhanced([Ljava/lang/String;)V+45
j  org.codehaus.plexus.classworlds.launcher.Launcher.launch([Ljava/lang/String;)V+2
j  org.codehaus.plexus.classworlds.launcher.Launcher.mainWithExitCode([Ljava/lang/String;)I+101
j  org.codehaus.plexus.classworlds.launcher.Launcher.main([Ljava/lang/String;)V+1
v  ~StubRoutines::call_stub
V  [libjvm.so+0x863bf4]
V  [libjvm.so+0xc788f1]
V  [libjvm.so+0xc79214]
V  [libjvm.so+0x9195c0]  JVM_InvokeMethod+0x140
j  jdk.internal.reflect.NativeMethodAccessorImpl.invoke0(Ljava/lang/reflect/Method;Ljava/lang/Object;[Ljava/lang/Object;)Ljava/lang/Object;+0 java.base@11.0.13
j  jdk.internal.reflect.NativeMethodAccessorImpl.invoke(Ljava/lang/Object;[Ljava/lang/Object;)Ljava/lang/Object;+100 java.base@11.0.13
j  jdk.internal.reflect.DelegatingMethodAccessorImpl.invoke(Ljava/lang/Object;[Ljava/lang/Object;)Ljava/lang/Object;+6 java.base@11.0.13
j  java.lang.reflect.Method.invoke(Ljava/lang/Object;[Ljava/lang/Object;)Ljava/lang/Object;+59 java.base@11.0.13
j  org.apache.maven.wrapper.BootstrapMainStarter.start([Ljava/lang/String;Ljava/io/File;)V+110
j  org.apache.maven.wrapper.WrapperExecutor.execute([Ljava/lang/String;Lorg/apache/maven/wrapper/Installer;Lorg/apache/maven/wrapper/BootstrapMainStarter;)V+14
j  org.apache.maven.wrapper.MavenWrapperMain.main([Ljava/lang/String;)V+104
v  ~StubRoutines::call_stub
V  [libjvm.so+0x863bf4]
V  [libjvm.so+0x8e0cad]
V  [libjvm.so+0x8e33c0]
C  [libjli.so+0x5a6a]
C  [libjli.so+0x9cdd]


siginfo: si_signo: 11 (SIGSEGV), si_code: 1 (SEGV_MAPERR), si_addr: 0x0000000016ae0000

Register to memory mapping:

RAX=0x00000008001086c8 is pointing into metadata
RBX=0x00000008402c4cc0 is pointing into metadata
RCX=0x0000000000000020 is an unknown value
RDX=0x000000070ff28880 is an oop: 
[error occurred during error reporting (printing register info), id 0xb, SIGSEGV (0xb) at pc=0x00007ff4d68d2144]

Registers:
RAX=0x00000008001086c8, RBX=0x00000008402c4cc0, RCX=0x0000000000000020, RDX=0x000000070ff28880
RSP=0x00007ff4d59be5d8, RBP=0x00007ff4d59be630, RSI=0x0000000711688df8, RDI=0x0000000016ae0000
R8 =0x00000000e1fa9b0d, R9 =0x000000070846c8b8, R10=0x00007ff4d6facfe0, R11=0x00007ff4b999e620
R12=0x0000000000000000, R13=0x00007ff48a50d9c1, R14=0x00007ff4d59be648, R15=0x00007ff4d0017800
RIP=0x00007ff4b8870ece, EFLAGS=0x0000000000010246, CSGSFS=0x002b000000000033, ERR=0x0000000000000004
  TRAPNO=0x000000000000000e

Top of Stack: (sp=0x00007ff4d59be5d8)
0x00007ff4d59be5d8:   00000008402c4c40 00000008001086c8
0x00007ff4d59be5e8:   00007ff4d59be5e8 00007ff48a50d9be
0x00007ff4d59be5f8:   00007ff4d59be648 00007ff48a4cd748
0x00007ff4d59be608:   00007ff489f44368 0000000711658668 

Instructions: (pc=0x00007ff4b8870ece)
0x00007ff4b8870dce:   87 90 03 00 00 49 ba 00 00 00 00 00 00 00 00 4d
0x00007ff4b8870dde:   89 97 90 03 00 00 5a eb 11 48 8b d0 66 8b 5c d9
0x00007ff4b8870dee:   40 48 8b 49 28 48 8b 44 d9 08 8b 5a 08 48 c1 e3
0x00007ff4b8870dfe:   03 49 bc 00 00 00 00 08 00 00 00 49 03 dc 4d 33
0x00007ff4b8870e0e:   e4 48 8b 4d d8 48 85 c9 0f 84 8a 00 00 00 48 8b
0x00007ff4b8870e1e:   79 18 48 3b fb 0f 85 0f 00 00 00 48 83 41 20 01
0x00007ff4b8870e2e:   48 83 59 20 00 e9 66 00 00 00 48 85 ff 0f 84 37
0x00007ff4b8870e3e:   00 00 00 48 8b 79 28 48 3b fb 0f 85 0f 00 00 00
0x00007ff4b8870e4e:   48 83 41 30 01 48 83 59 30 00 e9 41 00 00 00 48
0x00007ff4b8870e5e:   85 ff 0f 85 38 00 00 00 48 89 59 28 bf 01 00 00
0x00007ff4b8870e6e:   00 48 89 79 30 e9 26 00 00 00 48 3b 59 28 0f 85
0x00007ff4b8870e7e:   0f 00 00 00 48 83 41 30 01 48 83 59 30 00 e9 0d
0x00007ff4b8870e8e:   00 00 00 48 89 59 18 bf 01 00 00 00 48 89 79 20
0x00007ff4b8870e9e:   48 83 c1 38 48 89 4d d8 48 3b d8 0f 84 5b 00 00
0x00007ff4b8870eae:   00 8b 48 10 48 3b 04 0b 0f 84 4e 00 00 00 83 f9
0x00007ff4b8870ebe:   20 0f 85 22 00 00 00 50 48 8b c0 57 48 8b 7b 28
0x00007ff4b8870ece:   8b 0f 48 83 c7 08 48 85 c0 f2 48 af 5f 58 75 09
0x00007ff4b8870ede:   48 89 43 20 e9 23 00 00 00 48 8b 4d d8 48 85 c9
0x00007ff4b8870eee:   0f 84 10 00 00 00 48 83 41 d0 ff 0f 88 05 00 00
0x00007ff4b8870efe:   00 48 83 41 d0 01 52 e9 ca 04 ff ff 48 8b c2 e9
0x00007ff4b8870f0e:   19 00 00 00 48 8b 4d d8 48 85 c9 0f 84 0c 00 00
0x00007ff4b8870f1e:   00 80 49 01 01 48 83 c1 38 48 89 4d d8 41 0f b6
0x00007ff4b8870f2e:   5d 03 49 83 c5 03 49 ba e0 cf fa d6 f4 7f 00 00
0x00007ff4b8870f3e:   41 ff 24 da 66 0f 1f 44 00 00 00 00 00 00 00 00
0x00007ff4b8870f4e:   00 00 00 00 00 00 00 00 00 00 00 00 00 00 00 00
0x00007ff4b8870f5e:   00 00 80 02 00 00 00 00 00 00 96 83 c2 d6 f4 7f
0x00007ff4b8870f6e:   00 00 c1 00 00 00 00 00 00 00 00 00 00 00 00 00
0x00007ff4b8870f7e:   00 00 58 48 85 c0 0f 84 1c 02 00 00 48 8b 4d e8
0x00007ff4b8870f8e:   48 8b 49 08 48 8b 49 08 48 8b 51 08 41 0f b7 5d
0x00007ff4b8870f9e:   01 0f cb c1 eb 10 80 7c 1a 04 07 0f 84 cf 00 00
0x00007ff4b8870fae:   00 50 e8 05 00 00 00 e9 92 00 00 00 48 8d 44 24
0x00007ff4b8870fbe:   08 4c 89 6d c0 49 8b ff c5 f8 77 49 89 af 38 03 


Stack slot to memory mapping:
stack at sp + 0 slots: 0x00000008402c4c40 is a pointer to class: 
com.sun.tools.javac.code.TypeAnnotations$$Lambda$167/0x00000008402c4c40 {0x00000008402c4c40}
stack at sp + 1 slots: 0x00000008001086c8 is pointing into metadata
stack at sp + 2 slots: 0x00007ff4d59be5e8 is pointing into the stack for thread: 0x00007ff4d0017800
stack at sp + 3 slots: 0x00007ff48a50d9be is pointing into metadata
stack at sp + 4 slots: 0x00007ff4d59be648 is pointing into the stack for thread: 0x00007ff4d0017800
stack at sp + 5 slots: 0x00007ff48a4cd748 is pointing into metadata
stack at sp + 6 slots: 0x00007ff489f44368 is pointing into metadata
stack at sp + 7 slots: 0x0000000711658668 points into unknown readable memory: 0x0000000d0865a309 | 09 a3 65 08 0d 00 00 00

checkcast  192 checkcast  [0x00007ff4b8870d00, 0x00007ff4b8870f60]  608 bytes

---------------  P R O C E S S  ---------------

Threads class SMR info:
_java_thread_list=0x00007ff48066c190, length=11, elements={
0x00007ff4d0017800, 0x00007ff4d01d7800, 0x00007ff4d01d9800, 0x00007ff4d01e0000,
0x00007ff4d01e2000, 0x00007ff4d01e4000, 0x00007ff4d01e6000, 0x00007ff4d01e8000,
0x00007ff4d0233800, 0x00007ff47433b800, 0x00007ff48066b000
}

Java Threads: ( => current thread )
=>0x00007ff4d0017800 JavaThread "main" [_thread_in_Java, id=85594, stack(0x00007ff4d58c1000,0x00007ff4d59c2000)]
  0x00007ff4d01d7800 JavaThread "Reference Handler" daemon [_thread_blocked, id=85601, stack(0x00007ff4a85d0000,0x00007ff4a86d1000)]
  0x00007ff4d01d9800 JavaThread "Finalizer" daemon [_thread_blocked, id=85602, stack(0x00007ff4a84cf000,0x00007ff4a85d0000)]
  0x00007ff4d01e0000 JavaThread "Signal Dispatcher" daemon [_thread_blocked, id=85603, stack(0x00007ff4a83ce000,0x00007ff4a84cf000)]
  0x00007ff4d01e2000 JavaThread "Service Thread" daemon [_thread_blocked, id=85604, stack(0x00007ff4a82cd000,0x00007ff4a83ce000)]
  0x00007ff4d01e4000 JavaThread "C2 CompilerThread0" daemon [_thread_blocked, id=85605, stack(0x00007ff4a81cc000,0x00007ff4a82cd000)]
  0x00007ff4d01e6000 JavaThread "C1 CompilerThread0" daemon [_thread_blocked, id=85606, stack(0x00007ff4a80cb000,0x00007ff4a81cc000)]
  0x00007ff4d01e8000 JavaThread "Sweeper thread" daemon [_thread_blocked, id=85607, stack(0x00007ff48b98e000,0x00007ff48ba8f000)]
  0x00007ff4d0233800 JavaThread "Common-Cleaner" daemon [_thread_blocked, id=85609, stack(0x00007ff48b78b000,0x00007ff48b88c000)]
  0x00007ff47433b800 JavaThread "C2 CompilerThread1" daemon [_thread_in_native, id=85611, stack(0x00007ff48b487000,0x00007ff48b588000)]
  0x00007ff48066b000 JavaThread "C2 CompilerThread2" daemon [_thread_blocked, id=85621, stack(0x00007ff48b386000,0x00007ff48b487000)]

Other Threads:
  0x00007ff4d01d4800 VMThread "VM Thread" [stack: 0x00007ff4a86d3000,0x00007ff4a87d3000] [id=85600]
  0x00007ff4d0231000 WatcherThread [stack: 0x00007ff48b88e000,0x00007ff48b98e000] [id=85608]
  0x00007ff4d0030800 GCTaskThread "GC Thread#0" [stack: 0x00007ff4d553c000,0x00007ff4d563c000] [id=85595]
  0x00007ff498001000 GCTaskThread "GC Thread#1" [stack: 0x00007ff48b286000,0x00007ff48b386000] [id=85613]
  0x00007ff498002800 GCTaskThread "GC Thread#2" [stack: 0x00007ff48b184000,0x00007ff48b284000] [id=85614]
  0x00007ff498004000 GCTaskThread "GC Thread#3" [stack: 0x00007ff48b082000,0x00007ff48b182000] [id=85615]
  0x00007ff498005800 GCTaskThread "GC Thread#4" [stack: 0x00007ff48af80000,0x00007ff48b080000] [id=85616]
  0x00007ff498007800 GCTaskThread "GC Thread#5" [stack: 0x00007ff48ae7e000,0x00007ff48af7e000] [id=85617]
  0x00007ff4d008e800 ConcurrentGCThread "G1 Main Marker" [stack: 0x00007ff4d4172000,0x00007ff4d4272000] [id=85596]
  0x00007ff4d0090000 ConcurrentGCThread "G1 Conc#0" [stack: 0x00007ff4d4070000,0x00007ff4d4170000] [id=85597]
  0x00007ff4a4001000 ConcurrentGCThread "G1 Conc#1" [stack: 0x00007ff48a17c000,0x00007ff48a27c000] [id=85619]
  0x00007ff4a4002800 ConcurrentGCThread "G1 Conc#2" [stack: 0x00007ff48a07a000,0x00007ff48a17a000] [id=85620]
  0x00007ff4d0196800 ConcurrentGCThread "G1 Refine#0" [stack: 0x00007ff4a9158000,0x00007ff4a9258000] [id=85598]
  0x00007ff4d0198800 ConcurrentGCThread "G1 Young RemSet Sampling" [stack: 0x00007ff4a9056000,0x00007ff4a9156000] [id=85599]

Threads with active compile tasks:
C2 CompilerThread1   2446 5180       4       com.sun.tools.javac.code.Symtab::lookupPackage (259 bytes)

VM state:not at safepoint (normal execution)

VM Mutex/Monitor currently owned by a thread: None

Heap address: 0x0000000708400000, size: 3964 MB, Compressed Oops mode: Zero based, Oop shift amount: 3
Narrow klass base: 0x0000000800000000, Narrow klass shift: 3
Compressed class space size: 1073741824 Address: 0x0000000840000000

Heap:
 garbage-first heap   total 256000K, used 145686K [0x0000000708400000, 0x0000000800000000)
  region size 1024K, 127 young (130048K), 4 survivors (4096K)
 Metaspace       used 24465K, capacity 25129K, committed 25472K, reserved 1071104K
  class space    used 2664K, capacity 2885K, committed 2944K, reserved 1048576K
Heap Regions: E=young(eden), S=young(survivor), O=old, HS=humongous(starts), HC=humongous(continues), CS=collection set, F=free, A=archive, TAMS=top-at-mark-start (previous, next)
|   0|0x0000000708400000, 0x0000000708500000, 0x0000000708500000|100%| O|  |TAMS 0x0000000708500000, 0x0000000708400000| Untracked 
|   1|0x0000000708500000, 0x0000000708600000, 0x0000000708600000|100%|HS|  |TAMS 0x0000000708500000, 0x0000000708500000| Complete 
|   2|0x0000000708600000, 0x0000000708700000, 0x0000000708700000|100%|HS|  |TAMS 0x0000000708600000, 0x0000000708600000| Complete 
|   3|0x0000000708700000, 0x0000000708800000, 0x0000000708800000|100%|HS|  |TAMS 0x0000000708700000, 0x0000000708700000| Complete 
|   4|0x0000000708800000, 0x0000000708800000, 0x0000000708900000|  0%| F|  |TAMS 0x0000000708800000, 0x0000000708800000| Untracked 
|   5|0x0000000708900000, 0x0000000708900000, 0x0000000708a00000|  0%| F|  |TAMS 0x0000000708900000, 0x0000000708900000| Untracked 
|   6|0x0000000708a00000, 0x0000000708a00000, 0x0000000708b00000|  0%| F|  |TAMS 0x0000000708a00000, 0x0000000708a00000| Untracked 
|   7|0x0000000708b00000, 0x0000000708b00000, 0x0000000708c00000|  0%| F|  |TAMS 0x0000000708b00000, 0x0000000708b00000| Untracked 
|   8|0x0000000708c00000, 0x0000000708c00000, 0x0000000708d00000|  0%| F|  |TAMS 0x0000000708c00000, 0x0000000708c00000| Untracked 
|   9|0x0000000708d00000, 0x0000000708d00000, 0x0000000708e00000|  0%| F|  |TAMS 0x0000000708d00000, 0x0000000708d00000| Untracked 
|  10|0x0000000708e00000, 0x0000000708e00000, 0x0000000708f00000|  0%| F|  |TAMS 0x0000000708e00000, 0x0000000708e00000| Untracked 
|  11|0x0000000708f00000, 0x0000000708f00000, 0x0000000709000000|  0%| F|  |TAMS 0x0000000708f00000, 0x0000000708f00000| Untracked 
|  12|0x0000000709000000, 0x0000000709000000, 0x0000000709100000|  0%| F|  |TAMS 0x0000000709000000, 0x0000000709000000| Untracked 
|  13|0x0000000709100000, 0x0000000709100000, 0x0000000709200000|  0%| F|  |TAMS 0x0000000709100000, 0x0000000709100000| Untracked 
|  14|0x0000000709200000, 0x0000000709200000, 0x0000000709300000|  0%| F|  |TAMS 0x0000000709200000, 0x0000000709200000| Untracked 
|  15|0x0000000709300000, 0x0000000709300000, 0x0000000709400000|  0%| F|  |TAMS 0x0000000709300000, 0x0000000709300000| Untracked 
|  16|0x0000000709400000, 0x0000000709400000, 0x0000000709500000|  0%| F|  |TAMS 0x0000000709400000, 0x0000000709400000| Untracked 
|  17|0x0000000709500000, 0x0000000709500000, 0x0000000709600000|  0%| F|  |TAMS 0x0000000709500000, 0x0000000709500000| Untracked 
|  18|0x0000000709600000, 0x0000000709600000, 0x0000000709700000|  0%| F|  |TAMS 0x0000000709600000, 0x0000000709600000| Untracked 
|  19|0x0000000709700000, 0x0000000709700000, 0x0000000709800000|  0%| F|  |TAMS 0x0000000709700000, 0x0000000709700000| Untracked 
|  20|0x0000000709800000, 0x0000000709800000, 0x0000000709900000|  0%| F|  |TAMS 0x0000000709800000, 0x0000000709800000| Untracked 
|  21|0x0000000709900000, 0x0000000709900000, 0x0000000709a00000|  0%| F|  |TAMS 0x0000000709900000, 0x0000000709900000| Untracked 
|  22|0x0000000709a00000, 0x0000000709a00000, 0x0000000709b00000|  0%| F|  |TAMS 0x0000000709a00000, 0x0000000709a00000| Untracked 
|  23|0x0000000709b00000, 0x0000000709b00000, 0x0000000709c00000|  0%| F|  |TAMS 0x0000000709b00000, 0x0000000709b00000| Untracked 
|  24|0x0000000709c00000, 0x0000000709c00000, 0x0000000709d00000|  0%| F|  |TAMS 0x0000000709c00000, 0x0000000709c00000| Untracked 
|  25|0x0000000709d00000, 0x0000000709d00000, 0x0000000709e00000|  0%| F|  |TAMS 0x0000000709d00000, 0x0000000709d00000| Untracked 
|  26|0x0000000709e00000, 0x0000000709e00000, 0x0000000709f00000|  0%| F|  |TAMS 0x0000000709e00000, 0x0000000709e00000| Untracked 
|  27|0x0000000709f00000, 0x0000000709f00000, 0x000000070a000000|  0%| F|  |TAMS 0x0000000709f00000, 0x0000000709f00000| Untracked 
|  28|0x000000070a000000, 0x000000070a000000, 0x000000070a100000|  0%| F|  |TAMS 0x000000070a000000, 0x000000070a000000| Untracked 
|  29|0x000000070a100000, 0x000000070a100000, 0x000000070a200000|  0%| F|  |TAMS 0x000000070a100000, 0x000000070a100000| Untracked 
|  30|0x000000070a200000, 0x000000070a200000, 0x000000070a300000|  0%| F|  |TAMS 0x000000070a200000, 0x000000070a200000| Untracked 
|  31|0x000000070a300000, 0x000000070a300000, 0x000000070a400000|  0%| F|  |TAMS 0x000000070a300000, 0x000000070a300000| Untracked 
|  32|0x000000070a400000, 0x000000070a400000, 0x000000070a500000|  0%| F|  |TAMS 0x000000070a400000, 0x000000070a400000| Untracked 
|  33|0x000000070a500000, 0x000000070a500000, 0x000000070a600000|  0%| F|  |TAMS 0x000000070a500000, 0x000000070a500000| Untracked 
|  34|0x000000070a600000, 0x000000070a600000, 0x000000070a700000|  0%| F|  |TAMS 0x000000070a600000, 0x000000070a600000| Untracked 
|  35|0x000000070a700000, 0x000000070a700000, 0x000000070a800000|  0%| F|  |TAMS 0x000000070a700000, 0x000000070a700000| Untracked 
|  36|0x000000070a800000, 0x000000070a800000, 0x000000070a900000|  0%| F|  |TAMS 0x000000070a800000, 0x000000070a800000| Untracked 
|  37|0x000000070a900000, 0x000000070a900000, 0x000000070aa00000|  0%| F|  |TAMS 0x000000070a900000, 0x000000070a900000| Untracked 
|  38|0x000000070aa00000, 0x000000070aa00000, 0x000000070ab00000|  0%| F|  |TAMS 0x000000070aa00000, 0x000000070aa00000| Untracked 
|  39|0x000000070ab00000, 0x000000070ab00000, 0x000000070ac00000|  0%| F|  |TAMS 0x000000070ab00000, 0x000000070ab00000| Untracked 
|  40|0x000000070ac00000, 0x000000070ac00000, 0x000000070ad00000|  0%| F|  |TAMS 0x000000070ac00000, 0x000000070ac00000| Untracked 
|  41|0x000000070ad00000, 0x000000070ad00000, 0x000000070ae00000|  0%| F|  |TAMS 0x000000070ad00000, 0x000000070ad00000| Untracked 
|  42|0x000000070ae00000, 0x000000070ae00000, 0x000000070af00000|  0%| F|  |TAMS 0x000000070ae00000, 0x000000070ae00000| Untracked 
|  43|0x000000070af00000, 0x000000070af00000, 0x000000070b000000|  0%| F|  |TAMS 0x000000070af00000, 0x000000070af00000| Untracked 
|  44|0x000000070b000000, 0x000000070b000000, 0x000000070b100000|  0%| F|  |TAMS 0x000000070b000000, 0x000000070b000000| Untracked 
|  45|0x000000070b100000, 0x000000070b100000, 0x000000070b200000|  0%| F|  |TAMS 0x000000070b100000, 0x000000070b100000| Untracked 
|  46|0x000000070b200000, 0x000000070b200000, 0x000000070b300000|  0%| F|  |TAMS 0x000000070b200000, 0x000000070b200000| Untracked 
|  47|0x000000070b300000, 0x000000070b300000, 0x000000070b400000|  0%| F|  |TAMS 0x000000070b300000, 0x000000070b300000| Untracked 
|  48|0x000000070b400000, 0x000000070b400000, 0x000000070b500000|  0%| F|  |TAMS 0x000000070b400000, 0x000000070b400000| Untracked 
|  49|0x000000070b500000, 0x000000070b500000, 0x000000070b600000|  0%| F|  |TAMS 0x000000070b500000, 0x000000070b500000| Untracked 
|  50|0x000000070b600000, 0x000000070b600000, 0x000000070b700000|  0%| F|  |TAMS 0x000000070b600000, 0x000000070b600000| Untracked 
|  51|0x000000070b700000, 0x000000070b800000, 0x000000070b800000|100%| O|  |TAMS 0x000000070b800000, 0x000000070b700000| Untracked 
|  52|0x000000070b800000, 0x000000070b900000, 0x000000070b900000|100%| O|  |TAMS 0x000000070b900000, 0x000000070b800000| Untracked 
|  53|0x000000070b900000, 0x000000070ba00000, 0x000000070ba00000|100%| O|  |TAMS 0x000000070ba00000, 0x000000070b900000| Untracked 
|  54|0x000000070ba00000, 0x000000070bb00000, 0x000000070bb00000|100%| O|  |TAMS 0x000000070bb00000, 0x000000070ba00000| Untracked 
|  55|0x000000070bb00000, 0x000000070bc00000, 0x000000070bc00000|100%| O|  |TAMS 0x000000070bc00000, 0x000000070bb00000| Untracked 
|  56|0x000000070bc00000, 0x000000070bd00000, 0x000000070bd00000|100%| O|  |TAMS 0x000000070bd00000, 0x000000070bc00000| Untracked 
|  57|0x000000070bd00000, 0x000000070be00000, 0x000000070be00000|100%| O|  |TAMS 0x000000070be00000, 0x000000070bd00000| Untracked 
|  58|0x000000070be00000, 0x000000070bf00000, 0x000000070bf00000|100%| O|  |TAMS 0x000000070bf00000, 0x000000070be00000| Untracked 
|  59|0x000000070bf00000, 0x000000070c000000, 0x000000070c000000|100%| O|  |TAMS 0x000000070c000000, 0x000000070bf00000| Untracked 
|  60|0x000000070c000000, 0x000000070c100000, 0x000000070c100000|100%| O|  |TAMS 0x000000070c100000, 0x000000070c000000| Untracked 
|  61|0x000000070c100000, 0x000000070c200000, 0x000000070c200000|100%| O|  |TAMS 0x000000070c200000, 0x000000070c100000| Untracked 
|  62|0x000000070c200000, 0x000000070c300000, 0x000000070c300000|100%| O|  |TAMS 0x000000070c300000, 0x000000070c200000| Untracked 
|  63|0x000000070c300000, 0x000000070c393800, 0x000000070c400000| 57%| O|  |TAMS 0x000000070c393800, 0x000000070c300000| Untracked 
|  64|0x000000070c400000, 0x000000070c400000, 0x000000070c500000|  0%| F|  |TAMS 0x000000070c400000, 0x000000070c400000| Untracked 
|  65|0x000000070c500000, 0x000000070c500000, 0x000000070c600000|  0%| F|  |TAMS 0x000000070c500000, 0x000000070c500000| Untracked 
|  66|0x000000070c600000, 0x000000070c600000, 0x000000070c700000|  0%| F|  |TAMS 0x000000070c600000, 0x000000070c600000| Untracked 
|  67|0x000000070c700000, 0x000000070c700000, 0x000000070c800000|  0%| F|  |TAMS 0x000000070c700000, 0x000000070c700000| Untracked 
|  68|0x000000070c800000, 0x000000070c800000, 0x000000070c900000|  0%| F|  |TAMS 0x000000070c800000, 0x000000070c800000| Untracked 
|  69|0x000000070c900000, 0x000000070c900000, 0x000000070ca00000|  0%| F|  |TAMS 0x000000070c900000, 0x000000070c900000| Untracked 
|  70|0x000000070ca00000, 0x000000070ca00000, 0x000000070cb00000|  0%| F|  |TAMS 0x000000070ca00000, 0x000000070ca00000| Untracked 
|  71|0x000000070cb00000, 0x000000070cb00000, 0x000000070cc00000|  0%| F|  |TAMS 0x000000070cb00000, 0x000000070cb00000| Untracked 
|  72|0x000000070cc00000, 0x000000070cc00000, 0x000000070cd00000|  0%| F|  |TAMS 0x000000070cc00000, 0x000000070cc00000| Untracked 
|  73|0x000000070cd00000, 0x000000070cd00000, 0x000000070ce00000|  0%| F|  |TAMS 0x000000070cd00000, 0x000000070cd00000| Untracked 
|  74|0x000000070ce00000, 0x000000070ce00000, 0x000000070cf00000|  0%| F|  |TAMS 0x000000070ce00000, 0x000000070ce00000| Untracked 
|  75|0x000000070cf00000, 0x000000070cf00000, 0x000000070d000000|  0%| F|  |TAMS 0x000000070cf00000, 0x000000070cf00000| Untracked 
|  76|0x000000070d000000, 0x000000070d000000, 0x000000070d100000|  0%| F|  |TAMS 0x000000070d000000, 0x000000070d000000| Untracked 
|  77|0x000000070d100000, 0x000000070d100000, 0x000000070d200000|  0%| F|  |TAMS 0x000000070d100000, 0x000000070d100000| Untracked 
|  78|0x000000070d200000, 0x000000070d200000, 0x000000070d300000|  0%| F|  |TAMS 0x000000070d200000, 0x000000070d200000| Untracked 
|  79|0x000000070d300000, 0x000000070d300000, 0x000000070d400000|  0%| F|  |TAMS 0x000000070d300000, 0x000000070d300000| Untracked 
|  80|0x000000070d400000, 0x000000070d400000, 0x000000070d500000|  0%| F|  |TAMS 0x000000070d400000, 0x000000070d400000| Untracked 
|  81|0x000000070d500000, 0x000000070d500000, 0x000000070d600000|  0%| F|  |TAMS 0x000000070d500000, 0x000000070d500000| Untracked 
|  82|0x000000070d600000, 0x000000070d600000, 0x000000070d700000|  0%| F|  |TAMS 0x000000070d600000, 0x000000070d600000| Untracked 
|  83|0x000000070d700000, 0x000000070d700000, 0x000000070d800000|  0%| F|  |TAMS 0x000000070d700000, 0x000000070d700000| Untracked 
|  84|0x000000070d800000, 0x000000070d800000, 0x000000070d900000|  0%| F|  |TAMS 0x000000070d800000, 0x000000070d800000| Untracked 
|  85|0x000000070d900000, 0x000000070d900000, 0x000000070da00000|  0%| F|  |TAMS 0x000000070d900000, 0x000000070d900000| Untracked 
|  86|0x000000070da00000, 0x000000070da00000, 0x000000070db00000|  0%| F|  |TAMS 0x000000070da00000, 0x000000070da00000| Untracked 
|  87|0x000000070db00000, 0x000000070db00000, 0x000000070dc00000|  0%| F|  |TAMS 0x000000070db00000, 0x000000070db00000| Untracked 
|  88|0x000000070dc00000, 0x000000070dc00000, 0x000000070dd00000|  0%| F|  |TAMS 0x000000070dc00000, 0x000000070dc00000| Untracked 
|  89|0x000000070dd00000, 0x000000070dd00000, 0x000000070de00000|  0%| F|  |TAMS 0x000000070dd00000, 0x000000070dd00000| Untracked 
|  90|0x000000070de00000, 0x000000070de00000, 0x000000070df00000|  0%| F|  |TAMS 0x000000070de00000, 0x000000070de00000| Untracked 
|  91|0x000000070df00000, 0x000000070df00000, 0x000000070e000000|  0%| F|  |TAMS 0x000000070df00000, 0x000000070df00000| Untracked 
|  92|0x000000070e000000, 0x000000070e000000, 0x000000070e100000|  0%| F|  |TAMS 0x000000070e000000, 0x000000070e000000| Untracked 
|  93|0x000000070e100000, 0x000000070e100000, 0x000000070e200000|  0%| F|  |TAMS 0x000000070e100000, 0x000000070e100000| Untracked 
|  94|0x000000070e200000, 0x000000070e200000, 0x000000070e300000|  0%| F|  |TAMS 0x000000070e200000, 0x000000070e200000| Untracked 
|  95|0x000000070e300000, 0x000000070e300000, 0x000000070e400000|  0%| F|  |TAMS 0x000000070e300000, 0x000000070e300000| Untracked 
|  96|0x000000070e400000, 0x000000070e400000, 0x000000070e500000|  0%| F|  |TAMS 0x000000070e400000, 0x000000070e400000| Untracked 
|  97|0x000000070e500000, 0x000000070e500000, 0x000000070e600000|  0%| F|  |TAMS 0x000000070e500000, 0x000000070e500000| Untracked 
|  98|0x000000070e600000, 0x000000070e600000, 0x000000070e700000|  0%| F|  |TAMS 0x000000070e600000, 0x000000070e600000| Untracked 
|  99|0x000000070e700000, 0x000000070e700000, 0x000000070e800000|  0%| F|  |TAMS 0x000000070e700000, 0x000000070e700000| Untracked 
| 100|0x000000070e800000, 0x000000070e800000, 0x000000070e900000|  0%| F|  |TAMS 0x000000070e800000, 0x000000070e800000| Untracked 
| 101|0x000000070e900000, 0x000000070e900000, 0x000000070ea00000|  0%| F|  |TAMS 0x000000070e900000, 0x000000070e900000| Untracked 
| 102|0x000000070ea00000, 0x000000070ea00000, 0x000000070eb00000|  0%| F|  |TAMS 0x000000070ea00000, 0x000000070ea00000| Untracked 
| 103|0x000000070eb00000, 0x000000070eb00000, 0x000000070ec00000|  0%| F|  |TAMS 0x000000070eb00000, 0x000000070eb00000| Untracked 
| 104|0x000000070ec00000, 0x000000070ec00000, 0x000000070ed00000|  0%| F|  |TAMS 0x000000070ec00000, 0x000000070ec00000| Untracked 
| 105|0x000000070ed00000, 0x000000070ed00000, 0x000000070ee00000|  0%| F|  |TAMS 0x000000070ed00000, 0x000000070ed00000| Untracked 
| 106|0x000000070ee00000, 0x000000070ee00000, 0x000000070ef00000|  0%| F|  |TAMS 0x000000070ee00000, 0x000000070ee00000| Untracked 
| 107|0x000000070ef00000, 0x000000070ef00000, 0x000000070f000000|  0%| F|  |TAMS 0x000000070ef00000, 0x000000070ef00000| Untracked 
| 108|0x000000070f000000, 0x000000070f000000, 0x000000070f100000|  0%| F|  |TAMS 0x000000070f000000, 0x000000070f000000| Untracked 
| 109|0x000000070f100000, 0x000000070f100000, 0x000000070f200000|  0%| F|  |TAMS 0x000000070f100000, 0x000000070f100000| Untracked 
| 110|0x000000070f200000, 0x000000070f200000, 0x000000070f300000|  0%| F|  |TAMS 0x000000070f200000, 0x000000070f200000| Untracked 
| 111|0x000000070f300000, 0x000000070f300000, 0x000000070f400000|  0%| F|  |TAMS 0x000000070f300000, 0x000000070f300000| Untracked 
| 112|0x000000070f400000, 0x000000070f400000, 0x000000070f500000|  0%| F|  |TAMS 0x000000070f400000, 0x000000070f400000| Untracked 
| 113|0x000000070f500000, 0x000000070f500000, 0x000000070f600000|  0%| F|  |TAMS 0x000000070f500000, 0x000000070f500000| Untracked 
| 114|0x000000070f600000, 0x000000070f600000, 0x000000070f700000|  0%| F|  |TAMS 0x000000070f600000, 0x000000070f600000| Untracked 
| 115|0x000000070f700000, 0x000000070f700000, 0x000000070f800000|  0%| F|  |TAMS 0x000000070f700000, 0x000000070f700000| Untracked 
| 116|0x000000070f800000, 0x000000070f800000, 0x000000070f900000|  0%| F|  |TAMS 0x000000070f800000, 0x000000070f800000| Untracked 
| 117|0x000000070f900000, 0x000000070f900000, 0x000000070fa00000|  0%| F|  |TAMS 0x000000070f900000, 0x000000070f900000| Untracked 
| 118|0x000000070fa00000, 0x000000070fa00000, 0x000000070fb00000|  0%| F|  |TAMS 0x000000070fa00000, 0x000000070fa00000| Untracked 
| 119|0x000000070fb00000, 0x000000070fb00000, 0x000000070fc00000|  0%| F|  |TAMS 0x000000070fb00000, 0x000000070fb00000| Untracked 
| 120|0x000000070fc00000, 0x000000070fc00000, 0x000000070fd00000|  0%| F|  |TAMS 0x000000070fc00000, 0x000000070fc00000| Untracked 
| 121|0x000000070fd00000, 0x000000070fd80800, 0x000000070fe00000| 50%| E|  |TAMS 0x000000070fd00000, 0x000000070fd00000| Complete 
| 122|0x000000070fe00000, 0x000000070ff00000, 0x000000070ff00000|100%| E|CS|TAMS 0x000000070fe00000, 0x000000070fe00000| Complete 
| 123|0x000000070ff00000, 0x0000000710000000, 0x0000000710000000|100%| E|CS|TAMS 0x000000070ff00000, 0x000000070ff00000| Complete 
| 124|0x0000000710000000, 0x0000000710100000, 0x0000000710100000|100%| E|CS|TAMS 0x0000000710000000, 0x0000000710000000| Complete 
| 125|0x0000000710100000, 0x0000000710200000, 0x0000000710200000|100%| E|CS|TAMS 0x0000000710100000, 0x0000000710100000| Complete 
| 126|0x0000000710200000, 0x0000000710300000, 0x0000000710300000|100%| E|CS|TAMS 0x0000000710200000, 0x0000000710200000| Complete 
| 127|0x0000000710300000, 0x0000000710400000, 0x0000000710400000|100%| E|CS|TAMS 0x0000000710300000, 0x0000000710300000| Complete 
| 128|0x0000000710400000, 0x0000000710500000, 0x0000000710500000|100%| E|CS|TAMS 0x0000000710400000, 0x0000000710400000| Complete 
| 129|0x0000000710500000, 0x0000000710600000, 0x0000000710600000|100%| E|CS|TAMS 0x0000000710500000, 0x0000000710500000| Complete 
| 130|0x0000000710600000, 0x0000000710700000, 0x0000000710700000|100%| E|CS|TAMS 0x0000000710600000, 0x0000000710600000| Complete 
| 131|0x0000000710700000, 0x0000000710800000, 0x0000000710800000|100%| E|CS|TAMS 0x0000000710700000, 0x0000000710700000| Complete 
| 132|0x0000000710800000, 0x0000000710900000, 0x0000000710900000|100%| E|CS|TAMS 0x0000000710800000, 0x0000000710800000| Complete 
| 133|0x0000000710900000, 0x0000000710a00000, 0x0000000710a00000|100%| E|CS|TAMS 0x0000000710900000, 0x0000000710900000| Complete 
| 134|0x0000000710a00000, 0x0000000710b00000, 0x0000000710b00000|100%| E|CS|TAMS 0x0000000710a00000, 0x0000000710a00000| Complete 
| 135|0x0000000710b00000, 0x0000000710c00000, 0x0000000710c00000|100%| E|CS|TAMS 0x0000000710b00000, 0x0000000710b00000| Complete 
| 136|0x0000000710c00000, 0x0000000710d00000, 0x0000000710d00000|100%| E|CS|TAMS 0x0000000710c00000, 0x0000000710c00000| Complete 
| 137|0x0000000710d00000, 0x0000000710e00000, 0x0000000710e00000|100%| E|CS|TAMS 0x0000000710d00000, 0x0000000710d00000| Complete 
| 138|0x0000000710e00000, 0x0000000710f00000, 0x0000000710f00000|100%| E|CS|TAMS 0x0000000710e00000, 0x0000000710e00000| Complete 
| 139|0x0000000710f00000, 0x0000000711000000, 0x0000000711000000|100%| E|CS|TAMS 0x0000000710f00000, 0x0000000710f00000| Complete 
| 140|0x0000000711000000, 0x0000000711100000, 0x0000000711100000|100%| E|CS|TAMS 0x0000000711000000, 0x0000000711000000| Complete 
| 141|0x0000000711100000, 0x0000000711200000, 0x0000000711200000|100%| E|CS|TAMS 0x0000000711100000, 0x0000000711100000| Complete 
| 142|0x0000000711200000, 0x0000000711300000, 0x0000000711300000|100%| E|CS|TAMS 0x0000000711200000, 0x0000000711200000| Complete 
| 143|0x0000000711300000, 0x0000000711400000, 0x0000000711400000|100%| E|CS|TAMS 0x0000000711300000, 0x0000000711300000| Complete 
| 144|0x0000000711400000, 0x0000000711500000, 0x0000000711500000|100%| E|CS|TAMS 0x0000000711400000, 0x0000000711400000| Complete 
| 145|0x0000000711500000, 0x0000000711600000, 0x0000000711600000|100%| S|CS|TAMS 0x0000000711500000, 0x0000000711500000| Complete 
| 146|0x0000000711600000, 0x0000000711700000, 0x0000000711700000|100%| S|CS|TAMS 0x0000000711600000, 0x0000000711600000| Complete 
| 147|0x0000000711700000, 0x0000000711800000, 0x0000000711800000|100%| S|CS|TAMS 0x0000000711700000, 0x0000000711700000| Complete 
| 148|0x0000000711800000, 0x0000000711900000, 0x0000000711900000|100%| S|CS|TAMS 0x0000000711800000, 0x0000000711800000| Complete 
| 149|0x0000000711900000, 0x0000000711a00000, 0x0000000711a00000|100%| E|CS|TAMS 0x0000000711900000, 0x0000000711900000| Complete 
| 150|0x0000000711a00000, 0x0000000711b00000, 0x0000000711b00000|100%| E|CS|TAMS 0x0000000711a00000, 0x0000000711a00000| Complete 
| 151|0x0000000711b00000, 0x0000000711c00000, 0x0000000711c00000|100%| E|CS|TAMS 0x0000000711b00000, 0x0000000711b00000| Complete 
| 152|0x0000000711c00000, 0x0000000711d00000, 0x0000000711d00000|100%| E|CS|TAMS 0x0000000711c00000, 0x0000000711c00000| Complete 
| 153|0x0000000711d00000, 0x0000000711e00000, 0x0000000711e00000|100%| E|CS|TAMS 0x0000000711d00000, 0x0000000711d00000| Complete 
| 154|0x0000000711e00000, 0x0000000711f00000, 0x0000000711f00000|100%| E|CS|TAMS 0x0000000711e00000, 0x0000000711e00000| Complete 
| 155|0x0000000711f00000, 0x0000000712000000, 0x0000000712000000|100%| E|CS|TAMS 0x0000000711f00000, 0x0000000711f00000| Complete 
| 156|0x0000000712000000, 0x0000000712100000, 0x0000000712100000|100%| E|CS|TAMS 0x0000000712000000, 0x0000000712000000| Complete 
| 157|0x0000000712100000, 0x0000000712200000, 0x0000000712200000|100%| E|CS|TAMS 0x0000000712100000, 0x0000000712100000| Complete 
| 158|0x0000000712200000, 0x0000000712300000, 0x0000000712300000|100%| E|CS|TAMS 0x0000000712200000, 0x0000000712200000| Complete 
| 159|0x0000000712300000, 0x0000000712400000, 0x0000000712400000|100%| E|CS|TAMS 0x0000000712300000, 0x0000000712300000| Complete 
| 160|0x0000000712400000, 0x0000000712500000, 0x0000000712500000|100%| E|CS|TAMS 0x0000000712400000, 0x0000000712400000| Complete 
| 161|0x0000000712500000, 0x0000000712600000, 0x0000000712600000|100%| E|CS|TAMS 0x0000000712500000, 0x0000000712500000| Complete 
| 162|0x0000000712600000, 0x0000000712700000, 0x0000000712700000|100%| E|CS|TAMS 0x0000000712600000, 0x0000000712600000| Complete 
| 163|0x0000000712700000, 0x0000000712800000, 0x0000000712800000|100%| E|  |TAMS 0x0000000712700000, 0x0000000712700000| Complete 
| 164|0x0000000712800000, 0x0000000712900000, 0x0000000712900000|100%| E|CS|TAMS 0x0000000712800000, 0x0000000712800000| Complete 
| 165|0x0000000712900000, 0x0000000712a00000, 0x0000000712a00000|100%| E|CS|TAMS 0x0000000712900000, 0x0000000712900000| Complete 
| 166|0x0000000712a00000, 0x0000000712b00000, 0x0000000712b00000|100%| E|CS|TAMS 0x0000000712a00000, 0x0000000712a00000| Complete 
| 167|0x0000000712b00000, 0x0000000712c00000, 0x0000000712c00000|100%| E|CS|TAMS 0x0000000712b00000, 0x0000000712b00000| Complete 
| 168|0x0000000712c00000, 0x0000000712d00000, 0x0000000712d00000|100%| E|CS|TAMS 0x0000000712c00000, 0x0000000712c00000| Complete 
| 169|0x0000000712d00000, 0x0000000712e00000, 0x0000000712e00000|100%| E|CS|TAMS 0x0000000712d00000, 0x0000000712d00000| Complete 
| 170|0x0000000712e00000, 0x0000000712f00000, 0x0000000712f00000|100%| E|CS|TAMS 0x0000000712e00000, 0x0000000712e00000| Complete 
| 171|0x0000000712f00000, 0x0000000713000000, 0x0000000713000000|100%| E|CS|TAMS 0x0000000712f00000, 0x0000000712f00000| Complete 
| 172|0x0000000713000000, 0x0000000713100000, 0x0000000713100000|100%| E|CS|TAMS 0x0000000713000000, 0x0000000713000000| Complete 
| 173|0x0000000713100000, 0x0000000713200000, 0x0000000713200000|100%| E|CS|TAMS 0x0000000713100000, 0x0000000713100000| Complete 
| 174|0x0000000713200000, 0x0000000713300000, 0x0000000713300000|100%| E|CS|TAMS 0x0000000713200000, 0x0000000713200000| Complete 
| 175|0x0000000713300000, 0x0000000713400000, 0x0000000713400000|100%| E|CS|TAMS 0x0000000713300000, 0x0000000713300000| Complete 
| 176|0x0000000713400000, 0x0000000713500000, 0x0000000713500000|100%| E|CS|TAMS 0x0000000713400000, 0x0000000713400000| Complete 
| 177|0x0000000713500000, 0x0000000713600000, 0x0000000713600000|100%| E|CS|TAMS 0x0000000713500000, 0x0000000713500000| Complete 
| 178|0x0000000713600000, 0x0000000713700000, 0x0000000713700000|100%| E|CS|TAMS 0x0000000713600000, 0x0000000713600000| Complete 
| 179|0x0000000713700000, 0x0000000713800000, 0x0000000713800000|100%| E|CS|TAMS 0x0000000713700000, 0x0000000713700000| Complete 
| 180|0x0000000713800000, 0x0000000713900000, 0x0000000713900000|100%| E|CS|TAMS 0x0000000713800000, 0x0000000713800000| Complete 
| 181|0x0000000713900000, 0x0000000713a00000, 0x0000000713a00000|100%| E|CS|TAMS 0x0000000713900000, 0x0000000713900000| Complete 
| 182|0x0000000713a00000, 0x0000000713b00000, 0x0000000713b00000|100%| E|CS|TAMS 0x0000000713a00000, 0x0000000713a00000| Complete 
| 183|0x0000000713b00000, 0x0000000713c00000, 0x0000000713c00000|100%| E|CS|TAMS 0x0000000713b00000, 0x0000000713b00000| Complete 
| 184|0x0000000713c00000, 0x0000000713d00000, 0x0000000713d00000|100%| E|CS|TAMS 0x0000000713c00000, 0x0000000713c00000| Complete 
| 185|0x0000000713d00000, 0x0000000713e00000, 0x0000000713e00000|100%| E|CS|TAMS 0x0000000713d00000, 0x0000000713d00000| Complete 
| 186|0x0000000713e00000, 0x0000000713f00000, 0x0000000713f00000|100%| E|CS|TAMS 0x0000000713e00000, 0x0000000713e00000| Complete 
| 187|0x0000000713f00000, 0x0000000714000000, 0x0000000714000000|100%| E|CS|TAMS 0x0000000713f00000, 0x0000000713f00000| Complete 
| 188|0x0000000714000000, 0x0000000714100000, 0x0000000714100000|100%| E|CS|TAMS 0x0000000714000000, 0x0000000714000000| Complete 
| 189|0x0000000714100000, 0x0000000714200000, 0x0000000714200000|100%| E|CS|TAMS 0x0000000714100000, 0x0000000714100000| Complete 
| 190|0x0000000714200000, 0x0000000714300000, 0x0000000714300000|100%| E|CS|TAMS 0x0000000714200000, 0x0000000714200000| Complete 
| 191|0x0000000714300000, 0x0000000714400000, 0x0000000714400000|100%| E|CS|TAMS 0x0000000714300000, 0x0000000714300000| Complete 
| 192|0x0000000714400000, 0x0000000714500000, 0x0000000714500000|100%| E|CS|TAMS 0x0000000714400000, 0x0000000714400000| Complete 
| 193|0x0000000714500000, 0x0000000714600000, 0x0000000714600000|100%| E|CS|TAMS 0x0000000714500000, 0x0000000714500000| Complete 
| 194|0x0000000714600000, 0x0000000714700000, 0x0000000714700000|100%| E|CS|TAMS 0x0000000714600000, 0x0000000714600000| Complete 
| 195|0x0000000714700000, 0x0000000714800000, 0x0000000714800000|100%| E|CS|TAMS 0x0000000714700000, 0x0000000714700000| Complete 
| 196|0x0000000714800000, 0x0000000714900000, 0x0000000714900000|100%| E|CS|TAMS 0x0000000714800000, 0x0000000714800000| Complete 
| 197|0x0000000714900000, 0x0000000714a00000, 0x0000000714a00000|100%| E|CS|TAMS 0x0000000714900000, 0x0000000714900000| Complete 
| 198|0x0000000714a00000, 0x0000000714b00000, 0x0000000714b00000|100%| E|CS|TAMS 0x0000000714a00000, 0x0000000714a00000| Complete 
| 199|0x0000000714b00000, 0x0000000714c00000, 0x0000000714c00000|100%| E|CS|TAMS 0x0000000714b00000, 0x0000000714b00000| Complete 
| 200|0x0000000714c00000, 0x0000000714d00000, 0x0000000714d00000|100%| E|CS|TAMS 0x0000000714c00000, 0x0000000714c00000| Complete 
| 201|0x0000000714d00000, 0x0000000714e00000, 0x0000000714e00000|100%| E|CS|TAMS 0x0000000714d00000, 0x0000000714d00000| Complete 
| 202|0x0000000714e00000, 0x0000000714f00000, 0x0000000714f00000|100%| E|CS|TAMS 0x0000000714e00000, 0x0000000714e00000| Complete 
| 203|0x0000000714f00000, 0x0000000715000000, 0x0000000715000000|100%| E|CS|TAMS 0x0000000714f00000, 0x0000000714f00000| Complete 
| 204|0x0000000715000000, 0x0000000715100000, 0x0000000715100000|100%| E|CS|TAMS 0x0000000715000000, 0x0000000715000000| Complete 
| 205|0x0000000715100000, 0x0000000715200000, 0x0000000715200000|100%| E|CS|TAMS 0x0000000715100000, 0x0000000715100000| Complete 
| 206|0x0000000715200000, 0x0000000715300000, 0x0000000715300000|100%| E|CS|TAMS 0x0000000715200000, 0x0000000715200000| Complete 
| 207|0x0000000715300000, 0x0000000715400000, 0x0000000715400000|100%| E|CS|TAMS 0x0000000715300000, 0x0000000715300000| Complete 
| 208|0x0000000715400000, 0x0000000715500000, 0x0000000715500000|100%| E|CS|TAMS 0x0000000715400000, 0x0000000715400000| Complete 
| 209|0x0000000715500000, 0x0000000715600000, 0x0000000715600000|100%| E|CS|TAMS 0x0000000715500000, 0x0000000715500000| Complete 
| 210|0x0000000715600000, 0x0000000715700000, 0x0000000715700000|100%| E|CS|TAMS 0x0000000715600000, 0x0000000715600000| Complete 
| 211|0x0000000715700000, 0x0000000715800000, 0x0000000715800000|100%| E|CS|TAMS 0x0000000715700000, 0x0000000715700000| Complete 
| 212|0x0000000715800000, 0x0000000715900000, 0x0000000715900000|100%| E|CS|TAMS 0x0000000715800000, 0x0000000715800000| Complete 
| 213|0x0000000715900000, 0x0000000715a00000, 0x0000000715a00000|100%| E|CS|TAMS 0x0000000715900000, 0x0000000715900000| Complete 
| 214|0x0000000715a00000, 0x0000000715b00000, 0x0000000715b00000|100%| E|CS|TAMS 0x0000000715a00000, 0x0000000715a00000| Complete 
| 215|0x0000000715b00000, 0x0000000715c00000, 0x0000000715c00000|100%| E|CS|TAMS 0x0000000715b00000, 0x0000000715b00000| Complete 
| 216|0x0000000715c00000, 0x0000000715d00000, 0x0000000715d00000|100%| E|CS|TAMS 0x0000000715c00000, 0x0000000715c00000| Complete 
| 217|0x0000000715d00000, 0x0000000715e00000, 0x0000000715e00000|100%| E|CS|TAMS 0x0000000715d00000, 0x0000000715d00000| Complete 
| 218|0x0000000715e00000, 0x0000000715f00000, 0x0000000715f00000|100%| E|CS|TAMS 0x0000000715e00000, 0x0000000715e00000| Complete 
| 219|0x0000000715f00000, 0x0000000716000000, 0x0000000716000000|100%| E|CS|TAMS 0x0000000715f00000, 0x0000000715f00000| Complete 
| 220|0x0000000716000000, 0x0000000716100000, 0x0000000716100000|100%| E|CS|TAMS 0x0000000716000000, 0x0000000716000000| Complete 
| 221|0x0000000716100000, 0x0000000716200000, 0x0000000716200000|100%| E|CS|TAMS 0x0000000716100000, 0x0000000716100000| Complete 
| 222|0x0000000716200000, 0x0000000716300000, 0x0000000716300000|100%| E|CS|TAMS 0x0000000716200000, 0x0000000716200000| Complete 
| 223|0x0000000716300000, 0x0000000716400000, 0x0000000716400000|100%| E|CS|TAMS 0x0000000716300000, 0x0000000716300000| Complete 
| 224|0x0000000716400000, 0x0000000716500000, 0x0000000716500000|100%| E|CS|TAMS 0x0000000716400000, 0x0000000716400000| Complete 
| 225|0x0000000716500000, 0x0000000716600000, 0x0000000716600000|100%| E|CS|TAMS 0x0000000716500000, 0x0000000716500000| Complete 
| 226|0x0000000716600000, 0x0000000716700000, 0x0000000716700000|100%| E|CS|TAMS 0x0000000716600000, 0x0000000716600000| Complete 
| 227|0x0000000716700000, 0x0000000716800000, 0x0000000716800000|100%| E|CS|TAMS 0x0000000716700000, 0x0000000716700000| Complete 
| 228|0x0000000716800000, 0x0000000716900000, 0x0000000716900000|100%| E|CS|TAMS 0x0000000716800000, 0x0000000716800000| Complete 
| 229|0x0000000716900000, 0x0000000716a00000, 0x0000000716a00000|100%| E|CS|TAMS 0x0000000716900000, 0x0000000716900000| Complete 
| 230|0x0000000716a00000, 0x0000000716b00000, 0x0000000716b00000|100%| E|CS|TAMS 0x0000000716a00000, 0x0000000716a00000| Complete 
| 231|0x0000000716b00000, 0x0000000716c00000, 0x0000000716c00000|100%| E|CS|TAMS 0x0000000716b00000, 0x0000000716b00000| Complete 
| 232|0x0000000716c00000, 0x0000000716d00000, 0x0000000716d00000|100%| E|CS|TAMS 0x0000000716c00000, 0x0000000716c00000| Complete 
| 233|0x0000000716d00000, 0x0000000716e00000, 0x0000000716e00000|100%| E|CS|TAMS 0x0000000716d00000, 0x0000000716d00000| Complete 
| 234|0x0000000716e00000, 0x0000000716f00000, 0x0000000716f00000|100%| E|CS|TAMS 0x0000000716e00000, 0x0000000716e00000| Complete 
| 235|0x0000000716f00000, 0x0000000717000000, 0x0000000717000000|100%| E|CS|TAMS 0x0000000716f00000, 0x0000000716f00000| Complete 
| 236|0x0000000717000000, 0x0000000717100000, 0x0000000717100000|100%| E|CS|TAMS 0x0000000717000000, 0x0000000717000000| Complete 
| 237|0x0000000717100000, 0x0000000717200000, 0x0000000717200000|100%| E|CS|TAMS 0x0000000717100000, 0x0000000717100000| Complete 
| 238|0x0000000717200000, 0x0000000717300000, 0x0000000717300000|100%| E|CS|TAMS 0x0000000717200000, 0x0000000717200000| Complete 
| 239|0x0000000717300000, 0x0000000717400000, 0x0000000717400000|100%| E|CS|TAMS 0x0000000717300000, 0x0000000717300000| Complete 
| 240|0x0000000717400000, 0x0000000717500000, 0x0000000717500000|100%| E|CS|TAMS 0x0000000717400000, 0x0000000717400000| Complete 
| 241|0x0000000717500000, 0x0000000717600000, 0x0000000717600000|100%| E|CS|TAMS 0x0000000717500000, 0x0000000717500000| Complete 
| 242|0x0000000717600000, 0x0000000717700000, 0x0000000717700000|100%| E|CS|TAMS 0x0000000717600000, 0x0000000717600000| Complete 
| 243|0x0000000717700000, 0x0000000717800000, 0x0000000717800000|100%| E|CS|TAMS 0x0000000717700000, 0x0000000717700000| Complete 
| 244|0x0000000717800000, 0x0000000717900000, 0x0000000717900000|100%| E|CS|TAMS 0x0000000717800000, 0x0000000717800000| Complete 
| 245|0x0000000717900000, 0x0000000717a00000, 0x0000000717a00000|100%| E|CS|TAMS 0x0000000717900000, 0x0000000717900000| Complete 
| 246|0x0000000717a00000, 0x0000000717b00000, 0x0000000717b00000|100%| E|CS|TAMS 0x0000000717a00000, 0x0000000717a00000| Complete 
| 247|0x0000000717b00000, 0x0000000717c00000, 0x0000000717c00000|100%| E|CS|TAMS 0x0000000717b00000, 0x0000000717b00000| Complete 
|2938|0x00000007bfe00000, 0x00000007bfe47000, 0x00000007bff00000| 27%|OA|  |TAMS 0x00000007bfe47000, 0x00000007bfe00000| Untracked 
|2939|0x00000007bff00000, 0x00000007bff6b000, 0x00000007c0000000| 41%|CA|  |TAMS 0x00000007bff6b000, 0x00000007bff00000| Untracked 

Card table byte_map: [0x00007ff4b8095000,0x00007ff4b8853000] _byte_map_base: 0x00007ff4b4853000

Marking Bits (Prev, Next): (CMBitMap*) 0x00007ff4d007de60, (CMBitMap*) 0x00007ff4d007de28
 Prev Bits: [0x00007ff4abc62000, 0x00007ff4afa52000)
 Next Bits: [0x00007ff4afa52000, 0x00007ff4b3842000)

Polling page: 0x00007ff4d5886000

Metaspace:

Usage:
  Non-class:     21,72 MB capacity,    21,29 MB ( 98%) used,   395,33 KB (  2%) free+waste,    48,12 KB ( <1%) overhead. 
      Class:      2,82 MB capacity,     2,60 MB ( 92%) used,   199,07 KB (  7%) free+waste,    20,94 KB ( <1%) overhead. 
       Both:     24,54 MB capacity,    23,89 MB ( 97%) used,   594,40 KB (  2%) free+waste,    69,06 KB ( <1%) overhead. 

Virtual space:
  Non-class space:       22,00 MB reserved,      22,00 MB (100%) committed 
      Class space:        1,00 GB reserved,       2,88 MB ( <1%) committed 
             Both:        1,02 GB reserved,      24,88 MB (  2%) committed 

Chunk freelists:
   Non-Class:  60,00 KB
       Class:  0 bytes
        Both:  60,00 KB

MaxMetaspaceSize: unlimited
CompressedClassSpaceSize: 1,00 GB
Initial GC threshold: 20,80 MB
Current GC threshold: 35,00 MB
CDS: on

CodeHeap 'non-profiled nmethods': size=120032Kb used=2809Kb max_used=2809Kb free=117222Kb
 bounds [0x00007ff4c031b000, 0x00007ff4c05db000, 0x00007ff4c7853000]
CodeHeap 'profiled nmethods': size=120028Kb used=12249Kb max_used=12249Kb free=107779Kb
 bounds [0x00007ff4b8de4000, 0x00007ff4b99e4000, 0x00007ff4c031b000]
CodeHeap 'non-nmethods': size=5700Kb used=1208Kb max_used=1250Kb free=4491Kb
 bounds [0x00007ff4b8853000, 0x00007ff4b8ac3000, 0x00007ff4b8de4000]
 total_blobs=5772 nmethods=5293 adapters=392
 compilation: enabled
              stopped_count=0, restarted_count=0
 full_count=0

Compilation events (20 events):
Event: 2,381 Thread 0x00007ff4d01e6000 nmethod 5284 0x00007ff4b99c7710 code [0x00007ff4b99c78c0, 0x00007ff4b99c7af0]
Event: 2,381 Thread 0x00007ff4d01e6000 5285       3       com.sun.tools.javac.code.TypeAnnotations$$Lambda$177/0x00000008402d0c40::apply (16 bytes)
Event: 2,382 Thread 0x00007ff4d01e6000 nmethod 5285 0x00007ff4b99c7b90 code [0x00007ff4b99c7d60, 0x00007ff4b99c8020]
Event: 2,382 Thread 0x00007ff4d01e6000 5301       3       com.sun.tools.javac.code.Scope$ScopeImpl$$Lambda$143/0x00000008402c0040::iterator (16 bytes)
Event: 2,382 Thread 0x00007ff4d01e6000 nmethod 5301 0x00007ff4b99c8190 code [0x00007ff4b99c8360, 0x00007ff4b99c85a0]
Event: 2,382 Thread 0x00007ff4d01e6000 5307       3       com.sun.tools.javac.comp.Annotate$AnnotationTypeMetadata::getAnnotationElements (122 bytes)
Event: 2,382 Thread 0x00007ff47433b800 nmethod 5236 0x00007ff4c05cdc90 code [0x00007ff4c05cde80, 0x00007ff4c05cf038]
Event: 2,382 Thread 0x00007ff47433b800 5288       4       com.sun.tools.javac.tree.TreeScanner::visitIdent (1 bytes)
Event: 2,382 Thread 0x00007ff47433b800 nmethod 5288 0x00007ff4c05cf310 code [0x00007ff4c05cf4a0, 0x00007ff4c05cf518]
Event: 2,382 Thread 0x00007ff47433b800 5143       4       java.lang.invoke.Invokers$Holder::linkToTargetMethod (9 bytes)
Event: 2,383 Thread 0x00007ff47433b800 nmethod 5143 0x00007ff4c05cf610 code [0x00007ff4c05cf7c0, 0x00007ff4c05cf878]
Event: 2,383 Thread 0x00007ff47433b800 5144       4       java.lang.invoke.DirectMethodHandle$Holder::invokeStatic (14 bytes)
Event: 2,383 Thread 0x00007ff4d01e6000 nmethod 5307 0x00007ff4b99c8710 code [0x00007ff4b99c8a20, 0x00007ff4b99c9c90]
Event: 2,383 Thread 0x00007ff4d01e6000 5302       3       com.sun.tools.javac.code.Scope$ScopeImpl::lambda$getSymbols$1 (11 bytes)
Event: 2,383 Thread 0x00007ff4d01e6000 nmethod 5302 0x00007ff4b99ca310 code [0x00007ff4b99ca4c0, 0x00007ff4b99ca6a0]
Event: 2,383 Thread 0x00007ff4d01e6000 5303       3       com.sun.tools.javac.code.Scope$ScopeImpl$1::<init> (54 bytes)
Event: 2,383 Thread 0x00007ff4d01e6000 nmethod 5303 0x00007ff4b99ca790 code [0x00007ff4b99ca960, 0x00007ff4b99cad00]
Event: 2,383 Thread 0x00007ff4d01e6000 5308       3       com.sun.tools.javac.comp.Attr$TypeAnnotationsValidator::validateAnnotatedType (675 bytes)
Event: 2,383 Thread 0x00007ff47433b800 nmethod 5144 0x00007ff4c05cf990 code [0x00007ff4c05cfb40, 0x00007ff4c05cfbe8]
Event: 2,383 Thread 0x00007ff47433b800 5180       4       com.sun.tools.javac.code.Symtab::lookupPackage (259 bytes)

GC Heap History (6 events):
Event: 0,475 GC heap before
{Heap before GC invocations=0 (full 0):
 garbage-first heap   total 256000K, used 25288K [0x0000000708400000, 0x0000000800000000)
  region size 1024K, 24 young (24576K), 0 survivors (0K)
 Metaspace       used 5656K, capacity 7995K, committed 8192K, reserved 1056768K
  class space    used 649K, capacity 902K, committed 1024K, reserved 1048576K
}
Event: 0,484 GC heap after
{Heap after GC invocations=1 (full 0):
 garbage-first heap   total 256000K, used 4097K [0x0000000708400000, 0x0000000800000000)
  region size 1024K, 3 young (3072K), 3 survivors (3072K)
 Metaspace       used 5656K, capacity 7995K, committed 8192K, reserved 1056768K
  class space    used 649K, capacity 902K, committed 1024K, reserved 1048576K
}
Event: 1,491 GC heap before
{Heap before GC invocations=1 (full 0):
 garbage-first heap   total 256000K, used 152577K [0x0000000708400000, 0x0000000800000000)
  region size 1024K, 148 young (151552K), 3 survivors (3072K)
 Metaspace       used 14095K, capacity 15622K, committed 16000K, reserved 1062912K
  class space    used 1545K, capacity 1806K, committed 1920K, reserved 1048576K
}
Event: 1,501 GC heap after
{Heap after GC invocations=2 (full 0):
 garbage-first heap   total 256000K, used 14904K [0x0000000708400000, 0x0000000800000000)
  region size 1024K, 14 young (14336K), 14 survivors (14336K)
 Metaspace       used 14095K, capacity 15622K, committed 16000K, reserved 1062912K
  class space    used 1545K, capacity 1806K, committed 1920K, reserved 1048576K
}
Event: 1,851 GC heap before
{Heap before GC invocations=2 (full 0):
 garbage-first heap   total 256000K, used 165432K [0x0000000708400000, 0x0000000800000000)
  region size 1024K, 113 young (115712K), 14 survivors (14336K)
 Metaspace       used 19888K, capacity 20904K, committed 21248K, reserved 1069056K
  class space    used 2214K, capacity 2446K, committed 2560K, reserved 1048576K
}
Event: 1,864 GC heap after
{Heap after GC invocations=3 (full 0):
 garbage-first heap   total 256000K, used 18710K [0x0000000708400000, 0x0000000800000000)
  region size 1024K, 4 young (4096K), 4 survivors (4096K)
 Metaspace       used 19888K, capacity 20904K, committed 21248K, reserved 1069056K
  class space    used 2214K, capacity 2446K, committed 2560K, reserved 1048576K
}

Deoptimization events (20 events):
Event: 2,220 Thread 0x00007ff4d0017800 DEOPT PACKING pc=0x00007ff4c059cd44 sp=0x00007ff4d59bc380
Event: 2,220 Thread 0x00007ff4d0017800 DEOPT UNPACKING pc=0x00007ff4b889cea5 sp=0x00007ff4d59bc258 mode 2
Event: 2,220 Thread 0x00007ff4d0017800 Uncommon trap: trap_request=0xffffffbe fr.pc=0x00007ff4c059cd44 relative=0x0000000000000ac4
Event: 2,220 Thread 0x00007ff4d0017800 Uncommon trap: reason=profile_predicate action=maybe_recompile pc=0x00007ff4c059cd44 method=jdk.internal.jimage.ImageStringsReader.charsFromByteBuffer([CLjava/nio/ByteBuffer;)V @ 6 c2
Event: 2,220 Thread 0x00007ff4d0017800 DEOPT PACKING pc=0x00007ff4c059cd44 sp=0x00007ff4d59bc380
Event: 2,220 Thread 0x00007ff4d0017800 DEOPT UNPACKING pc=0x00007ff4b889cea5 sp=0x00007ff4d59bc258 mode 2
Event: 2,220 Thread 0x00007ff4d0017800 Uncommon trap: trap_request=0xffffffbe fr.pc=0x00007ff4c059cd44 relative=0x0000000000000ac4
Event: 2,220 Thread 0x00007ff4d0017800 Uncommon trap: reason=profile_predicate action=maybe_recompile pc=0x00007ff4c059cd44 method=jdk.internal.jimage.ImageStringsReader.charsFromByteBuffer([CLjava/nio/ByteBuffer;)V @ 6 c2
Event: 2,220 Thread 0x00007ff4d0017800 DEOPT PACKING pc=0x00007ff4c059cd44 sp=0x00007ff4d59bc380
Event: 2,220 Thread 0x00007ff4d0017800 DEOPT UNPACKING pc=0x00007ff4b889cea5 sp=0x00007ff4d59bc258 mode 2
Event: 2,254 Thread 0x00007ff4d0017800 Uncommon trap: trap_request=0xffffff4d fr.pc=0x00007ff4c0598f40 relative=0x0000000000002a60
Event: 2,254 Thread 0x00007ff4d0017800 Uncommon trap: reason=unstable_if action=reinterpret pc=0x00007ff4c0598f40 method=java.time.LocalDate.create(III)Ljava/time/LocalDate; @ 10 c2
Event: 2,254 Thread 0x00007ff4d0017800 DEOPT PACKING pc=0x00007ff4c0598f40 sp=0x00007ff4d59bce40
Event: 2,254 Thread 0x00007ff4d0017800 DEOPT UNPACKING pc=0x00007ff4b889cea5 sp=0x00007ff4d59bc9d8 mode 2
Event: 2,255 Thread 0x00007ff4d0017800 Uncommon trap: trap_request=0xffffff4d fr.pc=0x00007ff4c058d508 relative=0x00000000000029c8
Event: 2,255 Thread 0x00007ff4d0017800 Uncommon trap: reason=unstable_if action=reinterpret pc=0x00007ff4c058d508 method=java.time.LocalDate.create(III)Ljava/time/LocalDate; @ 10 c2
Event: 2,255 Thread 0x00007ff4d0017800 DEOPT PACKING pc=0x00007ff4c058d508 sp=0x00007ff4d59bccf0
Event: 2,255 Thread 0x00007ff4d0017800 DEOPT UNPACKING pc=0x00007ff4b889cea5 sp=0x00007ff4d59bc968 mode 2
Event: 2,258 Thread 0x00007ff4d0017800 DEOPT PACKING pc=0x00007ff4b9820129 sp=0x00007ff4d59bd7b0
Event: 2,258 Thread 0x00007ff4d0017800 DEOPT UNPACKING pc=0x00007ff4b889d64a sp=0x00007ff4d59bcce0 mode 0

Classes redefined (0 events):
No events

Internal exceptions (20 events):
Event: 0,281 Thread 0x00007ff4d0017800 Exception <a 'java/lang/NullPointerException'{0x0000000717660380}> (0x0000000717660380) thrown at [src/hotspot/share/interpreter/linkResolver.cpp, line 1358]
Event: 0,281 Thread 0x00007ff4d0017800 Exception <a 'java/lang/NullPointerException'{0x0000000717660650}> (0x0000000717660650) thrown at [src/hotspot/share/interpreter/linkResolver.cpp, line 1358]
Event: 0,281 Thread 0x00007ff4d0017800 Exception <a 'java/lang/NullPointerException'{0x0000000717660920}> (0x0000000717660920) thrown at [src/hotspot/share/interpreter/linkResolver.cpp, line 1358]
Event: 0,281 Thread 0x00007ff4d0017800 Exception <a 'java/lang/NullPointerException'{0x0000000717660c28}> (0x0000000717660c28) thrown at [src/hotspot/share/interpreter/linkResolver.cpp, line 1358]
Event: 0,446 Thread 0x00007ff4d0017800 Exception <a 'java/lang/NoClassDefFoundError'{0x00000007167174f0}: javax/enterprise/inject/Typed> (0x00000007167174f0) thrown at [src/hotspot/share/classfile/systemDictionary.cpp, line 220]
Event: 0,823 Thread 0x00007ff4d0017800 Exception <a 'java/lang/NoClassDefFoundError'{0x0000000715162388}: com/google/inject/servlet/ServletModuleTargetVisitor> (0x0000000715162388) thrown at [src/hotspot/share/classfile/systemDictionary.cpp, line 220]
Event: 0,823 Thread 0x00007ff4d0017800 Exception <a 'java/lang/NoClassDefFoundError'{0x0000000715162388}> (0x0000000715162388) thrown at [src/hotspot/share/prims/jvm.cpp, line 1310]
Event: 0,927 Thread 0x00007ff4d0017800 Implicit null exception at 0x00007ff4c0353304 to 0x00007ff4c0353814
Event: 0,927 Thread 0x00007ff4d0017800 Implicit null exception at 0x00007ff4c033f604 to 0x00007ff4c033faf0
Event: 1,140 Thread 0x00007ff4d0017800 Implicit null exception at 0x00007ff4c040c54c to 0x00007ff4c040cd28
Event: 1,140 Thread 0x00007ff4d0017800 Implicit null exception at 0x00007ff4c0387a05 to 0x00007ff4c0387bec
Event: 1,140 Thread 0x00007ff4d0017800 Implicit null exception at 0x00007ff4c039b2cb to 0x00007ff4c039b9a8
Event: 1,399 Thread 0x00007ff4d0017800 Implicit null exception at 0x00007ff4c03a412f to 0x00007ff4c03a41ad
Event: 1,803 Thread 0x00007ff4d0017800 Exception <a 'java/lang/NoSuchMethodError'{0x0000000711a5de48}: 'int java.lang.invoke.DirectMethodHandle$Holder.invokeVirtual(java.lang.Object, java.lang.Object, java.lang.Object)'> (0x0000000711a5de48) thrown at [src/hotspot/share/interpreter/linkResolver.cpp, line 772]
Event: 1,836 Thread 0x00007ff4d0017800 Exception <a 'java/lang/NoSuchMethodError'{0x0000000711977c80}: 'int java.lang.invoke.DirectMethodHandle$Holder.invokeStaticInit(java.lang.Object, java.lang.Object)'> (0x0000000711977c80) thrown at [src/hotspot/share/interpreter/linkResolver.cpp, line 772]
Event: 1,884 Thread 0x00007ff4d0017800 Exception <a 'java/lang/NoSuchMethodError'{0x0000000717b8a568}: 'int java.lang.invoke.DirectMethodHandle$Holder.invokeVirtual(java.lang.Object, java.lang.Object)'> (0x0000000717b8a568) thrown at [src/hotspot/share/interpreter/linkResolver.cpp, line 772]
Event: 1,887 Thread 0x00007ff4d0017800 Exception <a 'java/lang/NoSuchMethodError'{0x0000000717bb9498}: 'java.lang.Object java.lang.invoke.Invokers$Holder.linkToTargetMethod(java.lang.Object, java.lang.Object, java.lang.Object, java.lang.Object, java.lang.Object, java.lang.Object)'> (0x0000000717bb9498) thrown at [src/hotspot/share/interpreter/linkResolver.cpp, line 772]
Event: 1,993 Thread 0x00007ff4d0017800 Exception <a 'java/lang/NoSuchMethodError'{0x0000000716c716b8}: 'int java.lang.invoke.DirectMethodHandle$Holder.invokeSpecial(java.lang.Object, java.lang.Object, java.lang.Object, java.lang.Object)'> (0x0000000716c716b8) thrown at [src/hotspot/share/interpreter/linkResolver.cpp, line 772]
Event: 2,025 Thread 0x00007ff4d0017800 Exception <a 'java/lang/NoSuchMethodError'{0x0000000716a57908}: 'java.lang.Object java.lang.invoke.DirectMethodHandle$Holder.invokeStatic(java.lang.Object, int, java.lang.Object)'> (0x0000000716a57908) thrown at [src/hotspot/share/interpreter/linkResolver.cpp, line 772]
Event: 2,169 Thread 0x00007ff4d0017800 Exception <a 'java/lang/NoSuchMethodError'{0x0000000711ffed80}: 'int java.lang.invoke.DirectMethodHandle$Holder.invokeSpecial(java.lang.Object, java.lang.Object, java.lang.Object, java.lang.Object, java.lang.Object)'> (0x0000000711ffed80) thrown at [src/hotspot/share/interpreter/linkResolver.cpp, line 772]

Events (20 events):
Event: 2,371 loading class com/sun/tools/javac/code/Attribute
Event: 2,371 loading class com/sun/tools/javac/code/Attribute done
Event: 2,371 loading class com/sun/tools/javac/code/Attribute
Event: 2,371 loading class com/sun/tools/javac/code/Attribute done
Event: 2,371 loading class com/sun/tools/javac/code/Symbol
Event: 2,371 loading class com/sun/tools/javac/code/Symbol done
Event: 2,371 loading class com/sun/tools/javac/code/Attribute
Event: 2,371 loading class com/sun/tools/javac/code/Attribute done
Event: 2,372 loading class com/sun/tools/javac/code/TypeAnnotations
Event: 2,372 loading class com/sun/tools/javac/code/TypeAnnotations done
Event: 2,372 loading class com/sun/tools/javac/code/TypeAnnotations$AnnotationType
Event: 2,372 loading class com/sun/tools/javac/code/TypeAnnotations$AnnotationType done
Event: 2,372 loading class com/sun/tools/javac/code/TypeAnnotations$AnnotationType
Event: 2,372 loading class com/sun/tools/javac/code/TypeAnnotations$AnnotationType done
Event: 2,372 loading class com/sun/tools/javac/code/TypeAnnotations
Event: 2,372 loading class com/sun/tools/javac/code/TypeAnnotations done
Event: 2,372 loading class java/util/stream/ReduceOps$1
Event: 2,372 loading class java/util/stream/ReduceOps$1 done
Event: 2,372 loading class java/util/stream/ReduceOps$1ReducingSink
Event: 2,372 loading class java/util/stream/ReduceOps$1ReducingSink done


Dynamic libraries:
708400000-717c00000 rw-p 00000000 00:00 0 
717c00000-7bfe00000 ---p 00000000 00:00 0 
7bfe00000-7bfe47000 rw-p 01114000 103:06 3802055                         /usr/lib/jvm/java-11-openjdk-amd64/lib/server/classes.jsa
7bfe47000-7bff00000 rw-p 00000000 00:00 0 
7bff00000-7bff6b000 rw-p 010a9000 103:06 3802055                         /usr/lib/jvm/java-11-openjdk-amd64/lib/server/classes.jsa
7bff6b000-7c0000000 rw-p 00000000 00:00 0 
7c0000000-800000000 ---p 00000000 00:00 0 
800000000-800002000 rwxp 00001000 103:06 3802055                         /usr/lib/jvm/java-11-openjdk-amd64/lib/server/classes.jsa
800002000-8003b7000 rw-p 00003000 103:06 3802055                         /usr/lib/jvm/java-11-openjdk-amd64/lib/server/classes.jsa
8003b7000-800a97000 r--p 003b8000 103:06 3802055                         /usr/lib/jvm/java-11-openjdk-amd64/lib/server/classes.jsa
800a97000-800a98000 rw-p 00a98000 103:06 3802055                         /usr/lib/jvm/java-11-openjdk-amd64/lib/server/classes.jsa
800a98000-8010a8000 r--p 00a99000 103:06 3802055                         /usr/lib/jvm/java-11-openjdk-amd64/lib/server/classes.jsa
840000000-8402e0000 rw-p 00000000 00:00 0 
8402e0000-880000000 ---p 00000000 00:00 0 
55b92f146000-55b92f147000 r--p 00000000 103:06 2889075                   /usr/lib/jvm/java-11-openjdk-amd64/bin/java
55b92f147000-55b92f148000 r-xp 00001000 103:06 2889075                   /usr/lib/jvm/java-11-openjdk-amd64/bin/java
55b92f148000-55b92f149000 r--p 00002000 103:06 2889075                   /usr/lib/jvm/java-11-openjdk-amd64/bin/java
55b92f149000-55b92f14a000 r--p 00002000 103:06 2889075                   /usr/lib/jvm/java-11-openjdk-amd64/bin/java
55b92f14a000-55b92f14b000 rw-p 00003000 103:06 2889075                   /usr/lib/jvm/java-11-openjdk-amd64/bin/java
55b92fec9000-55b92feea000 rw-p 00000000 00:00 0                          [heap]
7ff444000000-7ff444021000 rw-p 00000000 00:00 0 
7ff444021000-7ff448000000 ---p 00000000 00:00 0 
7ff44c000000-7ff44c021000 rw-p 00000000 00:00 0 
7ff44c021000-7ff450000000 ---p 00000000 00:00 0 
7ff450000000-7ff450021000 rw-p 00000000 00:00 0 
7ff450021000-7ff454000000 ---p 00000000 00:00 0 
7ff454000000-7ff454021000 rw-p 00000000 00:00 0 
7ff454021000-7ff458000000 ---p 00000000 00:00 0 
7ff458000000-7ff458021000 rw-p 00000000 00:00 0 
7ff458021000-7ff45c000000 ---p 00000000 00:00 0 
7ff45c000000-7ff45c021000 rw-p 00000000 00:00 0 
7ff45c021000-7ff460000000 ---p 00000000 00:00 0 
7ff460000000-7ff460021000 rw-p 00000000 00:00 0 
7ff460021000-7ff464000000 ---p 00000000 00:00 0 
7ff464000000-7ff46490f000 rw-p 00000000 00:00 0 
7ff46490f000-7ff468000000 ---p 00000000 00:00 0 
7ff468000000-7ff468dc9000 rw-p 00000000 00:00 0 
7ff468dc9000-7ff46c000000 ---p 00000000 00:00 0 
7ff46c000000-7ff46c021000 rw-p 00000000 00:00 0 
7ff46c021000-7ff470000000 ---p 00000000 00:00 0 
7ff470000000-7ff470021000 rw-p 00000000 00:00 0 
7ff470021000-7ff474000000 ---p 00000000 00:00 0 
7ff474000000-7ff474a13000 rw-p 00000000 00:00 0 
7ff474a13000-7ff478000000 ---p 00000000 00:00 0 
7ff478000000-7ff478021000 rw-p 00000000 00:00 0 
7ff478021000-7ff47c000000 ---p 00000000 00:00 0 
7ff47c000000-7ff47c021000 rw-p 00000000 00:00 0 
7ff47c021000-7ff480000000 ---p 00000000 00:00 0 
7ff480000000-7ff480e9e000 rw-p 00000000 00:00 0 
7ff480e9e000-7ff484000000 ---p 00000000 00:00 0 
7ff484000000-7ff484021000 rw-p 00000000 00:00 0 
7ff484021000-7ff488000000 ---p 00000000 00:00 0 
7ff489e78000-7ff48a078000 rw-p 00000000 00:00 0 
7ff48a078000-7ff48a079000 ---p 00000000 00:00 0 
7ff48a079000-7ff48a17a000 rw-p 00000000 00:00 0 
7ff48a17a000-7ff48a17b000 ---p 00000000 00:00 0 
7ff48a17b000-7ff48a47c000 rw-p 00000000 00:00 0 
7ff48a47c000-7ff48a67c000 rw-p 00000000 00:00 0 
7ff48a67c000-7ff48a87c000 rw-p 00000000 00:00 0 
7ff48a87c000-7ff48aa7c000 rw-p 00000000 00:00 0 
7ff48aa7c000-7ff48ac7c000 rw-p 00000000 00:00 0 
7ff48ac7c000-7ff48ae7c000 rw-p 00000000 00:00 0 
7ff48ae7c000-7ff48ae7d000 ---p 00000000 00:00 0 
7ff48ae7d000-7ff48af7e000 rw-p 00000000 00:00 0 
7ff48af7e000-7ff48af7f000 ---p 00000000 00:00 0 
7ff48af7f000-7ff48b080000 rw-p 00000000 00:00 0 
7ff48b080000-7ff48b081000 ---p 00000000 00:00 0 
7ff48b081000-7ff48b182000 rw-p 00000000 00:00 0 
7ff48b182000-7ff48b183000 ---p 00000000 00:00 0 
7ff48b183000-7ff48b284000 rw-p 00000000 00:00 0 
7ff48b284000-7ff48b285000 ---p 00000000 00:00 0 
7ff48b285000-7ff48b386000 rw-p 00000000 00:00 0 
7ff48b386000-7ff48b38a000 ---p 00000000 00:00 0 
7ff48b38a000-7ff48b487000 rw-p 00000000 00:00 0 
7ff48b487000-7ff48b48b000 ---p 00000000 00:00 0 
7ff48b48b000-7ff48b588000 rw-p 00000000 00:00 0 
7ff48b588000-7ff48b58b000 r-xp 00000000 103:06 3802076                   /tmp/jansi-2.3.4-b8760e9dc34e8ba7-libjansi.so
7ff48b58b000-7ff48b78a000 ---p 00003000 103:06 3802076                   /tmp/jansi-2.3.4-b8760e9dc34e8ba7-libjansi.so
7ff48b78a000-7ff48b78b000 rw-p 00002000 103:06 3802076                   /tmp/jansi-2.3.4-b8760e9dc34e8ba7-libjansi.so
7ff48b78b000-7ff48b78f000 ---p 00000000 00:00 0 
7ff48b78f000-7ff48b88c000 rw-p 00000000 00:00 0 
7ff48b88c000-7ff48b88d000 ---p 00000000 00:00 0 
7ff48b88d000-7ff48b98e000 rw-p 00000000 00:00 0 
7ff48b98e000-7ff48b992000 ---p 00000000 00:00 0 
7ff48b992000-7ff48ba8f000 rw-p 00000000 00:00 0 
7ff48ba8f000-7ff48c000000 r--p 00000000 103:06 2889157                   /usr/lib/locale/locale-archive
7ff48c000000-7ff48c021000 rw-p 00000000 00:00 0 
7ff48c021000-7ff490000000 ---p 00000000 00:00 0 
7ff490000000-7ff490021000 rw-p 00000000 00:00 0 
7ff490021000-7ff494000000 ---p 00000000 00:00 0 
7ff494000000-7ff494021000 rw-p 00000000 00:00 0 
7ff494021000-7ff498000000 ---p 00000000 00:00 0 
7ff498000000-7ff498021000 rw-p 00000000 00:00 0 
7ff498021000-7ff49c000000 ---p 00000000 00:00 0 
7ff49c000000-7ff49c021000 rw-p 00000000 00:00 0 
7ff49c021000-7ff4a0000000 ---p 00000000 00:00 0 
7ff4a0000000-7ff4a0021000 rw-p 00000000 00:00 0 
7ff4a0021000-7ff4a4000000 ---p 00000000 00:00 0 
7ff4a4000000-7ff4a4021000 rw-p 00000000 00:00 0 
7ff4a4021000-7ff4a8000000 ---p 00000000 00:00 0 
7ff4a809a000-7ff4a80cb000 rw-p 00000000 00:00 0 
7ff4a80cb000-7ff4a80cf000 ---p 00000000 00:00 0 
7ff4a80cf000-7ff4a81cc000 rw-p 00000000 00:00 0 
7ff4a81cc000-7ff4a81d0000 ---p 00000000 00:00 0 
7ff4a81d0000-7ff4a82cd000 rw-p 00000000 00:00 0 
7ff4a82cd000-7ff4a82d1000 ---p 00000000 00:00 0 
7ff4a82d1000-7ff4a83ce000 rw-p 00000000 00:00 0 
7ff4a83ce000-7ff4a83d2000 ---p 00000000 00:00 0 
7ff4a83d2000-7ff4a84cf000 rw-p 00000000 00:00 0 
7ff4a84cf000-7ff4a84d3000 ---p 00000000 00:00 0 
7ff4a84d3000-7ff4a85d0000 rw-p 00000000 00:00 0 
7ff4a85d0000-7ff4a85d4000 ---p 00000000 00:00 0 
7ff4a85d4000-7ff4a86d1000 rw-p 00000000 00:00 0 
7ff4a86d1000-7ff4a86d2000 ---p 00000000 00:00 0 
7ff4a86d2000-7ff4a9054000 rw-p 00000000 00:00 0 
7ff4a9054000-7ff4a9055000 ---p 00000000 00:00 0 
7ff4a9055000-7ff4a9156000 rw-p 00000000 00:00 0 
7ff4a9156000-7ff4a9157000 ---p 00000000 00:00 0 
7ff4a9157000-7ff4ac042000 rw-p 00000000 00:00 0 
7ff4ac042000-7ff4aea4a000 ---p 00000000 00:00 0 
7ff4aea4a000-7ff4aea52000 rw-p 00000000 00:00 0 
7ff4aea52000-7ff4afa52000 ---p 00000000 00:00 0 
7ff4afa52000-7ff4afe32000 rw-p 00000000 00:00 0 
7ff4afe32000-7ff4b283a000 ---p 00000000 00:00 0 
7ff4b283a000-7ff4b2842000 rw-p 00000000 00:00 0 
7ff4b2842000-7ff4b3842000 ---p 00000000 00:00 0 
7ff4b3842000-7ff4b38be000 rw-p 00000000 00:00 0 
7ff4b38be000-7ff4b3dff000 ---p 00000000 00:00 0 
7ff4b3dff000-7ff4b3e00000 rw-p 00000000 00:00 0 
7ff4b3e00000-7ff4b4000000 ---p 00000000 00:00 0 
7ff4b4000000-7ff4b4021000 rw-p 00000000 00:00 0 
7ff4b4021000-7ff4b8000000 ---p 00000000 00:00 0 
7ff4b800d000-7ff4b8011000 r--p 00000000 103:06 2981053                   /usr/lib/jvm/java-11-openjdk-amd64/lib/libnet.so
7ff4b8011000-7ff4b8020000 r-xp 00004000 103:06 2981053                   /usr/lib/jvm/java-11-openjdk-amd64/lib/libnet.so
7ff4b8020000-7ff4b8024000 r--p 00013000 103:06 2981053                   /usr/lib/jvm/java-11-openjdk-amd64/lib/libnet.so
7ff4b8024000-7ff4b8025000 r--p 00016000 103:06 2981053                   /usr/lib/jvm/java-11-openjdk-amd64/lib/libnet.so
7ff4b8025000-7ff4b8026000 rw-p 00017000 103:06 2981053                   /usr/lib/jvm/java-11-openjdk-amd64/lib/libnet.so
7ff4b8026000-7ff4b802d000 r--p 00000000 103:06 2981054                   /usr/lib/jvm/java-11-openjdk-amd64/lib/libnio.so
7ff4b802d000-7ff4b8035000 r-xp 00007000 103:06 2981054                   /usr/lib/jvm/java-11-openjdk-amd64/lib/libnio.so
7ff4b8035000-7ff4b8038000 r--p 0000f000 103:06 2981054                   /usr/lib/jvm/java-11-openjdk-amd64/lib/libnio.so
7ff4b8038000-7ff4b8039000 r--p 00011000 103:06 2981054                   /usr/lib/jvm/java-11-openjdk-amd64/lib/libnio.so
7ff4b8039000-7ff4b803a000 rw-p 00012000 103:06 2981054                   /usr/lib/jvm/java-11-openjdk-amd64/lib/libnio.so
7ff4b803a000-7ff4b8111000 rw-p 00000000 00:00 0 
7ff4b8111000-7ff4b8652000 ---p 00000000 00:00 0 
7ff4b8652000-7ff4b8653000 rw-p 00000000 00:00 0 
7ff4b8653000-7ff4b8853000 ---p 00000000 00:00 0 
7ff4b8853000-7ff4b8ac3000 rwxp 00000000 00:00 0 
7ff4b8ac3000-7ff4b8de4000 ---p 00000000 00:00 0 
7ff4b8de4000-7ff4b99e4000 rwxp 00000000 00:00 0 
7ff4b99e4000-7ff4c031b000 ---p 00000000 00:00 0 
7ff4c031b000-7ff4c05db000 rwxp 00000000 00:00 0 
7ff4c05db000-7ff4c7853000 ---p 00000000 00:00 0 
7ff4c7853000-7ff4d0000000 r--s 00000000 103:06 2981063                   /usr/lib/jvm/java-11-openjdk-amd64/lib/modules
7ff4d0000000-7ff4d1821000 rw-p 00000000 00:00 0 
7ff4d1821000-7ff4d4000000 ---p 00000000 00:00 0 
7ff4d4004000-7ff4d406e000 rw-p 00000000 00:00 0 
7ff4d406e000-7ff4d406f000 ---p 00000000 00:00 0 
7ff4d406f000-7ff4d4170000 rw-p 00000000 00:00 0 
7ff4d4170000-7ff4d4171000 ---p 00000000 00:00 0 
7ff4d4171000-7ff4d43ee000 rw-p 00000000 00:00 0 
7ff4d43ee000-7ff4d492f000 ---p 00000000 00:00 0 
7ff4d492f000-7ff4d4930000 rw-p 00000000 00:00 0 
7ff4d4930000-7ff4d4b30000 ---p 00000000 00:00 0 
7ff4d4b30000-7ff4d553a000 rw-p 00000000 00:00 0 
7ff4d553a000-7ff4d553b000 ---p 00000000 00:00 0 
7ff4d553b000-7ff4d5642000 rw-p 00000000 00:00 0 
7ff4d5642000-7ff4d5727000 ---p 00000000 00:00 0 
7ff4d5727000-7ff4d573f000 rw-p 00000000 00:00 0 
7ff4d573f000-7ff4d5812000 ---p 00000000 00:00 0 
7ff4d5812000-7ff4d5817000 rw-p 00000000 00:00 0 
7ff4d5817000-7ff4d581e000 ---p 00000000 00:00 0 
7ff4d581e000-7ff4d5821000 r--p 00000000 103:06 3674023                   /lib/x86_64-linux-gnu/libnss_files-2.31.so
7ff4d5821000-7ff4d5828000 r-xp 00003000 103:06 3674023                   /lib/x86_64-linux-gnu/libnss_files-2.31.so
7ff4d5828000-7ff4d582a000 r--p 0000a000 103:06 3674023                   /lib/x86_64-linux-gnu/libnss_files-2.31.so
7ff4d582a000-7ff4d582b000 r--p 0000b000 103:06 3674023                   /lib/x86_64-linux-gnu/libnss_files-2.31.so
7ff4d582b000-7ff4d582c000 rw-p 0000c000 103:06 3674023                   /lib/x86_64-linux-gnu/libnss_files-2.31.so
7ff4d582c000-7ff4d5832000 rw-p 00000000 00:00 0 
7ff4d5832000-7ff4d5837000 r--p 00000000 103:06 3674009                   /lib/x86_64-linux-gnu/libnsl-2.31.so
7ff4d5837000-7ff4d5847000 r-xp 00005000 103:06 3674009                   /lib/x86_64-linux-gnu/libnsl-2.31.so
7ff4d5847000-7ff4d584b000 r--p 00015000 103:06 3674009                   /lib/x86_64-linux-gnu/libnsl-2.31.so
7ff4d584b000-7ff4d584c000 r--p 00018000 103:06 3674009                   /lib/x86_64-linux-gnu/libnsl-2.31.so
7ff4d584c000-7ff4d584d000 rw-p 00019000 103:06 3674009                   /lib/x86_64-linux-gnu/libnsl-2.31.so
7ff4d584d000-7ff4d584f000 rw-p 00000000 00:00 0 
7ff4d584f000-7ff4d5852000 r--p 00000000 103:06 3674031                   /lib/x86_64-linux-gnu/libnss_nis-2.31.so
7ff4d5852000-7ff4d585a000 r-xp 00003000 103:06 3674031                   /lib/x86_64-linux-gnu/libnss_nis-2.31.so
7ff4d585a000-7ff4d585c000 r--p 0000b000 103:06 3674031                   /lib/x86_64-linux-gnu/libnss_nis-2.31.so
7ff4d585c000-7ff4d585d000 r--p 0000c000 103:06 3674031                   /lib/x86_64-linux-gnu/libnss_nis-2.31.so
7ff4d585d000-7ff4d585e000 rw-p 0000d000 103:06 3674031                   /lib/x86_64-linux-gnu/libnss_nis-2.31.so
7ff4d585e000-7ff4d5860000 r--p 00000000 103:06 3674013                   /lib/x86_64-linux-gnu/libnss_compat-2.31.so
7ff4d5860000-7ff4d5867000 r-xp 00002000 103:06 3674013                   /lib/x86_64-linux-gnu/libnss_compat-2.31.so
7ff4d5867000-7ff4d5868000 r--p 00009000 103:06 3674013                   /lib/x86_64-linux-gnu/libnss_compat-2.31.so
7ff4d5868000-7ff4d5869000 r--p 00009000 103:06 3674013                   /lib/x86_64-linux-gnu/libnss_compat-2.31.so
7ff4d5869000-7ff4d586a000 rw-p 0000a000 103:06 3674013                   /lib/x86_64-linux-gnu/libnss_compat-2.31.so
7ff4d5872000-7ff4d5874000 r--s 0000c000 103:06 3282460                   /usr/share/java/java-atk-wrapper.jar
7ff4d5874000-7ff4d5876000 r--p 00000000 103:06 2981062                   /usr/lib/jvm/java-11-openjdk-amd64/lib/libzip.so
7ff4d5876000-7ff4d587a000 r-xp 00002000 103:06 2981062                   /usr/lib/jvm/java-11-openjdk-amd64/lib/libzip.so
7ff4d587a000-7ff4d587c000 r--p 00006000 103:06 2981062                   /usr/lib/jvm/java-11-openjdk-amd64/lib/libzip.so
7ff4d587c000-7ff4d587d000 r--p 00007000 103:06 2981062                   /usr/lib/jvm/java-11-openjdk-amd64/lib/libzip.so
7ff4d587d000-7ff4d587e000 rw-p 00008000 103:06 2981062                   /usr/lib/jvm/java-11-openjdk-amd64/lib/libzip.so
7ff4d587e000-7ff4d5886000 rw-s 00000000 103:06 3801921                   /tmp/hsperfdata_artur/85586
7ff4d5886000-7ff4d5887000 ---p 00000000 00:00 0 
7ff4d5887000-7ff4d5888000 r--p 00000000 00:00 0 
7ff4d5888000-7ff4d5896000 r--p 00000000 103:06 2981042                   /usr/lib/jvm/java-11-openjdk-amd64/lib/libjava.so
7ff4d5896000-7ff4d58ac000 r-xp 0000e000 103:06 2981042                   /usr/lib/jvm/java-11-openjdk-amd64/lib/libjava.so
7ff4d58ac000-7ff4d58b3000 r--p 00024000 103:06 2981042                   /usr/lib/jvm/java-11-openjdk-amd64/lib/libjava.so
7ff4d58b3000-7ff4d58b4000 r--p 0002a000 103:06 2981042                   /usr/lib/jvm/java-11-openjdk-amd64/lib/libjava.so
7ff4d58b4000-7ff4d58b5000 rw-p 0002b000 103:06 2981042                   /usr/lib/jvm/java-11-openjdk-amd64/lib/libjava.so
7ff4d58b5000-7ff4d58b6000 rw-p 00000000 00:00 0 
7ff4d58b6000-7ff4d58b9000 r--p 00000000 103:06 3674043                   /lib/x86_64-linux-gnu/librt-2.31.so
7ff4d58b9000-7ff4d58bd000 r-xp 00003000 103:06 3674043                   /lib/x86_64-linux-gnu/librt-2.31.so
7ff4d58bd000-7ff4d58be000 r--p 00007000 103:06 3674043                   /lib/x86_64-linux-gnu/librt-2.31.so
7ff4d58be000-7ff4d58bf000 ---p 00008000 103:06 3674043                   /lib/x86_64-linux-gnu/librt-2.31.so
7ff4d58bf000-7ff4d58c0000 r--p 00008000 103:06 3674043                   /lib/x86_64-linux-gnu/librt-2.31.so
7ff4d58c0000-7ff4d58c1000 rw-p 00009000 103:06 3674043                   /lib/x86_64-linux-gnu/librt-2.31.so
7ff4d58c1000-7ff4d58c5000 ---p 00000000 00:00 0 
7ff4d58c5000-7ff4d59c2000 rw-p 00000000 00:00 0 
7ff4d59c2000-7ff4d59c5000 r--p 00000000 103:06 3670736                   /lib/x86_64-linux-gnu/libgcc_s.so.1
7ff4d59c5000-7ff4d59d7000 r-xp 00003000 103:06 3670736                   /lib/x86_64-linux-gnu/libgcc_s.so.1
7ff4d59d7000-7ff4d59db000 r--p 00015000 103:06 3670736                   /lib/x86_64-linux-gnu/libgcc_s.so.1
7ff4d59db000-7ff4d59dc000 r--p 00018000 103:06 3670736                   /lib/x86_64-linux-gnu/libgcc_s.so.1
7ff4d59dc000-7ff4d59dd000 rw-p 00019000 103:06 3670736                   /lib/x86_64-linux-gnu/libgcc_s.so.1
7ff4d59dd000-7ff4d59ec000 r--p 00000000 103:06 3673997                   /lib/x86_64-linux-gnu/libm-2.31.so
7ff4d59ec000-7ff4d5a93000 r-xp 0000f000 103:06 3673997                   /lib/x86_64-linux-gnu/libm-2.31.so
7ff4d5a93000-7ff4d5b2a000 r--p 000b6000 103:06 3673997                   /lib/x86_64-linux-gnu/libm-2.31.so
7ff4d5b2a000-7ff4d5b2b000 r--p 0014c000 103:06 3673997                   /lib/x86_64-linux-gnu/libm-2.31.so
7ff4d5b2b000-7ff4d5b2c000 rw-p 0014d000 103:06 3673997                   /lib/x86_64-linux-gnu/libm-2.31.so
7ff4d5b2c000-7ff4d5bc2000 r--p 00000000 103:06 2883678                   /usr/lib/x86_64-linux-gnu/libstdc++.so.6.0.28
7ff4d5bc2000-7ff4d5cb3000 r-xp 00096000 103:06 2883678                   /usr/lib/x86_64-linux-gnu/libstdc++.so.6.0.28
7ff4d5cb3000-7ff4d5cfc000 r--p 00187000 103:06 2883678                   /usr/lib/x86_64-linux-gnu/libstdc++.so.6.0.28
7ff4d5cfc000-7ff4d5cfd000 ---p 001d0000 103:06 2883678                   /usr/lib/x86_64-linux-gnu/libstdc++.so.6.0.28
7ff4d5cfd000-7ff4d5d08000 r--p 001d0000 103:06 2883678                   /usr/lib/x86_64-linux-gnu/libstdc++.so.6.0.28
7ff4d5d08000-7ff4d5d0b000 rw-p 001db000 103:06 2883678                   /usr/lib/x86_64-linux-gnu/libstdc++.so.6.0.28
7ff4d5d0b000-7ff4d5d0e000 rw-p 00000000 00:00 0 
7ff4d5d0e000-7ff4d5f8f000 r--p 00000000 103:06 3803217                   /usr/lib/jvm/java-11-openjdk-amd64/lib/server/libjvm.so
7ff4d5f8f000-7ff4d6c0f000 r-xp 00281000 103:06 3803217                   /usr/lib/jvm/java-11-openjdk-amd64/lib/server/libjvm.so
7ff4d6c0f000-7ff4d6e6a000 r--p 00f01000 103:06 3803217                   /usr/lib/jvm/java-11-openjdk-amd64/lib/server/libjvm.so
7ff4d6e6a000-7ff4d6f2e000 r--p 0115b000 103:06 3803217                   /usr/lib/jvm/java-11-openjdk-amd64/lib/server/libjvm.so
7ff4d6f2e000-7ff4d6f69000 rw-p 0121f000 103:06 3803217                   /usr/lib/jvm/java-11-openjdk-amd64/lib/server/libjvm.so
7ff4d6f69000-7ff4d6fc2000 rw-p 00000000 00:00 0 
7ff4d6fc2000-7ff4d6fc9000 r--p 00000000 103:06 3674039                   /lib/x86_64-linux-gnu/libpthread-2.31.so
7ff4d6fc9000-7ff4d6fda000 r-xp 00007000 103:06 3674039                   /lib/x86_64-linux-gnu/libpthread-2.31.so
7ff4d6fda000-7ff4d6fdf000 r--p 00018000 103:06 3674039                   /lib/x86_64-linux-gnu/libpthread-2.31.so
7ff4d6fdf000-7ff4d6fe0000 r--p 0001c000 103:06 3674039                   /lib/x86_64-linux-gnu/libpthread-2.31.so
7ff4d6fe0000-7ff4d6fe1000 rw-p 0001d000 103:06 3674039                   /lib/x86_64-linux-gnu/libpthread-2.31.so
7ff4d6fe1000-7ff4d6fe5000 rw-p 00000000 00:00 0 
7ff4d6fe5000-7ff4d6fe6000 r--p 00000000 103:06 3673993                   /lib/x86_64-linux-gnu/libdl-2.31.so
7ff4d6fe6000-7ff4d6fe8000 r-xp 00001000 103:06 3673993                   /lib/x86_64-linux-gnu/libdl-2.31.so
7ff4d6fe8000-7ff4d6fe9000 r--p 00003000 103:06 3673993                   /lib/x86_64-linux-gnu/libdl-2.31.so
7ff4d6fe9000-7ff4d6fea000 r--p 00003000 103:06 3673993                   /lib/x86_64-linux-gnu/libdl-2.31.so
7ff4d6fea000-7ff4d6feb000 rw-p 00004000 103:06 3673993                   /lib/x86_64-linux-gnu/libdl-2.31.so
7ff4d6feb000-7ff4d6fed000 r--p 00000000 103:06 3672661                   /lib/x86_64-linux-gnu/libz.so.1.2.11
7ff4d6fed000-7ff4d6ffe000 r-xp 00002000 103:06 3672661                   /lib/x86_64-linux-gnu/libz.so.1.2.11
7ff4d6ffe000-7ff4d7004000 r--p 00013000 103:06 3672661                   /lib/x86_64-linux-gnu/libz.so.1.2.11
7ff4d7004000-7ff4d7005000 ---p 00019000 103:06 3672661                   /lib/x86_64-linux-gnu/libz.so.1.2.11
7ff4d7005000-7ff4d7006000 r--p 00019000 103:06 3672661                   /lib/x86_64-linux-gnu/libz.so.1.2.11
7ff4d7006000-7ff4d7007000 rw-p 0001a000 103:06 3672661                   /lib/x86_64-linux-gnu/libz.so.1.2.11
7ff4d7007000-7ff4d702c000 r--p 00000000 103:06 3673989                   /lib/x86_64-linux-gnu/libc-2.31.so
7ff4d702c000-7ff4d71a4000 r-xp 00025000 103:06 3673989                   /lib/x86_64-linux-gnu/libc-2.31.so
7ff4d71a4000-7ff4d71ee000 r--p 0019d000 103:06 3673989                   /lib/x86_64-linux-gnu/libc-2.31.so
7ff4d71ee000-7ff4d71ef000 ---p 001e7000 103:06 3673989                   /lib/x86_64-linux-gnu/libc-2.31.so
7ff4d71ef000-7ff4d71f2000 r--p 001e7000 103:06 3673989                   /lib/x86_64-linux-gnu/libc-2.31.so
7ff4d71f2000-7ff4d71f5000 rw-p 001ea000 103:06 3673989                   /lib/x86_64-linux-gnu/libc-2.31.so
7ff4d71f5000-7ff4d71f9000 rw-p 00000000 00:00 0 
7ff4d71fa000-7ff4d71fc000 r--p 00000000 103:06 2981045                   /usr/lib/jvm/java-11-openjdk-amd64/lib/libjimage.so
7ff4d71fc000-7ff4d71ff000 r-xp 00002000 103:06 2981045                   /usr/lib/jvm/java-11-openjdk-amd64/lib/libjimage.so
7ff4d71ff000-7ff4d7200000 r--p 00005000 103:06 2981045                   /usr/lib/jvm/java-11-openjdk-amd64/lib/libjimage.so
7ff4d7200000-7ff4d7201000 ---p 00006000 103:06 2981045                   /usr/lib/jvm/java-11-openjdk-amd64/lib/libjimage.so
7ff4d7201000-7ff4d7202000 r--p 00006000 103:06 2981045                   /usr/lib/jvm/java-11-openjdk-amd64/lib/libjimage.so
7ff4d7202000-7ff4d7203000 rw-p 00007000 103:06 2981045                   /usr/lib/jvm/java-11-openjdk-amd64/lib/libjimage.so
7ff4d7203000-7ff4d7208000 r--p 00000000 103:06 2981061                   /usr/lib/jvm/java-11-openjdk-amd64/lib/libverify.so
7ff4d7208000-7ff4d720f000 r-xp 00005000 103:06 2981061                   /usr/lib/jvm/java-11-openjdk-amd64/lib/libverify.so
7ff4d720f000-7ff4d7211000 r--p 0000c000 103:06 2981061                   /usr/lib/jvm/java-11-openjdk-amd64/lib/libverify.so
7ff4d7211000-7ff4d7212000 ---p 0000e000 103:06 2981061                   /usr/lib/jvm/java-11-openjdk-amd64/lib/libverify.so
7ff4d7212000-7ff4d7214000 r--p 0000e000 103:06 2981061                   /usr/lib/jvm/java-11-openjdk-amd64/lib/libverify.so
7ff4d7214000-7ff4d7215000 rw-p 00010000 103:06 2981061                   /usr/lib/jvm/java-11-openjdk-amd64/lib/libverify.so
7ff4d7215000-7ff4d7218000 r--p 00000000 103:06 3710597                   /usr/lib/jvm/java-11-openjdk-amd64/lib/jli/libjli.so
7ff4d7218000-7ff4d7222000 r-xp 00003000 103:06 3710597                   /usr/lib/jvm/java-11-openjdk-amd64/lib/jli/libjli.so
7ff4d7222000-7ff4d7225000 r--p 0000d000 103:06 3710597                   /usr/lib/jvm/java-11-openjdk-amd64/lib/jli/libjli.so
7ff4d7225000-7ff4d7226000 ---p 00010000 103:06 3710597                   /usr/lib/jvm/java-11-openjdk-amd64/lib/jli/libjli.so
7ff4d7226000-7ff4d7227000 r--p 00010000 103:06 3710597                   /usr/lib/jvm/java-11-openjdk-amd64/lib/jli/libjli.so
7ff4d7227000-7ff4d7228000 rw-p 00011000 103:06 3710597                   /usr/lib/jvm/java-11-openjdk-amd64/lib/jli/libjli.so
7ff4d7228000-7ff4d722a000 rw-p 00000000 00:00 0 
7ff4d722a000-7ff4d722b000 r--p 00000000 103:06 3673973                   /lib/x86_64-linux-gnu/ld-2.31.so
7ff4d722b000-7ff4d724e000 r-xp 00001000 103:06 3673973                   /lib/x86_64-linux-gnu/ld-2.31.so
7ff4d724e000-7ff4d7256000 r--p 00024000 103:06 3673973                   /lib/x86_64-linux-gnu/ld-2.31.so
7ff4d7257000-7ff4d7258000 r--p 0002c000 103:06 3673973                   /lib/x86_64-linux-gnu/ld-2.31.so
7ff4d7258000-7ff4d7259000 rw-p 0002d000 103:06 3673973                   /lib/x86_64-linux-gnu/ld-2.31.so
7ff4d7259000-7ff4d725a000 rw-p 00000000 00:00 0 
7ffe8a31c000-7ffe8a33e000 rw-p 00000000 00:00 0                          [stack]
7ffe8a376000-7ffe8a379000 r--p 00000000 00:00 0                          [vvar]
7ffe8a379000-7ffe8a37a000 r-xp 00000000 00:00 0                          [vdso]
ffffffffff600000-ffffffffff601000 --xp 00000000 00:00 0                  [vsyscall]


VM Arguments:
jvm_args: -Dmaven.home=/home/artur/Desktop/3ano/IES/medical-management-system/Project -Dmaven.multiModuleProjectDirectory=/home/artur/Desktop/3ano/IES/medical-management-system/Project/medmanagesystem 
java_command: org.apache.maven.wrapper.MavenWrapperMain spring-boot:run
java_class_path (initial): /home/artur/Desktop/3ano/IES/medical-management-system/Project/medmanagesystem/.mvn/wrapper/maven-wrapper.jar
Launcher Type: SUN_STANDARD

[Global flags]
     intx CICompilerCount                          = 4                                         {product} {ergonomic}
     uint ConcGCThreads                            = 3                                         {product} {ergonomic}
     uint G1ConcRefinementThreads                  = 10                                        {product} {ergonomic}
   size_t G1HeapRegionSize                         = 1048576                                   {product} {ergonomic}
    uintx GCDrainStackTargetSize                   = 64                                        {product} {ergonomic}
   size_t InitialHeapSize                          = 260046848                                 {product} {ergonomic}
   size_t MarkStackSize                            = 4194304                                   {product} {ergonomic}
   size_t MaxHeapSize                              = 4156555264                                {product} {ergonomic}
   size_t MaxNewSize                               = 2493513728                                {product} {ergonomic}
   size_t MinHeapDeltaBytes                        = 1048576                                   {product} {ergonomic}
    uintx NonNMethodCodeHeapSize                   = 5836300                                {pd product} {ergonomic}
    uintx NonProfiledCodeHeapSize                  = 122910970                              {pd product} {ergonomic}
    uintx ProfiledCodeHeapSize                     = 122910970                              {pd product} {ergonomic}
    uintx ReservedCodeCacheSize                    = 251658240                              {pd product} {ergonomic}
     bool SegmentedCodeCache                       = true                                      {product} {ergonomic}
     bool UseCompressedClassPointers               = true                                 {lp64_product} {ergonomic}
     bool UseCompressedOops                        = true                                 {lp64_product} {ergonomic}
     bool UseG1GC                                  = true                                      {product} {ergonomic}

Logging:
Log output configuration:
 #0: stdout all=warning uptime,level,tags
 #1: stderr all=off uptime,level,tags

Environment Variables:
JAVA_HOME=/usr/lib/jvm/java-11-openjdk-amd64
CLASSPATH=.:/usr/local/lib/antlr-4.9.2-complete.jar:/usr/local/lib/ST-4.3.1.jar:
PATH=/home/artur/.nvm/versions/node/v14.17.0/bin:/home/artur/.local/bin:/usr/local/sbin:/usr/local/bin:/usr/sbin:/usr/bin:/sbin:/bin:/usr/games:/usr/local/games:/snap/bin:/usr/lib/jvm/java-16-oracle/bin:/usr/lib/jvm/java-16-oracle/db/bin:/opt/bin:.:
USERNAME=artur
SHELL=/bin/bash
DISPLAY=:0
LANG=en_US.UTF-8
LC_CTYPE=pt_PT.UTF-8

Signal Handlers:
SIGSEGV: [libjvm.so+0xe8e8d0], sa_mask[0]=11111111011111111101111111111110, sa_flags=SA_RESTART|SA_SIGINFO
SIGBUS: [libjvm.so+0xe8e8d0], sa_mask[0]=11111111011111111101111111111110, sa_flags=SA_RESTART|SA_SIGINFO
SIGFPE: [libjvm.so+0xe8e8d0], sa_mask[0]=11111111011111111101111111111110, sa_flags=SA_RESTART|SA_SIGINFO
SIGPIPE: [libjvm.so+0xbd6910], sa_mask[0]=11111111011111111101111111111110, sa_flags=SA_RESTART|SA_SIGINFO
SIGXFSZ: [libjvm.so+0xbd6910], sa_mask[0]=11111111011111111101111111111110, sa_flags=SA_RESTART|SA_SIGINFO
SIGILL: [libjvm.so+0xe8e8d0], sa_mask[0]=11111111011111111101111111111110, sa_flags=SA_RESTART|SA_SIGINFO
SIGUSR2: [libjvm.so+0xbd67b0], sa_mask[0]=00000000000000000000000000000000, sa_flags=SA_RESTART|SA_SIGINFO
SIGHUP: [libjvm.so+0xbd6c50], sa_mask[0]=11111111011111111101111111111110, sa_flags=SA_RESTART|SA_SIGINFO
SIGINT: [libjvm.so+0xbd6c50], sa_mask[0]=11111111011111111101111111111110, sa_flags=SA_RESTART|SA_SIGINFO
SIGTERM: [libjvm.so+0xbd6c50], sa_mask[0]=11111111011111111101111111111110, sa_flags=SA_RESTART|SA_SIGINFO
SIGQUIT: [libjvm.so+0xbd6c50], sa_mask[0]=11111111011111111101111111111110, sa_flags=SA_RESTART|SA_SIGINFO


---------------  S Y S T E M  ---------------

OS:DISTRIB_ID=Ubuntu
DISTRIB_RELEASE=20.04
DISTRIB_CODENAME=focal
DISTRIB_DESCRIPTION="Ubuntu 20.04.3 LTS"
uname:Linux 5.4.0-94-generic #106-Ubuntu SMP Thu Jan 6 23:58:14 UTC 2022 x86_64
OS uptime: 0 days 8:34 hours
libc:glibc 2.31 NPTL 2.31 
rlimit (soft/hard): STACK 8192k/infinity , CORE 0k/infinity , NPROC 63160/63160 , NOFILE 1048576/1048576 , AS infinity/infinity , CPU infinity/infinity , DATA infinity/infinity , FSIZE infinity/infinity , MEMLOCK 65536k/65536k
load average:1,58 2,05 1,80

/proc/meminfo:
MemTotal:       16231516 kB
MemFree:         2049564 kB
MemAvailable:    6508488 kB
Buffers:          873856 kB
Cached:          4364936 kB
SwapCached:         2516 kB
Active:         10346152 kB
Inactive:        2689764 kB
Active(anon):    7202296 kB
Inactive(anon):  1390244 kB
Active(file):    3143856 kB
Inactive(file):  1299520 kB
Unevictable:      240888 kB
Mlocked:             128 kB
SwapTotal:       2097148 kB
SwapFree:        2077180 kB
Dirty:               152 kB
Writeback:             0 kB
AnonPages:       8036480 kB
Mapped:          1905860 kB
Shmem:            797664 kB
KReclaimable:     357596 kB
Slab:             635256 kB
SReclaimable:     357596 kB
SUnreclaim:       277660 kB
KernelStack:       31392 kB
PageTables:        84208 kB
NFS_Unstable:          0 kB
Bounce:                0 kB
WritebackTmp:          0 kB
CommitLimit:    10212904 kB
Committed_AS:   27105744 kB
VmallocTotal:   34359738367 kB
VmallocUsed:       66700 kB
VmallocChunk:          0 kB
Percpu:            19072 kB
HardwareCorrupted:     0 kB
AnonHugePages:         0 kB
ShmemHugePages:        0 kB
ShmemPmdMapped:        0 kB
FileHugePages:         0 kB
FilePmdMapped:         0 kB
CmaTotal:              0 kB
CmaFree:               0 kB
HugePages_Total:       0
HugePages_Free:        0
HugePages_Rsvd:        0
HugePages_Surp:        0
Hugepagesize:       2048 kB
Hugetlb:               0 kB
DirectMap4k:      676448 kB
DirectMap2M:    12795904 kB
DirectMap1G:     3145728 kB

/sys/kernel/mm/transparent_hugepage/enabled:
always [madvise] never
/sys/kernel/mm/transparent_hugepage/defrag (defrag/compaction efforts parameter):
always defer defer+madvise [madvise] never

Process Memory:
Virtual Size: 7438468K (peak: 15579060K)
Resident Set Size: 375600K (peak: 375600K) (anon: 338944K, file: 36656K, shmem: 0K)
Swapped out: 0K
C-Heap outstanding allocations: 54672K

/proc/sys/kernel/threads-max (system-wide limit on the number of threads):
126320
/proc/sys/vm/max_map_count (maximum number of memory map areas a process may have):
1048575
/proc/sys/kernel/pid_max (system-wide limit on number of process identifiers):
4194304

container (cgroup) information:
container_type: cgroupv1
cpu_cpuset_cpus: 0-11
cpu_memory_nodes: 0
active_processor_count: 12
cpu_quota: -1
cpu_period: 100000
cpu_shares: -1
memory_limit_in_bytes: -1
memory_and_swap_limit_in_bytes: -2
memory_soft_limit_in_bytes: -1
memory_usage_in_bytes: 10930339840
memory_max_usage_in_bytes: 12891639808

Steal ticks since vm start: 0
Steal ticks percentage since vm start:  0,000

CPU:total 12 (initial active 12) (6 cores per cpu, 2 threads per core) family 6 model 158 stepping 13 microcode 0xea, cmov, cx8, fxsr, mmx, sse, sse2, sse3, ssse3, sse4.1, sse4.2, popcnt, avx, avx2, aes, clmul, erms, 3dnowpref, lzcnt, ht, tsc, tscinvbit, bmi1, bmi2, adx, fma
CPU Model and flags from /proc/cpuinfo:
model name	: Intel(R) Core(TM) i7-9750H CPU @ 2.60GHz
flags		: fpu vme de pse tsc msr pae mce cx8 apic sep mtrr pge mca cmov pat pse36 clflush dts acpi mmx fxsr sse sse2 ss ht tm pbe syscall nx pdpe1gb rdtscp lm constant_tsc art arch_perfmon pebs bts rep_good nopl xtopology nonstop_tsc cpuid aperfmperf pni pclmulqdq dtes64 monitor ds_cpl vmx est tm2 ssse3 sdbg fma cx16 xtpr pdcm pcid sse4_1 sse4_2 x2apic movbe popcnt tsc_deadline_timer aes xsave avx f16c rdrand lahf_lm abm 3dnowprefetch cpuid_fault epb invpcid_single ssbd ibrs ibpb stibp ibrs_enhanced tpr_shadow vnmi flexpriority ept vpid ept_ad fsgsbase tsc_adjust bmi1 avx2 smep bmi2 erms invpcid mpx rdseed adx smap clflushopt intel_pt xsaveopt xsavec xgetbv1 xsaves dtherm ida arat pln pts hwp hwp_notify hwp_act_window hwp_epp md_clear flush_l1d arch_capabilities
Online cpus:
0-11
Offline cpus:

BIOS frequency limitation:
<Not Available>
Frequency switch latency (ns):
0
Available cpu frequencies:
<Not Available>
Current governor:
powersave
Core performance/turbo boost:
<Not Available>

Memory: 4k page, physical 16231516k(2049564k free), swap 2097148k(2077180k free)

vm_info: OpenJDK 64-Bit Server VM (11.0.13+8-Ubuntu-0ubuntu1.20.04) for linux-amd64 JRE (11.0.13+8-Ubuntu-0ubuntu1.20.04), built on Oct 29 2021 09:11:30 by "unknown" with gcc 9.3.0

END.
