#
# A fatal error has been detected by the Java Runtime Environment:
#
#  SIGSEGV (0xb) at pc=0x00007f552ba50980, pid=87699, tid=87726
#
# JRE version: OpenJDK Runtime Environment (11.0.13+8) (build 11.0.13+8-Ubuntu-0ubuntu1.20.04)
# Java VM: OpenJDK 64-Bit Server VM (11.0.13+8-Ubuntu-0ubuntu1.20.04, mixed mode, sharing, tiered, compressed oops, g1 gc, linux-amd64)
# Problematic frame:
# V  [libjvm.so+0x126d980]
#
# Core dump will be written. Default location: Core dumps may be processed with "/usr/share/apport/apport %p %s %c %d %P %E" (or dumping to /home/artur/Desktop/3ano/IES/medical-management-system/Project/medmanagesystem/core.87699)
#
# If you would like to submit a bug report, please visit:
#   https://bugs.launchpad.net/ubuntu/+source/openjdk-lts
#

---------------  S U M M A R Y ------------

Command Line: -Dmaven.home=/home/artur/Desktop/3ano/IES/medical-management-system/Project -Dmaven.multiModuleProjectDirectory=/home/artur/Desktop/3ano/IES/medical-management-system/Project/medmanagesystem org.apache.maven.wrapper.MavenWrapperMain spring-boot:run

Host: Intel(R) Core(TM) i7-9750H CPU @ 2.60GHz, 12 cores, 15G, Ubuntu 20.04.3 LTS
Time: Tue Jan 18 02:10:19 2022 WET elapsed time: 2.774653 seconds (0d 0h 0m 2s)

---------------  T H R E A D  ---------------

Current thread (0x00007f54ec002800):  GCTaskThread "GC Thread#2" [stack: 0x00007f54c7bfc000,0x00007f54c7cfc000] [id=87726]

Stack: [0x00007f54c7bfc000,0x00007f54c7cfc000],  sp=0x00007f54c7cfa978,  free space=1018k
Native frames: (J=compiled Java code, A=aot compiled Java code, j=interpreted, Vv=VM code, C=native code)
V  [libjvm.so+0x126d980]
V  [libjvm.so+0x78be7b]
V  [libjvm.so+0x79f20d]
V  [libjvm.so+0x6ff26f]
V  [libjvm.so+0x742cc2]
V  [libjvm.so+0x79a32f]
V  [libjvm.so+0x79a4a0]
V  [libjvm.so+0x753102]
V  [libjvm.so+0xeba7cd]
V  [libjvm.so+0xe21850]
V  [libjvm.so+0xbe0406]


siginfo: si_signo: 11 (SIGSEGV), si_code: 2 (SEGV_ACCERR), si_addr: 0x00007f552ba50980

Register to memory mapping:

RAX=0x00007f552ba50a00: <offset 0x000000000126da00> in /usr/lib/jvm/java-11-openjdk-amd64/lib/server/libjvm.so at 0x00007f552a7e3000
RBX=0x000000000000052a is an unknown value
RCX=0x0000000000000008 is an unknown value
RDX=0x00000008003b6040 is pointing into metadata
RSP=0x00007f54c7cfa978 points into unknown readable memory: 0x00007f552af71423 | 23 14 f7 2a 55 7f 00 00
RBP=0x00007f54c7cfaa00 points into unknown readable memory: 0x00007f54c7cfaa90 | 90 aa cf c7 54 7f 00 00
RSI=0x0000000709184d38 points into unknown readable memory: 0x0000000000000009 | 09 00 00 00 00 00 00 00
RDI=0x00007f54ac004d00 points into unknown readable memory: 0x00007f552b94c0f0 | f0 c0 94 2b 55 7f 00 00
R8 =0x0000000800000000 is pointing into metadata
R9 =0x0000000709184d38 points into unknown readable memory: 0x0000000000000009 | 09 00 00 00 00 00 00 00
R10=0x0000000000000009 is an unknown value
R11=0x0000000000000002 is an unknown value
R12=0x000000070f7a12b8 points into unknown readable memory: 0x0000000709184d3b | 3b 4d 18 09 07 00 00 00
R13=0x00007f54ac004b90 points into unknown readable memory: 0x00007f552b94c130 | 30 c1 94 2b 55 7f 00 00
R14=0x00007f54ac004d00 points into unknown readable memory: 0x00007f552b94c0f0 | f0 c0 94 2b 55 7f 00 00
R15=0x0000000000000001 is an unknown value


Registers:
RAX=0x00007f552ba50a00, RBX=0x000000000000052a, RCX=0x0000000000000008, RDX=0x00000008003b6040
RSP=0x00007f54c7cfa978, RBP=0x00007f54c7cfaa00, RSI=0x0000000709184d38, RDI=0x00007f54ac004d00
R8 =0x0000000800000000, R9 =0x0000000709184d38, R10=0x0000000000000009, R11=0x0000000000000002
R12=0x000000070f7a12b8, R13=0x00007f54ac004b90, R14=0x00007f54ac004d00, R15=0x0000000000000001
RIP=0x00007f552ba50980, EFLAGS=0x0000000000010202, CSGSFS=0x002b000000000033, ERR=0x0000000000000015
  TRAPNO=0x000000000000000e

Top of Stack: (sp=0x00007f54c7cfa978)
0x00007f54c7cfa978:   00007f552af71423 00007f54c7cfa9a0
0x00007f54c7cfa988:   00007ffdfc5d1918 00007f54c7cfa9d0
0x00007f54c7cfa998:   00007f552ba4fd80 0000000000000009
0x00007f54c7cfa9a8:   00007f552bbbc202 00007f5400000000 

Instructions: (pc=0x00007f552ba50980)
0x00007f552ba50880:   00 07 a5 2b 55 7f 00 00 02 00 00 00 00 00 00 00
0x00007f552ba50890:   2a 00 00 00 2f 00 00 00 00 00 00 00 00 00 00 00
0x00007f552ba508a0:   00 00 00 00 00 00 00 00 00 00 00 00 00 00 00 00
0x00007f552ba508b0:   00 00 00 00 00 00 00 00 00 00 00 00 00 00 00 00
0x00007f552ba508c0:   00 00 00 00 00 00 00 00 a0 58 0a ec 22 56 00 00
0x00007f552ba508d0:   a0 58 0a ec 22 56 00 00 00 00 00 00 00 00 00 00
0x00007f552ba508e0:   04 0c 00 00 00 00 00 00 00 ce f6 2a 55 7f 00 00
0x00007f552ba508f0:   01 00 00 00 00 00 00 00 00 00 00 00 00 00 00 00
0x00007f552ba50900:   80 08 a5 2b 55 7f 00 00 02 00 00 00 00 00 00 00
0x00007f552ba50910:   2a 00 00 00 45 00 00 00 00 00 00 00 00 00 00 00
0x00007f552ba50920:   00 00 00 00 00 00 00 00 00 00 00 00 00 00 00 00
0x00007f552ba50930:   00 00 00 00 00 00 00 00 00 00 00 00 00 00 00 00
0x00007f552ba50940:   00 00 00 00 00 00 00 00 c0 58 0a ec 22 56 00 00
0x00007f552ba50950:   c0 58 0a ec 22 56 00 00 00 00 00 00 00 00 00 00
0x00007f552ba50960:   04 0c 00 00 00 00 00 00 c0 d4 f6 2a 55 7f 00 00
0x00007f552ba50970:   01 00 00 00 00 00 00 00 00 00 00 00 00 00 00 00
0x00007f552ba50980:   00 09 a5 2b 55 7f 00 00 03 00 00 00 00 00 00 00
0x00007f552ba50990:   2a 00 00 00 03 00 00 00 71 00 00 00 00 00 00 00
0x00007f552ba509a0:   00 00 00 00 00 00 00 00 00 00 00 00 00 00 00 00
0x00007f552ba509b0:   00 00 00 00 00 00 00 00 00 00 00 00 00 00 00 00
0x00007f552ba509c0:   00 00 00 00 00 00 00 00 e0 58 0a ec 22 56 00 00
0x00007f552ba509d0:   e0 58 0a ec 22 56 00 00 00 00 00 00 00 00 00 00
0x00007f552ba509e0:   04 0c 00 00 00 00 00 00 10 e3 f6 2a 55 7f 00 00
0x00007f552ba509f0:   01 00 00 00 00 00 00 00 00 00 00 00 00 00 00 00
0x00007f552ba50a00:   40 2f f7 2a 55 7f 00 00 d0 53 f7 2a 55 7f 00 00
0x00007f552ba50a10:   70 3b f7 2a 55 7f 00 00 e0 29 f7 2a 55 7f 00 00
0x00007f552ba50a20:   40 27 f7 2a 55 7f 00 00 10 39 f7 2a 55 7f 00 00
0x00007f552ba50a30:   01 00 00 00 00 00 00 00 00 00 00 00 00 00 00 00
0x00007f552ba50a40:   80 09 a5 2b 55 7f 00 00 03 00 00 00 00 00 00 00
0x00007f552ba50a50:   2a 00 00 00 23 00 00 00 2f 00 00 00 00 00 00 00
0x00007f552ba50a60:   00 00 00 00 00 00 00 00 00 00 00 00 00 00 00 00
0x00007f552ba50a70:   00 00 00 00 00 00 00 00 00 00 00 00 00 00 00 00 


Stack slot to memory mapping:
stack at sp + 0 slots: 0x00007f552af71423: <offset 0x000000000078e423> in /usr/lib/jvm/java-11-openjdk-amd64/lib/server/libjvm.so at 0x00007f552a7e3000
stack at sp + 1 slots: 0x00007f54c7cfa9a0 points into unknown readable memory: 0x0000000000000009 | 09 00 00 00 00 00 00 00
stack at sp + 2 slots: 0x00007ffdfc5d1918: clock_gettime+0x0000000000000038 in linux-vdso.so.1 at 0x00007ffdfc5d1000
stack at sp + 3 slots: 0x00007f54c7cfa9d0 points into unknown readable memory: 0x0000000000005435 | 35 54 00 00 00 00 00 00
stack at sp + 4 slots: 0x00007f552ba4fd80: <offset 0x000000000126cd80> in /usr/lib/jvm/java-11-openjdk-amd64/lib/server/libjvm.so at 0x00007f552a7e3000
stack at sp + 5 slots: 0x0000000000000009 is an unknown value
stack at sp + 6 slots: 0x00007f552bbbc202: clock_getres+0x0000000000000072 in /lib/x86_64-linux-gnu/libc.so.6 at 0x00007f552badc000
stack at sp + 7 slots: 0x00007f5400000000 is an unknown value


---------------  P R O C E S S  ---------------

Threads class SMR info:
_java_thread_list=0x00007f54bc006810, length=11, elements={
0x00007f5524017800, 0x00007f55241d7800, 0x00007f55241d9800, 0x00007f55241e0000,
0x00007f55241e2000, 0x00007f55241e4000, 0x00007f55241e6000, 0x00007f55241e8000,
0x00007f5524223800, 0x00007f54d427e800, 0x00007f54bc005000
}

Java Threads: ( => current thread )
  0x00007f5524017800 JavaThread "main" [_thread_blocked, id=87707, stack(0x00007f552a396000,0x00007f552a497000)]
  0x00007f55241d7800 JavaThread "Reference Handler" daemon [_thread_blocked, id=87714, stack(0x00007f54f9075000,0x00007f54f9176000)]
  0x00007f55241d9800 JavaThread "Finalizer" daemon [_thread_blocked, id=87715, stack(0x00007f54f8f74000,0x00007f54f9075000)]
  0x00007f55241e0000 JavaThread "Signal Dispatcher" daemon [_thread_blocked, id=87716, stack(0x00007f54f8902000,0x00007f54f8a03000)]
  0x00007f55241e2000 JavaThread "Service Thread" daemon [_thread_blocked, id=87717, stack(0x00007f54f8801000,0x00007f54f8902000)]
  0x00007f55241e4000 JavaThread "C2 CompilerThread0" daemon [_thread_blocked, id=87718, stack(0x00007f54f8700000,0x00007f54f8801000)]
  0x00007f55241e6000 JavaThread "C1 CompilerThread0" daemon [_thread_blocked, id=87719, stack(0x00007f54f85ff000,0x00007f54f8700000)]
  0x00007f55241e8000 JavaThread "Sweeper thread" daemon [_thread_blocked, id=87720, stack(0x00007f54f84fe000,0x00007f54f85ff000)]
  0x00007f5524223800 JavaThread "Common-Cleaner" daemon [_thread_blocked, id=87722, stack(0x00007f54f82fb000,0x00007f54f83fc000)]
  0x00007f54d427e800 JavaThread "C2 CompilerThread1" daemon [_thread_blocked, id=87723, stack(0x00007f54c7eff000,0x00007f54c8000000)]
  0x00007f54bc005000 JavaThread "C2 CompilerThread2" daemon [_thread_in_native, id=87724, stack(0x00007f54c7dfe000,0x00007f54c7eff000)]

Other Threads:
  0x00007f55241d4800 VMThread "VM Thread" [stack: 0x00007f54f9178000,0x00007f54f9278000] [id=87713]
  0x00007f5524221000 WatcherThread [stack: 0x00007f54f83fe000,0x00007f54f84fe000] [id=87721]
  0x00007f5524030800 GCTaskThread "GC Thread#0" [stack: 0x00007f552a011000,0x00007f552a111000] [id=87708]
  0x00007f54ec001000 GCTaskThread "GC Thread#1" [stack: 0x00007f54c7cfe000,0x00007f54c7dfe000] [id=87725]
=>0x00007f54ec002800 GCTaskThread "GC Thread#2" [stack: 0x00007f54c7bfc000,0x00007f54c7cfc000] [id=87726]
  0x00007f54ec004000 GCTaskThread "GC Thread#3" [stack: 0x00007f54c7afa000,0x00007f54c7bfa000] [id=87727]
  0x00007f54ec005800 GCTaskThread "GC Thread#4" [stack: 0x00007f54c79f8000,0x00007f54c7af8000] [id=87728]
  0x00007f54ec007000 GCTaskThread "GC Thread#5" [stack: 0x00007f54c78f6000,0x00007f54c79f6000] [id=87729]
  0x00007f552408e800 ConcurrentGCThread "G1 Main Marker" [stack: 0x00007f5528489000,0x00007f5528589000] [id=87709]
  0x00007f5524090000 ConcurrentGCThread "G1 Conc#0" [stack: 0x00007f5528387000,0x00007f5528487000] [id=87710]
  0x00007f54fc001000 ConcurrentGCThread "G1 Conc#1" [stack: 0x00007f54c6bf4000,0x00007f54c6cf4000] [id=87731]
  0x00007f54fc002800 ConcurrentGCThread "G1 Conc#2" [stack: 0x00007f54c6af2000,0x00007f54c6bf2000] [id=87732]
  0x00007f5524196800 ConcurrentGCThread "G1 Refine#0" [stack: 0x00007f54f9bfd000,0x00007f54f9cfd000] [id=87711]
  0x00007f54f0001000 ConcurrentGCThread "G1 Refine#1" [stack: 0x00007f54c65f0000,0x00007f54c66f0000] [id=87735]
  0x00007f5494001000 ConcurrentGCThread "G1 Refine#2" [stack: 0x00007f54c64ee000,0x00007f54c65ee000] [id=87736]
  0x00007f5498001000 ConcurrentGCThread "G1 Refine#3" [stack: 0x00007f54c63ec000,0x00007f54c64ec000] [id=87737]
  0x00007f548c001000 ConcurrentGCThread "G1 Refine#4" [stack: 0x00007f54c62ea000,0x00007f54c63ea000] [id=87738]
  0x00007f5490001000 ConcurrentGCThread "G1 Refine#5" [stack: 0x00007f54c61e8000,0x00007f54c62e8000] [id=87739]
  0x00007f5524198800 ConcurrentGCThread "G1 Young RemSet Sampling" [stack: 0x00007f54f9afb000,0x00007f54f9bfb000] [id=87712]

Threads with active compile tasks:
C2 CompilerThread0   2780 6155       4       com.sun.tools.javac.jvm.Pool::put (170 bytes)
C2 CompilerThread1   2780 6156       4       com.sun.tools.javac.jvm.Pool::makePoolValue (111 bytes)
C2 CompilerThread2   2780 6013       4       com.sun.tools.javac.code.Types::capture (556 bytes)

VM state:at safepoint (normal execution)

VM Mutex/Monitor currently owned by a thread:  ([mutex/lock_event])
[0x00007f5524013690] Threads_lock - owner thread: 0x00007f55241d4800
[0x00007f5524013e70] Heap_lock - owner thread: 0x00007f5524017800

Heap address: 0x0000000708400000, size: 3964 MB, Compressed Oops mode: Zero based, Oop shift amount: 3
Narrow klass base: 0x0000000800000000, Narrow klass shift: 3
Compressed class space size: 1073741824 Address: 0x0000000840000000

Heap:
 garbage-first heap   total 256000K, used 74993K [0x0000000708400000, 0x0000000800000000)
  region size 1024K, 34 young (34816K), 3 survivors (3072K)
 Metaspace       used 26229K, capacity 26940K, committed 27264K, reserved 1073152K
  class space    used 2838K, capacity 3083K, committed 3200K, reserved 1048576K
Heap Regions: E=young(eden), S=young(survivor), O=old, HS=humongous(starts), HC=humongous(continues), CS=collection set, F=free, A=archive, TAMS=top-at-mark-start (previous, next)
|   0|0x0000000708400000, 0x0000000708500000, 0x0000000708500000|100%| O|  |TAMS 0x0000000708500000, 0x0000000708400000| Untracked 
|   1|0x0000000708500000, 0x0000000708600000, 0x0000000708600000|100%|HS|  |TAMS 0x0000000708600000, 0x0000000708500000| Complete 
|   2|0x0000000708600000, 0x0000000708700000, 0x0000000708700000|100%|HS|  |TAMS 0x0000000708600000, 0x0000000708600000| Complete 
|   3|0x0000000708700000, 0x0000000708800000, 0x0000000708800000|100%|HS|  |TAMS 0x0000000708800000, 0x0000000708700000| Complete 
|   4|0x0000000708800000, 0x0000000708900000, 0x0000000708900000|100%|HS|  |TAMS 0x0000000708900000, 0x0000000708800000| Complete 
|   5|0x0000000708900000, 0x0000000708a00000, 0x0000000708a00000|100%| O|  |TAMS 0x0000000708a00000, 0x0000000708900000| Untracked 
|   6|0x0000000708a00000, 0x0000000708b00000, 0x0000000708b00000|100%| O|  |TAMS 0x0000000708b00000, 0x0000000708a00000| Untracked 
|   7|0x0000000708b00000, 0x0000000708c00000, 0x0000000708c00000|100%| O|  |TAMS 0x0000000708c00000, 0x0000000708b00000| Untracked 
|   8|0x0000000708c00000, 0x0000000708d00000, 0x0000000708d00000|100%| O|  |TAMS 0x0000000708d00000, 0x0000000708c00000| Untracked 
|   9|0x0000000708d00000, 0x0000000708e00000, 0x0000000708e00000|100%| O|  |TAMS 0x0000000708e00000, 0x0000000708d00000| Untracked 
|  10|0x0000000708e00000, 0x0000000708f00000, 0x0000000708f00000|100%| O|  |TAMS 0x0000000708f00000, 0x0000000708e00000| Untracked 
|  11|0x0000000708f00000, 0x0000000709000000, 0x0000000709000000|100%| O|  |TAMS 0x0000000708f94a00, 0x0000000708f00000| Untracked 
|  12|0x0000000709000000, 0x0000000709100000, 0x0000000709100000|100%| O|  |TAMS 0x0000000709000000, 0x0000000709000000| Untracked 
|  13|0x0000000709100000, 0x0000000709200000, 0x0000000709200000|100%| O|  |TAMS 0x0000000709100000, 0x0000000709100000| Untracked 
|  14|0x0000000709200000, 0x0000000709300000, 0x0000000709300000|100%| O|  |TAMS 0x0000000709200000, 0x0000000709200000| Untracked 
|  15|0x0000000709300000, 0x0000000709400000, 0x0000000709400000|100%| O|  |TAMS 0x0000000709300000, 0x0000000709300000| Untracked 
|  16|0x0000000709400000, 0x0000000709500000, 0x0000000709500000|100%| O|  |TAMS 0x0000000709400000, 0x0000000709400000| Untracked 
|  17|0x0000000709500000, 0x0000000709600000, 0x0000000709600000|100%| O|  |TAMS 0x0000000709500000, 0x0000000709500000| Untracked 
|  18|0x0000000709600000, 0x0000000709700000, 0x0000000709700000|100%| O|  |TAMS 0x0000000709600000, 0x0000000709600000| Untracked 
|  19|0x0000000709700000, 0x0000000709800000, 0x0000000709800000|100%| O|  |TAMS 0x0000000709700000, 0x0000000709700000| Untracked 
|  20|0x0000000709800000, 0x0000000709900000, 0x0000000709900000|100%| O|  |TAMS 0x0000000709800000, 0x0000000709800000| Untracked 
|  21|0x0000000709900000, 0x0000000709a00000, 0x0000000709a00000|100%| O|  |TAMS 0x0000000709900000, 0x0000000709900000| Untracked 
|  22|0x0000000709a00000, 0x0000000709b00000, 0x0000000709b00000|100%| O|  |TAMS 0x0000000709a00000, 0x0000000709a00000| Untracked 
|  23|0x0000000709b00000, 0x0000000709c00000, 0x0000000709c00000|100%| O|  |TAMS 0x0000000709b00000, 0x0000000709b00000| Untracked 
|  24|0x0000000709c00000, 0x0000000709d00000, 0x0000000709d00000|100%| O|  |TAMS 0x0000000709c00000, 0x0000000709c00000| Untracked 
|  25|0x0000000709d00000, 0x0000000709d00000, 0x0000000709e00000|  0%| O|  |TAMS 0x0000000709d00000, 0x0000000709d00000| Untracked 
|  26|0x0000000709e00000, 0x0000000709e00000, 0x0000000709f00000|  0%| F|  |TAMS 0x0000000709e00000, 0x0000000709e00000| Untracked 
|  27|0x0000000709f00000, 0x0000000709f00000, 0x000000070a000000|  0%| F|  |TAMS 0x0000000709f00000, 0x0000000709f00000| Untracked 
|  28|0x000000070a000000, 0x000000070a000000, 0x000000070a100000|  0%| F|  |TAMS 0x000000070a000000, 0x000000070a000000| Untracked 
|  29|0x000000070a100000, 0x000000070a100000, 0x000000070a200000|  0%| F|  |TAMS 0x000000070a100000, 0x000000070a100000| Untracked 
|  30|0x000000070a200000, 0x000000070a200000, 0x000000070a300000|  0%| F|  |TAMS 0x000000070a200000, 0x000000070a200000| Untracked 
|  31|0x000000070a300000, 0x000000070a300000, 0x000000070a400000|  0%| F|  |TAMS 0x000000070a300000, 0x000000070a300000| Untracked 
|  32|0x000000070a400000, 0x000000070a400000, 0x000000070a500000|  0%| F|  |TAMS 0x000000070a400000, 0x000000070a400000| Untracked 
|  33|0x000000070a500000, 0x000000070a500000, 0x000000070a600000|  0%| F|  |TAMS 0x000000070a500000, 0x000000070a500000| Untracked 
|  34|0x000000070a600000, 0x000000070a600000, 0x000000070a700000|  0%| F|  |TAMS 0x000000070a600000, 0x000000070a600000| Untracked 
|  35|0x000000070a700000, 0x000000070a700000, 0x000000070a800000|  0%| F|  |TAMS 0x000000070a700000, 0x000000070a700000| Untracked 
|  36|0x000000070a800000, 0x000000070a800000, 0x000000070a900000|  0%| F|  |TAMS 0x000000070a800000, 0x000000070a800000| Untracked 
|  37|0x000000070a900000, 0x000000070a900000, 0x000000070aa00000|  0%| F|  |TAMS 0x000000070a900000, 0x000000070a900000| Untracked 
|  38|0x000000070aa00000, 0x000000070aa00000, 0x000000070ab00000|  0%| F|  |TAMS 0x000000070aa00000, 0x000000070aa00000| Untracked 
|  39|0x000000070ab00000, 0x000000070ab00000, 0x000000070ac00000|  0%| F|  |TAMS 0x000000070ab00000, 0x000000070ab00000| Untracked 
|  40|0x000000070ac00000, 0x000000070ac00000, 0x000000070ad00000|  0%| F|  |TAMS 0x000000070ac00000, 0x000000070ac00000| Untracked 
|  41|0x000000070ad00000, 0x000000070ad00000, 0x000000070ae00000|  0%| F|  |TAMS 0x000000070ad00000, 0x000000070ad00000| Untracked 
|  42|0x000000070ae00000, 0x000000070ae00000, 0x000000070af00000|  0%| F|  |TAMS 0x000000070ae00000, 0x000000070ae00000| Untracked 
|  43|0x000000070af00000, 0x000000070af00000, 0x000000070b000000|  0%| F|  |TAMS 0x000000070af00000, 0x000000070af00000| Untracked 
|  44|0x000000070b000000, 0x000000070b000000, 0x000000070b100000|  0%| F|  |TAMS 0x000000070b000000, 0x000000070b000000| Untracked 
|  45|0x000000070b100000, 0x000000070b100000, 0x000000070b200000|  0%| F|  |TAMS 0x000000070b100000, 0x000000070b100000| Untracked 
|  46|0x000000070b200000, 0x000000070b200000, 0x000000070b300000|  0%| F|  |TAMS 0x000000070b200000, 0x000000070b200000| Untracked 
|  47|0x000000070b300000, 0x000000070b300000, 0x000000070b400000|  0%| F|  |TAMS 0x000000070b300000, 0x000000070b300000| Untracked 
|  48|0x000000070b400000, 0x000000070b400000, 0x000000070b500000|  0%| F|  |TAMS 0x000000070b400000, 0x000000070b400000| Untracked 
|  49|0x000000070b500000, 0x000000070b500000, 0x000000070b600000|  0%| F|  |TAMS 0x000000070b500000, 0x000000070b500000| Untracked 
|  50|0x000000070b600000, 0x000000070b600000, 0x000000070b700000|  0%| F|  |TAMS 0x000000070b600000, 0x000000070b600000| Untracked 
|  51|0x000000070b700000, 0x000000070b800000, 0x000000070b800000|100%| O|  |TAMS 0x000000070b800000, 0x000000070b700000| Untracked 
|  52|0x000000070b800000, 0x000000070b900000, 0x000000070b900000|100%| O|  |TAMS 0x000000070b900000, 0x000000070b800000| Untracked 
|  53|0x000000070b900000, 0x000000070ba00000, 0x000000070ba00000|100%| O|  |TAMS 0x000000070ba00000, 0x000000070b900000| Untracked 
|  54|0x000000070ba00000, 0x000000070bb00000, 0x000000070bb00000|100%| O|  |TAMS 0x000000070bb00000, 0x000000070ba00000| Untracked 
|  55|0x000000070bb00000, 0x000000070bc00000, 0x000000070bc00000|100%| O|  |TAMS 0x000000070bc00000, 0x000000070bb00000| Untracked 
|  56|0x000000070bc00000, 0x000000070bd00000, 0x000000070bd00000|100%| O|  |TAMS 0x000000070bd00000, 0x000000070bc00000| Untracked 
|  57|0x000000070bd00000, 0x000000070be00000, 0x000000070be00000|100%| O|  |TAMS 0x000000070be00000, 0x000000070bd00000| Untracked 
|  58|0x000000070be00000, 0x000000070bf00000, 0x000000070bf00000|100%| O|  |TAMS 0x000000070bf00000, 0x000000070be00000| Untracked 
|  59|0x000000070bf00000, 0x000000070c000000, 0x000000070c000000|100%| O|  |TAMS 0x000000070c000000, 0x000000070bf00000| Untracked 
|  60|0x000000070c000000, 0x000000070c100000, 0x000000070c100000|100%| O|  |TAMS 0x000000070c100000, 0x000000070c000000| Untracked 
|  61|0x000000070c100000, 0x000000070c200000, 0x000000070c200000|100%| O|  |TAMS 0x000000070c200000, 0x000000070c100000| Untracked 
|  62|0x000000070c200000, 0x000000070c300000, 0x000000070c300000|100%| O|  |TAMS 0x000000070c300000, 0x000000070c200000| Untracked 
|  63|0x000000070c300000, 0x000000070c400000, 0x000000070c400000|100%| O|  |TAMS 0x000000070c400000, 0x000000070c300000| Untracked 
|  64|0x000000070c400000, 0x000000070c400000, 0x000000070c500000|  0%| F|  |TAMS 0x000000070c400000, 0x000000070c400000| Untracked 
|  65|0x000000070c500000, 0x000000070c500000, 0x000000070c600000|  0%| F|  |TAMS 0x000000070c500000, 0x000000070c500000| Untracked 
|  66|0x000000070c600000, 0x000000070c600000, 0x000000070c700000|  0%| F|  |TAMS 0x000000070c600000, 0x000000070c600000| Untracked 
|  67|0x000000070c700000, 0x000000070c700000, 0x000000070c800000|  0%| F|  |TAMS 0x000000070c700000, 0x000000070c700000| Untracked 
|  68|0x000000070c800000, 0x000000070c800000, 0x000000070c900000|  0%| F|  |TAMS 0x000000070c800000, 0x000000070c800000| Untracked 
|  69|0x000000070c900000, 0x000000070c900000, 0x000000070ca00000|  0%| F|  |TAMS 0x000000070c900000, 0x000000070c900000| Untracked 
|  70|0x000000070ca00000, 0x000000070ca00000, 0x000000070cb00000|  0%| F|  |TAMS 0x000000070ca00000, 0x000000070ca00000| Untracked 
|  71|0x000000070cb00000, 0x000000070cb00000, 0x000000070cc00000|  0%| F|  |TAMS 0x000000070cb00000, 0x000000070cb00000| Untracked 
|  72|0x000000070cc00000, 0x000000070cc00000, 0x000000070cd00000|  0%| F|  |TAMS 0x000000070cc00000, 0x000000070cc00000| Untracked 
|  73|0x000000070cd00000, 0x000000070cd00000, 0x000000070ce00000|  0%| F|  |TAMS 0x000000070cd00000, 0x000000070cd00000| Untracked 
|  74|0x000000070ce00000, 0x000000070ce00000, 0x000000070cf00000|  0%| F|  |TAMS 0x000000070ce00000, 0x000000070ce00000| Untracked 
|  75|0x000000070cf00000, 0x000000070cf00000, 0x000000070d000000|  0%| F|  |TAMS 0x000000070cf00000, 0x000000070cf00000| Untracked 
|  76|0x000000070d000000, 0x000000070d000000, 0x000000070d100000|  0%| F|  |TAMS 0x000000070d000000, 0x000000070d000000| Untracked 
|  77|0x000000070d100000, 0x000000070d100000, 0x000000070d200000|  0%| F|  |TAMS 0x000000070d100000, 0x000000070d100000| Untracked 
|  78|0x000000070d200000, 0x000000070d200000, 0x000000070d300000|  0%| F|  |TAMS 0x000000070d200000, 0x000000070d200000| Untracked 
|  79|0x000000070d300000, 0x000000070d300000, 0x000000070d400000|  0%| F|  |TAMS 0x000000070d300000, 0x000000070d300000| Untracked 
|  80|0x000000070d400000, 0x000000070d400000, 0x000000070d500000|  0%| F|  |TAMS 0x000000070d400000, 0x000000070d400000| Untracked 
|  81|0x000000070d500000, 0x000000070d500000, 0x000000070d600000|  0%| F|  |TAMS 0x000000070d500000, 0x000000070d500000| Untracked 
|  82|0x000000070d600000, 0x000000070d600000, 0x000000070d700000|  0%| F|  |TAMS 0x000000070d600000, 0x000000070d600000| Untracked 
|  83|0x000000070d700000, 0x000000070d700000, 0x000000070d800000|  0%| F|  |TAMS 0x000000070d700000, 0x000000070d700000| Untracked 
|  84|0x000000070d800000, 0x000000070d800000, 0x000000070d900000|  0%| F|  |TAMS 0x000000070d800000, 0x000000070d800000| Untracked 
|  85|0x000000070d900000, 0x000000070d900000, 0x000000070da00000|  0%| F|  |TAMS 0x000000070d900000, 0x000000070d900000| Untracked 
|  86|0x000000070da00000, 0x000000070da00000, 0x000000070db00000|  0%| F|  |TAMS 0x000000070da00000, 0x000000070da00000| Untracked 
|  87|0x000000070db00000, 0x000000070db00000, 0x000000070dc00000|  0%| F|  |TAMS 0x000000070db00000, 0x000000070db00000| Untracked 
|  88|0x000000070dc00000, 0x000000070dc00000, 0x000000070dd00000|  0%| F|  |TAMS 0x000000070dc00000, 0x000000070dc00000| Untracked 
|  89|0x000000070dd00000, 0x000000070dd00000, 0x000000070de00000|  0%| F|  |TAMS 0x000000070dd00000, 0x000000070dd00000| Untracked 
|  90|0x000000070de00000, 0x000000070de00000, 0x000000070df00000|  0%| F|  |TAMS 0x000000070de00000, 0x000000070de00000| Untracked 
|  91|0x000000070df00000, 0x000000070df00000, 0x000000070e000000|  0%| F|  |TAMS 0x000000070df00000, 0x000000070df00000| Untracked 
|  92|0x000000070e000000, 0x000000070e000000, 0x000000070e100000|  0%| F|  |TAMS 0x000000070e000000, 0x000000070e000000| Untracked 
|  93|0x000000070e100000, 0x000000070e100000, 0x000000070e200000|  0%| F|  |TAMS 0x000000070e100000, 0x000000070e100000| Untracked 
|  94|0x000000070e200000, 0x000000070e200000, 0x000000070e300000|  0%| F|  |TAMS 0x000000070e200000, 0x000000070e200000| Untracked 
|  95|0x000000070e300000, 0x000000070e300000, 0x000000070e400000|  0%| F|  |TAMS 0x000000070e300000, 0x000000070e300000| Untracked 
|  96|0x000000070e400000, 0x000000070e400000, 0x000000070e500000|  0%| F|  |TAMS 0x000000070e400000, 0x000000070e400000| Untracked 
|  97|0x000000070e500000, 0x000000070e500000, 0x000000070e600000|  0%| F|  |TAMS 0x000000070e500000, 0x000000070e500000| Untracked 
|  98|0x000000070e600000, 0x000000070e600000, 0x000000070e700000|  0%| F|  |TAMS 0x000000070e600000, 0x000000070e600000| Untracked 
|  99|0x000000070e700000, 0x000000070e800000, 0x000000070e800000|100%| E|CS|TAMS 0x000000070e700000, 0x000000070e700000| Complete 
| 100|0x000000070e800000, 0x000000070e900000, 0x000000070e900000|100%| E|CS|TAMS 0x000000070e800000, 0x000000070e800000| Complete 
| 101|0x000000070e900000, 0x000000070ea00000, 0x000000070ea00000|100%| E|CS|TAMS 0x000000070e900000, 0x000000070e900000| Complete 
| 102|0x000000070ea00000, 0x000000070eb00000, 0x000000070eb00000|100%| E|CS|TAMS 0x000000070ea00000, 0x000000070ea00000| Complete 
| 103|0x000000070eb00000, 0x000000070ec00000, 0x000000070ec00000|100%| E|CS|TAMS 0x000000070eb00000, 0x000000070eb00000| Complete 
| 104|0x000000070ec00000, 0x000000070ed00000, 0x000000070ed00000|100%| E|CS|TAMS 0x000000070ec00000, 0x000000070ec00000| Complete 
| 105|0x000000070ed00000, 0x000000070ee00000, 0x000000070ee00000|100%| E|CS|TAMS 0x000000070ed00000, 0x000000070ed00000| Complete 
| 106|0x000000070ee00000, 0x000000070ef00000, 0x000000070ef00000|100%| E|CS|TAMS 0x000000070ee00000, 0x000000070ee00000| Complete 
| 107|0x000000070ef00000, 0x000000070f000000, 0x000000070f000000|100%| E|CS|TAMS 0x000000070ef00000, 0x000000070ef00000| Complete 
| 108|0x000000070f000000, 0x000000070f100000, 0x000000070f100000|100%| E|CS|TAMS 0x000000070f000000, 0x000000070f000000| Complete 
| 109|0x000000070f100000, 0x000000070f200000, 0x000000070f200000|100%| E|CS|TAMS 0x000000070f100000, 0x000000070f100000| Complete 
| 110|0x000000070f200000, 0x000000070f300000, 0x000000070f300000|100%| E|CS|TAMS 0x000000070f200000, 0x000000070f200000| Complete 
| 111|0x000000070f300000, 0x000000070f400000, 0x000000070f400000|100%| E|CS|TAMS 0x000000070f300000, 0x000000070f300000| Complete 
| 112|0x000000070f400000, 0x000000070f500000, 0x000000070f500000|100%| E|CS|TAMS 0x000000070f400000, 0x000000070f400000| Complete 
| 113|0x000000070f500000, 0x000000070f600000, 0x000000070f600000|100%| E|CS|TAMS 0x000000070f500000, 0x000000070f500000| Complete 
| 114|0x000000070f600000, 0x000000070f700000, 0x000000070f700000|100%| E|CS|TAMS 0x000000070f600000, 0x000000070f600000| Complete 
| 115|0x000000070f700000, 0x000000070f800000, 0x000000070f800000|100%| E|CS|TAMS 0x000000070f700000, 0x000000070f700000| Complete 
| 116|0x000000070f800000, 0x000000070f800000, 0x000000070f900000|  0%| F|  |TAMS 0x000000070f800000, 0x000000070f800000| Untracked 
| 117|0x000000070f900000, 0x000000070f900000, 0x000000070fa00000|  0%| F|  |TAMS 0x000000070f900000, 0x000000070f900000| Untracked 
| 118|0x000000070fa00000, 0x000000070fa00000, 0x000000070fb00000|  0%| F|  |TAMS 0x000000070fa00000, 0x000000070fa00000| Untracked 
| 119|0x000000070fb00000, 0x000000070fb00000, 0x000000070fc00000|  0%| F|  |TAMS 0x000000070fb00000, 0x000000070fb00000| Untracked 
| 120|0x000000070fc00000, 0x000000070fc00000, 0x000000070fd00000|  0%| F|  |TAMS 0x000000070fc00000, 0x000000070fc00000| Untracked 
| 121|0x000000070fd00000, 0x000000070fd00000, 0x000000070fe00000|  0%| F|  |TAMS 0x000000070fd00000, 0x000000070fd00000| Untracked 
| 122|0x000000070fe00000, 0x000000070fe00000, 0x000000070ff00000|  0%| F|  |TAMS 0x000000070fe00000, 0x000000070fe00000| Untracked 
| 123|0x000000070ff00000, 0x000000070ff00000, 0x0000000710000000|  0%| F|  |TAMS 0x000000070ff00000, 0x000000070ff00000| Untracked 
| 124|0x0000000710000000, 0x0000000710000000, 0x0000000710100000|  0%| F|  |TAMS 0x0000000710000000, 0x0000000710000000| Untracked 
| 125|0x0000000710100000, 0x0000000710100000, 0x0000000710200000|  0%| F|  |TAMS 0x0000000710100000, 0x0000000710100000| Untracked 
| 126|0x0000000710200000, 0x0000000710200000, 0x0000000710300000|  0%| F|  |TAMS 0x0000000710200000, 0x0000000710200000| Untracked 
| 127|0x0000000710300000, 0x0000000710300000, 0x0000000710400000|  0%| F|  |TAMS 0x0000000710300000, 0x0000000710300000| Untracked 
| 128|0x0000000710400000, 0x0000000710400000, 0x0000000710500000|  0%| F|  |TAMS 0x0000000710400000, 0x0000000710400000| Untracked 
| 129|0x0000000710500000, 0x0000000710500000, 0x0000000710600000|  0%| F|  |TAMS 0x0000000710500000, 0x0000000710500000| Untracked 
| 130|0x0000000710600000, 0x0000000710600000, 0x0000000710700000|  0%| F|  |TAMS 0x0000000710600000, 0x0000000710600000| Untracked 
| 131|0x0000000710700000, 0x0000000710700000, 0x0000000710800000|  0%| F|  |TAMS 0x0000000710700000, 0x0000000710700000| Untracked 
| 132|0x0000000710800000, 0x0000000710800000, 0x0000000710900000|  0%| F|  |TAMS 0x0000000710800000, 0x0000000710800000| Untracked 
| 133|0x0000000710900000, 0x0000000710900000, 0x0000000710a00000|  0%| F|  |TAMS 0x0000000710900000, 0x0000000710900000| Untracked 
| 134|0x0000000710a00000, 0x0000000710a00000, 0x0000000710b00000|  0%| F|  |TAMS 0x0000000710a00000, 0x0000000710a00000| Untracked 
| 135|0x0000000710b00000, 0x0000000710b00000, 0x0000000710c00000|  0%| F|  |TAMS 0x0000000710b00000, 0x0000000710b00000| Untracked 
| 136|0x0000000710c00000, 0x0000000710c00000, 0x0000000710d00000|  0%| F|  |TAMS 0x0000000710c00000, 0x0000000710c00000| Untracked 
| 137|0x0000000710d00000, 0x0000000710d00000, 0x0000000710e00000|  0%| F|  |TAMS 0x0000000710d00000, 0x0000000710d00000| Untracked 
| 138|0x0000000710e00000, 0x0000000710e00000, 0x0000000710f00000|  0%| F|  |TAMS 0x0000000710e00000, 0x0000000710e00000| Untracked 
| 139|0x0000000710f00000, 0x0000000710f00000, 0x0000000711000000|  0%| F|  |TAMS 0x0000000710f00000, 0x0000000710f00000| Untracked 
| 140|0x0000000711000000, 0x0000000711000000, 0x0000000711100000|  0%| F|  |TAMS 0x0000000711000000, 0x0000000711000000| Untracked 
| 141|0x0000000711100000, 0x0000000711100000, 0x0000000711200000|  0%| F|  |TAMS 0x0000000711100000, 0x0000000711100000| Untracked 
| 142|0x0000000711200000, 0x0000000711200000, 0x0000000711300000|  0%| F|  |TAMS 0x0000000711200000, 0x0000000711200000| Untracked 
| 143|0x0000000711300000, 0x0000000711300000, 0x0000000711400000|  0%| F|  |TAMS 0x0000000711300000, 0x0000000711300000| Untracked 
| 144|0x0000000711400000, 0x0000000711400000, 0x0000000711500000|  0%| F|  |TAMS 0x0000000711400000, 0x0000000711400000| Untracked 
| 145|0x0000000711500000, 0x0000000711500000, 0x0000000711600000|  0%| F|  |TAMS 0x0000000711500000, 0x0000000711500000| Untracked 
| 146|0x0000000711600000, 0x0000000711600000, 0x0000000711700000|  0%| F|  |TAMS 0x0000000711600000, 0x0000000711600000| Untracked 
| 147|0x0000000711700000, 0x0000000711700000, 0x0000000711800000|  0%| F|  |TAMS 0x0000000711700000, 0x0000000711700000| Untracked 
| 148|0x0000000711800000, 0x0000000711800000, 0x0000000711900000|  0%| F|  |TAMS 0x0000000711800000, 0x0000000711800000| Untracked 
| 149|0x0000000711900000, 0x0000000711900000, 0x0000000711a00000|  0%| F|  |TAMS 0x0000000711900000, 0x0000000711900000| Untracked 
| 150|0x0000000711a00000, 0x0000000711a00000, 0x0000000711b00000|  0%| F|  |TAMS 0x0000000711a00000, 0x0000000711a00000| Untracked 
| 151|0x0000000711b00000, 0x0000000711b00000, 0x0000000711c00000|  0%| F|  |TAMS 0x0000000711b00000, 0x0000000711b00000| Untracked 
| 152|0x0000000711c00000, 0x0000000711c00000, 0x0000000711d00000|  0%| F|  |TAMS 0x0000000711c00000, 0x0000000711c00000| Untracked 
| 153|0x0000000711d00000, 0x0000000711d00000, 0x0000000711e00000|  0%| F|  |TAMS 0x0000000711d00000, 0x0000000711d00000| Untracked 
| 154|0x0000000711e00000, 0x0000000711e00000, 0x0000000711f00000|  0%| F|  |TAMS 0x0000000711e00000, 0x0000000711e00000| Untracked 
| 155|0x0000000711f00000, 0x0000000711f00000, 0x0000000712000000|  0%| F|  |TAMS 0x0000000711f00000, 0x0000000711f00000| Untracked 
| 156|0x0000000712000000, 0x0000000712000000, 0x0000000712100000|  0%| F|  |TAMS 0x0000000712000000, 0x0000000712000000| Untracked 
| 157|0x0000000712100000, 0x0000000712100000, 0x0000000712200000|  0%| F|  |TAMS 0x0000000712100000, 0x0000000712100000| Untracked 
| 158|0x0000000712200000, 0x0000000712200000, 0x0000000712300000|  0%| F|  |TAMS 0x0000000712200000, 0x0000000712200000| Untracked 
| 159|0x0000000712300000, 0x0000000712300000, 0x0000000712400000|  0%| F|  |TAMS 0x0000000712300000, 0x0000000712300000| Untracked 
| 160|0x0000000712400000, 0x0000000712400000, 0x0000000712500000|  0%| F|  |TAMS 0x0000000712400000, 0x0000000712400000| Untracked 
| 161|0x0000000712500000, 0x0000000712500000, 0x0000000712600000|  0%| F|  |TAMS 0x0000000712500000, 0x0000000712500000| Untracked 
| 162|0x0000000712600000, 0x0000000712600000, 0x0000000712700000|  0%| F|  |TAMS 0x0000000712600000, 0x0000000712600000| Untracked 
| 163|0x0000000712700000, 0x0000000712700000, 0x0000000712800000|  0%| F|  |TAMS 0x0000000712700000, 0x0000000712700000| Untracked 
| 164|0x0000000712800000, 0x0000000712800000, 0x0000000712900000|  0%| F|  |TAMS 0x0000000712800000, 0x0000000712800000| Untracked 
| 165|0x0000000712900000, 0x0000000712900000, 0x0000000712a00000|  0%| F|  |TAMS 0x0000000712900000, 0x0000000712900000| Untracked 
| 166|0x0000000712a00000, 0x0000000712a00000, 0x0000000712b00000|  0%| F|  |TAMS 0x0000000712a00000, 0x0000000712a00000| Untracked 
| 167|0x0000000712b00000, 0x0000000712b00000, 0x0000000712c00000|  0%| F|  |TAMS 0x0000000712b00000, 0x0000000712b00000| Untracked 
| 168|0x0000000712c00000, 0x0000000712c00000, 0x0000000712d00000|  0%| F|  |TAMS 0x0000000712c00000, 0x0000000712c00000| Untracked 
| 169|0x0000000712d00000, 0x0000000712d00000, 0x0000000712e00000|  0%| F|  |TAMS 0x0000000712d00000, 0x0000000712d00000| Untracked 
| 170|0x0000000712e00000, 0x0000000712e00000, 0x0000000712f00000|  0%| F|  |TAMS 0x0000000712e00000, 0x0000000712e00000| Untracked 
| 171|0x0000000712f00000, 0x0000000712f00000, 0x0000000713000000|  0%| F|  |TAMS 0x0000000712f00000, 0x0000000712f00000| Untracked 
| 172|0x0000000713000000, 0x0000000713000000, 0x0000000713100000|  0%| F|  |TAMS 0x0000000713000000, 0x0000000713000000| Untracked 
| 173|0x0000000713100000, 0x0000000713100000, 0x0000000713200000|  0%| F|  |TAMS 0x0000000713100000, 0x0000000713100000| Untracked 
| 174|0x0000000713200000, 0x0000000713200000, 0x0000000713300000|  0%| F|  |TAMS 0x0000000713200000, 0x0000000713200000| Untracked 
| 175|0x0000000713300000, 0x0000000713300000, 0x0000000713400000|  0%| F|  |TAMS 0x0000000713300000, 0x0000000713300000| Untracked 
| 176|0x0000000713400000, 0x0000000713400000, 0x0000000713500000|  0%| F|  |TAMS 0x0000000713400000, 0x0000000713400000| Untracked 
| 177|0x0000000713500000, 0x0000000713500000, 0x0000000713600000|  0%| F|  |TAMS 0x0000000713500000, 0x0000000713500000| Untracked 
| 178|0x0000000713600000, 0x0000000713600000, 0x0000000713700000|  0%| F|  |TAMS 0x0000000713600000, 0x0000000713600000| Untracked 
| 179|0x0000000713700000, 0x0000000713700000, 0x0000000713800000|  0%| F|  |TAMS 0x0000000713700000, 0x0000000713700000| Untracked 
| 180|0x0000000713800000, 0x0000000713800000, 0x0000000713900000|  0%| F|  |TAMS 0x0000000713800000, 0x0000000713800000| Untracked 
| 181|0x0000000713900000, 0x0000000713900000, 0x0000000713a00000|  0%| F|  |TAMS 0x0000000713900000, 0x0000000713900000| Untracked 
| 182|0x0000000713a00000, 0x0000000713a00000, 0x0000000713b00000|  0%| F|  |TAMS 0x0000000713a00000, 0x0000000713a00000| Untracked 
| 183|0x0000000713b00000, 0x0000000713b00000, 0x0000000713c00000|  0%| F|  |TAMS 0x0000000713b00000, 0x0000000713b00000| Untracked 
| 184|0x0000000713c00000, 0x0000000713c00000, 0x0000000713d00000|  0%| F|  |TAMS 0x0000000713c00000, 0x0000000713c00000| Untracked 
| 185|0x0000000713d00000, 0x0000000713d00000, 0x0000000713e00000|  0%| F|  |TAMS 0x0000000713d00000, 0x0000000713d00000| Untracked 
| 186|0x0000000713e00000, 0x0000000713e00000, 0x0000000713f00000|  0%| F|  |TAMS 0x0000000713e00000, 0x0000000713e00000| Untracked 
| 187|0x0000000713f00000, 0x0000000713f00000, 0x0000000714000000|  0%| F|  |TAMS 0x0000000713f00000, 0x0000000713f00000| Untracked 
| 188|0x0000000714000000, 0x0000000714000000, 0x0000000714100000|  0%| F|  |TAMS 0x0000000714000000, 0x0000000714000000| Untracked 
| 189|0x0000000714100000, 0x0000000714100000, 0x0000000714200000|  0%| F|  |TAMS 0x0000000714100000, 0x0000000714100000| Untracked 
| 190|0x0000000714200000, 0x0000000714200000, 0x0000000714300000|  0%| F|  |TAMS 0x0000000714200000, 0x0000000714200000| Untracked 
| 191|0x0000000714300000, 0x0000000714300000, 0x0000000714400000|  0%| F|  |TAMS 0x0000000714300000, 0x0000000714300000| Untracked 
| 192|0x0000000714400000, 0x0000000714400000, 0x0000000714500000|  0%| F|  |TAMS 0x0000000714400000, 0x0000000714400000| Untracked 
| 193|0x0000000714500000, 0x0000000714500000, 0x0000000714600000|  0%| F|  |TAMS 0x0000000714500000, 0x0000000714500000| Untracked 
| 194|0x0000000714600000, 0x0000000714600000, 0x0000000714700000|  0%| F|  |TAMS 0x0000000714600000, 0x0000000714600000| Untracked 
| 195|0x0000000714700000, 0x0000000714700000, 0x0000000714800000|  0%| F|  |TAMS 0x0000000714700000, 0x0000000714700000| Untracked 
| 196|0x0000000714800000, 0x0000000714800000, 0x0000000714900000|  0%| F|  |TAMS 0x0000000714800000, 0x0000000714800000| Untracked 
| 197|0x0000000714900000, 0x0000000714900000, 0x0000000714a00000|  0%| F|  |TAMS 0x0000000714900000, 0x0000000714900000| Untracked 
| 198|0x0000000714a00000, 0x0000000714a00000, 0x0000000714b00000|  0%| F|  |TAMS 0x0000000714a00000, 0x0000000714a00000| Untracked 
| 199|0x0000000714b00000, 0x0000000714b00000, 0x0000000714c00000|  0%| F|  |TAMS 0x0000000714b00000, 0x0000000714b00000| Untracked 
| 200|0x0000000714c00000, 0x0000000714c00000, 0x0000000714d00000|  0%| F|  |TAMS 0x0000000714c00000, 0x0000000714c00000| Untracked 
| 201|0x0000000714d00000, 0x0000000714d00000, 0x0000000714e00000|  0%| F|  |TAMS 0x0000000714d00000, 0x0000000714d00000| Untracked 
| 202|0x0000000714e00000, 0x0000000714e00000, 0x0000000714f00000|  0%| F|  |TAMS 0x0000000714e00000, 0x0000000714e00000| Untracked 
| 203|0x0000000714f00000, 0x0000000714f00000, 0x0000000715000000|  0%| F|  |TAMS 0x0000000714f00000, 0x0000000714f00000| Untracked 
| 204|0x0000000715000000, 0x0000000715000000, 0x0000000715100000|  0%| F|  |TAMS 0x0000000715000000, 0x0000000715000000| Untracked 
| 205|0x0000000715100000, 0x0000000715100000, 0x0000000715200000|  0%| F|  |TAMS 0x0000000715100000, 0x0000000715100000| Untracked 
| 206|0x0000000715200000, 0x0000000715200000, 0x0000000715300000|  0%| F|  |TAMS 0x0000000715200000, 0x0000000715200000| Untracked 
| 207|0x0000000715300000, 0x0000000715300000, 0x0000000715400000|  0%| F|  |TAMS 0x0000000715300000, 0x0000000715300000| Untracked 
| 208|0x0000000715400000, 0x0000000715400000, 0x0000000715500000|  0%| F|  |TAMS 0x0000000715400000, 0x0000000715400000| Untracked 
| 209|0x0000000715500000, 0x0000000715500000, 0x0000000715600000|  0%| F|  |TAMS 0x0000000715500000, 0x0000000715500000| Untracked 
| 210|0x0000000715600000, 0x0000000715600000, 0x0000000715700000|  0%| F|  |TAMS 0x0000000715600000, 0x0000000715600000| Untracked 
| 211|0x0000000715700000, 0x0000000715700000, 0x0000000715800000|  0%| F|  |TAMS 0x0000000715700000, 0x0000000715700000| Untracked 
| 212|0x0000000715800000, 0x0000000715800000, 0x0000000715900000|  0%| F|  |TAMS 0x0000000715800000, 0x0000000715800000| Untracked 
| 213|0x0000000715900000, 0x0000000715900000, 0x0000000715a00000|  0%| F|  |TAMS 0x0000000715900000, 0x0000000715900000| Untracked 
| 214|0x0000000715a00000, 0x0000000715a00000, 0x0000000715b00000|  0%| S|  |TAMS 0x0000000715a00000, 0x0000000715a00000| Complete 
| 215|0x0000000715b00000, 0x0000000715c00000, 0x0000000715c00000|100%| S|  |TAMS 0x0000000715b00000, 0x0000000715b00000| Complete 
| 216|0x0000000715c00000, 0x0000000715d00000, 0x0000000715d00000|100%| S|  |TAMS 0x0000000715c00000, 0x0000000715c00000| Complete 
| 217|0x0000000715d00000, 0x0000000715e00000, 0x0000000715e00000|100%| E|CS|TAMS 0x0000000715d00000, 0x0000000715d00000| Complete 
| 218|0x0000000715e00000, 0x0000000715f00000, 0x0000000715f00000|100%| E|CS|TAMS 0x0000000715e00000, 0x0000000715e00000| Complete 
| 219|0x0000000715f00000, 0x0000000715ff5a30, 0x0000000716000000| 95%| E|CS|TAMS 0x0000000715f00000, 0x0000000715f00000| Complete 
| 220|0x0000000716000000, 0x0000000716100000, 0x0000000716100000|100%| E|CS|TAMS 0x0000000716000000, 0x0000000716000000| Complete 
| 221|0x0000000716100000, 0x0000000716200000, 0x0000000716200000|100%| E|CS|TAMS 0x0000000716100000, 0x0000000716100000| Complete 
| 222|0x0000000716200000, 0x0000000716300000, 0x0000000716300000|100%| E|CS|TAMS 0x0000000716200000, 0x0000000716200000| Complete 
| 223|0x0000000716300000, 0x0000000716400000, 0x0000000716400000|100%| E|CS|TAMS 0x0000000716300000, 0x0000000716300000| Complete 
| 224|0x0000000716400000, 0x0000000716500000, 0x0000000716500000|100%| E|CS|TAMS 0x0000000716400000, 0x0000000716400000| Complete 
| 225|0x0000000716500000, 0x0000000716600000, 0x0000000716600000|100%| E|CS|TAMS 0x0000000716500000, 0x0000000716500000| Complete 
| 226|0x0000000716600000, 0x0000000716700000, 0x0000000716700000|100%| E|CS|TAMS 0x0000000716600000, 0x0000000716600000| Complete 
| 227|0x0000000716700000, 0x0000000716800000, 0x0000000716800000|100%| E|CS|TAMS 0x0000000716700000, 0x0000000716700000| Complete 
| 228|0x0000000716800000, 0x0000000716900000, 0x0000000716900000|100%| E|CS|TAMS 0x0000000716800000, 0x0000000716800000| Complete 
| 229|0x0000000716900000, 0x0000000716a00000, 0x0000000716a00000|100%| E|CS|TAMS 0x0000000716900000, 0x0000000716900000| Complete 
| 230|0x0000000716a00000, 0x0000000716b00000, 0x0000000716b00000|100%| E|CS|TAMS 0x0000000716a00000, 0x0000000716a00000| Complete 
| 231|0x0000000716b00000, 0x0000000716c00000, 0x0000000716c00000|100%| E|CS|TAMS 0x0000000716b00000, 0x0000000716b00000| Complete 
| 232|0x0000000716c00000, 0x0000000716d00000, 0x0000000716d00000|100%| E|CS|TAMS 0x0000000716c00000, 0x0000000716c00000| Complete 
| 233|0x0000000716d00000, 0x0000000716e00000, 0x0000000716e00000|100%| E|CS|TAMS 0x0000000716d00000, 0x0000000716d00000| Complete 
| 234|0x0000000716e00000, 0x0000000716f00000, 0x0000000716f00000|100%| E|CS|TAMS 0x0000000716e00000, 0x0000000716e00000| Complete 
| 235|0x0000000716f00000, 0x0000000717000000, 0x0000000717000000|100%| E|CS|TAMS 0x0000000716f00000, 0x0000000716f00000| Complete 
| 236|0x0000000717000000, 0x0000000717100000, 0x0000000717100000|100%| E|CS|TAMS 0x0000000717000000, 0x0000000717000000| Complete 
| 237|0x0000000717100000, 0x0000000717200000, 0x0000000717200000|100%| E|CS|TAMS 0x0000000717100000, 0x0000000717100000| Complete 
| 238|0x0000000717200000, 0x0000000717300000, 0x0000000717300000|100%| E|CS|TAMS 0x0000000717200000, 0x0000000717200000| Complete 
| 239|0x0000000717300000, 0x0000000717400000, 0x0000000717400000|100%| E|CS|TAMS 0x0000000717300000, 0x0000000717300000| Complete 
| 240|0x0000000717400000, 0x0000000717500000, 0x0000000717500000|100%| E|CS|TAMS 0x0000000717400000, 0x0000000717400000| Complete 
| 241|0x0000000717500000, 0x0000000717600000, 0x0000000717600000|100%| E|CS|TAMS 0x0000000717500000, 0x0000000717500000| Complete 
| 242|0x0000000717600000, 0x0000000717700000, 0x0000000717700000|100%| E|CS|TAMS 0x0000000717600000, 0x0000000717600000| Complete 
| 243|0x0000000717700000, 0x0000000717800000, 0x0000000717800000|100%| E|CS|TAMS 0x0000000717700000, 0x0000000717700000| Complete 
| 244|0x0000000717800000, 0x0000000717900000, 0x0000000717900000|100%| E|CS|TAMS 0x0000000717800000, 0x0000000717800000| Complete 
| 245|0x0000000717900000, 0x0000000717a00000, 0x0000000717a00000|100%| E|CS|TAMS 0x0000000717900000, 0x0000000717900000| Complete 
| 246|0x0000000717a00000, 0x0000000717b00000, 0x0000000717b00000|100%| E|CS|TAMS 0x0000000717a00000, 0x0000000717a00000| Complete 
| 247|0x0000000717b00000, 0x0000000717c00000, 0x0000000717c00000|100%| E|CS|TAMS 0x0000000717b00000, 0x0000000717b00000| Complete 
|2938|0x00000007bfe00000, 0x00000007bfe47000, 0x00000007bff00000| 27%|OA|  |TAMS 0x00000007bfe47000, 0x00000007bfe00000| Untracked 
|2939|0x00000007bff00000, 0x00000007bff6b000, 0x00000007c0000000| 41%|CA|  |TAMS 0x00000007bff6b000, 0x00000007bff00000| Untracked 

Card table byte_map: [0x00007f5528689000,0x00007f5528e47000] _byte_map_base: 0x00007f5524e47000

Marking Bits (Prev, Next): (CMBitMap*) 0x00007f552407de28, (CMBitMap*) 0x00007f552407de60
 Prev Bits: [0x00007f5504210000, 0x00007f5508000000)
 Next Bits: [0x00007f5500420000, 0x00007f5504210000)

Polling page: 0x00007f552a35b000

Metaspace:

Usage:
  Non-class:     23,30 MB capacity,    22,84 MB ( 98%) used,   407,36 KB (  2%) free+waste,    58,38 KB ( <1%) overhead. 
      Class:      3,01 MB capacity,     2,77 MB ( 92%) used,   218,95 KB (  7%) free+waste,    25,44 KB ( <1%) overhead. 
       Both:     26,31 MB capacity,    25,62 MB ( 97%) used,   626,31 KB (  2%) free+waste,    83,81 KB ( <1%) overhead. 

Virtual space:
  Non-class space:       24,00 MB reserved,      23,50 MB ( 98%) committed 
      Class space:        1,00 GB reserved,       3,12 MB ( <1%) committed 
             Both:        1,02 GB reserved,      26,62 MB (  3%) committed 

Chunk freelists:
   Non-Class:  15,00 KB
       Class:  1,00 KB
        Both:  16,00 KB

MaxMetaspaceSize: unlimited
CompressedClassSpaceSize: 1,00 GB
Initial GC threshold: 20,80 MB
Current GC threshold: 43,54 MB
CDS: on

CodeHeap 'non-profiled nmethods': size=120032Kb used=3133Kb max_used=3133Kb free=116898Kb
 bounds [0x00007f551431b000, 0x00007f551462b000, 0x00007f551b853000]
CodeHeap 'profiled nmethods': size=120028Kb used=14608Kb max_used=14608Kb free=105419Kb
 bounds [0x00007f550cde4000, 0x00007f550dc34000, 0x00007f551431b000]
CodeHeap 'non-nmethods': size=5700Kb used=1209Kb max_used=1250Kb free=4490Kb
 bounds [0x00007f550c853000, 0x00007f550cac3000, 0x00007f550cde4000]
 total_blobs=6698 nmethods=6217 adapters=394
 compilation: enabled
              stopped_count=0, restarted_count=0
 full_count=0

Compilation events (20 events):
Event: 2,751 Thread 0x00007f55241e6000 6217       3       com.sun.tools.javac.jvm.ClassWriter::endAttrs (13 bytes)
Event: 2,751 Thread 0x00007f55241e6000 nmethod 6217 0x00007f550dc26410 code [0x00007f550dc265c0, 0x00007f550dc267b0]
Event: 2,751 Thread 0x00007f55241e6000 6225       1       org.apache.maven.plugin.MojoExecution::getMojoDescriptor (5 bytes)
Event: 2,751 Thread 0x00007f55241e6000 nmethod 6225 0x00007f5514629290 code [0x00007f5514629440, 0x00007f5514629510]
Event: 2,751 Thread 0x00007f55241e6000 6211       3       com.sun.tools.javac.code.Types$TypePair::hashCode (27 bytes)
Event: 2,751 Thread 0x00007f55241e6000 nmethod 6211 0x00007f550dc26910 code [0x00007f550dc26b40, 0x00007f550dc27310]
Event: 2,751 Thread 0x00007f55241e6000 6222       1       org.apache.maven.plugin.descriptor.Parameter::isRequired (5 bytes)
Event: 2,751 Thread 0x00007f55241e6000 nmethod 6222 0x00007f5514629590 code [0x00007f5514629740, 0x00007f5514629810]
Event: 2,751 Thread 0x00007f55241e6000 6228       1       java.util.jar.JarFile$JarFileEntry::getName (5 bytes)
Event: 2,751 Thread 0x00007f55241e6000 nmethod 6228 0x00007f5514629890 code [0x00007f5514629a40, 0x00007f5514629b10]
Event: 2,751 Thread 0x00007f55241e6000 6177       1       com.sun.tools.javac.comp.Infer$CheckInst::boundsToCheck (5 bytes)
Event: 2,751 Thread 0x00007f55241e6000 nmethod 6177 0x00007f5514629b90 code [0x00007f5514629d40, 0x00007f5514629e10]
Event: 2,751 Thread 0x00007f55241e6000 6191       1       com.sun.tools.javac.comp.Infer$GraphSolver$InferenceGraph$Node::getAllDependencies (5 bytes)
Event: 2,752 Thread 0x00007f55241e6000 nmethod 6191 0x00007f5514629e90 code [0x00007f551462a040, 0x00007f551462a110]
Event: 2,752 Thread 0x00007f55241e6000 6218       1       java.util.concurrent.CopyOnWriteArrayList::getArray (5 bytes)
Event: 2,752 Thread 0x00007f55241e6000 nmethod 6218 0x00007f551462a190 code [0x00007f551462a340, 0x00007f551462a410]
Event: 2,752 Thread 0x00007f55241e6000 6186       1       com.sun.tools.javac.jvm.UninitializedType::initializedType (5 bytes)
Event: 2,752 Thread 0x00007f55241e6000 nmethod 6186 0x00007f551462a490 code [0x00007f551462a640, 0x00007f551462a710]
Event: 2,754 Thread 0x00007f55241e6000 6230       3       java.util.jar.Manifest::<init> (37 bytes)
Event: 2,754 Thread 0x00007f55241e6000 nmethod 6230 0x00007f550dc27610 code [0x00007f550dc27860, 0x00007f550dc28090]

GC Heap History (9 events):
Event: 0,448 GC heap before
{Heap before GC invocations=0 (full 0):
 garbage-first heap   total 256000K, used 25288K [0x0000000708400000, 0x0000000800000000)
  region size 1024K, 24 young (24576K), 0 survivors (0K)
 Metaspace       used 5641K, capacity 7995K, committed 8192K, reserved 1056768K
  class space    used 649K, capacity 902K, committed 1024K, reserved 1048576K
}
Event: 0,456 GC heap after
{Heap after GC invocations=1 (full 0):
 garbage-first heap   total 256000K, used 4063K [0x0000000708400000, 0x0000000800000000)
  region size 1024K, 3 young (3072K), 3 survivors (3072K)
 Metaspace       used 5641K, capacity 7995K, committed 8192K, reserved 1056768K
  class space    used 649K, capacity 902K, committed 1024K, reserved 1048576K
}
Event: 1,330 GC heap before
{Heap before GC invocations=1 (full 0):
 garbage-first heap   total 256000K, used 152543K [0x0000000708400000, 0x0000000800000000)
  region size 1024K, 148 young (151552K), 3 survivors (3072K)
 Metaspace       used 14047K, capacity 15620K, committed 16000K, reserved 1062912K
  class space    used 1545K, capacity 1806K, committed 1920K, reserved 1048576K
}
Event: 1,339 GC heap after
{Heap after GC invocations=2 (full 0):
 garbage-first heap   total 256000K, used 15091K [0x0000000708400000, 0x0000000800000000)
  region size 1024K, 14 young (14336K), 14 survivors (14336K)
 Metaspace       used 14047K, capacity 15620K, committed 16000K, reserved 1062912K
  class space    used 1545K, capacity 1806K, committed 1920K, reserved 1048576K
}
Event: 1,761 GC heap before
{Heap before GC invocations=2 (full 0):
 garbage-first heap   total 256000K, used 167667K [0x0000000708400000, 0x0000000800000000)
  region size 1024K, 115 young (117760K), 14 survivors (14336K)
 Metaspace       used 19818K, capacity 20903K, committed 21248K, reserved 1069056K
  class space    used 2214K, capacity 2446K, committed 2560K, reserved 1048576K
}
Event: 1,786 GC heap after
{Heap after GC invocations=3 (full 0):
 garbage-first heap   total 256000K, used 18878K [0x0000000708400000, 0x0000000800000000)
  region size 1024K, 5 young (5120K), 5 survivors (5120K)
 Metaspace       used 19818K, capacity 20903K, committed 21248K, reserved 1069056K
  class space    used 2214K, capacity 2446K, committed 2560K, reserved 1048576K
}
Event: 2,485 GC heap before
{Heap before GC invocations=4 (full 0):
 garbage-first heap   total 256000K, used 151998K [0x0000000708400000, 0x0000000800000000)
  region size 1024K, 132 young (135168K), 5 survivors (5120K)
 Metaspace       used 25688K, capacity 26457K, committed 26752K, reserved 1073152K
  class space    used 2821K, capacity 3073K, committed 3200K, reserved 1048576K
}
Event: 2,510 GC heap after
{Heap after GC invocations=5 (full 0):
 garbage-first heap   total 256000K, used 42266K [0x0000000708400000, 0x0000000800000000)
  region size 1024K, 17 young (17408K), 17 survivors (17408K)
 Metaspace       used 25688K, capacity 26457K, committed 26752K, reserved 1073152K
  class space    used 2821K, capacity 3073K, committed 3200K, reserved 1048576K
}
Event: 2,756 GC heap before
{Heap before GC invocations=6 (full 0):
 garbage-first heap   total 256000K, used 74010K [0x0000000708400000, 0x0000000800000000)
  region size 1024K, 48 young (49152K), 17 survivors (17408K)
 Metaspace       used 26229K, capacity 26940K, committed 27264K, reserved 1073152K
  class space    used 2838K, capacity 3083K, committed 3200K, reserved 1048576K
}

Deoptimization events (20 events):
Event: 2,710 Thread 0x00007f5524017800 DEOPT PACKING pc=0x00007f55146001c8 sp=0x00007f552a492c80
Event: 2,710 Thread 0x00007f5524017800 DEOPT UNPACKING pc=0x00007f550c89cea5 sp=0x00007f552a492bd0 mode 2
Event: 2,711 Thread 0x00007f5524017800 Uncommon trap: trap_request=0xffffff4d fr.pc=0x00007f55146202f4 relative=0x0000000000000574
Event: 2,711 Thread 0x00007f5524017800 Uncommon trap: reason=unstable_if action=reinterpret pc=0x00007f55146202f4 method=com.sun.tools.javac.tree.TreeInfo.getStartPos(Lcom/sun/tools/javac/tree/JCTree;)I @ 17 c2
Event: 2,711 Thread 0x00007f5524017800 DEOPT PACKING pc=0x00007f55146202f4 sp=0x00007f552a492250
Event: 2,711 Thread 0x00007f5524017800 DEOPT UNPACKING pc=0x00007f550c89cea5 sp=0x00007f552a492200 mode 2
Event: 2,741 Thread 0x00007f5524017800 Uncommon trap: trap_request=0xffffff4d fr.pc=0x00007f55145aebbc relative=0x000000000000009c
Event: 2,741 Thread 0x00007f5524017800 Uncommon trap: reason=unstable_if action=reinterpret pc=0x00007f55145aebbc method=java.lang.StringLatin1.lastIndexOf([BI[BII)I @ 32 c2
Event: 2,741 Thread 0x00007f5524017800 DEOPT PACKING pc=0x00007f55145aebbc sp=0x00007f552a4939b0
Event: 2,741 Thread 0x00007f5524017800 DEOPT UNPACKING pc=0x00007f550c89cea5 sp=0x00007f552a493928 mode 2
Event: 2,746 Thread 0x00007f5524017800 Uncommon trap: trap_request=0xffffff4d fr.pc=0x00007f5514510d20 relative=0x00000000000005e0
Event: 2,746 Thread 0x00007f5524017800 Uncommon trap: reason=unstable_if action=reinterpret pc=0x00007f5514510d20 method=java.io.File.getName()Ljava/lang/String; @ 16 c2
Event: 2,746 Thread 0x00007f5524017800 DEOPT PACKING pc=0x00007f5514510d20 sp=0x00007f552a493a70
Event: 2,746 Thread 0x00007f5524017800 DEOPT UNPACKING pc=0x00007f550c89cea5 sp=0x00007f552a493a38 mode 2
Event: 2,749 Thread 0x00007f5524017800 DEOPT PACKING pc=0x00007f550d818ba9 sp=0x00007f552a492e90
Event: 2,749 Thread 0x00007f5524017800 DEOPT UNPACKING pc=0x00007f550c89d64a sp=0x00007f552a4923c0 mode 0
Event: 2,749 Thread 0x00007f5524017800 DEOPT PACKING pc=0x00007f550d818ba9 sp=0x00007f552a492e90
Event: 2,749 Thread 0x00007f5524017800 DEOPT UNPACKING pc=0x00007f550c89d64a sp=0x00007f552a4923c0 mode 0
Event: 2,752 Thread 0x00007f5524017800 DEOPT PACKING pc=0x00007f550d668399 sp=0x00007f552a4928e0
Event: 2,752 Thread 0x00007f5524017800 DEOPT UNPACKING pc=0x00007f550c89d64a sp=0x00007f552a491ef0 mode 0

Classes redefined (0 events):
No events

Internal exceptions (20 events):
Event: 0,834 Thread 0x00007f5524017800 Implicit null exception at 0x00007f551433e804 to 0x00007f551433ecf0
Event: 0,995 Thread 0x00007f5524017800 Implicit null exception at 0x00007f5514409413 to 0x00007f5514409614
Event: 0,995 Thread 0x00007f5524017800 Implicit null exception at 0x00007f551440c44c to 0x00007f551440cc28
Event: 0,995 Thread 0x00007f5524017800 Implicit null exception at 0x00007f55143a6f05 to 0x00007f55143a70f0
Event: 0,995 Thread 0x00007f5524017800 Implicit null exception at 0x00007f5514391dcb to 0x00007f55143924a8
Event: 1,705 Thread 0x00007f5524017800 Exception <a 'java/lang/NoSuchMethodError'{0x00000007119da008}: 'int java.lang.invoke.DirectMethodHandle$Holder.invokeVirtual(java.lang.Object, java.lang.Object, java.lang.Object)'> (0x00000007119da008) thrown at [src/hotspot/share/interpreter/linkResolver.cpp, line 772]
Event: 1,744 Thread 0x00007f5524017800 Exception <a 'java/lang/NoSuchMethodError'{0x00000007118f30d0}: 'int java.lang.invoke.DirectMethodHandle$Holder.invokeStaticInit(java.lang.Object, java.lang.Object)'> (0x00000007118f30d0) thrown at [src/hotspot/share/interpreter/linkResolver.cpp, line 772]
Event: 1,814 Thread 0x00007f5524017800 Exception <a 'java/lang/NoSuchMethodError'{0x0000000717b8a568}: 'int java.lang.invoke.DirectMethodHandle$Holder.invokeVirtual(java.lang.Object, java.lang.Object)'> (0x0000000717b8a568) thrown at [src/hotspot/share/interpreter/linkResolver.cpp, line 772]
Event: 1,818 Thread 0x00007f5524017800 Exception <a 'java/lang/NoSuchMethodError'{0x0000000717bb9498}: 'java.lang.Object java.lang.invoke.Invokers$Holder.linkToTargetMethod(java.lang.Object, java.lang.Object, java.lang.Object, java.lang.Object, java.lang.Object, java.lang.Object)'> (0x0000000717bb9498) thrown at [src/hotspot/share/interpreter/linkResolver.cpp, line 772]
Event: 1,951 Thread 0x00007f5524017800 Exception <a 'java/lang/NoSuchMethodError'{0x0000000716c716b8}: 'int java.lang.invoke.DirectMethodHandle$Holder.invokeSpecial(java.lang.Object, java.lang.Object, java.lang.Object, java.lang.Object)'> (0x0000000716c716b8) thrown at [src/hotspot/share/interpreter/linkResolver.cpp, line 772]
Event: 1,986 Thread 0x00007f5524017800 Exception <a 'java/lang/NoSuchMethodError'{0x0000000716a57908}: 'java.lang.Object java.lang.invoke.DirectMethodHandle$Holder.invokeStatic(java.lang.Object, int, java.lang.Object)'> (0x0000000716a57908) thrown at [src/hotspot/share/interpreter/linkResolver.cpp, line 772]
Event: 2,153 Thread 0x00007f5524017800 Exception <a 'java/lang/NoSuchMethodError'{0x0000000711ffed80}: 'int java.lang.invoke.DirectMethodHandle$Holder.invokeSpecial(java.lang.Object, java.lang.Object, java.lang.Object, java.lang.Object, java.lang.Object)'> (0x0000000711ffed80) thrown at [src/hotspot/share/interpreter/linkResolver.cpp, line 772]
Event: 2,436 Thread 0x00007f5524017800 Exception <a 'java/lang/NoSuchMethodError'{0x000000070f90c410}: 'int java.lang.invoke.DirectMethodHandle$Holder.invokeVirtual(java.lang.Object, java.lang.Object, java.lang.Object, java.lang.Object)'> (0x000000070f90c410) thrown at [src/hotspot/share/interpreter/linkResolver.cpp, line 772]
Event: 2,437 Thread 0x00007f5524017800 Exception <a 'java/lang/NoSuchMethodError'{0x000000070f917448}: 'java.lang.Object java.lang.invoke.DirectMethodHandle$Holder.invokeStatic(java.lang.Object, java.lang.Object, int, java.lang.Object)'> (0x000000070f917448) thrown at [src/hotspot/share/interpreter/linkResolver.cpp, line 772]
Event: 2,437 Thread 0x00007f5524017800 Exception <a 'java/lang/NoSuchMethodError'{0x000000070f91e470}: 'java.lang.Object java.lang.invoke.Invokers$Holder.linkToTargetMethod(java.lang.Object, int, java.lang.Object, java.lang.Object)'> (0x000000070f91e470) thrown at [src/hotspot/share/interpreter/linkResolver.cpp, line 772]
Event: 2,438 Thread 0x00007f5524017800 Exception <a 'java/lang/NoSuchMethodError'{0x000000070f923eb0}: 'java.lang.Object java.lang.invoke.DirectMethodHandle$Holder.invokeVirtual(java.lang.Object, java.lang.Object, java.lang.Object)'> (0x000000070f923eb0) thrown at [src/hotspot/share/interpreter/linkResolver.cpp, line 772]
Event: 2,459 Thread 0x00007f5524017800 Exception <a 'java/lang/NoSuchMethodError'{0x000000070f812768}: 'java.lang.Object java.lang.invoke.DirectMethodHandle$Holder.invokeSpecial(java.lang.Object, java.lang.Object, java.lang.Object, java.lang.Object, java.lang.Object, java.lang.Object, java.lang.Object, java.lang.Object, java.lang.Object)'> (0x000000070f812768) thrown at [src/hotspot/share/interpreter/linkResolver.cpp, line 772]
Event: 2,459 Thread 0x00007f5524017800 Exception <a 'java/lang/NoSuchMethodError'{0x000000070f816c08}: 'java.lang.Object java.lang.invoke.Invokers$Holder.linkToTargetMethod(java.lang.Object, java.lang.Object, java.lang.Object, java.lang.Object, java.lang.Object, java.lang.Object, java.lang.Object, java.lang.Object)'> (0x000000070f816c08) thrown at [src/hotspot/share/interpreter/linkResolver.cpp, line 772]
Event: 2,461 Thread 0x00007f5524017800 Exception <a 'java/lang/NoSuchMethodError'{0x000000070f824ac8}: 'java.lang.Object java.lang.invoke.Invokers$Holder.linkToTargetMethod(java.lang.Object, java.lang.Object, java.lang.Object, java.lang.Object, java.lang.Object, java.lang.Object, java.lang.Object)'> (0x000000070f824ac8) thrown at [src/hotspot/share/interpreter/linkResolver.cpp, line 772]
Event: 2,648 Thread 0x00007f5524017800 Implicit null exception at 0x00007f55145d4480 to 0x00007f55145d4530

Events (20 events):
Event: 2,713 Executing VM operation: ICBufferFull done
Event: 2,736 loading class java/util/EnumMap$Values
Event: 2,736 loading class java/util/EnumMap$Values done
Event: 2,736 loading class java/util/EnumMap$ValueIterator
Event: 2,736 loading class java/util/EnumMap$ValueIterator done
Event: 2,737 loading class java/util/WeakHashMap$KeyIterator
Event: 2,737 loading class java/util/WeakHashMap$HashIterator
Event: 2,737 loading class java/util/WeakHashMap$HashIterator done
Event: 2,737 loading class java/util/WeakHashMap$KeyIterator done
Event: 2,740 loading class org/apache/maven/shared/utils/io/DirectoryScanResult
Event: 2,740 loading class org/apache/maven/shared/utils/io/DirectoryScanResult done
Event: 2,740 loading class org/apache/maven/shared/utils/io/DirectoryScanResult
Event: 2,740 loading class org/apache/maven/shared/utils/io/DirectoryScanResult done
Event: 2,742 loading class org/apache/maven/plugins/resources/Delimiter
Event: 2,742 loading class org/apache/maven/plugins/resources/Delimiter done
Event: 2,742 loading class org/apache/maven/plugins/resources/Delimiter
Event: 2,742 loading class org/apache/maven/plugins/resources/Delimiter done
Event: 2,742 loading class org/apache/maven/plugins/resources/Delimiter
Event: 2,742 loading class org/apache/maven/plugins/resources/Delimiter done
Event: 2,755 Executing VM operation: G1CollectForAllocation


Dynamic libraries:
708400000-717c00000 rw-p 00000000 00:00 0 
717c00000-7bfe00000 ---p 00000000 00:00 0 
7bfe00000-7bfe47000 rw-p 01114000 103:06 3802055                         /usr/lib/jvm/java-11-openjdk-amd64/lib/server/classes.jsa
7bfe47000-7bff00000 rw-p 00000000 00:00 0 
7bff00000-7bff6b000 rw-p 010a9000 103:06 3802055                         /usr/lib/jvm/java-11-openjdk-amd64/lib/server/classes.jsa
7bff6b000-7c0000000 rw-p 00000000 00:00 0 
7c0000000-800000000 ---p 00000000 00:00 0 
800000000-800002000 rwxp 00001000 103:06 3802055                         /usr/lib/jvm/java-11-openjdk-amd64/lib/server/classes.jsa
800002000-8003b7000 rw-p 00003000 103:06 3802055                         /usr/lib/jvm/java-11-openjdk-amd64/lib/server/classes.jsa
8003b7000-800a97000 r--p 003b8000 103:06 3802055                         /usr/lib/jvm/java-11-openjdk-amd64/lib/server/classes.jsa
800a97000-800a98000 rw-p 00a98000 103:06 3802055                         /usr/lib/jvm/java-11-openjdk-amd64/lib/server/classes.jsa
800a98000-8010a8000 r--p 00a99000 103:06 3802055                         /usr/lib/jvm/java-11-openjdk-amd64/lib/server/classes.jsa
840000000-840320000 rw-p 00000000 00:00 0 
840320000-880000000 ---p 00000000 00:00 0 
5622eacc4000-5622eacc5000 r--p 00000000 103:06 2889075                   /usr/lib/jvm/java-11-openjdk-amd64/bin/java
5622eacc5000-5622eacc6000 r-xp 00001000 103:06 2889075                   /usr/lib/jvm/java-11-openjdk-amd64/bin/java
5622eacc6000-5622eacc7000 r--p 00002000 103:06 2889075                   /usr/lib/jvm/java-11-openjdk-amd64/bin/java
5622eacc7000-5622eacc8000 r--p 00002000 103:06 2889075                   /usr/lib/jvm/java-11-openjdk-amd64/bin/java
5622eacc8000-5622eacc9000 rw-p 00003000 103:06 2889075                   /usr/lib/jvm/java-11-openjdk-amd64/bin/java
5622ec08f000-5622ec0b0000 rw-p 00000000 00:00 0                          [heap]
7f5484000000-7f5484021000 rw-p 00000000 00:00 0 
7f5484021000-7f5488000000 ---p 00000000 00:00 0 
7f548c000000-7f548c021000 rw-p 00000000 00:00 0 
7f548c021000-7f5490000000 ---p 00000000 00:00 0 
7f5490000000-7f5490021000 rw-p 00000000 00:00 0 
7f5490021000-7f5494000000 ---p 00000000 00:00 0 
7f5494000000-7f5494021000 rw-p 00000000 00:00 0 
7f5494021000-7f5498000000 ---p 00000000 00:00 0 
7f5498000000-7f5498021000 rw-p 00000000 00:00 0 
7f5498021000-7f549c000000 ---p 00000000 00:00 0 
7f549c000000-7f549c021000 rw-p 00000000 00:00 0 
7f549c021000-7f54a0000000 ---p 00000000 00:00 0 
7f54a0000000-7f54a0021000 rw-p 00000000 00:00 0 
7f54a0021000-7f54a4000000 ---p 00000000 00:00 0 
7f54a4000000-7f54a4021000 rw-p 00000000 00:00 0 
7f54a4021000-7f54a8000000 ---p 00000000 00:00 0 
7f54a8000000-7f54a8021000 rw-p 00000000 00:00 0 
7f54a8021000-7f54ac000000 ---p 00000000 00:00 0 
7f54ac000000-7f54ac021000 rw-p 00000000 00:00 0 
7f54ac021000-7f54b0000000 ---p 00000000 00:00 0 
7f54b0000000-7f54b0021000 rw-p 00000000 00:00 0 
7f54b0021000-7f54b4000000 ---p 00000000 00:00 0 
7f54b4000000-7f54b49f7000 rw-p 00000000 00:00 0 
7f54b49f7000-7f54b8000000 ---p 00000000 00:00 0 
7f54b8000000-7f54b8021000 rw-p 00000000 00:00 0 
7f54b8021000-7f54bc000000 ---p 00000000 00:00 0 
7f54bc000000-7f54bcb4d000 rw-p 00000000 00:00 0 
7f54bcb4d000-7f54c0000000 ---p 00000000 00:00 0 
7f54c0000000-7f54c0021000 rw-p 00000000 00:00 0 
7f54c0021000-7f54c4000000 ---p 00000000 00:00 0 
7f54c61e6000-7f54c61e7000 ---p 00000000 00:00 0 
7f54c61e7000-7f54c62e8000 rw-p 00000000 00:00 0 
7f54c62e8000-7f54c62e9000 ---p 00000000 00:00 0 
7f54c62e9000-7f54c63ea000 rw-p 00000000 00:00 0 
7f54c63ea000-7f54c63eb000 ---p 00000000 00:00 0 
7f54c63eb000-7f54c64ec000 rw-p 00000000 00:00 0 
7f54c64ec000-7f54c64ed000 ---p 00000000 00:00 0 
7f54c64ed000-7f54c65ee000 rw-p 00000000 00:00 0 
7f54c65ee000-7f54c65ef000 ---p 00000000 00:00 0 
7f54c65ef000-7f54c6870000 rw-p 00000000 00:00 0 
7f54c6870000-7f54c68f0000 ---p 00000000 00:00 0 
7f54c68f0000-7f54c6af0000 rw-p 00000000 00:00 0 
7f54c6af0000-7f54c6af1000 ---p 00000000 00:00 0 
7f54c6af1000-7f54c6bf2000 rw-p 00000000 00:00 0 
7f54c6bf2000-7f54c6bf3000 ---p 00000000 00:00 0 
7f54c6bf3000-7f54c6ef4000 rw-p 00000000 00:00 0 
7f54c6ef4000-7f54c70f4000 rw-p 00000000 00:00 0 
7f54c70f4000-7f54c72f4000 rw-p 00000000 00:00 0 
7f54c72f4000-7f54c74f4000 rw-p 00000000 00:00 0 
7f54c74f4000-7f54c76f4000 rw-p 00000000 00:00 0 
7f54c76f4000-7f54c78f4000 rw-p 00000000 00:00 0 
7f54c78f4000-7f54c78f5000 ---p 00000000 00:00 0 
7f54c78f5000-7f54c79f6000 rw-p 00000000 00:00 0 
7f54c79f6000-7f54c79f7000 ---p 00000000 00:00 0 
7f54c79f7000-7f54c7af8000 rw-p 00000000 00:00 0 
7f54c7af8000-7f54c7af9000 ---p 00000000 00:00 0 
7f54c7af9000-7f54c7bfa000 rw-p 00000000 00:00 0 
7f54c7bfa000-7f54c7bfb000 ---p 00000000 00:00 0 
7f54c7bfb000-7f54c7cfc000 rw-p 00000000 00:00 0 
7f54c7cfc000-7f54c7cfd000 ---p 00000000 00:00 0 
7f54c7cfd000-7f54c7dfe000 rw-p 00000000 00:00 0 
7f54c7dfe000-7f54c7e02000 ---p 00000000 00:00 0 
7f54c7e02000-7f54c7eff000 rw-p 00000000 00:00 0 
7f54c7eff000-7f54c7f03000 ---p 00000000 00:00 0 
7f54c7f03000-7f54c8000000 rw-p 00000000 00:00 0 
7f54c8000000-7f54c8021000 rw-p 00000000 00:00 0 
7f54c8021000-7f54cc000000 ---p 00000000 00:00 0 
7f54cc000000-7f54cc021000 rw-p 00000000 00:00 0 
7f54cc021000-7f54d0000000 ---p 00000000 00:00 0 
7f54d0000000-7f54d0f0e000 rw-p 00000000 00:00 0 
7f54d0f0e000-7f54d4000000 ---p 00000000 00:00 0 
7f54d4000000-7f54d4a27000 rw-p 00000000 00:00 0 
7f54d4a27000-7f54d8000000 ---p 00000000 00:00 0 
7f54d8000000-7f54d8021000 rw-p 00000000 00:00 0 
7f54d8021000-7f54dc000000 ---p 00000000 00:00 0 
7f54dc000000-7f54dc021000 rw-p 00000000 00:00 0 
7f54dc021000-7f54e0000000 ---p 00000000 00:00 0 
7f54e0000000-7f54e0021000 rw-p 00000000 00:00 0 
7f54e0021000-7f54e4000000 ---p 00000000 00:00 0 
7f54e4000000-7f54e4021000 rw-p 00000000 00:00 0 
7f54e4021000-7f54e8000000 ---p 00000000 00:00 0 
7f54e8000000-7f54e8021000 rw-p 00000000 00:00 0 
7f54e8021000-7f54ec000000 ---p 00000000 00:00 0 
7f54ec000000-7f54ec021000 rw-p 00000000 00:00 0 
7f54ec021000-7f54f0000000 ---p 00000000 00:00 0 
7f54f0000000-7f54f0021000 rw-p 00000000 00:00 0 
7f54f0021000-7f54f4000000 ---p 00000000 00:00 0 
7f54f4000000-7f54f4021000 rw-p 00000000 00:00 0 
7f54f4021000-7f54f8000000 ---p 00000000 00:00 0 
7f54f80c7000-7f54f80ca000 r-xp 00000000 103:06 3802132                   /tmp/jansi-2.3.4-eb5c9354d525e14-libjansi.so
7f54f80ca000-7f54f82c9000 ---p 00003000 103:06 3802132                   /tmp/jansi-2.3.4-eb5c9354d525e14-libjansi.so
7f54f82c9000-7f54f82ca000 rw-p 00002000 103:06 3802132                   /tmp/jansi-2.3.4-eb5c9354d525e14-libjansi.so
7f54f82ca000-7f54f82fb000 rw-p 00000000 00:00 0 
7f54f82fb000-7f54f82ff000 ---p 00000000 00:00 0 
7f54f82ff000-7f54f83fc000 rw-p 00000000 00:00 0 
7f54f83fc000-7f54f83fd000 ---p 00000000 00:00 0 
7f54f83fd000-7f54f84fe000 rw-p 00000000 00:00 0 
7f54f84fe000-7f54f8502000 ---p 00000000 00:00 0 
7f54f8502000-7f54f85ff000 rw-p 00000000 00:00 0 
7f54f85ff000-7f54f8603000 ---p 00000000 00:00 0 
7f54f8603000-7f54f8700000 rw-p 00000000 00:00 0 
7f54f8700000-7f54f8704000 ---p 00000000 00:00 0 
7f54f8704000-7f54f8801000 rw-p 00000000 00:00 0 
7f54f8801000-7f54f8805000 ---p 00000000 00:00 0 
7f54f8805000-7f54f8902000 rw-p 00000000 00:00 0 
7f54f8902000-7f54f8906000 ---p 00000000 00:00 0 
7f54f8906000-7f54f8a03000 rw-p 00000000 00:00 0 
7f54f8a03000-7f54f8f74000 r--p 00000000 103:06 2889157                   /usr/lib/locale/locale-archive
7f54f8f74000-7f54f8f78000 ---p 00000000 00:00 0 
7f54f8f78000-7f54f9075000 rw-p 00000000 00:00 0 
7f54f9075000-7f54f9079000 ---p 00000000 00:00 0 
7f54f9079000-7f54f9176000 rw-p 00000000 00:00 0 
7f54f9176000-7f54f9177000 ---p 00000000 00:00 0 
7f54f9177000-7f54f9af9000 rw-p 00000000 00:00 0 
7f54f9af9000-7f54f9afa000 ---p 00000000 00:00 0 
7f54f9afa000-7f54f9bfb000 rw-p 00000000 00:00 0 
7f54f9bfb000-7f54f9bfc000 ---p 00000000 00:00 0 
7f54f9bfc000-7f54fc000000 rw-p 00000000 00:00 0 
7f54fc000000-7f54fc021000 rw-p 00000000 00:00 0 
7f54fc021000-7f5500000000 ---p 00000000 00:00 0 
7f550001c000-7f5500800000 rw-p 00000000 00:00 0 
7f5500800000-7f5503208000 ---p 00000000 00:00 0 
7f5503208000-7f5503210000 rw-p 00000000 00:00 0 
7f5503210000-7f5504210000 ---p 00000000 00:00 0 
7f5504210000-7f55045f0000 rw-p 00000000 00:00 0 
7f55045f0000-7f5506ff8000 ---p 00000000 00:00 0 
7f5506ff8000-7f5507000000 rw-p 00000000 00:00 0 
7f5507000000-7f5508000000 ---p 00000000 00:00 0 
7f5508000000-7f5508021000 rw-p 00000000 00:00 0 
7f5508021000-7f550c000000 ---p 00000000 00:00 0 
7f550c021000-7f550c025000 r--p 00000000 103:06 2981053                   /usr/lib/jvm/java-11-openjdk-amd64/lib/libnet.so
7f550c025000-7f550c034000 r-xp 00004000 103:06 2981053                   /usr/lib/jvm/java-11-openjdk-amd64/lib/libnet.so
7f550c034000-7f550c038000 r--p 00013000 103:06 2981053                   /usr/lib/jvm/java-11-openjdk-amd64/lib/libnet.so
7f550c038000-7f550c039000 r--p 00016000 103:06 2981053                   /usr/lib/jvm/java-11-openjdk-amd64/lib/libnet.so
7f550c039000-7f550c03a000 rw-p 00017000 103:06 2981053                   /usr/lib/jvm/java-11-openjdk-amd64/lib/libnet.so
7f550c03a000-7f550c111000 rw-p 00000000 00:00 0 
7f550c111000-7f550c652000 ---p 00000000 00:00 0 
7f550c652000-7f550c653000 rw-p 00000000 00:00 0 
7f550c653000-7f550c853000 ---p 00000000 00:00 0 
7f550c853000-7f550cac3000 rwxp 00000000 00:00 0 
7f550cac3000-7f550cde4000 ---p 00000000 00:00 0 
7f550cde4000-7f550dc34000 rwxp 00000000 00:00 0 
7f550dc34000-7f551431b000 ---p 00000000 00:00 0 
7f551431b000-7f551462b000 rwxp 00000000 00:00 0 
7f551462b000-7f551b853000 ---p 00000000 00:00 0 
7f551b853000-7f5524000000 r--s 00000000 103:06 2981063                   /usr/lib/jvm/java-11-openjdk-amd64/lib/modules
7f5524000000-7f5525835000 rw-p 00000000 00:00 0 
7f5525835000-7f5528000000 ---p 00000000 00:00 0 
7f5528004000-7f552800b000 r--p 00000000 103:06 2981054                   /usr/lib/jvm/java-11-openjdk-amd64/lib/libnio.so
7f552800b000-7f5528013000 r-xp 00007000 103:06 2981054                   /usr/lib/jvm/java-11-openjdk-amd64/lib/libnio.so
7f5528013000-7f5528016000 r--p 0000f000 103:06 2981054                   /usr/lib/jvm/java-11-openjdk-amd64/lib/libnio.so
7f5528016000-7f5528017000 r--p 00011000 103:06 2981054                   /usr/lib/jvm/java-11-openjdk-amd64/lib/libnio.so
7f5528017000-7f5528018000 rw-p 00012000 103:06 2981054                   /usr/lib/jvm/java-11-openjdk-amd64/lib/libnio.so
7f5528018000-7f5528385000 rw-p 00000000 00:00 0 
7f5528385000-7f5528386000 ---p 00000000 00:00 0 
7f5528386000-7f5528487000 rw-p 00000000 00:00 0 
7f5528487000-7f5528488000 ---p 00000000 00:00 0 
7f5528488000-7f5528705000 rw-p 00000000 00:00 0 
7f5528705000-7f5528c46000 ---p 00000000 00:00 0 
7f5528c46000-7f5528c47000 rw-p 00000000 00:00 0 
7f5528c47000-7f5528e47000 ---p 00000000 00:00 0 
7f5528e47000-7f5528ec3000 rw-p 00000000 00:00 0 
7f5528ec3000-7f5529404000 ---p 00000000 00:00 0 
7f5529404000-7f5529405000 rw-p 00000000 00:00 0 
7f5529405000-7f5529605000 ---p 00000000 00:00 0 
7f5529605000-7f552a00f000 rw-p 00000000 00:00 0 
7f552a00f000-7f552a010000 ---p 00000000 00:00 0 
7f552a010000-7f552a118000 rw-p 00000000 00:00 0 
7f552a118000-7f552a1fc000 ---p 00000000 00:00 0 
7f552a1fc000-7f552a219000 rw-p 00000000 00:00 0 
7f552a219000-7f552a2e7000 ---p 00000000 00:00 0 
7f552a2e7000-7f552a2ec000 rw-p 00000000 00:00 0 
7f552a2ec000-7f552a2f3000 ---p 00000000 00:00 0 
7f552a2f3000-7f552a2f6000 r--p 00000000 103:06 3674023                   /lib/x86_64-linux-gnu/libnss_files-2.31.so
7f552a2f6000-7f552a2fd000 r-xp 00003000 103:06 3674023                   /lib/x86_64-linux-gnu/libnss_files-2.31.so
7f552a2fd000-7f552a2ff000 r--p 0000a000 103:06 3674023                   /lib/x86_64-linux-gnu/libnss_files-2.31.so
7f552a2ff000-7f552a300000 r--p 0000b000 103:06 3674023                   /lib/x86_64-linux-gnu/libnss_files-2.31.so
7f552a300000-7f552a301000 rw-p 0000c000 103:06 3674023                   /lib/x86_64-linux-gnu/libnss_files-2.31.so
7f552a301000-7f552a307000 rw-p 00000000 00:00 0 
7f552a307000-7f552a30c000 r--p 00000000 103:06 3674009                   /lib/x86_64-linux-gnu/libnsl-2.31.so
7f552a30c000-7f552a31c000 r-xp 00005000 103:06 3674009                   /lib/x86_64-linux-gnu/libnsl-2.31.so
7f552a31c000-7f552a320000 r--p 00015000 103:06 3674009                   /lib/x86_64-linux-gnu/libnsl-2.31.so
7f552a320000-7f552a321000 r--p 00018000 103:06 3674009                   /lib/x86_64-linux-gnu/libnsl-2.31.so
7f552a321000-7f552a322000 rw-p 00019000 103:06 3674009                   /lib/x86_64-linux-gnu/libnsl-2.31.so
7f552a322000-7f552a324000 rw-p 00000000 00:00 0 
7f552a324000-7f552a327000 r--p 00000000 103:06 3674031                   /lib/x86_64-linux-gnu/libnss_nis-2.31.so
7f552a327000-7f552a32f000 r-xp 00003000 103:06 3674031                   /lib/x86_64-linux-gnu/libnss_nis-2.31.so
7f552a32f000-7f552a331000 r--p 0000b000 103:06 3674031                   /lib/x86_64-linux-gnu/libnss_nis-2.31.so
7f552a331000-7f552a332000 r--p 0000c000 103:06 3674031                   /lib/x86_64-linux-gnu/libnss_nis-2.31.so
7f552a332000-7f552a333000 rw-p 0000d000 103:06 3674031                   /lib/x86_64-linux-gnu/libnss_nis-2.31.so
7f552a333000-7f552a335000 r--p 00000000 103:06 3674013                   /lib/x86_64-linux-gnu/libnss_compat-2.31.so
7f552a335000-7f552a33c000 r-xp 00002000 103:06 3674013                   /lib/x86_64-linux-gnu/libnss_compat-2.31.so
7f552a33c000-7f552a33d000 r--p 00009000 103:06 3674013                   /lib/x86_64-linux-gnu/libnss_compat-2.31.so
7f552a33d000-7f552a33e000 r--p 00009000 103:06 3674013                   /lib/x86_64-linux-gnu/libnss_compat-2.31.so
7f552a33e000-7f552a33f000 rw-p 0000a000 103:06 3674013                   /lib/x86_64-linux-gnu/libnss_compat-2.31.so
7f552a347000-7f552a349000 r--s 0000c000 103:06 3282460                   /usr/share/java/java-atk-wrapper.jar
7f552a349000-7f552a34b000 r--p 00000000 103:06 2981062                   /usr/lib/jvm/java-11-openjdk-amd64/lib/libzip.so
7f552a34b000-7f552a34f000 r-xp 00002000 103:06 2981062                   /usr/lib/jvm/java-11-openjdk-amd64/lib/libzip.so
7f552a34f000-7f552a351000 r--p 00006000 103:06 2981062                   /usr/lib/jvm/java-11-openjdk-amd64/lib/libzip.so
7f552a351000-7f552a352000 r--p 00007000 103:06 2981062                   /usr/lib/jvm/java-11-openjdk-amd64/lib/libzip.so
7f552a352000-7f552a353000 rw-p 00008000 103:06 2981062                   /usr/lib/jvm/java-11-openjdk-amd64/lib/libzip.so
7f552a353000-7f552a35b000 rw-s 00000000 103:06 3801921                   /tmp/hsperfdata_artur/87699
7f552a35b000-7f552a35c000 ---p 00000000 00:00 0 
7f552a35c000-7f552a35d000 r--p 00000000 00:00 0 
7f552a35d000-7f552a36b000 r--p 00000000 103:06 2981042                   /usr/lib/jvm/java-11-openjdk-amd64/lib/libjava.so
7f552a36b000-7f552a381000 r-xp 0000e000 103:06 2981042                   /usr/lib/jvm/java-11-openjdk-amd64/lib/libjava.so
7f552a381000-7f552a388000 r--p 00024000 103:06 2981042                   /usr/lib/jvm/java-11-openjdk-amd64/lib/libjava.so
7f552a388000-7f552a389000 r--p 0002a000 103:06 2981042                   /usr/lib/jvm/java-11-openjdk-amd64/lib/libjava.so
7f552a389000-7f552a38a000 rw-p 0002b000 103:06 2981042                   /usr/lib/jvm/java-11-openjdk-amd64/lib/libjava.so
7f552a38a000-7f552a38b000 rw-p 00000000 00:00 0 
7f552a38b000-7f552a38e000 r--p 00000000 103:06 3674043                   /lib/x86_64-linux-gnu/librt-2.31.so
7f552a38e000-7f552a392000 r-xp 00003000 103:06 3674043                   /lib/x86_64-linux-gnu/librt-2.31.so
7f552a392000-7f552a393000 r--p 00007000 103:06 3674043                   /lib/x86_64-linux-gnu/librt-2.31.so
7f552a393000-7f552a394000 ---p 00008000 103:06 3674043                   /lib/x86_64-linux-gnu/librt-2.31.so
7f552a394000-7f552a395000 r--p 00008000 103:06 3674043                   /lib/x86_64-linux-gnu/librt-2.31.so
7f552a395000-7f552a396000 rw-p 00009000 103:06 3674043                   /lib/x86_64-linux-gnu/librt-2.31.so
7f552a396000-7f552a39a000 ---p 00000000 00:00 0 
7f552a39a000-7f552a497000 rw-p 00000000 00:00 0 
7f552a497000-7f552a49a000 r--p 00000000 103:06 3670736                   /lib/x86_64-linux-gnu/libgcc_s.so.1
7f552a49a000-7f552a4ac000 r-xp 00003000 103:06 3670736                   /lib/x86_64-linux-gnu/libgcc_s.so.1
7f552a4ac000-7f552a4b0000 r--p 00015000 103:06 3670736                   /lib/x86_64-linux-gnu/libgcc_s.so.1
7f552a4b0000-7f552a4b1000 r--p 00018000 103:06 3670736                   /lib/x86_64-linux-gnu/libgcc_s.so.1
7f552a4b1000-7f552a4b2000 rw-p 00019000 103:06 3670736                   /lib/x86_64-linux-gnu/libgcc_s.so.1
7f552a4b2000-7f552a4c1000 r--p 00000000 103:06 3673997                   /lib/x86_64-linux-gnu/libm-2.31.so
7f552a4c1000-7f552a568000 r-xp 0000f000 103:06 3673997                   /lib/x86_64-linux-gnu/libm-2.31.so
7f552a568000-7f552a5ff000 r--p 000b6000 103:06 3673997                   /lib/x86_64-linux-gnu/libm-2.31.so
7f552a5ff000-7f552a600000 r--p 0014c000 103:06 3673997                   /lib/x86_64-linux-gnu/libm-2.31.so
7f552a600000-7f552a601000 rw-p 0014d000 103:06 3673997                   /lib/x86_64-linux-gnu/libm-2.31.so
7f552a601000-7f552a697000 r--p 00000000 103:06 2883678                   /usr/lib/x86_64-linux-gnu/libstdc++.so.6.0.28
7f552a697000-7f552a788000 r-xp 00096000 103:06 2883678                   /usr/lib/x86_64-linux-gnu/libstdc++.so.6.0.28
7f552a788000-7f552a7d1000 r--p 00187000 103:06 2883678                   /usr/lib/x86_64-linux-gnu/libstdc++.so.6.0.28
7f552a7d1000-7f552a7d2000 ---p 001d0000 103:06 2883678                   /usr/lib/x86_64-linux-gnu/libstdc++.so.6.0.28
7f552a7d2000-7f552a7dd000 r--p 001d0000 103:06 2883678                   /usr/lib/x86_64-linux-gnu/libstdc++.so.6.0.28
7f552a7dd000-7f552a7e0000 rw-p 001db000 103:06 2883678                   /usr/lib/x86_64-linux-gnu/libstdc++.so.6.0.28
7f552a7e0000-7f552a7e3000 rw-p 00000000 00:00 0 
7f552a7e3000-7f552aa64000 r--p 00000000 103:06 3803217                   /usr/lib/jvm/java-11-openjdk-amd64/lib/server/libjvm.so
7f552aa64000-7f552b6e4000 r-xp 00281000 103:06 3803217                   /usr/lib/jvm/java-11-openjdk-amd64/lib/server/libjvm.so
7f552b6e4000-7f552b93f000 r--p 00f01000 103:06 3803217                   /usr/lib/jvm/java-11-openjdk-amd64/lib/server/libjvm.so
7f552b93f000-7f552ba03000 r--p 0115b000 103:06 3803217                   /usr/lib/jvm/java-11-openjdk-amd64/lib/server/libjvm.so
7f552ba03000-7f552ba3e000 rw-p 0121f000 103:06 3803217                   /usr/lib/jvm/java-11-openjdk-amd64/lib/server/libjvm.so
7f552ba3e000-7f552ba97000 rw-p 00000000 00:00 0 
7f552ba97000-7f552ba9e000 r--p 00000000 103:06 3674039                   /lib/x86_64-linux-gnu/libpthread-2.31.so
7f552ba9e000-7f552baaf000 r-xp 00007000 103:06 3674039                   /lib/x86_64-linux-gnu/libpthread-2.31.so
7f552baaf000-7f552bab4000 r--p 00018000 103:06 3674039                   /lib/x86_64-linux-gnu/libpthread-2.31.so
7f552bab4000-7f552bab5000 r--p 0001c000 103:06 3674039                   /lib/x86_64-linux-gnu/libpthread-2.31.so
7f552bab5000-7f552bab6000 rw-p 0001d000 103:06 3674039                   /lib/x86_64-linux-gnu/libpthread-2.31.so
7f552bab6000-7f552baba000 rw-p 00000000 00:00 0 
7f552baba000-7f552babb000 r--p 00000000 103:06 3673993                   /lib/x86_64-linux-gnu/libdl-2.31.so
7f552babb000-7f552babd000 r-xp 00001000 103:06 3673993                   /lib/x86_64-linux-gnu/libdl-2.31.so
7f552babd000-7f552babe000 r--p 00003000 103:06 3673993                   /lib/x86_64-linux-gnu/libdl-2.31.so
7f552babe000-7f552babf000 r--p 00003000 103:06 3673993                   /lib/x86_64-linux-gnu/libdl-2.31.so
7f552babf000-7f552bac0000 rw-p 00004000 103:06 3673993                   /lib/x86_64-linux-gnu/libdl-2.31.so
7f552bac0000-7f552bac2000 r--p 00000000 103:06 3672661                   /lib/x86_64-linux-gnu/libz.so.1.2.11
7f552bac2000-7f552bad3000 r-xp 00002000 103:06 3672661                   /lib/x86_64-linux-gnu/libz.so.1.2.11
7f552bad3000-7f552bad9000 r--p 00013000 103:06 3672661                   /lib/x86_64-linux-gnu/libz.so.1.2.11
7f552bad9000-7f552bada000 ---p 00019000 103:06 3672661                   /lib/x86_64-linux-gnu/libz.so.1.2.11
7f552bada000-7f552badb000 r--p 00019000 103:06 3672661                   /lib/x86_64-linux-gnu/libz.so.1.2.11
7f552badb000-7f552badc000 rw-p 0001a000 103:06 3672661                   /lib/x86_64-linux-gnu/libz.so.1.2.11
7f552badc000-7f552bb01000 r--p 00000000 103:06 3673989                   /lib/x86_64-linux-gnu/libc-2.31.so
7f552bb01000-7f552bc79000 r-xp 00025000 103:06 3673989                   /lib/x86_64-linux-gnu/libc-2.31.so
7f552bc79000-7f552bcc3000 r--p 0019d000 103:06 3673989                   /lib/x86_64-linux-gnu/libc-2.31.so
7f552bcc3000-7f552bcc4000 ---p 001e7000 103:06 3673989                   /lib/x86_64-linux-gnu/libc-2.31.so
7f552bcc4000-7f552bcc7000 r--p 001e7000 103:06 3673989                   /lib/x86_64-linux-gnu/libc-2.31.so
7f552bcc7000-7f552bcca000 rw-p 001ea000 103:06 3673989                   /lib/x86_64-linux-gnu/libc-2.31.so
7f552bcca000-7f552bcce000 rw-p 00000000 00:00 0 
7f552bccf000-7f552bcd1000 r--p 00000000 103:06 2981045                   /usr/lib/jvm/java-11-openjdk-amd64/lib/libjimage.so
7f552bcd1000-7f552bcd4000 r-xp 00002000 103:06 2981045                   /usr/lib/jvm/java-11-openjdk-amd64/lib/libjimage.so
7f552bcd4000-7f552bcd5000 r--p 00005000 103:06 2981045                   /usr/lib/jvm/java-11-openjdk-amd64/lib/libjimage.so
7f552bcd5000-7f552bcd6000 ---p 00006000 103:06 2981045                   /usr/lib/jvm/java-11-openjdk-amd64/lib/libjimage.so
7f552bcd6000-7f552bcd7000 r--p 00006000 103:06 2981045                   /usr/lib/jvm/java-11-openjdk-amd64/lib/libjimage.so
7f552bcd7000-7f552bcd8000 rw-p 00007000 103:06 2981045                   /usr/lib/jvm/java-11-openjdk-amd64/lib/libjimage.so
7f552bcd8000-7f552bcdd000 r--p 00000000 103:06 2981061                   /usr/lib/jvm/java-11-openjdk-amd64/lib/libverify.so
7f552bcdd000-7f552bce4000 r-xp 00005000 103:06 2981061                   /usr/lib/jvm/java-11-openjdk-amd64/lib/libverify.so
7f552bce4000-7f552bce6000 r--p 0000c000 103:06 2981061                   /usr/lib/jvm/java-11-openjdk-amd64/lib/libverify.so
7f552bce6000-7f552bce7000 ---p 0000e000 103:06 2981061                   /usr/lib/jvm/java-11-openjdk-amd64/lib/libverify.so
7f552bce7000-7f552bce9000 r--p 0000e000 103:06 2981061                   /usr/lib/jvm/java-11-openjdk-amd64/lib/libverify.so
7f552bce9000-7f552bcea000 rw-p 00010000 103:06 2981061                   /usr/lib/jvm/java-11-openjdk-amd64/lib/libverify.so
7f552bcea000-7f552bced000 r--p 00000000 103:06 3710597                   /usr/lib/jvm/java-11-openjdk-amd64/lib/jli/libjli.so
7f552bced000-7f552bcf7000 r-xp 00003000 103:06 3710597                   /usr/lib/jvm/java-11-openjdk-amd64/lib/jli/libjli.so
7f552bcf7000-7f552bcfa000 r--p 0000d000 103:06 3710597                   /usr/lib/jvm/java-11-openjdk-amd64/lib/jli/libjli.so
7f552bcfa000-7f552bcfb000 ---p 00010000 103:06 3710597                   /usr/lib/jvm/java-11-openjdk-amd64/lib/jli/libjli.so
7f552bcfb000-7f552bcfc000 r--p 00010000 103:06 3710597                   /usr/lib/jvm/java-11-openjdk-amd64/lib/jli/libjli.so
7f552bcfc000-7f552bcfd000 rw-p 00011000 103:06 3710597                   /usr/lib/jvm/java-11-openjdk-amd64/lib/jli/libjli.so
7f552bcfd000-7f552bcff000 rw-p 00000000 00:00 0 
7f552bcff000-7f552bd00000 r--p 00000000 103:06 3673973                   /lib/x86_64-linux-gnu/ld-2.31.so
7f552bd00000-7f552bd23000 r-xp 00001000 103:06 3673973                   /lib/x86_64-linux-gnu/ld-2.31.so
7f552bd23000-7f552bd2b000 r--p 00024000 103:06 3673973                   /lib/x86_64-linux-gnu/ld-2.31.so
7f552bd2c000-7f552bd2d000 r--p 0002c000 103:06 3673973                   /lib/x86_64-linux-gnu/ld-2.31.so
7f552bd2d000-7f552bd2e000 rw-p 0002d000 103:06 3673973                   /lib/x86_64-linux-gnu/ld-2.31.so
7f552bd2e000-7f552bd2f000 rw-p 00000000 00:00 0 
7ffdfc514000-7ffdfc536000 rw-p 00000000 00:00 0                          [stack]
7ffdfc5ce000-7ffdfc5d1000 r--p 00000000 00:00 0                          [vvar]
7ffdfc5d1000-7ffdfc5d2000 r-xp 00000000 00:00 0                          [vdso]
ffffffffff600000-ffffffffff601000 --xp 00000000 00:00 0                  [vsyscall]


VM Arguments:
jvm_args: -Dmaven.home=/home/artur/Desktop/3ano/IES/medical-management-system/Project -Dmaven.multiModuleProjectDirectory=/home/artur/Desktop/3ano/IES/medical-management-system/Project/medmanagesystem 
java_command: org.apache.maven.wrapper.MavenWrapperMain spring-boot:run
java_class_path (initial): /home/artur/Desktop/3ano/IES/medical-management-system/Project/medmanagesystem/.mvn/wrapper/maven-wrapper.jar
Launcher Type: SUN_STANDARD

[Global flags]
     intx CICompilerCount                          = 4                                         {product} {ergonomic}
     uint ConcGCThreads                            = 3                                         {product} {ergonomic}
     uint G1ConcRefinementThreads                  = 10                                        {product} {ergonomic}
   size_t G1HeapRegionSize                         = 1048576                                   {product} {ergonomic}
    uintx GCDrainStackTargetSize                   = 64                                        {product} {ergonomic}
   size_t InitialHeapSize                          = 260046848                                 {product} {ergonomic}
   size_t MarkStackSize                            = 4194304                                   {product} {ergonomic}
   size_t MaxHeapSize                              = 4156555264                                {product} {ergonomic}
   size_t MaxNewSize                               = 2493513728                                {product} {ergonomic}
   size_t MinHeapDeltaBytes                        = 1048576                                   {product} {ergonomic}
    uintx NonNMethodCodeHeapSize                   = 5836300                                {pd product} {ergonomic}
    uintx NonProfiledCodeHeapSize                  = 122910970                              {pd product} {ergonomic}
    uintx ProfiledCodeHeapSize                     = 122910970                              {pd product} {ergonomic}
    uintx ReservedCodeCacheSize                    = 251658240                              {pd product} {ergonomic}
     bool SegmentedCodeCache                       = true                                      {product} {ergonomic}
     bool UseCompressedClassPointers               = true                                 {lp64_product} {ergonomic}
     bool UseCompressedOops                        = true                                 {lp64_product} {ergonomic}
     bool UseG1GC                                  = true                                      {product} {ergonomic}

Logging:
Log output configuration:
 #0: stdout all=warning uptime,level,tags
 #1: stderr all=off uptime,level,tags

Environment Variables:
JAVA_HOME=/usr/lib/jvm/java-11-openjdk-amd64
CLASSPATH=.:/usr/local/lib/antlr-4.9.2-complete.jar:/usr/local/lib/ST-4.3.1.jar:
PATH=/home/artur/.nvm/versions/node/v14.17.0/bin:/home/artur/.local/bin:/usr/local/sbin:/usr/local/bin:/usr/sbin:/usr/bin:/sbin:/bin:/usr/games:/usr/local/games:/snap/bin:/usr/lib/jvm/java-16-oracle/bin:/usr/lib/jvm/java-16-oracle/db/bin:/opt/bin:.:
USERNAME=artur
SHELL=/bin/bash
DISPLAY=:0
LANG=en_US.UTF-8
LC_CTYPE=pt_PT.UTF-8

Signal Handlers:
SIGSEGV: [libjvm.so+0xe8e8d0], sa_mask[0]=11111111011111111101111111111110, sa_flags=SA_RESTART|SA_SIGINFO
SIGBUS: [libjvm.so+0xe8e8d0], sa_mask[0]=11111111011111111101111111111110, sa_flags=SA_RESTART|SA_SIGINFO
SIGFPE: [libjvm.so+0xe8e8d0], sa_mask[0]=11111111011111111101111111111110, sa_flags=SA_RESTART|SA_SIGINFO
SIGPIPE: [libjvm.so+0xbd6910], sa_mask[0]=11111111011111111101111111111110, sa_flags=SA_RESTART|SA_SIGINFO
SIGXFSZ: [libjvm.so+0xbd6910], sa_mask[0]=11111111011111111101111111111110, sa_flags=SA_RESTART|SA_SIGINFO
SIGILL: [libjvm.so+0xe8e8d0], sa_mask[0]=11111111011111111101111111111110, sa_flags=SA_RESTART|SA_SIGINFO
SIGUSR2: [libjvm.so+0xbd67b0], sa_mask[0]=00000000000000000000000000000000, sa_flags=SA_RESTART|SA_SIGINFO
SIGHUP: [libjvm.so+0xbd6c50], sa_mask[0]=11111111011111111101111111111110, sa_flags=SA_RESTART|SA_SIGINFO
SIGINT: [libjvm.so+0xbd6c50], sa_mask[0]=11111111011111111101111111111110, sa_flags=SA_RESTART|SA_SIGINFO
SIGTERM: [libjvm.so+0xbd6c50], sa_mask[0]=11111111011111111101111111111110, sa_flags=SA_RESTART|SA_SIGINFO
SIGQUIT: [libjvm.so+0xbd6c50], sa_mask[0]=11111111011111111101111111111110, sa_flags=SA_RESTART|SA_SIGINFO


---------------  S Y S T E M  ---------------

OS:DISTRIB_ID=Ubuntu
DISTRIB_RELEASE=20.04
DISTRIB_CODENAME=focal
DISTRIB_DESCRIPTION="Ubuntu 20.04.3 LTS"
uname:Linux 5.4.0-94-generic #106-Ubuntu SMP Thu Jan 6 23:58:14 UTC 2022 x86_64
OS uptime: 0 days 8:47 hours
libc:glibc 2.31 NPTL 2.31 
rlimit (soft/hard): STACK 8192k/infinity , CORE 0k/infinity , NPROC 63160/63160 , NOFILE 1048576/1048576 , AS infinity/infinity , CPU infinity/infinity , DATA infinity/infinity , FSIZE infinity/infinity , MEMLOCK 65536k/65536k
load average:1,33 1,09 1,29

/proc/meminfo:
MemTotal:       16231516 kB
MemFree:         2031044 kB
MemAvailable:    6526356 kB
Buffers:          875984 kB
Cached:          4368388 kB
SwapCached:         2684 kB
Active:         10360824 kB
Inactive:        2750572 kB
Active(anon):    7209864 kB
Inactive(anon):  1422224 kB
Active(file):    3150960 kB
Inactive(file):  1328348 kB
Unevictable:      181712 kB
Mlocked:             128 kB
SwapTotal:       2097148 kB
SwapFree:        2077180 kB
Dirty:              1560 kB
Writeback:             0 kB
AnonPages:       8047492 kB
Mapped:          1964448 kB
Shmem:            767400 kB
KReclaimable:     358052 kB
Slab:             637356 kB
SReclaimable:     358052 kB
SUnreclaim:       279304 kB
KernelStack:       30576 kB
PageTables:        83820 kB
NFS_Unstable:          0 kB
Bounce:                0 kB
WritebackTmp:          0 kB
CommitLimit:    10212904 kB
Committed_AS:   26978012 kB
VmallocTotal:   34359738367 kB
VmallocUsed:       65900 kB
VmallocChunk:          0 kB
Percpu:            19072 kB
HardwareCorrupted:     0 kB
AnonHugePages:         0 kB
ShmemHugePages:        0 kB
ShmemPmdMapped:        0 kB
FileHugePages:         0 kB
FilePmdMapped:         0 kB
CmaTotal:              0 kB
CmaFree:               0 kB
HugePages_Total:       0
HugePages_Free:        0
HugePages_Rsvd:        0
HugePages_Surp:        0
Hugepagesize:       2048 kB
Hugetlb:               0 kB
DirectMap4k:      676448 kB
DirectMap2M:    12795904 kB
DirectMap1G:     3145728 kB

/sys/kernel/mm/transparent_hugepage/enabled:
always [madvise] never
/sys/kernel/mm/transparent_hugepage/defrag (defrag/compaction efforts parameter):
always defer defer+madvise [madvise] never

Process Memory:
Virtual Size: 7773356K (peak: 15579060K)
Resident Set Size: 390436K (peak: 390436K) (anon: 352956K, file: 37480K, shmem: 0K)
Swapped out: 0K
C-Heap outstanding allocations: 56265K

/proc/sys/kernel/threads-max (system-wide limit on the number of threads):
126320
/proc/sys/vm/max_map_count (maximum number of memory map areas a process may have):
1048575
/proc/sys/kernel/pid_max (system-wide limit on number of process identifiers):
4194304

container (cgroup) information:
container_type: cgroupv1
cpu_cpuset_cpus: 0-11
cpu_memory_nodes: 0
active_processor_count: 12
cpu_quota: -1
cpu_period: 100000
cpu_shares: -1
memory_limit_in_bytes: -1
memory_and_swap_limit_in_bytes: -2
memory_soft_limit_in_bytes: -1
memory_usage_in_bytes: 10923384832
memory_max_usage_in_bytes: 12891639808

Steal ticks since vm start: 0
Steal ticks percentage since vm start:  0,000

CPU:total 12 (initial active 12) (6 cores per cpu, 2 threads per core) family 6 model 158 stepping 13 microcode 0xea, cmov, cx8, fxsr, mmx, sse, sse2, sse3, ssse3, sse4.1, sse4.2, popcnt, avx, avx2, aes, clmul, erms, 3dnowpref, lzcnt, ht, tsc, tscinvbit, bmi1, bmi2, adx, fma
CPU Model and flags from /proc/cpuinfo:
model name	: Intel(R) Core(TM) i7-9750H CPU @ 2.60GHz
flags		: fpu vme de pse tsc msr pae mce cx8 apic sep mtrr pge mca cmov pat pse36 clflush dts acpi mmx fxsr sse sse2 ss ht tm pbe syscall nx pdpe1gb rdtscp lm constant_tsc art arch_perfmon pebs bts rep_good nopl xtopology nonstop_tsc cpuid aperfmperf pni pclmulqdq dtes64 monitor ds_cpl vmx est tm2 ssse3 sdbg fma cx16 xtpr pdcm pcid sse4_1 sse4_2 x2apic movbe popcnt tsc_deadline_timer aes xsave avx f16c rdrand lahf_lm abm 3dnowprefetch cpuid_fault epb invpcid_single ssbd ibrs ibpb stibp ibrs_enhanced tpr_shadow vnmi flexpriority ept vpid ept_ad fsgsbase tsc_adjust bmi1 avx2 smep bmi2 erms invpcid mpx rdseed adx smap clflushopt intel_pt xsaveopt xsavec xgetbv1 xsaves dtherm ida arat pln pts hwp hwp_notify hwp_act_window hwp_epp md_clear flush_l1d arch_capabilities
Online cpus:
0-11
Offline cpus:

BIOS frequency limitation:
<Not Available>
Frequency switch latency (ns):
0
Available cpu frequencies:
<Not Available>
Current governor:
powersave
Core performance/turbo boost:
<Not Available>

Memory: 4k page, physical 16231516k(2030792k free), swap 2097148k(2077180k free)

vm_info: OpenJDK 64-Bit Server VM (11.0.13+8-Ubuntu-0ubuntu1.20.04) for linux-amd64 JRE (11.0.13+8-Ubuntu-0ubuntu1.20.04), built on Oct 29 2021 09:11:30 by "unknown" with gcc 9.3.0

END.
