#
# A fatal error has been detected by the Java Runtime Environment:
#
#  SIGSEGV (0xb) at pc=0x00007feae4381061, pid=17038, tid=17056
#
# JRE version: OpenJDK Runtime Environment (11.0.11+9) (build 11.0.11+9-Ubuntu-0ubuntu2.20.04)
# Java VM: OpenJDK 64-Bit Server VM (11.0.11+9-Ubuntu-0ubuntu2.20.04, mixed mode, sharing, tiered, compressed oops, g1 gc, linux-amd64)
# Problematic frame:
# J 815 c2 java.util.concurrent.ConcurrentHashMap.putVal(Ljava/lang/Object;Ljava/lang/Object;Z)Ljava/lang/Object; java.base@11.0.11 (432 bytes) @ 0x00007feae4381061 [0x00007feae4380cc0+0x00000000000003a1]
#
# Core dump will be written. Default location: Core dumps may be processed with "/usr/share/apport/apport %p %s %c %d %P %E" (or dumping to /home/artur/Desktop/3ano/IES/medical-management-system/Project/medmanagesystem/core.17038)
#
# If you would like to submit a bug report, please visit:
#   https://bugs.launchpad.net/ubuntu/+source/openjdk-lts
#

---------------  S U M M A R Y ------------

Command Line: -Dclassworlds.conf=/usr/share/maven/bin/m2.conf -Dmaven.home=/usr/share/maven -Dlibrary.jansi.path=/usr/share/maven/lib/jansi-native -Dmaven.multiModuleProjectDirectory=/home/artur/Desktop/3ano/IES/medical-management-system/Project/medmanagesystem org.codehaus.plexus.classworlds.launcher.Launcher clean package

Host: Intel(R) Core(TM) i7-9750H CPU @ 2.60GHz, 12 cores, 15G, Ubuntu 20.04.3 LTS
Time: Mon Jan 17 01:03:15 2022 WET elapsed time: 0.477112 seconds (0d 0h 0m 0s)

---------------  T H R E A D  ---------------

Current thread (0x00007feaf4017800):  JavaThread "main" [_thread_in_Java, id=17056, stack(0x00007feafbfc5000,0x00007feafc0c6000)]

Stack: [0x00007feafbfc5000,0x00007feafc0c6000],  sp=0x00007feafc0c26b0,  free space=1013k
Native frames: (J=compiled Java code, A=aot compiled Java code, j=interpreted, Vv=VM code, C=native code)
J 815 c2 java.util.concurrent.ConcurrentHashMap.putVal(Ljava/lang/Object;Ljava/lang/Object;Z)Ljava/lang/Object; java.base@11.0.11 (432 bytes) @ 0x00007feae4381061 [0x00007feae4380cc0+0x00000000000003a1]
J 389 c1 jdk.internal.loader.BuiltinClassLoader.loadClassOrNull(Ljava/lang/String;Z)Ljava/lang/Class; java.base@11.0.11 (143 bytes) @ 0x00007feadcea01b4 [0x00007feadce9ff00+0x00000000000002b4]
J 649 c1 jdk.internal.loader.BuiltinClassLoader.loadClassOrNull(Ljava/lang/String;)Ljava/lang/Class; java.base@11.0.11 (7 bytes) @ 0x00007feadcf23b64 [0x00007feadcf23a40+0x0000000000000124]
J 389 c1 jdk.internal.loader.BuiltinClassLoader.loadClassOrNull(Ljava/lang/String;Z)Ljava/lang/Class; java.base@11.0.11 (143 bytes) @ 0x00007feadcea0dcc [0x00007feadce9ff00+0x0000000000000ecc]
J 537 c1 jdk.internal.loader.ClassLoaders$AppClassLoader.loadClass(Ljava/lang/String;Z)Ljava/lang/Class; java.base@11.0.11 (40 bytes) @ 0x00007feadcefa754 [0x00007feadcefa160+0x00000000000005f4]
J 670 c1 java.lang.ClassLoader.loadClass(Ljava/lang/String;Z)Ljava/lang/Class; java.base@11.0.11 (122 bytes) @ 0x00007feadcf2fb74 [0x00007feadcf2f6c0+0x00000000000004b4]
J 501 c1 org.codehaus.plexus.classworlds.realm.ClassRealm.loadClass(Ljava/lang/String;)Ljava/lang/Class; (7 bytes) @ 0x00007feadceddfcc [0x00007feadcedde80+0x000000000000014c]
v  ~StubRoutines::call_stub
V  [libjvm.so+0x859b69]
V  [libjvm.so+0x858376]
V  [libjvm.so+0xde9efd]
V  [libjvm.so+0xde8dca]
V  [libjvm.so+0xdeb38b]
V  [libjvm.so+0xc71a04]
V  [libjvm.so+0xc71c58]
V  [libjvm.so+0x91630d]
V  [libjvm.so+0x916465]  JVM_GetClassDeclaredMethods+0x65
J 1392  java.lang.Class.getDeclaredMethods0(Z)[Ljava/lang/reflect/Method; java.base@11.0.11 (0 bytes) @ 0x00007feae43cfc7b [0x00007feae43cfbc0+0x00000000000000bb]
J 1048 c1 java.lang.Class.privateGetDeclaredMethods(Z)[Ljava/lang/reflect/Method; java.base@11.0.11 (64 bytes) @ 0x00007feadd00ce74 [0x00007feadd00ccc0+0x00000000000001b4]
J 1247 c1 com.google.inject.spi.InjectionPoint.getInjectionPoints(Lcom/google/inject/TypeLiteral;ZLcom/google/inject/internal/Errors;)Ljava/util/Set; (491 bytes) @ 0x00007feadd06a2f4 [0x00007feadd068fe0+0x0000000000001314]
J 1326 c1 com.google.inject.spi.InjectionPoint.forInstanceMethodsAndFields(Lcom/google/inject/TypeLiteral;)Ljava/util/Set; (40 bytes) @ 0x00007feadd09339c [0x00007feadd0931e0+0x00000000000001bc]
j  org.eclipse.sisu.wire.DependencyAnalyzer.analyzeImplementation(Lcom/google/inject/TypeLiteral;Z)Ljava/lang/Boolean;+44
j  org.eclipse.sisu.wire.DependencyAnalyzer.visit(Lcom/google/inject/spi/UntargettedBinding;)Ljava/lang/Boolean;+11
j  org.eclipse.sisu.wire.DependencyAnalyzer.visit(Lcom/google/inject/spi/UntargettedBinding;)Ljava/lang/Object;+2
j  com.google.inject.internal.UntargettedBindingImpl.acceptTargetVisitor(Lcom/google/inject/spi/BindingTargetVisitor;)Ljava/lang/Object;+2
j  org.eclipse.sisu.wire.ElementAnalyzer.visit(Lcom/google/inject/Binding;)Ljava/lang/Void;+43
j  org.eclipse.sisu.wire.ElementAnalyzer.visit(Lcom/google/inject/Binding;)Ljava/lang/Object;+2
j  com.google.inject.internal.BindingImpl.acceptVisitor(Lcom/google/inject/spi/ElementVisitor;)Ljava/lang/Object;+2
j  org.eclipse.sisu.wire.WireModule.configure(Lcom/google/inject/Binder;)V+45
j  com.google.inject.spi.Elements$RecordingBinder.install(Lcom/google/inject/Module;)V+161
j  com.google.inject.spi.Elements.getElements(Lcom/google/inject/Stage;Ljava/lang/Iterable;)Ljava/util/List;+40
j  com.google.inject.internal.InjectorShell$Builder.build(Lcom/google/inject/internal/Initializer;Lcom/google/inject/internal/ProcessedBindingData;Lcom/google/inject/internal/util/Stopwatch;Lcom/google/inject/internal/Errors;)Ljava/util/List;+122
j  com.google.inject.internal.InternalInjectorCreator.build()Lcom/google/inject/Injector;+48
j  com.google.inject.Guice.createInjector(Lcom/google/inject/Stage;Ljava/lang/Iterable;)Lcom/google/inject/Injector;+15
j  com.google.inject.Guice.createInjector(Ljava/lang/Iterable;)Lcom/google/inject/Injector;+4
j  com.google.inject.Guice.createInjector([Lcom/google/inject/Module;)Lcom/google/inject/Injector;+4
j  org.codehaus.plexus.DefaultPlexusContainer.addPlexusInjector(Ljava/util/List;[Lcom/google/inject/Module;)Lcom/google/inject/Injector;+88
j  org.codehaus.plexus.DefaultPlexusContainer.<init>(Lorg/codehaus/plexus/ContainerConfiguration;[Lcom/google/inject/Module;)V+396
j  org.apache.maven.cli.MavenCli.container(Lorg/apache/maven/cli/CliRequest;)Lorg/codehaus/plexus/PlexusContainer;+275
j  org.apache.maven.cli.MavenCli.doMain(Lorg/apache/maven/cli/CliRequest;)I+29
j  org.apache.maven.cli.MavenCli.main([Ljava/lang/String;Lorg/codehaus/plexus/classworlds/ClassWorld;)I+24
v  ~StubRoutines::call_stub
V  [libjvm.so+0x859b69]
V  [libjvm.so+0xc739b1]
V  [libjvm.so+0xc742c4]
V  [libjvm.so+0x90ef00]  JVM_InvokeMethod+0x140
j  jdk.internal.reflect.NativeMethodAccessorImpl.invoke0(Ljava/lang/reflect/Method;Ljava/lang/Object;[Ljava/lang/Object;)Ljava/lang/Object;+0 java.base@11.0.11
j  jdk.internal.reflect.NativeMethodAccessorImpl.invoke(Ljava/lang/Object;[Ljava/lang/Object;)Ljava/lang/Object;+100 java.base@11.0.11
j  jdk.internal.reflect.DelegatingMethodAccessorImpl.invoke(Ljava/lang/Object;[Ljava/lang/Object;)Ljava/lang/Object;+6 java.base@11.0.11
j  java.lang.reflect.Method.invoke(Ljava/lang/Object;[Ljava/lang/Object;)Ljava/lang/Object;+59 java.base@11.0.11
j  org.codehaus.plexus.classworlds.launcher.Launcher.launchEnhanced([Ljava/lang/String;)V+45
j  org.codehaus.plexus.classworlds.launcher.Launcher.launch([Ljava/lang/String;)V+2
j  org.codehaus.plexus.classworlds.launcher.Launcher.mainWithExitCode([Ljava/lang/String;)I+101
j  org.codehaus.plexus.classworlds.launcher.Launcher.main([Ljava/lang/String;)V+1
v  ~StubRoutines::call_stub
V  [libjvm.so+0x859b69]
V  [libjvm.so+0x8d4146]
V  [libjvm.so+0x8d6b00]
C  [libjli.so+0x5a6a]
C  [libjli.so+0x9ce1]


siginfo: si_signo: 11 (SIGSEGV), si_code: 1 (SEGV_MAPERR), si_addr: 0x000000000000008c

Register to memory mapping:

RAX=0x0000000000000005 is an unknown value
RBX=0x0 is NULL
RCX=0x00000000e2cabdff is an unknown value
RDX=0x00000000e2cabe35 is an unknown value
RSP=0x00007feafc0c26b0 is pointing into the stack for thread: 0x00007feaf4017800
RBP=0x00000000e2e2458d is an unknown value
RSI=0x000000071655eff8 points into unknown readable memory: 0x0000000000000005 | 05 00 00 00 00 00 00 00
RDI=0x00000008002abb58 is pointing into metadata
R8 =0x00000000e2e2458d is an unknown value
R9 =0x0000000000000002 is an unknown value
R10=0x0000000000000080 is an unknown value
R11=0x0000000000000080 is an unknown value
R12=0x0 is NULL
R13=0x00000007178cbee8 points into unknown readable memory: 0x0000000000000001 | 01 00 00 00 00 00 00 00
R14=0x00000000c2b59e8c is an unknown value
R15=0x00007feaf4017800 is a thread


Registers:
RAX=0x0000000000000005, RBX=0x0000000000000000, RCX=0x00000000e2cabdff, RDX=0x00000000e2cabe35
RSP=0x00007feafc0c26b0, RBP=0x00000000e2e2458d, RSI=0x000000071655eff8, RDI=0x00000008002abb58
R8 =0x00000000e2e2458d, R9 =0x0000000000000002, R10=0x0000000000000080, R11=0x0000000000000080
R12=0x0000000000000000, R13=0x00000007178cbee8, R14=0x00000000c2b59e8c, R15=0x00007feaf4017800
RIP=0x00007feae4381061, EFLAGS=0x0000000000010246, CSGSFS=0x002b000000000033, ERR=0x0000000000000004
  TRAPNO=0x000000000000000e

Top of Stack: (sp=0x00007feafc0c26b0)
0x00007feafc0c26b0:   000000071632e8d8 2b37f38200063e3b
0x00007feafc0c26c0:   00000007178cbee8 e2cabdff00000382
0x00007feafc0c26d0:   00000002e2cabe35 00000007178ccd00
0x00007feafc0c26e0:   000000071655eff8 000000071655f1a8 

Instructions: (pc=0x00007feae4381061)
0x00007feae4380f61:   85 c0 0f 84 ff 0d 00 00 43 8b 6c cc 14 85 ed 0f
0x00007feae4380f71:   84 c2 0d 00 00 49 8d 0c ec e9 58 05 00 00 44 89
0x00007feae4380f81:   54 24 68 44 89 44 24 48 48 89 7c 24 40 48 89 5c
0x00007feae4380f91:   24 28 89 54 24 20 89 4c 24 1c 44 89 5c 24 18 4c
0x00007feae4380fa1:   89 6c 24 10 89 6c 24 08 4f 8d 14 cc 4c 89 54 24
0x00007feae4380fb1:   50 44 89 4c 24 24 49 8b 02 4c 8b d0 49 83 e2 07
0x00007feae4380fc1:   49 83 fa 05 0f 85 1b 0a 00 00 47 8b 54 cc 08 49
0x00007feae4380fd1:   c1 e2 03 49 bc 00 00 00 00 08 00 00 00 4d 03 d4
0x00007feae4380fe1:   4d 33 e4 4d 8b 92 b8 00 00 00 4d 8b da 4d 0b df
0x00007feae4380ff1:   4d 8b c3 4c 33 c0 49 f7 c0 87 ff ff ff 0f 85 55
0x00007feae4381001:   0a 00 00 4c 8b 54 24 28 41 8b 2a 44 8b 5c 24 24
0x00007feae4381011:   41 3b eb 0f 85 f6 0b 00 00 44 8b 54 24 48 45 85
0x00007feae4381021:   d2 0f 8c 14 0c 00 00 45 8b c3 4c 8b 54 24 50 4c
0x00007feae4381031:   89 54 24 60 33 db 49 ba 00 60 a7 f6 ea 7f 00 00
0x00007feae4381041:   41 bb 01 00 00 00 41 b9 07 00 00 00 4c 89 54 24
0x00007feae4381051:   70 44 89 5c 24 24 4c 89 4c 24 78 4c 8b 54 24 60
0x00007feae4381061:   45 8b 5a 0c 44 3b 5c 24 0c 0f 84 80 04 00 00 45
0x00007feae4381071:   8b 5a 18 45 85 db 74 22 4d 8b 97 08 01 00 00 44
0x00007feae4381081:   8b 4c 24 24 41 ff c1 44 89 4c 24 24 49 c1 e3 03
0x00007feae4381091:   4c 89 5c 24 60 41 85 02 eb c1 49 8b 8f 18 01 00
0x00007feae43810a1:   00 4c 8b d1 49 83 c2 20 4d 3b 97 28 01 00 00 0f
0x00007feae43810b1:   83 9b 08 00 00 4d 89 97 18 01 00 00 41 0f 0d 8a
0x00007feae43810c1:   c0 00 00 00 4c 8b 54 24 40 4d 8b 92 b8 00 00 00
0x00007feae43810d1:   4c 89 11 c7 41 08 6b 57 05 00 c7 41 0c 00 00 00
0x00007feae43810e1:   00 c7 41 14 00 00 00 00 48 c7 41 18 00 00 00 00
0x00007feae43810f1:   44 8b 5c 24 1c 44 89 59 10 44 8b 44 24 0c 44 89
0x00007feae4381101:   41 0c 41 80 7f 30 00 0f 85 6f 07 00 00 44 8b 54
0x00007feae4381111:   24 20 44 89 51 14 4c 8b 4c 24 38 4d 8b d1 4c 8b
0x00007feae4381121:   d9 4d 33 d3 49 c1 ea 14 4d 85 d2 74 68 49 c1 eb
0x00007feae4381131:   09 48 bf 00 60 a7 f6 ea 7f 00 00 49 03 fb 80 3f
0x00007feae4381141:   20 74 52 4d 8b 57 70 4d 8b 9f 80 00 00 00 f0 83
0x00007feae4381151:   44 24 c0 00 80 3f 00 74 3c c6 07 00 4d 85 d2 75 


Stack slot to memory mapping:
stack at sp + 0 slots: 0x000000071632e8d8 points into unknown readable memory: 0x0000000000000009 | 09 00 00 00 00 00 00 00
stack at sp + 1 slots: 0x2b37f38200063e3b is an unknown value
stack at sp + 2 slots: 0x00000007178cbee8 points into unknown readable memory: 0x0000000000000001 | 01 00 00 00 00 00 00 00
stack at sp + 3 slots: 0xe2cabdff00000382 is an unknown value
stack at sp + 4 slots: 0x00000002e2cabe35 is an unknown value
stack at sp + 5 slots: 0x00000007178ccd00 points into unknown readable memory: 0x00000000e2e2458d | 8d 45 e2 e2 00 00 00 00
stack at sp + 6 slots: 0x000000071655eff8 points into unknown readable memory: 0x0000000000000005 | 05 00 00 00 00 00 00 00
stack at sp + 7 slots: 0x000000071655f1a8 points into unknown readable memory: 0x0000000000000005 | 05 00 00 00 00 00 00 00



---------------  P R O C E S S  ---------------

Threads class SMR info:
_java_thread_list=0x00007feaa4289cc0, length=11, elements={
0x00007feaf4017800, 0x00007feaf41d7000, 0x00007feaf41d9000, 0x00007feaf41e0000,
0x00007feaf41e2000, 0x00007feaf41e4000, 0x00007feaf41e6000, 0x00007feaf41e8000,
0x00007feaf4243000, 0x00007feaa43b6800, 0x00007feaa4288800
}

Java Threads: ( => current thread )
=>0x00007feaf4017800 JavaThread "main" [_thread_in_Java, id=17056, stack(0x00007feafbfc5000,0x00007feafc0c6000)]
  0x00007feaf41d7000 JavaThread "Reference Handler" daemon [_thread_blocked, id=17063, stack(0x00007feaf809f000,0x00007feaf81a0000)]
  0x00007feaf41d9000 JavaThread "Finalizer" daemon [_thread_blocked, id=17064, stack(0x00007feadc777000,0x00007feadc878000)]
  0x00007feaf41e0000 JavaThread "Signal Dispatcher" daemon [_thread_blocked, id=17065, stack(0x00007feadc105000,0x00007feadc206000)]
  0x00007feaf41e2000 JavaThread "Service Thread" daemon [_thread_blocked, id=17066, stack(0x00007feadc004000,0x00007feadc105000)]
  0x00007feaf41e4000 JavaThread "C2 CompilerThread0" daemon [_thread_blocked, id=17067, stack(0x00007fead031f000,0x00007fead0420000)]
  0x00007feaf41e6000 JavaThread "C1 CompilerThread0" daemon [_thread_blocked, id=17068, stack(0x00007fead021e000,0x00007fead031f000)]
  0x00007feaf41e8000 JavaThread "Sweeper thread" daemon [_thread_blocked, id=17069, stack(0x00007fead011d000,0x00007fead021e000)]
  0x00007feaf4243000 JavaThread "Common-Cleaner" daemon [_thread_blocked, id=17071, stack(0x00007feac9eff000,0x00007feaca000000)]
  0x00007feaa43b6800 JavaThread "C2 CompilerThread1" daemon [_thread_blocked, id=17074, stack(0x00007feac9dfe000,0x00007feac9eff000)]
  0x00007feaa4288800 JavaThread "C2 CompilerThread2" daemon [_thread_blocked, id=17075, stack(0x00007feac9cfd000,0x00007feac9dfe000)]

Other Threads:
  0x00007feaf41d4800 VMThread "VM Thread" [stack: 0x00007feaf81a2000,0x00007feaf82a2000] [id=17062]
  0x00007feaf4240800 WatcherThread [stack: 0x00007fead001d000,0x00007fead011d000] [id=17070]
  0x00007feaf4030000 GCTaskThread "GC Thread#0" [stack: 0x00007feafbc40000,0x00007feafbd40000] [id=17057]
  0x00007feabc001000 GCTaskThread "GC Thread#1" [stack: 0x00007feac9bfd000,0x00007feac9cfd000] [id=17076]
  0x00007feabc002800 GCTaskThread "GC Thread#2" [stack: 0x00007feac9afb000,0x00007feac9bfb000] [id=17077]
  0x00007feabc004800 GCTaskThread "GC Thread#3" [stack: 0x00007feac99f9000,0x00007feac9af9000] [id=17078]
  0x00007feabc006000 GCTaskThread "GC Thread#4" [stack: 0x00007feac98f7000,0x00007feac99f7000] [id=17079]
  0x00007feabc008000 GCTaskThread "GC Thread#5" [stack: 0x00007feac97f5000,0x00007feac98f5000] [id=17080]
  0x00007feaf408e000 ConcurrentGCThread "G1 Main Marker" [stack: 0x00007feaf98fa000,0x00007feaf99fa000] [id=17058]
  0x00007feaf4090000 ConcurrentGCThread "G1 Conc#0" [stack: 0x00007feaf97f8000,0x00007feaf98f8000] [id=17059]
  0x00007feaf4196800 ConcurrentGCThread "G1 Refine#0" [stack: 0x00007feaf8cec000,0x00007feaf8dec000] [id=17060]
  0x00007feaf4198000 ConcurrentGCThread "G1 Young RemSet Sampling" [stack: 0x00007feaf8bea000,0x00007feaf8cea000] [id=17061]

Threads with active compile tasks:

VM state:not at safepoint (normal execution)

VM Mutex/Monitor currently owned by a thread: None

Heap address: 0x0000000708400000, size: 3964 MB, Compressed Oops mode: Zero based, Oop shift amount: 3
Narrow klass base: 0x0000000800000000, Narrow klass shift: 3
Compressed class space size: 1073741824 Address: 0x0000000840000000

Heap:
 garbage-first heap   total 256000K, used 26185K [0x0000000708400000, 0x0000000800000000)
  region size 1024K, 26 young (26624K), 3 survivors (3072K)
 Metaspace       used 8879K, capacity 11124K, committed 11392K, reserved 1058816K
  class space    used 1105K, capacity 1386K, committed 1408K, reserved 1048576K
Heap Regions: E=young(eden), S=young(survivor), O=old, HS=humongous(starts), HC=humongous(continues), CS=collection set, F=free, A=archive, TAMS=top-at-mark-start (previous, next)
|   0|0x0000000708400000, 0x0000000708400000, 0x0000000708500000|  0%| F|  |TAMS 0x0000000708400000, 0x0000000708400000| Untracked 
|   1|0x0000000708500000, 0x0000000708500000, 0x0000000708600000|  0%| F|  |TAMS 0x0000000708500000, 0x0000000708500000| Untracked 
|   2|0x0000000708600000, 0x0000000708600000, 0x0000000708700000|  0%| F|  |TAMS 0x0000000708600000, 0x0000000708600000| Untracked 
|   3|0x0000000708700000, 0x0000000708700000, 0x0000000708800000|  0%| F|  |TAMS 0x0000000708700000, 0x0000000708700000| Untracked 
|   4|0x0000000708800000, 0x0000000708800000, 0x0000000708900000|  0%| F|  |TAMS 0x0000000708800000, 0x0000000708800000| Untracked 
|   5|0x0000000708900000, 0x0000000708900000, 0x0000000708a00000|  0%| F|  |TAMS 0x0000000708900000, 0x0000000708900000| Untracked 
|   6|0x0000000708a00000, 0x0000000708a00000, 0x0000000708b00000|  0%| F|  |TAMS 0x0000000708a00000, 0x0000000708a00000| Untracked 
|   7|0x0000000708b00000, 0x0000000708b00000, 0x0000000708c00000|  0%| F|  |TAMS 0x0000000708b00000, 0x0000000708b00000| Untracked 
|   8|0x0000000708c00000, 0x0000000708c00000, 0x0000000708d00000|  0%| F|  |TAMS 0x0000000708c00000, 0x0000000708c00000| Untracked 
|   9|0x0000000708d00000, 0x0000000708d00000, 0x0000000708e00000|  0%| F|  |TAMS 0x0000000708d00000, 0x0000000708d00000| Untracked 
|  10|0x0000000708e00000, 0x0000000708e00000, 0x0000000708f00000|  0%| F|  |TAMS 0x0000000708e00000, 0x0000000708e00000| Untracked 
|  11|0x0000000708f00000, 0x0000000708f00000, 0x0000000709000000|  0%| F|  |TAMS 0x0000000708f00000, 0x0000000708f00000| Untracked 
|  12|0x0000000709000000, 0x0000000709000000, 0x0000000709100000|  0%| F|  |TAMS 0x0000000709000000, 0x0000000709000000| Untracked 
|  13|0x0000000709100000, 0x0000000709100000, 0x0000000709200000|  0%| F|  |TAMS 0x0000000709100000, 0x0000000709100000| Untracked 
|  14|0x0000000709200000, 0x0000000709200000, 0x0000000709300000|  0%| F|  |TAMS 0x0000000709200000, 0x0000000709200000| Untracked 
|  15|0x0000000709300000, 0x0000000709300000, 0x0000000709400000|  0%| F|  |TAMS 0x0000000709300000, 0x0000000709300000| Untracked 
|  16|0x0000000709400000, 0x0000000709400000, 0x0000000709500000|  0%| F|  |TAMS 0x0000000709400000, 0x0000000709400000| Untracked 
|  17|0x0000000709500000, 0x0000000709500000, 0x0000000709600000|  0%| F|  |TAMS 0x0000000709500000, 0x0000000709500000| Untracked 
|  18|0x0000000709600000, 0x0000000709600000, 0x0000000709700000|  0%| F|  |TAMS 0x0000000709600000, 0x0000000709600000| Untracked 
|  19|0x0000000709700000, 0x0000000709700000, 0x0000000709800000|  0%| F|  |TAMS 0x0000000709700000, 0x0000000709700000| Untracked 
|  20|0x0000000709800000, 0x0000000709800000, 0x0000000709900000|  0%| F|  |TAMS 0x0000000709800000, 0x0000000709800000| Untracked 
|  21|0x0000000709900000, 0x0000000709900000, 0x0000000709a00000|  0%| F|  |TAMS 0x0000000709900000, 0x0000000709900000| Untracked 
|  22|0x0000000709a00000, 0x0000000709a00000, 0x0000000709b00000|  0%| F|  |TAMS 0x0000000709a00000, 0x0000000709a00000| Untracked 
|  23|0x0000000709b00000, 0x0000000709b00000, 0x0000000709c00000|  0%| F|  |TAMS 0x0000000709b00000, 0x0000000709b00000| Untracked 
|  24|0x0000000709c00000, 0x0000000709c00000, 0x0000000709d00000|  0%| F|  |TAMS 0x0000000709c00000, 0x0000000709c00000| Untracked 
|  25|0x0000000709d00000, 0x0000000709d00000, 0x0000000709e00000|  0%| F|  |TAMS 0x0000000709d00000, 0x0000000709d00000| Untracked 
|  26|0x0000000709e00000, 0x0000000709e00000, 0x0000000709f00000|  0%| F|  |TAMS 0x0000000709e00000, 0x0000000709e00000| Untracked 
|  27|0x0000000709f00000, 0x0000000709f00000, 0x000000070a000000|  0%| F|  |TAMS 0x0000000709f00000, 0x0000000709f00000| Untracked 
|  28|0x000000070a000000, 0x000000070a000000, 0x000000070a100000|  0%| F|  |TAMS 0x000000070a000000, 0x000000070a000000| Untracked 
|  29|0x000000070a100000, 0x000000070a100000, 0x000000070a200000|  0%| F|  |TAMS 0x000000070a100000, 0x000000070a100000| Untracked 
|  30|0x000000070a200000, 0x000000070a200000, 0x000000070a300000|  0%| F|  |TAMS 0x000000070a200000, 0x000000070a200000| Untracked 
|  31|0x000000070a300000, 0x000000070a300000, 0x000000070a400000|  0%| F|  |TAMS 0x000000070a300000, 0x000000070a300000| Untracked 
|  32|0x000000070a400000, 0x000000070a400000, 0x000000070a500000|  0%| F|  |TAMS 0x000000070a400000, 0x000000070a400000| Untracked 
|  33|0x000000070a500000, 0x000000070a500000, 0x000000070a600000|  0%| F|  |TAMS 0x000000070a500000, 0x000000070a500000| Untracked 
|  34|0x000000070a600000, 0x000000070a600000, 0x000000070a700000|  0%| F|  |TAMS 0x000000070a600000, 0x000000070a600000| Untracked 
|  35|0x000000070a700000, 0x000000070a700000, 0x000000070a800000|  0%| F|  |TAMS 0x000000070a700000, 0x000000070a700000| Untracked 
|  36|0x000000070a800000, 0x000000070a800000, 0x000000070a900000|  0%| F|  |TAMS 0x000000070a800000, 0x000000070a800000| Untracked 
|  37|0x000000070a900000, 0x000000070a900000, 0x000000070aa00000|  0%| F|  |TAMS 0x000000070a900000, 0x000000070a900000| Untracked 
|  38|0x000000070aa00000, 0x000000070aa00000, 0x000000070ab00000|  0%| F|  |TAMS 0x000000070aa00000, 0x000000070aa00000| Untracked 
|  39|0x000000070ab00000, 0x000000070ab00000, 0x000000070ac00000|  0%| F|  |TAMS 0x000000070ab00000, 0x000000070ab00000| Untracked 
|  40|0x000000070ac00000, 0x000000070ac00000, 0x000000070ad00000|  0%| F|  |TAMS 0x000000070ac00000, 0x000000070ac00000| Untracked 
|  41|0x000000070ad00000, 0x000000070ad00000, 0x000000070ae00000|  0%| F|  |TAMS 0x000000070ad00000, 0x000000070ad00000| Untracked 
|  42|0x000000070ae00000, 0x000000070ae00000, 0x000000070af00000|  0%| F|  |TAMS 0x000000070ae00000, 0x000000070ae00000| Untracked 
|  43|0x000000070af00000, 0x000000070af00000, 0x000000070b000000|  0%| F|  |TAMS 0x000000070af00000, 0x000000070af00000| Untracked 
|  44|0x000000070b000000, 0x000000070b000000, 0x000000070b100000|  0%| F|  |TAMS 0x000000070b000000, 0x000000070b000000| Untracked 
|  45|0x000000070b100000, 0x000000070b100000, 0x000000070b200000|  0%| F|  |TAMS 0x000000070b100000, 0x000000070b100000| Untracked 
|  46|0x000000070b200000, 0x000000070b200000, 0x000000070b300000|  0%| F|  |TAMS 0x000000070b200000, 0x000000070b200000| Untracked 
|  47|0x000000070b300000, 0x000000070b300000, 0x000000070b400000|  0%| F|  |TAMS 0x000000070b300000, 0x000000070b300000| Untracked 
|  48|0x000000070b400000, 0x000000070b400000, 0x000000070b500000|  0%| F|  |TAMS 0x000000070b400000, 0x000000070b400000| Untracked 
|  49|0x000000070b500000, 0x000000070b500000, 0x000000070b600000|  0%| F|  |TAMS 0x000000070b500000, 0x000000070b500000| Untracked 
|  50|0x000000070b600000, 0x000000070b600000, 0x000000070b700000|  0%| F|  |TAMS 0x000000070b600000, 0x000000070b600000| Untracked 
|  51|0x000000070b700000, 0x000000070b700000, 0x000000070b800000|  0%| F|  |TAMS 0x000000070b700000, 0x000000070b700000| Untracked 
|  52|0x000000070b800000, 0x000000070b800000, 0x000000070b900000|  0%| F|  |TAMS 0x000000070b800000, 0x000000070b800000| Untracked 
|  53|0x000000070b900000, 0x000000070b900000, 0x000000070ba00000|  0%| F|  |TAMS 0x000000070b900000, 0x000000070b900000| Untracked 
|  54|0x000000070ba00000, 0x000000070ba00000, 0x000000070bb00000|  0%| F|  |TAMS 0x000000070ba00000, 0x000000070ba00000| Untracked 
|  55|0x000000070bb00000, 0x000000070bb00000, 0x000000070bc00000|  0%| F|  |TAMS 0x000000070bb00000, 0x000000070bb00000| Untracked 
|  56|0x000000070bc00000, 0x000000070bc00000, 0x000000070bd00000|  0%| F|  |TAMS 0x000000070bc00000, 0x000000070bc00000| Untracked 
|  57|0x000000070bd00000, 0x000000070bd00000, 0x000000070be00000|  0%| F|  |TAMS 0x000000070bd00000, 0x000000070bd00000| Untracked 
|  58|0x000000070be00000, 0x000000070be00000, 0x000000070bf00000|  0%| F|  |TAMS 0x000000070be00000, 0x000000070be00000| Untracked 
|  59|0x000000070bf00000, 0x000000070bf00000, 0x000000070c000000|  0%| F|  |TAMS 0x000000070bf00000, 0x000000070bf00000| Untracked 
|  60|0x000000070c000000, 0x000000070c000000, 0x000000070c100000|  0%| F|  |TAMS 0x000000070c000000, 0x000000070c000000| Untracked 
|  61|0x000000070c100000, 0x000000070c100000, 0x000000070c200000|  0%| F|  |TAMS 0x000000070c100000, 0x000000070c100000| Untracked 
|  62|0x000000070c200000, 0x000000070c200000, 0x000000070c300000|  0%| F|  |TAMS 0x000000070c200000, 0x000000070c200000| Untracked 
|  63|0x000000070c300000, 0x000000070c300000, 0x000000070c400000|  0%| F|  |TAMS 0x000000070c300000, 0x000000070c300000| Untracked 
|  64|0x000000070c400000, 0x000000070c400000, 0x000000070c500000|  0%| F|  |TAMS 0x000000070c400000, 0x000000070c400000| Untracked 
|  65|0x000000070c500000, 0x000000070c500000, 0x000000070c600000|  0%| F|  |TAMS 0x000000070c500000, 0x000000070c500000| Untracked 
|  66|0x000000070c600000, 0x000000070c600000, 0x000000070c700000|  0%| F|  |TAMS 0x000000070c600000, 0x000000070c600000| Untracked 
|  67|0x000000070c700000, 0x000000070c700000, 0x000000070c800000|  0%| F|  |TAMS 0x000000070c700000, 0x000000070c700000| Untracked 
|  68|0x000000070c800000, 0x000000070c800000, 0x000000070c900000|  0%| F|  |TAMS 0x000000070c800000, 0x000000070c800000| Untracked 
|  69|0x000000070c900000, 0x000000070c900000, 0x000000070ca00000|  0%| F|  |TAMS 0x000000070c900000, 0x000000070c900000| Untracked 
|  70|0x000000070ca00000, 0x000000070ca00000, 0x000000070cb00000|  0%| F|  |TAMS 0x000000070ca00000, 0x000000070ca00000| Untracked 
|  71|0x000000070cb00000, 0x000000070cb00000, 0x000000070cc00000|  0%| F|  |TAMS 0x000000070cb00000, 0x000000070cb00000| Untracked 
|  72|0x000000070cc00000, 0x000000070cc00000, 0x000000070cd00000|  0%| F|  |TAMS 0x000000070cc00000, 0x000000070cc00000| Untracked 
|  73|0x000000070cd00000, 0x000000070cd00000, 0x000000070ce00000|  0%| F|  |TAMS 0x000000070cd00000, 0x000000070cd00000| Untracked 
|  74|0x000000070ce00000, 0x000000070ce00000, 0x000000070cf00000|  0%| F|  |TAMS 0x000000070ce00000, 0x000000070ce00000| Untracked 
|  75|0x000000070cf00000, 0x000000070cf00000, 0x000000070d000000|  0%| F|  |TAMS 0x000000070cf00000, 0x000000070cf00000| Untracked 
|  76|0x000000070d000000, 0x000000070d000000, 0x000000070d100000|  0%| F|  |TAMS 0x000000070d000000, 0x000000070d000000| Untracked 
|  77|0x000000070d100000, 0x000000070d100000, 0x000000070d200000|  0%| F|  |TAMS 0x000000070d100000, 0x000000070d100000| Untracked 
|  78|0x000000070d200000, 0x000000070d200000, 0x000000070d300000|  0%| F|  |TAMS 0x000000070d200000, 0x000000070d200000| Untracked 
|  79|0x000000070d300000, 0x000000070d300000, 0x000000070d400000|  0%| F|  |TAMS 0x000000070d300000, 0x000000070d300000| Untracked 
|  80|0x000000070d400000, 0x000000070d400000, 0x000000070d500000|  0%| F|  |TAMS 0x000000070d400000, 0x000000070d400000| Untracked 
|  81|0x000000070d500000, 0x000000070d500000, 0x000000070d600000|  0%| F|  |TAMS 0x000000070d500000, 0x000000070d500000| Untracked 
|  82|0x000000070d600000, 0x000000070d600000, 0x000000070d700000|  0%| F|  |TAMS 0x000000070d600000, 0x000000070d600000| Untracked 
|  83|0x000000070d700000, 0x000000070d700000, 0x000000070d800000|  0%| F|  |TAMS 0x000000070d700000, 0x000000070d700000| Untracked 
|  84|0x000000070d800000, 0x000000070d800000, 0x000000070d900000|  0%| F|  |TAMS 0x000000070d800000, 0x000000070d800000| Untracked 
|  85|0x000000070d900000, 0x000000070d900000, 0x000000070da00000|  0%| F|  |TAMS 0x000000070d900000, 0x000000070d900000| Untracked 
|  86|0x000000070da00000, 0x000000070da00000, 0x000000070db00000|  0%| F|  |TAMS 0x000000070da00000, 0x000000070da00000| Untracked 
|  87|0x000000070db00000, 0x000000070db00000, 0x000000070dc00000|  0%| F|  |TAMS 0x000000070db00000, 0x000000070db00000| Untracked 
|  88|0x000000070dc00000, 0x000000070dc00000, 0x000000070dd00000|  0%| F|  |TAMS 0x000000070dc00000, 0x000000070dc00000| Untracked 
|  89|0x000000070dd00000, 0x000000070dd00000, 0x000000070de00000|  0%| F|  |TAMS 0x000000070dd00000, 0x000000070dd00000| Untracked 
|  90|0x000000070de00000, 0x000000070de00000, 0x000000070df00000|  0%| F|  |TAMS 0x000000070de00000, 0x000000070de00000| Untracked 
|  91|0x000000070df00000, 0x000000070df00000, 0x000000070e000000|  0%| F|  |TAMS 0x000000070df00000, 0x000000070df00000| Untracked 
|  92|0x000000070e000000, 0x000000070e000000, 0x000000070e100000|  0%| F|  |TAMS 0x000000070e000000, 0x000000070e000000| Untracked 
|  93|0x000000070e100000, 0x000000070e100000, 0x000000070e200000|  0%| F|  |TAMS 0x000000070e100000, 0x000000070e100000| Untracked 
|  94|0x000000070e200000, 0x000000070e200000, 0x000000070e300000|  0%| F|  |TAMS 0x000000070e200000, 0x000000070e200000| Untracked 
|  95|0x000000070e300000, 0x000000070e300000, 0x000000070e400000|  0%| F|  |TAMS 0x000000070e300000, 0x000000070e300000| Untracked 
|  96|0x000000070e400000, 0x000000070e400000, 0x000000070e500000|  0%| F|  |TAMS 0x000000070e400000, 0x000000070e400000| Untracked 
|  97|0x000000070e500000, 0x000000070e500000, 0x000000070e600000|  0%| F|  |TAMS 0x000000070e500000, 0x000000070e500000| Untracked 
|  98|0x000000070e600000, 0x000000070e600000, 0x000000070e700000|  0%| F|  |TAMS 0x000000070e600000, 0x000000070e600000| Untracked 
|  99|0x000000070e700000, 0x000000070e700000, 0x000000070e800000|  0%| F|  |TAMS 0x000000070e700000, 0x000000070e700000| Untracked 
| 100|0x000000070e800000, 0x000000070e800000, 0x000000070e900000|  0%| F|  |TAMS 0x000000070e800000, 0x000000070e800000| Untracked 
| 101|0x000000070e900000, 0x000000070e900000, 0x000000070ea00000|  0%| F|  |TAMS 0x000000070e900000, 0x000000070e900000| Untracked 
| 102|0x000000070ea00000, 0x000000070ea00000, 0x000000070eb00000|  0%| F|  |TAMS 0x000000070ea00000, 0x000000070ea00000| Untracked 
| 103|0x000000070eb00000, 0x000000070eb00000, 0x000000070ec00000|  0%| F|  |TAMS 0x000000070eb00000, 0x000000070eb00000| Untracked 
| 104|0x000000070ec00000, 0x000000070ec00000, 0x000000070ed00000|  0%| F|  |TAMS 0x000000070ec00000, 0x000000070ec00000| Untracked 
| 105|0x000000070ed00000, 0x000000070ed00000, 0x000000070ee00000|  0%| F|  |TAMS 0x000000070ed00000, 0x000000070ed00000| Untracked 
| 106|0x000000070ee00000, 0x000000070ee00000, 0x000000070ef00000|  0%| F|  |TAMS 0x000000070ee00000, 0x000000070ee00000| Untracked 
| 107|0x000000070ef00000, 0x000000070ef00000, 0x000000070f000000|  0%| F|  |TAMS 0x000000070ef00000, 0x000000070ef00000| Untracked 
| 108|0x000000070f000000, 0x000000070f000000, 0x000000070f100000|  0%| F|  |TAMS 0x000000070f000000, 0x000000070f000000| Untracked 
| 109|0x000000070f100000, 0x000000070f100000, 0x000000070f200000|  0%| F|  |TAMS 0x000000070f100000, 0x000000070f100000| Untracked 
| 110|0x000000070f200000, 0x000000070f200000, 0x000000070f300000|  0%| F|  |TAMS 0x000000070f200000, 0x000000070f200000| Untracked 
| 111|0x000000070f300000, 0x000000070f300000, 0x000000070f400000|  0%| F|  |TAMS 0x000000070f300000, 0x000000070f300000| Untracked 
| 112|0x000000070f400000, 0x000000070f400000, 0x000000070f500000|  0%| F|  |TAMS 0x000000070f400000, 0x000000070f400000| Untracked 
| 113|0x000000070f500000, 0x000000070f500000, 0x000000070f600000|  0%| F|  |TAMS 0x000000070f500000, 0x000000070f500000| Untracked 
| 114|0x000000070f600000, 0x000000070f600000, 0x000000070f700000|  0%| F|  |TAMS 0x000000070f600000, 0x000000070f600000| Untracked 
| 115|0x000000070f700000, 0x000000070f700000, 0x000000070f800000|  0%| F|  |TAMS 0x000000070f700000, 0x000000070f700000| Untracked 
| 116|0x000000070f800000, 0x000000070f800000, 0x000000070f900000|  0%| F|  |TAMS 0x000000070f800000, 0x000000070f800000| Untracked 
| 117|0x000000070f900000, 0x000000070f900000, 0x000000070fa00000|  0%| F|  |TAMS 0x000000070f900000, 0x000000070f900000| Untracked 
| 118|0x000000070fa00000, 0x000000070fa00000, 0x000000070fb00000|  0%| F|  |TAMS 0x000000070fa00000, 0x000000070fa00000| Untracked 
| 119|0x000000070fb00000, 0x000000070fb00000, 0x000000070fc00000|  0%| F|  |TAMS 0x000000070fb00000, 0x000000070fb00000| Untracked 
| 120|0x000000070fc00000, 0x000000070fc00000, 0x000000070fd00000|  0%| F|  |TAMS 0x000000070fc00000, 0x000000070fc00000| Untracked 
| 121|0x000000070fd00000, 0x000000070fd00000, 0x000000070fe00000|  0%| F|  |TAMS 0x000000070fd00000, 0x000000070fd00000| Untracked 
| 122|0x000000070fe00000, 0x000000070fe00000, 0x000000070ff00000|  0%| F|  |TAMS 0x000000070fe00000, 0x000000070fe00000| Untracked 
| 123|0x000000070ff00000, 0x000000070ff00000, 0x0000000710000000|  0%| F|  |TAMS 0x000000070ff00000, 0x000000070ff00000| Untracked 
| 124|0x0000000710000000, 0x0000000710000000, 0x0000000710100000|  0%| F|  |TAMS 0x0000000710000000, 0x0000000710000000| Untracked 
| 125|0x0000000710100000, 0x0000000710100000, 0x0000000710200000|  0%| F|  |TAMS 0x0000000710100000, 0x0000000710100000| Untracked 
| 126|0x0000000710200000, 0x0000000710200000, 0x0000000710300000|  0%| F|  |TAMS 0x0000000710200000, 0x0000000710200000| Untracked 
| 127|0x0000000710300000, 0x0000000710300000, 0x0000000710400000|  0%| F|  |TAMS 0x0000000710300000, 0x0000000710300000| Untracked 
| 128|0x0000000710400000, 0x0000000710400000, 0x0000000710500000|  0%| F|  |TAMS 0x0000000710400000, 0x0000000710400000| Untracked 
| 129|0x0000000710500000, 0x0000000710500000, 0x0000000710600000|  0%| F|  |TAMS 0x0000000710500000, 0x0000000710500000| Untracked 
| 130|0x0000000710600000, 0x0000000710600000, 0x0000000710700000|  0%| F|  |TAMS 0x0000000710600000, 0x0000000710600000| Untracked 
| 131|0x0000000710700000, 0x0000000710700000, 0x0000000710800000|  0%| F|  |TAMS 0x0000000710700000, 0x0000000710700000| Untracked 
| 132|0x0000000710800000, 0x0000000710800000, 0x0000000710900000|  0%| F|  |TAMS 0x0000000710800000, 0x0000000710800000| Untracked 
| 133|0x0000000710900000, 0x0000000710900000, 0x0000000710a00000|  0%| F|  |TAMS 0x0000000710900000, 0x0000000710900000| Untracked 
| 134|0x0000000710a00000, 0x0000000710a00000, 0x0000000710b00000|  0%| F|  |TAMS 0x0000000710a00000, 0x0000000710a00000| Untracked 
| 135|0x0000000710b00000, 0x0000000710b00000, 0x0000000710c00000|  0%| F|  |TAMS 0x0000000710b00000, 0x0000000710b00000| Untracked 
| 136|0x0000000710c00000, 0x0000000710c00000, 0x0000000710d00000|  0%| F|  |TAMS 0x0000000710c00000, 0x0000000710c00000| Untracked 
| 137|0x0000000710d00000, 0x0000000710d00000, 0x0000000710e00000|  0%| F|  |TAMS 0x0000000710d00000, 0x0000000710d00000| Untracked 
| 138|0x0000000710e00000, 0x0000000710e00000, 0x0000000710f00000|  0%| F|  |TAMS 0x0000000710e00000, 0x0000000710e00000| Untracked 
| 139|0x0000000710f00000, 0x0000000710f00000, 0x0000000711000000|  0%| F|  |TAMS 0x0000000710f00000, 0x0000000710f00000| Untracked 
| 140|0x0000000711000000, 0x0000000711000000, 0x0000000711100000|  0%| F|  |TAMS 0x0000000711000000, 0x0000000711000000| Untracked 
| 141|0x0000000711100000, 0x0000000711100000, 0x0000000711200000|  0%| F|  |TAMS 0x0000000711100000, 0x0000000711100000| Untracked 
| 142|0x0000000711200000, 0x0000000711200000, 0x0000000711300000|  0%| F|  |TAMS 0x0000000711200000, 0x0000000711200000| Untracked 
| 143|0x0000000711300000, 0x0000000711300000, 0x0000000711400000|  0%| F|  |TAMS 0x0000000711300000, 0x0000000711300000| Untracked 
| 144|0x0000000711400000, 0x0000000711400000, 0x0000000711500000|  0%| F|  |TAMS 0x0000000711400000, 0x0000000711400000| Untracked 
| 145|0x0000000711500000, 0x0000000711500000, 0x0000000711600000|  0%| F|  |TAMS 0x0000000711500000, 0x0000000711500000| Untracked 
| 146|0x0000000711600000, 0x0000000711600000, 0x0000000711700000|  0%| F|  |TAMS 0x0000000711600000, 0x0000000711600000| Untracked 
| 147|0x0000000711700000, 0x0000000711700000, 0x0000000711800000|  0%| F|  |TAMS 0x0000000711700000, 0x0000000711700000| Untracked 
| 148|0x0000000711800000, 0x0000000711800000, 0x0000000711900000|  0%| F|  |TAMS 0x0000000711800000, 0x0000000711800000| Untracked 
| 149|0x0000000711900000, 0x0000000711900000, 0x0000000711a00000|  0%| F|  |TAMS 0x0000000711900000, 0x0000000711900000| Untracked 
| 150|0x0000000711a00000, 0x0000000711a00000, 0x0000000711b00000|  0%| F|  |TAMS 0x0000000711a00000, 0x0000000711a00000| Untracked 
| 151|0x0000000711b00000, 0x0000000711b00000, 0x0000000711c00000|  0%| F|  |TAMS 0x0000000711b00000, 0x0000000711b00000| Untracked 
| 152|0x0000000711c00000, 0x0000000711c00000, 0x0000000711d00000|  0%| F|  |TAMS 0x0000000711c00000, 0x0000000711c00000| Untracked 
| 153|0x0000000711d00000, 0x0000000711d00000, 0x0000000711e00000|  0%| F|  |TAMS 0x0000000711d00000, 0x0000000711d00000| Untracked 
| 154|0x0000000711e00000, 0x0000000711e00000, 0x0000000711f00000|  0%| F|  |TAMS 0x0000000711e00000, 0x0000000711e00000| Untracked 
| 155|0x0000000711f00000, 0x0000000711f00000, 0x0000000712000000|  0%| F|  |TAMS 0x0000000711f00000, 0x0000000711f00000| Untracked 
| 156|0x0000000712000000, 0x0000000712000000, 0x0000000712100000|  0%| F|  |TAMS 0x0000000712000000, 0x0000000712000000| Untracked 
| 157|0x0000000712100000, 0x0000000712100000, 0x0000000712200000|  0%| F|  |TAMS 0x0000000712100000, 0x0000000712100000| Untracked 
| 158|0x0000000712200000, 0x0000000712200000, 0x0000000712300000|  0%| F|  |TAMS 0x0000000712200000, 0x0000000712200000| Untracked 
| 159|0x0000000712300000, 0x0000000712300000, 0x0000000712400000|  0%| F|  |TAMS 0x0000000712300000, 0x0000000712300000| Untracked 
| 160|0x0000000712400000, 0x0000000712400000, 0x0000000712500000|  0%| F|  |TAMS 0x0000000712400000, 0x0000000712400000| Untracked 
| 161|0x0000000712500000, 0x0000000712500000, 0x0000000712600000|  0%| F|  |TAMS 0x0000000712500000, 0x0000000712500000| Untracked 
| 162|0x0000000712600000, 0x0000000712600000, 0x0000000712700000|  0%| F|  |TAMS 0x0000000712600000, 0x0000000712600000| Untracked 
| 163|0x0000000712700000, 0x0000000712700000, 0x0000000712800000|  0%| F|  |TAMS 0x0000000712700000, 0x0000000712700000| Untracked 
| 164|0x0000000712800000, 0x0000000712800000, 0x0000000712900000|  0%| F|  |TAMS 0x0000000712800000, 0x0000000712800000| Untracked 
| 165|0x0000000712900000, 0x0000000712900000, 0x0000000712a00000|  0%| F|  |TAMS 0x0000000712900000, 0x0000000712900000| Untracked 
| 166|0x0000000712a00000, 0x0000000712a00000, 0x0000000712b00000|  0%| F|  |TAMS 0x0000000712a00000, 0x0000000712a00000| Untracked 
| 167|0x0000000712b00000, 0x0000000712b00000, 0x0000000712c00000|  0%| F|  |TAMS 0x0000000712b00000, 0x0000000712b00000| Untracked 
| 168|0x0000000712c00000, 0x0000000712c00000, 0x0000000712d00000|  0%| F|  |TAMS 0x0000000712c00000, 0x0000000712c00000| Untracked 
| 169|0x0000000712d00000, 0x0000000712d00000, 0x0000000712e00000|  0%| F|  |TAMS 0x0000000712d00000, 0x0000000712d00000| Untracked 
| 170|0x0000000712e00000, 0x0000000712e00000, 0x0000000712f00000|  0%| F|  |TAMS 0x0000000712e00000, 0x0000000712e00000| Untracked 
| 171|0x0000000712f00000, 0x0000000712f00000, 0x0000000713000000|  0%| F|  |TAMS 0x0000000712f00000, 0x0000000712f00000| Untracked 
| 172|0x0000000713000000, 0x0000000713000000, 0x0000000713100000|  0%| F|  |TAMS 0x0000000713000000, 0x0000000713000000| Untracked 
| 173|0x0000000713100000, 0x0000000713100000, 0x0000000713200000|  0%| F|  |TAMS 0x0000000713100000, 0x0000000713100000| Untracked 
| 174|0x0000000713200000, 0x0000000713200000, 0x0000000713300000|  0%| F|  |TAMS 0x0000000713200000, 0x0000000713200000| Untracked 
| 175|0x0000000713300000, 0x0000000713300000, 0x0000000713400000|  0%| F|  |TAMS 0x0000000713300000, 0x0000000713300000| Untracked 
| 176|0x0000000713400000, 0x0000000713400000, 0x0000000713500000|  0%| F|  |TAMS 0x0000000713400000, 0x0000000713400000| Untracked 
| 177|0x0000000713500000, 0x0000000713500000, 0x0000000713600000|  0%| F|  |TAMS 0x0000000713500000, 0x0000000713500000| Untracked 
| 178|0x0000000713600000, 0x0000000713600000, 0x0000000713700000|  0%| F|  |TAMS 0x0000000713600000, 0x0000000713600000| Untracked 
| 179|0x0000000713700000, 0x0000000713700000, 0x0000000713800000|  0%| F|  |TAMS 0x0000000713700000, 0x0000000713700000| Untracked 
| 180|0x0000000713800000, 0x0000000713800000, 0x0000000713900000|  0%| F|  |TAMS 0x0000000713800000, 0x0000000713800000| Untracked 
| 181|0x0000000713900000, 0x0000000713900000, 0x0000000713a00000|  0%| F|  |TAMS 0x0000000713900000, 0x0000000713900000| Untracked 
| 182|0x0000000713a00000, 0x0000000713a00000, 0x0000000713b00000|  0%| F|  |TAMS 0x0000000713a00000, 0x0000000713a00000| Untracked 
| 183|0x0000000713b00000, 0x0000000713b00000, 0x0000000713c00000|  0%| F|  |TAMS 0x0000000713b00000, 0x0000000713b00000| Untracked 
| 184|0x0000000713c00000, 0x0000000713c00000, 0x0000000713d00000|  0%| F|  |TAMS 0x0000000713c00000, 0x0000000713c00000| Untracked 
| 185|0x0000000713d00000, 0x0000000713d00000, 0x0000000713e00000|  0%| F|  |TAMS 0x0000000713d00000, 0x0000000713d00000| Untracked 
| 186|0x0000000713e00000, 0x0000000713e00000, 0x0000000713f00000|  0%| F|  |TAMS 0x0000000713e00000, 0x0000000713e00000| Untracked 
| 187|0x0000000713f00000, 0x0000000713f00000, 0x0000000714000000|  0%| F|  |TAMS 0x0000000713f00000, 0x0000000713f00000| Untracked 
| 188|0x0000000714000000, 0x0000000714000000, 0x0000000714100000|  0%| F|  |TAMS 0x0000000714000000, 0x0000000714000000| Untracked 
| 189|0x0000000714100000, 0x0000000714100000, 0x0000000714200000|  0%| F|  |TAMS 0x0000000714100000, 0x0000000714100000| Untracked 
| 190|0x0000000714200000, 0x0000000714200000, 0x0000000714300000|  0%| F|  |TAMS 0x0000000714200000, 0x0000000714200000| Untracked 
| 191|0x0000000714300000, 0x0000000714300000, 0x0000000714400000|  0%| F|  |TAMS 0x0000000714300000, 0x0000000714300000| Untracked 
| 192|0x0000000714400000, 0x0000000714400000, 0x0000000714500000|  0%| F|  |TAMS 0x0000000714400000, 0x0000000714400000| Untracked 
| 193|0x0000000714500000, 0x0000000714500000, 0x0000000714600000|  0%| F|  |TAMS 0x0000000714500000, 0x0000000714500000| Untracked 
| 194|0x0000000714600000, 0x0000000714600000, 0x0000000714700000|  0%| F|  |TAMS 0x0000000714600000, 0x0000000714600000| Untracked 
| 195|0x0000000714700000, 0x0000000714700000, 0x0000000714800000|  0%| F|  |TAMS 0x0000000714700000, 0x0000000714700000| Untracked 
| 196|0x0000000714800000, 0x0000000714800000, 0x0000000714900000|  0%| F|  |TAMS 0x0000000714800000, 0x0000000714800000| Untracked 
| 197|0x0000000714900000, 0x0000000714900000, 0x0000000714a00000|  0%| F|  |TAMS 0x0000000714900000, 0x0000000714900000| Untracked 
| 198|0x0000000714a00000, 0x0000000714a00000, 0x0000000714b00000|  0%| F|  |TAMS 0x0000000714a00000, 0x0000000714a00000| Untracked 
| 199|0x0000000714b00000, 0x0000000714b00000, 0x0000000714c00000|  0%| F|  |TAMS 0x0000000714b00000, 0x0000000714b00000| Untracked 
| 200|0x0000000714c00000, 0x0000000714c00000, 0x0000000714d00000|  0%| F|  |TAMS 0x0000000714c00000, 0x0000000714c00000| Untracked 
| 201|0x0000000714d00000, 0x0000000714d00000, 0x0000000714e00000|  0%| F|  |TAMS 0x0000000714d00000, 0x0000000714d00000| Untracked 
| 202|0x0000000714e00000, 0x0000000714e00000, 0x0000000714f00000|  0%| F|  |TAMS 0x0000000714e00000, 0x0000000714e00000| Untracked 
| 203|0x0000000714f00000, 0x0000000714f00000, 0x0000000715000000|  0%| F|  |TAMS 0x0000000714f00000, 0x0000000714f00000| Untracked 
| 204|0x0000000715000000, 0x0000000715000000, 0x0000000715100000|  0%| F|  |TAMS 0x0000000715000000, 0x0000000715000000| Untracked 
| 205|0x0000000715100000, 0x0000000715100000, 0x0000000715200000|  0%| F|  |TAMS 0x0000000715100000, 0x0000000715100000| Untracked 
| 206|0x0000000715200000, 0x0000000715200000, 0x0000000715300000|  0%| F|  |TAMS 0x0000000715200000, 0x0000000715200000| Untracked 
| 207|0x0000000715300000, 0x0000000715300000, 0x0000000715400000|  0%| F|  |TAMS 0x0000000715300000, 0x0000000715300000| Untracked 
| 208|0x0000000715400000, 0x0000000715400000, 0x0000000715500000|  0%| F|  |TAMS 0x0000000715400000, 0x0000000715400000| Untracked 
| 209|0x0000000715500000, 0x0000000715500000, 0x0000000715600000|  0%| F|  |TAMS 0x0000000715500000, 0x0000000715500000| Untracked 
| 210|0x0000000715600000, 0x0000000715600000, 0x0000000715700000|  0%| F|  |TAMS 0x0000000715600000, 0x0000000715600000| Untracked 
| 211|0x0000000715700000, 0x0000000715700000, 0x0000000715800000|  0%| F|  |TAMS 0x0000000715700000, 0x0000000715700000| Untracked 
| 212|0x0000000715800000, 0x0000000715800000, 0x0000000715900000|  0%| F|  |TAMS 0x0000000715800000, 0x0000000715800000| Untracked 
| 213|0x0000000715900000, 0x0000000715900000, 0x0000000715a00000|  0%| F|  |TAMS 0x0000000715900000, 0x0000000715900000| Untracked 
| 214|0x0000000715a00000, 0x0000000715a00000, 0x0000000715b00000|  0%| F|  |TAMS 0x0000000715a00000, 0x0000000715a00000| Untracked 
| 215|0x0000000715b00000, 0x0000000715b00000, 0x0000000715c00000|  0%| F|  |TAMS 0x0000000715b00000, 0x0000000715b00000| Untracked 
| 216|0x0000000715c00000, 0x0000000715c00000, 0x0000000715d00000|  0%| F|  |TAMS 0x0000000715c00000, 0x0000000715c00000| Untracked 
| 217|0x0000000715d00000, 0x0000000715d00000, 0x0000000715e00000|  0%| F|  |TAMS 0x0000000715d00000, 0x0000000715d00000| Untracked 
| 218|0x0000000715e00000, 0x0000000715e00000, 0x0000000715f00000|  0%| F|  |TAMS 0x0000000715e00000, 0x0000000715e00000| Untracked 
| 219|0x0000000715f00000, 0x0000000715f00000, 0x0000000716000000|  0%| F|  |TAMS 0x0000000715f00000, 0x0000000715f00000| Untracked 
| 220|0x0000000716000000, 0x0000000716000000, 0x0000000716100000|  0%| F|  |TAMS 0x0000000716000000, 0x0000000716000000| Untracked 
| 221|0x0000000716100000, 0x00000007161e0498, 0x0000000716200000| 87%| S|CS|TAMS 0x0000000716100000, 0x0000000716100000| Complete 
| 222|0x0000000716200000, 0x0000000716300000, 0x0000000716300000|100%| S|CS|TAMS 0x0000000716200000, 0x0000000716200000| Complete 
| 223|0x0000000716300000, 0x0000000716400000, 0x0000000716400000|100%| S|CS|TAMS 0x0000000716300000, 0x0000000716300000| Complete 
| 224|0x0000000716400000, 0x0000000716400000, 0x0000000716500000|  0%| F|  |TAMS 0x0000000716400000, 0x0000000716400000| Untracked 
| 225|0x0000000716500000, 0x0000000716580800, 0x0000000716600000| 50%| E|  |TAMS 0x0000000716500000, 0x0000000716500000| Complete 
| 226|0x0000000716600000, 0x0000000716700000, 0x0000000716700000|100%| E|CS|TAMS 0x0000000716600000, 0x0000000716600000| Complete 
| 227|0x0000000716700000, 0x0000000716800000, 0x0000000716800000|100%| E|CS|TAMS 0x0000000716700000, 0x0000000716700000| Complete 
| 228|0x0000000716800000, 0x0000000716900000, 0x0000000716900000|100%| E|CS|TAMS 0x0000000716800000, 0x0000000716800000| Complete 
| 229|0x0000000716900000, 0x0000000716a00000, 0x0000000716a00000|100%| E|CS|TAMS 0x0000000716900000, 0x0000000716900000| Complete 
| 230|0x0000000716a00000, 0x0000000716b00000, 0x0000000716b00000|100%| E|CS|TAMS 0x0000000716a00000, 0x0000000716a00000| Complete 
| 231|0x0000000716b00000, 0x0000000716c00000, 0x0000000716c00000|100%| E|CS|TAMS 0x0000000716b00000, 0x0000000716b00000| Complete 
| 232|0x0000000716c00000, 0x0000000716d00000, 0x0000000716d00000|100%| E|CS|TAMS 0x0000000716c00000, 0x0000000716c00000| Complete 
| 233|0x0000000716d00000, 0x0000000716e00000, 0x0000000716e00000|100%| E|CS|TAMS 0x0000000716d00000, 0x0000000716d00000| Complete 
| 234|0x0000000716e00000, 0x0000000716f00000, 0x0000000716f00000|100%| E|CS|TAMS 0x0000000716e00000, 0x0000000716e00000| Complete 
| 235|0x0000000716f00000, 0x0000000717000000, 0x0000000717000000|100%| E|CS|TAMS 0x0000000716f00000, 0x0000000716f00000| Complete 
| 236|0x0000000717000000, 0x0000000717100000, 0x0000000717100000|100%| E|CS|TAMS 0x0000000717000000, 0x0000000717000000| Complete 
| 237|0x0000000717100000, 0x0000000717200000, 0x0000000717200000|100%| E|CS|TAMS 0x0000000717100000, 0x0000000717100000| Complete 
| 238|0x0000000717200000, 0x0000000717300000, 0x0000000717300000|100%| E|CS|TAMS 0x0000000717200000, 0x0000000717200000| Complete 
| 239|0x0000000717300000, 0x0000000717400000, 0x0000000717400000|100%| E|CS|TAMS 0x0000000717300000, 0x0000000717300000| Complete 
| 240|0x0000000717400000, 0x0000000717500000, 0x0000000717500000|100%| E|CS|TAMS 0x0000000717400000, 0x0000000717400000| Complete 
| 241|0x0000000717500000, 0x0000000717600000, 0x0000000717600000|100%| E|CS|TAMS 0x0000000717500000, 0x0000000717500000| Complete 
| 242|0x0000000717600000, 0x0000000717700000, 0x0000000717700000|100%| E|CS|TAMS 0x0000000717600000, 0x0000000717600000| Complete 
| 243|0x0000000717700000, 0x0000000717800000, 0x0000000717800000|100%| E|CS|TAMS 0x0000000717700000, 0x0000000717700000| Complete 
| 244|0x0000000717800000, 0x0000000717900000, 0x0000000717900000|100%| E|CS|TAMS 0x0000000717800000, 0x0000000717800000| Complete 
| 245|0x0000000717900000, 0x0000000717a00000, 0x0000000717a00000|100%| E|CS|TAMS 0x0000000717900000, 0x0000000717900000| Complete 
| 246|0x0000000717a00000, 0x0000000717b00000, 0x0000000717b00000|100%| E|CS|TAMS 0x0000000717a00000, 0x0000000717a00000| Complete 
| 247|0x0000000717b00000, 0x0000000717c00000, 0x0000000717c00000|100%| E|CS|TAMS 0x0000000717b00000, 0x0000000717b00000| Complete 
|2938|0x00000007bfe00000, 0x00000007bfe47000, 0x00000007bff00000| 27%|OA|  |TAMS 0x00000007bfe00000, 0x00000007bfe00000| Untracked 
|2939|0x00000007bff00000, 0x00000007bff6b000, 0x00000007c0000000| 41%|CA|  |TAMS 0x00000007bff00000, 0x00000007bff00000| Untracked 

Card table byte_map: [0x00007feafa2b8000,0x00007feafaa76000] _byte_map_base: 0x00007feaf6a76000

Marking Bits (Prev, Next): (CMBitMap*) 0x00007feaf407db88, (CMBitMap*) 0x00007feaf407dbc0
 Prev Bits: [0x00007fead4210000, 0x00007fead8000000)
 Next Bits: [0x00007fead0420000, 0x00007fead4210000)

Polling page: 0x00007feafbf8a000

Metaspace:

Usage:
  Non-class:      9,51 MB capacity,     7,59 MB ( 80%) used,     1,91 MB ( 20%) free+waste,    11,44 KB ( <1%) overhead. 
      Class:      1,35 MB capacity,     1,08 MB ( 80%) used,   275,16 KB ( 20%) free+waste,     5,69 KB ( <1%) overhead. 
       Both:     10,86 MB capacity,     8,67 MB ( 80%) used,     2,18 MB ( 20%) free+waste,    17,12 KB ( <1%) overhead. 

Virtual space:
  Non-class space:       10,00 MB reserved,       9,75 MB ( 98%) committed 
      Class space:        1,00 GB reserved,       1,38 MB ( <1%) committed 
             Both:        1,01 GB reserved,      11,12 MB (  1%) committed 

Chunk freelists:
   Non-Class:  106,00 KB
       Class:  22,00 KB
        Both:  128,00 KB

MaxMetaspaceSize: unlimited
CompressedClassSpaceSize: 1,00 GB

CodeHeap 'non-profiled nmethods': size=120032Kb used=583Kb max_used=583Kb free=119448Kb
 bounds [0x00007feae4340000, 0x00007feae45b0000, 0x00007feaeb878000]
CodeHeap 'profiled nmethods': size=120028Kb used=2745Kb max_used=2745Kb free=117282Kb
 bounds [0x00007feadce09000, 0x00007feadd0b9000, 0x00007feae4340000]
CodeHeap 'non-nmethods': size=5700Kb used=1070Kb max_used=1101Kb free=4629Kb
 bounds [0x00007feadc878000, 0x00007feadcae8000, 0x00007feadce09000]
 total_blobs=1769 nmethods=1392 adapters=290
 compilation: enabled
              stopped_count=0, restarted_count=0
 full_count=0

Compilation events (20 events):
Event: 0,472 Thread 0x00007feaf41e6000 1382       3       java.lang.reflect.ProxyGenerator$ConstantPool::getFieldRef (33 bytes)
Event: 0,473 Thread 0x00007feaf41e6000 nmethod 1382 0x00007feadd0b0290 code [0x00007feadd0b0560, 0x00007feadd0b1240]
Event: 0,473 Thread 0x00007feaf41e6000 1384       3       sun.reflect.annotation.AnnotationParser$1::run (5 bytes)
Event: 0,473 Thread 0x00007feaf41e6000 nmethod 1384 0x00007feadd0b1790 code [0x00007feadd0b1940, 0x00007feadd0b1aa0]
Event: 0,473 Thread 0x00007feaf41e6000 1385       3       sun.reflect.annotation.AnnotationParser$1::run (40 bytes)
Event: 0,473 Thread 0x00007feaf41e6000 nmethod 1385 0x00007feadd0b1b90 code [0x00007feadd0b1e40, 0x00007feadd0b2db0]
Event: 0,473 Thread 0x00007feaf41e6000 1386       3       sun.reflect.annotation.AnnotationInvocationHandler::<init> (51 bytes)
Event: 0,474 Thread 0x00007feaf41e6000 nmethod 1386 0x00007feadd0b3210 code [0x00007feadd0b3420, 0x00007feadd0b3980]
Event: 0,474 Thread 0x00007feaf41e6000 1387       3       java.lang.reflect.Proxy::newProxyInstance (35 bytes)
Event: 0,474 Thread 0x00007feaf41e6000 nmethod 1387 0x00007feadd0b3b90 code [0x00007feadd0b3da0, 0x00007feadd0b4150]
Event: 0,474 Thread 0x00007feaf41e6000 1389       3       java.lang.reflect.AccessibleObject::getAnnotations (5 bytes)
Event: 0,474 Thread 0x00007feaf41e6000 nmethod 1389 0x00007feadd0b4310 code [0x00007feadd0b44c0, 0x00007feadd0b46a0]
Event: 0,474 Thread 0x00007feaf41e6000 1388       3       java.lang.reflect.Proxy::getProxyConstructor (92 bytes)
Event: 0,474 Thread 0x00007feaf41e6000 nmethod 1388 0x00007feadd0b4790 code [0x00007feadd0b4aa0, 0x00007feadd0b6180]
Event: 0,474 Thread 0x00007feaf41e6000 1390       3       com.google.inject.spi.Elements$RecordingBinder::bind (6 bytes)
Event: 0,474 Thread 0x00007feaf41e6000 nmethod 1390 0x00007feadd0b6710 code [0x00007feadd0b6900, 0x00007feadd0b6c40]
Event: 0,474 Thread 0x00007feaf41e6000 1391       3       com.google.common.cache.LocalCache::refreshes (15 bytes)
Event: 0,475 Thread 0x00007feaf41e6000 nmethod 1391 0x00007feadd0b6e10 code [0x00007feadd0b6fc0, 0x00007feadd0b7150]
Event: 0,476 Thread 0x00007feaf41e6000 1393       3       java.lang.reflect.Modifier::isPrivate (12 bytes)
Event: 0,476 Thread 0x00007feaf41e6000 nmethod 1393 0x00007feadd0b7210 code [0x00007feadd0b73c0, 0x00007feadd0b74f0]

GC Heap History (2 events):
Event: 0,293 GC heap before
{Heap before GC invocations=0 (full 0):
 garbage-first heap   total 256000K, used 24264K [0x0000000708400000, 0x0000000800000000)
  region size 1024K, 24 young (24576K), 0 survivors (0K)
 Metaspace       used 5200K, capacity 7741K, committed 7936K, reserved 1056768K
  class space    used 643K, capacity 924K, committed 1024K, reserved 1048576K
}
Event: 0,299 GC heap after
{Heap after GC invocations=1 (full 0):
 garbage-first heap   total 256000K, used 3657K [0x0000000708400000, 0x0000000800000000)
  region size 1024K, 3 young (3072K), 3 survivors (3072K)
 Metaspace       used 5200K, capacity 7741K, committed 7936K, reserved 1056768K
  class space    used 643K, capacity 924K, committed 1024K, reserved 1048576K
}

Deoptimization events (20 events):
Event: 0,304 Thread 0x00007feaf4017800 Uncommon trap: trap_request=0xffffffc6 fr.pc=0x00007feae437b430 relative=0x00000000000003d0
Event: 0,304 Thread 0x00007feaf4017800 Uncommon trap: reason=bimorphic_or_optimized_type_check action=maybe_recompile pc=0x00007feae437b430 method=java.util.HashMap.getNode(ILjava/lang/Object;)Ljava/util/HashMap$Node; @ 126 c2
Event: 0,304 Thread 0x00007feaf4017800 DEOPT PACKING pc=0x00007feae437b430 sp=0x00007feafc0c2f50
Event: 0,304 Thread 0x00007feaf4017800 DEOPT UNPACKING pc=0x00007feadc89d9a5 sp=0x00007feafc0c2ee8 mode 2
Event: 0,318 Thread 0x00007feaf4017800 Uncommon trap: trap_request=0xffffffc6 fr.pc=0x00007feae437b430 relative=0x00000000000003d0
Event: 0,318 Thread 0x00007feaf4017800 Uncommon trap: reason=bimorphic_or_optimized_type_check action=maybe_recompile pc=0x00007feae437b430 method=java.util.HashMap.getNode(ILjava/lang/Object;)Ljava/util/HashMap$Node; @ 126 c2
Event: 0,318 Thread 0x00007feaf4017800 DEOPT PACKING pc=0x00007feae437b430 sp=0x00007feafc0c2e00
Event: 0,318 Thread 0x00007feaf4017800 DEOPT UNPACKING pc=0x00007feadc89d9a5 sp=0x00007feafc0c2d98 mode 2
Event: 0,340 Thread 0x00007feaf4017800 Uncommon trap: trap_request=0xffffff4d fr.pc=0x00007feae43a53e8 relative=0x0000000000000328
Event: 0,340 Thread 0x00007feaf4017800 Uncommon trap: reason=unstable_if action=reinterpret pc=0x00007feae43a53e8 method=java.lang.String.<init>([CIILjava/lang/Void;)V @ 5 c2
Event: 0,340 Thread 0x00007feaf4017800 DEOPT PACKING pc=0x00007feae43a53e8 sp=0x00007feafc0c3170
Event: 0,340 Thread 0x00007feaf4017800 DEOPT UNPACKING pc=0x00007feadc89d9a5 sp=0x00007feafc0c3130 mode 2
Event: 0,341 Thread 0x00007feaf4017800 DEOPT PACKING pc=0x00007feadce434c0 sp=0x00007feafc0be920
Event: 0,341 Thread 0x00007feaf4017800 DEOPT UNPACKING pc=0x00007feadc89e14a sp=0x00007feafc0bde58 mode 0
Event: 0,359 Thread 0x00007feaf4017800 DEOPT PACKING pc=0x00007feadd00e9cc sp=0x00007feafc0c32f0
Event: 0,359 Thread 0x00007feaf4017800 DEOPT UNPACKING pc=0x00007feadc89e14a sp=0x00007feafc0c27e8 mode 0
Event: 0,361 Thread 0x00007feaf4017800 DEOPT PACKING pc=0x00007feadd00e9cc sp=0x00007feafc0c3130
Event: 0,361 Thread 0x00007feaf4017800 DEOPT UNPACKING pc=0x00007feadc89e14a sp=0x00007feafc0c2628 mode 0
Event: 0,364 Thread 0x00007feaf4017800 DEOPT PACKING pc=0x00007feadd00e9cc sp=0x00007feafc0c3360
Event: 0,364 Thread 0x00007feaf4017800 DEOPT UNPACKING pc=0x00007feadc89e14a sp=0x00007feafc0c2858 mode 0

Classes redefined (0 events):
No events

Internal exceptions (8 events):
Event: 0,071 Thread 0x00007feaf4017800 Exception <a 'java/security/PrivilegedActionException'{0x0000000717917610}> (0x0000000717917610) thrown at [src/hotspot/share/prims/jvm.cpp, line 1304]
Event: 0,071 Thread 0x00007feaf4017800 Exception <a 'java/security/PrivilegedActionException'{0x00000007179178e0}> (0x00000007179178e0) thrown at [src/hotspot/share/prims/jvm.cpp, line 1304]
Event: 0,080 Thread 0x00007feaf4017800 Exception <a 'java/lang/NoSuchMethodError'{0x00000007179a9f08}: 'int java.lang.invoke.DirectMethodHandle$Holder.invokeSpecialIFC(java.lang.Object, java.lang.Object, int)'> (0x00000007179a9f08) thrown at [src/hotspot/share/interpreter/linkResolver.cpp, line 772]
Event: 0,087 Thread 0x00007feaf4017800 Exception <a 'java/lang/NoClassDefFoundError'{0x0000000717860180}: org/fusesource/jansi/internal/CLibrary> (0x0000000717860180) thrown at [src/hotspot/share/classfile/systemDictionary.cpp, line 220]
Event: 0,087 Thread 0x00007feaf4017800 Exception <a 'java/lang/NoClassDefFoundError'{0x00000007178606e8}: org/fusesource/jansi/internal/CLibrary> (0x00000007178606e8) thrown at [src/hotspot/share/oops/constantPool.cpp, line 775]
Event: 0,088 Thread 0x00007feaf4017800 Exception <a 'java/lang/NoClassDefFoundError'{0x000000071786e8f0}: org/fusesource/jansi/internal/CLibrary> (0x000000071786e8f0) thrown at [src/hotspot/share/oops/constantPool.cpp, line 775]
Event: 0,088 Thread 0x00007feaf4017800 Exception <a 'java/lang/NoClassDefFoundError'{0x000000071786ec10}: org/fusesource/jansi/internal/CLibrary> (0x000000071786ec10) thrown at [src/hotspot/share/oops/constantPool.cpp, line 775]
Event: 0,477 Thread 0x00007feaf4017800 Implicit null exception at 0x00007feae4381061 to 0x0000000000000000

Events (20 events):
Event: 0,475 loading class org/eclipse/aether/resolution/VersionResult
Event: 0,475 loading class org/eclipse/aether/resolution/VersionResult done
Event: 0,475 loading class org/eclipse/aether/internal/impl/DefaultArtifactResolver$ResolutionGroup
Event: 0,475 loading class org/eclipse/aether/internal/impl/DefaultArtifactResolver$ResolutionGroup done
Event: 0,475 loading class org/eclipse/aether/resolution/ArtifactRequest
Event: 0,475 loading class org/eclipse/aether/resolution/ArtifactRequest done
Event: 0,475 loading class org/eclipse/aether/resolution/ArtifactResult
Event: 0,475 loading class org/eclipse/aether/resolution/ArtifactResult done
Event: 0,476 loading class org/eclipse/aether/spi/connector/checksum/ChecksumPolicy
Event: 0,476 loading class org/eclipse/aether/spi/connector/checksum/ChecksumPolicy done
Event: 0,476 loading class org/eclipse/aether/transfer/TransferResource
Event: 0,476 loading class org/eclipse/aether/transfer/TransferResource done
Event: 0,476 loading class org/eclipse/aether/transfer/MetadataTransferException
Event: 0,476 loading class org/eclipse/aether/transfer/MetadataTransferException done
Event: 0,476 loading class org/eclipse/aether/metadata/Metadata$Nature
Event: 0,476 loading class org/eclipse/aether/metadata/Metadata$Nature done
Event: 0,476 loading class org/eclipse/aether/repository/RepositoryPolicy
Event: 0,476 loading class org/eclipse/aether/repository/RepositoryPolicy done
Event: 0,477 loading class org/eclipse/aether/deployment/DeployRequest
Event: 0,477 loading class org/eclipse/aether/deployment/DeployRequest done


Dynamic libraries:
708400000-717c00000 rw-p 00000000 00:00 0 
717c00000-7bfe00000 ---p 00000000 00:00 0 
7bfe00000-7bfe47000 rw-p 01111000 103:06 3801302                         /usr/lib/jvm/java-11-openjdk-amd64/lib/server/classes.jsa
7bfe47000-7bff00000 rw-p 00000000 00:00 0 
7bff00000-7bff6b000 rw-p 010a6000 103:06 3801302                         /usr/lib/jvm/java-11-openjdk-amd64/lib/server/classes.jsa
7bff6b000-7c0000000 rw-p 00000000 00:00 0 
7c0000000-800000000 ---p 00000000 00:00 0 
800000000-800002000 rwxp 00001000 103:06 3801302                         /usr/lib/jvm/java-11-openjdk-amd64/lib/server/classes.jsa
800002000-8003b9000 rw-p 00003000 103:06 3801302                         /usr/lib/jvm/java-11-openjdk-amd64/lib/server/classes.jsa
8003b9000-800a96000 r--p 003ba000 103:06 3801302                         /usr/lib/jvm/java-11-openjdk-amd64/lib/server/classes.jsa
800a96000-800a97000 rw-p 00a97000 103:06 3801302                         /usr/lib/jvm/java-11-openjdk-amd64/lib/server/classes.jsa
800a97000-8010a5000 r--p 00a98000 103:06 3801302                         /usr/lib/jvm/java-11-openjdk-amd64/lib/server/classes.jsa
840000000-840160000 rw-p 00000000 00:00 0 
840160000-880000000 ---p 00000000 00:00 0 
5620c1329000-5620c132a000 r--p 00000000 103:06 2889003                   /usr/lib/jvm/java-11-openjdk-amd64/bin/java
5620c132a000-5620c132b000 r-xp 00001000 103:06 2889003                   /usr/lib/jvm/java-11-openjdk-amd64/bin/java
5620c132b000-5620c132c000 r--p 00002000 103:06 2889003                   /usr/lib/jvm/java-11-openjdk-amd64/bin/java
5620c132c000-5620c132d000 r--p 00002000 103:06 2889003                   /usr/lib/jvm/java-11-openjdk-amd64/bin/java
5620c132d000-5620c132e000 rw-p 00003000 103:06 2889003                   /usr/lib/jvm/java-11-openjdk-amd64/bin/java
5620c2571000-5620c2592000 rw-p 00000000 00:00 0                          [heap]
7fea78000000-7fea78021000 rw-p 00000000 00:00 0 
7fea78021000-7fea7c000000 ---p 00000000 00:00 0 
7fea7c000000-7fea7c021000 rw-p 00000000 00:00 0 
7fea7c021000-7fea80000000 ---p 00000000 00:00 0 
7fea80000000-7fea80021000 rw-p 00000000 00:00 0 
7fea80021000-7fea84000000 ---p 00000000 00:00 0 
7fea84000000-7fea84021000 rw-p 00000000 00:00 0 
7fea84021000-7fea88000000 ---p 00000000 00:00 0 
7fea88000000-7fea8827c000 rw-p 00000000 00:00 0 
7fea8827c000-7fea8c000000 ---p 00000000 00:00 0 
7fea8c000000-7fea8c021000 rw-p 00000000 00:00 0 
7fea8c021000-7fea90000000 ---p 00000000 00:00 0 
7fea90000000-7fea90021000 rw-p 00000000 00:00 0 
7fea90021000-7fea94000000 ---p 00000000 00:00 0 
7fea94000000-7fea94336000 rw-p 00000000 00:00 0 
7fea94336000-7fea98000000 ---p 00000000 00:00 0 
7fea98000000-7fea98021000 rw-p 00000000 00:00 0 
7fea98021000-7fea9c000000 ---p 00000000 00:00 0 
7fea9c000000-7fea9c021000 rw-p 00000000 00:00 0 
7fea9c021000-7feaa0000000 ---p 00000000 00:00 0 
7feaa0000000-7feaa0520000 rw-p 00000000 00:00 0 
7feaa0520000-7feaa4000000 ---p 00000000 00:00 0 
7feaa4000000-7feaa454f000 rw-p 00000000 00:00 0 
7feaa454f000-7feaa8000000 ---p 00000000 00:00 0 
7feaa8000000-7feaa8021000 rw-p 00000000 00:00 0 
7feaa8021000-7feaac000000 ---p 00000000 00:00 0 
7feaac000000-7feaac021000 rw-p 00000000 00:00 0 
7feaac021000-7feab0000000 ---p 00000000 00:00 0 
7feab0000000-7feab0021000 rw-p 00000000 00:00 0 
7feab0021000-7feab4000000 ---p 00000000 00:00 0 
7feab4000000-7feab4021000 rw-p 00000000 00:00 0 
7feab4021000-7feab8000000 ---p 00000000 00:00 0 
7feab8000000-7feab8021000 rw-p 00000000 00:00 0 
7feab8021000-7feabc000000 ---p 00000000 00:00 0 
7feabc000000-7feabc021000 rw-p 00000000 00:00 0 
7feabc021000-7feac0000000 ---p 00000000 00:00 0 
7feac0000000-7feac0021000 rw-p 00000000 00:00 0 
7feac0021000-7feac4000000 ---p 00000000 00:00 0 
7feac4000000-7feac4021000 rw-p 00000000 00:00 0 
7feac4021000-7feac8000000 ---p 00000000 00:00 0 
7feac95f3000-7feac97b3000 rw-p 00000000 00:00 0 
7feac97b3000-7feac97f3000 ---p 00000000 00:00 0 
7feac97f3000-7feac97f4000 ---p 00000000 00:00 0 
7feac97f4000-7feac98f5000 rw-p 00000000 00:00 0 
7feac98f5000-7feac98f6000 ---p 00000000 00:00 0 
7feac98f6000-7feac99f7000 rw-p 00000000 00:00 0 
7feac99f7000-7feac99f8000 ---p 00000000 00:00 0 
7feac99f8000-7feac9af9000 rw-p 00000000 00:00 0 
7feac9af9000-7feac9afa000 ---p 00000000 00:00 0 
7feac9afa000-7feac9bfb000 rw-p 00000000 00:00 0 
7feac9bfb000-7feac9bfc000 ---p 00000000 00:00 0 
7feac9bfc000-7feac9cfd000 rw-p 00000000 00:00 0 
7feac9cfd000-7feac9d01000 ---p 00000000 00:00 0 
7feac9d01000-7feac9dfe000 rw-p 00000000 00:00 0 
7feac9dfe000-7feac9e02000 ---p 00000000 00:00 0 
7feac9e02000-7feac9eff000 rw-p 00000000 00:00 0 
7feac9eff000-7feac9f03000 ---p 00000000 00:00 0 
7feac9f03000-7feacc000000 rw-p 00000000 00:00 0 
7feacc000000-7feacc021000 rw-p 00000000 00:00 0 
7feacc021000-7fead0000000 ---p 00000000 00:00 0 
7fead001b000-7fead001c000 ---p 00000000 00:00 0 
7fead001c000-7fead011d000 rw-p 00000000 00:00 0 
7fead011d000-7fead0121000 ---p 00000000 00:00 0 
7fead0121000-7fead021e000 rw-p 00000000 00:00 0 
7fead021e000-7fead0222000 ---p 00000000 00:00 0 
7fead0222000-7fead031f000 rw-p 00000000 00:00 0 
7fead031f000-7fead0323000 ---p 00000000 00:00 0 
7fead0323000-7fead0800000 rw-p 00000000 00:00 0 
7fead0800000-7fead3208000 ---p 00000000 00:00 0 
7fead3208000-7fead3210000 rw-p 00000000 00:00 0 
7fead3210000-7fead4210000 ---p 00000000 00:00 0 
7fead4210000-7fead45f0000 rw-p 00000000 00:00 0 
7fead45f0000-7fead6ff8000 ---p 00000000 00:00 0 
7fead6ff8000-7fead7000000 rw-p 00000000 00:00 0 
7fead7000000-7fead8000000 ---p 00000000 00:00 0 
7fead8000000-7fead8021000 rw-p 00000000 00:00 0 
7fead8021000-7feadc000000 ---p 00000000 00:00 0 
7feadc004000-7feadc008000 ---p 00000000 00:00 0 
7feadc008000-7feadc105000 rw-p 00000000 00:00 0 
7feadc105000-7feadc109000 ---p 00000000 00:00 0 
7feadc109000-7feadc206000 rw-p 00000000 00:00 0 
7feadc206000-7feadc777000 r--p 00000000 103:06 2889157                   /usr/lib/locale/locale-archive
7feadc777000-7feadc77b000 ---p 00000000 00:00 0 
7feadc77b000-7feadc878000 rw-p 00000000 00:00 0 
7feadc878000-7feadcae8000 rwxp 00000000 00:00 0 
7feadcae8000-7feadce09000 ---p 00000000 00:00 0 
7feadce09000-7feadd0b9000 rwxp 00000000 00:00 0 
7feadd0b9000-7feae4340000 ---p 00000000 00:00 0 
7feae4340000-7feae45b0000 rwxp 00000000 00:00 0 
7feae45b0000-7feaeb878000 ---p 00000000 00:00 0 
7feaeb878000-7feaf4000000 r--s 00000000 103:06 2889069                   /usr/lib/jvm/java-11-openjdk-amd64/lib/modules
7feaf4000000-7feaf49a6000 rw-p 00000000 00:00 0 
7feaf49a6000-7feaf8000000 ---p 00000000 00:00 0 
7feaf8041000-7feaf8072000 rw-p 00000000 00:00 0 
7feaf8072000-7feaf8076000 r--p 00000000 103:06 2889059                   /usr/lib/jvm/java-11-openjdk-amd64/lib/libnet.so
7feaf8076000-7feaf8085000 r-xp 00004000 103:06 2889059                   /usr/lib/jvm/java-11-openjdk-amd64/lib/libnet.so
7feaf8085000-7feaf8089000 r--p 00013000 103:06 2889059                   /usr/lib/jvm/java-11-openjdk-amd64/lib/libnet.so
7feaf8089000-7feaf808a000 r--p 00016000 103:06 2889059                   /usr/lib/jvm/java-11-openjdk-amd64/lib/libnet.so
7feaf808a000-7feaf808b000 rw-p 00017000 103:06 2889059                   /usr/lib/jvm/java-11-openjdk-amd64/lib/libnet.so
7feaf808b000-7feaf8092000 r--p 00000000 103:06 2889060                   /usr/lib/jvm/java-11-openjdk-amd64/lib/libnio.so
7feaf8092000-7feaf809a000 r-xp 00007000 103:06 2889060                   /usr/lib/jvm/java-11-openjdk-amd64/lib/libnio.so
7feaf809a000-7feaf809d000 r--p 0000f000 103:06 2889060                   /usr/lib/jvm/java-11-openjdk-amd64/lib/libnio.so
7feaf809d000-7feaf809e000 r--p 00011000 103:06 2889060                   /usr/lib/jvm/java-11-openjdk-amd64/lib/libnio.so
7feaf809e000-7feaf809f000 rw-p 00012000 103:06 2889060                   /usr/lib/jvm/java-11-openjdk-amd64/lib/libnio.so
7feaf809f000-7feaf80a3000 ---p 00000000 00:00 0 
7feaf80a3000-7feaf81a0000 rw-p 00000000 00:00 0 
7feaf81a0000-7feaf81a1000 ---p 00000000 00:00 0 
7feaf81a1000-7feaf8ba6000 rw-p 00000000 00:00 0 
7feaf8ba6000-7feaf8be8000 rw-p 00000000 00:00 0 
7feaf8be8000-7feaf8be9000 ---p 00000000 00:00 0 
7feaf8be9000-7feaf8cea000 rw-p 00000000 00:00 0 
7feaf8cea000-7feaf8ceb000 ---p 00000000 00:00 0 
7feaf8ceb000-7feaf97f6000 rw-p 00000000 00:00 0 
7feaf97f6000-7feaf97f7000 ---p 00000000 00:00 0 
7feaf97f7000-7feaf98f8000 rw-p 00000000 00:00 0 
7feaf98f8000-7feaf98f9000 ---p 00000000 00:00 0 
7feaf98f9000-7feaf9b76000 rw-p 00000000 00:00 0 
7feaf9b76000-7feafa0b7000 ---p 00000000 00:00 0 
7feafa0b7000-7feafa0b8000 rw-p 00000000 00:00 0 
7feafa0b8000-7feafa2b8000 ---p 00000000 00:00 0 
7feafa2b8000-7feafa334000 rw-p 00000000 00:00 0 
7feafa334000-7feafa875000 ---p 00000000 00:00 0 
7feafa875000-7feafa876000 rw-p 00000000 00:00 0 
7feafa876000-7feafaa76000 ---p 00000000 00:00 0 
7feafaa76000-7feafaaf2000 rw-p 00000000 00:00 0 
7feafaaf2000-7feafb033000 ---p 00000000 00:00 0 
7feafb033000-7feafb034000 rw-p 00000000 00:00 0 
7feafb034000-7feafb234000 ---p 00000000 00:00 0 
7feafb234000-7feafbc3e000 rw-p 00000000 00:00 0 
7feafbc3e000-7feafbc3f000 ---p 00000000 00:00 0 
7feafbc3f000-7feafbd45000 rw-p 00000000 00:00 0 
7feafbd45000-7feafbe2b000 ---p 00000000 00:00 0 
7feafbe2b000-7feafbe31000 rw-p 00000000 00:00 0 
7feafbe31000-7feafbf16000 ---p 00000000 00:00 0 
7feafbf16000-7feafbf1b000 rw-p 00000000 00:00 0 
7feafbf1b000-7feafbf22000 ---p 00000000 00:00 0 
7feafbf22000-7feafbf25000 r--p 00000000 103:06 3674023                   /lib/x86_64-linux-gnu/libnss_files-2.31.so
7feafbf25000-7feafbf2c000 r-xp 00003000 103:06 3674023                   /lib/x86_64-linux-gnu/libnss_files-2.31.so
7feafbf2c000-7feafbf2e000 r--p 0000a000 103:06 3674023                   /lib/x86_64-linux-gnu/libnss_files-2.31.so
7feafbf2e000-7feafbf2f000 r--p 0000b000 103:06 3674023                   /lib/x86_64-linux-gnu/libnss_files-2.31.so
7feafbf2f000-7feafbf30000 rw-p 0000c000 103:06 3674023                   /lib/x86_64-linux-gnu/libnss_files-2.31.so
7feafbf30000-7feafbf36000 rw-p 00000000 00:00 0 
7feafbf36000-7feafbf3b000 r--p 00000000 103:06 3674009                   /lib/x86_64-linux-gnu/libnsl-2.31.so
7feafbf3b000-7feafbf4b000 r-xp 00005000 103:06 3674009                   /lib/x86_64-linux-gnu/libnsl-2.31.so
7feafbf4b000-7feafbf4f000 r--p 00015000 103:06 3674009                   /lib/x86_64-linux-gnu/libnsl-2.31.so
7feafbf4f000-7feafbf50000 r--p 00018000 103:06 3674009                   /lib/x86_64-linux-gnu/libnsl-2.31.so
7feafbf50000-7feafbf51000 rw-p 00019000 103:06 3674009                   /lib/x86_64-linux-gnu/libnsl-2.31.so
7feafbf51000-7feafbf53000 rw-p 00000000 00:00 0 
7feafbf53000-7feafbf56000 r--p 00000000 103:06 3674031                   /lib/x86_64-linux-gnu/libnss_nis-2.31.so
7feafbf56000-7feafbf5e000 r-xp 00003000 103:06 3674031                   /lib/x86_64-linux-gnu/libnss_nis-2.31.so
7feafbf5e000-7feafbf60000 r--p 0000b000 103:06 3674031                   /lib/x86_64-linux-gnu/libnss_nis-2.31.so
7feafbf60000-7feafbf61000 r--p 0000c000 103:06 3674031                   /lib/x86_64-linux-gnu/libnss_nis-2.31.so
7feafbf61000-7feafbf62000 rw-p 0000d000 103:06 3674031                   /lib/x86_64-linux-gnu/libnss_nis-2.31.so
7feafbf62000-7feafbf64000 r--p 00000000 103:06 3674013                   /lib/x86_64-linux-gnu/libnss_compat-2.31.so
7feafbf64000-7feafbf6b000 r-xp 00002000 103:06 3674013                   /lib/x86_64-linux-gnu/libnss_compat-2.31.so
7feafbf6b000-7feafbf6c000 r--p 00009000 103:06 3674013                   /lib/x86_64-linux-gnu/libnss_compat-2.31.so
7feafbf6c000-7feafbf6d000 r--p 00009000 103:06 3674013                   /lib/x86_64-linux-gnu/libnss_compat-2.31.so
7feafbf6d000-7feafbf6e000 rw-p 0000a000 103:06 3674013                   /lib/x86_64-linux-gnu/libnss_compat-2.31.so
7feafbf76000-7feafbf78000 r--s 0000c000 103:06 3282460                   /usr/share/java/java-atk-wrapper.jar
7feafbf78000-7feafbf7a000 r--p 00000000 103:06 2889068                   /usr/lib/jvm/java-11-openjdk-amd64/lib/libzip.so
7feafbf7a000-7feafbf7e000 r-xp 00002000 103:06 2889068                   /usr/lib/jvm/java-11-openjdk-amd64/lib/libzip.so
7feafbf7e000-7feafbf80000 r--p 00006000 103:06 2889068                   /usr/lib/jvm/java-11-openjdk-amd64/lib/libzip.so
7feafbf80000-7feafbf81000 r--p 00007000 103:06 2889068                   /usr/lib/jvm/java-11-openjdk-amd64/lib/libzip.so
7feafbf81000-7feafbf82000 rw-p 00008000 103:06 2889068                   /usr/lib/jvm/java-11-openjdk-amd64/lib/libzip.so
7feafbf82000-7feafbf8a000 rw-s 00000000 103:06 3809682                   /tmp/hsperfdata_artur/17038
7feafbf8a000-7feafbf8b000 ---p 00000000 00:00 0 
7feafbf8b000-7feafbf8c000 r--p 00000000 00:00 0 
7feafbf8c000-7feafbf9a000 r--p 00000000 103:06 2889047                   /usr/lib/jvm/java-11-openjdk-amd64/lib/libjava.so
7feafbf9a000-7feafbfb0000 r-xp 0000e000 103:06 2889047                   /usr/lib/jvm/java-11-openjdk-amd64/lib/libjava.so
7feafbfb0000-7feafbfb7000 r--p 00024000 103:06 2889047                   /usr/lib/jvm/java-11-openjdk-amd64/lib/libjava.so
7feafbfb7000-7feafbfb8000 r--p 0002a000 103:06 2889047                   /usr/lib/jvm/java-11-openjdk-amd64/lib/libjava.so
7feafbfb8000-7feafbfb9000 rw-p 0002b000 103:06 2889047                   /usr/lib/jvm/java-11-openjdk-amd64/lib/libjava.so
7feafbfb9000-7feafbfba000 rw-p 00000000 00:00 0 
7feafbfba000-7feafbfbd000 r--p 00000000 103:06 3674043                   /lib/x86_64-linux-gnu/librt-2.31.so
7feafbfbd000-7feafbfc1000 r-xp 00003000 103:06 3674043                   /lib/x86_64-linux-gnu/librt-2.31.so
7feafbfc1000-7feafbfc2000 r--p 00007000 103:06 3674043                   /lib/x86_64-linux-gnu/librt-2.31.so
7feafbfc2000-7feafbfc3000 ---p 00008000 103:06 3674043                   /lib/x86_64-linux-gnu/librt-2.31.so
7feafbfc3000-7feafbfc4000 r--p 00008000 103:06 3674043                   /lib/x86_64-linux-gnu/librt-2.31.so
7feafbfc4000-7feafbfc5000 rw-p 00009000 103:06 3674043                   /lib/x86_64-linux-gnu/librt-2.31.so
7feafbfc5000-7feafbfc9000 ---p 00000000 00:00 0 
7feafbfc9000-7feafc0c6000 rw-p 00000000 00:00 0 
7feafc0c6000-7feafc0c9000 r--p 00000000 103:06 3670736                   /lib/x86_64-linux-gnu/libgcc_s.so.1
7feafc0c9000-7feafc0db000 r-xp 00003000 103:06 3670736                   /lib/x86_64-linux-gnu/libgcc_s.so.1
7feafc0db000-7feafc0df000 r--p 00015000 103:06 3670736                   /lib/x86_64-linux-gnu/libgcc_s.so.1
7feafc0df000-7feafc0e0000 r--p 00018000 103:06 3670736                   /lib/x86_64-linux-gnu/libgcc_s.so.1
7feafc0e0000-7feafc0e1000 rw-p 00019000 103:06 3670736                   /lib/x86_64-linux-gnu/libgcc_s.so.1
7feafc0e1000-7feafc0f0000 r--p 00000000 103:06 3673997                   /lib/x86_64-linux-gnu/libm-2.31.so
7feafc0f0000-7feafc197000 r-xp 0000f000 103:06 3673997                   /lib/x86_64-linux-gnu/libm-2.31.so
7feafc197000-7feafc22e000 r--p 000b6000 103:06 3673997                   /lib/x86_64-linux-gnu/libm-2.31.so
7feafc22e000-7feafc22f000 r--p 0014c000 103:06 3673997                   /lib/x86_64-linux-gnu/libm-2.31.so
7feafc22f000-7feafc230000 rw-p 0014d000 103:06 3673997                   /lib/x86_64-linux-gnu/libm-2.31.so
7feafc230000-7feafc2c6000 r--p 00000000 103:06 2883678                   /usr/lib/x86_64-linux-gnu/libstdc++.so.6.0.28
7feafc2c6000-7feafc3b7000 r-xp 00096000 103:06 2883678                   /usr/lib/x86_64-linux-gnu/libstdc++.so.6.0.28
7feafc3b7000-7feafc400000 r--p 00187000 103:06 2883678                   /usr/lib/x86_64-linux-gnu/libstdc++.so.6.0.28
7feafc400000-7feafc401000 ---p 001d0000 103:06 2883678                   /usr/lib/x86_64-linux-gnu/libstdc++.so.6.0.28
7feafc401000-7feafc40c000 r--p 001d0000 103:06 2883678                   /usr/lib/x86_64-linux-gnu/libstdc++.so.6.0.28
7feafc40c000-7feafc40f000 rw-p 001db000 103:06 2883678                   /usr/lib/x86_64-linux-gnu/libstdc++.so.6.0.28
7feafc40f000-7feafc412000 rw-p 00000000 00:00 0 
7feafc412000-7feafc68c000 r--p 00000000 103:06 3801498                   /usr/lib/jvm/java-11-openjdk-amd64/lib/server/libjvm.so
7feafc68c000-7feafd311000 r-xp 0027a000 103:06 3801498                   /usr/lib/jvm/java-11-openjdk-amd64/lib/server/libjvm.so
7feafd311000-7feafd568000 r--p 00eff000 103:06 3801498                   /usr/lib/jvm/java-11-openjdk-amd64/lib/server/libjvm.so
7feafd568000-7feafd629000 r--p 01155000 103:06 3801498                   /usr/lib/jvm/java-11-openjdk-amd64/lib/server/libjvm.so
7feafd629000-7feafd664000 rw-p 01216000 103:06 3801498                   /usr/lib/jvm/java-11-openjdk-amd64/lib/server/libjvm.so
7feafd664000-7feafd6bd000 rw-p 00000000 00:00 0 
7feafd6bd000-7feafd6c4000 r--p 00000000 103:06 3674039                   /lib/x86_64-linux-gnu/libpthread-2.31.so
7feafd6c4000-7feafd6d5000 r-xp 00007000 103:06 3674039                   /lib/x86_64-linux-gnu/libpthread-2.31.so
7feafd6d5000-7feafd6da000 r--p 00018000 103:06 3674039                   /lib/x86_64-linux-gnu/libpthread-2.31.so
7feafd6da000-7feafd6db000 r--p 0001c000 103:06 3674039                   /lib/x86_64-linux-gnu/libpthread-2.31.so
7feafd6db000-7feafd6dc000 rw-p 0001d000 103:06 3674039                   /lib/x86_64-linux-gnu/libpthread-2.31.so
7feafd6dc000-7feafd6e0000 rw-p 00000000 00:00 0 
7feafd6e0000-7feafd6e1000 r--p 00000000 103:06 3673993                   /lib/x86_64-linux-gnu/libdl-2.31.so
7feafd6e1000-7feafd6e3000 r-xp 00001000 103:06 3673993                   /lib/x86_64-linux-gnu/libdl-2.31.so
7feafd6e3000-7feafd6e4000 r--p 00003000 103:06 3673993                   /lib/x86_64-linux-gnu/libdl-2.31.so
7feafd6e4000-7feafd6e5000 r--p 00003000 103:06 3673993                   /lib/x86_64-linux-gnu/libdl-2.31.so
7feafd6e5000-7feafd6e6000 rw-p 00004000 103:06 3673993                   /lib/x86_64-linux-gnu/libdl-2.31.so
7feafd6e6000-7feafd6e8000 r--p 00000000 103:06 3672661                   /lib/x86_64-linux-gnu/libz.so.1.2.11
7feafd6e8000-7feafd6f9000 r-xp 00002000 103:06 3672661                   /lib/x86_64-linux-gnu/libz.so.1.2.11
7feafd6f9000-7feafd6ff000 r--p 00013000 103:06 3672661                   /lib/x86_64-linux-gnu/libz.so.1.2.11
7feafd6ff000-7feafd700000 ---p 00019000 103:06 3672661                   /lib/x86_64-linux-gnu/libz.so.1.2.11
7feafd700000-7feafd701000 r--p 00019000 103:06 3672661                   /lib/x86_64-linux-gnu/libz.so.1.2.11
7feafd701000-7feafd702000 rw-p 0001a000 103:06 3672661                   /lib/x86_64-linux-gnu/libz.so.1.2.11
7feafd702000-7feafd727000 r--p 00000000 103:06 3673989                   /lib/x86_64-linux-gnu/libc-2.31.so
7feafd727000-7feafd89f000 r-xp 00025000 103:06 3673989                   /lib/x86_64-linux-gnu/libc-2.31.so
7feafd89f000-7feafd8e9000 r--p 0019d000 103:06 3673989                   /lib/x86_64-linux-gnu/libc-2.31.so
7feafd8e9000-7feafd8ea000 ---p 001e7000 103:06 3673989                   /lib/x86_64-linux-gnu/libc-2.31.so
7feafd8ea000-7feafd8ed000 r--p 001e7000 103:06 3673989                   /lib/x86_64-linux-gnu/libc-2.31.so
7feafd8ed000-7feafd8f0000 rw-p 001ea000 103:06 3673989                   /lib/x86_64-linux-gnu/libc-2.31.so
7feafd8f0000-7feafd8f4000 rw-p 00000000 00:00 0 
7feafd8f5000-7feafd8f7000 r--p 00000000 103:06 2889051                   /usr/lib/jvm/java-11-openjdk-amd64/lib/libjimage.so
7feafd8f7000-7feafd8fa000 r-xp 00002000 103:06 2889051                   /usr/lib/jvm/java-11-openjdk-amd64/lib/libjimage.so
7feafd8fa000-7feafd8fb000 r--p 00005000 103:06 2889051                   /usr/lib/jvm/java-11-openjdk-amd64/lib/libjimage.so
7feafd8fb000-7feafd8fc000 ---p 00006000 103:06 2889051                   /usr/lib/jvm/java-11-openjdk-amd64/lib/libjimage.so
7feafd8fc000-7feafd8fd000 r--p 00006000 103:06 2889051                   /usr/lib/jvm/java-11-openjdk-amd64/lib/libjimage.so
7feafd8fd000-7feafd8fe000 rw-p 00007000 103:06 2889051                   /usr/lib/jvm/java-11-openjdk-amd64/lib/libjimage.so
7feafd8fe000-7feafd903000 r--p 00000000 103:06 2889067                   /usr/lib/jvm/java-11-openjdk-amd64/lib/libverify.so
7feafd903000-7feafd90a000 r-xp 00005000 103:06 2889067                   /usr/lib/jvm/java-11-openjdk-amd64/lib/libverify.so
7feafd90a000-7feafd90c000 r--p 0000c000 103:06 2889067                   /usr/lib/jvm/java-11-openjdk-amd64/lib/libverify.so
7feafd90c000-7feafd90d000 ---p 0000e000 103:06 2889067                   /usr/lib/jvm/java-11-openjdk-amd64/lib/libverify.so
7feafd90d000-7feafd90f000 r--p 0000e000 103:06 2889067                   /usr/lib/jvm/java-11-openjdk-amd64/lib/libverify.so
7feafd90f000-7feafd910000 rw-p 00010000 103:06 2889067                   /usr/lib/jvm/java-11-openjdk-amd64/lib/libverify.so
7feafd910000-7feafd913000 r--p 00000000 103:06 3674757                   /usr/lib/jvm/java-11-openjdk-amd64/lib/jli/libjli.so
7feafd913000-7feafd91d000 r-xp 00003000 103:06 3674757                   /usr/lib/jvm/java-11-openjdk-amd64/lib/jli/libjli.so
7feafd91d000-7feafd920000 r--p 0000d000 103:06 3674757                   /usr/lib/jvm/java-11-openjdk-amd64/lib/jli/libjli.so
7feafd920000-7feafd921000 ---p 00010000 103:06 3674757                   /usr/lib/jvm/java-11-openjdk-amd64/lib/jli/libjli.so
7feafd921000-7feafd922000 r--p 00010000 103:06 3674757                   /usr/lib/jvm/java-11-openjdk-amd64/lib/jli/libjli.so
7feafd922000-7feafd923000 rw-p 00011000 103:06 3674757                   /usr/lib/jvm/java-11-openjdk-amd64/lib/jli/libjli.so
7feafd923000-7feafd925000 rw-p 00000000 00:00 0 
7feafd925000-7feafd926000 r--p 00000000 103:06 3673973                   /lib/x86_64-linux-gnu/ld-2.31.so
7feafd926000-7feafd949000 r-xp 00001000 103:06 3673973                   /lib/x86_64-linux-gnu/ld-2.31.so
7feafd949000-7feafd951000 r--p 00024000 103:06 3673973                   /lib/x86_64-linux-gnu/ld-2.31.so
7feafd952000-7feafd953000 r--p 0002c000 103:06 3673973                   /lib/x86_64-linux-gnu/ld-2.31.so
7feafd953000-7feafd954000 rw-p 0002d000 103:06 3673973                   /lib/x86_64-linux-gnu/ld-2.31.so
7feafd954000-7feafd955000 rw-p 00000000 00:00 0 
7ffdcf0f5000-7ffdcf117000 rw-p 00000000 00:00 0                          [stack]
7ffdcf1c8000-7ffdcf1cb000 r--p 00000000 00:00 0                          [vvar]
7ffdcf1cb000-7ffdcf1cc000 r-xp 00000000 00:00 0                          [vdso]
ffffffffff600000-ffffffffff601000 --xp 00000000 00:00 0                  [vsyscall]


VM Arguments:
jvm_args: -Dclassworlds.conf=/usr/share/maven/bin/m2.conf -Dmaven.home=/usr/share/maven -Dlibrary.jansi.path=/usr/share/maven/lib/jansi-native -Dmaven.multiModuleProjectDirectory=/home/artur/Desktop/3ano/IES/medical-management-system/Project/medmanagesystem 
java_command: org.codehaus.plexus.classworlds.launcher.Launcher clean package
java_class_path (initial): /usr/share/maven/boot/plexus-classworlds-2.x.jar
Launcher Type: SUN_STANDARD

[Global flags]
     intx CICompilerCount                          = 4                                         {product} {ergonomic}
     uint ConcGCThreads                            = 3                                         {product} {ergonomic}
     uint G1ConcRefinementThreads                  = 10                                        {product} {ergonomic}
   size_t G1HeapRegionSize                         = 1048576                                   {product} {ergonomic}
    uintx GCDrainStackTargetSize                   = 64                                        {product} {ergonomic}
   size_t InitialHeapSize                          = 260046848                                 {product} {ergonomic}
   size_t MarkStackSize                            = 4194304                                   {product} {ergonomic}
   size_t MaxHeapSize                              = 4156555264                                {product} {ergonomic}
   size_t MaxNewSize                               = 2493513728                                {product} {ergonomic}
   size_t MinHeapDeltaBytes                        = 1048576                                   {product} {ergonomic}
    uintx NonNMethodCodeHeapSize                   = 5836300                                {pd product} {ergonomic}
    uintx NonProfiledCodeHeapSize                  = 122910970                              {pd product} {ergonomic}
    uintx ProfiledCodeHeapSize                     = 122910970                              {pd product} {ergonomic}
    uintx ReservedCodeCacheSize                    = 251658240                              {pd product} {ergonomic}
     bool SegmentedCodeCache                       = true                                      {product} {ergonomic}
     bool UseCompressedClassPointers               = true                                 {lp64_product} {ergonomic}
     bool UseCompressedOops                        = true                                 {lp64_product} {ergonomic}
     bool UseG1GC                                  = true                                      {product} {ergonomic}

Logging:
Log output configuration:
 #0: stdout all=warning uptime,level,tags
 #1: stderr all=off uptime,level,tags

Environment Variables:
JAVA_HOME=/usr/lib/jvm/java-11-openjdk-amd64
CLASSPATH=.:/usr/local/lib/antlr-4.9.2-complete.jar:/usr/local/lib/ST-4.3.1.jar:
PATH=/home/artur/.nvm/versions/node/v14.17.0/bin:/home/artur/.local/bin:/usr/local/sbin:/usr/local/bin:/usr/sbin:/usr/bin:/sbin:/bin:/usr/games:/usr/local/games:/snap/bin:/usr/lib/jvm/java-16-oracle/bin:/usr/lib/jvm/java-16-oracle/db/bin:/opt/bin:.:
USERNAME=artur
SHELL=/bin/bash
DISPLAY=:0
LANG=en_US.UTF-8
LC_CTYPE=pt_PT.UTF-8

Signal Handlers:
SIGSEGV: [libjvm.so+0xe8ba00], sa_mask[0]=11111111011111111101111111111110, sa_flags=SA_RESTART|SA_SIGINFO
SIGBUS: [libjvm.so+0xe8ba00], sa_mask[0]=11111111011111111101111111111110, sa_flags=SA_RESTART|SA_SIGINFO
SIGFPE: [libjvm.so+0xe8ba00], sa_mask[0]=11111111011111111101111111111110, sa_flags=SA_RESTART|SA_SIGINFO
SIGPIPE: [libjvm.so+0xbd10f0], sa_mask[0]=11111111011111111101111111111110, sa_flags=SA_RESTART|SA_SIGINFO
SIGXFSZ: [libjvm.so+0xbd10f0], sa_mask[0]=11111111011111111101111111111110, sa_flags=SA_RESTART|SA_SIGINFO
SIGILL: [libjvm.so+0xe8ba00], sa_mask[0]=11111111011111111101111111111110, sa_flags=SA_RESTART|SA_SIGINFO
SIGUSR2: [libjvm.so+0xbd0f90], sa_mask[0]=00000000000000000000000000000000, sa_flags=SA_RESTART|SA_SIGINFO
SIGHUP: [libjvm.so+0xbd1430], sa_mask[0]=11111111011111111101111111111110, sa_flags=SA_RESTART|SA_SIGINFO
SIGINT: [libjvm.so+0xbd1430], sa_mask[0]=11111111011111111101111111111110, sa_flags=SA_RESTART|SA_SIGINFO
SIGTERM: [libjvm.so+0xbd1430], sa_mask[0]=11111111011111111101111111111110, sa_flags=SA_RESTART|SA_SIGINFO
SIGQUIT: [libjvm.so+0xbd1430], sa_mask[0]=11111111011111111101111111111110, sa_flags=SA_RESTART|SA_SIGINFO


---------------  S Y S T E M  ---------------

OS:DISTRIB_ID=Ubuntu
DISTRIB_RELEASE=20.04
DISTRIB_CODENAME=focal
DISTRIB_DESCRIPTION="Ubuntu 20.04.3 LTS"
uname:Linux 5.4.0-90-generic #101-Ubuntu SMP Fri Oct 15 20:00:55 UTC 2021 x86_64
OS uptime: 0 days 0:17 hours
libc:glibc 2.31 NPTL 2.31 
rlimit (soft/hard): STACK 8192k/infinity , CORE 0k/infinity , NPROC 63176/63176 , NOFILE 1048576/1048576 , AS infinity/infinity , CPU infinity/infinity , DATA infinity/infinity , FSIZE infinity/infinity , MEMLOCK 65536k/65536k
load average:1,09 1,27 0,86

/proc/meminfo:
MemTotal:       16235992 kB
MemFree:         4171184 kB
MemAvailable:    8794544 kB
Buffers:          603736 kB
Cached:          4612716 kB
SwapCached:            0 kB
Active:          8330496 kB
Inactive:        2576640 kB
Active(anon):    6050800 kB
Inactive(anon):   223548 kB
Active(file):    2279696 kB
Inactive(file):  2353092 kB
Unevictable:      352400 kB
Mlocked:              96 kB
SwapTotal:       2097148 kB
SwapFree:        2097148 kB
Dirty:              4372 kB
Writeback:             0 kB
AnonPages:       6043324 kB
Mapped:          1495912 kB
Shmem:            586008 kB
KReclaimable:     332624 kB
Slab:             604644 kB
SReclaimable:     332624 kB
SUnreclaim:       272020 kB
KernelStack:       27792 kB
PageTables:        61684 kB
NFS_Unstable:          0 kB
Bounce:                0 kB
WritebackTmp:          0 kB
CommitLimit:    10215144 kB
Committed_AS:   20784504 kB
VmallocTotal:   34359738367 kB
VmallocUsed:       53136 kB
VmallocChunk:          0 kB
Percpu:            17088 kB
HardwareCorrupted:     0 kB
AnonHugePages:         0 kB
ShmemHugePages:        0 kB
ShmemPmdMapped:        0 kB
FileHugePages:         0 kB
FilePmdMapped:         0 kB
CmaTotal:              0 kB
CmaFree:               0 kB
HugePages_Total:       0
HugePages_Free:        0
HugePages_Rsvd:        0
HugePages_Surp:        0
Hugepagesize:       2048 kB
Hugetlb:               0 kB
DirectMap4k:      504416 kB
DirectMap2M:    11919360 kB
DirectMap1G:     4194304 kB

/sys/kernel/mm/transparent_hugepage/enabled:
always [madvise] never
/sys/kernel/mm/transparent_hugepage/defrag (defrag/compaction efforts parameter):
always defer defer+madvise [madvise] never

Process Memory:
Virtual Size: 7290788K (peak: 15578864K)
Resident Set Size: 98924K (peak: 98924K) (anon: 71152K, file: 27772K, shmem: 0K)
Swapped out: 0K
C-Heap outstanding allocations: 21089K

/proc/sys/kernel/threads-max (system-wide limit on the number of threads):
126352
/proc/sys/vm/max_map_count (maximum number of memory map areas a process may have):
1048575
/proc/sys/kernel/pid_max (system-wide limit on number of process identifiers):
4194304

container (cgroup) information:
container_type: cgroupv1
cpu_cpuset_cpus: 0-11
cpu_memory_nodes: 0
active_processor_count: 12
cpu_quota: -1
cpu_period: 100000
cpu_shares: -1
memory_limit_in_bytes: -1
memory_and_swap_limit_in_bytes: -2
memory_soft_limit_in_bytes: -1
memory_usage_in_bytes: 8039628800
memory_max_usage_in_bytes: 8402092032

Steal ticks since vm start: 0
Steal ticks percentage since vm start:  0,000

CPU:total 12 (initial active 12) (6 cores per cpu, 2 threads per core) family 6 model 158 stepping 13 microcode 0xea, cmov, cx8, fxsr, mmx, sse, sse2, sse3, ssse3, sse4.1, sse4.2, popcnt, avx, avx2, aes, clmul, erms, 3dnowpref, lzcnt, ht, tsc, tscinvbit, bmi1, bmi2, adx, fma
CPU Model and flags from /proc/cpuinfo:
model name	: Intel(R) Core(TM) i7-9750H CPU @ 2.60GHz
flags		: fpu vme de pse tsc msr pae mce cx8 apic sep mtrr pge mca cmov pat pse36 clflush dts acpi mmx fxsr sse sse2 ss ht tm pbe syscall nx pdpe1gb rdtscp lm constant_tsc art arch_perfmon pebs bts rep_good nopl xtopology nonstop_tsc cpuid aperfmperf pni pclmulqdq dtes64 monitor ds_cpl vmx est tm2 ssse3 sdbg fma cx16 xtpr pdcm pcid sse4_1 sse4_2 x2apic movbe popcnt tsc_deadline_timer aes xsave avx f16c rdrand lahf_lm abm 3dnowprefetch cpuid_fault epb invpcid_single ssbd ibrs ibpb stibp ibrs_enhanced tpr_shadow vnmi flexpriority ept vpid ept_ad fsgsbase tsc_adjust bmi1 avx2 smep bmi2 erms invpcid mpx rdseed adx smap clflushopt intel_pt xsaveopt xsavec xgetbv1 xsaves dtherm ida arat pln pts hwp hwp_notify hwp_act_window hwp_epp md_clear flush_l1d arch_capabilities
Online cpus:
0-11
Offline cpus:

BIOS frequency limitation:
<Not Available>
Frequency switch latency (ns):
0
Available cpu frequencies:
<Not Available>
Current governor:
powersave
Core performance/turbo boost:
<Not Available>

Memory: 4k page, physical 16235992k(4171184k free), swap 2097148k(2097148k free)

vm_info: OpenJDK 64-Bit Server VM (11.0.11+9-Ubuntu-0ubuntu2.20.04) for linux-amd64 JRE (11.0.11+9-Ubuntu-0ubuntu2.20.04), built on Apr 21 2021 09:15:32 by "unknown" with gcc 9.3.0

END.
